--2022-05-01 00:00:01--  https://files.cloudgdansk.pl/d/otwarte-dane/ztm/bsk.json
Resolving files.cloudgdansk.pl (files.cloudgdansk.pl)... 153.19.238.147
Connecting to files.cloudgdansk.pl (files.cloudgdansk.pl)|153.19.238.147|:443... connected.
HTTP request sent, awaiting response... 200 OK
Length: 60 [text/plain]
Saving to: ‘/root/process_mining/announcements/data/01_05_2022/ann01.05.2022-00-00-01.json’

     0K                                                       100% 10.0M=0s

2022-05-01 00:00:01 (10.0 MB/s) - ‘/root/process_mining/announcements/data/01_05_2022/ann01.05.2022-00-00-01.json’ saved [60/60]

--2022-05-01 00:10:01--  https://files.cloudgdansk.pl/d/otwarte-dane/ztm/bsk.json
Resolving files.cloudgdansk.pl (files.cloudgdansk.pl)... 153.19.238.147
Connecting to files.cloudgdansk.pl (files.cloudgdansk.pl)|153.19.238.147|:443... connected.
HTTP request sent, awaiting response... 200 OK
Length: 60 [text/plain]
Saving to: ‘/root/process_mining/announcements/data/01_05_2022/ann01.05.2022-00-10-01.json’

     0K                                                       100% 12.4M=0s

2022-05-01 00:10:02 (12.4 MB/s) - ‘/root/process_mining/announcements/data/01_05_2022/ann01.05.2022-00-10-01.json’ saved [60/60]

--2022-05-01 00:20:01--  https://files.cloudgdansk.pl/d/otwarte-dane/ztm/bsk.json
Resolving files.cloudgdansk.pl (files.cloudgdansk.pl)... 153.19.238.147
Connecting to files.cloudgdansk.pl (files.cloudgdansk.pl)|153.19.238.147|:443... connected.
HTTP request sent, awaiting response... 200 OK
Length: 60 [text/plain]
Saving to: ‘/root/process_mining/announcements/data/01_05_2022/ann01.05.2022-00-20-01.json’

     0K                                                       100% 12.9M=0s

2022-05-01 00:20:02 (12.9 MB/s) - ‘/root/process_mining/announcements/data/01_05_2022/ann01.05.2022-00-20-01.json’ saved [60/60]

--2022-05-01 00:30:01--  https://files.cloudgdansk.pl/d/otwarte-dane/ztm/bsk.json
Resolving files.cloudgdansk.pl (files.cloudgdansk.pl)... 153.19.238.147
Connecting to files.cloudgdansk.pl (files.cloudgdansk.pl)|153.19.238.147|:443... connected.
HTTP request sent, awaiting response... 200 OK
Length: 60 [text/plain]
Saving to: ‘/root/process_mining/announcements/data/01_05_2022/ann01.05.2022-00-30-01.json’

     0K                                                       100% 11.6M=0s

2022-05-01 00:30:01 (11.6 MB/s) - ‘/root/process_mining/announcements/data/01_05_2022/ann01.05.2022-00-30-01.json’ saved [60/60]

--2022-05-01 00:40:01--  https://files.cloudgdansk.pl/d/otwarte-dane/ztm/bsk.json
Resolving files.cloudgdansk.pl (files.cloudgdansk.pl)... 153.19.238.147
Connecting to files.cloudgdansk.pl (files.cloudgdansk.pl)|153.19.238.147|:443... connected.
HTTP request sent, awaiting response... 200 OK
Length: 60 [text/plain]
Saving to: ‘/root/process_mining/announcements/data/01_05_2022/ann01.05.2022-00-40-01.json’

     0K                                                       100% 12.6M=0s

2022-05-01 00:40:02 (12.6 MB/s) - ‘/root/process_mining/announcements/data/01_05_2022/ann01.05.2022-00-40-01.json’ saved [60/60]

--2022-05-01 00:50:01--  https://files.cloudgdansk.pl/d/otwarte-dane/ztm/bsk.json
Resolving files.cloudgdansk.pl (files.cloudgdansk.pl)... 153.19.238.147
Connecting to files.cloudgdansk.pl (files.cloudgdansk.pl)|153.19.238.147|:443... connected.
HTTP request sent, awaiting response... 200 OK
Length: 60 [text/plain]
Saving to: ‘/root/process_mining/announcements/data/01_05_2022/ann01.05.2022-00-50-01.json’

     0K                                                       100% 12.3M=0s

2022-05-01 00:50:02 (12.3 MB/s) - ‘/root/process_mining/announcements/data/01_05_2022/ann01.05.2022-00-50-01.json’ saved [60/60]

--2022-05-01 01:00:01--  https://files.cloudgdansk.pl/d/otwarte-dane/ztm/bsk.json
Resolving files.cloudgdansk.pl (files.cloudgdansk.pl)... 153.19.238.147
Connecting to files.cloudgdansk.pl (files.cloudgdansk.pl)|153.19.238.147|:443... connected.
HTTP request sent, awaiting response... 200 OK
Length: 60 [text/plain]
Saving to: ‘/root/process_mining/announcements/data/01_05_2022/ann01.05.2022-01-00-01.json’

     0K                                                       100% 10.9M=0s

2022-05-01 01:00:01 (10.9 MB/s) - ‘/root/process_mining/announcements/data/01_05_2022/ann01.05.2022-01-00-01.json’ saved [60/60]

--2022-05-01 01:10:01--  https://files.cloudgdansk.pl/d/otwarte-dane/ztm/bsk.json
Resolving files.cloudgdansk.pl (files.cloudgdansk.pl)... 153.19.238.147
Connecting to files.cloudgdansk.pl (files.cloudgdansk.pl)|153.19.238.147|:443... connected.
HTTP request sent, awaiting response... 200 OK
Length: 60 [text/plain]
Saving to: ‘/root/process_mining/announcements/data/01_05_2022/ann01.05.2022-01-10-01.json’

     0K                                                       100% 12.1M=0s

2022-05-01 01:10:02 (12.1 MB/s) - ‘/root/process_mining/announcements/data/01_05_2022/ann01.05.2022-01-10-01.json’ saved [60/60]

--2022-05-01 01:20:01--  https://files.cloudgdansk.pl/d/otwarte-dane/ztm/bsk.json
Resolving files.cloudgdansk.pl (files.cloudgdansk.pl)... 153.19.238.147
Connecting to files.cloudgdansk.pl (files.cloudgdansk.pl)|153.19.238.147|:443... connected.
HTTP request sent, awaiting response... 200 OK
Length: 60 [text/plain]
Saving to: ‘/root/process_mining/announcements/data/01_05_2022/ann01.05.2022-01-20-01.json’

     0K                                                       100% 12.5M=0s

2022-05-01 01:20:01 (12.5 MB/s) - ‘/root/process_mining/announcements/data/01_05_2022/ann01.05.2022-01-20-01.json’ saved [60/60]

--2022-05-01 01:30:01--  https://files.cloudgdansk.pl/d/otwarte-dane/ztm/bsk.json
Resolving files.cloudgdansk.pl (files.cloudgdansk.pl)... 153.19.238.147
Connecting to files.cloudgdansk.pl (files.cloudgdansk.pl)|153.19.238.147|:443... connected.
HTTP request sent, awaiting response... 200 OK
Length: 60 [text/plain]
Saving to: ‘/root/process_mining/announcements/data/01_05_2022/ann01.05.2022-01-30-01.json’

     0K                                                       100% 11.8M=0s

2022-05-01 01:30:01 (11.8 MB/s) - ‘/root/process_mining/announcements/data/01_05_2022/ann01.05.2022-01-30-01.json’ saved [60/60]

--2022-05-01 01:40:01--  https://files.cloudgdansk.pl/d/otwarte-dane/ztm/bsk.json
Resolving files.cloudgdansk.pl (files.cloudgdansk.pl)... 153.19.238.147
Connecting to files.cloudgdansk.pl (files.cloudgdansk.pl)|153.19.238.147|:443... connected.
HTTP request sent, awaiting response... 200 OK
Length: 60 [text/plain]
Saving to: ‘/root/process_mining/announcements/data/01_05_2022/ann01.05.2022-01-40-01.json’

     0K                                                       100% 12.0M=0s

2022-05-01 01:40:01 (12.0 MB/s) - ‘/root/process_mining/announcements/data/01_05_2022/ann01.05.2022-01-40-01.json’ saved [60/60]

--2022-05-01 01:50:01--  https://files.cloudgdansk.pl/d/otwarte-dane/ztm/bsk.json
Resolving files.cloudgdansk.pl (files.cloudgdansk.pl)... 153.19.238.147
Connecting to files.cloudgdansk.pl (files.cloudgdansk.pl)|153.19.238.147|:443... connected.
HTTP request sent, awaiting response... 200 OK
Length: 60 [text/plain]
Saving to: ‘/root/process_mining/announcements/data/01_05_2022/ann01.05.2022-01-50-01.json’

     0K                                                       100% 11.7M=0s

2022-05-01 01:50:01 (11.7 MB/s) - ‘/root/process_mining/announcements/data/01_05_2022/ann01.05.2022-01-50-01.json’ saved [60/60]

--2022-05-01 02:00:01--  https://files.cloudgdansk.pl/d/otwarte-dane/ztm/bsk.json
Resolving files.cloudgdansk.pl (files.cloudgdansk.pl)... 153.19.238.147
Connecting to files.cloudgdansk.pl (files.cloudgdansk.pl)|153.19.238.147|:443... connected.
HTTP request sent, awaiting response... 200 OK
Length: 60 [text/plain]
Saving to: ‘/root/process_mining/announcements/data/01_05_2022/ann01.05.2022-02-00-01.json’

     0K                                                       100% 11.1M=0s

2022-05-01 02:00:01 (11.1 MB/s) - ‘/root/process_mining/announcements/data/01_05_2022/ann01.05.2022-02-00-01.json’ saved [60/60]

--2022-05-01 02:10:01--  https://files.cloudgdansk.pl/d/otwarte-dane/ztm/bsk.json
Resolving files.cloudgdansk.pl (files.cloudgdansk.pl)... 153.19.238.147
Connecting to files.cloudgdansk.pl (files.cloudgdansk.pl)|153.19.238.147|:443... connected.
HTTP request sent, awaiting response... 200 OK
Length: 60 [text/plain]
Saving to: ‘/root/process_mining/announcements/data/01_05_2022/ann01.05.2022-02-10-01.json’

     0K                                                       100% 12.1M=0s

2022-05-01 02:10:02 (12.1 MB/s) - ‘/root/process_mining/announcements/data/01_05_2022/ann01.05.2022-02-10-01.json’ saved [60/60]

--2022-05-01 02:20:01--  https://files.cloudgdansk.pl/d/otwarte-dane/ztm/bsk.json
Resolving files.cloudgdansk.pl (files.cloudgdansk.pl)... 153.19.238.147
Connecting to files.cloudgdansk.pl (files.cloudgdansk.pl)|153.19.238.147|:443... connected.
HTTP request sent, awaiting response... 200 OK
Length: 60 [text/plain]
Saving to: ‘/root/process_mining/announcements/data/01_05_2022/ann01.05.2022-02-20-01.json’

     0K                                                       100% 11.3M=0s

2022-05-01 02:20:01 (11.3 MB/s) - ‘/root/process_mining/announcements/data/01_05_2022/ann01.05.2022-02-20-01.json’ saved [60/60]

--2022-05-01 02:30:01--  https://files.cloudgdansk.pl/d/otwarte-dane/ztm/bsk.json
Resolving files.cloudgdansk.pl (files.cloudgdansk.pl)... 153.19.238.147
Connecting to files.cloudgdansk.pl (files.cloudgdansk.pl)|153.19.238.147|:443... connected.
HTTP request sent, awaiting response... 200 OK
Length: 60 [text/plain]
Saving to: ‘/root/process_mining/announcements/data/01_05_2022/ann01.05.2022-02-30-01.json’

     0K                                                       100% 12.1M=0s

2022-05-01 02:30:02 (12.1 MB/s) - ‘/root/process_mining/announcements/data/01_05_2022/ann01.05.2022-02-30-01.json’ saved [60/60]

--2022-05-01 02:40:01--  https://files.cloudgdansk.pl/d/otwarte-dane/ztm/bsk.json
Resolving files.cloudgdansk.pl (files.cloudgdansk.pl)... 153.19.238.147
Connecting to files.cloudgdansk.pl (files.cloudgdansk.pl)|153.19.238.147|:443... connected.
HTTP request sent, awaiting response... 200 OK
Length: 60 [text/plain]
Saving to: ‘/root/process_mining/announcements/data/01_05_2022/ann01.05.2022-02-40-01.json’

     0K                                                       100% 13.0M=0s

2022-05-01 02:40:01 (13.0 MB/s) - ‘/root/process_mining/announcements/data/01_05_2022/ann01.05.2022-02-40-01.json’ saved [60/60]

--2022-05-01 02:50:01--  https://files.cloudgdansk.pl/d/otwarte-dane/ztm/bsk.json
Resolving files.cloudgdansk.pl (files.cloudgdansk.pl)... 153.19.238.147
Connecting to files.cloudgdansk.pl (files.cloudgdansk.pl)|153.19.238.147|:443... connected.
HTTP request sent, awaiting response... 200 OK
Length: 60 [text/plain]
Saving to: ‘/root/process_mining/announcements/data/01_05_2022/ann01.05.2022-02-50-01.json’

     0K                                                       100% 11.3M=0s

2022-05-01 02:50:02 (11.3 MB/s) - ‘/root/process_mining/announcements/data/01_05_2022/ann01.05.2022-02-50-01.json’ saved [60/60]

--2022-05-01 03:00:01--  https://files.cloudgdansk.pl/d/otwarte-dane/ztm/bsk.json
Resolving files.cloudgdansk.pl (files.cloudgdansk.pl)... 153.19.238.147
Connecting to files.cloudgdansk.pl (files.cloudgdansk.pl)|153.19.238.147|:443... connected.
HTTP request sent, awaiting response... 200 OK
Length: 60 [text/plain]
Saving to: ‘/root/process_mining/announcements/data/01_05_2022/ann01.05.2022-03-00-01.json’

     0K                                                       100% 11.8M=0s

2022-05-01 03:00:02 (11.8 MB/s) - ‘/root/process_mining/announcements/data/01_05_2022/ann01.05.2022-03-00-01.json’ saved [60/60]

--2022-05-01 03:10:01--  https://files.cloudgdansk.pl/d/otwarte-dane/ztm/bsk.json
Resolving files.cloudgdansk.pl (files.cloudgdansk.pl)... 153.19.238.147
Connecting to files.cloudgdansk.pl (files.cloudgdansk.pl)|153.19.238.147|:443... connected.
HTTP request sent, awaiting response... 200 OK
Length: 60 [text/plain]
Saving to: ‘/root/process_mining/announcements/data/01_05_2022/ann01.05.2022-03-10-01.json’

     0K                                                       100% 12.4M=0s

2022-05-01 03:10:02 (12.4 MB/s) - ‘/root/process_mining/announcements/data/01_05_2022/ann01.05.2022-03-10-01.json’ saved [60/60]

--2022-05-01 03:20:01--  https://files.cloudgdansk.pl/d/otwarte-dane/ztm/bsk.json
Resolving files.cloudgdansk.pl (files.cloudgdansk.pl)... 153.19.238.147
Connecting to files.cloudgdansk.pl (files.cloudgdansk.pl)|153.19.238.147|:443... connected.
HTTP request sent, awaiting response... 200 OK
Length: 60 [text/plain]
Saving to: ‘/root/process_mining/announcements/data/01_05_2022/ann01.05.2022-03-20-01.json’

     0K                                                       100% 12.1M=0s

2022-05-01 03:20:01 (12.1 MB/s) - ‘/root/process_mining/announcements/data/01_05_2022/ann01.05.2022-03-20-01.json’ saved [60/60]

--2022-05-01 03:30:01--  https://files.cloudgdansk.pl/d/otwarte-dane/ztm/bsk.json
Resolving files.cloudgdansk.pl (files.cloudgdansk.pl)... 153.19.238.147
Connecting to files.cloudgdansk.pl (files.cloudgdansk.pl)|153.19.238.147|:443... connected.
HTTP request sent, awaiting response... 200 OK
Length: 60 [text/plain]
Saving to: ‘/root/process_mining/announcements/data/01_05_2022/ann01.05.2022-03-30-01.json’

     0K                                                       100% 12.2M=0s

2022-05-01 03:30:01 (12.2 MB/s) - ‘/root/process_mining/announcements/data/01_05_2022/ann01.05.2022-03-30-01.json’ saved [60/60]

--2022-05-01 03:40:01--  https://files.cloudgdansk.pl/d/otwarte-dane/ztm/bsk.json
Resolving files.cloudgdansk.pl (files.cloudgdansk.pl)... 153.19.238.147
Connecting to files.cloudgdansk.pl (files.cloudgdansk.pl)|153.19.238.147|:443... connected.
HTTP request sent, awaiting response... 200 OK
Length: 60 [text/plain]
Saving to: ‘/root/process_mining/announcements/data/01_05_2022/ann01.05.2022-03-40-01.json’

     0K                                                       100% 11.7M=0s

2022-05-01 03:40:01 (11.7 MB/s) - ‘/root/process_mining/announcements/data/01_05_2022/ann01.05.2022-03-40-01.json’ saved [60/60]

--2022-05-01 03:50:01--  https://files.cloudgdansk.pl/d/otwarte-dane/ztm/bsk.json
Resolving files.cloudgdansk.pl (files.cloudgdansk.pl)... 153.19.238.147
Connecting to files.cloudgdansk.pl (files.cloudgdansk.pl)|153.19.238.147|:443... connected.
HTTP request sent, awaiting response... 200 OK
Length: 60 [text/plain]
Saving to: ‘/root/process_mining/announcements/data/01_05_2022/ann01.05.2022-03-50-01.json’

     0K                                                       100% 11.1M=0s

2022-05-01 03:50:02 (11.1 MB/s) - ‘/root/process_mining/announcements/data/01_05_2022/ann01.05.2022-03-50-01.json’ saved [60/60]

--2022-05-01 04:00:01--  https://files.cloudgdansk.pl/d/otwarte-dane/ztm/bsk.json
Resolving files.cloudgdansk.pl (files.cloudgdansk.pl)... 153.19.238.147
Connecting to files.cloudgdansk.pl (files.cloudgdansk.pl)|153.19.238.147|:443... connected.
HTTP request sent, awaiting response... 200 OK
Length: 60 [text/plain]
Saving to: ‘/root/process_mining/announcements/data/01_05_2022/ann01.05.2022-04-00-01.json’

     0K                                                       100% 11.4M=0s

2022-05-01 04:00:02 (11.4 MB/s) - ‘/root/process_mining/announcements/data/01_05_2022/ann01.05.2022-04-00-01.json’ saved [60/60]

--2022-05-01 04:10:01--  https://files.cloudgdansk.pl/d/otwarte-dane/ztm/bsk.json
Resolving files.cloudgdansk.pl (files.cloudgdansk.pl)... 153.19.238.147
Connecting to files.cloudgdansk.pl (files.cloudgdansk.pl)|153.19.238.147|:443... connected.
HTTP request sent, awaiting response... 200 OK
Length: 60 [text/plain]
Saving to: ‘/root/process_mining/announcements/data/01_05_2022/ann01.05.2022-04-10-01.json’

     0K                                                       100% 12.2M=0s

2022-05-01 04:10:01 (12.2 MB/s) - ‘/root/process_mining/announcements/data/01_05_2022/ann01.05.2022-04-10-01.json’ saved [60/60]

--2022-05-01 04:20:01--  https://files.cloudgdansk.pl/d/otwarte-dane/ztm/bsk.json
Resolving files.cloudgdansk.pl (files.cloudgdansk.pl)... 153.19.238.147
Connecting to files.cloudgdansk.pl (files.cloudgdansk.pl)|153.19.238.147|:443... connected.
HTTP request sent, awaiting response... 200 OK
Length: 60 [text/plain]
Saving to: ‘/root/process_mining/announcements/data/01_05_2022/ann01.05.2022-04-20-01.json’

     0K                                                       100% 12.0M=0s

2022-05-01 04:20:01 (12.0 MB/s) - ‘/root/process_mining/announcements/data/01_05_2022/ann01.05.2022-04-20-01.json’ saved [60/60]

--2022-05-01 04:30:01--  https://files.cloudgdansk.pl/d/otwarte-dane/ztm/bsk.json
Resolving files.cloudgdansk.pl (files.cloudgdansk.pl)... 153.19.238.147
Connecting to files.cloudgdansk.pl (files.cloudgdansk.pl)|153.19.238.147|:443... connected.
HTTP request sent, awaiting response... 200 OK
Length: 60 [text/plain]
Saving to: ‘/root/process_mining/announcements/data/01_05_2022/ann01.05.2022-04-30-01.json’

     0K                                                       100% 12.3M=0s

2022-05-01 04:30:02 (12.3 MB/s) - ‘/root/process_mining/announcements/data/01_05_2022/ann01.05.2022-04-30-01.json’ saved [60/60]

--2022-05-01 04:40:01--  https://files.cloudgdansk.pl/d/otwarte-dane/ztm/bsk.json
Resolving files.cloudgdansk.pl (files.cloudgdansk.pl)... 153.19.238.147
Connecting to files.cloudgdansk.pl (files.cloudgdansk.pl)|153.19.238.147|:443... connected.
HTTP request sent, awaiting response... 200 OK
Length: 60 [text/plain]
Saving to: ‘/root/process_mining/announcements/data/01_05_2022/ann01.05.2022-04-40-01.json’

     0K                                                       100% 11.7M=0s

2022-05-01 04:40:02 (11.7 MB/s) - ‘/root/process_mining/announcements/data/01_05_2022/ann01.05.2022-04-40-01.json’ saved [60/60]

--2022-05-01 04:50:01--  https://files.cloudgdansk.pl/d/otwarte-dane/ztm/bsk.json
Resolving files.cloudgdansk.pl (files.cloudgdansk.pl)... 153.19.238.147
Connecting to files.cloudgdansk.pl (files.cloudgdansk.pl)|153.19.238.147|:443... connected.
HTTP request sent, awaiting response... 200 OK
Length: 60 [text/plain]
Saving to: ‘/root/process_mining/announcements/data/01_05_2022/ann01.05.2022-04-50-01.json’

     0K                                                       100% 12.3M=0s

2022-05-01 04:50:02 (12.3 MB/s) - ‘/root/process_mining/announcements/data/01_05_2022/ann01.05.2022-04-50-01.json’ saved [60/60]

--2022-05-01 05:00:01--  https://files.cloudgdansk.pl/d/otwarte-dane/ztm/bsk.json
Resolving files.cloudgdansk.pl (files.cloudgdansk.pl)... 153.19.238.147
Connecting to files.cloudgdansk.pl (files.cloudgdansk.pl)|153.19.238.147|:443... connected.
HTTP request sent, awaiting response... 200 OK
Length: 60 [text/plain]
Saving to: ‘/root/process_mining/announcements/data/01_05_2022/ann01.05.2022-05-00-01.json’

     0K                                                       100% 10.9M=0s

2022-05-01 05:00:02 (10.9 MB/s) - ‘/root/process_mining/announcements/data/01_05_2022/ann01.05.2022-05-00-01.json’ saved [60/60]

--2022-05-01 05:10:01--  https://files.cloudgdansk.pl/d/otwarte-dane/ztm/bsk.json
Resolving files.cloudgdansk.pl (files.cloudgdansk.pl)... 153.19.238.147
Connecting to files.cloudgdansk.pl (files.cloudgdansk.pl)|153.19.238.147|:443... connected.
HTTP request sent, awaiting response... 200 OK
Length: 60 [text/plain]
Saving to: ‘/root/process_mining/announcements/data/01_05_2022/ann01.05.2022-05-10-01.json’

     0K                                                       100% 11.7M=0s

2022-05-01 05:10:02 (11.7 MB/s) - ‘/root/process_mining/announcements/data/01_05_2022/ann01.05.2022-05-10-01.json’ saved [60/60]

--2022-05-01 05:20:01--  https://files.cloudgdansk.pl/d/otwarte-dane/ztm/bsk.json
Resolving files.cloudgdansk.pl (files.cloudgdansk.pl)... 153.19.238.147
Connecting to files.cloudgdansk.pl (files.cloudgdansk.pl)|153.19.238.147|:443... connected.
HTTP request sent, awaiting response... 200 OK
Length: 60 [text/plain]
Saving to: ‘/root/process_mining/announcements/data/01_05_2022/ann01.05.2022-05-20-01.json’

     0K                                                       100% 10.2M=0s

2022-05-01 05:20:02 (10.2 MB/s) - ‘/root/process_mining/announcements/data/01_05_2022/ann01.05.2022-05-20-01.json’ saved [60/60]

--2022-05-01 05:30:01--  https://files.cloudgdansk.pl/d/otwarte-dane/ztm/bsk.json
Resolving files.cloudgdansk.pl (files.cloudgdansk.pl)... 153.19.238.147
Connecting to files.cloudgdansk.pl (files.cloudgdansk.pl)|153.19.238.147|:443... connected.
HTTP request sent, awaiting response... 200 OK
Length: 60 [text/plain]
Saving to: ‘/root/process_mining/announcements/data/01_05_2022/ann01.05.2022-05-30-01.json’

     0K                                                       100% 11.1M=0s

2022-05-01 05:30:02 (11.1 MB/s) - ‘/root/process_mining/announcements/data/01_05_2022/ann01.05.2022-05-30-01.json’ saved [60/60]

--2022-05-01 05:40:01--  https://files.cloudgdansk.pl/d/otwarte-dane/ztm/bsk.json
Resolving files.cloudgdansk.pl (files.cloudgdansk.pl)... 153.19.238.147
Connecting to files.cloudgdansk.pl (files.cloudgdansk.pl)|153.19.238.147|:443... connected.
HTTP request sent, awaiting response... 200 OK
Length: 60 [text/plain]
Saving to: ‘/root/process_mining/announcements/data/01_05_2022/ann01.05.2022-05-40-01.json’

     0K                                                       100% 9.99M=0s

2022-05-01 05:40:01 (9.99 MB/s) - ‘/root/process_mining/announcements/data/01_05_2022/ann01.05.2022-05-40-01.json’ saved [60/60]

--2022-05-01 05:50:01--  https://files.cloudgdansk.pl/d/otwarte-dane/ztm/bsk.json
Resolving files.cloudgdansk.pl (files.cloudgdansk.pl)... 153.19.238.147
Connecting to files.cloudgdansk.pl (files.cloudgdansk.pl)|153.19.238.147|:443... connected.
HTTP request sent, awaiting response... 200 OK
Length: 60 [text/plain]
Saving to: ‘/root/process_mining/announcements/data/01_05_2022/ann01.05.2022-05-50-01.json’

     0K                                                       100% 9.82M=0s

2022-05-01 05:50:02 (9.82 MB/s) - ‘/root/process_mining/announcements/data/01_05_2022/ann01.05.2022-05-50-01.json’ saved [60/60]

--2022-05-01 06:00:01--  https://files.cloudgdansk.pl/d/otwarte-dane/ztm/bsk.json
Resolving files.cloudgdansk.pl (files.cloudgdansk.pl)... 153.19.238.147
Connecting to files.cloudgdansk.pl (files.cloudgdansk.pl)|153.19.238.147|:443... connected.
HTTP request sent, awaiting response... 200 OK
Length: 60 [text/plain]
Saving to: ‘/root/process_mining/announcements/data/01_05_2022/ann01.05.2022-06-00-01.json’

     0K                                                       100% 11.1M=0s

2022-05-01 06:00:02 (11.1 MB/s) - ‘/root/process_mining/announcements/data/01_05_2022/ann01.05.2022-06-00-01.json’ saved [60/60]

--2022-05-01 06:10:01--  https://files.cloudgdansk.pl/d/otwarte-dane/ztm/bsk.json
Resolving files.cloudgdansk.pl (files.cloudgdansk.pl)... 153.19.238.147
Connecting to files.cloudgdansk.pl (files.cloudgdansk.pl)|153.19.238.147|:443... connected.
HTTP request sent, awaiting response... 200 OK
Length: 60 [text/plain]
Saving to: ‘/root/process_mining/announcements/data/01_05_2022/ann01.05.2022-06-10-01.json’

     0K                                                       100% 11.2M=0s

2022-05-01 06:10:02 (11.2 MB/s) - ‘/root/process_mining/announcements/data/01_05_2022/ann01.05.2022-06-10-01.json’ saved [60/60]

--2022-05-01 06:20:01--  https://files.cloudgdansk.pl/d/otwarte-dane/ztm/bsk.json
Resolving files.cloudgdansk.pl (files.cloudgdansk.pl)... 153.19.238.147
Connecting to files.cloudgdansk.pl (files.cloudgdansk.pl)|153.19.238.147|:443... connected.
HTTP request sent, awaiting response... 200 OK
Length: 60 [text/plain]
Saving to: ‘/root/process_mining/announcements/data/01_05_2022/ann01.05.2022-06-20-01.json’

     0K                                                       100% 11.9M=0s

2022-05-01 06:20:01 (11.9 MB/s) - ‘/root/process_mining/announcements/data/01_05_2022/ann01.05.2022-06-20-01.json’ saved [60/60]

--2022-05-01 06:30:01--  https://files.cloudgdansk.pl/d/otwarte-dane/ztm/bsk.json
Resolving files.cloudgdansk.pl (files.cloudgdansk.pl)... 153.19.238.147
Connecting to files.cloudgdansk.pl (files.cloudgdansk.pl)|153.19.238.147|:443... connected.
HTTP request sent, awaiting response... 200 OK
Length: 60 [text/plain]
Saving to: ‘/root/process_mining/announcements/data/01_05_2022/ann01.05.2022-06-30-01.json’

     0K                                                       100% 12.4M=0s

2022-05-01 06:30:01 (12.4 MB/s) - ‘/root/process_mining/announcements/data/01_05_2022/ann01.05.2022-06-30-01.json’ saved [60/60]

--2022-05-01 06:40:01--  https://files.cloudgdansk.pl/d/otwarte-dane/ztm/bsk.json
Resolving files.cloudgdansk.pl (files.cloudgdansk.pl)... 153.19.238.147
Connecting to files.cloudgdansk.pl (files.cloudgdansk.pl)|153.19.238.147|:443... connected.
HTTP request sent, awaiting response... 200 OK
Length: 60 [text/plain]
Saving to: ‘/root/process_mining/announcements/data/01_05_2022/ann01.05.2022-06-40-01.json’

     0K                                                       100% 11.9M=0s

2022-05-01 06:40:02 (11.9 MB/s) - ‘/root/process_mining/announcements/data/01_05_2022/ann01.05.2022-06-40-01.json’ saved [60/60]

--2022-05-01 06:50:01--  https://files.cloudgdansk.pl/d/otwarte-dane/ztm/bsk.json
Resolving files.cloudgdansk.pl (files.cloudgdansk.pl)... 153.19.238.147
Connecting to files.cloudgdansk.pl (files.cloudgdansk.pl)|153.19.238.147|:443... connected.
HTTP request sent, awaiting response... 200 OK
Length: 60 [text/plain]
Saving to: ‘/root/process_mining/announcements/data/01_05_2022/ann01.05.2022-06-50-01.json’

     0K                                                       100% 12.1M=0s

2022-05-01 06:50:02 (12.1 MB/s) - ‘/root/process_mining/announcements/data/01_05_2022/ann01.05.2022-06-50-01.json’ saved [60/60]

--2022-05-01 07:00:01--  https://files.cloudgdansk.pl/d/otwarte-dane/ztm/bsk.json
Resolving files.cloudgdansk.pl (files.cloudgdansk.pl)... 153.19.238.147
Connecting to files.cloudgdansk.pl (files.cloudgdansk.pl)|153.19.238.147|:443... connected.
HTTP request sent, awaiting response... 200 OK
Length: 60 [text/plain]
Saving to: ‘/root/process_mining/announcements/data/01_05_2022/ann01.05.2022-07-00-01.json’

     0K                                                       100% 12.1M=0s

2022-05-01 07:00:01 (12.1 MB/s) - ‘/root/process_mining/announcements/data/01_05_2022/ann01.05.2022-07-00-01.json’ saved [60/60]

--2022-05-01 07:10:01--  https://files.cloudgdansk.pl/d/otwarte-dane/ztm/bsk.json
Resolving files.cloudgdansk.pl (files.cloudgdansk.pl)... 153.19.238.147
Connecting to files.cloudgdansk.pl (files.cloudgdansk.pl)|153.19.238.147|:443... connected.
HTTP request sent, awaiting response... 200 OK
Length: 60 [text/plain]
Saving to: ‘/root/process_mining/announcements/data/01_05_2022/ann01.05.2022-07-10-01.json’

     0K                                                       100% 11.7M=0s

2022-05-01 07:10:02 (11.7 MB/s) - ‘/root/process_mining/announcements/data/01_05_2022/ann01.05.2022-07-10-01.json’ saved [60/60]

--2022-05-01 07:20:01--  https://files.cloudgdansk.pl/d/otwarte-dane/ztm/bsk.json
Resolving files.cloudgdansk.pl (files.cloudgdansk.pl)... 153.19.238.147
Connecting to files.cloudgdansk.pl (files.cloudgdansk.pl)|153.19.238.147|:443... connected.
HTTP request sent, awaiting response... 200 OK
Length: 60 [text/plain]
Saving to: ‘/root/process_mining/announcements/data/01_05_2022/ann01.05.2022-07-20-01.json’

     0K                                                       100% 12.0M=0s

2022-05-01 07:20:01 (12.0 MB/s) - ‘/root/process_mining/announcements/data/01_05_2022/ann01.05.2022-07-20-01.json’ saved [60/60]

--2022-05-01 07:30:01--  https://files.cloudgdansk.pl/d/otwarte-dane/ztm/bsk.json
Resolving files.cloudgdansk.pl (files.cloudgdansk.pl)... 153.19.238.147
Connecting to files.cloudgdansk.pl (files.cloudgdansk.pl)|153.19.238.147|:443... connected.
HTTP request sent, awaiting response... 200 OK
Length: 60 [text/plain]
Saving to: ‘/root/process_mining/announcements/data/01_05_2022/ann01.05.2022-07-30-01.json’

     0K                                                       100% 9.10M=0s

2022-05-01 07:30:01 (9.10 MB/s) - ‘/root/process_mining/announcements/data/01_05_2022/ann01.05.2022-07-30-01.json’ saved [60/60]

--2022-05-01 07:40:01--  https://files.cloudgdansk.pl/d/otwarte-dane/ztm/bsk.json
Resolving files.cloudgdansk.pl (files.cloudgdansk.pl)... 153.19.238.147
Connecting to files.cloudgdansk.pl (files.cloudgdansk.pl)|153.19.238.147|:443... connected.
HTTP request sent, awaiting response... 200 OK
Length: 60 [text/plain]
Saving to: ‘/root/process_mining/announcements/data/01_05_2022/ann01.05.2022-07-40-01.json’

     0K                                                       100% 11.8M=0s

2022-05-01 07:40:02 (11.8 MB/s) - ‘/root/process_mining/announcements/data/01_05_2022/ann01.05.2022-07-40-01.json’ saved [60/60]

--2022-05-01 07:50:01--  https://files.cloudgdansk.pl/d/otwarte-dane/ztm/bsk.json
Resolving files.cloudgdansk.pl (files.cloudgdansk.pl)... 153.19.238.147
Connecting to files.cloudgdansk.pl (files.cloudgdansk.pl)|153.19.238.147|:443... connected.
HTTP request sent, awaiting response... 200 OK
Length: 60 [text/plain]
Saving to: ‘/root/process_mining/announcements/data/01_05_2022/ann01.05.2022-07-50-01.json’

     0K                                                       100% 10.7M=0s

2022-05-01 07:50:01 (10.7 MB/s) - ‘/root/process_mining/announcements/data/01_05_2022/ann01.05.2022-07-50-01.json’ saved [60/60]

--2022-05-01 08:00:02--  https://files.cloudgdansk.pl/d/otwarte-dane/ztm/bsk.json
Resolving files.cloudgdansk.pl (files.cloudgdansk.pl)... 153.19.238.147
Connecting to files.cloudgdansk.pl (files.cloudgdansk.pl)|153.19.238.147|:443... connected.
HTTP request sent, awaiting response... 200 OK
Length: 60 [text/plain]
Saving to: ‘/root/process_mining/announcements/data/01_05_2022/ann01.05.2022-08-00-02.json’

     0K                                                       100% 12.1M=0s

2022-05-01 08:00:02 (12.1 MB/s) - ‘/root/process_mining/announcements/data/01_05_2022/ann01.05.2022-08-00-02.json’ saved [60/60]

--2022-05-01 08:10:01--  https://files.cloudgdansk.pl/d/otwarte-dane/ztm/bsk.json
Resolving files.cloudgdansk.pl (files.cloudgdansk.pl)... 153.19.238.147
Connecting to files.cloudgdansk.pl (files.cloudgdansk.pl)|153.19.238.147|:443... connected.
HTTP request sent, awaiting response... 200 OK
Length: 60 [text/plain]
Saving to: ‘/root/process_mining/announcements/data/01_05_2022/ann01.05.2022-08-10-01.json’

     0K                                                       100% 12.1M=0s

2022-05-01 08:10:02 (12.1 MB/s) - ‘/root/process_mining/announcements/data/01_05_2022/ann01.05.2022-08-10-01.json’ saved [60/60]

--2022-05-01 08:20:01--  https://files.cloudgdansk.pl/d/otwarte-dane/ztm/bsk.json
Resolving files.cloudgdansk.pl (files.cloudgdansk.pl)... 153.19.238.147
Connecting to files.cloudgdansk.pl (files.cloudgdansk.pl)|153.19.238.147|:443... connected.
HTTP request sent, awaiting response... 200 OK
Length: 60 [text/plain]
Saving to: ‘/root/process_mining/announcements/data/01_05_2022/ann01.05.2022-08-20-01.json’

     0K                                                       100% 12.2M=0s

2022-05-01 08:20:01 (12.2 MB/s) - ‘/root/process_mining/announcements/data/01_05_2022/ann01.05.2022-08-20-01.json’ saved [60/60]

--2022-05-01 08:30:01--  https://files.cloudgdansk.pl/d/otwarte-dane/ztm/bsk.json
Resolving files.cloudgdansk.pl (files.cloudgdansk.pl)... 153.19.238.147
Connecting to files.cloudgdansk.pl (files.cloudgdansk.pl)|153.19.238.147|:443... connected.
HTTP request sent, awaiting response... 200 OK
Length: 60 [text/plain]
Saving to: ‘/root/process_mining/announcements/data/01_05_2022/ann01.05.2022-08-30-01.json’

     0K                                                       100% 12.6M=0s

2022-05-01 08:30:02 (12.6 MB/s) - ‘/root/process_mining/announcements/data/01_05_2022/ann01.05.2022-08-30-01.json’ saved [60/60]

--2022-05-01 08:40:01--  https://files.cloudgdansk.pl/d/otwarte-dane/ztm/bsk.json
Resolving files.cloudgdansk.pl (files.cloudgdansk.pl)... 153.19.238.147
Connecting to files.cloudgdansk.pl (files.cloudgdansk.pl)|153.19.238.147|:443... connected.
HTTP request sent, awaiting response... 200 OK
Length: 60 [text/plain]
Saving to: ‘/root/process_mining/announcements/data/01_05_2022/ann01.05.2022-08-40-01.json’

     0K                                                       100% 10.6M=0s

2022-05-01 08:40:01 (10.6 MB/s) - ‘/root/process_mining/announcements/data/01_05_2022/ann01.05.2022-08-40-01.json’ saved [60/60]

--2022-05-01 08:50:01--  https://files.cloudgdansk.pl/d/otwarte-dane/ztm/bsk.json
Resolving files.cloudgdansk.pl (files.cloudgdansk.pl)... 153.19.238.147
Connecting to files.cloudgdansk.pl (files.cloudgdansk.pl)|153.19.238.147|:443... connected.
HTTP request sent, awaiting response... 200 OK
Length: 60 [text/plain]
Saving to: ‘/root/process_mining/announcements/data/01_05_2022/ann01.05.2022-08-50-01.json’

     0K                                                       100% 11.9M=0s

2022-05-01 08:50:01 (11.9 MB/s) - ‘/root/process_mining/announcements/data/01_05_2022/ann01.05.2022-08-50-01.json’ saved [60/60]

--2022-05-01 09:00:01--  https://files.cloudgdansk.pl/d/otwarte-dane/ztm/bsk.json
Resolving files.cloudgdansk.pl (files.cloudgdansk.pl)... 153.19.238.147
Connecting to files.cloudgdansk.pl (files.cloudgdansk.pl)|153.19.238.147|:443... connected.
HTTP request sent, awaiting response... 200 OK
Length: 60 [text/plain]
Saving to: ‘/root/process_mining/announcements/data/01_05_2022/ann01.05.2022-09-00-01.json’

     0K                                                       100% 11.9M=0s

2022-05-01 09:00:01 (11.9 MB/s) - ‘/root/process_mining/announcements/data/01_05_2022/ann01.05.2022-09-00-01.json’ saved [60/60]

--2022-05-01 09:10:01--  https://files.cloudgdansk.pl/d/otwarte-dane/ztm/bsk.json
Resolving files.cloudgdansk.pl (files.cloudgdansk.pl)... 153.19.238.147
Connecting to files.cloudgdansk.pl (files.cloudgdansk.pl)|153.19.238.147|:443... connected.
HTTP request sent, awaiting response... 200 OK
Length: 60 [text/plain]
Saving to: ‘/root/process_mining/announcements/data/01_05_2022/ann01.05.2022-09-10-01.json’

     0K                                                       100% 12.4M=0s

2022-05-01 09:10:02 (12.4 MB/s) - ‘/root/process_mining/announcements/data/01_05_2022/ann01.05.2022-09-10-01.json’ saved [60/60]

--2022-05-01 09:20:01--  https://files.cloudgdansk.pl/d/otwarte-dane/ztm/bsk.json
Resolving files.cloudgdansk.pl (files.cloudgdansk.pl)... 153.19.238.147
Connecting to files.cloudgdansk.pl (files.cloudgdansk.pl)|153.19.238.147|:443... connected.
HTTP request sent, awaiting response... 200 OK
Length: 60 [text/plain]
Saving to: ‘/root/process_mining/announcements/data/01_05_2022/ann01.05.2022-09-20-01.json’

     0K                                                       100% 12.2M=0s

2022-05-01 09:20:01 (12.2 MB/s) - ‘/root/process_mining/announcements/data/01_05_2022/ann01.05.2022-09-20-01.json’ saved [60/60]

--2022-05-01 09:30:01--  https://files.cloudgdansk.pl/d/otwarte-dane/ztm/bsk.json
Resolving files.cloudgdansk.pl (files.cloudgdansk.pl)... 153.19.238.147
Connecting to files.cloudgdansk.pl (files.cloudgdansk.pl)|153.19.238.147|:443... connected.
HTTP request sent, awaiting response... 200 OK
Length: 60 [text/plain]
Saving to: ‘/root/process_mining/announcements/data/01_05_2022/ann01.05.2022-09-30-01.json’

     0K                                                       100% 12.2M=0s

2022-05-01 09:30:02 (12.2 MB/s) - ‘/root/process_mining/announcements/data/01_05_2022/ann01.05.2022-09-30-01.json’ saved [60/60]

--2022-05-01 09:40:01--  https://files.cloudgdansk.pl/d/otwarte-dane/ztm/bsk.json
Resolving files.cloudgdansk.pl (files.cloudgdansk.pl)... 153.19.238.147
Connecting to files.cloudgdansk.pl (files.cloudgdansk.pl)|153.19.238.147|:443... connected.
HTTP request sent, awaiting response... 200 OK
Length: 60 [text/plain]
Saving to: ‘/root/process_mining/announcements/data/01_05_2022/ann01.05.2022-09-40-01.json’

     0K                                                       100% 10.7M=0s

2022-05-01 09:40:02 (10.7 MB/s) - ‘/root/process_mining/announcements/data/01_05_2022/ann01.05.2022-09-40-01.json’ saved [60/60]

--2022-05-01 09:50:01--  https://files.cloudgdansk.pl/d/otwarte-dane/ztm/bsk.json
Resolving files.cloudgdansk.pl (files.cloudgdansk.pl)... 153.19.238.147
Connecting to files.cloudgdansk.pl (files.cloudgdansk.pl)|153.19.238.147|:443... connected.
HTTP request sent, awaiting response... 200 OK
Length: 60 [text/plain]
Saving to: ‘/root/process_mining/announcements/data/01_05_2022/ann01.05.2022-09-50-01.json’

     0K                                                       100% 12.4M=0s

2022-05-01 09:50:01 (12.4 MB/s) - ‘/root/process_mining/announcements/data/01_05_2022/ann01.05.2022-09-50-01.json’ saved [60/60]

--2022-05-01 10:00:01--  https://files.cloudgdansk.pl/d/otwarte-dane/ztm/bsk.json
Resolving files.cloudgdansk.pl (files.cloudgdansk.pl)... 153.19.238.147
Connecting to files.cloudgdansk.pl (files.cloudgdansk.pl)|153.19.238.147|:443... connected.
HTTP request sent, awaiting response... 200 OK
Length: 60 [text/plain]
Saving to: ‘/root/process_mining/announcements/data/01_05_2022/ann01.05.2022-10-00-01.json’

     0K                                                       100% 11.2M=0s

2022-05-01 10:00:01 (11.2 MB/s) - ‘/root/process_mining/announcements/data/01_05_2022/ann01.05.2022-10-00-01.json’ saved [60/60]

--2022-05-01 10:10:01--  https://files.cloudgdansk.pl/d/otwarte-dane/ztm/bsk.json
Resolving files.cloudgdansk.pl (files.cloudgdansk.pl)... 153.19.238.147
Connecting to files.cloudgdansk.pl (files.cloudgdansk.pl)|153.19.238.147|:443... connected.
HTTP request sent, awaiting response... 200 OK
Length: 60 [text/plain]
Saving to: ‘/root/process_mining/announcements/data/01_05_2022/ann01.05.2022-10-10-01.json’

     0K                                                       100% 11.6M=0s

2022-05-01 10:10:02 (11.6 MB/s) - ‘/root/process_mining/announcements/data/01_05_2022/ann01.05.2022-10-10-01.json’ saved [60/60]

--2022-05-01 10:20:01--  https://files.cloudgdansk.pl/d/otwarte-dane/ztm/bsk.json
Resolving files.cloudgdansk.pl (files.cloudgdansk.pl)... 153.19.238.147
Connecting to files.cloudgdansk.pl (files.cloudgdansk.pl)|153.19.238.147|:443... connected.
HTTP request sent, awaiting response... 200 OK
Length: 60 [text/plain]
Saving to: ‘/root/process_mining/announcements/data/01_05_2022/ann01.05.2022-10-20-01.json’

     0K                                                       100% 12.5M=0s

2022-05-01 10:20:01 (12.5 MB/s) - ‘/root/process_mining/announcements/data/01_05_2022/ann01.05.2022-10-20-01.json’ saved [60/60]

--2022-05-01 10:30:01--  https://files.cloudgdansk.pl/d/otwarte-dane/ztm/bsk.json
Resolving files.cloudgdansk.pl (files.cloudgdansk.pl)... 153.19.238.147
Connecting to files.cloudgdansk.pl (files.cloudgdansk.pl)|153.19.238.147|:443... connected.
HTTP request sent, awaiting response... 200 OK
Length: 60 [text/plain]
Saving to: ‘/root/process_mining/announcements/data/01_05_2022/ann01.05.2022-10-30-01.json’

     0K                                                       100% 12.2M=0s

2022-05-01 10:30:02 (12.2 MB/s) - ‘/root/process_mining/announcements/data/01_05_2022/ann01.05.2022-10-30-01.json’ saved [60/60]

--2022-05-01 10:40:01--  https://files.cloudgdansk.pl/d/otwarte-dane/ztm/bsk.json
Resolving files.cloudgdansk.pl (files.cloudgdansk.pl)... 153.19.238.147
Connecting to files.cloudgdansk.pl (files.cloudgdansk.pl)|153.19.238.147|:443... connected.
HTTP request sent, awaiting response... 200 OK
Length: 60 [text/plain]
Saving to: ‘/root/process_mining/announcements/data/01_05_2022/ann01.05.2022-10-40-01.json’

     0K                                                       100% 12.0M=0s

2022-05-01 10:40:01 (12.0 MB/s) - ‘/root/process_mining/announcements/data/01_05_2022/ann01.05.2022-10-40-01.json’ saved [60/60]

--2022-05-01 10:50:01--  https://files.cloudgdansk.pl/d/otwarte-dane/ztm/bsk.json
Resolving files.cloudgdansk.pl (files.cloudgdansk.pl)... 153.19.238.147
Connecting to files.cloudgdansk.pl (files.cloudgdansk.pl)|153.19.238.147|:443... connected.
HTTP request sent, awaiting response... 200 OK
Length: 60 [text/plain]
Saving to: ‘/root/process_mining/announcements/data/01_05_2022/ann01.05.2022-10-50-01.json’

     0K                                                       100% 12.0M=0s

2022-05-01 10:50:01 (12.0 MB/s) - ‘/root/process_mining/announcements/data/01_05_2022/ann01.05.2022-10-50-01.json’ saved [60/60]

--2022-05-01 11:00:01--  https://files.cloudgdansk.pl/d/otwarte-dane/ztm/bsk.json
Resolving files.cloudgdansk.pl (files.cloudgdansk.pl)... 153.19.238.147
Connecting to files.cloudgdansk.pl (files.cloudgdansk.pl)|153.19.238.147|:443... connected.
HTTP request sent, awaiting response... 200 OK
Length: 60 [text/plain]
Saving to: ‘/root/process_mining/announcements/data/01_05_2022/ann01.05.2022-11-00-01.json’

     0K                                                       100% 12.3M=0s

2022-05-01 11:00:01 (12.3 MB/s) - ‘/root/process_mining/announcements/data/01_05_2022/ann01.05.2022-11-00-01.json’ saved [60/60]

--2022-05-01 11:10:01--  https://files.cloudgdansk.pl/d/otwarte-dane/ztm/bsk.json
Resolving files.cloudgdansk.pl (files.cloudgdansk.pl)... 153.19.238.147
Connecting to files.cloudgdansk.pl (files.cloudgdansk.pl)|153.19.238.147|:443... connected.
HTTP request sent, awaiting response... 200 OK
Length: 60 [text/plain]
Saving to: ‘/root/process_mining/announcements/data/01_05_2022/ann01.05.2022-11-10-01.json’

     0K                                                       100% 11.0M=0s

2022-05-01 11:10:01 (11.0 MB/s) - ‘/root/process_mining/announcements/data/01_05_2022/ann01.05.2022-11-10-01.json’ saved [60/60]

--2022-05-01 11:20:01--  https://files.cloudgdansk.pl/d/otwarte-dane/ztm/bsk.json
Resolving files.cloudgdansk.pl (files.cloudgdansk.pl)... 153.19.238.147
Connecting to files.cloudgdansk.pl (files.cloudgdansk.pl)|153.19.238.147|:443... connected.
HTTP request sent, awaiting response... 200 OK
Length: 60 [text/plain]
Saving to: ‘/root/process_mining/announcements/data/01_05_2022/ann01.05.2022-11-20-01.json’

     0K                                                       100% 10.1M=0s

2022-05-01 11:20:01 (10.1 MB/s) - ‘/root/process_mining/announcements/data/01_05_2022/ann01.05.2022-11-20-01.json’ saved [60/60]

--2022-05-01 11:30:01--  https://files.cloudgdansk.pl/d/otwarte-dane/ztm/bsk.json
Resolving files.cloudgdansk.pl (files.cloudgdansk.pl)... 153.19.238.147
Connecting to files.cloudgdansk.pl (files.cloudgdansk.pl)|153.19.238.147|:443... connected.
HTTP request sent, awaiting response... 200 OK
Length: 60 [text/plain]
Saving to: ‘/root/process_mining/announcements/data/01_05_2022/ann01.05.2022-11-30-01.json’

     0K                                                       100% 11.9M=0s

2022-05-01 11:30:02 (11.9 MB/s) - ‘/root/process_mining/announcements/data/01_05_2022/ann01.05.2022-11-30-01.json’ saved [60/60]

--2022-05-01 11:40:01--  https://files.cloudgdansk.pl/d/otwarte-dane/ztm/bsk.json
Resolving files.cloudgdansk.pl (files.cloudgdansk.pl)... 153.19.238.147
Connecting to files.cloudgdansk.pl (files.cloudgdansk.pl)|153.19.238.147|:443... connected.
HTTP request sent, awaiting response... 200 OK
Length: 60 [text/plain]
Saving to: ‘/root/process_mining/announcements/data/01_05_2022/ann01.05.2022-11-40-01.json’

     0K                                                       100% 12.4M=0s

2022-05-01 11:40:02 (12.4 MB/s) - ‘/root/process_mining/announcements/data/01_05_2022/ann01.05.2022-11-40-01.json’ saved [60/60]

--2022-05-01 11:50:01--  https://files.cloudgdansk.pl/d/otwarte-dane/ztm/bsk.json
Resolving files.cloudgdansk.pl (files.cloudgdansk.pl)... 153.19.238.147
Connecting to files.cloudgdansk.pl (files.cloudgdansk.pl)|153.19.238.147|:443... connected.
HTTP request sent, awaiting response... 200 OK
Length: 60 [text/plain]
Saving to: ‘/root/process_mining/announcements/data/01_05_2022/ann01.05.2022-11-50-01.json’

     0K                                                       100% 12.8M=0s

2022-05-01 11:50:02 (12.8 MB/s) - ‘/root/process_mining/announcements/data/01_05_2022/ann01.05.2022-11-50-01.json’ saved [60/60]

--2022-05-01 12:00:01--  https://files.cloudgdansk.pl/d/otwarte-dane/ztm/bsk.json
Resolving files.cloudgdansk.pl (files.cloudgdansk.pl)... 153.19.238.147
Connecting to files.cloudgdansk.pl (files.cloudgdansk.pl)|153.19.238.147|:443... connected.
HTTP request sent, awaiting response... 200 OK
Length: 60 [text/plain]
Saving to: ‘/root/process_mining/announcements/data/01_05_2022/ann01.05.2022-12-00-01.json’

     0K                                                       100% 12.1M=0s

2022-05-01 12:00:02 (12.1 MB/s) - ‘/root/process_mining/announcements/data/01_05_2022/ann01.05.2022-12-00-01.json’ saved [60/60]

--2022-05-01 12:10:01--  https://files.cloudgdansk.pl/d/otwarte-dane/ztm/bsk.json
Resolving files.cloudgdansk.pl (files.cloudgdansk.pl)... 153.19.238.147
Connecting to files.cloudgdansk.pl (files.cloudgdansk.pl)|153.19.238.147|:443... connected.
HTTP request sent, awaiting response... 200 OK
Length: 60 [text/plain]
Saving to: ‘/root/process_mining/announcements/data/01_05_2022/ann01.05.2022-12-10-01.json’

     0K                                                       100% 12.3M=0s

2022-05-01 12:10:01 (12.3 MB/s) - ‘/root/process_mining/announcements/data/01_05_2022/ann01.05.2022-12-10-01.json’ saved [60/60]

--2022-05-01 12:20:01--  https://files.cloudgdansk.pl/d/otwarte-dane/ztm/bsk.json
Resolving files.cloudgdansk.pl (files.cloudgdansk.pl)... 153.19.238.147
Connecting to files.cloudgdansk.pl (files.cloudgdansk.pl)|153.19.238.147|:443... connected.
HTTP request sent, awaiting response... 200 OK
Length: 60 [text/plain]
Saving to: ‘/root/process_mining/announcements/data/01_05_2022/ann01.05.2022-12-20-01.json’

     0K                                                       100% 12.1M=0s

2022-05-01 12:20:02 (12.1 MB/s) - ‘/root/process_mining/announcements/data/01_05_2022/ann01.05.2022-12-20-01.json’ saved [60/60]

--2022-05-01 12:30:01--  https://files.cloudgdansk.pl/d/otwarte-dane/ztm/bsk.json
Resolving files.cloudgdansk.pl (files.cloudgdansk.pl)... 153.19.238.147
Connecting to files.cloudgdansk.pl (files.cloudgdansk.pl)|153.19.238.147|:443... connected.
HTTP request sent, awaiting response... 200 OK
Length: 60 [text/plain]
Saving to: ‘/root/process_mining/announcements/data/01_05_2022/ann01.05.2022-12-30-01.json’

     0K                                                       100% 12.4M=0s

2022-05-01 12:30:02 (12.4 MB/s) - ‘/root/process_mining/announcements/data/01_05_2022/ann01.05.2022-12-30-01.json’ saved [60/60]

--2022-05-01 12:40:01--  https://files.cloudgdansk.pl/d/otwarte-dane/ztm/bsk.json
Resolving files.cloudgdansk.pl (files.cloudgdansk.pl)... 153.19.238.147
Connecting to files.cloudgdansk.pl (files.cloudgdansk.pl)|153.19.238.147|:443... connected.
HTTP request sent, awaiting response... 200 OK
Length: 60 [text/plain]
Saving to: ‘/root/process_mining/announcements/data/01_05_2022/ann01.05.2022-12-40-01.json’

     0K                                                       100% 12.2M=0s

2022-05-01 12:40:02 (12.2 MB/s) - ‘/root/process_mining/announcements/data/01_05_2022/ann01.05.2022-12-40-01.json’ saved [60/60]

--2022-05-01 12:50:02--  https://files.cloudgdansk.pl/d/otwarte-dane/ztm/bsk.json
Resolving files.cloudgdansk.pl (files.cloudgdansk.pl)... 153.19.238.147
Connecting to files.cloudgdansk.pl (files.cloudgdansk.pl)|153.19.238.147|:443... connected.
HTTP request sent, awaiting response... 200 OK
Length: 60 [text/plain]
Saving to: ‘/root/process_mining/announcements/data/01_05_2022/ann01.05.2022-12-50-02.json’

     0K                                                       100% 12.1M=0s

2022-05-01 12:50:02 (12.1 MB/s) - ‘/root/process_mining/announcements/data/01_05_2022/ann01.05.2022-12-50-02.json’ saved [60/60]

--2022-05-01 13:00:01--  https://files.cloudgdansk.pl/d/otwarte-dane/ztm/bsk.json
Resolving files.cloudgdansk.pl (files.cloudgdansk.pl)... 153.19.238.147
Connecting to files.cloudgdansk.pl (files.cloudgdansk.pl)|153.19.238.147|:443... connected.
HTTP request sent, awaiting response... 200 OK
Length: 60 [text/plain]
Saving to: ‘/root/process_mining/announcements/data/01_05_2022/ann01.05.2022-13-00-01.json’

     0K                                                       100% 11.5M=0s

2022-05-01 13:00:02 (11.5 MB/s) - ‘/root/process_mining/announcements/data/01_05_2022/ann01.05.2022-13-00-01.json’ saved [60/60]

--2022-05-01 13:10:01--  https://files.cloudgdansk.pl/d/otwarte-dane/ztm/bsk.json
Resolving files.cloudgdansk.pl (files.cloudgdansk.pl)... 153.19.238.147
Connecting to files.cloudgdansk.pl (files.cloudgdansk.pl)|153.19.238.147|:443... connected.
HTTP request sent, awaiting response... 200 OK
Length: 60 [text/plain]
Saving to: ‘/root/process_mining/announcements/data/01_05_2022/ann01.05.2022-13-10-01.json’

     0K                                                       100% 11.4M=0s

2022-05-01 13:10:02 (11.4 MB/s) - ‘/root/process_mining/announcements/data/01_05_2022/ann01.05.2022-13-10-01.json’ saved [60/60]

--2022-05-01 13:20:01--  https://files.cloudgdansk.pl/d/otwarte-dane/ztm/bsk.json
Resolving files.cloudgdansk.pl (files.cloudgdansk.pl)... 153.19.238.147
Connecting to files.cloudgdansk.pl (files.cloudgdansk.pl)|153.19.238.147|:443... connected.
HTTP request sent, awaiting response... 200 OK
Length: 60 [text/plain]
Saving to: ‘/root/process_mining/announcements/data/01_05_2022/ann01.05.2022-13-20-01.json’

     0K                                                       100% 13.2M=0s

2022-05-01 13:20:02 (13.2 MB/s) - ‘/root/process_mining/announcements/data/01_05_2022/ann01.05.2022-13-20-01.json’ saved [60/60]

--2022-05-01 13:30:01--  https://files.cloudgdansk.pl/d/otwarte-dane/ztm/bsk.json
Resolving files.cloudgdansk.pl (files.cloudgdansk.pl)... 153.19.238.147
Connecting to files.cloudgdansk.pl (files.cloudgdansk.pl)|153.19.238.147|:443... connected.
HTTP request sent, awaiting response... 200 OK
Length: 60 [text/plain]
Saving to: ‘/root/process_mining/announcements/data/01_05_2022/ann01.05.2022-13-30-01.json’

     0K                                                       100% 11.8M=0s

2022-05-01 13:30:01 (11.8 MB/s) - ‘/root/process_mining/announcements/data/01_05_2022/ann01.05.2022-13-30-01.json’ saved [60/60]

--2022-05-01 13:40:01--  https://files.cloudgdansk.pl/d/otwarte-dane/ztm/bsk.json
Resolving files.cloudgdansk.pl (files.cloudgdansk.pl)... 153.19.238.147
Connecting to files.cloudgdansk.pl (files.cloudgdansk.pl)|153.19.238.147|:443... connected.
HTTP request sent, awaiting response... 200 OK
Length: 60 [text/plain]
Saving to: ‘/root/process_mining/announcements/data/01_05_2022/ann01.05.2022-13-40-01.json’

     0K                                                       100% 12.0M=0s

2022-05-01 13:40:01 (12.0 MB/s) - ‘/root/process_mining/announcements/data/01_05_2022/ann01.05.2022-13-40-01.json’ saved [60/60]

--2022-05-01 13:50:01--  https://files.cloudgdansk.pl/d/otwarte-dane/ztm/bsk.json
Resolving files.cloudgdansk.pl (files.cloudgdansk.pl)... 153.19.238.147
Connecting to files.cloudgdansk.pl (files.cloudgdansk.pl)|153.19.238.147|:443... connected.
HTTP request sent, awaiting response... 200 OK
Length: 60 [text/plain]
Saving to: ‘/root/process_mining/announcements/data/01_05_2022/ann01.05.2022-13-50-01.json’

     0K                                                       100% 11.7M=0s

2022-05-01 13:50:02 (11.7 MB/s) - ‘/root/process_mining/announcements/data/01_05_2022/ann01.05.2022-13-50-01.json’ saved [60/60]

--2022-05-01 14:00:01--  https://files.cloudgdansk.pl/d/otwarte-dane/ztm/bsk.json
Resolving files.cloudgdansk.pl (files.cloudgdansk.pl)... 153.19.238.147
Connecting to files.cloudgdansk.pl (files.cloudgdansk.pl)|153.19.238.147|:443... connected.
HTTP request sent, awaiting response... 200 OK
Length: 60 [text/plain]
Saving to: ‘/root/process_mining/announcements/data/01_05_2022/ann01.05.2022-14-00-01.json’

     0K                                                       100% 11.3M=0s

2022-05-01 14:00:01 (11.3 MB/s) - ‘/root/process_mining/announcements/data/01_05_2022/ann01.05.2022-14-00-01.json’ saved [60/60]

--2022-05-01 14:10:01--  https://files.cloudgdansk.pl/d/otwarte-dane/ztm/bsk.json
Resolving files.cloudgdansk.pl (files.cloudgdansk.pl)... 153.19.238.147
Connecting to files.cloudgdansk.pl (files.cloudgdansk.pl)|153.19.238.147|:443... connected.
HTTP request sent, awaiting response... 200 OK
Length: 60 [text/plain]
Saving to: ‘/root/process_mining/announcements/data/01_05_2022/ann01.05.2022-14-10-01.json’

     0K                                                       100% 12.2M=0s

2022-05-01 14:10:02 (12.2 MB/s) - ‘/root/process_mining/announcements/data/01_05_2022/ann01.05.2022-14-10-01.json’ saved [60/60]

--2022-05-01 14:20:01--  https://files.cloudgdansk.pl/d/otwarte-dane/ztm/bsk.json
Resolving files.cloudgdansk.pl (files.cloudgdansk.pl)... 153.19.238.147
Connecting to files.cloudgdansk.pl (files.cloudgdansk.pl)|153.19.238.147|:443... connected.
HTTP request sent, awaiting response... 200 OK
Length: 450 [application/json]
Saving to: ‘/root/process_mining/announcements/data/01_05_2022/ann01.05.2022-14-20-01.json’

     0K                                                       100% 80.8M=0s

2022-05-01 14:20:02 (80.8 MB/s) - ‘/root/process_mining/announcements/data/01_05_2022/ann01.05.2022-14-20-01.json’ saved [450/450]

--2022-05-01 14:30:01--  https://files.cloudgdansk.pl/d/otwarte-dane/ztm/bsk.json
Resolving files.cloudgdansk.pl (files.cloudgdansk.pl)... 153.19.238.147
Connecting to files.cloudgdansk.pl (files.cloudgdansk.pl)|153.19.238.147|:443... connected.
HTTP request sent, awaiting response... 200 OK
Length: 450 [application/json]
Saving to: ‘/root/process_mining/announcements/data/01_05_2022/ann01.05.2022-14-30-01.json’

     0K                                                       100% 87.1M=0s

2022-05-01 14:30:02 (87.1 MB/s) - ‘/root/process_mining/announcements/data/01_05_2022/ann01.05.2022-14-30-01.json’ saved [450/450]

--2022-05-01 14:40:01--  https://files.cloudgdansk.pl/d/otwarte-dane/ztm/bsk.json
Resolving files.cloudgdansk.pl (files.cloudgdansk.pl)... 153.19.238.147
Connecting to files.cloudgdansk.pl (files.cloudgdansk.pl)|153.19.238.147|:443... connected.
HTTP request sent, awaiting response... 200 OK
Length: 450 [application/json]
Saving to: ‘/root/process_mining/announcements/data/01_05_2022/ann01.05.2022-14-40-01.json’

     0K                                                       100% 87.4M=0s

2022-05-01 14:40:01 (87.4 MB/s) - ‘/root/process_mining/announcements/data/01_05_2022/ann01.05.2022-14-40-01.json’ saved [450/450]

--2022-05-01 14:50:01--  https://files.cloudgdansk.pl/d/otwarte-dane/ztm/bsk.json
Resolving files.cloudgdansk.pl (files.cloudgdansk.pl)... 153.19.238.147
Connecting to files.cloudgdansk.pl (files.cloudgdansk.pl)|153.19.238.147|:443... connected.
HTTP request sent, awaiting response... 200 OK
Length: 450 [application/json]
Saving to: ‘/root/process_mining/announcements/data/01_05_2022/ann01.05.2022-14-50-01.json’

     0K                                                       100% 89.7M=0s

2022-05-01 14:50:02 (89.7 MB/s) - ‘/root/process_mining/announcements/data/01_05_2022/ann01.05.2022-14-50-01.json’ saved [450/450]

--2022-05-01 15:00:01--  https://files.cloudgdansk.pl/d/otwarte-dane/ztm/bsk.json
Resolving files.cloudgdansk.pl (files.cloudgdansk.pl)... 153.19.238.147
Connecting to files.cloudgdansk.pl (files.cloudgdansk.pl)|153.19.238.147|:443... connected.
HTTP request sent, awaiting response... 200 OK
Length: 450 [application/json]
Saving to: ‘/root/process_mining/announcements/data/01_05_2022/ann01.05.2022-15-00-01.json’

     0K                                                       100% 87.5M=0s

2022-05-01 15:00:01 (87.5 MB/s) - ‘/root/process_mining/announcements/data/01_05_2022/ann01.05.2022-15-00-01.json’ saved [450/450]

--2022-05-01 15:10:01--  https://files.cloudgdansk.pl/d/otwarte-dane/ztm/bsk.json
Resolving files.cloudgdansk.pl (files.cloudgdansk.pl)... 153.19.238.147
Connecting to files.cloudgdansk.pl (files.cloudgdansk.pl)|153.19.238.147|:443... connected.
HTTP request sent, awaiting response... 200 OK
Length: 450 [application/json]
Saving to: ‘/root/process_mining/announcements/data/01_05_2022/ann01.05.2022-15-10-01.json’

     0K                                                       100% 85.4M=0s

2022-05-01 15:10:02 (85.4 MB/s) - ‘/root/process_mining/announcements/data/01_05_2022/ann01.05.2022-15-10-01.json’ saved [450/450]

--2022-05-01 15:20:01--  https://files.cloudgdansk.pl/d/otwarte-dane/ztm/bsk.json
Resolving files.cloudgdansk.pl (files.cloudgdansk.pl)... 153.19.238.147
Connecting to files.cloudgdansk.pl (files.cloudgdansk.pl)|153.19.238.147|:443... connected.
HTTP request sent, awaiting response... 200 OK
Length: 450 [application/json]
Saving to: ‘/root/process_mining/announcements/data/01_05_2022/ann01.05.2022-15-20-01.json’

     0K                                                       100% 93.6M=0s

2022-05-01 15:20:01 (93.6 MB/s) - ‘/root/process_mining/announcements/data/01_05_2022/ann01.05.2022-15-20-01.json’ saved [450/450]

--2022-05-01 15:30:01--  https://files.cloudgdansk.pl/d/otwarte-dane/ztm/bsk.json
Resolving files.cloudgdansk.pl (files.cloudgdansk.pl)... 153.19.238.147
Connecting to files.cloudgdansk.pl (files.cloudgdansk.pl)|153.19.238.147|:443... connected.
HTTP request sent, awaiting response... 200 OK
Length: 450 [application/json]
Saving to: ‘/root/process_mining/announcements/data/01_05_2022/ann01.05.2022-15-30-01.json’

     0K                                                       100% 75.7M=0s

2022-05-01 15:30:02 (75.7 MB/s) - ‘/root/process_mining/announcements/data/01_05_2022/ann01.05.2022-15-30-01.json’ saved [450/450]

--2022-05-01 15:40:01--  https://files.cloudgdansk.pl/d/otwarte-dane/ztm/bsk.json
Resolving files.cloudgdansk.pl (files.cloudgdansk.pl)... 153.19.238.147
Connecting to files.cloudgdansk.pl (files.cloudgdansk.pl)|153.19.238.147|:443... connected.
HTTP request sent, awaiting response... 200 OK
Length: 60 [text/plain]
Saving to: ‘/root/process_mining/announcements/data/01_05_2022/ann01.05.2022-15-40-01.json’

     0K                                                       100% 12.0M=0s

2022-05-01 15:40:02 (12.0 MB/s) - ‘/root/process_mining/announcements/data/01_05_2022/ann01.05.2022-15-40-01.json’ saved [60/60]

--2022-05-01 15:50:01--  https://files.cloudgdansk.pl/d/otwarte-dane/ztm/bsk.json
Resolving files.cloudgdansk.pl (files.cloudgdansk.pl)... 153.19.238.147
Connecting to files.cloudgdansk.pl (files.cloudgdansk.pl)|153.19.238.147|:443... connected.
HTTP request sent, awaiting response... 200 OK
Length: 60 [text/plain]
Saving to: ‘/root/process_mining/announcements/data/01_05_2022/ann01.05.2022-15-50-01.json’

     0K                                                       100% 9.92M=0s

2022-05-01 15:50:02 (9.92 MB/s) - ‘/root/process_mining/announcements/data/01_05_2022/ann01.05.2022-15-50-01.json’ saved [60/60]

--2022-05-01 16:00:01--  https://files.cloudgdansk.pl/d/otwarte-dane/ztm/bsk.json
Resolving files.cloudgdansk.pl (files.cloudgdansk.pl)... 153.19.238.147
Connecting to files.cloudgdansk.pl (files.cloudgdansk.pl)|153.19.238.147|:443... connected.
HTTP request sent, awaiting response... 200 OK
Length: 60 [text/plain]
Saving to: ‘/root/process_mining/announcements/data/01_05_2022/ann01.05.2022-16-00-01.json’

     0K                                                       100% 12.0M=0s

2022-05-01 16:00:01 (12.0 MB/s) - ‘/root/process_mining/announcements/data/01_05_2022/ann01.05.2022-16-00-01.json’ saved [60/60]

--2022-05-01 16:10:01--  https://files.cloudgdansk.pl/d/otwarte-dane/ztm/bsk.json
Resolving files.cloudgdansk.pl (files.cloudgdansk.pl)... 153.19.238.147
Connecting to files.cloudgdansk.pl (files.cloudgdansk.pl)|153.19.238.147|:443... connected.
HTTP request sent, awaiting response... 200 OK
Length: 60 [text/plain]
Saving to: ‘/root/process_mining/announcements/data/01_05_2022/ann01.05.2022-16-10-01.json’

     0K                                                       100% 9.73M=0s

2022-05-01 16:10:01 (9.73 MB/s) - ‘/root/process_mining/announcements/data/01_05_2022/ann01.05.2022-16-10-01.json’ saved [60/60]

--2022-05-01 16:20:01--  https://files.cloudgdansk.pl/d/otwarte-dane/ztm/bsk.json
Resolving files.cloudgdansk.pl (files.cloudgdansk.pl)... 153.19.238.147
Connecting to files.cloudgdansk.pl (files.cloudgdansk.pl)|153.19.238.147|:443... connected.
HTTP request sent, awaiting response... 200 OK
Length: 60 [text/plain]
Saving to: ‘/root/process_mining/announcements/data/01_05_2022/ann01.05.2022-16-20-01.json’

     0K                                                       100% 11.7M=0s

2022-05-01 16:20:02 (11.7 MB/s) - ‘/root/process_mining/announcements/data/01_05_2022/ann01.05.2022-16-20-01.json’ saved [60/60]

--2022-05-01 16:30:01--  https://files.cloudgdansk.pl/d/otwarte-dane/ztm/bsk.json
Resolving files.cloudgdansk.pl (files.cloudgdansk.pl)... 153.19.238.147
Connecting to files.cloudgdansk.pl (files.cloudgdansk.pl)|153.19.238.147|:443... connected.
HTTP request sent, awaiting response... 200 OK
Length: 60 [text/plain]
Saving to: ‘/root/process_mining/announcements/data/01_05_2022/ann01.05.2022-16-30-01.json’

     0K                                                       100% 11.9M=0s

2022-05-01 16:30:01 (11.9 MB/s) - ‘/root/process_mining/announcements/data/01_05_2022/ann01.05.2022-16-30-01.json’ saved [60/60]

--2022-05-01 16:40:01--  https://files.cloudgdansk.pl/d/otwarte-dane/ztm/bsk.json
Resolving files.cloudgdansk.pl (files.cloudgdansk.pl)... 153.19.238.147
Connecting to files.cloudgdansk.pl (files.cloudgdansk.pl)|153.19.238.147|:443... connected.
HTTP request sent, awaiting response... 200 OK
Length: 60 [text/plain]
Saving to: ‘/root/process_mining/announcements/data/01_05_2022/ann01.05.2022-16-40-01.json’

     0K                                                       100% 12.0M=0s

2022-05-01 16:40:01 (12.0 MB/s) - ‘/root/process_mining/announcements/data/01_05_2022/ann01.05.2022-16-40-01.json’ saved [60/60]

--2022-05-01 16:50:01--  https://files.cloudgdansk.pl/d/otwarte-dane/ztm/bsk.json
Resolving files.cloudgdansk.pl (files.cloudgdansk.pl)... 153.19.238.147
Connecting to files.cloudgdansk.pl (files.cloudgdansk.pl)|153.19.238.147|:443... connected.
HTTP request sent, awaiting response... 200 OK
Length: 60 [text/plain]
Saving to: ‘/root/process_mining/announcements/data/01_05_2022/ann01.05.2022-16-50-01.json’

     0K                                                       100% 12.7M=0s

2022-05-01 16:50:02 (12.7 MB/s) - ‘/root/process_mining/announcements/data/01_05_2022/ann01.05.2022-16-50-01.json’ saved [60/60]

--2022-05-01 17:00:01--  https://files.cloudgdansk.pl/d/otwarte-dane/ztm/bsk.json
Resolving files.cloudgdansk.pl (files.cloudgdansk.pl)... 153.19.238.147
Connecting to files.cloudgdansk.pl (files.cloudgdansk.pl)|153.19.238.147|:443... connected.
HTTP request sent, awaiting response... 200 OK
Length: 60 [text/plain]
Saving to: ‘/root/process_mining/announcements/data/01_05_2022/ann01.05.2022-17-00-01.json’

     0K                                                       100% 11.8M=0s

2022-05-01 17:00:01 (11.8 MB/s) - ‘/root/process_mining/announcements/data/01_05_2022/ann01.05.2022-17-00-01.json’ saved [60/60]

--2022-05-01 17:10:01--  https://files.cloudgdansk.pl/d/otwarte-dane/ztm/bsk.json
Resolving files.cloudgdansk.pl (files.cloudgdansk.pl)... 153.19.238.147
Connecting to files.cloudgdansk.pl (files.cloudgdansk.pl)|153.19.238.147|:443... connected.
HTTP request sent, awaiting response... 200 OK
Length: 60 [text/plain]
Saving to: ‘/root/process_mining/announcements/data/01_05_2022/ann01.05.2022-17-10-01.json’

     0K                                                       100% 12.1M=0s

2022-05-01 17:10:01 (12.1 MB/s) - ‘/root/process_mining/announcements/data/01_05_2022/ann01.05.2022-17-10-01.json’ saved [60/60]

--2022-05-01 17:20:01--  https://files.cloudgdansk.pl/d/otwarte-dane/ztm/bsk.json
Resolving files.cloudgdansk.pl (files.cloudgdansk.pl)... 153.19.238.147
Connecting to files.cloudgdansk.pl (files.cloudgdansk.pl)|153.19.238.147|:443... connected.
HTTP request sent, awaiting response... 200 OK
Length: 60 [text/plain]
Saving to: ‘/root/process_mining/announcements/data/01_05_2022/ann01.05.2022-17-20-01.json’

     0K                                                       100% 11.9M=0s

2022-05-01 17:20:02 (11.9 MB/s) - ‘/root/process_mining/announcements/data/01_05_2022/ann01.05.2022-17-20-01.json’ saved [60/60]

--2022-05-01 17:30:01--  https://files.cloudgdansk.pl/d/otwarte-dane/ztm/bsk.json
Resolving files.cloudgdansk.pl (files.cloudgdansk.pl)... 153.19.238.147
Connecting to files.cloudgdansk.pl (files.cloudgdansk.pl)|153.19.238.147|:443... connected.
HTTP request sent, awaiting response... 200 OK
Length: 60 [text/plain]
Saving to: ‘/root/process_mining/announcements/data/01_05_2022/ann01.05.2022-17-30-01.json’

     0K                                                       100% 9.30M=0s

2022-05-01 17:30:02 (9.30 MB/s) - ‘/root/process_mining/announcements/data/01_05_2022/ann01.05.2022-17-30-01.json’ saved [60/60]

--2022-05-01 17:40:01--  https://files.cloudgdansk.pl/d/otwarte-dane/ztm/bsk.json
Resolving files.cloudgdansk.pl (files.cloudgdansk.pl)... 153.19.238.147
Connecting to files.cloudgdansk.pl (files.cloudgdansk.pl)|153.19.238.147|:443... connected.
HTTP request sent, awaiting response... 200 OK
Length: 60 [text/plain]
Saving to: ‘/root/process_mining/announcements/data/01_05_2022/ann01.05.2022-17-40-01.json’

     0K                                                       100% 11.2M=0s

2022-05-01 17:40:02 (11.2 MB/s) - ‘/root/process_mining/announcements/data/01_05_2022/ann01.05.2022-17-40-01.json’ saved [60/60]

--2022-05-01 17:50:01--  https://files.cloudgdansk.pl/d/otwarte-dane/ztm/bsk.json
Resolving files.cloudgdansk.pl (files.cloudgdansk.pl)... 153.19.238.147
Connecting to files.cloudgdansk.pl (files.cloudgdansk.pl)|153.19.238.147|:443... connected.
HTTP request sent, awaiting response... 200 OK
Length: 60 [text/plain]
Saving to: ‘/root/process_mining/announcements/data/01_05_2022/ann01.05.2022-17-50-01.json’

     0K                                                       100% 12.4M=0s

2022-05-01 17:50:02 (12.4 MB/s) - ‘/root/process_mining/announcements/data/01_05_2022/ann01.05.2022-17-50-01.json’ saved [60/60]

--2022-05-01 18:00:01--  https://files.cloudgdansk.pl/d/otwarte-dane/ztm/bsk.json
Resolving files.cloudgdansk.pl (files.cloudgdansk.pl)... 153.19.238.147
Connecting to files.cloudgdansk.pl (files.cloudgdansk.pl)|153.19.238.147|:443... connected.
HTTP request sent, awaiting response... 200 OK
Length: 60 [text/plain]
Saving to: ‘/root/process_mining/announcements/data/01_05_2022/ann01.05.2022-18-00-01.json’

     0K                                                       100% 12.8M=0s

2022-05-01 18:00:02 (12.8 MB/s) - ‘/root/process_mining/announcements/data/01_05_2022/ann01.05.2022-18-00-01.json’ saved [60/60]

--2022-05-01 18:10:01--  https://files.cloudgdansk.pl/d/otwarte-dane/ztm/bsk.json
Resolving files.cloudgdansk.pl (files.cloudgdansk.pl)... 153.19.238.147
Connecting to files.cloudgdansk.pl (files.cloudgdansk.pl)|153.19.238.147|:443... connected.
HTTP request sent, awaiting response... 200 OK
Length: 60 [text/plain]
Saving to: ‘/root/process_mining/announcements/data/01_05_2022/ann01.05.2022-18-10-01.json’

     0K                                                       100% 11.4M=0s

2022-05-01 18:10:01 (11.4 MB/s) - ‘/root/process_mining/announcements/data/01_05_2022/ann01.05.2022-18-10-01.json’ saved [60/60]

--2022-05-01 18:20:01--  https://files.cloudgdansk.pl/d/otwarte-dane/ztm/bsk.json
Resolving files.cloudgdansk.pl (files.cloudgdansk.pl)... 153.19.238.147
Connecting to files.cloudgdansk.pl (files.cloudgdansk.pl)|153.19.238.147|:443... connected.
HTTP request sent, awaiting response... 200 OK
Length: 60 [text/plain]
Saving to: ‘/root/process_mining/announcements/data/01_05_2022/ann01.05.2022-18-20-01.json’

     0K                                                       100% 12.3M=0s

2022-05-01 18:20:01 (12.3 MB/s) - ‘/root/process_mining/announcements/data/01_05_2022/ann01.05.2022-18-20-01.json’ saved [60/60]

--2022-05-01 18:30:01--  https://files.cloudgdansk.pl/d/otwarte-dane/ztm/bsk.json
Resolving files.cloudgdansk.pl (files.cloudgdansk.pl)... 153.19.238.147
Connecting to files.cloudgdansk.pl (files.cloudgdansk.pl)|153.19.238.147|:443... connected.
HTTP request sent, awaiting response... 200 OK
Length: 60 [text/plain]
Saving to: ‘/root/process_mining/announcements/data/01_05_2022/ann01.05.2022-18-30-01.json’

     0K                                                       100% 12.0M=0s

2022-05-01 18:30:02 (12.0 MB/s) - ‘/root/process_mining/announcements/data/01_05_2022/ann01.05.2022-18-30-01.json’ saved [60/60]

--2022-05-01 18:40:01--  https://files.cloudgdansk.pl/d/otwarte-dane/ztm/bsk.json
Resolving files.cloudgdansk.pl (files.cloudgdansk.pl)... 153.19.238.147
Connecting to files.cloudgdansk.pl (files.cloudgdansk.pl)|153.19.238.147|:443... connected.
HTTP request sent, awaiting response... 200 OK
Length: 60 [text/plain]
Saving to: ‘/root/process_mining/announcements/data/01_05_2022/ann01.05.2022-18-40-01.json’

     0K                                                       100% 9.96M=0s

2022-05-01 18:40:01 (9.96 MB/s) - ‘/root/process_mining/announcements/data/01_05_2022/ann01.05.2022-18-40-01.json’ saved [60/60]

--2022-05-01 18:50:01--  https://files.cloudgdansk.pl/d/otwarte-dane/ztm/bsk.json
Resolving files.cloudgdansk.pl (files.cloudgdansk.pl)... 153.19.238.147
Connecting to files.cloudgdansk.pl (files.cloudgdansk.pl)|153.19.238.147|:443... connected.
HTTP request sent, awaiting response... 200 OK
Length: 60 [text/plain]
Saving to: ‘/root/process_mining/announcements/data/01_05_2022/ann01.05.2022-18-50-01.json’

     0K                                                       100% 12.0M=0s

2022-05-01 18:50:02 (12.0 MB/s) - ‘/root/process_mining/announcements/data/01_05_2022/ann01.05.2022-18-50-01.json’ saved [60/60]

--2022-05-01 19:00:01--  https://files.cloudgdansk.pl/d/otwarte-dane/ztm/bsk.json
Resolving files.cloudgdansk.pl (files.cloudgdansk.pl)... 153.19.238.147
Connecting to files.cloudgdansk.pl (files.cloudgdansk.pl)|153.19.238.147|:443... connected.
HTTP request sent, awaiting response... 200 OK
Length: 60 [text/plain]
Saving to: ‘/root/process_mining/announcements/data/01_05_2022/ann01.05.2022-19-00-01.json’

     0K                                                       100% 11.2M=0s

2022-05-01 19:00:02 (11.2 MB/s) - ‘/root/process_mining/announcements/data/01_05_2022/ann01.05.2022-19-00-01.json’ saved [60/60]

--2022-05-01 19:10:01--  https://files.cloudgdansk.pl/d/otwarte-dane/ztm/bsk.json
Resolving files.cloudgdansk.pl (files.cloudgdansk.pl)... 153.19.238.147
Connecting to files.cloudgdansk.pl (files.cloudgdansk.pl)|153.19.238.147|:443... connected.
HTTP request sent, awaiting response... 200 OK
Length: 60 [text/plain]
Saving to: ‘/root/process_mining/announcements/data/01_05_2022/ann01.05.2022-19-10-01.json’

     0K                                                       100% 12.3M=0s

2022-05-01 19:10:02 (12.3 MB/s) - ‘/root/process_mining/announcements/data/01_05_2022/ann01.05.2022-19-10-01.json’ saved [60/60]

--2022-05-01 19:20:01--  https://files.cloudgdansk.pl/d/otwarte-dane/ztm/bsk.json
Resolving files.cloudgdansk.pl (files.cloudgdansk.pl)... 153.19.238.147
Connecting to files.cloudgdansk.pl (files.cloudgdansk.pl)|153.19.238.147|:443... connected.
HTTP request sent, awaiting response... 200 OK
Length: 60 [text/plain]
Saving to: ‘/root/process_mining/announcements/data/01_05_2022/ann01.05.2022-19-20-01.json’

     0K                                                       100% 9.76M=0s

2022-05-01 19:20:02 (9.76 MB/s) - ‘/root/process_mining/announcements/data/01_05_2022/ann01.05.2022-19-20-01.json’ saved [60/60]

--2022-05-01 19:30:01--  https://files.cloudgdansk.pl/d/otwarte-dane/ztm/bsk.json
Resolving files.cloudgdansk.pl (files.cloudgdansk.pl)... 153.19.238.147
Connecting to files.cloudgdansk.pl (files.cloudgdansk.pl)|153.19.238.147|:443... connected.
HTTP request sent, awaiting response... 200 OK
Length: 60 [text/plain]
Saving to: ‘/root/process_mining/announcements/data/01_05_2022/ann01.05.2022-19-30-01.json’

     0K                                                       100% 12.2M=0s

2022-05-01 19:30:02 (12.2 MB/s) - ‘/root/process_mining/announcements/data/01_05_2022/ann01.05.2022-19-30-01.json’ saved [60/60]

--2022-05-01 19:40:01--  https://files.cloudgdansk.pl/d/otwarte-dane/ztm/bsk.json
Resolving files.cloudgdansk.pl (files.cloudgdansk.pl)... 153.19.238.147
Connecting to files.cloudgdansk.pl (files.cloudgdansk.pl)|153.19.238.147|:443... connected.
HTTP request sent, awaiting response... 200 OK
Length: 60 [text/plain]
Saving to: ‘/root/process_mining/announcements/data/01_05_2022/ann01.05.2022-19-40-01.json’

     0K                                                       100% 11.5M=0s

2022-05-01 19:40:01 (11.5 MB/s) - ‘/root/process_mining/announcements/data/01_05_2022/ann01.05.2022-19-40-01.json’ saved [60/60]

--2022-05-01 19:50:01--  https://files.cloudgdansk.pl/d/otwarte-dane/ztm/bsk.json
Resolving files.cloudgdansk.pl (files.cloudgdansk.pl)... 153.19.238.147
Connecting to files.cloudgdansk.pl (files.cloudgdansk.pl)|153.19.238.147|:443... connected.
HTTP request sent, awaiting response... 200 OK
Length: 60 [text/plain]
Saving to: ‘/root/process_mining/announcements/data/01_05_2022/ann01.05.2022-19-50-01.json’

     0K                                                       100% 11.9M=0s

2022-05-01 19:50:02 (11.9 MB/s) - ‘/root/process_mining/announcements/data/01_05_2022/ann01.05.2022-19-50-01.json’ saved [60/60]

--2022-05-01 20:00:01--  https://files.cloudgdansk.pl/d/otwarte-dane/ztm/bsk.json
Resolving files.cloudgdansk.pl (files.cloudgdansk.pl)... 153.19.238.147
Connecting to files.cloudgdansk.pl (files.cloudgdansk.pl)|153.19.238.147|:443... connected.
HTTP request sent, awaiting response... 200 OK
Length: 60 [text/plain]
Saving to: ‘/root/process_mining/announcements/data/01_05_2022/ann01.05.2022-20-00-01.json’

     0K                                                       100% 10.8M=0s

2022-05-01 20:00:02 (10.8 MB/s) - ‘/root/process_mining/announcements/data/01_05_2022/ann01.05.2022-20-00-01.json’ saved [60/60]

--2022-05-01 20:10:01--  https://files.cloudgdansk.pl/d/otwarte-dane/ztm/bsk.json
Resolving files.cloudgdansk.pl (files.cloudgdansk.pl)... 153.19.238.147
Connecting to files.cloudgdansk.pl (files.cloudgdansk.pl)|153.19.238.147|:443... connected.
HTTP request sent, awaiting response... 200 OK
Length: 60 [text/plain]
Saving to: ‘/root/process_mining/announcements/data/01_05_2022/ann01.05.2022-20-10-01.json’

     0K                                                       100% 11.1M=0s

2022-05-01 20:10:01 (11.1 MB/s) - ‘/root/process_mining/announcements/data/01_05_2022/ann01.05.2022-20-10-01.json’ saved [60/60]

--2022-05-01 20:20:01--  https://files.cloudgdansk.pl/d/otwarte-dane/ztm/bsk.json
Resolving files.cloudgdansk.pl (files.cloudgdansk.pl)... 153.19.238.147
Connecting to files.cloudgdansk.pl (files.cloudgdansk.pl)|153.19.238.147|:443... connected.
HTTP request sent, awaiting response... 200 OK
Length: 60 [text/plain]
Saving to: ‘/root/process_mining/announcements/data/01_05_2022/ann01.05.2022-20-20-01.json’

     0K                                                       100% 12.0M=0s

2022-05-01 20:20:02 (12.0 MB/s) - ‘/root/process_mining/announcements/data/01_05_2022/ann01.05.2022-20-20-01.json’ saved [60/60]

--2022-05-01 20:30:01--  https://files.cloudgdansk.pl/d/otwarte-dane/ztm/bsk.json
Resolving files.cloudgdansk.pl (files.cloudgdansk.pl)... 153.19.238.147
Connecting to files.cloudgdansk.pl (files.cloudgdansk.pl)|153.19.238.147|:443... connected.
HTTP request sent, awaiting response... 200 OK
Length: 60 [text/plain]
Saving to: ‘/root/process_mining/announcements/data/01_05_2022/ann01.05.2022-20-30-01.json’

     0K                                                       100% 11.4M=0s

2022-05-01 20:30:02 (11.4 MB/s) - ‘/root/process_mining/announcements/data/01_05_2022/ann01.05.2022-20-30-01.json’ saved [60/60]

--2022-05-01 20:40:01--  https://files.cloudgdansk.pl/d/otwarte-dane/ztm/bsk.json
Resolving files.cloudgdansk.pl (files.cloudgdansk.pl)... 153.19.238.147
Connecting to files.cloudgdansk.pl (files.cloudgdansk.pl)|153.19.238.147|:443... connected.
HTTP request sent, awaiting response... 200 OK
Length: 60 [text/plain]
Saving to: ‘/root/process_mining/announcements/data/01_05_2022/ann01.05.2022-20-40-01.json’

     0K                                                       100% 11.9M=0s

2022-05-01 20:40:02 (11.9 MB/s) - ‘/root/process_mining/announcements/data/01_05_2022/ann01.05.2022-20-40-01.json’ saved [60/60]

--2022-05-01 20:50:01--  https://files.cloudgdansk.pl/d/otwarte-dane/ztm/bsk.json
Resolving files.cloudgdansk.pl (files.cloudgdansk.pl)... 153.19.238.147
Connecting to files.cloudgdansk.pl (files.cloudgdansk.pl)|153.19.238.147|:443... connected.
HTTP request sent, awaiting response... 200 OK
Length: 60 [text/plain]
Saving to: ‘/root/process_mining/announcements/data/01_05_2022/ann01.05.2022-20-50-01.json’

     0K                                                       100% 13.1M=0s

2022-05-01 20:50:01 (13.1 MB/s) - ‘/root/process_mining/announcements/data/01_05_2022/ann01.05.2022-20-50-01.json’ saved [60/60]

--2022-05-01 21:00:01--  https://files.cloudgdansk.pl/d/otwarte-dane/ztm/bsk.json
Resolving files.cloudgdansk.pl (files.cloudgdansk.pl)... 153.19.238.147
Connecting to files.cloudgdansk.pl (files.cloudgdansk.pl)|153.19.238.147|:443... connected.
HTTP request sent, awaiting response... 200 OK
Length: 60 [text/plain]
Saving to: ‘/root/process_mining/announcements/data/01_05_2022/ann01.05.2022-21-00-01.json’

     0K                                                       100% 11.5M=0s

2022-05-01 21:00:01 (11.5 MB/s) - ‘/root/process_mining/announcements/data/01_05_2022/ann01.05.2022-21-00-01.json’ saved [60/60]

--2022-05-01 21:10:01--  https://files.cloudgdansk.pl/d/otwarte-dane/ztm/bsk.json
Resolving files.cloudgdansk.pl (files.cloudgdansk.pl)... 153.19.238.147
Connecting to files.cloudgdansk.pl (files.cloudgdansk.pl)|153.19.238.147|:443... connected.
HTTP request sent, awaiting response... 200 OK
Length: 60 [text/plain]
Saving to: ‘/root/process_mining/announcements/data/01_05_2022/ann01.05.2022-21-10-01.json’

     0K                                                       100% 12.1M=0s

2022-05-01 21:10:02 (12.1 MB/s) - ‘/root/process_mining/announcements/data/01_05_2022/ann01.05.2022-21-10-01.json’ saved [60/60]

--2022-05-01 21:20:01--  https://files.cloudgdansk.pl/d/otwarte-dane/ztm/bsk.json
Resolving files.cloudgdansk.pl (files.cloudgdansk.pl)... 153.19.238.147
Connecting to files.cloudgdansk.pl (files.cloudgdansk.pl)|153.19.238.147|:443... connected.
HTTP request sent, awaiting response... 200 OK
Length: 60 [text/plain]
Saving to: ‘/root/process_mining/announcements/data/01_05_2022/ann01.05.2022-21-20-01.json’

     0K                                                       100% 12.2M=0s

2022-05-01 21:20:01 (12.2 MB/s) - ‘/root/process_mining/announcements/data/01_05_2022/ann01.05.2022-21-20-01.json’ saved [60/60]

--2022-05-01 21:30:01--  https://files.cloudgdansk.pl/d/otwarte-dane/ztm/bsk.json
Resolving files.cloudgdansk.pl (files.cloudgdansk.pl)... 153.19.238.147
Connecting to files.cloudgdansk.pl (files.cloudgdansk.pl)|153.19.238.147|:443... connected.
HTTP request sent, awaiting response... 200 OK
Length: 60 [text/plain]
Saving to: ‘/root/process_mining/announcements/data/01_05_2022/ann01.05.2022-21-30-01.json’

     0K                                                       100% 12.5M=0s

2022-05-01 21:30:02 (12.5 MB/s) - ‘/root/process_mining/announcements/data/01_05_2022/ann01.05.2022-21-30-01.json’ saved [60/60]

--2022-05-01 21:40:01--  https://files.cloudgdansk.pl/d/otwarte-dane/ztm/bsk.json
Resolving files.cloudgdansk.pl (files.cloudgdansk.pl)... 153.19.238.147
Connecting to files.cloudgdansk.pl (files.cloudgdansk.pl)|153.19.238.147|:443... connected.
HTTP request sent, awaiting response... 200 OK
Length: 60 [text/plain]
Saving to: ‘/root/process_mining/announcements/data/01_05_2022/ann01.05.2022-21-40-01.json’

     0K                                                       100% 12.4M=0s

2022-05-01 21:40:02 (12.4 MB/s) - ‘/root/process_mining/announcements/data/01_05_2022/ann01.05.2022-21-40-01.json’ saved [60/60]

--2022-05-01 21:50:01--  https://files.cloudgdansk.pl/d/otwarte-dane/ztm/bsk.json
Resolving files.cloudgdansk.pl (files.cloudgdansk.pl)... 153.19.238.147
Connecting to files.cloudgdansk.pl (files.cloudgdansk.pl)|153.19.238.147|:443... connected.
HTTP request sent, awaiting response... 200 OK
Length: 60 [text/plain]
Saving to: ‘/root/process_mining/announcements/data/01_05_2022/ann01.05.2022-21-50-01.json’

     0K                                                       100% 11.8M=0s

2022-05-01 21:50:02 (11.8 MB/s) - ‘/root/process_mining/announcements/data/01_05_2022/ann01.05.2022-21-50-01.json’ saved [60/60]

--2022-05-01 22:00:01--  https://files.cloudgdansk.pl/d/otwarte-dane/ztm/bsk.json
Resolving files.cloudgdansk.pl (files.cloudgdansk.pl)... 153.19.238.147
Connecting to files.cloudgdansk.pl (files.cloudgdansk.pl)|153.19.238.147|:443... connected.
HTTP request sent, awaiting response... 200 OK
Length: 60 [text/plain]
Saving to: ‘/root/process_mining/announcements/data/01_05_2022/ann01.05.2022-22-00-01.json’

     0K                                                       100% 11.6M=0s

2022-05-01 22:00:01 (11.6 MB/s) - ‘/root/process_mining/announcements/data/01_05_2022/ann01.05.2022-22-00-01.json’ saved [60/60]

--2022-05-01 22:10:01--  https://files.cloudgdansk.pl/d/otwarte-dane/ztm/bsk.json
Resolving files.cloudgdansk.pl (files.cloudgdansk.pl)... 153.19.238.147
Connecting to files.cloudgdansk.pl (files.cloudgdansk.pl)|153.19.238.147|:443... connected.
HTTP request sent, awaiting response... 200 OK
Length: 60 [text/plain]
Saving to: ‘/root/process_mining/announcements/data/01_05_2022/ann01.05.2022-22-10-01.json’

     0K                                                       100% 12.1M=0s

2022-05-01 22:10:02 (12.1 MB/s) - ‘/root/process_mining/announcements/data/01_05_2022/ann01.05.2022-22-10-01.json’ saved [60/60]

--2022-05-01 22:20:01--  https://files.cloudgdansk.pl/d/otwarte-dane/ztm/bsk.json
Resolving files.cloudgdansk.pl (files.cloudgdansk.pl)... 153.19.238.147
Connecting to files.cloudgdansk.pl (files.cloudgdansk.pl)|153.19.238.147|:443... connected.
HTTP request sent, awaiting response... 200 OK
Length: 60 [text/plain]
Saving to: ‘/root/process_mining/announcements/data/01_05_2022/ann01.05.2022-22-20-01.json’

     0K                                                       100% 11.7M=0s

2022-05-01 22:20:01 (11.7 MB/s) - ‘/root/process_mining/announcements/data/01_05_2022/ann01.05.2022-22-20-01.json’ saved [60/60]

--2022-05-01 22:30:01--  https://files.cloudgdansk.pl/d/otwarte-dane/ztm/bsk.json
Resolving files.cloudgdansk.pl (files.cloudgdansk.pl)... 153.19.238.147
Connecting to files.cloudgdansk.pl (files.cloudgdansk.pl)|153.19.238.147|:443... connected.
HTTP request sent, awaiting response... 200 OK
Length: 60 [text/plain]
Saving to: ‘/root/process_mining/announcements/data/01_05_2022/ann01.05.2022-22-30-01.json’

     0K                                                       100% 10.9M=0s

2022-05-01 22:30:02 (10.9 MB/s) - ‘/root/process_mining/announcements/data/01_05_2022/ann01.05.2022-22-30-01.json’ saved [60/60]

--2022-05-01 22:40:01--  https://files.cloudgdansk.pl/d/otwarte-dane/ztm/bsk.json
Resolving files.cloudgdansk.pl (files.cloudgdansk.pl)... 153.19.238.147
Connecting to files.cloudgdansk.pl (files.cloudgdansk.pl)|153.19.238.147|:443... connected.
HTTP request sent, awaiting response... 200 OK
Length: 60 [text/plain]
Saving to: ‘/root/process_mining/announcements/data/01_05_2022/ann01.05.2022-22-40-01.json’

     0K                                                       100% 11.3M=0s

2022-05-01 22:40:01 (11.3 MB/s) - ‘/root/process_mining/announcements/data/01_05_2022/ann01.05.2022-22-40-01.json’ saved [60/60]

--2022-05-01 22:50:01--  https://files.cloudgdansk.pl/d/otwarte-dane/ztm/bsk.json
Resolving files.cloudgdansk.pl (files.cloudgdansk.pl)... 153.19.238.147
Connecting to files.cloudgdansk.pl (files.cloudgdansk.pl)|153.19.238.147|:443... connected.
HTTP request sent, awaiting response... 200 OK
Length: 60 [text/plain]
Saving to: ‘/root/process_mining/announcements/data/01_05_2022/ann01.05.2022-22-50-01.json’

     0K                                                       100% 10.9M=0s

2022-05-01 22:50:02 (10.9 MB/s) - ‘/root/process_mining/announcements/data/01_05_2022/ann01.05.2022-22-50-01.json’ saved [60/60]

--2022-05-01 23:00:01--  https://files.cloudgdansk.pl/d/otwarte-dane/ztm/bsk.json
Resolving files.cloudgdansk.pl (files.cloudgdansk.pl)... 153.19.238.147
Connecting to files.cloudgdansk.pl (files.cloudgdansk.pl)|153.19.238.147|:443... connected.
HTTP request sent, awaiting response... 200 OK
Length: 60 [text/plain]
Saving to: ‘/root/process_mining/announcements/data/01_05_2022/ann01.05.2022-23-00-01.json’

     0K                                                       100% 12.5M=0s

2022-05-01 23:00:02 (12.5 MB/s) - ‘/root/process_mining/announcements/data/01_05_2022/ann01.05.2022-23-00-01.json’ saved [60/60]

--2022-05-01 23:10:01--  https://files.cloudgdansk.pl/d/otwarte-dane/ztm/bsk.json
Resolving files.cloudgdansk.pl (files.cloudgdansk.pl)... 153.19.238.147
Connecting to files.cloudgdansk.pl (files.cloudgdansk.pl)|153.19.238.147|:443... connected.
HTTP request sent, awaiting response... 200 OK
Length: 60 [text/plain]
Saving to: ‘/root/process_mining/announcements/data/01_05_2022/ann01.05.2022-23-10-01.json’

     0K                                                       100% 13.1M=0s

2022-05-01 23:10:02 (13.1 MB/s) - ‘/root/process_mining/announcements/data/01_05_2022/ann01.05.2022-23-10-01.json’ saved [60/60]

--2022-05-01 23:20:01--  https://files.cloudgdansk.pl/d/otwarte-dane/ztm/bsk.json
Resolving files.cloudgdansk.pl (files.cloudgdansk.pl)... 153.19.238.147
Connecting to files.cloudgdansk.pl (files.cloudgdansk.pl)|153.19.238.147|:443... connected.
HTTP request sent, awaiting response... 200 OK
Length: 60 [text/plain]
Saving to: ‘/root/process_mining/announcements/data/01_05_2022/ann01.05.2022-23-20-01.json’

     0K                                                       100% 12.1M=0s

2022-05-01 23:20:01 (12.1 MB/s) - ‘/root/process_mining/announcements/data/01_05_2022/ann01.05.2022-23-20-01.json’ saved [60/60]

--2022-05-01 23:30:01--  https://files.cloudgdansk.pl/d/otwarte-dane/ztm/bsk.json
Resolving files.cloudgdansk.pl (files.cloudgdansk.pl)... 153.19.238.147
Connecting to files.cloudgdansk.pl (files.cloudgdansk.pl)|153.19.238.147|:443... connected.
HTTP request sent, awaiting response... 200 OK
Length: 60 [text/plain]
Saving to: ‘/root/process_mining/announcements/data/01_05_2022/ann01.05.2022-23-30-01.json’

     0K                                                       100% 12.5M=0s

2022-05-01 23:30:01 (12.5 MB/s) - ‘/root/process_mining/announcements/data/01_05_2022/ann01.05.2022-23-30-01.json’ saved [60/60]

--2022-05-01 23:40:01--  https://files.cloudgdansk.pl/d/otwarte-dane/ztm/bsk.json
Resolving files.cloudgdansk.pl (files.cloudgdansk.pl)... 153.19.238.147
Connecting to files.cloudgdansk.pl (files.cloudgdansk.pl)|153.19.238.147|:443... connected.
HTTP request sent, awaiting response... 200 OK
Length: 60 [text/plain]
Saving to: ‘/root/process_mining/announcements/data/01_05_2022/ann01.05.2022-23-40-01.json’

     0K                                                       100% 12.6M=0s

2022-05-01 23:40:02 (12.6 MB/s) - ‘/root/process_mining/announcements/data/01_05_2022/ann01.05.2022-23-40-01.json’ saved [60/60]

--2022-05-01 23:50:01--  https://files.cloudgdansk.pl/d/otwarte-dane/ztm/bsk.json
Resolving files.cloudgdansk.pl (files.cloudgdansk.pl)... 153.19.238.147
Connecting to files.cloudgdansk.pl (files.cloudgdansk.pl)|153.19.238.147|:443... connected.
HTTP request sent, awaiting response... 200 OK
Length: 60 [text/plain]
Saving to: ‘/root/process_mining/announcements/data/01_05_2022/ann01.05.2022-23-50-01.json’

     0K                                                       100% 11.6M=0s

2022-05-01 23:50:01 (11.6 MB/s) - ‘/root/process_mining/announcements/data/01_05_2022/ann01.05.2022-23-50-01.json’ saved [60/60]

