--2022-05-01 02:55:01--  https://ckan.multimediagdansk.pl/dataset/c24aa637-3619-4dc2-a171-a23eec8f2172/resource/3115d29d-b763-4af5-93f6-763b835967d6/download/stopsintrip.json
Resolving ckan.multimediagdansk.pl (ckan.multimediagdansk.pl)... 91.244.248.30
Connecting to ckan.multimediagdansk.pl (ckan.multimediagdansk.pl)|91.244.248.30|:443... connected.
HTTP request sent, awaiting response... 200 OK
Length: 44597592 (43M) [application/json]
Saving to: ‘/root/process_mining/trips_tracing/stopsintrip.json’

     0K .......... .......... .......... .......... ..........  0%  872K 50s
    50K .......... .......... .......... .......... ..........  0% 1.72M 37s
   100K .......... .......... .......... .......... ..........  0% 60.0M 25s
   150K .......... .......... .......... .......... ..........  0% 93.5M 19s
   200K .......... .......... .......... .......... ..........  0% 1.75M 20s
   250K .......... .......... .......... .......... ..........  0% 65.8M 17s
   300K .......... .......... .......... .......... ..........  0%  105M 14s
   350K .......... .......... .......... .......... ..........  0%  132M 13s
   400K .......... .......... .......... .......... ..........  1% 1.82M 14s
   450K .......... .......... .......... .......... ..........  1% 62.9M 12s
   500K .......... .......... .......... .......... ..........  1% 58.0M 11s
   550K .......... .......... .......... .......... ..........  1% 68.8M 10s
   600K .......... .......... .......... .......... ..........  1% 73.3M 10s
   650K .......... .......... .......... .......... ..........  1% 87.7M 9s
   700K .......... .......... .......... .......... ..........  1%  134M 8s
   750K .......... .......... .......... .......... ..........  1%  116M 8s
   800K .......... .......... .......... .......... ..........  1%  115M 7s
   850K .......... .......... .......... .......... ..........  2% 2.04M 8s
   900K .......... .......... .......... .......... ..........  2% 75.9M 8s
   950K .......... .......... .......... .......... ..........  2% 63.7M 7s
  1000K .......... .......... .......... .......... ..........  2% 63.7M 7s
  1050K .......... .......... .......... .......... ..........  2% 61.1M 7s
  1100K .......... .......... .......... .......... ..........  2% 64.8M 6s
  1150K .......... .......... .......... .......... ..........  2% 36.9M 6s
  1200K .......... .......... .......... .......... ..........  2% 64.9M 6s
  1250K .......... .......... .......... .......... ..........  2% 66.6M 6s
  1300K .......... .......... .......... .......... ..........  3% 62.2M 6s
  1350K .......... .......... .......... .......... ..........  3%  119M 5s
  1400K .......... .......... .......... .......... ..........  3%  151M 5s
  1450K .......... .......... .......... .......... ..........  3%  141M 5s
  1500K .......... .......... .......... .......... ..........  3%  136M 5s
  1550K .......... .......... .......... .......... ..........  3%  135M 5s
  1600K .......... .......... .......... .......... ..........  3%  130M 5s
  1650K .......... .......... .......... .......... ..........  3%  159M 4s
  1700K .......... .......... .......... .......... ..........  4%  154M 4s
  1750K .......... .......... .......... .......... ..........  4% 2.63M 5s
  1800K .......... .......... .......... .......... ..........  4% 79.5M 5s
  1850K .......... .......... .......... .......... ..........  4% 92.8M 4s
  1900K .......... .......... .......... .......... ..........  4% 74.7M 4s
  1950K .......... .......... .......... .......... ..........  4% 97.2M 4s
  2000K .......... .......... .......... .......... ..........  4% 84.5M 4s
  2050K .......... .......... .......... .......... ..........  4% 85.0M 4s
  2100K .......... .......... .......... .......... ..........  4% 86.8M 4s
  2150K .......... .......... .......... .......... ..........  5% 83.7M 4s
  2200K .......... .......... .......... .......... ..........  5% 60.4M 4s
  2250K .......... .......... .......... .......... ..........  5% 72.7M 4s
  2300K .......... .......... .......... .......... ..........  5% 79.9M 4s
  2350K .......... .......... .......... .......... ..........  5% 85.0M 4s
  2400K .......... .......... .......... .......... ..........  5% 91.2M 3s
  2450K .......... .......... .......... .......... ..........  5% 75.8M 3s
  2500K .......... .......... .......... .......... ..........  5% 81.4M 3s
  2550K .......... .......... .......... .......... ..........  5% 89.3M 3s
  2600K .......... .......... .......... .......... ..........  6% 79.2M 3s
  2650K .......... .......... .......... .......... ..........  6%  112M 3s
  2700K .......... .......... .......... .......... ..........  6%  117M 3s
  2750K .......... .......... .......... .......... ..........  6% 88.5M 3s
  2800K .......... .......... .......... .......... ..........  6% 59.6M 3s
  2850K .......... .......... .......... .......... ..........  6%  108M 3s
  2900K .......... .......... .......... .......... ..........  6%  130M 3s
  2950K .......... .......... .......... .......... ..........  6%  112M 3s
  3000K .......... .......... .......... .......... ..........  7%  111M 3s
  3050K .......... .......... .......... .......... ..........  7% 53.7M 3s
  3100K .......... .......... .......... .......... ..........  7% 23.6M 3s
  3150K .......... .......... .......... .......... ..........  7% 37.1M 3s
  3200K .......... .......... .......... .......... ..........  7% 28.1M 3s
  3250K .......... .......... .......... .......... ..........  7% 35.9M 3s
  3300K .......... .......... .......... .......... ..........  7% 26.2M 3s
  3350K .......... .......... .......... .......... ..........  7% 32.1M 3s
  3400K .......... .......... .......... .......... ..........  7% 37.2M 3s
  3450K .......... .......... .......... .......... ..........  8% 23.1M 3s
  3500K .......... .......... .......... .......... ..........  8% 21.5M 3s
  3550K .......... .......... .......... .......... ..........  8% 22.0M 3s
  3600K .......... .......... .......... .......... ..........  8% 18.1M 3s
  3650K .......... .......... .......... .......... ..........  8% 22.2M 3s
  3700K .......... .......... .......... .......... ..........  8% 17.4M 3s
  3750K .......... .......... .......... .......... ..........  8% 26.8M 3s
  3800K .......... .......... .......... .......... ..........  8% 33.5M 3s
  3850K .......... .......... .......... .......... ..........  8% 27.2M 3s
  3900K .......... .......... .......... .......... ..........  9% 25.2M 2s
  3950K .......... .......... .......... .......... ..........  9% 17.7M 2s
  4000K .......... .......... .......... .......... ..........  9% 62.3M 2s
  4050K .......... .......... .......... .......... ..........  9% 25.2M 2s
  4100K .......... .......... .......... .......... ..........  9% 24.7M 2s
  4150K .......... .......... .......... .......... ..........  9% 39.0M 2s
  4200K .......... .......... .......... .......... ..........  9% 25.0M 2s
  4250K .......... .......... .......... .......... ..........  9% 27.4M 2s
  4300K .......... .......... .......... .......... ..........  9% 32.8M 2s
  4350K .......... .......... .......... .......... .......... 10% 27.1M 2s
  4400K .......... .......... .......... .......... .......... 10% 31.1M 2s
  4450K .......... .......... .......... .......... .......... 10% 23.5M 2s
  4500K .......... .......... .......... .......... .......... 10% 32.0M 2s
  4550K .......... .......... .......... .......... .......... 10% 32.4M 2s
  4600K .......... .......... .......... .......... .......... 10% 23.7M 2s
  4650K .......... .......... .......... .......... .......... 10% 33.2M 2s
  4700K .......... .......... .......... .......... .......... 10% 20.6M 2s
  4750K .......... .......... .......... .......... .......... 11% 32.2M 2s
  4800K .......... .......... .......... .......... .......... 11% 26.8M 2s
  4850K .......... .......... .......... .......... .......... 11% 30.5M 2s
  4900K .......... .......... .......... .......... .......... 11% 22.9M 2s
  4950K .......... .......... .......... .......... .......... 11% 25.2M 2s
  5000K .......... .......... .......... .......... .......... 11% 31.1M 2s
  5050K .......... .......... .......... .......... .......... 11% 27.4M 2s
  5100K .......... .......... .......... .......... .......... 11% 24.7M 2s
  5150K .......... .......... .......... .......... .......... 11% 30.6M 2s
  5200K .......... .......... .......... .......... .......... 12% 25.7M 2s
  5250K .......... .......... .......... .......... .......... 12% 31.3M 2s
  5300K .......... .......... .......... .......... .......... 12% 21.6M 2s
  5350K .......... .......... .......... .......... .......... 12% 30.1M 2s
  5400K .......... .......... .......... .......... .......... 12% 29.7M 2s
  5450K .......... .......... .......... .......... .......... 12% 26.3M 2s
  5500K .......... .......... .......... .......... .......... 12% 26.8M 2s
  5550K .......... .......... .......... .......... .......... 12% 25.6M 2s
  5600K .......... .......... .......... .......... .......... 12% 27.8M 2s
  5650K .......... .......... .......... .......... .......... 13% 27.7M 2s
  5700K .......... .......... .......... .......... .......... 13% 24.4M 2s
  5750K .......... .......... .......... .......... .......... 13% 30.2M 2s
  5800K .......... .......... .......... .......... .......... 13% 25.9M 2s
  5850K .......... .......... .......... .......... .......... 13% 30.5M 2s
  5900K .......... .......... .......... .......... .......... 13% 25.7M 2s
  5950K .......... .......... .......... .......... .......... 13% 25.5M 2s
  6000K .......... .......... .......... .......... .......... 13% 31.8M 2s
  6050K .......... .......... .......... .......... .......... 14% 27.5M 2s
  6100K .......... .......... .......... .......... .......... 14% 24.2M 2s
  6150K .......... .......... .......... .......... .......... 14% 25.5M 2s
  6200K .......... .......... .......... .......... .......... 14% 30.1M 2s
  6250K .......... .......... .......... .......... .......... 14% 29.9M 2s
  6300K .......... .......... .......... .......... .......... 14% 27.1M 2s
  6350K .......... .......... .......... .......... .......... 14% 21.7M 2s
  6400K .......... .......... .......... .......... .......... 14% 26.3M 2s
  6450K .......... .......... .......... .......... .......... 14% 32.5M 2s
  6500K .......... .......... .......... .......... .......... 15% 31.3M 2s
  6550K .......... .......... .......... .......... .......... 15% 20.9M 2s
  6600K .......... .......... .......... .......... .......... 15% 31.3M 2s
  6650K .......... .......... .......... .......... .......... 15% 31.7M 2s
  6700K .......... .......... .......... .......... .......... 15% 27.0M 2s
  6750K .......... .......... .......... .......... .......... 15% 23.4M 2s
  6800K .......... .......... .......... .......... .......... 15% 25.9M 2s
  6850K .......... .......... .......... .......... .......... 15% 30.7M 2s
  6900K .......... .......... .......... .......... .......... 15% 31.7M 2s
  6950K .......... .......... .......... .......... .......... 16% 22.5M 2s
  7000K .......... .......... .......... .......... .......... 16% 32.3M 2s
  7050K .......... .......... .......... .......... .......... 16% 27.5M 2s
  7100K .......... .......... .......... .......... .......... 16% 28.9M 2s
  7150K .......... .......... .......... .......... .......... 16% 28.0M 2s
  7200K .......... .......... .......... .......... .......... 16% 25.7M 2s
  7250K .......... .......... .......... .......... .......... 16% 29.9M 2s
  7300K .......... .......... .......... .......... .......... 16% 26.7M 2s
  7350K .......... .......... .......... .......... .......... 16% 22.9M 2s
  7400K .......... .......... .......... .......... .......... 17% 31.2M 2s
  7450K .......... .......... .......... .......... .......... 17% 25.7M 2s
  7500K .......... .......... .......... .......... .......... 17% 29.4M 2s
  7550K .......... .......... .......... .......... .......... 17% 9.74M 2s
  7600K .......... .......... .......... .......... .......... 17%  145M 2s
  7650K .......... .......... .......... .......... .......... 17%  110M 2s
  7700K .......... .......... .......... .......... .......... 17% 30.4M 2s
  7750K .......... .......... .......... .......... .......... 17% 24.5M 2s
  7800K .......... .......... .......... .......... .......... 18% 23.9M 2s
  7850K .......... .......... .......... .......... .......... 18% 28.0M 2s
  7900K .......... .......... .......... .......... .......... 18% 26.4M 2s
  7950K .......... .......... .......... .......... .......... 18% 28.4M 2s
  8000K .......... .......... .......... .......... .......... 18% 7.94M 2s
  8050K .......... .......... .......... .......... .......... 18% 24.9M 2s
  8100K .......... .......... .......... .......... .......... 18% 29.8M 2s
  8150K .......... .......... .......... .......... .......... 18% 26.5M 2s
  8200K .......... .......... .......... .......... .......... 18% 24.3M 2s
  8250K .......... .......... .......... .......... .......... 19% 34.4M 2s
  8300K .......... .......... .......... .......... .......... 19% 31.5M 2s
  8350K .......... .......... .......... .......... .......... 19% 29.2M 2s
  8400K .......... .......... .......... .......... .......... 19% 17.7M 2s
  8450K .......... .......... .......... .......... .......... 19% 33.5M 2s
  8500K .......... .......... .......... .......... .......... 19% 26.6M 2s
  8550K .......... .......... .......... .......... .......... 19% 31.1M 2s
  8600K .......... .......... .......... .......... .......... 19% 30.4M 2s
  8650K .......... .......... .......... .......... .......... 19% 18.4M 2s
  8700K .......... .......... .......... .......... .......... 20% 42.1M 2s
  8750K .......... .......... .......... .......... .......... 20% 30.2M 2s
  8800K .......... .......... .......... .......... .......... 20% 37.1M 2s
  8850K .......... .......... .......... .......... .......... 20% 14.7M 2s
  8900K .......... .......... .......... .......... .......... 20% 29.5M 2s
  8950K .......... .......... .......... .......... .......... 20% 29.7M 2s
  9000K .......... .......... .......... .......... .......... 20% 28.1M 2s
  9050K .......... .......... .......... .......... .......... 20% 19.2M 2s
  9100K .......... .......... .......... .......... .......... 21% 32.7M 2s
  9150K .......... .......... .......... .......... .......... 21% 26.2M 2s
  9200K .......... .......... .......... .......... .......... 21% 34.4M 2s
  9250K .......... .......... .......... .......... .......... 21% 24.3M 2s
  9300K .......... .......... .......... .......... .......... 21% 20.0M 2s
  9350K .......... .......... .......... .......... .......... 21% 26.9M 2s
  9400K .......... .......... .......... .......... .......... 21% 32.0M 2s
  9450K .......... .......... .......... .......... .......... 21% 28.5M 2s
  9500K .......... .......... .......... .......... .......... 21% 23.4M 2s
  9550K .......... .......... .......... .......... .......... 22% 30.6M 2s
  9600K .......... .......... .......... .......... .......... 22% 22.3M 2s
  9650K .......... .......... .......... .......... .......... 22% 27.2M 2s
  9700K .......... .......... .......... .......... .......... 22% 26.7M 2s
  9750K .......... .......... .......... .......... .......... 22% 30.0M 2s
  9800K .......... .......... .......... .......... .......... 22% 24.2M 2s
  9850K .......... .......... .......... .......... .......... 22% 27.0M 2s
  9900K .......... .......... .......... .......... .......... 22% 32.1M 2s
  9950K .......... .......... .......... .......... .......... 22% 24.4M 2s
 10000K .......... .......... .......... .......... .......... 23% 3.99M 2s
 10050K .......... .......... .......... .......... .......... 23% 24.4M 2s
 10100K .......... .......... .......... .......... .......... 23% 44.6M 2s
 10150K .......... .......... .......... .......... .......... 23% 32.7M 2s
 10200K .......... .......... .......... .......... .......... 23% 32.9M 2s
 10250K .......... .......... .......... .......... .......... 23% 25.6M 2s
 10300K .......... .......... .......... .......... .......... 23% 33.1M 2s
 10350K .......... .......... .......... .......... .......... 23% 13.6M 2s
 10400K .......... .......... .......... .......... .......... 23% 33.2M 2s
 10450K .......... .......... .......... .......... .......... 24% 20.8M 2s
 10500K .......... .......... .......... .......... .......... 24% 35.9M 2s
 10550K .......... .......... .......... .......... .......... 24% 30.0M 2s
 10600K .......... .......... .......... .......... .......... 24% 37.7M 2s
 10650K .......... .......... .......... .......... .......... 24% 25.0M 2s
 10700K .......... .......... .......... .......... .......... 24% 35.7M 2s
 10750K .......... .......... .......... .......... .......... 24% 29.4M 2s
 10800K .......... .......... .......... .......... .......... 24% 37.4M 2s
 10850K .......... .......... .......... .......... .......... 25% 28.8M 2s
 10900K .......... .......... .......... .......... .......... 25% 23.2M 2s
 10950K .......... .......... .......... .......... .......... 25% 31.4M 2s
 11000K .......... .......... .......... .......... .......... 25% 30.2M 2s
 11050K .......... .......... .......... .......... .......... 25% 34.8M 2s
 11100K .......... .......... .......... .......... .......... 25% 26.6M 2s
 11150K .......... .......... .......... .......... .......... 25% 32.4M 2s
 11200K .......... .......... .......... .......... .......... 25% 36.4M 2s
 11250K .......... .......... .......... .......... .......... 25% 27.1M 2s
 11300K .......... .......... .......... .......... .......... 26% 27.5M 1s
 11350K .......... .......... .......... .......... .......... 26% 28.1M 1s
 11400K .......... .......... .......... .......... .......... 26% 34.3M 1s
 11450K .......... .......... .......... .......... .......... 26% 28.3M 1s
 11500K .......... .......... .......... .......... .......... 26% 27.3M 1s
 11550K .......... .......... .......... .......... .......... 26% 33.0M 1s
 11600K .......... .......... .......... .......... .......... 26% 29.8M 1s
 11650K .......... .......... .......... .......... .......... 26% 35.1M 1s
 11700K .......... .......... .......... .......... .......... 26% 24.4M 1s
 11750K .......... .......... .......... .......... .......... 27% 34.4M 1s
 11800K .......... .......... .......... .......... .......... 27% 28.2M 1s
 11850K .......... .......... .......... .......... .......... 27% 12.0M 1s
 11900K .......... .......... .......... .......... .......... 27%  126M 1s
 11950K .......... .......... .......... .......... .......... 27% 74.3M 1s
 12000K .......... .......... .......... .......... .......... 27% 33.5M 1s
 12050K .......... .......... .......... .......... .......... 27% 34.3M 1s
 12100K .......... .......... .......... .......... .......... 27% 30.1M 1s
 12150K .......... .......... .......... .......... .......... 28% 28.2M 1s
 12200K .......... .......... .......... .......... .......... 28% 29.1M 1s
 12250K .......... .......... .......... .......... .......... 28% 33.8M 1s
 12300K .......... .......... .......... .......... .......... 28% 35.4M 1s
 12350K .......... .......... .......... .......... .......... 28% 24.2M 1s
 12400K .......... .......... .......... .......... .......... 28% 34.4M 1s
 12450K .......... .......... .......... .......... .......... 28% 30.7M 1s
 12500K .......... .......... .......... .......... .......... 28% 32.9M 1s
 12550K .......... .......... .......... .......... .......... 28% 29.5M 1s
 12600K .......... .......... .......... .......... .......... 29% 25.1M 1s
 12650K .......... .......... .......... .......... .......... 29% 34.8M 1s
 12700K .......... .......... .......... .......... .......... 29% 30.8M 1s
 12750K .......... .......... .......... .......... .......... 29% 35.2M 1s
 12800K .......... .......... .......... .......... .......... 29% 29.5M 1s
 12850K .......... .......... .......... .......... .......... 29% 28.6M 1s
 12900K .......... .......... .......... .......... .......... 29% 33.0M 1s
 12950K .......... .......... .......... .......... .......... 29% 29.2M 1s
 13000K .......... .......... .......... .......... .......... 29% 24.5M 1s
 13050K .......... .......... .......... .......... .......... 30% 33.1M 1s
 13100K .......... .......... .......... .......... .......... 30% 34.8M 1s
 13150K .......... .......... .......... .......... .......... 30% 28.9M 1s
 13200K .......... .......... .......... .......... .......... 30% 27.5M 1s
 13250K .......... .......... .......... .......... .......... 30% 35.6M 1s
 13300K .......... .......... .......... .......... .......... 30% 29.2M 1s
 13350K .......... .......... .......... .......... .......... 30% 36.5M 1s
 13400K .......... .......... .......... .......... .......... 30% 22.8M 1s
 13450K .......... .......... .......... .......... .......... 30% 35.0M 1s
 13500K .......... .......... .......... .......... .......... 31% 29.4M 1s
 13550K .......... .......... .......... .......... .......... 31% 34.9M 1s
 13600K .......... .......... .......... .......... .......... 31% 35.5M 1s
 13650K .......... .......... .......... .......... .......... 31% 22.2M 1s
 13700K .......... .......... .......... .......... .......... 31% 34.9M 1s
 13750K .......... .......... .......... .......... .......... 31% 34.8M 1s
 13800K .......... .......... .......... .......... .......... 31% 28.4M 1s
 13850K .......... .......... .......... .......... .......... 31% 28.0M 1s
 13900K .......... .......... .......... .......... .......... 32% 28.9M 1s
 13950K .......... .......... .......... .......... .......... 32% 34.8M 1s
 14000K .......... .......... .......... .......... .......... 32% 34.9M 1s
 14050K .......... .......... .......... .......... .......... 32% 25.2M 1s
 14100K .......... .......... .......... .......... .......... 32% 33.9M 1s
 14150K .......... .......... .......... .......... .......... 32% 29.9M 1s
 14200K .......... .......... .......... .......... .......... 32% 35.9M 1s
 14250K .......... .......... .......... .......... .......... 32% 24.3M 1s
 14300K .......... .......... .......... .......... .......... 32% 32.4M 1s
 14350K .......... .......... .......... .......... .......... 33% 35.7M 1s
 14400K .......... .......... .......... .......... .......... 33% 29.8M 1s
 14450K .......... .......... .......... .......... .......... 33% 23.9M 1s
 14500K .......... .......... .......... .......... .......... 33% 34.9M 1s
 14550K .......... .......... .......... .......... .......... 33% 33.2M 1s
 14600K .......... .......... .......... .......... .......... 33% 29.3M 1s
 14650K .......... .......... .......... .......... .......... 33% 35.6M 1s
 14700K .......... .......... .......... .......... .......... 33% 26.1M 1s
 14750K .......... .......... .......... .......... .......... 33% 29.3M 1s
 14800K .......... .......... .......... .......... .......... 34% 34.6M 1s
 14850K .......... .......... .......... .......... .......... 34% 30.7M 1s
 14900K .......... .......... .......... .......... .......... 34% 25.4M 1s
 14950K .......... .......... .......... .......... .......... 34% 36.0M 1s
 15000K .......... .......... .......... .......... .......... 34% 29.6M 1s
 15050K .......... .......... .......... .......... .......... 34% 32.0M 1s
 15100K .......... .......... .......... .......... .......... 34% 32.3M 1s
 15150K .......... .......... .......... .......... .......... 34% 21.9M 1s
 15200K .......... .......... .......... .......... .......... 35% 32.6M 1s
 15250K .......... .......... .......... .......... .......... 35% 29.9M 1s
 15300K .......... .......... .......... .......... .......... 35% 34.3M 1s
 15350K .......... .......... .......... .......... .......... 35% 22.7M 1s
 15400K .......... .......... .......... .......... .......... 35% 34.2M 1s
 15450K .......... .......... .......... .......... .......... 35% 33.7M 1s
 15500K .......... .......... .......... .......... .......... 35% 28.5M 1s
 15550K .......... .......... .......... .......... .......... 35% 25.6M 1s
 15600K .......... .......... .......... .......... .......... 35% 27.3M 1s
 15650K .......... .......... .......... .......... .......... 36% 31.2M 1s
 15700K .......... .......... .......... .......... .......... 36% 33.9M 1s
 15750K .......... .......... .......... .......... .......... 36% 21.2M 1s
 15800K .......... .......... .......... .......... .......... 36% 35.3M 1s
 15850K .......... .......... .......... .......... .......... 36% 26.3M 1s
 15900K .......... .......... .......... .......... .......... 36% 34.2M 1s
 15950K .......... .......... .......... .......... .......... 36% 23.3M 1s
 16000K .......... .......... .......... .......... .......... 36% 30.8M 1s
 16050K .......... .......... .......... .......... .......... 36% 33.8M 1s
 16100K .......... .......... .......... .......... .......... 37% 27.9M 1s
 16150K .......... .......... .......... .......... .......... 37% 22.7M 1s
 16200K .......... .......... .......... .......... .......... 37% 18.1M 1s
 16250K .......... .......... .......... .......... .......... 37%  133M 1s
 16300K .......... .......... .......... .......... .......... 37% 30.7M 1s
 16350K .......... .......... .......... .......... .......... 37% 33.7M 1s
 16400K .......... .......... .......... .......... .......... 37% 24.7M 1s
 16450K .......... .......... .......... .......... .......... 37% 31.3M 1s
 16500K .......... .......... .......... .......... .......... 38% 34.4M 1s
 16550K .......... .......... .......... .......... .......... 38% 25.5M 1s
 16600K .......... .......... .......... .......... .......... 38% 28.5M 1s
 16650K .......... .......... .......... .......... .......... 38% 29.4M 1s
 16700K .......... .......... .......... .......... .......... 38% 28.6M 1s
 16750K .......... .......... .......... .......... .......... 38% 27.9M 1s
 16800K .......... .......... .......... .......... .......... 38% 14.3M 1s
 16850K .......... .......... .......... .......... .......... 38% 34.2M 1s
 16900K .......... .......... .......... .......... .......... 38% 30.1M 1s
 16950K .......... .......... .......... .......... .......... 39% 33.6M 1s
 17000K .......... .......... .......... .......... .......... 39% 35.9M 1s
 17050K .......... .......... .......... .......... .......... 39% 21.5M 1s
 17100K .......... .......... .......... .......... .......... 39% 33.7M 1s
 17150K .......... .......... .......... .......... .......... 39% 34.1M 1s
 17200K .......... .......... .......... .......... .......... 39% 29.4M 1s
 17250K .......... .......... .......... .......... .......... 39% 24.5M 1s
 17300K .......... .......... .......... .......... .......... 39% 31.2M 1s
 17350K .......... .......... .......... .......... .......... 39% 27.6M 1s
 17400K .......... .......... .......... .......... .......... 40% 33.3M 1s
 17450K .......... .......... .......... .......... .......... 40% 29.7M 1s
 17500K .......... .......... .......... .......... .......... 40% 18.2M 1s
 17550K .......... .......... .......... .......... .......... 40% 34.0M 1s
 17600K .......... .......... .......... .......... .......... 40% 29.8M 1s
 17650K .......... .......... .......... .......... .......... 40% 33.6M 1s
 17700K .......... .......... .......... .......... .......... 40% 23.1M 1s
 17750K .......... .......... .......... .......... .......... 40% 41.8M 1s
 17800K .......... .......... .......... .......... .......... 40% 31.0M 1s
 17850K .......... .......... .......... .......... .......... 41% 28.7M 1s
 17900K .......... .......... .......... .......... .......... 41% 34.6M 1s
 17950K .......... .......... .......... .......... .......... 41% 26.7M 1s
 18000K .......... .......... .......... .......... .......... 41% 23.8M 1s
 18050K .......... .......... .......... .......... .......... 41% 34.7M 1s
 18100K .......... .......... .......... .......... .......... 41% 35.9M 1s
 18150K .......... .......... .......... .......... .......... 41% 32.9M 1s
 18200K .......... .......... .......... .......... .......... 41% 27.0M 1s
 18250K .......... .......... .......... .......... .......... 42% 22.9M 1s
 18300K .......... .......... .......... .......... .......... 42% 34.1M 1s
 18350K .......... .......... .......... .......... .......... 42% 29.8M 1s
 18400K .......... .......... .......... .......... .......... 42% 35.8M 1s
 18450K .......... .......... .......... .......... .......... 42% 23.0M 1s
 18500K .......... .......... .......... .......... .......... 42% 31.9M 1s
 18550K .......... .......... .......... .......... .......... 42% 27.0M 1s
 18600K .......... .......... .......... .......... .......... 42% 30.4M 1s
 18650K .......... .......... .......... .......... .......... 42% 25.2M 1s
 18700K .......... .......... .......... .......... .......... 43% 12.2M 1s
 18750K .......... .......... .......... .......... .......... 43% 34.2M 1s
 18800K .......... .......... .......... .......... .......... 43% 27.1M 1s
 18850K .......... .......... .......... .......... .......... 43% 29.5M 1s
 18900K .......... .......... .......... .......... .......... 43% 1.62M 1s
 18950K .......... .......... .......... .......... .......... 43% 27.9M 1s
 19000K .......... .......... .......... .......... .......... 43% 34.6M 1s
 19050K .......... .......... .......... .......... .......... 43% 33.7M 1s
 19100K .......... .......... .......... .......... .......... 43% 28.7M 1s
 19150K .......... .......... .......... .......... .......... 44% 1.61M 1s
 19200K .......... .......... .......... .......... .......... 44% 29.6M 1s
 19250K .......... .......... .......... .......... .......... 44% 35.4M 1s
 19300K .......... .......... .......... .......... .......... 44% 37.9M 1s
 19350K .......... .......... .......... .......... .......... 44% 21.4M 1s
 19400K .......... .......... .......... .......... .......... 44% 36.5M 1s
 19450K .......... .......... .......... .......... .......... 44% 34.7M 1s
 19500K .......... .......... .......... .......... .......... 44% 33.1M 1s
 19550K .......... .......... .......... .......... .......... 45% 26.7M 1s
 19600K .......... .......... .......... .......... .......... 45% 40.1M 1s
 19650K .......... .......... .......... .......... .......... 45% 34.2M 1s
 19700K .......... .......... .......... .......... .......... 45% 30.9M 1s
 19750K .......... .......... .......... .......... .......... 45% 31.3M 1s
 19800K .......... .......... .......... .......... .......... 45% 26.0M 1s
 19850K .......... .......... .......... .......... .......... 45% 30.7M 1s
 19900K .......... .......... .......... .......... .......... 45% 37.1M 1s
 19950K .......... .......... .......... .......... .......... 45% 31.2M 1s
 20000K .......... .......... .......... .......... .......... 46% 26.7M 1s
 20050K .......... .......... .......... .......... .......... 46% 35.4M 1s
 20100K .......... .......... .......... .......... .......... 46% 25.6M 1s
 20150K .......... .......... .......... .......... .......... 46% 29.2M 1s
 20200K .......... .......... .......... .......... .......... 46% 24.7M 1s
 20250K .......... .......... .......... .......... .......... 46% 27.5M 1s
 20300K .......... .......... .......... .......... .......... 46% 29.3M 1s
 20350K .......... .......... .......... .......... .......... 46% 28.7M 1s
 20400K .......... .......... .......... .......... .......... 46% 30.3M 1s
 20450K .......... .......... .......... .......... .......... 47% 34.4M 1s
 20500K .......... .......... .......... .......... .......... 47% 30.9M 1s
 20550K .......... .......... .......... .......... .......... 47% 31.3M 1s
 20600K .......... .......... .......... .......... .......... 47% 24.9M 1s
 20650K .......... .......... .......... .......... .......... 47% 30.5M 1s
 20700K .......... .......... .......... .......... .......... 47% 33.7M 1s
 20750K .......... .......... .......... .......... .......... 47% 29.9M 1s
 20800K .......... .......... .......... .......... .......... 47% 34.6M 1s
 20850K .......... .......... .......... .......... .......... 47% 34.4M 1s
 20900K .......... .......... .......... .......... .......... 48% 29.3M 1s
 20950K .......... .......... .......... .......... .......... 48% 34.6M 1s
 21000K .......... .......... .......... .......... .......... 48% 28.9M 1s
 21050K .......... .......... .......... .......... .......... 48% 32.9M 1s
 21100K .......... .......... .......... .......... .......... 48% 33.5M 1s
 21150K .......... .......... .......... .......... .......... 48% 29.9M 1s
 21200K .......... .......... .......... .......... .......... 48% 34.7M 1s
 21250K .......... .......... .......... .......... .......... 48%  448K 1s
 21300K .......... .......... .......... .......... .......... 49% 95.6M 1s
 21350K .......... .......... .......... .......... .......... 49%  138M 1s
 21400K .......... .......... .......... .......... .......... 49%  137M 1s
 21450K .......... .......... .......... .......... .......... 49%  128M 1s
 21500K .......... .......... .......... .......... .......... 49%  107M 1s
 21550K .......... .......... .......... .......... .......... 49%  148M 1s
 21600K .......... .......... .......... .......... .......... 49%  139M 1s
 21650K .......... .......... .......... .......... .......... 49%  122M 1s
 21700K .......... .......... .......... .......... .......... 49% 98.6M 1s
 21750K .......... .......... .......... .......... .......... 50%  111M 1s
 21800K .......... .......... .......... .......... .......... 50%  151M 1s
 21850K .......... .......... .......... .......... .......... 50%  119M 1s
 21900K .......... .......... .......... .......... .......... 50%  125M 1s
 21950K .......... .......... .......... .......... .......... 50%  134M 1s
 22000K .......... .......... .......... .......... .......... 50%  121M 1s
 22050K .......... .......... .......... .......... .......... 50%  149M 1s
 22100K .......... .......... .......... .......... .......... 50%  111M 1s
 22150K .......... .......... .......... .......... .......... 50%  122M 1s
 22200K .......... .......... .......... .......... .......... 51%  150M 1s
 22250K .......... .......... .......... .......... .......... 51%  105M 1s
 22300K .......... .......... .......... .......... .......... 51%  137M 1s
 22350K .......... .......... .......... .......... .......... 51%  136M 1s
 22400K .......... .......... .......... .......... .......... 51% 13.3M 1s
 22450K .......... .......... .......... .......... .......... 51% 24.1M 1s
 22500K .......... .......... .......... .......... .......... 51% 10.4M 1s
 22550K .......... .......... .......... .......... .......... 51%  130M 1s
 22600K .......... .......... .......... .......... .......... 52% 8.85M 1s
 22650K .......... .......... .......... .......... .......... 52% 17.1M 1s
 22700K .......... .......... .......... .......... .......... 52% 4.08M 1s
 22750K .......... .......... .......... .......... .......... 52% 11.3M 1s
 22800K .......... .......... .......... .......... .......... 52%  158M 1s
 22850K .......... .......... .......... .......... .......... 52% 5.25M 1s
 22900K .......... .......... .......... .......... .......... 52% 7.94M 1s
 22950K .......... .......... .......... .......... .......... 52% 32.6M 1s
 23000K .......... .......... .......... .......... .......... 52% 15.1M 1s
 23050K .......... .......... .......... .......... .......... 53% 14.8M 1s
 23100K .......... .......... .......... .......... .......... 53% 14.0M 1s
 23150K .......... .......... .......... .......... .......... 53%  131M 1s
 23200K .......... .......... .......... .......... .......... 53% 5.46M 1s
 23250K .......... .......... .......... .......... .......... 53% 15.1M 1s
 23300K .......... .......... .......... .......... .......... 53% 7.05M 1s
 23350K .......... .......... .......... .......... .......... 53% 20.7M 1s
 23400K .......... .......... .......... .......... .......... 53% 8.41M 1s
 23450K .......... .......... .......... .......... .......... 53% 9.51M 1s
 23500K .......... .......... .......... .......... .......... 54% 12.9M 1s
 23550K .......... .......... .......... .......... .......... 54% 9.00M 1s
 23600K .......... .......... .......... .......... .......... 54% 13.9M 1s
 23650K .......... .......... .......... .......... .......... 54% 10.7M 1s
 23700K .......... .......... .......... .......... .......... 54%  123M 1s
 23750K .......... .......... .......... .......... .......... 54% 7.15M 1s
 23800K .......... .......... .......... .......... .......... 54% 12.3M 1s
 23850K .......... .......... .......... .......... .......... 54% 1.46M 1s
 23900K .......... .......... .......... .......... .......... 54% 11.3M 1s
 23950K .......... .......... .......... .......... .......... 55%  146M 1s
 24000K .......... .......... .......... .......... .......... 55%  127M 1s
 24050K .......... .......... .......... .......... .......... 55%  139M 1s
 24100K .......... .......... .......... .......... .......... 55%  155M 1s
 24150K .......... .......... .......... .......... .......... 55%  130M 1s
 24200K .......... .......... .......... .......... .......... 55%  143M 1s
 24250K .......... .......... .......... .......... .......... 55%  139M 1s
 24300K .......... .......... .......... .......... .......... 55% 17.6M 1s
 24350K .......... .......... .......... .......... .......... 56% 10.0M 1s
 24400K .......... .......... .......... .......... .......... 56% 11.6M 1s
 24450K .......... .......... .......... .......... .......... 56% 17.1M 1s
 24500K .......... .......... .......... .......... .......... 56% 11.8M 1s
 24550K .......... .......... .......... .......... .......... 56% 8.76M 1s
 24600K .......... .......... .......... .......... .......... 56% 1.47M 1s
 24650K .......... .......... .......... .......... .......... 56% 18.2M 1s
 24700K .......... .......... .......... .......... .......... 56% 7.73M 1s
 24750K .......... .......... .......... .......... .......... 56%  126M 1s
 24800K .......... .......... .......... .......... .......... 57%  150M 1s
 24850K .......... .......... .......... .......... .......... 57%  160M 1s
 24900K .......... .......... .......... .......... .......... 57%  125M 1s
 24950K .......... .......... .......... .......... .......... 57%  139M 1s
 25000K .......... .......... .......... .......... .......... 57%  111M 1s
 25050K .......... .......... .......... .......... .......... 57%  147M 1s
 25100K .......... .......... .......... .......... .......... 57%  154M 1s
 25150K .......... .......... .......... .......... .......... 57% 20.9M 1s
 25200K .......... .......... .......... .......... .......... 57% 10.0M 1s
 25250K .......... .......... .......... .......... .......... 58% 33.5M 1s
 25300K .......... .......... .......... .......... .......... 58% 1.42M 1s
 25350K .......... .......... .......... .......... .......... 58%  128M 1s
 25400K .......... .......... .......... .......... .......... 58%  120M 1s
 25450K .......... .......... .......... .......... .......... 58%  129M 1s
 25500K .......... .......... .......... .......... .......... 58%  112M 1s
 25550K .......... .......... .......... .......... .......... 58%  132M 1s
 25600K .......... .......... .......... .......... .......... 58%  121M 1s
 25650K .......... .......... .......... .......... .......... 59% 23.4M 1s
 25700K .......... .......... .......... .......... .......... 59% 11.4M 1s
 25750K .......... .......... .......... .......... .......... 59% 13.4M 1s
 25800K .......... .......... .......... .......... .......... 59%  153M 1s
 25850K .......... .......... .......... .......... .......... 59%  160M 1s
 25900K .......... .......... .......... .......... .......... 59%  122M 1s
 25950K .......... .......... .......... .......... .......... 59%  153M 1s
 26000K .......... .......... .......... .......... .......... 59% 2.09M 1s
 26050K .......... .......... .......... .......... .......... 59% 8.36M 1s
 26100K .......... .......... .......... .......... .......... 60%  156M 1s
 26150K .......... .......... .......... .......... .......... 60%  131M 1s
 26200K .......... .......... .......... .......... .......... 60%  111M 1s
 26250K .......... .......... .......... .......... .......... 60% 3.29M 1s
 26300K .......... .......... .......... .......... .......... 60% 9.22M 1s
 26350K .......... .......... .......... .......... .......... 60% 35.6M 1s
 26400K .......... .......... .......... .......... .......... 60% 6.28M 1s
 26450K .......... .......... .......... .......... .......... 60%  136M 1s
 26500K .......... .......... .......... .......... .......... 60%  138M 1s
 26550K .......... .......... .......... .......... .......... 61%  154M 1s
 26600K .......... .......... .......... .......... .......... 61%  139M 1s
 26650K .......... .......... .......... .......... .......... 61% 63.5M 1s
 26700K .......... .......... .......... .......... .......... 61% 9.92M 1s
 26750K .......... .......... .......... .......... .......... 61% 6.95M 1s
 26800K .......... .......... .......... .......... .......... 61% 11.6M 1s
 26850K .......... .......... .......... .......... .......... 61% 7.58M 1s
 26900K .......... .......... .......... .......... .......... 61% 5.01M 1s
 26950K .......... .......... .......... .......... .......... 61% 7.29M 1s
 27000K .......... .......... .......... .......... .......... 62% 4.45M 1s
 27050K .......... .......... .......... .......... .......... 62% 10.1M 1s
 27100K .......... .......... .......... .......... .......... 62% 6.74M 1s
 27150K .......... .......... .......... .......... .......... 62% 4.90M 1s
 27200K .......... .......... .......... .......... .......... 62% 5.43M 1s
 27250K .......... .......... .......... .......... .......... 62% 5.82M 1s
 27300K .......... .......... .......... .......... .......... 62% 6.23M 1s
 27350K .......... .......... .......... .......... .......... 62% 7.06M 1s
 27400K .......... .......... .......... .......... .......... 63% 6.36M 1s
 27450K .......... .......... .......... .......... .......... 63% 6.77M 1s
 27500K .......... .......... .......... .......... .......... 63% 4.91M 1s
 27550K .......... .......... .......... .......... .......... 63% 7.07M 1s
 27600K .......... .......... .......... .......... .......... 63% 7.19M 1s
 27650K .......... .......... .......... .......... .......... 63% 4.20M 1s
 27700K .......... .......... .......... .......... .......... 63% 7.09M 1s
 27750K .......... .......... .......... .......... .......... 63% 6.39M 1s
 27800K .......... .......... .......... .......... .......... 63% 7.89M 1s
 27850K .......... .......... .......... .......... .......... 64% 6.01M 1s
 27900K .......... .......... .......... .......... .......... 64% 5.00M 1s
 27950K .......... .......... .......... .......... .......... 64% 7.18M 1s
 28000K .......... .......... .......... .......... .......... 64% 4.27M 1s
 28050K .......... .......... .......... .......... .......... 64% 12.6M 1s
 28100K .......... .......... .......... .......... .......... 64% 5.59M 1s
 28150K .......... .......... .......... .......... .......... 64% 5.96M 1s
 28200K .......... .......... .......... .......... .......... 64% 6.16M 1s
 28250K .......... .......... .......... .......... .......... 64% 4.88M 1s
 28300K .......... .......... .......... .......... .......... 65% 7.43M 1s
 28350K .......... .......... .......... .......... .......... 65% 9.45M 1s
 28400K .......... .......... .......... .......... .......... 65% 6.63M 1s
 28450K .......... .......... .......... .......... .......... 65% 4.35M 1s
 28500K .......... .......... .......... .......... .......... 65% 6.23M 1s
 28550K .......... .......... .......... .......... .......... 65% 5.61M 1s
 28600K .......... .......... .......... .......... .......... 65% 12.7M 1s
 28650K .......... .......... .......... .......... .......... 65% 4.77M 1s
 28700K .......... .......... .......... .......... .......... 66% 7.23M 1s
 28750K .......... .......... .......... .......... .......... 66% 5.83M 1s
 28800K .......... .......... .......... .......... .......... 66% 5.10M 1s
 28850K .......... .......... .......... .......... .......... 66% 7.20M 1s
 28900K .......... .......... .......... .......... .......... 66% 7.31M 1s
 28950K .......... .......... .......... .......... .......... 66% 8.62M 1s
 29000K .......... .......... .......... .......... .......... 66% 4.36M 1s
 29050K .......... .......... .......... .......... .......... 66% 6.38M 1s
 29100K .......... .......... .......... .......... .......... 66% 5.64M 1s
 29150K .......... .......... .......... .......... .......... 67% 21.0M 1s
 29200K .......... .......... .......... .......... .......... 67% 4.65M 1s
 29250K .......... .......... .......... .......... .......... 67% 6.69M 1s
 29300K .......... .......... .......... .......... .......... 67% 5.14M 1s
 29350K .......... .......... .......... .......... .......... 67% 5.25M 1s
 29400K .......... .......... .......... .......... .......... 67% 5.75M 1s
 29450K .......... .......... .......... .......... .......... 67% 21.6M 1s
 29500K .......... .......... .......... .......... .......... 67% 5.58M 1s
 29550K .......... .......... .......... .......... .......... 67% 4.50M 1s
 29600K .......... .......... .......... .......... .......... 68% 6.37M 1s
 29650K .......... .......... .......... .......... .......... 68% 9.57M 1s
 29700K .......... .......... .......... .......... .......... 68% 9.73M 1s
 29750K .......... .......... .......... .......... .......... 68% 4.45M 1s
 29800K .......... .......... .......... .......... .......... 68% 6.30M 1s
 29850K .......... .......... .......... .......... .......... 68% 5.81M 1s
 29900K .......... .......... .......... .......... .......... 68% 19.6M 1s
 29950K .......... .......... .......... .......... .......... 68% 4.91M 1s
 30000K .......... .......... .......... .......... .......... 68% 6.20M 1s
 30050K .......... .......... .......... .......... .......... 69% 5.18M 1s
 30100K .......... .......... .......... .......... .......... 69% 35.8M 1s
 30150K .......... .......... .......... .......... .......... 69% 3.02M 1s
 30200K .......... .......... .......... .......... .......... 69% 29.7M 1s
 30250K .......... .......... .......... .......... .......... 69% 5.10M 1s
 30300K .......... .......... .......... .......... .......... 69% 4.57M 1s
 30350K .......... .......... .......... .......... .......... 69% 6.37M 1s
 30400K .......... .......... .......... .......... .......... 69% 32.4M 1s
 30450K .......... .......... .......... .......... .......... 70% 5.56M 1s
 30500K .......... .......... .......... .......... .......... 70% 4.54M 1s
 30550K .......... .......... .......... .......... .......... 70% 6.17M 1s
 30600K .......... .......... .......... .......... .......... 70% 5.99M 1s
 30650K .......... .......... .......... .......... .......... 70% 25.9M 1s
 30700K .......... .......... .......... .......... .......... 70% 4.50M 1s
 30750K .......... .......... .......... .......... .......... 70% 6.21M 1s
 30800K .......... .......... .......... .......... .......... 70% 5.26M 1s
 30850K .......... .......... .......... .......... .......... 70% 38.4M 1s
 30900K .......... .......... .......... .......... .......... 71% 4.64M 1s
 30950K .......... .......... .......... .......... .......... 71% 6.44M 1s
 31000K .......... .......... .......... .......... .......... 71% 5.14M 1s
 31050K .......... .......... .......... .......... .......... 71% 16.2M 1s
 31100K .......... .......... .......... .......... .......... 71% 4.84M 1s
 31150K .......... .......... .......... .......... .......... 71% 7.35M 1s
 31200K .......... .......... .......... .......... .......... 71% 5.51M 1s
 31250K .......... .......... .......... .......... .......... 71% 4.52M 1s
 31300K .......... .......... .......... .......... .......... 71% 6.76M 1s
 31350K .......... .......... .......... .......... .......... 72% 5.08M 1s
 31400K .......... .......... .......... .......... .......... 72% 43.9M 1s
 31450K .......... .......... .......... .......... .......... 72% 4.58M 1s
 31500K .......... .......... .......... .......... .......... 72% 6.30M 1s
 31550K .......... .......... .......... .......... .......... 72% 5.19M 1s
 31600K .......... .......... .......... .......... .......... 72% 31.4M 1s
 31650K .......... .......... .......... .......... .......... 72% 4.76M 1s
 31700K .......... .......... .......... .......... .......... 72% 6.44M 1s
 31750K .......... .......... .......... .......... .......... 73% 5.19M 1s
 31800K .......... .......... .......... .......... .......... 73% 16.3M 1s
 31850K .......... .......... .......... .......... .......... 73% 5.69M 1s
 31900K .......... .......... .......... .......... .......... 73% 5.98M 1s
 31950K .......... .......... .......... .......... .......... 73% 5.55M 1s
 32000K .......... .......... .......... .......... .......... 73% 9.20M 1s
 32050K .......... .......... .......... .......... .......... 73% 5.08M 1s
 32100K .......... .......... .......... .......... .......... 73% 9.98M 1s
 32150K .......... .......... .......... .......... .......... 73% 5.47M 1s
 32200K .......... .......... .......... .......... .......... 74% 9.42M 1s
 32250K .......... .......... .......... .......... .......... 74% 3.64M 1s
 32300K .......... .......... .......... .......... .......... 74% 20.9M 1s
 32350K .......... .......... .......... .......... .......... 74% 6.40M 1s
 32400K .......... .......... .......... .......... .......... 74% 4.53M 1s
 32450K .......... .......... .......... .......... .......... 74% 6.22M 1s
 32500K .......... .......... .......... .......... .......... 74% 5.38M 1s
 32550K .......... .......... .......... .......... .......... 74% 51.1M 1s
 32600K .......... .......... .......... .......... .......... 74% 4.61M 1s
 32650K .......... .......... .......... .......... .......... 75% 6.12M 1s
 32700K .......... .......... .......... .......... .......... 75% 5.41M 1s
 32750K .......... .......... .......... .......... .......... 75% 48.8M 1s
 32800K .......... .......... .......... .......... .......... 75% 4.40M 1s
 32850K .......... .......... .......... .......... .......... 75% 6.60M 1s
 32900K .......... .......... .......... .......... .......... 75% 5.30M 1s
 32950K .......... .......... .......... .......... .......... 75% 40.9M 1s
 33000K .......... .......... .......... .......... .......... 75% 4.49M 1s
 33050K .......... .......... .......... .......... .......... 76% 6.63M 1s
 33100K .......... .......... .......... .......... .......... 76% 5.33M 1s
 33150K .......... .......... .......... .......... .......... 76% 38.1M 1s
 33200K .......... .......... .......... .......... .......... 76% 4.59M 1s
 33250K .......... .......... .......... .......... .......... 76% 6.23M 1s
 33300K .......... .......... .......... .......... .......... 76% 5.49M 1s
 33350K .......... .......... .......... .......... .......... 76% 43.3M 1s
 33400K .......... .......... .......... .......... .......... 76% 4.53M 1s
 33450K .......... .......... .......... .......... .......... 76% 6.35M 1s
 33500K .......... .......... .......... .......... .......... 77% 5.36M 1s
 33550K .......... .......... .......... .......... .......... 77% 45.1M 1s
 33600K .......... .......... .......... .......... .......... 77% 4.59M 1s
 33650K .......... .......... .......... .......... .......... 77% 6.29M 1s
 33700K .......... .......... .......... .......... .......... 77% 5.36M 1s
 33750K .......... .......... .......... .......... .......... 77% 46.4M 1s
 33800K .......... .......... .......... .......... .......... 77% 4.60M 1s
 33850K .......... .......... .......... .......... .......... 77% 6.38M 1s
 33900K .......... .......... .......... .......... .......... 77% 5.28M 1s
 33950K .......... .......... .......... .......... .......... 78% 55.7M 1s
 34000K .......... .......... .......... .......... .......... 78% 4.53M 1s
 34050K .......... .......... .......... .......... .......... 78% 6.36M 1s
 34100K .......... .......... .......... .......... .......... 78% 5.33M 1s
 34150K .......... .......... .......... .......... .......... 78% 53.3M 1s
 34200K .......... .......... .......... .......... .......... 78% 4.55M 1s
 34250K .......... .......... .......... .......... .......... 78% 6.14M 1s
 34300K .......... .......... .......... .......... .......... 78% 5.41M 1s
 34350K .......... .......... .......... .......... .......... 78% 71.3M 1s
 34400K .......... .......... .......... .......... .......... 79% 4.40M 1s
 34450K .......... .......... .......... .......... .......... 79% 6.30M 1s
 34500K .......... .......... .......... .......... .......... 79% 5.39M 1s
 34550K .......... .......... .......... .......... .......... 79% 69.7M 1s
 34600K .......... .......... .......... .......... .......... 79% 9.81M 1s
 34650K .......... .......... .......... .......... .......... 79% 3.54M 1s
 34700K .......... .......... .......... .......... .......... 79% 5.45M 1s
 34750K .......... .......... .......... .......... .......... 79% 52.3M 1s
 34800K .......... .......... .......... .......... .......... 80% 9.90M 1s
 34850K .......... .......... .......... .......... .......... 80% 3.69M 1s
 34900K .......... .......... .......... .......... .......... 80% 5.19M 1s
 34950K .......... .......... .......... .......... .......... 80% 57.6M 1s
 35000K .......... .......... .......... .......... .......... 80% 9.67M 1s
 35050K .......... .......... .......... .......... .......... 80% 3.69M 1s
 35100K .......... .......... .......... .......... .......... 80% 5.26M 1s
 35150K .......... .......... .......... .......... .......... 80% 38.4M 1s
 35200K .......... .......... .......... .......... .......... 80% 10.3M 1s
 35250K .......... .......... .......... .......... .......... 81% 3.68M 1s
 35300K .......... .......... .......... .......... .......... 81% 5.27M 1s
 35350K .......... .......... .......... .......... .......... 81% 43.9M 1s
 35400K .......... .......... .......... .......... .......... 81% 10.0M 1s
 35450K .......... .......... .......... .......... .......... 81% 6.29M 1s
 35500K .......... .......... .......... .......... .......... 81% 3.31M 1s
 35550K .......... .......... .......... .......... .......... 81% 44.4M 1s
 35600K .......... .......... .......... .......... .......... 81% 10.2M 1s
 35650K .......... .......... .......... .......... .......... 81% 6.21M 1s
 35700K .......... .......... .......... .......... .......... 82% 3.34M 1s
 35750K .......... .......... .......... .......... .......... 82% 37.6M 1s
 35800K .......... .......... .......... .......... .......... 82% 11.2M 1s
 35850K .......... .......... .......... .......... .......... 82% 6.06M 1s
 35900K .......... .......... .......... .......... .......... 82% 3.31M 1s
 35950K .......... .......... .......... .......... .......... 82% 46.3M 1s
 36000K .......... .......... .......... .......... .......... 82% 10.6M 1s
 36050K .......... .......... .......... .......... .......... 82% 5.99M 1s
 36100K .......... .......... .......... .......... .......... 83% 6.68M 1s
 36150K .......... .......... .......... .......... .......... 83% 5.80M 1s
 36200K .......... .......... .......... .......... .......... 83% 27.0M 1s
 36250K .......... .......... .......... .......... .......... 83% 5.24M 1s
 36300K .......... .......... .......... .......... .......... 83% 6.10M 1s
 36350K .......... .......... .......... .......... .......... 83% 5.31M 1s
 36400K .......... .......... .......... .......... .......... 83% 25.3M 1s
 36450K .......... .......... .......... .......... .......... 83% 12.6M 1s
 36500K .......... .......... .......... .......... .......... 83% 3.62M 1s
 36550K .......... .......... .......... .......... .......... 84% 5.44M 1s
 36600K .......... .......... .......... .......... .......... 84% 24.3M 1s
 36650K .......... .......... .......... .......... .......... 84% 12.2M 1s
 36700K .......... .......... .......... .......... .......... 84% 5.35M 1s
 36750K .......... .......... .......... .......... .......... 84% 3.67M 1s
 36800K .......... .......... .......... .......... .......... 84% 44.5M 1s
 36850K .......... .......... .......... .......... .......... 84% 10.3M 1s
 36900K .......... .......... .......... .......... .......... 84% 6.22M 1s
 36950K .......... .......... .......... .......... .......... 84% 6.70M 1s
 37000K .......... .......... .......... .......... .......... 85% 5.72M 1s
 37050K .......... .......... .......... .......... .......... 85% 11.5M 1s
 37100K .......... .......... .......... .......... .......... 85% 15.6M 1s
 37150K .......... .......... .......... .......... .......... 85% 3.91M 1s
 37200K .......... .......... .......... .......... .......... 85% 5.87M 0s
 37250K .......... .......... .......... .......... .......... 85% 13.6M 0s
 37300K .......... .......... .......... .......... .......... 85% 12.1M 0s
 37350K .......... .......... .......... .......... .......... 85% 4.22M 0s
 37400K .......... .......... .......... .......... .......... 85% 5.28M 0s
 37450K .......... .......... .......... .......... .......... 86% 14.2M 0s
 37500K .......... .......... .......... .......... .......... 86% 11.7M 0s
 37550K .......... .......... .......... .......... .......... 86% 4.27M 0s
 37600K .......... .......... .......... .......... .......... 86% 30.6M 0s
 37650K .......... .......... .......... .......... .......... 86% 5.74M 0s
 37700K .......... .......... .......... .......... .......... 86% 10.3M 0s
 37750K .......... .......... .......... .......... .......... 86% 4.55M 0s
 37800K .......... .......... .......... .......... .......... 86% 11.2M 0s
 37850K .......... .......... .......... .......... .......... 87% 5.78M 0s
 37900K .......... .......... .......... .......... .......... 87% 11.1M 0s
 37950K .......... .......... .......... .......... .......... 87% 11.2M 0s
 38000K .......... .......... .......... .......... .......... 87% 4.34M 0s
 38050K .......... .......... .......... .......... .......... 87% 5.75M 0s
 38100K .......... .......... .......... .......... .......... 87% 14.6M 0s
 38150K .......... .......... .......... .......... .......... 87% 9.31M 0s
 38200K .......... .......... .......... .......... .......... 87% 4.67M 0s
 38250K .......... .......... .......... .......... .......... 87% 5.21M 0s
 38300K .......... .......... .......... .......... .......... 88% 91.8M 0s
 38350K .......... .......... .......... .......... .......... 88% 10.2M 0s
 38400K .......... .......... .......... .......... .......... 88% 4.59M 0s
 38450K .......... .......... .......... .......... .......... 88% 10.9M 0s
 38500K .......... .......... .......... .......... .......... 88% 5.74M 0s
 38550K .......... .......... .......... .......... .......... 88% 11.5M 0s
 38600K .......... .......... .......... .......... .......... 88% 6.06M 0s
 38650K .......... .......... .......... .......... .......... 88% 6.40M 0s
 38700K .......... .......... .......... .......... .......... 88% 5.80M 0s
 38750K .......... .......... .......... .......... .......... 89% 11.4M 0s
 38800K .......... .......... .......... .......... .......... 89% 17.1M 0s
 38850K .......... .......... .......... .......... .......... 89% 4.96M 0s
 38900K .......... .......... .......... .......... .......... 89% 4.31M 0s
 38950K .......... .......... .......... .......... .......... 89% 19.0M 0s
 39000K .......... .......... .......... .......... .......... 89% 17.8M 0s
 39050K .......... .......... .......... .......... .......... 89% 4.17M 0s
 39100K .......... .......... .......... .......... .......... 89% 14.2M 0s
 39150K .......... .......... .......... .......... .......... 90% 5.78M 0s
 39200K .......... .......... .......... .......... .......... 90% 10.3M 0s
 39250K .......... .......... .......... .......... .......... 90% 6.53M 0s
 39300K .......... .......... .......... .......... .......... 90% 6.34M 0s
 39350K .......... .......... .......... .......... .......... 90% 5.80M 0s
 39400K .......... .......... .......... .......... .......... 90% 11.5M 0s
 39450K .......... .......... .......... .......... .......... 90% 18.2M 0s
 39500K .......... .......... .......... .......... .......... 90% 4.83M 0s
 39550K .......... .......... .......... .......... .......... 90% 13.5M 0s
 39600K .......... .......... .......... .......... .......... 91% 5.91M 0s
 39650K .......... .......... .......... .......... .......... 91% 10.1M 0s
 39700K .......... .......... .......... .......... .......... 91% 4.76M 0s
 39750K .......... .......... .......... .......... .......... 91% 9.96M 0s
 39800K .......... .......... .......... .......... .......... 91% 5.84M 0s
 39850K .......... .......... .......... .......... .......... 91% 11.8M 0s
 39900K .......... .......... .......... .......... .......... 91% 6.18M 0s
 39950K .......... .......... .......... .......... .......... 91% 6.60M 0s
 40000K .......... .......... .......... .......... .......... 91% 5.71M 0s
 40050K .......... .......... .......... .......... .......... 92% 13.2M 0s
 40100K .......... .......... .......... .......... .......... 92% 24.3M 0s
 40150K .......... .......... .......... .......... .......... 92% 4.23M 0s
 40200K .......... .......... .......... .......... .......... 92% 13.6M 0s
 40250K .......... .......... .......... .......... .......... 92% 5.79M 0s
 40300K .......... .......... .......... .......... .......... 92% 9.85M 0s
 40350K .......... .......... .......... .......... .......... 92% 10.4M 0s
 40400K .......... .......... .......... .......... .......... 92% 4.75M 0s
 40450K .......... .......... .......... .......... .......... 92% 18.1M 0s
 40500K .......... .......... .......... .......... .......... 93% 4.96M 0s
 40550K .......... .......... .......... .......... .......... 93% 8.92M 0s
 40600K .......... .......... .......... .......... .......... 93% 6.72M 0s
 40650K .......... .......... .......... .......... .......... 93% 13.2M 0s
 40700K .......... .......... .......... .......... .......... 93% 5.91M 0s
 40750K .......... .......... .......... .......... .......... 93% 9.77M 0s
 40800K .......... .......... .......... .......... .......... 93% 5.95M 0s
 40850K .......... .......... .......... .......... .......... 93% 7.42M 0s
 40900K .......... .......... .......... .......... .......... 94% 16.8M 0s
 40950K .......... .......... .......... .......... .......... 94% 4.98M 0s
 41000K .......... .......... .......... .......... .......... 94% 8.99M 0s
 41050K .......... .......... .......... .......... .......... 94% 6.77M 0s
 41100K .......... .......... .......... .......... .......... 94% 8.77M 0s
 41150K .......... .......... .......... .......... .......... 94% 5.34M 0s
 41200K .......... .......... .......... .......... .......... 94% 21.5M 0s
 41250K .......... .......... .......... .......... .......... 94% 5.10M 0s
 41300K .......... .......... .......... .......... .......... 94% 9.17M 0s
 41350K .......... .......... .......... .......... .......... 95% 5.89M 0s
 41400K .......... .......... .......... .......... .......... 95% 9.69M 0s
 41450K .......... .......... .......... .......... .......... 95% 10.4M 0s
 41500K .......... .......... .......... .......... .......... 95% 4.81M 0s
 41550K .......... .......... .......... .......... .......... 95% 65.3M 0s
 41600K .......... .......... .......... .......... .......... 95% 4.07M 0s
 41650K .......... .......... .......... .......... .......... 95% 18.6M 0s
 41700K .......... .......... .......... .......... .......... 95% 6.00M 0s
 41750K .......... .......... .......... .......... .......... 95% 8.86M 0s
 41800K .......... .......... .......... .......... .......... 96% 6.01M 0s
 41850K .......... .......... .......... .......... .......... 96% 11.1M 0s
 41900K .......... .......... .......... .......... .......... 96% 8.90M 0s
 41950K .......... .......... .......... .......... .......... 96% 4.88M 0s
 42000K .......... .......... .......... .......... .......... 96% 15.7M 0s
 42050K .......... .......... .......... .......... .......... 96% 5.00M 0s
 42100K .......... .......... .......... .......... .......... 96% 19.4M 0s
 42150K .......... .......... .......... .......... .......... 96% 5.92M 0s
 42200K .......... .......... .......... .......... .......... 97% 8.41M 0s
 42250K .......... .......... .......... .......... .......... 97% 4.61M 0s
 42300K .......... .......... .......... .......... .......... 97% 29.6M 0s
 42350K .......... .......... .......... .......... .......... 97% 8.86M 0s
 42400K .......... .......... .......... .......... .......... 97% 4.86M 0s
 42450K .......... .......... .......... .......... .......... 97% 5.82M 0s
 42500K .......... .......... .......... .......... .......... 97% 11.2M 0s
 42550K .......... .......... .......... .......... .......... 97% 9.14M 0s
 42600K .......... .......... .......... .......... .......... 97% 9.08M 0s
 42650K .......... .......... .......... .......... .......... 98% 8.20M 0s
 42700K .......... .......... .......... .......... .......... 98% 4.67M 0s
 42750K .......... .......... .......... .......... .......... 98% 28.1M 0s
 42800K .......... .......... .......... .......... .......... 98% 9.37M 0s
 42850K .......... .......... .......... .......... .......... 98% 4.83M 0s
 42900K .......... .......... .......... .......... .......... 98% 5.76M 0s
 42950K .......... .......... .......... .......... .......... 98% 15.4M 0s
 43000K .......... .......... .......... .......... .......... 98% 11.9M 0s
 43050K .......... .......... .......... .......... .......... 98% 6.23M 0s
 43100K .......... .......... .......... .......... .......... 99% 9.47M 0s
 43150K .......... .......... .......... .......... .......... 99% 5.72M 0s
 43200K .......... .......... .......... .......... .......... 99% 11.3M 0s
 43250K .......... .......... .......... .......... .......... 99% 9.11M 0s
 43300K .......... .......... .......... .......... .......... 99% 8.99M 0s
 43350K .......... .......... .......... .......... .......... 99% 8.51M 0s
 43400K .......... .......... .......... .......... .......... 99% 6.02M 0s
 43450K .......... .......... .......... .......... .......... 99% 7.64M 0s
 43500K .......... .......... .......... .......... .......... 99% 6.27M 0s
 43550K ..                                                    100% 4455G=3.8s

2022-05-01 02:55:05 (11.3 MB/s) - ‘/root/process_mining/trips_tracing/stopsintrip.json’ saved [44597592/44597592]

--2022-05-01 02:55:05--  https://ckan.multimediagdansk.pl/dataset/c24aa637-3619-4dc2-a171-a23eec8f2172/resource/4c4025f0-01bf-41f7-a39f-d156d201b82b/download/stops.json
Resolving ckan.multimediagdansk.pl (ckan.multimediagdansk.pl)... 91.244.248.30
Connecting to ckan.multimediagdansk.pl (ckan.multimediagdansk.pl)|91.244.248.30|:443... connected.
HTTP request sent, awaiting response... 200 OK
Length: 13679511 (13M) [application/json]
Saving to: ‘/root/process_mining/trips_tracing/stops.json’

     0K .......... .......... .......... .......... ..........  0%  889K 15s
    50K .......... .......... .......... .......... ..........  0% 1.75M 11s
   100K .......... .......... .......... .......... ..........  1% 57.9M 7s
   150K .......... .......... .......... .......... ..........  1%  116M 6s
   200K .......... .......... .......... .......... ..........  1% 1.77M 6s
   250K .......... .......... .......... .......... ..........  2% 64.0M 5s
   300K .......... .......... .......... .......... ..........  2% 84.1M 4s
   350K .......... .......... .......... .......... ..........  2%  133M 4s
   400K .......... .......... .......... .......... ..........  3% 1.88M 4s
   450K .......... .......... .......... .......... ..........  3% 69.6M 4s
   500K .......... .......... .......... .......... ..........  4% 67.5M 3s
   550K .......... .......... .......... .......... ..........  4% 63.8M 3s
   600K .......... .......... .......... .......... ..........  4% 68.4M 3s
   650K .......... .......... .......... .......... ..........  5% 86.3M 3s
   700K .......... .......... .......... .......... ..........  5% 99.5M 2s
   750K .......... .......... .......... .......... ..........  5%  163M 2s
   800K .......... .......... .......... .......... ..........  6%  159M 2s
   850K .......... .......... .......... .......... ..........  6% 2.06M 2s
   900K .......... .......... .......... .......... ..........  7% 63.4M 2s
   950K .......... .......... .......... .......... ..........  7% 57.4M 2s
  1000K .......... .......... .......... .......... ..........  7% 83.1M 2s
  1050K .......... .......... .......... .......... ..........  8% 74.1M 2s
  1100K .......... .......... .......... .......... ..........  8% 67.5M 2s
  1150K .......... .......... .......... .......... ..........  8% 68.4M 2s
  1200K .......... .......... .......... .......... ..........  9% 62.2M 2s
  1250K .......... .......... .......... .......... ..........  9% 64.2M 2s
  1300K .......... .......... .......... .......... .......... 10% 77.9M 2s
  1350K .......... .......... .......... .......... .......... 10% 66.8M 2s
  1400K .......... .......... .......... .......... .......... 10% 86.6M 1s
  1450K .......... .......... .......... .......... .......... 11%  103M 1s
  1500K .......... .......... .......... .......... .......... 11%  158M 1s
  1550K .......... .......... .......... .......... .......... 11%  147M 1s
  1600K .......... .......... .......... .......... .......... 12%  108M 1s
  1650K .......... .......... .......... .......... .......... 12%  134M 1s
  1700K .......... .......... .......... .......... .......... 13%  110M 1s
  1750K .......... .......... .......... .......... .......... 13% 2.69M 1s
  1800K .......... .......... .......... .......... .......... 13% 83.9M 1s
  1850K .......... .......... .......... .......... .......... 14% 69.0M 1s
  1900K .......... .......... .......... .......... .......... 14% 90.0M 1s
  1950K .......... .......... .......... .......... .......... 14% 74.3M 1s
  2000K .......... .......... .......... .......... .......... 15% 84.8M 1s
  2050K .......... .......... .......... .......... .......... 15% 92.6M 1s
  2100K .......... .......... .......... .......... .......... 16% 73.7M 1s
  2150K .......... .......... .......... .......... .......... 16% 90.6M 1s
  2200K .......... .......... .......... .......... .......... 16% 68.3M 1s
  2250K .......... .......... .......... .......... .......... 17% 93.7M 1s
  2300K .......... .......... .......... .......... .......... 17% 83.0M 1s
  2350K .......... .......... .......... .......... .......... 17% 79.0M 1s
  2400K .......... .......... .......... .......... .......... 18% 91.5M 1s
  2450K .......... .......... .......... .......... .......... 18% 71.3M 1s
  2500K .......... .......... .......... .......... .......... 19% 84.8M 1s
  2550K .......... .......... .......... .......... .......... 19% 85.3M 1s
  2600K .......... .......... .......... .......... .......... 19% 82.9M 1s
  2650K .......... .......... .......... .......... .......... 20% 90.2M 1s
  2700K .......... .......... .......... .......... .......... 20% 74.9M 1s
  2750K .......... .......... .......... .......... .......... 20% 87.2M 1s
  2800K .......... .......... .......... .......... .......... 21% 85.1M 1s
  2850K .......... .......... .......... .......... .......... 21% 75.5M 1s
  2900K .......... .......... .......... .......... .......... 22%  113M 1s
  2950K .......... .......... .......... .......... .......... 22% 95.0M 1s
  3000K .......... .......... .......... .......... .......... 22%  128M 1s
  3050K .......... .......... .......... .......... .......... 23%  126M 1s
  3100K .......... .......... .......... .......... .......... 23%  121M 1s
  3150K .......... .......... .......... .......... .......... 23%  140M 1s
  3200K .......... .......... .......... .......... .......... 24%  112M 1s
  3250K .......... .......... .......... .......... .......... 24%  118M 1s
  3300K .......... .......... .......... .......... .......... 25% 88.8M 1s
  3350K .......... .......... .......... .......... .......... 25% 31.6M 1s
  3400K .......... .......... .......... .......... .......... 25% 27.6M 1s
  3450K .......... .......... .......... .......... .......... 26% 22.9M 1s
  3500K .......... .......... .......... .......... .......... 26% 8.55M 1s
  3550K .......... .......... .......... .......... .......... 26% 77.0M 1s
  3600K .......... .......... .......... .......... .......... 27% 78.6M 1s
  3650K .......... .......... .......... .......... .......... 27% 87.2M 1s
  3700K .......... .......... .......... .......... .......... 28% 75.9M 1s
  3750K .......... .......... .......... .......... .......... 28%  140M 1s
  3800K .......... .......... .......... .......... .......... 28% 67.2M 1s
  3850K .......... .......... .......... .......... .......... 29% 24.7M 1s
  3900K .......... .......... .......... .......... .......... 29% 31.5M 1s
  3950K .......... .......... .......... .......... .......... 29% 27.4M 1s
  4000K .......... .......... .......... .......... .......... 30% 29.4M 1s
  4050K .......... .......... .......... .......... .......... 30% 32.1M 1s
  4100K .......... .......... .......... .......... .......... 31% 27.0M 1s
  4150K .......... .......... .......... .......... .......... 31% 33.0M 1s
  4200K .......... .......... .......... .......... .......... 31% 28.6M 1s
  4250K .......... .......... .......... .......... .......... 32% 32.2M 1s
  4300K .......... .......... .......... .......... .......... 32% 33.7M 1s
  4350K .......... .......... .......... .......... .......... 32% 30.9M 1s
  4400K .......... .......... .......... .......... .......... 33% 34.9M 0s
  4450K .......... .......... .......... .......... .......... 33% 33.1M 0s
  4500K .......... .......... .......... .......... .......... 34% 38.3M 0s
  4550K .......... .......... .......... .......... .......... 34% 37.4M 0s
  4600K .......... .......... .......... .......... .......... 34% 27.8M 0s
  4650K .......... .......... .......... .......... .......... 35% 28.6M 0s
  4700K .......... .......... .......... .......... .......... 35% 28.9M 0s
  4750K .......... .......... .......... .......... .......... 35% 31.4M 0s
  4800K .......... .......... .......... .......... .......... 36% 34.4M 0s
  4850K .......... .......... .......... .......... .......... 36% 28.4M 0s
  4900K .......... .......... .......... .......... .......... 37% 34.5M 0s
  4950K .......... .......... .......... .......... .......... 37% 28.6M 0s
  5000K .......... .......... .......... .......... .......... 37% 32.7M 0s
  5050K .......... .......... .......... .......... .......... 38% 34.0M 0s
  5100K .......... .......... .......... .......... .......... 38% 27.8M 0s
  5150K .......... .......... .......... .......... .......... 38% 32.1M 0s
  5200K .......... .......... .......... .......... .......... 39% 28.5M 0s
  5250K .......... .......... .......... .......... .......... 39% 32.8M 0s
  5300K .......... .......... .......... .......... .......... 40% 33.5M 0s
  5350K .......... .......... .......... .......... .......... 40% 29.2M 0s
  5400K .......... .......... .......... .......... .......... 40% 32.7M 0s
  5450K .......... .......... .......... .......... .......... 41% 28.4M 0s
  5500K .......... .......... .......... .......... .......... 41% 34.9M 0s
  5550K .......... .......... .......... .......... .......... 41% 32.7M 0s
  5600K .......... .......... .......... .......... .......... 42% 29.9M 0s
  5650K .......... .......... .......... .......... .......... 42% 32.8M 0s
  5700K .......... .......... .......... .......... .......... 43% 28.7M 0s
  5750K .......... .......... .......... .......... .......... 43% 31.7M 0s
  5800K .......... .......... .......... .......... .......... 43% 27.8M 0s
  5850K .......... .......... .......... .......... .......... 44% 27.2M 0s
  5900K .......... .......... .......... .......... .......... 44% 32.2M 0s
  5950K .......... .......... .......... .......... .......... 44% 28.0M 0s
  6000K .......... .......... .......... .......... .......... 45% 32.9M 0s
  6050K .......... .......... .......... .......... .......... 45% 33.0M 0s
  6100K .......... .......... .......... .......... .......... 46% 27.6M 0s
  6150K .......... .......... .......... .......... .......... 46% 24.5M 0s
  6200K .......... .......... .......... .......... .......... 46% 40.5M 0s
  6250K .......... .......... .......... .......... .......... 47% 33.4M 0s
  6300K .......... .......... .......... .......... .......... 47% 31.3M 0s
  6350K .......... .......... .......... .......... .......... 47% 28.4M 0s
  6400K .......... .......... .......... .......... .......... 48% 33.8M 0s
  6450K .......... .......... .......... .......... .......... 48% 29.2M 0s
  6500K .......... .......... .......... .......... .......... 49% 28.8M 0s
  6550K .......... .......... .......... .......... .......... 49% 38.3M 0s
  6600K .......... .......... .......... .......... .......... 49% 28.4M 0s
  6650K .......... .......... .......... .......... .......... 50% 33.4M 0s
  6700K .......... .......... .......... .......... .......... 50% 27.4M 0s
  6750K .......... .......... .......... .......... .......... 50% 34.0M 0s
  6800K .......... .......... .......... .......... .......... 51% 32.9M 0s
  6850K .......... .......... .......... .......... .......... 51% 28.2M 0s
  6900K .......... .......... .......... .......... .......... 52% 32.1M 0s
  6950K .......... .......... .......... .......... .......... 52% 28.5M 0s
  7000K .......... .......... .......... .......... .......... 52% 35.2M 0s
  7050K .......... .......... .......... .......... .......... 53% 34.1M 0s
  7100K .......... .......... .......... .......... .......... 53% 27.8M 0s
  7150K .......... .......... .......... .......... .......... 53% 31.2M 0s
  7200K .......... .......... .......... .......... .......... 54% 27.4M 0s
  7250K .......... .......... .......... .......... .......... 54% 32.6M 0s
  7300K .......... .......... .......... .......... .......... 55% 32.3M 0s
  7350K .......... .......... .......... .......... .......... 55% 29.1M 0s
  7400K .......... .......... .......... .......... .......... 55% 34.7M 0s
  7450K .......... .......... .......... .......... .......... 56% 27.6M 0s
  7500K .......... .......... .......... .......... .......... 56% 32.2M 0s
  7550K .......... .......... .......... .......... .......... 56% 33.0M 0s
  7600K .......... .......... .......... .......... .......... 57% 30.3M 0s
  7650K .......... .......... .......... .......... .......... 57% 32.7M 0s
  7700K .......... .......... .......... .......... .......... 58% 28.6M 0s
  7750K .......... .......... .......... .......... .......... 58% 32.8M 0s
  7800K .......... .......... .......... .......... .......... 58% 30.3M 0s
  7850K .......... .......... .......... .......... .......... 59% 31.0M 0s
  7900K .......... .......... .......... .......... .......... 59% 33.1M 0s
  7950K .......... .......... .......... .......... .......... 59% 31.2M 0s
  8000K .......... .......... .......... .......... .......... 60% 37.5M 0s
  8050K .......... .......... .......... .......... .......... 60% 33.1M 0s
  8100K .......... .......... .......... .......... .......... 61% 31.1M 0s
  8150K .......... .......... .......... .......... .......... 61% 35.9M 0s
  8200K .......... .......... .......... .......... .......... 61% 30.0M 0s
  8250K .......... .......... .......... .......... .......... 62% 35.3M 0s
  8300K .......... .......... .......... .......... .......... 62% 35.7M 0s
  8350K .......... .......... .......... .......... .......... 62% 31.5M 0s
  8400K .......... .......... .......... .......... .......... 63% 35.4M 0s
  8450K .......... .......... .......... .......... .......... 63% 30.6M 0s
  8500K .......... .......... .......... .......... .......... 64% 35.7M 0s
  8550K .......... .......... .......... .......... .......... 64% 35.3M 0s
  8600K .......... .......... .......... .......... .......... 64% 30.5M 0s
  8650K .......... .......... .......... .......... .......... 65% 35.1M 0s
  8700K .......... .......... .......... .......... .......... 65% 31.5M 0s
  8750K .......... .......... .......... .......... .......... 65% 33.1M 0s
  8800K .......... .......... .......... .......... .......... 66% 36.4M 0s
  8850K .......... .......... .......... .......... .......... 66% 31.0M 0s
  8900K .......... .......... .......... .......... .......... 66% 35.4M 0s
  8950K .......... .......... .......... .......... .......... 67% 31.0M 0s
  9000K .......... .......... .......... .......... .......... 67% 32.2M 0s
  9050K .......... .......... .......... .......... .......... 68% 36.0M 0s
  9100K .......... .......... .......... .......... .......... 68% 31.1M 0s
  9150K .......... .......... .......... .......... .......... 68% 34.1M 0s
  9200K .......... .......... .......... .......... .......... 69% 29.5M 0s
  9250K .......... .......... .......... .......... .......... 69% 36.4M 0s
  9300K .......... .......... .......... .......... .......... 69% 34.5M 0s
  9350K .......... .......... .......... .......... .......... 70% 29.9M 0s
  9400K .......... .......... .......... .......... .......... 70% 36.2M 0s
  9450K .......... .......... .......... .......... .......... 71% 29.7M 0s
  9500K .......... .......... .......... .......... .......... 71% 35.4M 0s
  9550K .......... .......... .......... .......... .......... 71% 35.4M 0s
  9600K .......... .......... .......... .......... .......... 72% 30.8M 0s
  9650K .......... .......... .......... .......... .......... 72% 33.1M 0s
  9700K .......... .......... .......... .......... .......... 72% 24.0M 0s
  9750K .......... .......... .......... .......... .......... 73% 58.1M 0s
  9800K .......... .......... .......... .......... .......... 73% 35.3M 0s
  9850K .......... .......... .......... .......... .......... 74% 28.3M 0s
  9900K .......... .......... .......... .......... .......... 74% 38.5M 0s
  9950K .......... .......... .......... .......... .......... 74% 25.5M 0s
 10000K .......... .......... .......... .......... .......... 75% 39.4M 0s
 10050K .......... .......... .......... .......... .......... 75% 37.3M 0s
 10100K .......... .......... .......... .......... .......... 75% 28.3M 0s
 10150K .......... .......... .......... .......... .......... 76% 39.7M 0s
 10200K .......... .......... .......... .......... .......... 76% 30.1M 0s
 10250K .......... .......... .......... .......... .......... 77% 35.1M 0s
 10300K .......... .......... .......... .......... .......... 77% 36.5M 0s
 10350K .......... .......... .......... .......... .......... 77% 30.1M 0s
 10400K .......... .......... .......... .......... .......... 78% 35.3M 0s
 10450K .......... .......... .......... .......... .......... 78% 30.3M 0s
 10500K .......... .......... .......... .......... .......... 78% 36.9M 0s
 10550K .......... .......... .......... .......... .......... 79% 34.3M 0s
 10600K .......... .......... .......... .......... .......... 79% 30.3M 0s
 10650K .......... .......... .......... .......... .......... 80% 36.5M 0s
 10700K .......... .......... .......... .......... .......... 80% 29.3M 0s
 10750K .......... .......... .......... .......... .......... 80% 36.0M 0s
 10800K .......... .......... .......... .......... .......... 81% 35.5M 0s
 10850K .......... .......... .......... .......... .......... 81% 31.3M 0s
 10900K .......... .......... .......... .......... .......... 81% 33.9M 0s
 10950K .......... .......... .......... .......... .......... 82% 29.4M 0s
 11000K .......... .......... .......... .......... .......... 82% 35.0M 0s
 11050K .......... .......... .......... .......... .......... 83% 37.1M 0s
 11100K .......... .......... .......... .......... .......... 83% 29.6M 0s
 11150K .......... .......... .......... .......... .......... 83% 35.9M 0s
 11200K .......... .......... .......... .......... .......... 84% 30.4M 0s
 11250K .......... .......... .......... .......... .......... 84% 30.5M 0s
 11300K .......... .......... .......... .......... .......... 84% 41.3M 0s
 11350K .......... .......... .......... .......... .......... 85% 31.4M 0s
 11400K .......... .......... .......... .......... .......... 85% 36.9M 0s
 11450K .......... .......... .......... .......... .......... 86% 30.5M 0s
 11500K .......... .......... .......... .......... .......... 86% 34.5M 0s
 11550K .......... .......... .......... .......... .......... 86% 36.2M 0s
 11600K .......... .......... .......... .......... .......... 87% 30.1M 0s
 11650K .......... .......... .......... .......... .......... 87% 35.1M 0s
 11700K .......... .......... .......... .......... .......... 87% 29.8M 0s
 11750K .......... .......... .......... .......... .......... 88% 35.4M 0s
 11800K .......... .......... .......... .......... .......... 88% 36.5M 0s
 11850K .......... .......... .......... .......... .......... 89% 30.6M 0s
 11900K .......... .......... .......... .......... .......... 89% 36.9M 0s
 11950K .......... .......... .......... .......... .......... 89% 30.7M 0s
 12000K .......... .......... .......... .......... .......... 90% 35.9M 0s
 12050K .......... .......... .......... .......... .......... 90% 34.1M 0s
 12100K .......... .......... .......... .......... .......... 90% 31.5M 0s
 12150K .......... .......... .......... .......... .......... 91% 36.4M 0s
 12200K .......... .......... .......... .......... .......... 91% 31.2M 0s
 12250K .......... .......... .......... .......... .......... 92% 35.2M 0s
 12300K .......... .......... .......... .......... .......... 92% 34.1M 0s
 12350K .......... .......... .......... .......... .......... 92% 31.1M 0s
 12400K .......... .......... .......... .......... .......... 93% 33.1M 0s
 12450K .......... .......... .......... .......... .......... 93% 30.6M 0s
 12500K .......... .......... .......... .......... .......... 93% 36.0M 0s
 12550K .......... .......... .......... .......... .......... 94% 36.5M 0s
 12600K .......... .......... .......... .......... .......... 94% 30.5M 0s
 12650K .......... .......... .......... .......... .......... 95% 34.0M 0s
 12700K .......... .......... .......... .......... .......... 95% 29.4M 0s
 12750K .......... .......... .......... .......... .......... 95% 36.9M 0s
 12800K .......... .......... .......... .......... .......... 96% 34.9M 0s
 12850K .......... .......... .......... .......... .......... 96% 30.9M 0s
 12900K .......... .......... .......... .......... .......... 96% 33.4M 0s
 12950K .......... .......... .......... .......... .......... 97% 31.4M 0s
 13000K .......... .......... .......... .......... .......... 97% 37.4M 0s
 13050K .......... .......... .......... .......... .......... 98% 34.1M 0s
 13100K .......... .......... .......... .......... .......... 98% 30.6M 0s
 13150K .......... .......... .......... .......... .......... 98% 32.0M 0s
 13200K .......... .......... .......... .......... .......... 99% 29.5M 0s
 13250K .......... .......... .......... .......... .......... 99% 34.6M 0s
 13300K .......... .......... .......... .......... .......... 99% 34.8M 0s
 13350K ........                                              100% 29.8M=0.5s

2022-05-01 02:55:06 (25.2 MB/s) - ‘/root/process_mining/trips_tracing/stops.json’ saved [13679511/13679511]

--2022-05-01 02:55:06--  https://files.cloudgdansk.pl/d/otwarte-dane/ztm/baza-pojazdow.json?v=2
Resolving files.cloudgdansk.pl (files.cloudgdansk.pl)... 153.19.238.147
Connecting to files.cloudgdansk.pl (files.cloudgdansk.pl)|153.19.238.147|:443... connected.
HTTP request sent, awaiting response... 200 OK
Length: 282839 (276K) [application/json]
Saving to: ‘/root/process_mining/trips_tracing/baza-pojazdow.json’

     0K .......... .......... .......... .......... .......... 18% 1.67M 0s
    50K .......... .......... .......... .......... .......... 36% 1.69M 0s
   100K .......... .......... .......... .......... .......... 54% 93.5M 0s
   150K .......... .......... .......... .......... .......... 72%  180M 0s
   200K .......... .......... .......... .......... .......... 90% 1.71M 0s
   250K .......... .......... ......                          100%  183M=0.09s

2022-05-01 02:55:06 (3.08 MB/s) - ‘/root/process_mining/trips_tracing/baza-pojazdow.json’ saved [282839/282839]

