--2022-05-02 02:55:01--  https://ckan.multimediagdansk.pl/dataset/c24aa637-3619-4dc2-a171-a23eec8f2172/resource/3115d29d-b763-4af5-93f6-763b835967d6/download/stopsintrip.json
Resolving ckan.multimediagdansk.pl (ckan.multimediagdansk.pl)... 91.244.248.30
Connecting to ckan.multimediagdansk.pl (ckan.multimediagdansk.pl)|91.244.248.30|:443... connected.
HTTP request sent, awaiting response... 200 OK
Length: 42017691 (40M) [application/json]
Saving to: ‘/root/process_mining/trips_tracing/stopsintrip.json’

     0K .......... .......... .......... .......... ..........  0%  868K 47s
    50K .......... .......... .......... .......... ..........  0% 1.72M 35s
   100K .......... .......... .......... .......... ..........  0% 54.0M 24s
   150K .......... .......... .......... .......... ..........  0% 96.9M 18s
   200K .......... .......... .......... .......... ..........  0% 1.75M 19s
   250K .......... .......... .......... .......... ..........  0% 51.8M 16s
   300K .......... .......... .......... .......... ..........  0% 75.0M 14s
   350K .......... .......... .......... .......... ..........  0% 88.8M 12s
   400K .......... .......... .......... .......... ..........  1% 1.84M 13s
   450K .......... .......... .......... .......... ..........  1% 90.9M 12s
   500K .......... .......... .......... .......... ..........  1% 79.3M 11s
   550K .......... .......... .......... .......... ..........  1% 59.3M 10s
   600K .......... .......... .......... .......... ..........  1% 56.8M 9s
   650K .......... .......... .......... .......... ..........  1% 47.5M 9s
   700K .......... .......... .......... .......... ..........  1% 88.5M 8s
   750K .......... .......... .......... .......... ..........  1%  110M 7s
   800K .......... .......... .......... .......... ..........  2%  131M 7s
   850K .......... .......... .......... .......... ..........  2% 2.10M 8s
   900K .......... .......... .......... .......... ..........  2% 82.0M 7s
   950K .......... .......... .......... .......... ..........  2% 45.6M 7s
  1000K .......... .......... .......... .......... ..........  2% 52.0M 7s
  1050K .......... .......... .......... .......... ..........  2% 69.6M 6s
  1100K .......... .......... .......... .......... ..........  2% 93.9M 6s
  1150K .......... .......... .......... .......... ..........  2% 90.6M 6s
  1200K .......... .......... .......... .......... ..........  3% 60.8M 6s
  1250K .......... .......... .......... .......... ..........  3% 64.8M 5s
  1300K .......... .......... .......... .......... ..........  3% 53.1M 5s
  1350K .......... .......... .......... .......... ..........  3% 58.2M 5s
  1400K .......... .......... .......... .......... ..........  3% 86.2M 5s
  1450K .......... .......... .......... .......... ..........  3%  161M 5s
  1500K .......... .......... .......... .......... ..........  3%  127M 5s
  1550K .......... .......... .......... .......... ..........  3%  147M 4s
  1600K .......... .......... .......... .......... ..........  4%  136M 4s
  1650K .......... .......... .......... .......... ..........  4%  153M 4s
  1700K .......... .......... .......... .......... ..........  4% 2.68M 5s
  1750K .......... .......... .......... .......... ..........  4% 55.4M 4s
  1800K .......... .......... .......... .......... ..........  4% 79.6M 4s
  1850K .......... .......... .......... .......... ..........  4% 75.8M 4s
  1900K .......... .......... .......... .......... ..........  4% 73.7M 4s
  1950K .......... .......... .......... .......... ..........  4% 84.6M 4s
  2000K .......... .......... .......... .......... ..........  4% 67.6M 4s
  2050K .......... .......... .......... .......... ..........  5% 90.3M 4s
  2100K .......... .......... .......... .......... ..........  5%  102M 4s
  2150K .......... .......... .......... .......... ..........  5%  104M 4s
  2200K .......... .......... .......... .......... ..........  5%  113M 4s
  2250K .......... .......... .......... .......... ..........  5% 73.6M 3s
  2300K .......... .......... .......... .......... ..........  5% 77.1M 3s
  2350K .......... .......... .......... .......... ..........  5% 76.4M 3s
  2400K .......... .......... .......... .......... ..........  5% 68.7M 3s
  2450K .......... .......... .......... .......... ..........  6% 79.0M 3s
  2500K .......... .......... .......... .......... ..........  6% 75.6M 3s
  2550K .......... .......... .......... .......... ..........  6% 76.2M 3s
  2600K .......... .......... .......... .......... ..........  6% 86.4M 3s
  2650K .......... .......... .......... .......... ..........  6% 61.9M 3s
  2700K .......... .......... .......... .......... ..........  6% 86.5M 3s
  2750K .......... .......... .......... .......... ..........  6%  116M 3s
  2800K .......... .......... .......... .......... ..........  6% 86.9M 3s
  2850K .......... .......... .......... .......... ..........  7%  109M 3s
  2900K .......... .......... .......... .......... ..........  7%  133M 3s
  2950K .......... .......... .......... .......... ..........  7%  112M 3s
  3000K .......... .......... .......... .......... ..........  7%  130M 3s
  3050K .......... .......... .......... .......... ..........  7% 1.81M 3s
  3100K .......... .......... .......... .......... ..........  7% 29.6M 3s
  3150K .......... .......... .......... .......... ..........  7% 80.7M 3s
  3200K .......... .......... .......... .......... ..........  7% 45.8M 3s
  3250K .......... .......... .......... .......... ..........  8%  163M 3s
  3300K .......... .......... .......... .......... ..........  8%  140M 3s
  3350K .......... .......... .......... .......... ..........  8% 86.3M 3s
  3400K .......... .......... .......... .......... ..........  8%  159M 3s
  3450K .......... .......... .......... .......... ..........  8%  115M 3s
  3500K .......... .......... .......... .......... ..........  8%  109M 3s
  3550K .......... .......... .......... .......... ..........  8%  148M 3s
  3600K .......... .......... .......... .......... ..........  8%  115M 3s
  3650K .......... .......... .......... .......... ..........  9%  165M 3s
  3700K .......... .......... .......... .......... ..........  9%  126M 2s
  3750K .......... .......... .......... .......... ..........  9%  154M 2s
  3800K .......... .......... .......... .......... ..........  9%  138M 2s
  3850K .......... .......... .......... .......... ..........  9% 94.6M 2s
  3900K .......... .......... .......... .......... ..........  9%  134M 2s
  3950K .......... .......... .......... .......... ..........  9%  128M 2s
  4000K .......... .......... .......... .......... ..........  9%  163M 2s
  4050K .......... .......... .......... .......... ..........  9%  134M 2s
  4100K .......... .......... .......... .......... .......... 10%  147M 2s
  4150K .......... .......... .......... .......... .......... 10%  141M 2s
  4200K .......... .......... .......... .......... .......... 10%  154M 2s
  4250K .......... .......... .......... .......... .......... 10%  153M 2s
  4300K .......... .......... .......... .......... .......... 10% 8.78M 2s
  4350K .......... .......... .......... .......... .......... 10% 77.4M 2s
  4400K .......... .......... .......... .......... .......... 10% 87.2M 2s
  4450K .......... .......... .......... .......... .......... 10% 89.3M 2s
  4500K .......... .......... .......... .......... .......... 11% 89.1M 2s
  4550K .......... .......... .......... .......... .......... 11% 72.8M 2s
  4600K .......... .......... .......... .......... .......... 11%  111M 2s
  4650K .......... .......... .......... .......... .......... 11% 86.0M 2s
  4700K .......... .......... .......... .......... .......... 11% 75.5M 2s
  4750K .......... .......... .......... .......... .......... 11% 35.2M 2s
  4800K .......... .......... .......... .......... .......... 11% 23.5M 2s
  4850K .......... .......... .......... .......... .......... 11% 44.8M 2s
  4900K .......... .......... .......... .......... .......... 12% 35.4M 2s
  4950K .......... .......... .......... .......... .......... 12% 36.9M 2s
  5000K .......... .......... .......... .......... .......... 12% 48.5M 2s
  5050K .......... .......... .......... .......... .......... 12% 89.5M 2s
  5100K .......... .......... .......... .......... .......... 12% 86.2M 2s
  5150K .......... .......... .......... .......... .......... 12% 11.8M 2s
  5200K .......... .......... .......... .......... .......... 12%  122M 2s
  5250K .......... .......... .......... .......... .......... 12% 33.3M 2s
  5300K .......... .......... .......... .......... .......... 13%  107M 2s
  5350K .......... .......... .......... .......... .......... 13% 28.7M 2s
  5400K .......... .......... .......... .......... .......... 13% 46.2M 2s
  5450K .......... .......... .......... .......... .......... 13% 33.2M 2s
  5500K .......... .......... .......... .......... .......... 13% 32.7M 2s
  5550K .......... .......... .......... .......... .......... 13% 34.3M 2s
  5600K .......... .......... .......... .......... .......... 13% 36.4M 2s
  5650K .......... .......... .......... .......... .......... 13% 25.7M 2s
  5700K .......... .......... .......... .......... .......... 14% 36.7M 2s
  5750K .......... .......... .......... .......... .......... 14% 32.1M 2s
  5800K .......... .......... .......... .......... .......... 14% 38.2M 2s
  5850K .......... .......... .......... .......... .......... 14% 31.2M 2s
  5900K .......... .......... .......... .......... .......... 14% 25.0M 2s
  5950K .......... .......... .......... .......... .......... 14% 38.5M 2s
  6000K .......... .......... .......... .......... .......... 14% 31.9M 2s
  6050K .......... .......... .......... .......... .......... 14% 33.2M 2s
  6100K .......... .......... .......... .......... .......... 14% 28.2M 2s
  6150K .......... .......... .......... .......... .......... 15% 30.8M 2s
  6200K .......... .......... .......... .......... .......... 15% 35.7M 2s
  6250K .......... .......... .......... .......... .......... 15% 29.4M 2s
  6300K .......... .......... .......... .......... .......... 15% 27.7M 2s
  6350K .......... .......... .......... .......... .......... 15% 30.6M 2s
  6400K .......... .......... .......... .......... .......... 15% 34.7M 2s
  6450K .......... .......... .......... .......... .......... 15% 37.3M 2s
  6500K .......... .......... .......... .......... .......... 15% 25.3M 2s
  6550K .......... .......... .......... .......... .......... 16% 36.3M 2s
  6600K .......... .......... .......... .......... .......... 16% 31.8M 2s
  6650K .......... .......... .......... .......... .......... 16% 35.4M 2s
  6700K .......... .......... .......... .......... .......... 16% 35.2M 2s
  6750K .......... .......... .......... .......... .......... 16% 18.8M 2s
  6800K .......... .......... .......... .......... .......... 16% 27.0M 2s
  6850K .......... .......... .......... .......... .......... 16% 29.1M 2s
  6900K .......... .......... .......... .......... .......... 16% 31.0M 2s
  6950K .......... .......... .......... .......... .......... 17% 19.9M 2s
  7000K .......... .......... .......... .......... .......... 17% 33.6M 2s
  7050K .......... .......... .......... .......... .......... 17% 35.7M 2s
  7100K .......... .......... .......... .......... .......... 17% 25.2M 2s
  7150K .......... .......... .......... .......... .......... 17% 35.3M 2s
  7200K .......... .......... .......... .......... .......... 17% 14.1M 2s
  7250K .......... .......... .......... .......... .......... 17% 27.7M 2s
  7300K .......... .......... .......... .......... .......... 17% 27.9M 2s
  7350K .......... .......... .......... .......... .......... 18% 33.8M 2s
  7400K .......... .......... .......... .......... .......... 18% 19.1M 2s
  7450K .......... .......... .......... .......... .......... 18% 33.7M 2s
  7500K .......... .......... .......... .......... .......... 18% 23.8M 2s
  7550K .......... .......... .......... .......... .......... 18% 38.4M 2s
  7600K .......... .......... .......... .......... .......... 18% 22.3M 2s
  7650K .......... .......... .......... .......... .......... 18% 27.5M 2s
  7700K .......... .......... .......... .......... .......... 18% 32.7M 2s
  7750K .......... .......... .......... .......... .......... 19% 37.2M 2s
  7800K .......... .......... .......... .......... .......... 19% 29.1M 2s
  7850K .......... .......... .......... .......... .......... 19% 29.5M 2s
  7900K .......... .......... .......... .......... .......... 19% 34.5M 2s
  7950K .......... .......... .......... .......... .......... 19% 33.1M 2s
  8000K .......... .......... .......... .......... .......... 19% 38.7M 2s
  8050K .......... .......... .......... .......... .......... 19% 22.7M 2s
  8100K .......... .......... .......... .......... .......... 19% 39.4M 2s
  8150K .......... .......... .......... .......... .......... 19% 34.2M 1s
  8200K .......... .......... .......... .......... .......... 20% 30.8M 1s
  8250K .......... .......... .......... .......... .......... 20% 35.8M 1s
  8300K .......... .......... .......... .......... .......... 20% 19.7M 1s
  8350K .......... .......... .......... .......... .......... 20% 31.5M 1s
  8400K .......... .......... .......... .......... .......... 20% 31.3M 1s
  8450K .......... .......... .......... .......... .......... 20% 28.6M 1s
  8500K .......... .......... .......... .......... .......... 20% 33.9M 1s
  8550K .......... .......... .......... .......... .......... 20% 32.9M 1s
  8600K .......... .......... .......... .......... .......... 21% 27.9M 1s
  8650K .......... .......... .......... .......... .......... 21% 32.0M 1s
  8700K .......... .......... .......... .......... .......... 21% 28.5M 1s
  8750K .......... .......... .......... .......... .......... 21% 31.9M 1s
  8800K .......... .......... .......... .......... .......... 21% 31.4M 1s
  8850K .......... .......... .......... .......... .......... 21% 23.7M 1s
  8900K .......... .......... .......... .......... .......... 21% 30.7M 1s
  8950K .......... .......... .......... .......... .......... 21% 42.1M 1s
  9000K .......... .......... .......... .......... .......... 22% 32.3M 1s
  9050K .......... .......... .......... .......... .......... 22% 32.0M 1s
  9100K .......... .......... .......... .......... .......... 22% 27.2M 1s
  9150K .......... .......... .......... .......... .......... 22% 31.2M 1s
  9200K .......... .......... .......... .......... .......... 22% 31.1M 1s
  9250K .......... .......... .......... .......... .......... 22% 32.2M 1s
  9300K .......... .......... .......... .......... .......... 22% 34.9M 1s
  9350K .......... .......... .......... .......... .......... 22% 21.7M 1s
  9400K .......... .......... .......... .......... .......... 23% 36.4M 1s
  9450K .......... .......... .......... .......... .......... 23% 29.9M 1s
  9500K .......... .......... .......... .......... .......... 23% 34.9M 1s
  9550K .......... .......... .......... .......... .......... 23% 32.1M 1s
  9600K .......... .......... .......... .......... .......... 23% 13.7M 1s
  9650K .......... .......... .......... .......... .......... 23% 33.0M 1s
  9700K .......... .......... .......... .......... .......... 23% 27.6M 1s
  9750K .......... .......... .......... .......... .......... 23% 14.8M 1s
  9800K .......... .......... .......... .......... .......... 24% 64.9M 1s
  9850K .......... .......... .......... .......... .......... 24% 24.2M 1s
  9900K .......... .......... .......... .......... .......... 24% 36.1M 1s
  9950K .......... .......... .......... .......... .......... 24% 26.2M 1s
 10000K .......... .......... .......... .......... .......... 24% 24.5M 1s
 10050K .......... .......... .......... .......... .......... 24% 27.6M 1s
 10100K .......... .......... .......... .......... .......... 24% 33.5M 1s
 10150K .......... .......... .......... .......... .......... 24% 31.7M 1s
 10200K .......... .......... .......... .......... .......... 24% 29.0M 1s
 10250K .......... .......... .......... .......... .......... 25% 18.7M 1s
 10300K .......... .......... .......... .......... .......... 25% 28.4M 1s
 10350K .......... .......... .......... .......... .......... 25% 30.6M 1s
 10400K .......... .......... .......... .......... .......... 25% 25.3M 1s
 10450K .......... .......... .......... .......... .......... 25% 22.7M 1s
 10500K .......... .......... .......... .......... .......... 25% 29.7M 1s
 10550K .......... .......... .......... .......... .......... 25% 27.2M 1s
 10600K .......... .......... .......... .......... .......... 25% 36.1M 1s
 10650K .......... .......... .......... .......... .......... 26% 27.4M 1s
 10700K .......... .......... .......... .......... .......... 26% 23.0M 1s
 10750K .......... .......... .......... .......... .......... 26% 36.7M 1s
 10800K .......... .......... .......... .......... .......... 26% 31.0M 1s
 10850K .......... .......... .......... .......... .......... 26% 36.5M 1s
 10900K .......... .......... .......... .......... .......... 26% 26.1M 1s
 10950K .......... .......... .......... .......... .......... 26% 29.7M 1s
 11000K .......... .......... .......... .......... .......... 26% 37.0M 1s
 11050K .......... .......... .......... .......... .......... 27% 35.4M 1s
 11100K .......... .......... .......... .......... .......... 27% 30.8M 1s
 11150K .......... .......... .......... .......... .......... 27% 17.7M 1s
 11200K .......... .......... .......... .......... .......... 27% 28.4M 1s
 11250K .......... .......... .......... .......... .......... 27% 32.7M 1s
 11300K .......... .......... .......... .......... .......... 27% 32.4M 1s
 11350K .......... .......... .......... .......... .......... 27% 15.3M 1s
 11400K .......... .......... .......... .......... .......... 27% 34.5M 1s
 11450K .......... .......... .......... .......... .......... 28% 33.9M 1s
 11500K .......... .......... .......... .......... .......... 28% 33.3M 1s
 11550K .......... .......... .......... .......... .......... 28% 34.0M 1s
 11600K .......... .......... .......... .......... .......... 28% 26.3M 1s
 11650K .......... .......... .......... .......... .......... 28% 31.4M 1s
 11700K .......... .......... .......... .......... .......... 28% 36.9M 1s
 11750K .......... .......... .......... .......... .......... 28% 30.2M 1s
 11800K .......... .......... .......... .......... .......... 28% 26.1M 1s
 11850K .......... .......... .......... .......... .......... 29% 38.8M 1s
 11900K .......... .......... .......... .......... .......... 29% 29.1M 1s
 11950K .......... .......... .......... .......... .......... 29% 37.1M 1s
 12000K .......... .......... .......... .......... .......... 29% 36.1M 1s
 12050K .......... .......... .......... .......... .......... 29% 22.4M 1s
 12100K .......... .......... .......... .......... .......... 29% 39.5M 1s
 12150K .......... .......... .......... .......... .......... 29% 35.2M 1s
 12200K .......... .......... .......... .......... .......... 29% 27.8M 1s
 12250K .......... .......... .......... .......... .......... 29% 18.4M 1s
 12300K .......... .......... .......... .......... .......... 30% 33.1M 1s
 12350K .......... .......... .......... .......... .......... 30% 28.5M 1s
 12400K .......... .......... .......... .......... .......... 30% 34.6M 1s
 12450K .......... .......... .......... .......... .......... 30% 31.1M 1s
 12500K .......... .......... .......... .......... .......... 30% 8.10M 1s
 12550K .......... .......... .......... .......... .......... 30% 36.1M 1s
 12600K .......... .......... .......... .......... .......... 30% 28.9M 1s
 12650K .......... .......... .......... .......... .......... 30% 27.1M 1s
 12700K .......... .......... .......... .......... .......... 31% 8.36M 1s
 12750K .......... .......... .......... .......... .......... 31% 27.5M 1s
 12800K .......... .......... .......... .......... .......... 31% 31.5M 1s
 12850K .......... .......... .......... .......... .......... 31% 28.4M 1s
 12900K .......... .......... .......... .......... .......... 31% 31.1M 1s
 12950K .......... .......... .......... .......... .......... 31% 14.4M 1s
 13000K .......... .......... .......... .......... .......... 31% 26.7M 1s
 13050K .......... .......... .......... .......... .......... 31% 35.4M 1s
 13100K .......... .......... .......... .......... .......... 32% 37.5M 1s
 13150K .......... .......... .......... .......... .......... 32% 2.81M 1s
 13200K .......... .......... .......... .......... .......... 32% 32.9M 1s
 13250K .......... .......... .......... .......... .......... 32% 34.9M 1s
 13300K .......... .......... .......... .......... .......... 32% 31.0M 1s
 13350K .......... .......... .......... .......... .......... 32% 36.1M 1s
 13400K .......... .......... .......... .......... .......... 32% 4.38M 1s
 13450K .......... .......... .......... .......... .......... 32% 31.4M 1s
 13500K .......... .......... .......... .......... .......... 33% 37.2M 1s
 13550K .......... .......... .......... .......... .......... 33% 31.8M 1s
 13600K .......... .......... .......... .......... .......... 33% 25.7M 1s
 13650K .......... .......... .......... .......... .......... 33% 38.0M 1s
 13700K .......... .......... .......... .......... .......... 33% 32.2M 1s
 13750K .......... .......... .......... .......... .......... 33% 37.9M 1s
 13800K .......... .......... .......... .......... .......... 33% 37.6M 1s
 13850K .......... .......... .......... .......... .......... 33% 7.29M 1s
 13900K .......... .......... .......... .......... .......... 33% 38.2M 1s
 13950K .......... .......... .......... .......... .......... 34% 37.2M 1s
 14000K .......... .......... .......... .......... .......... 34% 22.4M 1s
 14050K .......... .......... .......... .......... .......... 34% 40.9M 1s
 14100K .......... .......... .......... .......... .......... 34% 38.6M 1s
 14150K .......... .......... .......... .......... .......... 34% 32.9M 1s
 14200K .......... .......... .......... .......... .......... 34% 35.7M 1s
 14250K .......... .......... .......... .......... .......... 34% 27.7M 1s
 14300K .......... .......... .......... .......... .......... 34% 22.5M 1s
 14350K .......... .......... .......... .......... .......... 35% 37.2M 1s
 14400K .......... .......... .......... .......... .......... 35% 32.8M 1s
 14450K .......... .......... .......... .......... .......... 35% 36.4M 1s
 14500K .......... .......... .......... .......... .......... 35% 25.2M 1s
 14550K .......... .......... .......... .......... .......... 35% 32.4M 1s
 14600K .......... .......... .......... .......... .......... 35% 35.5M 1s
 14650K .......... .......... .......... .......... .......... 35% 32.5M 1s
 14700K .......... .......... .......... .......... .......... 35% 38.5M 1s
 14750K .......... .......... .......... .......... .......... 36% 24.8M 1s
 14800K .......... .......... .......... .......... .......... 36% 17.9M 1s
 14850K .......... .......... .......... .......... .......... 36% 52.1M 1s
 14900K .......... .......... .......... .......... .......... 36% 33.2M 1s
 14950K .......... .......... .......... .......... .......... 36% 14.2M 1s
 15000K .......... .......... .......... .......... .......... 36% 27.3M 1s
 15050K .......... .......... .......... .......... .......... 36% 46.0M 1s
 15100K .......... .......... .......... .......... .......... 36% 28.7M 1s
 15150K .......... .......... .......... .......... .......... 37% 26.7M 1s
 15200K .......... .......... .......... .......... .......... 37% 26.9M 1s
 15250K .......... .......... .......... .......... .......... 37% 33.2M 1s
 15300K .......... .......... .......... .......... .......... 37% 34.4M 1s
 15350K .......... .......... .......... .......... .......... 37% 22.7M 1s
 15400K .......... .......... .......... .......... .......... 37% 32.9M 1s
 15450K .......... .......... .......... .......... .......... 37% 29.1M 1s
 15500K .......... .......... .......... .......... .......... 37% 33.1M 1s
 15550K .......... .......... .......... .......... .......... 38% 28.4M 1s
 15600K .......... .......... .......... .......... .......... 38% 32.5M 1s
 15650K .......... .......... .......... .......... .......... 38% 29.6M 1s
 15700K .......... .......... .......... .......... .......... 38% 20.1M 1s
 15750K .......... .......... .......... .......... .......... 38% 28.1M 1s
 15800K .......... .......... .......... .......... .......... 38% 27.5M 1s
 15850K .......... .......... .......... .......... .......... 38% 28.4M 1s
 15900K .......... .......... .......... .......... .......... 38% 45.8M 1s
 15950K .......... .......... .......... .......... .......... 38% 30.4M 1s
 16000K .......... .......... .......... .......... .......... 39% 37.1M 1s
 16050K .......... .......... .......... .......... .......... 39% 32.0M 1s
 16100K .......... .......... .......... .......... .......... 39% 38.5M 1s
 16150K .......... .......... .......... .......... .......... 39% 35.3M 1s
 16200K .......... .......... .......... .......... .......... 39% 28.6M 1s
 16250K .......... .......... .......... .......... .......... 39% 43.6M 1s
 16300K .......... .......... .......... .......... .......... 39% 30.4M 1s
 16350K .......... .......... .......... .......... .......... 39% 37.3M 1s
 16400K .......... .......... .......... .......... .......... 40% 38.2M 1s
 16450K .......... .......... .......... .......... .......... 40% 32.2M 1s
 16500K .......... .......... .......... .......... .......... 40% 36.8M 1s
 16550K .......... .......... .......... .......... .......... 40% 31.5M 1s
 16600K .......... .......... .......... .......... .......... 40% 37.0M 1s
 16650K .......... .......... .......... .......... .......... 40% 33.3M 1s
 16700K .......... .......... .......... .......... .......... 40% 34.3M 1s
 16750K .......... .......... .......... .......... .......... 40% 38.3M 1s
 16800K .......... .......... .......... .......... .......... 41% 32.1M 1s
 16850K .......... .......... .......... .......... .......... 41% 36.8M 1s
 16900K .......... .......... .......... .......... .......... 41% 36.0M 1s
 16950K .......... .......... .......... .......... .......... 41% 31.1M 1s
 17000K .......... .......... .......... .......... .......... 41% 37.9M 1s
 17050K .......... .......... .......... .......... .......... 41% 31.3M 1s
 17100K .......... .......... .......... .......... .......... 41% 36.0M 1s
 17150K .......... .......... .......... .......... .......... 41% 36.5M 1s
 17200K .......... .......... .......... .......... .......... 42% 32.1M 1s
 17250K .......... .......... .......... .......... .......... 42% 36.9M 1s
 17300K .......... .......... .......... .......... .......... 42% 29.5M 1s
 17350K .......... .......... .......... .......... .......... 42% 36.4M 1s
 17400K .......... .......... .......... .......... .......... 42% 35.9M 1s
 17450K .......... .......... .......... .......... .......... 42% 32.9M 1s
 17500K .......... .......... .......... .......... .......... 42% 35.7M 1s
 17550K .......... .......... .......... .......... .......... 42% 32.2M 1s
 17600K .......... .......... .......... .......... .......... 43% 35.8M 1s
 17650K .......... .......... .......... .......... .......... 43% 36.7M 1s
 17700K .......... .......... .......... .......... .......... 43% 29.0M 1s
 17750K .......... .......... .......... .......... .......... 43% 41.3M 1s
 17800K .......... .......... .......... .......... .......... 43% 30.8M 1s
 17850K .......... .......... .......... .......... .......... 43% 35.7M 1s
 17900K .......... .......... .......... .......... .......... 43% 37.3M 1s
 17950K .......... .......... .......... .......... .......... 43% 32.0M 1s
 18000K .......... .......... .......... .......... .......... 43% 34.2M 1s
 18050K .......... .......... .......... .......... .......... 44% 31.9M 1s
 18100K .......... .......... .......... .......... .......... 44% 35.2M 1s
 18150K .......... .......... .......... .......... .......... 44% 24.0M 1s
 18200K .......... .......... .......... .......... .......... 44% 28.7M 1s
 18250K .......... .......... .......... .......... .......... 44% 30.0M 1s
 18300K .......... .......... .......... .......... .......... 44% 27.9M 1s
 18350K .......... .......... .......... .......... .......... 44% 33.4M 1s
 18400K .......... .......... .......... .......... .......... 44% 33.7M 1s
 18450K .......... .......... .......... .......... .......... 45% 25.2M 1s
 18500K .......... .......... .......... .......... .......... 45% 36.7M 1s
 18550K .......... .......... .......... .......... .......... 45% 30.2M 1s
 18600K .......... .......... .......... .......... .......... 45% 33.5M 1s
 18650K .......... .......... .......... .......... .......... 45% 33.2M 1s
 18700K .......... .......... .......... .......... .......... 45% 27.1M 1s
 18750K .......... .......... .......... .......... .......... 45% 34.2M 1s
 18800K .......... .......... .......... .......... .......... 45% 26.2M 1s
 18850K .......... .......... .......... .......... .......... 46% 34.4M 1s
 18900K .......... .......... .......... .......... .......... 46% 32.5M 1s
 18950K .......... .......... .......... .......... .......... 46% 27.5M 1s
 19000K .......... .......... .......... .......... .......... 46% 30.6M 1s
 19050K .......... .......... .......... .......... .......... 46% 30.2M 1s
 19100K .......... .......... .......... .......... .......... 46% 32.0M 1s
 19150K .......... .......... .......... .......... .......... 46% 33.2M 1s
 19200K .......... .......... .......... .......... .......... 46% 27.6M 1s
 19250K .......... .......... .......... .......... .......... 47% 36.6M 1s
 19300K .......... .......... .......... .......... .......... 47% 29.8M 1s
 19350K .......... .......... .......... .......... .......... 47% 36.6M 1s
 19400K .......... .......... .......... .......... .......... 47% 36.3M 1s
 19450K .......... .......... .......... .......... .......... 47% 29.9M 1s
 19500K .......... .......... .......... .......... .......... 47% 35.0M 1s
 19550K .......... .......... .......... .......... .......... 47% 31.2M 1s
 19600K .......... .......... .......... .......... .......... 47% 35.7M 1s
 19650K .......... .......... .......... .......... .......... 48% 35.8M 1s
 19700K .......... .......... .......... .......... .......... 48%  453K 1s
 19750K .......... .......... .......... .......... .......... 48%  145M 1s
 19800K .......... .......... .......... .......... .......... 48%  132M 1s
 19850K .......... .......... .......... .......... .......... 48%  113M 1s
 19900K .......... .......... .......... .......... .......... 48%  154M 1s
 19950K .......... .......... .......... .......... .......... 48%  133M 1s
 20000K .......... .......... .......... .......... .......... 48%  152M 1s
 20050K .......... .......... .......... .......... .......... 48%  137M 1s
 20100K .......... .......... .......... .......... .......... 49% 1.34M 1s
 20150K .......... .......... .......... .......... .......... 49%  147M 1s
 20200K .......... .......... .......... .......... .......... 49%  115M 1s
 20250K .......... .......... .......... .......... .......... 49%  149M 1s
 20300K .......... .......... .......... .......... .......... 49%  123M 1s
 20350K .......... .......... .......... .......... .......... 49%  139M 1s
 20400K .......... .......... .......... .......... .......... 49%  151M 1s
 20450K .......... .......... .......... .......... .......... 49%  115M 1s
 20500K .......... .......... .......... .......... .......... 50%  155M 1s
 20550K .......... .......... .......... .......... .......... 50%  131M 1s
 20600K .......... .......... .......... .......... .......... 50%  127M 1s
 20650K .......... .......... .......... .......... .......... 50%  161M 1s
 20700K .......... .......... .......... .......... .......... 50%  127M 1s
 20750K .......... .......... .......... .......... .......... 50%  126M 1s
 20800K .......... .......... .......... .......... .......... 50%  133M 1s
 20850K .......... .......... .......... .......... .......... 50%  143M 1s
 20900K .......... .......... .......... .......... .......... 51%  116M 1s
 20950K .......... .......... .......... .......... .......... 51% 99.0M 1s
 21000K .......... .......... .......... .......... .......... 51%  155M 1s
 21050K .......... .......... .......... .......... .......... 51%  138M 1s
 21100K .......... .......... .......... .......... .......... 51%  143M 1s
 21150K .......... .......... .......... .......... .......... 51%  141M 1s
 21200K .......... .......... .......... .......... .......... 51% 67.1M 1s
 21250K .......... .......... .......... .......... .......... 51% 10.7M 1s
 21300K .......... .......... .......... .......... .......... 52% 23.3M 1s
 21350K .......... .......... .......... .......... .......... 52% 6.52M 1s
 21400K .......... .......... .......... .......... .......... 52% 23.6M 1s
 21450K .......... .......... .......... .......... .......... 52% 13.3M 1s
 21500K .......... .......... .......... .......... .......... 52%  806K 1s
 21550K .......... .......... .......... .......... .......... 52%  130M 1s
 21600K .......... .......... .......... .......... .......... 52%  136M 1s
 21650K .......... .......... .......... .......... .......... 52%  113M 1s
 21700K .......... .......... .......... .......... .......... 53%  140M 1s
 21750K .......... .......... .......... .......... .......... 53%  150M 1s
 21800K .......... .......... .......... .......... .......... 53%  108M 1s
 21850K .......... .......... .......... .......... .......... 53%  162M 1s
 21900K .......... .......... .......... .......... .......... 53%  146M 1s
 21950K .......... .......... .......... .......... .......... 53%  110M 1s
 22000K .......... .......... .......... .......... .......... 53%  162M 1s
 22050K .......... .......... .......... .......... .......... 53%  127M 1s
 22100K .......... .......... .......... .......... .......... 53%  145M 1s
 22150K .......... .......... .......... .......... .......... 54%  145M 1s
 22200K .......... .......... .......... .......... .......... 54%  125M 1s
 22250K .......... .......... .......... .......... .......... 54%  129M 1s
 22300K .......... .......... .......... .......... .......... 54% 7.94M 1s
 22350K .......... .......... .......... .......... .......... 54% 16.2M 1s
 22400K .......... .......... .......... .......... .......... 54% 10.1M 1s
 22450K .......... .......... .......... .......... .......... 54% 14.5M 1s
 22500K .......... .......... .......... .......... .......... 54% 1.32M 1s
 22550K .......... .......... .......... .......... .......... 55% 49.7M 1s
 22600K .......... .......... .......... .......... .......... 55%  145M 1s
 22650K .......... .......... .......... .......... .......... 55%  137M 1s
 22700K .......... .......... .......... .......... .......... 55%  117M 1s
 22750K .......... .......... .......... .......... .......... 55%  155M 1s
 22800K .......... .......... .......... .......... .......... 55% 2.59M 1s
 22850K .......... .......... .......... .......... .......... 55% 6.86M 1s
 22900K .......... .......... .......... .......... .......... 55% 1.51M 1s
 22950K .......... .......... .......... .......... .......... 56%  120M 1s
 23000K .......... .......... .......... .......... .......... 56%  157M 1s
 23050K .......... .......... .......... .......... .......... 56%  133M 1s
 23100K .......... .......... .......... .......... .......... 56%  134M 1s
 23150K .......... .......... .......... .......... .......... 56%  152M 1s
 23200K .......... .......... .......... .......... .......... 56%  118M 1s
 23250K .......... .......... .......... .......... .......... 56% 2.16M 1s
 23300K .......... .......... .......... .......... .......... 56%  136M 1s
 23350K .......... .......... .......... .......... .......... 57%  130M 1s
 23400K .......... .......... .......... .......... .......... 57%  140M 1s
 23450K .......... .......... .......... .......... .......... 57%  137M 1s
 23500K .......... .......... .......... .......... .......... 57%  147M 1s
 23550K .......... .......... .......... .......... .......... 57%  127M 1s
 23600K .......... .......... .......... .......... .......... 57%  128M 1s
 23650K .......... .......... .......... .......... .......... 57%  155M 1s
 23700K .......... .......... .......... .......... .......... 57%  124M 1s
 23750K .......... .......... .......... .......... .......... 58%  156M 1s
 23800K .......... .......... .......... .......... .......... 58%  114M 1s
 23850K .......... .......... .......... .......... .......... 58%  146M 1s
 23900K .......... .......... .......... .......... .......... 58% 1.87M 1s
 23950K .......... .......... .......... .......... .......... 58%  127M 1s
 24000K .......... .......... .......... .......... .......... 58%  149M 1s
 24050K .......... .......... .......... .......... .......... 58%  128M 1s
 24100K .......... .......... .......... .......... .......... 58%  135M 1s
 24150K .......... .......... .......... .......... .......... 58%  150M 1s
 24200K .......... .......... .......... .......... .......... 59%  125M 1s
 24250K .......... .......... .......... .......... .......... 59%  163M 1s
 24300K .......... .......... .......... .......... .......... 59%  109M 1s
 24350K .......... .......... .......... .......... .......... 59% 4.77M 1s
 24400K .......... .......... .......... .......... .......... 59%  126M 1s
 24450K .......... .......... .......... .......... .......... 59% 8.45M 1s
 24500K .......... .......... .......... .......... .......... 59% 27.4M 1s
 24550K .......... .......... .......... .......... .......... 59% 1.29M 1s
 24600K .......... .......... .......... .......... .......... 60% 33.3M 1s
 24650K .......... .......... .......... .......... .......... 60%  155M 1s
 24700K .......... .......... .......... .......... .......... 60%  141M 1s
 24750K .......... .......... .......... .......... .......... 60%  139M 1s
 24800K .......... .......... .......... .......... .......... 60%  124M 1s
 24850K .......... .......... .......... .......... .......... 60%  136M 1s
 24900K .......... .......... .......... .......... .......... 60%  145M 1s
 24950K .......... .......... .......... .......... .......... 60%  138M 1s
 25000K .......... .......... .......... .......... .......... 61%  140M 1s
 25050K .......... .......... .......... .......... .......... 61%  132M 1s
 25100K .......... .......... .......... .......... .......... 61%  164M 1s
 25150K .......... .......... .......... .......... .......... 61% 3.25M 1s
 25200K .......... .......... .......... .......... .......... 61% 20.1M 1s
 25250K .......... .......... .......... .......... .......... 61% 6.83M 1s
 25300K .......... .......... .......... .......... .......... 61%  118M 1s
 25350K .......... .......... .......... .......... .......... 61%  154M 1s
 25400K .......... .......... .......... .......... .......... 62%  146M 1s
 25450K .......... .......... .......... .......... .......... 62%  123M 1s
 25500K .......... .......... .......... .......... .......... 62% 2.83M 1s
 25550K .......... .......... .......... .......... .......... 62%  133M 1s
 25600K .......... .......... .......... .......... .......... 62% 4.57M 1s
 25650K .......... .......... .......... .......... .......... 62%  148M 1s
 25700K .......... .......... .......... .......... .......... 62%  137M 1s
 25750K .......... .......... .......... .......... .......... 62%  152M 1s
 25800K .......... .......... .......... .......... .......... 62%  133M 1s
 25850K .......... .......... .......... .......... .......... 63% 20.5M 1s
 25900K .......... .......... .......... .......... .......... 63% 12.8M 1s
 25950K .......... .......... .......... .......... .......... 63% 6.05M 1s
 26000K .......... .......... .......... .......... .......... 63% 29.1M 1s
 26050K .......... .......... .......... .......... .......... 63% 5.81M 1s
 26100K .......... .......... .......... .......... .......... 63% 7.54M 1s
 26150K .......... .......... .......... .......... .......... 63% 12.8M 1s
 26200K .......... .......... .......... .......... .......... 63% 6.03M 1s
 26250K .......... .......... .......... .......... .......... 64% 26.8M 1s
 26300K .......... .......... .......... .......... .......... 64% 5.87M 1s
 26350K .......... .......... .......... .......... .......... 64% 8.73M 1s
 26400K .......... .......... .......... .......... .......... 64% 10.6M 1s
 26450K .......... .......... .......... .......... .......... 64% 8.54M 1s
 26500K .......... .......... .......... .......... .......... 64% 10.1M 1s
 26550K .......... .......... .......... .......... .......... 64% 6.18M 1s
 26600K .......... .......... .......... .......... .......... 64% 8.81M 1s
 26650K .......... .......... .......... .......... .......... 65% 14.3M 1s
 26700K .......... .......... .......... .......... .......... 65% 7.23M 1s
 26750K .......... .......... .......... .......... .......... 65% 9.77M 1s
 26800K .......... .......... .......... .......... .......... 65% 6.26M 1s
 26850K .......... .......... .......... .......... .......... 65% 8.89M 1s
 26900K .......... .......... .......... .......... .......... 65% 13.4M 1s
 26950K .......... .......... .......... .......... .......... 65% 7.32M 1s
 27000K .......... .......... .......... .......... .......... 65% 10.2M 1s
 27050K .......... .......... .......... .......... .......... 66% 6.28M 1s
 27100K .......... .......... .......... .......... .......... 66% 13.8M 1s
 27150K .......... .......... .......... .......... .......... 66% 7.94M 1s
 27200K .......... .......... .......... .......... .......... 66% 7.76M 1s
 27250K .......... .......... .......... .......... .......... 66% 10.6M 1s
 27300K .......... .......... .......... .......... .......... 66% 6.29M 1s
 27350K .......... .......... .......... .......... .......... 66% 13.6M 1s
 27400K .......... .......... .......... .......... .......... 66% 8.16M 1s
 27450K .......... .......... .......... .......... .......... 67% 20.0M 1s
 27500K .......... .......... .......... .......... .......... 67% 6.15M 1s
 27550K .......... .......... .......... .......... .......... 67% 5.82M 1s
 27600K .......... .......... .......... .......... .......... 67% 13.3M 1s
 27650K .......... .......... .......... .......... .......... 67% 9.70M 1s
 27700K .......... .......... .......... .......... .......... 67% 14.9M 1s
 27750K .......... .......... .......... .......... .......... 67% 6.03M 1s
 27800K .......... .......... .......... .......... .......... 67% 5.89M 1s
 27850K .......... .......... .......... .......... .......... 67% 13.1M 1s
 27900K .......... .......... .......... .......... .......... 68% 12.6M 1s
 27950K .......... .......... .......... .......... .......... 68% 10.6M 1s
 28000K .......... .......... .......... .......... .......... 68% 6.36M 1s
 28050K .......... .......... .......... .......... .......... 68% 5.68M 1s
 28100K .......... .......... .......... .......... .......... 68% 12.7M 1s
 28150K .......... .......... .......... .......... .......... 68% 13.7M 1s
 28200K .......... .......... .......... .......... .......... 68% 9.98M 1s
 28250K .......... .......... .......... .......... .......... 68% 12.6M 1s
 28300K .......... .......... .......... .......... .......... 69% 4.97M 1s
 28350K .......... .......... .......... .......... .......... 69% 9.90M 1s
 28400K .......... .......... .......... .......... .......... 69% 13.7M 1s
 28450K .......... .......... .......... .......... .......... 69% 8.76M 1s
 28500K .......... .......... .......... .......... .......... 69% 12.1M 1s
 28550K .......... .......... .......... .......... .......... 69% 4.75M 1s
 28600K .......... .......... .......... .......... .......... 69% 9.82M 1s
 28650K .......... .......... .......... .......... .......... 69% 13.4M 1s
 28700K .......... .......... .......... .......... .......... 70% 9.02M 1s
 28750K .......... .......... .......... .......... .......... 70% 11.5M 1s
 28800K .......... .......... .......... .......... .......... 70% 7.74M 1s
 28850K .......... .......... .......... .......... .......... 70% 5.42M 1s
 28900K .......... .......... .......... .......... .......... 70% 26.2M 1s
 28950K .......... .......... .......... .......... .......... 70% 7.25M 1s
 29000K .......... .......... .......... .......... .......... 70% 34.5M 1s
 29050K .......... .......... .......... .......... .......... 70% 11.2M 1s
 29100K .......... .......... .......... .......... .......... 71% 4.02M 1s
 29150K .......... .......... .......... .......... .......... 71% 13.0M 1s
 29200K .......... .......... .......... .......... .......... 71% 9.31M 1s
 29250K .......... .......... .......... .......... .......... 71% 19.9M 1s
 29300K .......... .......... .......... .......... .......... 71% 10.6M 1s
 29350K .......... .......... .......... .......... .......... 71% 4.00M 1s
 29400K .......... .......... .......... .......... .......... 71% 17.9M 1s
 29450K .......... .......... .......... .......... .......... 71% 8.99M 1s
 29500K .......... .......... .......... .......... .......... 72% 15.2M 1s
 29550K .......... .......... .......... .......... .......... 72% 10.3M 1s
 29600K .......... .......... .......... .......... .......... 72% 9.35M 1s
 29650K .......... .......... .......... .......... .......... 72% 6.24M 1s
 29700K .......... .......... .......... .......... .......... 72% 12.3M 1s
 29750K .......... .......... .......... .......... .......... 72% 7.56M 1s
 29800K .......... .......... .......... .......... .......... 72% 34.1M 1s
 29850K .......... .......... .......... .......... .......... 72% 11.1M 1s
 29900K .......... .......... .......... .......... .......... 72% 4.06M 1s
 29950K .......... .......... .......... .......... .......... 73% 11.6M 1s
 30000K .......... .......... .......... .......... .......... 73% 12.7M 1s
 30050K .......... .......... .......... .......... .......... 73% 12.2M 1s
 30100K .......... .......... .......... .......... .......... 73% 11.2M 1s
 30150K .......... .......... .......... .......... .......... 73% 4.64M 1s
 30200K .......... .......... .......... .......... .......... 73% 9.44M 1s
 30250K .......... .......... .......... .......... .......... 73% 10.9M 1s
 30300K .......... .......... .......... .......... .......... 73% 14.8M 1s
 30350K .......... .......... .......... .......... .......... 74% 20.3M 1s
 30400K .......... .......... .......... .......... .......... 74% 6.85M 1s
 30450K .......... .......... .......... .......... .......... 74% 5.99M 1s
 30500K .......... .......... .......... .......... .......... 74% 12.3M 1s
 30550K .......... .......... .......... .......... .......... 74% 7.41M 1s
 30600K .......... .......... .......... .......... .......... 74% 44.7M 1s
 30650K .......... .......... .......... .......... .......... 74% 10.5M 1s
 30700K .......... .......... .......... .......... .......... 74% 4.05M 1s
 30750K .......... .......... .......... .......... .......... 75% 15.0M 1s
 30800K .......... .......... .......... .......... .......... 75% 7.63M 1s
 30850K .......... .......... .......... .......... .......... 75% 29.9M 1s
 30900K .......... .......... .......... .......... .......... 75% 19.6M 1s
 30950K .......... .......... .......... .......... .......... 75% 5.69M 1s
 31000K .......... .......... .......... .......... .......... 75% 7.33M 1s
 31050K .......... .......... .......... .......... .......... 75% 6.86M 1s
 31100K .......... .......... .......... .......... .......... 75% 15.5M 1s
 31150K .......... .......... .......... .......... .......... 76% 38.4M 1s
 31200K .......... .......... .......... .......... .......... 76% 5.86M 1s
 31250K .......... .......... .......... .......... .......... 76% 5.97M 1s
 31300K .......... .......... .......... .......... .......... 76% 11.1M 1s
 31350K .......... .......... .......... .......... .......... 76% 12.9M 1s
 31400K .......... .......... .......... .......... .......... 76% 15.1M 1s
 31450K .......... .......... .......... .......... .......... 76% 6.56M 1s
 31500K .......... .......... .......... .......... .......... 76% 5.20M 1s
 31550K .......... .......... .......... .......... .......... 77% 11.1M 1s
 31600K .......... .......... .......... .......... .......... 77% 12.3M 1s
 31650K .......... .......... .......... .......... .......... 77% 16.6M 1s
 31700K .......... .......... .......... .......... .......... 77% 14.2M 1s
 31750K .......... .......... .......... .......... .......... 77% 8.28M 1s
 31800K .......... .......... .......... .......... .......... 77% 5.61M 1s
 31850K .......... .......... .......... .......... .......... 77% 11.5M 1s
 31900K .......... .......... .......... .......... .......... 77% 8.20M 1s
 31950K .......... .......... .......... .......... .......... 77% 35.7M 1s
 32000K .......... .......... .......... .......... .......... 78% 7.04M 1s
 32050K .......... .......... .......... .......... .......... 78% 5.15M 1s
 32100K .......... .......... .......... .......... .......... 78% 11.4M 1s
 32150K .......... .......... .......... .......... .......... 78% 12.7M 1s
 32200K .......... .......... .......... .......... .......... 78% 14.0M 1s
 32250K .......... .......... .......... .......... .......... 78% 12.5M 1s
 32300K .......... .......... .......... .......... .......... 78% 9.52M 1s
 32350K .......... .......... .......... .......... .......... 78% 4.85M 1s
 32400K .......... .......... .......... .......... .......... 79% 17.6M 1s
 32450K .......... .......... .......... .......... .......... 79% 8.10M 1s
 32500K .......... .......... .......... .......... .......... 79% 36.0M 1s
 32550K .......... .......... .......... .......... .......... 79% 6.04M 1s
 32600K .......... .......... .......... .......... .......... 79% 5.52M 1s
 32650K .......... .......... .......... .......... .......... 79% 12.8M 1s
 32700K .......... .......... .......... .......... .......... 79% 13.2M 1s
 32750K .......... .......... .......... .......... .......... 79% 14.4M 1s
 32800K .......... .......... .......... .......... .......... 80% 6.93M 1s
 32850K .......... .......... .......... .......... .......... 80% 5.21M 1s
 32900K .......... .......... .......... .......... .......... 80% 10.6M 1s
 32950K .......... .......... .......... .......... .......... 80% 49.7M 1s
 33000K .......... .......... .......... .......... .......... 80% 8.54M 1s
 33050K .......... .......... .......... .......... .......... 80% 28.9M 1s
 33100K .......... .......... .......... .......... .......... 80% 6.01M 1s
 33150K .......... .......... .......... .......... .......... 80% 5.54M 0s
 33200K .......... .......... .......... .......... .......... 81% 12.4M 0s
 33250K .......... .......... .......... .......... .......... 81% 14.4M 0s
 33300K .......... .......... .......... .......... .......... 81% 13.7M 0s
 33350K .......... .......... .......... .......... .......... 81% 7.84M 0s
 33400K .......... .......... .......... .......... .......... 81% 12.5M 0s
 33450K .......... .......... .......... .......... .......... 81% 4.51M 0s
 33500K .......... .......... .......... .......... .......... 81% 44.9M 0s
 33550K .......... .......... .......... .......... .......... 81% 8.87M 0s
 33600K .......... .......... .......... .......... .......... 82% 27.4M 0s
 33650K .......... .......... .......... .......... .......... 82% 6.36M 0s
 33700K .......... .......... .......... .......... .......... 82% 5.12M 0s
 33750K .......... .......... .......... .......... .......... 82% 12.6M 0s
 33800K .......... .......... .......... .......... .......... 82% 9.14M 0s
 33850K .......... .......... .......... .......... .......... 82% 36.5M 0s
 33900K .......... .......... .......... .......... .......... 82% 18.8M 0s
 33950K .......... .......... .......... .......... .......... 82% 4.49M 0s
 34000K .......... .......... .......... .......... .......... 82% 6.40M 0s
 34050K .......... .......... .......... .......... .......... 83% 13.3M 0s
 34100K .......... .......... .......... .......... .......... 83% 16.9M 0s
 34150K .......... .......... .......... .......... .......... 83% 30.3M 0s
 34200K .......... .......... .......... .......... .......... 83% 6.45M 0s
 34250K .......... .......... .......... .......... .......... 83% 5.91M 0s
 34300K .......... .......... .......... .......... .......... 83% 8.78M 0s
 34350K .......... .......... .......... .......... .......... 83% 10.2M 0s
 34400K .......... .......... .......... .......... .......... 83% 29.2M 0s
 34450K .......... .......... .......... .......... .......... 84% 18.4M 0s
 34500K .......... .......... .......... .......... .......... 84% 5.97M 0s
 34550K .......... .......... .......... .......... .......... 84% 5.37M 0s
 34600K .......... .......... .......... .......... .......... 84% 12.1M 0s
 34650K .......... .......... .......... .......... .......... 84% 13.4M 0s
 34700K .......... .......... .......... .......... .......... 84% 15.5M 0s
 34750K .......... .......... .......... .......... .......... 84% 25.8M 0s
 34800K .......... .......... .......... .......... .......... 84% 3.94M 0s
 34850K .......... .......... .......... .......... .......... 85% 8.58M 0s
 34900K .......... .......... .......... .......... .......... 85% 17.6M 0s
 34950K .......... .......... .......... .......... .......... 85% 12.6M 0s
 35000K .......... .......... .......... .......... .......... 85% 21.2M 0s
 35050K .......... .......... .......... .......... .......... 85% 6.54M 0s
 35100K .......... .......... .......... .......... .......... 85% 4.92M 0s
 35150K .......... .......... .......... .......... .......... 85% 12.4M 0s
 35200K .......... .......... .......... .......... .......... 85% 11.0M 0s
 35250K .......... .......... .......... .......... .......... 86% 20.8M 0s
 35300K .......... .......... .......... .......... .......... 86% 24.3M 0s
 35350K .......... .......... .......... .......... .......... 86% 5.59M 0s
 35400K .......... .......... .......... .......... .......... 86% 5.58M 0s
 35450K .......... .......... .......... .......... .......... 86% 15.1M 0s
 35500K .......... .......... .......... .......... .......... 86% 12.3M 0s
 35550K .......... .......... .......... .......... .......... 86% 17.3M 0s
 35600K .......... .......... .......... .......... .......... 86% 9.54M 0s
 35650K .......... .......... .......... .......... .......... 87% 5.21M 0s
 35700K .......... .......... .......... .......... .......... 87% 9.96M 0s
 35750K .......... .......... .......... .......... .......... 87% 11.1M 0s
 35800K .......... .......... .......... .......... .......... 87% 22.8M 0s
 35850K .......... .......... .......... .......... .......... 87% 13.2M 0s
 35900K .......... .......... .......... .......... .......... 87% 8.41M 0s
 35950K .......... .......... .......... .......... .......... 87% 4.96M 0s
 36000K .......... .......... .......... .......... .......... 87% 9.71M 0s
 36050K .......... .......... .......... .......... .......... 87% 12.9M 0s
 36100K .......... .......... .......... .......... .......... 88% 21.2M 0s
 36150K .......... .......... .......... .......... .......... 88% 9.08M 0s
 36200K .......... .......... .......... .......... .......... 88% 9.52M 0s
 36250K .......... .......... .......... .......... .......... 88% 5.06M 0s
 36300K .......... .......... .......... .......... .......... 88% 11.3M 0s
 36350K .......... .......... .......... .......... .......... 88% 13.4M 0s
 36400K .......... .......... .......... .......... .......... 88% 37.8M 0s
 36450K .......... .......... .......... .......... .......... 88% 7.28M 0s
 36500K .......... .......... .......... .......... .......... 89% 5.10M 0s
 36550K .......... .......... .......... .......... .......... 89% 12.1M 0s
 36600K .......... .......... .......... .......... .......... 89% 9.49M 0s
 36650K .......... .......... .......... .......... .......... 89% 21.0M 0s
 36700K .......... .......... .......... .......... .......... 89% 8.99M 0s
 36750K .......... .......... .......... .......... .......... 89% 9.77M 0s
 36800K .......... .......... .......... .......... .......... 89% 6.77M 0s
 36850K .......... .......... .......... .......... .......... 89% 9.80M 0s
 36900K .......... .......... .......... .......... .......... 90% 12.8M 0s
 36950K .......... .......... .......... .......... .......... 90% 20.4M 0s
 37000K .......... .......... .......... .......... .......... 90% 9.28M 0s
 37050K .......... .......... .......... .......... .......... 90% 9.29M 0s
 37100K .......... .......... .......... .......... .......... 90% 4.77M 0s
 37150K .......... .......... .......... .......... .......... 90% 16.8M 0s
 37200K .......... .......... .......... .......... .......... 90% 12.3M 0s
 37250K .......... .......... .......... .......... .......... 90% 15.8M 0s
 37300K .......... .......... .......... .......... .......... 91% 9.73M 0s
 37350K .......... .......... .......... .......... .......... 91% 5.48M 0s
 37400K .......... .......... .......... .......... .......... 91% 9.91M 0s
 37450K .......... .......... .......... .......... .......... 91% 9.44M 0s
 37500K .......... .......... .......... .......... .......... 91% 21.8M 0s
 37550K .......... .......... .......... .......... .......... 91% 9.55M 0s
 37600K .......... .......... .......... .......... .......... 91% 8.40M 0s
 37650K .......... .......... .......... .......... .......... 91% 7.62M 0s
 37700K .......... .......... .......... .......... .......... 91% 7.56M 0s
 37750K .......... .......... .......... .......... .......... 92% 17.7M 0s
 37800K .......... .......... .......... .......... .......... 92% 11.4M 0s
 37850K .......... .......... .......... .......... .......... 92% 10.0M 0s
 37900K .......... .......... .......... .......... .......... 92% 12.4M 0s
 37950K .......... .......... .......... .......... .......... 92% 4.90M 0s
 38000K .......... .......... .......... .......... .......... 92% 9.84M 0s
 38050K .......... .......... .......... .......... .......... 92% 26.7M 0s
 38100K .......... .......... .......... .......... .......... 92% 8.35M 0s
 38150K .......... .......... .......... .......... .......... 93% 22.4M 0s
 38200K .......... .......... .......... .......... .......... 93% 5.47M 0s
 38250K .......... .......... .......... .......... .......... 93% 9.80M 0s
 38300K .......... .......... .......... .......... .......... 93% 9.38M 0s
 38350K .......... .......... .......... .......... .......... 93% 10.9M 0s
 38400K .......... .......... .......... .......... .......... 93% 16.3M 0s
 38450K .......... .......... .......... .......... .......... 93% 8.82M 0s
 38500K .......... .......... .......... .......... .......... 93% 7.45M 0s
 38550K .......... .......... .......... .......... .......... 94% 9.91M 0s
 38600K .......... .......... .......... .......... .......... 94% 9.66M 0s
 38650K .......... .......... .......... .......... .......... 94% 8.51M 0s
 38700K .......... .......... .......... .......... .......... 94% 12.5M 0s
 38750K .......... .......... .......... .......... .......... 94% 13.5M 0s
 38800K .......... .......... .......... .......... .......... 94% 7.20M 0s
 38850K .......... .......... .......... .......... .......... 94% 6.80M 0s
 38900K .......... .......... .......... .......... .......... 94% 16.7M 0s
 38950K .......... .......... .......... .......... .......... 95% 10.0M 0s
 39000K .......... .......... .......... .......... .......... 95% 9.47M 0s
 39050K .......... .......... .......... .......... .......... 95% 7.93M 0s
 39100K .......... .......... .......... .......... .......... 95% 8.91M 0s
 39150K .......... .......... .......... .......... .......... 95% 11.7M 0s
 39200K .......... .......... .......... .......... .......... 95% 10.7M 0s
 39250K .......... .......... .......... .......... .......... 95% 10.6M 0s
 39300K .......... .......... .......... .......... .......... 95% 11.9M 0s
 39350K .......... .......... .......... .......... .......... 96% 8.30M 0s
 39400K .......... .......... .......... .......... .......... 96% 9.18M 0s
 39450K .......... .......... .......... .......... .......... 96% 11.0M 0s
 39500K .......... .......... .......... .......... .......... 96% 7.93M 0s
 39550K .......... .......... .......... .......... .......... 96% 11.9M 0s
 39600K .......... .......... .......... .......... .......... 96% 18.1M 0s
 39650K .......... .......... .......... .......... .......... 96% 4.99M 0s
 39700K .......... .......... .......... .......... .......... 96% 29.1M 0s
 39750K .......... .......... .......... .......... .......... 96% 7.66M 0s
 39800K .......... .......... .......... .......... .......... 97% 9.80M 0s
 39850K .......... .......... .......... .......... .......... 97% 9.82M 0s
 39900K .......... .......... .......... .......... .......... 97% 7.55M 0s
 39950K .......... .......... .......... .......... .......... 97% 11.8M 0s
 40000K .......... .......... .......... .......... .......... 97% 30.0M 0s
 40050K .......... .......... .......... .......... .......... 97% 7.40M 0s
 40100K .......... .......... .......... .......... .......... 97% 9.63M 0s
 40150K .......... .......... .......... .......... .......... 97% 9.40M 0s
 40200K .......... .......... .......... .......... .......... 98% 7.95M 0s
 40250K .......... .......... .......... .......... .......... 98% 12.3M 0s
 40300K .......... .......... .......... .......... .......... 98% 8.42M 0s
 40350K .......... .......... .......... .......... .......... 98% 7.50M 0s
 40400K .......... .......... .......... .......... .......... 98% 14.3M 0s
 40450K .......... .......... .......... .......... .......... 98% 5.63M 0s
 40500K .......... .......... .......... .......... .......... 98%  108M 0s
 40550K .......... .......... .......... .......... .......... 98% 9.80M 0s
 40600K .......... .......... .......... .......... .......... 99% 10.8M 0s
 40650K .......... .......... .......... .......... .......... 99% 7.36M 0s
 40700K .......... .......... .......... .......... .......... 99% 9.72M 0s
 40750K .......... .......... .......... .......... .......... 99% 7.01M 0s
 40800K .......... .......... .......... .......... .......... 99% 12.1M 0s
 40850K .......... .......... .......... .......... .......... 99% 8.74M 0s
 40900K .......... .......... .......... .......... .......... 99% 90.0M 0s
 40950K .......... .......... .......... .......... .......... 99% 5.23M 0s
 41000K .......... .......... .......... ..                   100% 15.4M=2.9s

2022-05-02 02:55:04 (13.8 MB/s) - ‘/root/process_mining/trips_tracing/stopsintrip.json’ saved [42017691/42017691]

--2022-05-02 02:55:04--  https://ckan.multimediagdansk.pl/dataset/c24aa637-3619-4dc2-a171-a23eec8f2172/resource/4c4025f0-01bf-41f7-a39f-d156d201b82b/download/stops.json
Resolving ckan.multimediagdansk.pl (ckan.multimediagdansk.pl)... 91.244.248.30
Connecting to ckan.multimediagdansk.pl (ckan.multimediagdansk.pl)|91.244.248.30|:443... connected.
HTTP request sent, awaiting response... 200 OK
Length: 12703930 (12M) [application/json]
Saving to: ‘/root/process_mining/trips_tracing/stops.json’

     0K .......... .......... .......... .......... ..........  0%  883K 14s
    50K .......... .......... .......... .......... ..........  0% 1.73M 10s
   100K .......... .......... .......... .......... ..........  1% 51.6M 7s
   150K .......... .......... .......... .......... ..........  1%  129M 5s
   200K .......... .......... .......... .......... ..........  2% 1.76M 6s
   250K .......... .......... .......... .......... ..........  2% 65.3M 5s
   300K .......... .......... .......... .......... ..........  2%  102M 4s
   350K .......... .......... .......... .......... ..........  3%  114M 3s
   400K .......... .......... .......... .......... ..........  3% 1.84M 4s
   450K .......... .......... .......... .......... ..........  4% 63.0M 3s
   500K .......... .......... .......... .......... ..........  4% 79.2M 3s
   550K .......... .......... .......... .......... ..........  4% 66.0M 3s
   600K .......... .......... .......... .......... ..........  5% 51.9M 3s
   650K .......... .......... .......... .......... ..........  5% 84.2M 2s
   700K .......... .......... .......... .......... ..........  6%  138M 2s
   750K .......... .......... .......... .......... ..........  6%  154M 2s
   800K .......... .......... .......... .......... ..........  6%  160M 2s
   850K .......... .......... .......... .......... ..........  7% 2.05M 2s
   900K .......... .......... .......... .......... ..........  7% 77.1M 2s
   950K .......... .......... .......... .......... ..........  8% 71.8M 2s
  1000K .......... .......... .......... .......... ..........  8% 83.7M 2s
  1050K .......... .......... .......... .......... ..........  8% 72.7M 2s
  1100K .......... .......... .......... .......... ..........  9% 67.9M 2s
  1150K .......... .......... .......... .......... ..........  9% 81.0M 2s
  1200K .......... .......... .......... .......... .......... 10% 68.7M 2s
  1250K .......... .......... .......... .......... .......... 10% 72.2M 2s
  1300K .......... .......... .......... .......... .......... 10% 76.8M 1s
  1350K .......... .......... .......... .......... .......... 11% 60.7M 1s
  1400K .......... .......... .......... .......... .......... 11% 58.3M 1s
  1450K .......... .......... .......... .......... .......... 12% 1.52M 2s
  1500K .......... .......... .......... .......... .......... 12% 70.7M 1s
  1550K .......... .......... .......... .......... .......... 12% 3.07M 2s
  1600K .......... .......... .......... .......... .......... 13%  119M 1s
  1650K .......... .......... .......... .......... .......... 13%  163M 1s
  1700K .......... .......... .......... .......... .......... 14%  125M 1s
  1750K .......... .......... .......... .......... .......... 14% 92.5M 1s
  1800K .......... .......... .......... .......... .......... 14%  146M 1s
  1850K .......... .......... .......... .......... .......... 15% 84.8M 1s
  1900K .......... .......... .......... .......... .......... 15%  152M 1s
  1950K .......... .......... .......... .......... .......... 16% 90.5M 1s
  2000K .......... .......... .......... .......... .......... 16%  140M 1s
  2050K .......... .......... .......... .......... .......... 16% 99.6M 1s
  2100K .......... .......... .......... .......... .......... 17%  116M 1s
  2150K .......... .......... .......... .......... .......... 17%  120M 1s
  2200K .......... .......... .......... .......... .......... 18% 99.1M 1s
  2250K .......... .......... .......... .......... .......... 18%  102M 1s
  2300K .......... .......... .......... .......... .......... 18%  138M 1s
  2350K .......... .......... .......... .......... .......... 19% 91.6M 1s
  2400K .......... .......... .......... .......... .......... 19%  130M 1s
  2450K .......... .......... .......... .......... .......... 20%  130M 1s
  2500K .......... .......... .......... .......... .......... 20%  155M 1s
  2550K .......... .......... .......... .......... .......... 20%  119M 1s
  2600K .......... .......... .......... .......... .......... 21% 88.4M 1s
  2650K .......... .......... .......... .......... .......... 21%  118M 1s
  2700K .......... .......... .......... .......... .......... 22% 88.7M 1s
  2750K .......... .......... .......... .......... .......... 22% 26.3M 1s
  2800K .......... .......... .......... .......... .......... 22% 80.5M 1s
  2850K .......... .......... .......... .......... .......... 23% 69.0M 1s
  2900K .......... .......... .......... .......... .......... 23% 95.8M 1s
  2950K .......... .......... .......... .......... .......... 24% 69.4M 1s
  3000K .......... .......... .......... .......... .......... 24% 88.0M 1s
  3050K .......... .......... .......... .......... .......... 24%  138M 1s
  3100K .......... .......... .......... .......... .......... 25%  142M 1s
  3150K .......... .......... .......... .......... .......... 25%  152M 1s
  3200K .......... .......... .......... .......... .......... 26%  135M 1s
  3250K .......... .......... .......... .......... .......... 26%  159M 1s
  3300K .......... .......... .......... .......... .......... 27%  153M 1s
  3350K .......... .......... .......... .......... .......... 27%  133M 1s
  3400K .......... .......... .......... .......... .......... 27%  163M 1s
  3450K .......... .......... .......... .......... .......... 28%  130M 1s
  3500K .......... .......... .......... .......... .......... 28%  157M 1s
  3550K .......... .......... .......... .......... .......... 29%  156M 1s
  3600K .......... .......... .......... .......... .......... 29%  134M 1s
  3650K .......... .......... .......... .......... .......... 29%  129M 1s
  3700K .......... .......... .......... .......... .......... 30%  155M 1s
  3750K .......... .......... .......... .......... .......... 30%  148M 1s
  3800K .......... .......... .......... .......... .......... 31%  142M 1s
  3850K .......... .......... .......... .......... .......... 31% 5.99M 1s
  3900K .......... .......... .......... .......... .......... 31% 18.3M 1s
  3950K .......... .......... .......... .......... .......... 32% 80.9M 1s
  4000K .......... .......... .......... .......... .......... 32% 83.0M 1s
  4050K .......... .......... .......... .......... .......... 33% 67.8M 1s
  4100K .......... .......... .......... .......... .......... 33% 63.8M 1s
  4150K .......... .......... .......... .......... .......... 33% 54.9M 1s
  4200K .......... .......... .......... .......... .......... 34% 85.3M 1s
  4250K .......... .......... .......... .......... .......... 34% 28.4M 0s
  4300K .......... .......... .......... .......... .......... 35% 85.0M 0s
  4350K .......... .......... .......... .......... .......... 35% 93.4M 0s
  4400K .......... .......... .......... .......... .......... 35% 61.4M 0s
  4450K .......... .......... .......... .......... .......... 36% 84.8M 0s
  4500K .......... .......... .......... .......... .......... 36% 88.6M 0s
  4550K .......... .......... .......... .......... .......... 37% 88.9M 0s
  4600K .......... .......... .......... .......... .......... 37% 35.2M 0s
  4650K .......... .......... .......... .......... .......... 37% 28.8M 0s
  4700K .......... .......... .......... .......... .......... 38% 36.5M 0s
  4750K .......... .......... .......... .......... .......... 38% 37.8M 0s
  4800K .......... .......... .......... .......... .......... 39% 31.7M 0s
  4850K .......... .......... .......... .......... .......... 39% 20.3M 0s
  4900K .......... .......... .......... .......... .......... 39% 5.13M 0s
  4950K .......... .......... .......... .......... .......... 40% 63.9M 0s
  5000K .......... .......... .......... .......... .......... 40% 92.1M 0s
  5050K .......... .......... .......... .......... .......... 41% 68.0M 0s
  5100K .......... .......... .......... .......... .......... 41% 47.8M 0s
  5150K .......... .......... .......... .......... .......... 41% 66.2M 0s
  5200K .......... .......... .......... .......... .......... 42% 34.1M 0s
  5250K .......... .......... .......... .......... .......... 42% 93.7M 0s
  5300K .......... .......... .......... .......... .......... 43% 68.4M 0s
  5350K .......... .......... .......... .......... .......... 43% 94.8M 0s
  5400K .......... .......... .......... .......... .......... 43% 68.1M 0s
  5450K .......... .......... .......... .......... .......... 44% 80.3M 0s
  5500K .......... .......... .......... .......... .......... 44% 98.4M 0s
  5550K .......... .......... .......... .......... .......... 45% 75.9M 0s
  5600K .......... .......... .......... .......... .......... 45% 54.7M 0s
  5650K .......... .......... .......... .......... .......... 45% 32.8M 0s
  5700K .......... .......... .......... .......... .......... 46% 29.6M 0s
  5750K .......... .......... .......... .......... .......... 46% 70.6M 0s
  5800K .......... .......... .......... .......... .......... 47% 29.8M 0s
  5850K .......... .......... .......... .......... .......... 47% 27.5M 0s
  5900K .......... .......... .......... .......... .......... 47% 16.8M 0s
  5950K .......... .......... .......... .......... .......... 48% 5.61M 0s
  6000K .......... .......... .......... .......... .......... 48%  103M 0s
  6050K .......... .......... .......... .......... .......... 49% 71.8M 0s
  6100K .......... .......... .......... .......... .......... 49% 58.4M 0s
  6150K .......... .......... .......... .......... .......... 49% 53.0M 0s
  6200K .......... .......... .......... .......... .......... 50% 46.2M 0s
  6250K .......... .......... .......... .......... .......... 50% 96.5M 0s
  6300K .......... .......... .......... .......... .......... 51% 43.6M 0s
  6350K .......... .......... .......... .......... .......... 51% 89.4M 0s
  6400K .......... .......... .......... .......... .......... 51% 60.2M 0s
  6450K .......... .......... .......... .......... .......... 52% 85.0M 0s
  6500K .......... .......... .......... .......... .......... 52% 99.2M 0s
  6550K .......... .......... .......... .......... .......... 53% 76.2M 0s
  6600K .......... .......... .......... .......... .......... 53% 59.8M 0s
  6650K .......... .......... .......... .......... .......... 54% 27.2M 0s
  6700K .......... .......... .......... .......... .......... 54% 35.1M 0s
  6750K .......... .......... .......... .......... .......... 54% 92.3M 0s
  6800K .......... .......... .......... .......... .......... 55% 26.3M 0s
  6850K .......... .......... .......... .......... .......... 55% 37.2M 0s
  6900K .......... .......... .......... .......... .......... 56% 27.1M 0s
  6950K .......... .......... .......... .......... .......... 56% 16.6M 0s
  7000K .......... .......... .......... .......... .......... 56% 6.72M 0s
  7050K .......... .......... .......... .......... .......... 57% 37.0M 0s
  7100K .......... .......... .......... .......... .......... 57% 47.1M 0s
  7150K .......... .......... .......... .......... .......... 58% 33.6M 0s
  7200K .......... .......... .......... .......... .......... 58% 39.0M 0s
  7250K .......... .......... .......... .......... .......... 58% 81.6M 0s
  7300K .......... .......... .......... .......... .......... 59% 77.5M 0s
  7350K .......... .......... .......... .......... .......... 59% 79.5M 0s
  7400K .......... .......... .......... .......... .......... 60% 90.0M 0s
  7450K .......... .......... .......... .......... .......... 60%  119M 0s
  7500K .......... .......... .......... .......... .......... 60% 94.7M 0s
  7550K .......... .......... .......... .......... .......... 61% 71.4M 0s
  7600K .......... .......... .......... .......... .......... 61% 65.5M 0s
  7650K .......... .......... .......... .......... .......... 62% 35.1M 0s
  7700K .......... .......... .......... .......... .......... 62% 35.0M 0s
  7750K .......... .......... .......... .......... .......... 62% 85.6M 0s
  7800K .......... .......... .......... .......... .......... 63% 28.4M 0s
  7850K .......... .......... .......... .......... .......... 63% 33.4M 0s
  7900K .......... .......... .......... .......... .......... 64% 35.8M 0s
  7950K .......... .......... .......... .......... .......... 64% 26.4M 0s
  8000K .......... .......... .......... .......... .......... 64% 92.2M 0s
  8050K .......... .......... .......... .......... .......... 65% 5.16M 0s
  8100K .......... .......... .......... .......... .......... 65% 45.4M 0s
  8150K .......... .......... .......... .......... .......... 66% 45.9M 0s
  8200K .......... .......... .......... .......... .......... 66% 29.4M 0s
  8250K .......... .......... .......... .......... .......... 66% 90.1M 0s
  8300K .......... .......... .......... .......... .......... 67% 45.3M 0s
  8350K .......... .......... .......... .......... .......... 67% 79.9M 0s
  8400K .......... .......... .......... .......... .......... 68% 83.8M 0s
  8450K .......... .......... .......... .......... .......... 68% 84.1M 0s
  8500K .......... .......... .......... .......... .......... 68%  122M 0s
  8550K .......... .......... .......... .......... .......... 69% 76.3M 0s
  8600K .......... .......... .......... .......... .......... 69% 95.6M 0s
  8650K .......... .......... .......... .......... .......... 70% 41.8M 0s
  8700K .......... .......... .......... .......... .......... 70% 98.3M 0s
  8750K .......... .......... .......... .......... .......... 70% 38.4M 0s
  8800K .......... .......... .......... .......... .......... 71% 28.7M 0s
  8850K .......... .......... .......... .......... .......... 71% 30.6M 0s
  8900K .......... .......... .......... .......... .......... 72% 43.1M 0s
  8950K .......... .......... .......... .......... .......... 72% 93.0M 0s
  9000K .......... .......... .......... .......... .......... 72% 25.6M 0s
  9050K .......... .......... .......... .......... .......... 73% 25.6M 0s
  9100K .......... .......... .......... .......... .......... 73% 5.57M 0s
  9150K .......... .......... .......... .......... .......... 74% 40.6M 0s
  9200K .......... .......... .......... .......... .......... 74% 95.5M 0s
  9250K .......... .......... .......... .......... .......... 74% 25.5M 0s
  9300K .......... .......... .......... .......... .......... 75% 56.5M 0s
  9350K .......... .......... .......... .......... .......... 75% 44.8M 0s
  9400K .......... .......... .......... .......... .......... 76% 68.6M 0s
  9450K .......... .......... .......... .......... .......... 76% 86.1M 0s
  9500K .......... .......... .......... .......... .......... 76% 73.4M 0s
  9550K .......... .......... .......... .......... .......... 77% 66.5M 0s
  9600K .......... .......... .......... .......... .......... 77%  164M 0s
  9650K .......... .......... .......... .......... .......... 78% 98.2M 0s
  9700K .......... .......... .......... .......... .......... 78% 86.7M 0s
  9750K .......... .......... .......... .......... .......... 78%  103M 0s
  9800K .......... .......... .......... .......... .......... 79% 42.5M 0s
  9850K .......... .......... .......... .......... .......... 79% 18.3M 0s
  9900K .......... .......... .......... .......... .......... 80% 39.5M 0s
  9950K .......... .......... .......... .......... .......... 80% 87.4M 0s
 10000K .......... .......... .......... .......... .......... 81% 28.6M 0s
 10050K .......... .......... .......... .......... .......... 81% 75.4M 0s
 10100K .......... .......... .......... .......... .......... 81% 26.1M 0s
 10150K .......... .......... .......... .......... .......... 82% 12.4M 0s
 10200K .......... .......... .......... .......... .......... 82% 9.11M 0s
 10250K .......... .......... .......... .......... .......... 83% 24.0M 0s
 10300K .......... .......... .......... .......... .......... 83% 53.7M 0s
 10350K .......... .......... .......... .......... .......... 83% 30.1M 0s
 10400K .......... .......... .......... .......... .......... 84% 71.8M 0s
 10450K .......... .......... .......... .......... .......... 84%  102M 0s
 10500K .......... .......... .......... .......... .......... 85% 81.4M 0s
 10550K .......... .......... .......... .......... .......... 85% 73.1M 0s
 10600K .......... .......... .......... .......... .......... 85% 94.6M 0s
 10650K .......... .......... .......... .......... .......... 86% 70.4M 0s
 10700K .......... .......... .......... .......... .......... 86% 76.1M 0s
 10750K .......... .......... .......... .......... .......... 87%  136M 0s
 10800K .......... .......... .......... .......... .......... 87% 46.0M 0s
 10850K .......... .......... .......... .......... .......... 87% 50.0M 0s
 10900K .......... .......... .......... .......... .......... 88% 85.1M 0s
 10950K .......... .......... .......... .......... .......... 88% 16.2M 0s
 11000K .......... .......... .......... .......... .......... 89% 90.9M 0s
 11050K .......... .......... .......... .......... .......... 89% 35.6M 0s
 11100K .......... .......... .......... .......... .......... 89% 26.7M 0s
 11150K .......... .......... .......... .......... .......... 90% 79.9M 0s
 11200K .......... .......... .......... .......... .......... 90% 13.3M 0s
 11250K .......... .......... .......... .......... .......... 91% 8.75M 0s
 11300K .......... .......... .......... .......... .......... 91% 17.9M 0s
 11350K .......... .......... .......... .......... .......... 91% 82.8M 0s
 11400K .......... .......... .......... .......... .......... 92% 88.6M 0s
 11450K .......... .......... .......... .......... .......... 92% 34.9M 0s
 11500K .......... .......... .......... .......... .......... 93% 53.9M 0s
 11550K .......... .......... .......... .......... .......... 93% 65.5M 0s
 11600K .......... .......... .......... .......... .......... 93% 87.7M 0s
 11650K .......... .......... .......... .......... .......... 94%  125M 0s
 11700K .......... .......... .......... .......... .......... 94% 80.2M 0s
 11750K .......... .......... .......... .......... .......... 95% 81.5M 0s
 11800K .......... .......... .......... .......... .......... 95% 47.8M 0s
 11850K .......... .......... .......... .......... .......... 95% 46.1M 0s
 11900K .......... .......... .......... .......... .......... 96% 82.0M 0s
 11950K .......... .......... .......... .......... .......... 96% 80.1M 0s
 12000K .......... .......... .......... .......... .......... 97% 19.5M 0s
 12050K .......... .......... .......... .......... .......... 97% 28.9M 0s
 12100K .......... .......... .......... .......... .......... 97% 25.9M 0s
 12150K .......... .......... .......... .......... .......... 98% 78.6M 0s
 12200K .......... .......... .......... .......... .......... 98% 25.4M 0s
 12250K .......... .......... .......... .......... .......... 99% 28.4M 0s
 12300K .......... .......... .......... .......... .......... 99% 8.71M 0s
 12350K .......... .......... .......... .......... .......... 99% 34.6M 0s
 12400K ......                                                100% 3.51M=0.5s

2022-05-02 02:55:05 (24.6 MB/s) - ‘/root/process_mining/trips_tracing/stops.json’ saved [12703930/12703930]

--2022-05-02 02:55:05--  https://files.cloudgdansk.pl/d/otwarte-dane/ztm/baza-pojazdow.json?v=2
Resolving files.cloudgdansk.pl (files.cloudgdansk.pl)... 153.19.238.147
Connecting to files.cloudgdansk.pl (files.cloudgdansk.pl)|153.19.238.147|:443... connected.
HTTP request sent, awaiting response... 200 OK
Length: 282839 (276K) [application/json]
Saving to: ‘/root/process_mining/trips_tracing/baza-pojazdow.json’

     0K .......... .......... .......... .......... .......... 18% 1.73M 0s
    50K .......... .......... .......... .......... .......... 36% 1.73M 0s
   100K .......... .......... .......... .......... .......... 54% 1.74M 0s
   150K .......... .......... .......... .......... .......... 72% 87.3M 0s
   200K .......... .......... .......... .......... .......... 90%  221M 0s
   250K .......... .......... ......                          100%  218M=0.09s

2022-05-02 02:55:06 (3.15 MB/s) - ‘/root/process_mining/trips_tracing/baza-pojazdow.json’ saved [282839/282839]

