--2022-05-03 02:55:01--  https://ckan.multimediagdansk.pl/dataset/c24aa637-3619-4dc2-a171-a23eec8f2172/resource/3115d29d-b763-4af5-93f6-763b835967d6/download/stopsintrip.json
Resolving ckan.multimediagdansk.pl (ckan.multimediagdansk.pl)... 91.244.248.30
Connecting to ckan.multimediagdansk.pl (ckan.multimediagdansk.pl)|91.244.248.30|:443... connected.
HTTP request sent, awaiting response... 200 OK
Length: 38886379 (37M) [application/json]
Saving to: ‘/root/process_mining/trips_tracing/stopsintrip.json’

     0K .......... .......... .......... .......... ..........  0%  881K 43s
    50K .......... .......... .......... .......... ..........  0% 1.74M 32s
   100K .......... .......... .......... .......... ..........  0% 57.9M 22s
   150K .......... .......... .......... .......... ..........  0%  111M 16s
   200K .......... .......... .......... .......... ..........  0% 1.76M 17s
   250K .......... .......... .......... .......... ..........  0% 84.7M 14s
   300K .......... .......... .......... .......... ..........  0% 90.3M 12s
   350K .......... .......... .......... .......... ..........  1% 98.3M 11s
   400K .......... .......... .......... .......... ..........  1% 1.85M 12s
   450K .......... .......... .......... .......... ..........  1% 61.5M 11s
   500K .......... .......... .......... .......... ..........  1% 83.2M 10s
   550K .......... .......... .......... .......... ..........  1% 80.5M 9s
   600K .......... .......... .......... .......... ..........  1% 59.8M 8s
   650K .......... .......... .......... .......... ..........  1% 94.0M 8s
   700K .......... .......... .......... .......... ..........  1% 87.4M 7s
   750K .......... .......... .......... .......... ..........  2%  157M 7s
   800K .......... .......... .......... .......... ..........  2%  165M 6s
   850K .......... .......... .......... .......... ..........  2% 2.02M 7s
   900K .......... .......... .......... .......... ..........  2% 78.4M 7s
   950K .......... .......... .......... .......... ..........  2% 81.8M 6s
  1000K .......... .......... .......... .......... ..........  2% 79.3M 6s
  1050K .......... .......... .......... .......... ..........  2% 98.4M 6s
  1100K .......... .......... .......... .......... ..........  3% 68.6M 6s
  1150K .......... .......... .......... .......... ..........  3%  103M 5s
  1200K .......... .......... .......... .......... ..........  3% 72.0M 5s
  1250K .......... .......... .......... .......... ..........  3%  104M 5s
  1300K .......... .......... .......... .......... ..........  3% 87.2M 5s
  1350K .......... .......... .......... .......... ..........  3% 85.9M 5s
  1400K .......... .......... .......... .......... ..........  3%  100M 4s
  1450K .......... .......... .......... .......... ..........  3% 77.9M 4s
  1500K .......... .......... .......... .......... ..........  4%  102M 4s
  1550K .......... .......... .......... .......... ..........  4% 92.9M 4s
  1600K .......... .......... .......... .......... ..........  4% 98.3M 4s
  1650K .......... .......... .......... .......... ..........  4%  159M 4s
  1700K .......... .......... .......... .......... ..........  4% 2.54M 4s
  1750K .......... .......... .......... .......... ..........  4% 94.4M 4s
  1800K .......... .......... .......... .......... ..........  4% 92.7M 4s
  1850K .......... .......... .......... .......... ..........  5% 59.6M 4s
  1900K .......... .......... .......... .......... ..........  5% 87.2M 4s
  1950K .......... .......... .......... .......... ..........  5% 82.0M 4s
  2000K .......... .......... .......... .......... ..........  5% 91.4M 4s
  2050K .......... .......... .......... .......... ..........  5% 94.7M 3s
  2100K .......... .......... .......... .......... ..........  5% 72.0M 3s
  2150K .......... .......... .......... .......... ..........  5% 93.6M 3s
  2200K .......... .......... .......... .......... ..........  5% 80.9M 3s
  2250K .......... .......... .......... .......... ..........  6% 98.8M 3s
  2300K .......... .......... .......... .......... ..........  6% 80.3M 3s
  2350K .......... .......... .......... .......... ..........  6% 78.3M 3s
  2400K .......... .......... .......... .......... ..........  6% 88.1M 3s
  2450K .......... .......... .......... .......... ..........  6% 82.7M 3s
  2500K .......... .......... .......... .......... ..........  6% 87.6M 3s
  2550K .......... .......... .......... .......... ..........  6% 83.3M 3s
  2600K .......... .......... .......... .......... ..........  6% 83.7M 3s
  2650K .......... .......... .......... .......... ..........  7% 84.9M 3s
  2700K .......... .......... .......... .......... ..........  7% 81.2M 3s
  2750K .......... .......... .......... .......... ..........  7% 88.6M 3s
  2800K .......... .......... .......... .......... ..........  7% 93.8M 3s
  2850K .......... .......... .......... .......... ..........  7% 80.7M 3s
  2900K .......... .......... .......... .......... ..........  7% 91.5M 3s
  2950K .......... .......... .......... .......... ..........  7% 76.1M 2s
  3000K .......... .......... .......... .......... ..........  8% 89.7M 2s
  3050K .......... .......... .......... .......... ..........  8%  107M 2s
  3100K .......... .......... .......... .......... ..........  8%  140M 2s
  3150K .......... .......... .......... .......... ..........  8%  142M 2s
  3200K .......... .......... .......... .......... ..........  8%  129M 2s
  3250K .......... .......... .......... .......... ..........  8%  159M 2s
  3300K .......... .......... .......... .......... ..........  8%  108M 2s
  3350K .......... .......... .......... .......... ..........  8%  113M 2s
  3400K .......... .......... .......... .......... ..........  9%  154M 2s
  3450K .......... .......... .......... .......... ..........  9% 4.72M 2s
  3500K .......... .......... .......... .......... ..........  9% 83.9M 2s
  3550K .......... .......... .......... .......... ..........  9%  101M 2s
  3600K .......... .......... .......... .......... ..........  9% 77.9M 2s
  3650K .......... .......... .......... .......... ..........  9% 95.8M 2s
  3700K .......... .......... .......... .......... ..........  9% 77.2M 2s
  3750K .......... .......... .......... .......... .......... 10% 96.5M 2s
  3800K .......... .......... .......... .......... .......... 10%  113M 2s
  3850K .......... .......... .......... .......... .......... 10% 83.9M 2s
  3900K .......... .......... .......... .......... .......... 10% 94.4M 2s
  3950K .......... .......... .......... .......... .......... 10% 87.9M 2s
  4000K .......... .......... .......... .......... .......... 10%  103M 2s
  4050K .......... .......... .......... .......... .......... 10%  120M 2s
  4100K .......... .......... .......... .......... .......... 10%  113M 2s
  4150K .......... .......... .......... .......... .......... 11% 56.1M 2s
  4200K .......... .......... .......... .......... .......... 11% 30.5M 2s
  4250K .......... .......... .......... .......... .......... 11% 34.3M 2s
  4300K .......... .......... .......... .......... .......... 11% 25.4M 2s
  4350K .......... .......... .......... .......... .......... 11% 46.5M 2s
  4400K .......... .......... .......... .......... .......... 11% 34.4M 2s
  4450K .......... .......... .......... .......... .......... 11% 31.4M 2s
  4500K .......... .......... .......... .......... .......... 11% 36.3M 2s
  4550K .......... .......... .......... .......... .......... 12% 36.7M 2s
  4600K .......... .......... .......... .......... .......... 12% 31.3M 2s
  4650K .......... .......... .......... .......... .......... 12% 36.3M 2s
  4700K .......... .......... .......... .......... .......... 12% 32.4M 2s
  4750K .......... .......... .......... .......... .......... 12% 36.8M 2s
  4800K .......... .......... .......... .......... .......... 12% 36.9M 2s
  4850K .......... .......... .......... .......... .......... 12% 32.0M 2s
  4900K .......... .......... .......... .......... .......... 13% 34.4M 2s
  4950K .......... .......... .......... .......... .......... 13% 32.1M 2s
  5000K .......... .......... .......... .......... .......... 13% 35.0M 2s
  5050K .......... .......... .......... .......... .......... 13% 32.6M 2s
  5100K .......... .......... .......... .......... .......... 13% 29.8M 2s
  5150K .......... .......... .......... .......... .......... 13% 32.6M 2s
  5200K .......... .......... .......... .......... .......... 13% 32.1M 2s
  5250K .......... .......... .......... .......... .......... 13% 35.9M 2s
  5300K .......... .......... .......... .......... .......... 14% 35.7M 2s
  5350K .......... .......... .......... .......... .......... 14% 30.9M 2s
  5400K .......... .......... .......... .......... .......... 14% 34.9M 2s
  5450K .......... .......... .......... .......... .......... 14% 29.5M 2s
  5500K .......... .......... .......... .......... .......... 14% 36.9M 2s
  5550K .......... .......... .......... .......... .......... 14% 35.9M 2s
  5600K .......... .......... .......... .......... .......... 14% 29.2M 2s
  5650K .......... .......... .......... .......... .......... 15% 36.7M 2s
  5700K .......... .......... .......... .......... .......... 15% 31.0M 2s
  5750K .......... .......... .......... .......... .......... 15% 36.4M 2s
  5800K .......... .......... .......... .......... .......... 15% 33.2M 2s
  5850K .......... .......... .......... .......... .......... 15% 30.1M 2s
  5900K .......... .......... .......... .......... .......... 15% 35.4M 2s
  5950K .......... .......... .......... .......... .......... 15% 30.7M 2s
  6000K .......... .......... .......... .......... .......... 15% 33.2M 2s
  6050K .......... .......... .......... .......... .......... 16% 37.6M 2s
  6100K .......... .......... .......... .......... .......... 16% 29.3M 2s
  6150K .......... .......... .......... .......... .......... 16% 36.4M 2s
  6200K .......... .......... .......... .......... .......... 16% 29.5M 1s
  6250K .......... .......... .......... .......... .......... 16% 35.4M 1s
  6300K .......... .......... .......... .......... .......... 16% 37.5M 1s
  6350K .......... .......... .......... .......... .......... 16% 29.3M 1s
  6400K .......... .......... .......... .......... .......... 16% 34.9M 1s
  6450K .......... .......... .......... .......... .......... 17% 29.4M 1s
  6500K .......... .......... .......... .......... .......... 17% 36.8M 1s
  6550K .......... .......... .......... .......... .......... 17% 34.4M 1s
  6600K .......... .......... .......... .......... .......... 17% 29.7M 1s
  6650K .......... .......... .......... .......... .......... 17% 29.4M 1s
  6700K .......... .......... .......... .......... .......... 17% 29.0M 1s
  6750K .......... .......... .......... .......... .......... 17% 31.5M 1s
  6800K .......... .......... .......... .......... .......... 18% 34.0M 1s
  6850K .......... .......... .......... .......... .......... 18% 29.8M 1s
  6900K .......... .......... .......... .......... .......... 18% 35.8M 1s
  6950K .......... .......... .......... .......... .......... 18% 28.2M 1s
  7000K .......... .......... .......... .......... .......... 18% 32.9M 1s
  7050K .......... .......... .......... .......... .......... 18% 35.5M 1s
  7100K .......... .......... .......... .......... .......... 18% 29.4M 1s
  7150K .......... .......... .......... .......... .......... 18% 35.3M 1s
  7200K .......... .......... .......... .......... .......... 19% 34.0M 1s
  7250K .......... .......... .......... .......... .......... 19% 30.5M 1s
  7300K .......... .......... .......... .......... .......... 19% 35.7M 1s
  7350K .......... .......... .......... .......... .......... 19% 29.6M 1s
  7400K .......... .......... .......... .......... .......... 19% 35.3M 1s
  7450K .......... .......... .......... .......... .......... 19% 34.7M 1s
  7500K .......... .......... .......... .......... .......... 19% 30.4M 1s
  7550K .......... .......... .......... .......... .......... 20% 34.8M 1s
  7600K .......... .......... .......... .......... .......... 20% 27.8M 1s
  7650K .......... .......... .......... .......... .......... 20% 35.7M 1s
  7700K .......... .......... .......... .......... .......... 20% 35.0M 1s
  7750K .......... .......... .......... .......... .......... 20% 30.9M 1s
  7800K .......... .......... .......... .......... .......... 20% 35.6M 1s
  7850K .......... .......... .......... .......... .......... 20% 30.3M 1s
  7900K .......... .......... .......... .......... .......... 20% 34.3M 1s
  7950K .......... .......... .......... .......... .......... 21% 36.9M 1s
  8000K .......... .......... .......... .......... .......... 21% 30.2M 1s
  8050K .......... .......... .......... .......... .......... 21% 35.6M 1s
  8100K .......... .......... .......... .......... .......... 21% 30.9M 1s
  8150K .......... .......... .......... .......... .......... 21% 34.5M 1s
  8200K .......... .......... .......... .......... .......... 21% 28.5M 1s
  8250K .......... .......... .......... .......... .......... 21% 30.6M 1s
  8300K .......... .......... .......... .......... .......... 21% 31.9M 1s
  8350K .......... .......... .......... .......... .......... 22% 27.8M 1s
  8400K .......... .......... .......... .......... .......... 22% 32.9M 1s
  8450K .......... .......... .......... .......... .......... 22% 34.3M 1s
  8500K .......... .......... .......... .......... .......... 22% 30.9M 1s
  8550K .......... .......... .......... .......... .......... 22% 34.6M 1s
  8600K .......... .......... .......... .......... .......... 22% 29.6M 1s
  8650K .......... .......... .......... .......... .......... 22% 35.4M 1s
  8700K .......... .......... .......... .......... .......... 23% 33.6M 1s
  8750K .......... .......... .......... .......... .......... 23% 30.0M 1s
  8800K .......... .......... .......... .......... .......... 23% 33.2M 1s
  8850K .......... .......... .......... .......... .......... 23% 30.4M 1s
  8900K .......... .......... .......... .......... .......... 23% 35.2M 1s
  8950K .......... .......... .......... .......... .......... 23% 33.2M 1s
  9000K .......... .......... .......... .......... .......... 23% 28.0M 1s
  9050K .......... .......... .......... .......... .......... 23% 35.9M 1s
  9100K .......... .......... .......... .......... .......... 24% 29.8M 1s
  9150K .......... .......... .......... .......... .......... 24% 35.2M 1s
  9200K .......... .......... .......... .......... .......... 24% 34.4M 1s
  9250K .......... .......... .......... .......... .......... 24% 30.4M 1s
  9300K .......... .......... .......... .......... .......... 24% 35.9M 1s
  9350K .......... .......... .......... .......... .......... 24% 30.1M 1s
  9400K .......... .......... .......... .......... .......... 24% 32.6M 1s
  9450K .......... .......... .......... .......... .......... 25% 33.8M 1s
  9500K .......... .......... .......... .......... .......... 25% 29.0M 1s
  9550K .......... .......... .......... .......... .......... 25% 33.7M 1s
  9600K .......... .......... .......... .......... .......... 25% 30.9M 1s
  9650K .......... .......... .......... .......... .......... 25% 31.8M 1s
  9700K .......... .......... .......... .......... .......... 25% 35.5M 1s
  9750K .......... .......... .......... .......... .......... 25% 30.3M 1s
  9800K .......... .......... .......... .......... .......... 25% 34.1M 1s
  9850K .......... .......... .......... .......... .......... 26% 30.7M 1s
  9900K .......... .......... .......... .......... .......... 26% 34.2M 1s
  9950K .......... .......... .......... .......... .......... 26% 34.0M 1s
 10000K .......... .......... .......... .......... .......... 26% 27.7M 1s
 10050K .......... .......... .......... .......... .......... 26% 35.4M 1s
 10100K .......... .......... .......... .......... .......... 26% 28.5M 1s
 10150K .......... .......... .......... .......... .......... 26% 33.5M 1s
 10200K .......... .......... .......... .......... .......... 26% 33.0M 1s
 10250K .......... .......... .......... .......... .......... 27% 30.9M 1s
 10300K .......... .......... .......... .......... .......... 27% 36.2M 1s
 10350K .......... .......... .......... .......... .......... 27% 30.6M 1s
 10400K .......... .......... .......... .......... .......... 27% 37.4M 1s
 10450K .......... .......... .......... .......... .......... 27% 34.6M 1s
 10500K .......... .......... .......... .......... .......... 27% 31.7M 1s
 10550K .......... .......... .......... .......... .......... 27% 35.8M 1s
 10600K .......... .......... .......... .......... .......... 28% 30.6M 1s
 10650K .......... .......... .......... .......... .......... 28% 35.4M 1s
 10700K .......... .......... .......... .......... .......... 28% 36.2M 1s
 10750K .......... .......... .......... .......... .......... 28% 30.7M 1s
 10800K .......... .......... .......... .......... .......... 28% 36.0M 1s
 10850K .......... .......... .......... .......... .......... 28% 31.0M 1s
 10900K .......... .......... .......... .......... .......... 28% 36.8M 1s
 10950K .......... .......... .......... .......... .......... 28% 37.0M 1s
 11000K .......... .......... .......... .......... .......... 29% 31.1M 1s
 11050K .......... .......... .......... .......... .......... 29% 37.0M 1s
 11100K .......... .......... .......... .......... .......... 29% 31.2M 1s
 11150K .......... .......... .......... .......... .......... 29% 35.8M 1s
 11200K .......... .......... .......... .......... .......... 29% 34.7M 1s
 11250K .......... .......... .......... .......... .......... 29% 28.8M 1s
 11300K .......... .......... .......... .......... .......... 29% 34.5M 1s
 11350K .......... .......... .......... .......... .......... 30% 30.8M 1s
 11400K .......... .......... .......... .......... .......... 30% 34.3M 1s
 11450K .......... .......... .......... .......... .......... 30% 35.2M 1s
 11500K .......... .......... .......... .......... .......... 30% 31.5M 1s
 11550K .......... .......... .......... .......... .......... 30% 35.3M 1s
 11600K .......... .......... .......... .......... .......... 30% 29.3M 1s
 11650K .......... .......... .......... .......... .......... 30% 36.9M 1s
 11700K .......... .......... .......... .......... .......... 30% 34.5M 1s
 11750K .......... .......... .......... .......... .......... 31% 31.7M 1s
 11800K .......... .......... .......... .......... .......... 31% 33.9M 1s
 11850K .......... .......... .......... .......... .......... 31% 28.3M 1s
 11900K .......... .......... .......... .......... .......... 31% 35.4M 1s
 11950K .......... .......... .......... .......... .......... 31% 37.0M 1s
 12000K .......... .......... .......... .......... .......... 31% 25.4M 1s
 12050K .......... .......... .......... .......... .......... 31% 32.5M 1s
 12100K .......... .......... .......... .......... .......... 31% 44.2M 1s
 12150K .......... .......... .......... .......... .......... 32% 36.3M 1s
 12200K .......... .......... .......... .......... .......... 32% 34.9M 1s
 12250K .......... .......... .......... .......... .......... 32% 30.1M 1s
 12300K .......... .......... .......... .......... .......... 32% 36.5M 1s
 12350K .......... .......... .......... .......... .......... 32% 30.0M 1s
 12400K .......... .......... .......... .......... .......... 32% 37.3M 1s
 12450K .......... .......... .......... .......... .......... 32% 36.0M 1s
 12500K .......... .......... .......... .......... .......... 33% 30.4M 1s
 12550K .......... .......... .......... .......... .......... 33% 36.9M 1s
 12600K .......... .......... .......... .......... .......... 33% 31.0M 1s
 12650K .......... .......... .......... .......... .......... 33% 36.4M 1s
 12700K .......... .......... .......... .......... .......... 33% 33.9M 1s
 12750K .......... .......... .......... .......... .......... 33% 30.3M 1s
 12800K .......... .......... .......... .......... .......... 33% 36.7M 1s
 12850K .......... .......... .......... .......... .......... 33% 30.8M 1s
 12900K .......... .......... .......... .......... .......... 34% 37.4M 1s
 12950K .......... .......... .......... .......... .......... 34% 34.5M 1s
 13000K .......... .......... .......... .......... .......... 34% 30.9M 1s
 13050K .......... .......... .......... .......... .......... 34% 35.1M 1s
 13100K .......... .......... .......... .......... .......... 34% 30.7M 1s
 13150K .......... .......... .......... .......... .......... 34% 33.5M 1s
 13200K .......... .......... .......... .......... .......... 34% 40.8M 1s
 13250K .......... .......... .......... .......... .......... 35% 30.7M 1s
 13300K .......... .......... .......... .......... .......... 35% 37.4M 1s
 13350K .......... .......... .......... .......... .......... 35% 31.0M 1s
 13400K .......... .......... .......... .......... .......... 35% 21.5M 1s
 13450K .......... .......... .......... .......... .......... 35% 34.0M 1s
 13500K .......... .......... .......... .......... .......... 35% 28.9M 1s
 13550K .......... .......... .......... .......... .......... 35% 35.2M 1s
 13600K .......... .......... .......... .......... .......... 35% 31.4M 1s
 13650K .......... .......... .......... .......... .......... 36% 19.4M 1s
 13700K .......... .......... .......... .......... .......... 36% 91.0M 1s
 13750K .......... .......... .......... .......... .......... 36% 37.9M 1s
 13800K .......... .......... .......... .......... .......... 36% 34.4M 1s
 13850K .......... .......... .......... .......... .......... 36% 29.8M 1s
 13900K .......... .......... .......... .......... .......... 36% 37.3M 1s
 13950K .......... .......... .......... .......... .......... 36% 33.7M 1s
 14000K .......... .......... .......... .......... .......... 36% 31.5M 1s
 14050K .......... .......... .......... .......... .......... 37% 34.2M 1s
 14100K .......... .......... .......... .......... .......... 37% 29.3M 1s
 14150K .......... .......... .......... .......... .......... 37% 37.8M 1s
 14200K .......... .......... .......... .......... .......... 37% 34.3M 1s
 14250K .......... .......... .......... .......... .......... 37% 29.6M 1s
 14300K .......... .......... .......... .......... .......... 37% 36.2M 1s
 14350K .......... .......... .......... .......... .......... 37% 29.1M 1s
 14400K .......... .......... .......... .......... .......... 38% 34.5M 1s
 14450K .......... .......... .......... .......... .......... 38% 33.8M 1s
 14500K .......... .......... .......... .......... .......... 38% 27.2M 1s
 14550K .......... .......... .......... .......... .......... 38% 34.9M 1s
 14600K .......... .......... .......... .......... .......... 38% 27.4M 1s
 14650K .......... .......... .......... .......... .......... 38% 32.6M 1s
 14700K .......... .......... .......... .......... .......... 38% 25.9M 1s
 14750K .......... .......... .......... .......... .......... 38% 43.1M 1s
 14800K .......... .......... .......... .......... .......... 39% 35.9M 1s
 14850K .......... .......... .......... .......... .......... 39% 31.5M 1s
 14900K .......... .......... .......... .......... .......... 39% 34.0M 1s
 14950K .......... .......... .......... .......... .......... 39% 36.2M 1s
 15000K .......... .......... .......... .......... .......... 39% 30.0M 1s
 15050K .......... .......... .......... .......... .......... 39% 33.6M 1s
 15100K .......... .......... .......... .......... .......... 39% 32.3M 1s
 15150K .......... .......... .......... .......... .......... 40% 34.3M 1s
 15200K .......... .......... .......... .......... .......... 40% 37.0M 1s
 15250K .......... .......... .......... .......... .......... 40% 29.0M 1s
 15300K .......... .......... .......... .......... .......... 40% 32.1M 1s
 15350K .......... .......... .......... .......... .......... 40% 31.5M 1s
 15400K .......... .......... .......... .......... .......... 40% 27.5M 1s
 15450K .......... .......... .......... .......... .......... 40% 33.3M 1s
 15500K .......... .......... .......... .......... .......... 40% 32.1M 1s
 15550K .......... .......... .......... .......... .......... 41% 35.1M 1s
 15600K .......... .......... .......... .......... .......... 41% 29.8M 1s
 15650K .......... .......... .......... .......... .......... 41% 37.8M 1s
 15700K .......... .......... .......... .......... .......... 41% 33.4M 1s
 15750K .......... .......... .......... .......... .......... 41% 30.3M 1s
 15800K .......... .......... .......... .......... .......... 41% 34.4M 1s
 15850K .......... .......... .......... .......... .......... 41% 31.4M 1s
 15900K .......... .......... .......... .......... .......... 42% 36.8M 1s
 15950K .......... .......... .......... .......... .......... 42% 35.8M 1s
 16000K .......... .......... .......... .......... .......... 42% 28.2M 1s
 16050K .......... .......... .......... .......... .......... 42% 38.6M 1s
 16100K .......... .......... .......... .......... .......... 42% 30.3M 1s
 16150K .......... .......... .......... .......... .......... 42% 34.1M 1s
 16200K .......... .......... .......... .......... .......... 42% 35.8M 1s
 16250K .......... .......... .......... .......... .......... 42% 28.9M 1s
 16300K .......... .......... .......... .......... .......... 43% 37.4M 1s
 16350K .......... .......... .......... .......... .......... 43% 29.7M 1s
 16400K .......... .......... .......... .......... .......... 43% 33.2M 1s
 16450K .......... .......... .......... .......... .......... 43% 34.3M 1s
 16500K .......... .......... .......... .......... .......... 43% 32.3M 1s
 16550K .......... .......... .......... .......... .......... 43% 34.6M 1s
 16600K .......... .......... .......... .......... .......... 43% 29.7M 1s
 16650K .......... .......... .......... .......... .......... 43% 36.2M 1s
 16700K .......... .......... .......... .......... .......... 44% 36.0M 1s
 16750K .......... .......... .......... .......... .......... 44% 32.3M 1s
 16800K .......... .......... .......... .......... .......... 44% 34.6M 1s
 16850K .......... .......... .......... .......... .......... 44% 29.7M 1s
 16900K .......... .......... .......... .......... .......... 44% 37.4M 1s
 16950K .......... .......... .......... .......... .......... 44% 34.6M 1s
 17000K .......... .......... .......... .......... .......... 44% 28.8M 1s
 17050K .......... .......... .......... .......... .......... 45% 38.6M 1s
 17100K .......... .......... .......... .......... .......... 45% 27.2M 1s
 17150K .......... .......... .......... .......... .......... 45% 39.1M 1s
 17200K .......... .......... .......... .......... .......... 45% 36.7M 1s
 17250K .......... .......... .......... .......... .......... 45% 30.8M 1s
 17300K .......... .......... .......... .......... .......... 45% 34.9M 1s
 17350K .......... .......... .......... .......... .......... 45% 30.6M 1s
 17400K .......... .......... .......... .......... .......... 45% 34.9M 1s
 17450K .......... .......... .......... .......... .......... 46% 35.5M 1s
 17500K .......... .......... .......... .......... .......... 46% 31.1M 1s
 17550K .......... .......... .......... .......... .......... 46% 34.6M 1s
 17600K .......... .......... .......... .......... .......... 46% 28.8M 1s
 17650K .......... .......... .......... .......... .......... 46% 38.3M 1s
 17700K .......... .......... .......... .......... .......... 46% 35.7M 1s
 17750K .......... .......... .......... .......... .......... 46% 31.9M 1s
 17800K .......... .......... .......... .......... .......... 47% 35.1M 1s
 17850K .......... .......... .......... .......... .......... 47% 31.9M 1s
 17900K .......... .......... .......... .......... .......... 47% 38.3M 1s
 17950K .......... .......... .......... .......... .......... 47% 36.9M 1s
 18000K .......... .......... .......... .......... .......... 47% 31.8M 1s
 18050K .......... .......... .......... .......... .......... 47% 37.3M 1s
 18100K .......... .......... .......... .......... .......... 47% 32.1M 1s
 18150K .......... .......... .......... .......... .......... 47% 37.3M 1s
 18200K .......... .......... .......... .......... .......... 48%  849K 1s
 18250K .......... .......... .......... .......... .......... 48%  101M 1s
 18300K .......... .......... .......... .......... .......... 48%  929K 1s
 18350K .......... .......... .......... .......... .......... 48% 54.6M 1s
 18400K .......... .......... .......... .......... .......... 48%  154M 1s
 18450K .......... .......... .......... .......... .......... 48%  158M 1s
 18500K .......... .......... .......... .......... .......... 48%  107M 1s
 18550K .......... .......... .......... .......... .......... 48% 1.41M 1s
 18600K .......... .......... .......... .......... .......... 49% 94.5M 1s
 18650K .......... .......... .......... .......... .......... 49%  137M 1s
 18700K .......... .......... .......... .......... .......... 49%  141M 1s
 18750K .......... .......... .......... .......... .......... 49%  122M 1s
 18800K .......... .......... .......... .......... .......... 49%  135M 1s
 18850K .......... .......... .......... .......... .......... 49%  132M 1s
 18900K .......... .......... .......... .......... .......... 49%  123M 1s
 18950K .......... .......... .......... .......... .......... 50%  154M 1s
 19000K .......... .......... .......... .......... .......... 50% 95.1M 1s
 19050K .......... .......... .......... .......... .......... 50%  155M 1s
 19100K .......... .......... .......... .......... .......... 50%  135M 1s
 19150K .......... .......... .......... .......... .......... 50%  118M 1s
 19200K .......... .......... .......... .......... .......... 50%  154M 1s
 19250K .......... .......... .......... .......... .......... 50%  112M 1s
 19300K .......... .......... .......... .......... .......... 50%  136M 1s
 19350K .......... .......... .......... .......... .......... 51%  110M 1s
 19400K .......... .......... .......... .......... .......... 51%  147M 1s
 19450K .......... .......... .......... .......... .......... 51%  146M 1s
 19500K .......... .......... .......... .......... .......... 51%  115M 1s
 19550K .......... .......... .......... .......... .......... 51%  153M 1s
 19600K .......... .......... .......... .......... .......... 51%  127M 1s
 19650K .......... .......... .......... .......... .......... 51%  119M 1s
 19700K .......... .......... .......... .......... .......... 52%  156M 1s
 19750K .......... .......... .......... .......... .......... 52% 12.0M 1s
 19800K .......... .......... .......... .......... .......... 52% 13.4M 1s
 19850K .......... .......... .......... .......... .......... 52% 9.07M 1s
 19900K .......... .......... .......... .......... .......... 52% 1.53M 1s
 19950K .......... .......... .......... .......... .......... 52%  134M 1s
 20000K .......... .......... .......... .......... .......... 52%  118M 1s
 20050K .......... .......... .......... .......... .......... 52% 4.74M 1s
 20100K .......... .......... .......... .......... .......... 53%  115M 1s
 20150K .......... .......... .......... .......... .......... 53%  128M 1s
 20200K .......... .......... .......... .......... .......... 53%  137M 1s
 20250K .......... .......... .......... .......... .......... 53%  104M 1s
 20300K .......... .......... .......... .......... .......... 53% 2.28M 1s
 20350K .......... .......... .......... .......... .......... 53%  129M 1s
 20400K .......... .......... .......... .......... .......... 53%  743K 1s
 20450K .......... .......... .......... .......... .......... 53%  134M 1s
 20500K .......... .......... .......... .......... .......... 54%  121M 1s
 20550K .......... .......... .......... .......... .......... 54%  141M 1s
 20600K .......... .......... .......... .......... .......... 54%  126M 1s
 20650K .......... .......... .......... .......... .......... 54%  160M 1s
 20700K .......... .......... .......... .......... .......... 54% 93.1M 1s
 20750K .......... .......... .......... .......... .......... 54%  107M 1s
 20800K .......... .......... .......... .......... .......... 54%  136M 1s
 20850K .......... .......... .......... .......... .......... 55%  114M 1s
 20900K .......... .......... .......... .......... .......... 55%  134M 1s
 20950K .......... .......... .......... .......... .......... 55%  149M 1s
 21000K .......... .......... .......... .......... .......... 55%  120M 1s
 21050K .......... .......... .......... .......... .......... 55%  148M 1s
 21100K .......... .......... .......... .......... .......... 55%  134M 1s
 21150K .......... .......... .......... .......... .......... 55%  149M 1s
 21200K .......... .......... .......... .......... .......... 55%  148M 1s
 21250K .......... .......... .......... .......... .......... 56% 95.9M 1s
 21300K .......... .......... .......... .......... .......... 56%  151M 1s
 21350K .......... .......... .......... .......... .......... 56%  108M 1s
 21400K .......... .......... .......... .......... .......... 56%  145M 1s
 21450K .......... .......... .......... .......... .......... 56%  151M 1s
 21500K .......... .......... .......... .......... .......... 56%  125M 1s
 21550K .......... .......... .......... .......... .......... 56% 14.0M 1s
 21600K .......... .......... .......... .......... .......... 57% 19.4M 1s
 21650K .......... .......... .......... .......... .......... 57% 10.0M 1s
 21700K .......... .......... .......... .......... .......... 57% 22.7M 1s
 21750K .......... .......... .......... .......... .......... 57% 9.84M 1s
 21800K .......... .......... .......... .......... .......... 57%  145M 1s
 21850K .......... .......... .......... .......... .......... 57% 4.36M 1s
 21900K .......... .......... .......... .......... .......... 57% 20.9M 1s
 21950K .......... .......... .......... .......... .......... 57% 14.4M 1s
 22000K .......... .......... .......... .......... .......... 58% 1.39M 1s
 22050K .......... .......... .......... .......... .......... 58%  106M 1s
 22100K .......... .......... .......... .......... .......... 58%  134M 1s
 22150K .......... .......... .......... .......... .......... 58%  134M 1s
 22200K .......... .......... .......... .......... .......... 58%  156M 1s
 22250K .......... .......... .......... .......... .......... 58% 2.96M 1s
 22300K .......... .......... .......... .......... .......... 58% 1.40M 1s
 22350K .......... .......... .......... .......... .......... 58%  120M 1s
 22400K .......... .......... .......... .......... .......... 59%  155M 1s
 22450K .......... .......... .......... .......... .......... 59%  146M 1s
 22500K .......... .......... .......... .......... .......... 59%  123M 1s
 22550K .......... .......... .......... .......... .......... 59%  110M 1s
 22600K .......... .......... .......... .......... .......... 59%  123M 1s
 22650K .......... .......... .......... .......... .......... 59%  148M 1s
 22700K .......... .......... .......... .......... .......... 59%  158M 1s
 22750K .......... .......... .......... .......... .......... 60%  122M 1s
 22800K .......... .......... .......... .......... .......... 60%  141M 1s
 22850K .......... .......... .......... .......... .......... 60%  138M 1s
 22900K .......... .......... .......... .......... .......... 60%  149M 1s
 22950K .......... .......... .......... .......... .......... 60%  133M 1s
 23000K .......... .......... .......... .......... .......... 60%  134M 1s
 23050K .......... .......... .......... .......... .......... 60%  146M 1s
 23100K .......... .......... .......... .......... .......... 60% 9.13M 1s
 23150K .......... .......... .......... .......... .......... 61%  133M 1s
 23200K .......... .......... .......... .......... .......... 61% 6.86M 1s
 23250K .......... .......... .......... .......... .......... 61% 14.8M 1s
 23300K .......... .......... .......... .......... .......... 61% 11.3M 1s
 23350K .......... .......... .......... .......... .......... 61%  131M 1s
 23400K .......... .......... .......... .......... .......... 61%  157M 1s
 23450K .......... .......... .......... .......... .......... 61%  703K 1s
 23500K .......... .......... .......... .......... .......... 62% 99.1M 1s
 23550K .......... .......... .......... .......... .......... 62%  120M 1s
 23600K .......... .......... .......... .......... .......... 62%  115M 1s
 23650K .......... .......... .......... .......... .......... 62%  122M 1s
 23700K .......... .......... .......... .......... .......... 62%  133M 1s
 23750K .......... .......... .......... .......... .......... 62%  108M 1s
 23800K .......... .......... .......... .......... .......... 62%  134M 1s
 23850K .......... .......... .......... .......... .......... 62% 86.9M 1s
 23900K .......... .......... .......... .......... .......... 63%  127M 1s
 23950K .......... .......... .......... .......... .......... 63%  115M 1s
 24000K .......... .......... .......... .......... .......... 63%  108M 1s
 24050K .......... .......... .......... .......... .......... 63%  135M 1s
 24100K .......... .......... .......... .......... .......... 63%  104M 1s
 24150K .......... .......... .......... .......... .......... 63%  128M 1s
 24200K .......... .......... .......... .......... .......... 63%  131M 1s
 24250K .......... .......... .......... .......... .......... 63% 91.6M 1s
 24300K .......... .......... .......... .......... .......... 64% 6.79M 1s
 24350K .......... .......... .......... .......... .......... 64% 90.4M 1s
 24400K .......... .......... .......... .......... .......... 64% 5.80M 1s
 24450K .......... .......... .......... .......... .......... 64%  104M 1s
 24500K .......... .......... .......... .......... .......... 64% 10.1M 1s
 24550K .......... .......... .......... .......... .......... 64%  113M 1s
 24600K .......... .......... .......... .......... .......... 64% 4.27M 1s
 24650K .......... .......... .......... .......... .......... 65%  106M 1s
 24700K .......... .......... .......... .......... .......... 65%  121M 1s
 24750K .......... .......... .......... .......... .......... 65% 4.77M 1s
 24800K .......... .......... .......... .......... .......... 65% 10.0M 1s
 24850K .......... .......... .......... .......... .......... 65% 10.6M 1s
 24900K .......... .......... .......... .......... .......... 65%  157M 1s
 24950K .......... .......... .......... .......... .......... 65%  151M 1s
 25000K .......... .......... .......... .......... .......... 65%  102M 1s
 25050K .......... .......... .......... .......... .......... 66%  145M 1s
 25100K .......... .......... .......... .......... .......... 66% 29.6M 1s
 25150K .......... .......... .......... .......... .......... 66% 10.7M 1s
 25200K .......... .......... .......... .......... .......... 66% 6.92M 1s
 25250K .......... .......... .......... .......... .......... 66% 11.4M 1s
 25300K .......... .......... .......... .......... .......... 66% 14.1M 1s
 25350K .......... .......... .......... .......... .......... 66% 7.21M 1s
 25400K .......... .......... .......... .......... .......... 67% 7.37M 1s
 25450K .......... .......... .......... .......... .......... 67% 5.81M 1s
 25500K .......... .......... .......... .......... .......... 67% 7.54M 1s
 25550K .......... .......... .......... .......... .......... 67% 7.07M 1s
 25600K .......... .......... .......... .......... .......... 67% 7.22M 1s
 25650K .......... .......... .......... .......... .......... 67% 4.76M 1s
 25700K .......... .......... .......... .......... .......... 67% 11.0M 1s
 25750K .......... .......... .......... .......... .......... 67% 5.41M 1s
 25800K .......... .......... .......... .......... .......... 68% 10.7M 1s
 25850K .......... .......... .......... .......... .......... 68% 4.38M 1s
 25900K .......... .......... .......... .......... .......... 68% 9.97M 1s
 25950K .......... .......... .......... .......... .......... 68% 6.36M 1s
 26000K .......... .......... .......... .......... .......... 68% 5.53M 1s
 26050K .......... .......... .......... .......... .......... 68% 6.07M 1s
 26100K .......... .......... .......... .......... .......... 68% 9.67M 1s
 26150K .......... .......... .......... .......... .......... 68% 5.32M 1s
 26200K .......... .......... .......... .......... .......... 69% 5.56M 1s
 26250K .......... .......... .......... .......... .......... 69% 8.26M 1s
 26300K .......... .......... .......... .......... .......... 69% 11.0M 1s
 26350K .......... .......... .......... .......... .......... 69% 5.28M 1s
 26400K .......... .......... .......... .......... .......... 69% 5.58M 1s
 26450K .......... .......... .......... .......... .......... 69% 8.30M 1s
 26500K .......... .......... .......... .......... .......... 69% 11.0M 1s
 26550K .......... .......... .......... .......... .......... 70% 5.34M 1s
 26600K .......... .......... .......... .......... .......... 70% 5.53M 1s
 26650K .......... .......... .......... .......... .......... 70% 8.18M 1s
 26700K .......... .......... .......... .......... .......... 70% 11.3M 1s
 26750K .......... .......... .......... .......... .......... 70% 5.27M 1s
 26800K .......... .......... .......... .......... .......... 70% 25.5M 1s
 26850K .......... .......... .......... .......... .......... 70% 3.79M 1s
 26900K .......... .......... .......... .......... .......... 70% 11.4M 1s
 26950K .......... .......... .......... .......... .......... 71% 5.28M 1s
 27000K .......... .......... .......... .......... .......... 71% 14.7M 1s
 27050K .......... .......... .......... .......... .......... 71% 4.31M 1s
 27100K .......... .......... .......... .......... .......... 71% 11.0M 1s
 27150K .......... .......... .......... .......... .......... 71% 5.32M 1s
 27200K .......... .......... .......... .......... .......... 71% 14.8M 1s
 27250K .......... .......... .......... .......... .......... 71% 4.24M 1s
 27300K .......... .......... .......... .......... .......... 72% 8.65M 1s
 27350K .......... .......... .......... .......... .......... 72% 6.16M 1s
 27400K .......... .......... .......... .......... .......... 72% 14.3M 1s
 27450K .......... .......... .......... .......... .......... 72% 4.31M 1s
 27500K .......... .......... .......... .......... .......... 72% 8.67M 1s
 27550K .......... .......... .......... .......... .......... 72% 6.11M 1s
 27600K .......... .......... .......... .......... .......... 72% 13.3M 1s
 27650K .......... .......... .......... .......... .......... 72% 4.43M 1s
 27700K .......... .......... .......... .......... .......... 73% 8.64M 1s
 27750K .......... .......... .......... .......... .......... 73% 6.15M 1s
 27800K .......... .......... .......... .......... .......... 73% 13.2M 1s
 27850K .......... .......... .......... .......... .......... 73% 4.39M 1s
 27900K .......... .......... .......... .......... .......... 73% 8.72M 1s
 27950K .......... .......... .......... .......... .......... 73% 6.24M 1s
 28000K .......... .......... .......... .......... .......... 73% 13.6M 1s
 28050K .......... .......... .......... .......... .......... 73% 4.40M 1s
 28100K .......... .......... .......... .......... .......... 74% 8.41M 1s
 28150K .......... .......... .......... .......... .......... 74% 6.25M 1s
 28200K .......... .......... .......... .......... .......... 74% 26.6M 1s
 28250K .......... .......... .......... .......... .......... 74% 3.75M 1s
 28300K .......... .......... .......... .......... .......... 74% 8.78M 1s
 28350K .......... .......... .......... .......... .......... 74% 6.26M 1s
 28400K .......... .......... .......... .......... .......... 74% 25.1M 1s
 28450K .......... .......... .......... .......... .......... 75% 3.84M 1s
 28500K .......... .......... .......... .......... .......... 75% 8.32M 1s
 28550K .......... .......... .......... .......... .......... 75% 15.1M 1s
 28600K .......... .......... .......... .......... .......... 75% 7.58M 1s
 28650K .......... .......... .......... .......... .......... 75% 3.77M 1s
 28700K .......... .......... .......... .......... .......... 75% 8.80M 1s
 28750K .......... .......... .......... .......... .......... 75% 14.6M 1s
 28800K .......... .......... .......... .......... .......... 75% 7.64M 1s
 28850K .......... .......... .......... .......... .......... 76% 3.75M 1s
 28900K .......... .......... .......... .......... .......... 76% 8.86M 1s
 28950K .......... .......... .......... .......... .......... 76% 14.6M 1s
 29000K .......... .......... .......... .......... .......... 76% 7.56M 1s
 29050K .......... .......... .......... .......... .......... 76% 3.85M 1s
 29100K .......... .......... .......... .......... .......... 76% 8.32M 1s
 29150K .......... .......... .......... .......... .......... 76% 15.0M 1s
 29200K .......... .......... .......... .......... .......... 77% 7.65M 1s
 29250K .......... .......... .......... .......... .......... 77% 3.81M 1s
 29300K .......... .......... .......... .......... .......... 77% 10.6M 1s
 29350K .......... .......... .......... .......... .......... 77% 11.2M 1s
 29400K .......... .......... .......... .......... .......... 77% 7.47M 1s
 29450K .......... .......... .......... .......... .......... 77% 4.69M 1s
 29500K .......... .......... .......... .......... .......... 77% 6.97M 1s
 29550K .......... .......... .......... .......... .......... 77% 11.5M 1s
 29600K .......... .......... .......... .......... .......... 78% 7.40M 1s
 29650K .......... .......... .......... .......... .......... 78% 4.58M 1s
 29700K .......... .......... .......... .......... .......... 78% 7.29M 1s
 29750K .......... .......... .......... .......... .......... 78% 11.8M 1s
 29800K .......... .......... .......... .......... .......... 78% 7.29M 1s
 29850K .......... .......... .......... .......... .......... 78% 12.8M 1s
 29900K .......... .......... .......... .......... .......... 78% 3.92M 1s
 29950K .......... .......... .......... .......... .......... 78% 17.0M 1s
 30000K .......... .......... .......... .......... .......... 79% 6.17M 1s
 30050K .......... .......... .......... .......... .......... 79% 15.1M 1s
 30100K .......... .......... .......... .......... .......... 79% 3.44M 1s
 30150K .......... .......... .......... .......... .......... 79% 16.8M 1s
 30200K .......... .......... .......... .......... .......... 79% 15.1M 0s
 30250K .......... .......... .......... .......... .......... 79% 6.12M 0s
 30300K .......... .......... .......... .......... .......... 79% 3.49M 0s
 30350K .......... .......... .......... .......... .......... 80% 16.2M 0s
 30400K .......... .......... .......... .......... .......... 80% 14.9M 0s
 30450K .......... .......... .......... .......... .......... 80% 7.42M 0s
 30500K .......... .......... .......... .......... .......... 80% 3.17M 0s
 30550K .......... .......... .......... .......... .......... 80% 27.7M 0s
 30600K .......... .......... .......... .......... .......... 80% 10.9M 0s
 30650K .......... .......... .......... .......... .......... 80% 7.20M 0s
 30700K .......... .......... .......... .......... .......... 80% 4.78M 0s
 30750K .......... .......... .......... .......... .......... 81% 6.17M 0s
 30800K .......... .......... .......... .......... .......... 81% 12.3M 0s
 30850K .......... .......... .......... .......... .......... 81% 1.44M 0s
 30900K .......... .......... .......... .......... .......... 81%  138M 0s
 30950K .......... .......... .......... .......... .......... 81%  160M 0s
 31000K .......... .......... .......... .......... .......... 81%  106M 0s
 31050K .......... .......... .......... .......... .......... 81%  151M 0s
 31100K .......... .......... .......... .......... .......... 82% 2.86M 0s
 31150K .......... .......... .......... .......... .......... 82% 9.50M 0s
 31200K .......... .......... .......... .......... .......... 82% 8.52M 0s
 31250K .......... .......... .......... .......... .......... 82% 4.02M 0s
 31300K .......... .......... .......... .......... .......... 82% 4.70M 0s
 31350K .......... .......... .......... .......... .......... 82% 8.36M 0s
 31400K .......... .......... .......... .......... .......... 82% 4.05M 0s
 31450K .......... .......... .......... .......... .......... 82% 4.71M 0s
 31500K .......... .......... .......... .......... .......... 83% 8.34M 0s
 31550K .......... .......... .......... .......... .......... 83% 4.06M 0s
 31600K .......... .......... .......... .......... .......... 83% 4.61M 0s
 31650K .......... .......... .......... .......... .......... 83% 8.70M 0s
 31700K .......... .......... .......... .......... .......... 83% 4.04M 0s
 31750K .......... .......... .......... .......... .......... 83% 4.63M 0s
 31800K .......... .......... .......... .......... .......... 83% 17.1M 0s
 31850K .......... .......... .......... .......... .......... 84% 2.43M 0s
 31900K .......... .......... .......... .......... .......... 84% 9.36M 0s
 31950K .......... .......... .......... .......... .......... 84% 16.6M 0s
 32000K .......... .......... .......... .......... .......... 84% 3.30M 0s
 32050K .......... .......... .......... .......... .......... 84% 4.65M 0s
 32100K .......... .......... .......... .......... .......... 84% 16.0M 0s
 32150K .......... .......... .......... .......... .......... 84% 8.84M 0s
 32200K .......... .......... .......... .......... .......... 84% 2.53M 0s
 32250K .......... .......... .......... .......... .......... 85% 14.5M 0s
 32300K .......... .......... .......... .......... .......... 85% 8.64M 0s
 32350K .......... .......... .......... .......... .......... 85% 2.49M 0s
 32400K .......... .......... .......... .......... .......... 85% 16.3M 0s
 32450K .......... .......... .......... .......... .......... 85% 6.32M 0s
 32500K .......... .......... .......... .......... .......... 85% 2.86M 0s
 32550K .......... .......... .......... .......... .......... 85% 14.5M 0s
 32600K .......... .......... .......... .......... .......... 85% 6.22M 0s
 32650K .......... .......... .......... .......... .......... 86% 3.24M 0s
 32700K .......... .......... .......... .......... .......... 86% 9.16M 0s
 32750K .......... .......... .......... .......... .......... 86% 10.2M 0s
 32800K .......... .......... .......... .......... .......... 86% 2.70M 0s
 32850K .......... .......... .......... .......... .......... 86% 8.63M 0s
 32900K .......... .......... .......... .......... .......... 86% 11.1M 0s
 32950K .......... .......... .......... .......... .......... 86% 2.88M 0s
 33000K .......... .......... .......... .......... .......... 87% 8.48M 0s
 33050K .......... .......... .......... .......... .......... 87% 8.85M 0s
 33100K .......... .......... .......... .......... .......... 87% 2.68M 0s
 33150K .......... .......... .......... .......... .......... 87% 11.7M 0s
 33200K .......... .......... .......... .......... .......... 87% 14.7M 0s
 33250K .......... .......... .......... .......... .......... 87% 7.74M 0s
 33300K .......... .......... .......... .......... .......... 87% 2.69M 0s
 33350K .......... .......... .......... .......... .......... 87% 12.7M 0s
 33400K .......... .......... .......... .......... .......... 88% 7.94M 0s
 33450K .......... .......... .......... .......... .......... 88% 2.79M 0s
 33500K .......... .......... .......... .......... .......... 88% 15.6M 0s
 33550K .......... .......... .......... .......... .......... 88% 9.12M 0s
 33600K .......... .......... .......... .......... .......... 88% 2.47M 0s
 33650K .......... .......... .......... .......... .......... 88% 16.0M 0s
 33700K .......... .......... .......... .......... .......... 88% 10.9M 0s
 33750K .......... .......... .......... .......... .......... 89% 2.44M 0s
 33800K .......... .......... .......... .......... .......... 89% 13.5M 0s
 33850K .......... .......... .......... .......... .......... 89% 10.3M 0s
 33900K .......... .......... .......... .......... .......... 89% 2.73M 0s
 33950K .......... .......... .......... .......... .......... 89% 10.9M 0s
 34000K .......... .......... .......... .......... .......... 89% 8.61M 0s
 34050K .......... .......... .......... .......... .......... 89% 13.4M 0s
 34100K .......... .......... .......... .......... .......... 89% 2.58M 0s
 34150K .......... .......... .......... .......... .......... 90% 14.9M 0s
 34200K .......... .......... .......... .......... .......... 90% 8.10M 0s
 34250K .......... .......... .......... .......... .......... 90% 2.63M 0s
 34300K .......... .......... .......... .......... .......... 90% 14.7M 0s
 34350K .......... .......... .......... .......... .......... 90% 7.87M 0s
 34400K .......... .......... .......... .......... .......... 90% 2.70M 0s
 34450K .......... .......... .......... .......... .......... 90% 19.2M 0s
 34500K .......... .......... .......... .......... .......... 90% 8.89M 0s
 34550K .......... .......... .......... .......... .......... 91% 2.58M 0s
 34600K .......... .......... .......... .......... .......... 91% 12.8M 0s
 34650K .......... .......... .......... .......... .......... 91% 9.17M 0s
 34700K .......... .......... .......... .......... .......... 91% 16.9M 0s
 34750K .......... .......... .......... .......... .......... 91% 2.46M 0s
 34800K .......... .......... .......... .......... .......... 91% 22.3M 0s
 34850K .......... .......... .......... .......... .......... 91% 7.87M 0s
 34900K .......... .......... .......... .......... .......... 92% 2.64M 0s
 34950K .......... .......... .......... .......... .......... 92% 14.7M 0s
 35000K .......... .......... .......... .......... .......... 92% 8.35M 0s
 35050K .......... .......... .......... .......... .......... 92% 2.61M 0s
 35100K .......... .......... .......... .......... .......... 92% 22.0M 0s
 35150K .......... .......... .......... .......... .......... 92% 9.49M 0s
 35200K .......... .......... .......... .......... .......... 92% 2.88M 0s
 35250K .......... .......... .......... .......... .......... 92% 8.31M 0s
 35300K .......... .......... .......... .......... .......... 93% 22.2M 0s
 35350K .......... .......... .......... .......... .......... 93% 8.01M 0s
 35400K .......... .......... .......... .......... .......... 93% 2.63M 0s
 35450K .......... .......... .......... .......... .......... 93% 14.7M 0s
 35500K .......... .......... .......... .......... .......... 93% 7.88M 0s
 35550K .......... .......... .......... .......... .......... 93% 2.68M 0s
 35600K .......... .......... .......... .......... .......... 93% 21.3M 0s
 35650K .......... .......... .......... .......... .......... 94% 13.3M 0s
 35700K .......... .......... .......... .......... .......... 94% 8.50M 0s
 35750K .......... .......... .......... .......... .......... 94% 2.63M 0s
 35800K .......... .......... .......... .......... .......... 94% 23.1M 0s
 35850K .......... .......... .......... .......... .......... 94% 7.87M 0s
 35900K .......... .......... .......... .......... .......... 94% 2.61M 0s
 35950K .......... .......... .......... .......... .......... 94% 27.5M 0s
 36000K .......... .......... .......... .......... .......... 94% 6.47M 0s
 36050K .......... .......... .......... .......... .......... 95% 3.00M 0s
 36100K .......... .......... .......... .......... .......... 95% 11.6M 0s
 36150K .......... .......... .......... .......... .......... 95% 13.6M 0s
 36200K .......... .......... .......... .......... .......... 95% 10.5M 0s
 36250K .......... .......... .......... .......... .......... 95% 2.45M 0s
 36300K .......... .......... .......... .......... .......... 95% 24.3M 0s
 36350K .......... .......... .......... .......... .......... 95% 7.88M 0s
 36400K .......... .......... .......... .......... .......... 95% 2.62M 0s
 36450K .......... .......... .......... .......... .......... 96% 27.7M 0s
 36500K .......... .......... .......... .......... .......... 96% 9.25M 0s
 36550K .......... .......... .......... .......... .......... 96% 2.64M 0s
 36600K .......... .......... .......... .......... .......... 96% 11.5M 0s
 36650K .......... .......... .......... .......... .......... 96% 13.2M 0s
 36700K .......... .......... .......... .......... .......... 96% 10.7M 0s
 36750K .......... .......... .......... .......... .......... 96% 2.47M 0s
 36800K .......... .......... .......... .......... .......... 97% 23.4M 0s
 36850K .......... .......... .......... .......... .......... 97% 7.78M 0s
 36900K .......... .......... .......... .......... .......... 97% 2.65M 0s
 36950K .......... .......... .......... .......... .......... 97% 24.6M 0s
 37000K .......... .......... .......... .......... .......... 97% 13.5M 0s
 37050K .......... .......... .......... .......... .......... 97% 8.69M 0s
 37100K .......... .......... .......... .......... .......... 97% 2.61M 0s
 37150K .......... .......... .......... .......... .......... 97% 28.6M 0s
 37200K .......... .......... .......... .......... .......... 98% 7.62M 0s
 37250K .......... .......... .......... .......... .......... 98% 2.63M 0s
 37300K .......... .......... .......... .......... .......... 98% 24.0M 0s
 37350K .......... .......... .......... .......... .......... 98% 13.9M 0s
 37400K .......... .......... .......... .......... .......... 98% 10.5M 0s
 37450K .......... .......... .......... .......... .......... 98% 2.49M 0s
 37500K .......... .......... .......... .......... .......... 98% 22.9M 0s
 37550K .......... .......... .......... .......... .......... 99% 7.72M 0s
 37600K .......... .......... .......... .......... .......... 99% 2.67M 0s
 37650K .......... .......... .......... .......... .......... 99% 22.5M 0s
 37700K .......... .......... .......... .......... .......... 99% 25.5M 0s
 37750K .......... .......... .......... .......... .......... 99% 7.85M 0s
 37800K .......... .......... .......... .......... .......... 99% 2.50M 0s
 37850K .......... .......... .......... .......... .......... 99% 27.1M 0s
 37900K .......... .......... .......... .......... .......... 99% 7.70M 0s
 37950K .......... .......... ....                            100% 44.5M=3.3s

2022-05-03 02:55:05 (11.3 MB/s) - ‘/root/process_mining/trips_tracing/stopsintrip.json’ saved [38886379/38886379]

--2022-05-03 02:55:05--  https://ckan.multimediagdansk.pl/dataset/c24aa637-3619-4dc2-a171-a23eec8f2172/resource/4c4025f0-01bf-41f7-a39f-d156d201b82b/download/stops.json
Resolving ckan.multimediagdansk.pl (ckan.multimediagdansk.pl)... 91.244.248.30
Connecting to ckan.multimediagdansk.pl (ckan.multimediagdansk.pl)|91.244.248.30|:443... connected.
HTTP request sent, awaiting response... 200 OK
Length: 11665859 (11M) [application/json]
Saving to: ‘/root/process_mining/trips_tracing/stops.json’

     0K .......... .......... .......... .......... ..........  0%  888K 13s
    50K .......... .......... .......... .......... ..........  0% 1.75M 10s
   100K .......... .......... .......... .......... ..........  1% 61.2M 6s
   150K .......... .......... .......... .......... ..........  1% 58.8M 5s
   200K .......... .......... .......... .......... ..........  2% 1.80M 5s
   250K .......... .......... .......... .......... ..........  2% 71.2M 4s
   300K .......... .......... .......... .......... ..........  3% 80.5M 4s
   350K .......... .......... .......... .......... ..........  3%  134M 3s
   400K .......... .......... .......... .......... ..........  3% 1.85M 3s
   450K .......... .......... .......... .......... ..........  4% 82.1M 3s
   500K .......... .......... .......... .......... ..........  4%  113M 3s
   550K .......... .......... .......... .......... ..........  5% 62.7M 3s
   600K .......... .......... .......... .......... ..........  5% 69.7M 2s
   650K .......... .......... .......... .......... ..........  6% 94.8M 2s
   700K .......... .......... .......... .......... ..........  6% 76.1M 2s
   750K .......... .......... .......... .......... ..........  7% 89.4M 2s
   800K .......... .......... .......... .......... ..........  7%  158M 2s
   850K .......... .......... .......... .......... ..........  7% 2.07M 2s
   900K .......... .......... .......... .......... ..........  8% 70.4M 2s
   950K .......... .......... .......... .......... ..........  8% 68.5M 2s
  1000K .......... .......... .......... .......... ..........  9% 70.5M 2s
  1050K .......... .......... .......... .......... ..........  9% 75.3M 2s
  1100K .......... .......... .......... .......... .......... 10% 61.4M 2s
  1150K .......... .......... .......... .......... .......... 10%  110M 1s
  1200K .......... .......... .......... .......... .......... 10% 93.0M 1s
  1250K .......... .......... .......... .......... .......... 11%  113M 1s
  1300K .......... .......... .......... .......... .......... 11% 79.2M 1s
  1350K .......... .......... .......... .......... .......... 12% 70.3M 1s
  1400K .......... .......... .......... .......... .......... 12% 77.1M 1s
  1450K .......... .......... .......... .......... .......... 13% 66.7M 1s
  1500K .......... .......... .......... .......... .......... 13% 76.3M 1s
  1550K .......... .......... .......... .......... .......... 14%  128M 1s
  1600K .......... .......... .......... .......... .......... 14%  138M 1s
  1650K .......... .......... .......... .......... .......... 14%  135M 1s
  1700K .......... .......... .......... .......... .......... 15%  141M 1s
  1750K .......... .......... .......... .......... .......... 15% 2.61M 1s
  1800K .......... .......... .......... .......... .......... 16% 91.8M 1s
  1850K .......... .......... .......... .......... .......... 16% 79.0M 1s
  1900K .......... .......... .......... .......... .......... 17% 91.7M 1s
  1950K .......... .......... .......... .......... .......... 17% 84.7M 1s
  2000K .......... .......... .......... .......... .......... 17% 82.9M 1s
  2050K .......... .......... .......... .......... .......... 18% 87.7M 1s
  2100K .......... .......... .......... .......... .......... 18% 92.2M 1s
  2150K .......... .......... .......... .......... .......... 19% 75.0M 1s
  2200K .......... .......... .......... .......... .......... 19% 87.1M 1s
  2250K .......... .......... .......... .......... .......... 20% 87.0M 1s
  2300K .......... .......... .......... .......... .......... 20% 93.1M 1s
  2350K .......... .......... .......... .......... .......... 21%  109M 1s
  2400K .......... .......... .......... .......... .......... 21%  106M 1s
  2450K .......... .......... .......... .......... .......... 21%  118M 1s
  2500K .......... .......... .......... .......... .......... 22% 92.1M 1s
  2550K .......... .......... .......... .......... .......... 22% 94.5M 1s
  2600K .......... .......... .......... .......... .......... 23% 88.5M 1s
  2650K .......... .......... .......... .......... .......... 23% 71.7M 1s
  2700K .......... .......... .......... .......... .......... 24% 98.8M 1s
  2750K .......... .......... .......... .......... .......... 24% 79.1M 1s
  2800K .......... .......... .......... .......... .......... 25% 82.6M 1s
  2850K .......... .......... .......... .......... .......... 25% 92.1M 1s
  2900K .......... .......... .......... .......... .......... 25% 74.6M 1s
  2950K .......... .......... .......... .......... .......... 26% 97.2M 1s
  3000K .......... .......... .......... .......... .......... 26% 74.2M 1s
  3050K .......... .......... .......... .......... .......... 27% 90.1M 1s
  3100K .......... .......... .......... .......... .......... 27%  109M 1s
  3150K .......... .......... .......... .......... .......... 28%  113M 1s
  3200K .......... .......... .......... .......... .......... 28%  142M 1s
  3250K .......... .......... .......... .......... .......... 28%  108M 1s
  3300K .......... .......... .......... .......... .......... 29%  139M 1s
  3350K .......... .......... .......... .......... .......... 29% 1.70M 1s
  3400K .......... .......... .......... .......... .......... 30% 86.2M 1s
  3450K .......... .......... .......... .......... .......... 30%  136M 1s
  3500K .......... .......... .......... .......... .......... 31%  127M 1s
  3550K .......... .......... .......... .......... .......... 31%  143M 1s
  3600K .......... .......... .......... .......... .......... 32%  148M 1s
  3650K .......... .......... .......... .......... .......... 32%  131M 1s
  3700K .......... .......... .......... .......... .......... 32%  108M 1s
  3750K .......... .......... .......... .......... .......... 33% 89.7M 0s
  3800K .......... .......... .......... .......... .......... 33%  143M 0s
  3850K .......... .......... .......... .......... .......... 34%  147M 0s
  3900K .......... .......... .......... .......... .......... 34%  136M 0s
  3950K .......... .......... .......... .......... .......... 35%  124M 0s
  4000K .......... .......... .......... .......... .......... 35%  129M 0s
  4050K .......... .......... .......... .......... .......... 35%  156M 0s
  4100K .......... .......... .......... .......... .......... 36%  149M 0s
  4150K .......... .......... .......... .......... .......... 36%  127M 0s
  4200K .......... .......... .......... .......... .......... 37%  157M 0s
  4250K .......... .......... .......... .......... .......... 37%  125M 0s
  4300K .......... .......... .......... .......... .......... 38%  147M 0s
  4350K .......... .......... .......... .......... .......... 38%  151M 0s
  4400K .......... .......... .......... .......... .......... 39%  128M 0s
  4450K .......... .......... .......... .......... .......... 39%  146M 0s
  4500K .......... .......... .......... .......... .......... 39% 13.8M 0s
  4550K .......... .......... .......... .......... .......... 40% 83.9M 0s
  4600K .......... .......... .......... .......... .......... 40% 90.2M 0s
  4650K .......... .......... .......... .......... .......... 41% 81.2M 0s
  4700K .......... .......... .......... .......... .......... 41%  102M 0s
  4750K .......... .......... .......... .......... .......... 42% 73.3M 0s
  4800K .......... .......... .......... .......... .......... 42% 99.1M 0s
  4850K .......... .......... .......... .......... .......... 43% 89.2M 0s
  4900K .......... .......... .......... .......... .......... 43% 85.3M 0s
  4950K .......... .......... .......... .......... .......... 43% 89.4M 0s
  5000K .......... .......... .......... .......... .......... 44% 85.7M 0s
  5050K .......... .......... .......... .......... .......... 44% 90.5M 0s
  5100K .......... .......... .......... .......... .......... 45% 96.1M 0s
  5150K .......... .......... .......... .......... .......... 45% 39.3M 0s
  5200K .......... .......... .......... .......... .......... 46% 53.1M 0s
  5250K .......... .......... .......... .......... .......... 46% 38.7M 0s
  5300K .......... .......... .......... .......... .......... 46% 42.9M 0s
  5350K .......... .......... .......... .......... .......... 47% 29.4M 0s
  5400K .......... .......... .......... .......... .......... 47% 38.3M 0s
  5450K .......... .......... .......... .......... .......... 48% 89.3M 0s
  5500K .......... .......... .......... .......... .......... 48% 43.4M 0s
  5550K .......... .......... .......... .......... .......... 49% 58.5M 0s
  5600K .......... .......... .......... .......... .......... 49% 38.1M 0s
  5650K .......... .......... .......... .......... .......... 50% 31.2M 0s
  5700K .......... .......... .......... .......... .......... 50% 37.4M 0s
  5750K .......... .......... .......... .......... .......... 50% 33.3M 0s
  5800K .......... .......... .......... .......... .......... 51% 37.7M 0s
  5850K .......... .......... .......... .......... .......... 51% 36.5M 0s
  5900K .......... .......... .......... .......... .......... 52% 33.1M 0s
  5950K .......... .......... .......... .......... .......... 52% 36.1M 0s
  6000K .......... .......... .......... .......... .......... 53% 29.9M 0s
  6050K .......... .......... .......... .......... .......... 53% 35.3M 0s
  6100K .......... .......... .......... .......... .......... 53% 33.9M 0s
  6150K .......... .......... .......... .......... .......... 54% 29.7M 0s
  6200K .......... .......... .......... .......... .......... 54% 35.4M 0s
  6250K .......... .......... .......... .......... .......... 55% 27.6M 0s
  6300K .......... .......... .......... .......... .......... 55% 42.0M 0s
  6350K .......... .......... .......... .......... .......... 56% 34.7M 0s
  6400K .......... .......... .......... .......... .......... 56% 31.0M 0s
  6450K .......... .......... .......... .......... .......... 57% 36.6M 0s
  6500K .......... .......... .......... .......... .......... 57% 30.3M 0s
  6550K .......... .......... .......... .......... .......... 57% 34.7M 0s
  6600K .......... .......... .......... .......... .......... 58% 36.4M 0s
  6650K .......... .......... .......... .......... .......... 58% 31.7M 0s
  6700K .......... .......... .......... .......... .......... 59% 34.5M 0s
  6750K .......... .......... .......... .......... .......... 59% 31.1M 0s
  6800K .......... .......... .......... .......... .......... 60% 33.9M 0s
  6850K .......... .......... .......... .......... .......... 60% 36.0M 0s
  6900K .......... .......... .......... .......... .......... 61% 30.7M 0s
  6950K .......... .......... .......... .......... .......... 61% 35.9M 0s
  7000K .......... .......... .......... .......... .......... 61% 30.4M 0s
  7050K .......... .......... .......... .......... .......... 62% 35.3M 0s
  7100K .......... .......... .......... .......... .......... 62% 35.7M 0s
  7150K .......... .......... .......... .......... .......... 63% 29.9M 0s
  7200K .......... .......... .......... .......... .......... 63% 35.4M 0s
  7250K .......... .......... .......... .......... .......... 64% 30.7M 0s
  7300K .......... .......... .......... .......... .......... 64% 35.2M 0s
  7350K .......... .......... .......... .......... .......... 64% 33.7M 0s
  7400K .......... .......... .......... .......... .......... 65% 31.8M 0s
  7450K .......... .......... .......... .......... .......... 65% 35.9M 0s
  7500K .......... .......... .......... .......... .......... 66% 30.0M 0s
  7550K .......... .......... .......... .......... .......... 66% 35.3M 0s
  7600K .......... .......... .......... .......... .......... 67% 37.6M 0s
  7650K .......... .......... .......... .......... .......... 67% 30.5M 0s
  7700K .......... .......... .......... .......... .......... 68% 35.0M 0s
  7750K .......... .......... .......... .......... .......... 68% 30.4M 0s
  7800K .......... .......... .......... .......... .......... 68% 35.1M 0s
  7850K .......... .......... .......... .......... .......... 69% 35.1M 0s
  7900K .......... .......... .......... .......... .......... 69% 29.8M 0s
  7950K .......... .......... .......... .......... .......... 70% 35.8M 0s
  8000K .......... .......... .......... .......... .......... 70% 31.0M 0s
  8050K .......... .......... .......... .......... .......... 71% 36.9M 0s
  8100K .......... .......... .......... .......... .......... 71% 36.7M 0s
  8150K .......... .......... .......... .......... .......... 71% 29.2M 0s
  8200K .......... .......... .......... .......... .......... 72% 29.1M 0s
  8250K .......... .......... .......... .......... .......... 72% 36.0M 0s
  8300K .......... .......... .......... .......... .......... 73% 34.7M 0s
  8350K .......... .......... .......... .......... .......... 73% 36.5M 0s
  8400K .......... .......... .......... .......... .......... 74% 28.5M 0s
  8450K .......... .......... .......... .......... .......... 74% 39.0M 0s
  8500K .......... .......... .......... .......... .......... 75% 22.7M 0s
  8550K .......... .......... .......... .......... .......... 75% 57.0M 0s
  8600K .......... .......... .......... .......... .......... 75% 37.2M 0s
  8650K .......... .......... .......... .......... .......... 76% 30.0M 0s
  8700K .......... .......... .......... .......... .......... 76% 37.1M 0s
  8750K .......... .......... .......... .......... .......... 77% 29.6M 0s
  8800K .......... .......... .......... .......... .......... 77% 33.6M 0s
  8850K .......... .......... .......... .......... .......... 78% 35.7M 0s
  8900K .......... .......... .......... .......... .......... 78% 31.4M 0s
  8950K .......... .......... .......... .......... .......... 78% 34.2M 0s
  9000K .......... .......... .......... .......... .......... 79% 31.8M 0s
  9050K .......... .......... .......... .......... .......... 79% 35.2M 0s
  9100K .......... .......... .......... .......... .......... 80% 37.4M 0s
  9150K .......... .......... .......... .......... .......... 80% 31.0M 0s
  9200K .......... .......... .......... .......... .......... 81% 33.7M 0s
  9250K .......... .......... .......... .......... .......... 81% 29.8M 0s
  9300K .......... .......... .......... .......... .......... 82% 37.1M 0s
  9350K .......... .......... .......... .......... .......... 82% 33.8M 0s
  9400K .......... .......... .......... .......... .......... 82% 31.2M 0s
  9450K .......... .......... .......... .......... .......... 83% 35.7M 0s
  9500K .......... .......... .......... .......... .......... 83% 29.3M 0s
  9550K .......... .......... .......... .......... .......... 84% 36.3M 0s
  9600K .......... .......... .......... .......... .......... 84% 34.4M 0s
  9650K .......... .......... .......... .......... .......... 85% 31.0M 0s
  9700K .......... .......... .......... .......... .......... 85% 34.9M 0s
  9750K .......... .......... .......... .......... .......... 86% 31.6M 0s
  9800K .......... .......... .......... .......... .......... 86% 34.7M 0s
  9850K .......... .......... .......... .......... .......... 86% 34.2M 0s
  9900K .......... .......... .......... .......... .......... 87% 31.9M 0s
  9950K .......... .......... .......... .......... .......... 87% 36.7M 0s
 10000K .......... .......... .......... .......... .......... 88% 30.9M 0s
 10050K .......... .......... .......... .......... .......... 88% 35.7M 0s
 10100K .......... .......... .......... .......... .......... 89% 36.5M 0s
 10150K .......... .......... .......... .......... .......... 89% 30.9M 0s
 10200K .......... .......... .......... .......... .......... 89% 34.8M 0s
 10250K .......... .......... .......... .......... .......... 90% 29.9M 0s
 10300K .......... .......... .......... .......... .......... 90% 35.5M 0s
 10350K .......... .......... .......... .......... .......... 91% 34.4M 0s
 10400K .......... .......... .......... .......... .......... 91% 32.5M 0s
 10450K .......... .......... .......... .......... .......... 92% 36.9M 0s
 10500K .......... .......... .......... .......... .......... 92% 31.2M 0s
 10550K .......... .......... .......... .......... .......... 93% 36.2M 0s
 10600K .......... .......... .......... .......... .......... 93% 35.5M 0s
 10650K .......... .......... .......... .......... .......... 93% 30.4M 0s
 10700K .......... .......... .......... .......... .......... 94% 35.2M 0s
 10750K .......... .......... .......... .......... .......... 94% 30.7M 0s
 10800K .......... .......... .......... .......... .......... 95% 36.3M 0s
 10850K .......... .......... .......... .......... .......... 95% 36.2M 0s
 10900K .......... .......... .......... .......... .......... 96% 29.9M 0s
 10950K .......... .......... .......... .......... .......... 96% 35.8M 0s
 11000K .......... .......... .......... .......... .......... 96% 31.0M 0s
 11050K .......... .......... .......... .......... .......... 97% 37.8M 0s
 11100K .......... .......... .......... .......... .......... 97% 37.7M 0s
 11150K .......... .......... .......... .......... .......... 98% 30.5M 0s
 11200K .......... .......... .......... .......... .......... 98% 37.8M 0s
 11250K .......... .......... .......... .......... .......... 99% 31.4M 0s
 11300K .......... .......... .......... .......... .......... 99% 37.6M 0s
 11350K .......... .......... .......... .......... ..        100% 37.4M=0.4s

2022-05-03 02:55:06 (25.3 MB/s) - ‘/root/process_mining/trips_tracing/stops.json’ saved [11665859/11665859]

--2022-05-03 02:55:06--  https://files.cloudgdansk.pl/d/otwarte-dane/ztm/baza-pojazdow.json?v=2
Resolving files.cloudgdansk.pl (files.cloudgdansk.pl)... 153.19.238.147
Connecting to files.cloudgdansk.pl (files.cloudgdansk.pl)|153.19.238.147|:443... connected.
HTTP request sent, awaiting response... 200 OK
Length: 282839 (276K) [application/json]
Saving to: ‘/root/process_mining/trips_tracing/baza-pojazdow.json’

     0K .......... .......... .......... .......... .......... 18% 1.73M 0s
    50K .......... .......... .......... .......... .......... 36% 1.73M 0s
   100K .......... .......... .......... .......... .......... 54%  108M 0s
   150K .......... .......... .......... .......... .......... 72%  203M 0s
   200K .......... .......... .......... .......... .......... 90% 1.77M 0s
   250K .......... .......... ......                          100%  197M=0.08s

2022-05-03 02:55:06 (3.18 MB/s) - ‘/root/process_mining/trips_tracing/baza-pojazdow.json’ saved [282839/282839]

