--2022-05-04 00:00:01--  https://files.cloudgdansk.pl/d/otwarte-dane/ztm/bsk.json
Resolving files.cloudgdansk.pl (files.cloudgdansk.pl)... 153.19.238.147
Connecting to files.cloudgdansk.pl (files.cloudgdansk.pl)|153.19.238.147|:443... connected.
HTTP request sent, awaiting response... 200 OK
Length: 60 [text/plain]
Saving to: ‘/root/process_mining/announcements/data/04_05_2022/ann04.05.2022-00-00-01.json’

     0K                                                       100% 12.6M=0s

2022-05-04 00:00:01 (12.6 MB/s) - ‘/root/process_mining/announcements/data/04_05_2022/ann04.05.2022-00-00-01.json’ saved [60/60]

--2022-05-04 00:10:01--  https://files.cloudgdansk.pl/d/otwarte-dane/ztm/bsk.json
Resolving files.cloudgdansk.pl (files.cloudgdansk.pl)... 153.19.238.147
Connecting to files.cloudgdansk.pl (files.cloudgdansk.pl)|153.19.238.147|:443... connected.
HTTP request sent, awaiting response... 200 OK
Length: 60 [text/plain]
Saving to: ‘/root/process_mining/announcements/data/04_05_2022/ann04.05.2022-00-10-01.json’

     0K                                                       100% 11.5M=0s

2022-05-04 00:10:02 (11.5 MB/s) - ‘/root/process_mining/announcements/data/04_05_2022/ann04.05.2022-00-10-01.json’ saved [60/60]

--2022-05-04 00:20:02--  https://files.cloudgdansk.pl/d/otwarte-dane/ztm/bsk.json
Resolving files.cloudgdansk.pl (files.cloudgdansk.pl)... 153.19.238.147
Connecting to files.cloudgdansk.pl (files.cloudgdansk.pl)|153.19.238.147|:443... connected.
HTTP request sent, awaiting response... 200 OK
Length: 60 [text/plain]
Saving to: ‘/root/process_mining/announcements/data/04_05_2022/ann04.05.2022-00-20-02.json’

     0K                                                       100% 11.7M=0s

2022-05-04 00:20:02 (11.7 MB/s) - ‘/root/process_mining/announcements/data/04_05_2022/ann04.05.2022-00-20-02.json’ saved [60/60]

--2022-05-04 00:30:01--  https://files.cloudgdansk.pl/d/otwarte-dane/ztm/bsk.json
Resolving files.cloudgdansk.pl (files.cloudgdansk.pl)... 153.19.238.147
Connecting to files.cloudgdansk.pl (files.cloudgdansk.pl)|153.19.238.147|:443... connected.
HTTP request sent, awaiting response... 200 OK
Length: 60 [text/plain]
Saving to: ‘/root/process_mining/announcements/data/04_05_2022/ann04.05.2022-00-30-01.json’

     0K                                                       100% 11.5M=0s

2022-05-04 00:30:02 (11.5 MB/s) - ‘/root/process_mining/announcements/data/04_05_2022/ann04.05.2022-00-30-01.json’ saved [60/60]

--2022-05-04 00:40:01--  https://files.cloudgdansk.pl/d/otwarte-dane/ztm/bsk.json
Resolving files.cloudgdansk.pl (files.cloudgdansk.pl)... 153.19.238.147
Connecting to files.cloudgdansk.pl (files.cloudgdansk.pl)|153.19.238.147|:443... connected.
HTTP request sent, awaiting response... 200 OK
Length: 60 [text/plain]
Saving to: ‘/root/process_mining/announcements/data/04_05_2022/ann04.05.2022-00-40-01.json’

     0K                                                       100% 12.2M=0s

2022-05-04 00:40:02 (12.2 MB/s) - ‘/root/process_mining/announcements/data/04_05_2022/ann04.05.2022-00-40-01.json’ saved [60/60]

--2022-05-04 00:50:01--  https://files.cloudgdansk.pl/d/otwarte-dane/ztm/bsk.json
Resolving files.cloudgdansk.pl (files.cloudgdansk.pl)... 153.19.238.147
Connecting to files.cloudgdansk.pl (files.cloudgdansk.pl)|153.19.238.147|:443... connected.
HTTP request sent, awaiting response... 200 OK
Length: 60 [text/plain]
Saving to: ‘/root/process_mining/announcements/data/04_05_2022/ann04.05.2022-00-50-01.json’

     0K                                                       100% 12.6M=0s

2022-05-04 00:50:02 (12.6 MB/s) - ‘/root/process_mining/announcements/data/04_05_2022/ann04.05.2022-00-50-01.json’ saved [60/60]

--2022-05-04 01:00:02--  https://files.cloudgdansk.pl/d/otwarte-dane/ztm/bsk.json
Resolving files.cloudgdansk.pl (files.cloudgdansk.pl)... 153.19.238.147
Connecting to files.cloudgdansk.pl (files.cloudgdansk.pl)|153.19.238.147|:443... connected.
HTTP request sent, awaiting response... 200 OK
Length: 60 [text/plain]
Saving to: ‘/root/process_mining/announcements/data/04_05_2022/ann04.05.2022-01-00-02.json’

     0K                                                       100% 11.9M=0s

2022-05-04 01:00:02 (11.9 MB/s) - ‘/root/process_mining/announcements/data/04_05_2022/ann04.05.2022-01-00-02.json’ saved [60/60]

--2022-05-04 01:10:01--  https://files.cloudgdansk.pl/d/otwarte-dane/ztm/bsk.json
Resolving files.cloudgdansk.pl (files.cloudgdansk.pl)... 153.19.238.147
Connecting to files.cloudgdansk.pl (files.cloudgdansk.pl)|153.19.238.147|:443... connected.
HTTP request sent, awaiting response... 200 OK
Length: 60 [text/plain]
Saving to: ‘/root/process_mining/announcements/data/04_05_2022/ann04.05.2022-01-10-01.json’

     0K                                                       100% 10.8M=0s

2022-05-04 01:10:01 (10.8 MB/s) - ‘/root/process_mining/announcements/data/04_05_2022/ann04.05.2022-01-10-01.json’ saved [60/60]

--2022-05-04 01:20:01--  https://files.cloudgdansk.pl/d/otwarte-dane/ztm/bsk.json
Resolving files.cloudgdansk.pl (files.cloudgdansk.pl)... 153.19.238.147
Connecting to files.cloudgdansk.pl (files.cloudgdansk.pl)|153.19.238.147|:443... connected.
HTTP request sent, awaiting response... 200 OK
Length: 60 [text/plain]
Saving to: ‘/root/process_mining/announcements/data/04_05_2022/ann04.05.2022-01-20-01.json’

     0K                                                       100% 13.0M=0s

2022-05-04 01:20:02 (13.0 MB/s) - ‘/root/process_mining/announcements/data/04_05_2022/ann04.05.2022-01-20-01.json’ saved [60/60]

--2022-05-04 01:30:01--  https://files.cloudgdansk.pl/d/otwarte-dane/ztm/bsk.json
Resolving files.cloudgdansk.pl (files.cloudgdansk.pl)... 153.19.238.147
Connecting to files.cloudgdansk.pl (files.cloudgdansk.pl)|153.19.238.147|:443... connected.
HTTP request sent, awaiting response... 200 OK
Length: 60 [text/plain]
Saving to: ‘/root/process_mining/announcements/data/04_05_2022/ann04.05.2022-01-30-01.json’

     0K                                                       100% 12.3M=0s

2022-05-04 01:30:02 (12.3 MB/s) - ‘/root/process_mining/announcements/data/04_05_2022/ann04.05.2022-01-30-01.json’ saved [60/60]

--2022-05-04 01:40:01--  https://files.cloudgdansk.pl/d/otwarte-dane/ztm/bsk.json
Resolving files.cloudgdansk.pl (files.cloudgdansk.pl)... 153.19.238.147
Connecting to files.cloudgdansk.pl (files.cloudgdansk.pl)|153.19.238.147|:443... connected.
HTTP request sent, awaiting response... 200 OK
Length: 60 [text/plain]
Saving to: ‘/root/process_mining/announcements/data/04_05_2022/ann04.05.2022-01-40-01.json’

     0K                                                       100% 11.2M=0s

2022-05-04 01:40:01 (11.2 MB/s) - ‘/root/process_mining/announcements/data/04_05_2022/ann04.05.2022-01-40-01.json’ saved [60/60]

--2022-05-04 01:50:01--  https://files.cloudgdansk.pl/d/otwarte-dane/ztm/bsk.json
Resolving files.cloudgdansk.pl (files.cloudgdansk.pl)... 153.19.238.147
Connecting to files.cloudgdansk.pl (files.cloudgdansk.pl)|153.19.238.147|:443... connected.
HTTP request sent, awaiting response... 200 OK
Length: 60 [text/plain]
Saving to: ‘/root/process_mining/announcements/data/04_05_2022/ann04.05.2022-01-50-01.json’

     0K                                                       100% 11.9M=0s

2022-05-04 01:50:01 (11.9 MB/s) - ‘/root/process_mining/announcements/data/04_05_2022/ann04.05.2022-01-50-01.json’ saved [60/60]

--2022-05-04 02:00:01--  https://files.cloudgdansk.pl/d/otwarte-dane/ztm/bsk.json
Resolving files.cloudgdansk.pl (files.cloudgdansk.pl)... 153.19.238.147
Connecting to files.cloudgdansk.pl (files.cloudgdansk.pl)|153.19.238.147|:443... connected.
HTTP request sent, awaiting response... 200 OK
Length: 60 [text/plain]
Saving to: ‘/root/process_mining/announcements/data/04_05_2022/ann04.05.2022-02-00-01.json’

     0K                                                       100% 10.2M=0s

2022-05-04 02:00:02 (10.2 MB/s) - ‘/root/process_mining/announcements/data/04_05_2022/ann04.05.2022-02-00-01.json’ saved [60/60]

--2022-05-04 02:10:01--  https://files.cloudgdansk.pl/d/otwarte-dane/ztm/bsk.json
Resolving files.cloudgdansk.pl (files.cloudgdansk.pl)... 153.19.238.147
Connecting to files.cloudgdansk.pl (files.cloudgdansk.pl)|153.19.238.147|:443... connected.
HTTP request sent, awaiting response... 200 OK
Length: 60 [text/plain]
Saving to: ‘/root/process_mining/announcements/data/04_05_2022/ann04.05.2022-02-10-01.json’

     0K                                                       100% 11.7M=0s

2022-05-04 02:10:01 (11.7 MB/s) - ‘/root/process_mining/announcements/data/04_05_2022/ann04.05.2022-02-10-01.json’ saved [60/60]

--2022-05-04 02:20:01--  https://files.cloudgdansk.pl/d/otwarte-dane/ztm/bsk.json
Resolving files.cloudgdansk.pl (files.cloudgdansk.pl)... 153.19.238.147
Connecting to files.cloudgdansk.pl (files.cloudgdansk.pl)|153.19.238.147|:443... connected.
HTTP request sent, awaiting response... 200 OK
Length: 60 [text/plain]
Saving to: ‘/root/process_mining/announcements/data/04_05_2022/ann04.05.2022-02-20-01.json’

     0K                                                       100% 10.2M=0s

2022-05-04 02:20:02 (10.2 MB/s) - ‘/root/process_mining/announcements/data/04_05_2022/ann04.05.2022-02-20-01.json’ saved [60/60]

--2022-05-04 02:30:01--  https://files.cloudgdansk.pl/d/otwarte-dane/ztm/bsk.json
Resolving files.cloudgdansk.pl (files.cloudgdansk.pl)... 153.19.238.147
Connecting to files.cloudgdansk.pl (files.cloudgdansk.pl)|153.19.238.147|:443... connected.
HTTP request sent, awaiting response... 200 OK
Length: 60 [text/plain]
Saving to: ‘/root/process_mining/announcements/data/04_05_2022/ann04.05.2022-02-30-01.json’

     0K                                                       100% 11.3M=0s

2022-05-04 02:30:01 (11.3 MB/s) - ‘/root/process_mining/announcements/data/04_05_2022/ann04.05.2022-02-30-01.json’ saved [60/60]

--2022-05-04 02:40:01--  https://files.cloudgdansk.pl/d/otwarte-dane/ztm/bsk.json
Resolving files.cloudgdansk.pl (files.cloudgdansk.pl)... 153.19.238.147
Connecting to files.cloudgdansk.pl (files.cloudgdansk.pl)|153.19.238.147|:443... connected.
HTTP request sent, awaiting response... 200 OK
Length: 60 [text/plain]
Saving to: ‘/root/process_mining/announcements/data/04_05_2022/ann04.05.2022-02-40-01.json’

     0K                                                       100% 11.1M=0s

2022-05-04 02:40:02 (11.1 MB/s) - ‘/root/process_mining/announcements/data/04_05_2022/ann04.05.2022-02-40-01.json’ saved [60/60]

--2022-05-04 02:50:01--  https://files.cloudgdansk.pl/d/otwarte-dane/ztm/bsk.json
Resolving files.cloudgdansk.pl (files.cloudgdansk.pl)... 153.19.238.147
Connecting to files.cloudgdansk.pl (files.cloudgdansk.pl)|153.19.238.147|:443... connected.
HTTP request sent, awaiting response... 200 OK
Length: 60 [text/plain]
Saving to: ‘/root/process_mining/announcements/data/04_05_2022/ann04.05.2022-02-50-01.json’

     0K                                                       100% 6.16M=0s

2022-05-04 02:50:01 (6.16 MB/s) - ‘/root/process_mining/announcements/data/04_05_2022/ann04.05.2022-02-50-01.json’ saved [60/60]

--2022-05-04 03:00:02--  https://files.cloudgdansk.pl/d/otwarte-dane/ztm/bsk.json
Resolving files.cloudgdansk.pl (files.cloudgdansk.pl)... 153.19.238.147
Connecting to files.cloudgdansk.pl (files.cloudgdansk.pl)|153.19.238.147|:443... connected.
HTTP request sent, awaiting response... 200 OK
Length: 60 [text/plain]
Saving to: ‘/root/process_mining/announcements/data/04_05_2022/ann04.05.2022-03-00-02.json’

     0K                                                       100% 11.8M=0s

2022-05-04 03:00:02 (11.8 MB/s) - ‘/root/process_mining/announcements/data/04_05_2022/ann04.05.2022-03-00-02.json’ saved [60/60]

--2022-05-04 03:10:01--  https://files.cloudgdansk.pl/d/otwarte-dane/ztm/bsk.json
Resolving files.cloudgdansk.pl (files.cloudgdansk.pl)... 153.19.238.147
Connecting to files.cloudgdansk.pl (files.cloudgdansk.pl)|153.19.238.147|:443... connected.
HTTP request sent, awaiting response... 200 OK
Length: 60 [text/plain]
Saving to: ‘/root/process_mining/announcements/data/04_05_2022/ann04.05.2022-03-10-01.json’

     0K                                                       100% 11.6M=0s

2022-05-04 03:10:01 (11.6 MB/s) - ‘/root/process_mining/announcements/data/04_05_2022/ann04.05.2022-03-10-01.json’ saved [60/60]

--2022-05-04 03:20:01--  https://files.cloudgdansk.pl/d/otwarte-dane/ztm/bsk.json
Resolving files.cloudgdansk.pl (files.cloudgdansk.pl)... 153.19.238.147
Connecting to files.cloudgdansk.pl (files.cloudgdansk.pl)|153.19.238.147|:443... connected.
HTTP request sent, awaiting response... 200 OK
Length: 60 [text/plain]
Saving to: ‘/root/process_mining/announcements/data/04_05_2022/ann04.05.2022-03-20-01.json’

     0K                                                       100% 12.2M=0s

2022-05-04 03:20:02 (12.2 MB/s) - ‘/root/process_mining/announcements/data/04_05_2022/ann04.05.2022-03-20-01.json’ saved [60/60]

--2022-05-04 03:30:01--  https://files.cloudgdansk.pl/d/otwarte-dane/ztm/bsk.json
Resolving files.cloudgdansk.pl (files.cloudgdansk.pl)... 153.19.238.147
Connecting to files.cloudgdansk.pl (files.cloudgdansk.pl)|153.19.238.147|:443... connected.
HTTP request sent, awaiting response... 200 OK
Length: 60 [text/plain]
Saving to: ‘/root/process_mining/announcements/data/04_05_2022/ann04.05.2022-03-30-01.json’

     0K                                                       100% 11.9M=0s

2022-05-04 03:30:01 (11.9 MB/s) - ‘/root/process_mining/announcements/data/04_05_2022/ann04.05.2022-03-30-01.json’ saved [60/60]

--2022-05-04 03:40:01--  https://files.cloudgdansk.pl/d/otwarte-dane/ztm/bsk.json
Resolving files.cloudgdansk.pl (files.cloudgdansk.pl)... 153.19.238.147
Connecting to files.cloudgdansk.pl (files.cloudgdansk.pl)|153.19.238.147|:443... connected.
HTTP request sent, awaiting response... 200 OK
Length: 60 [text/plain]
Saving to: ‘/root/process_mining/announcements/data/04_05_2022/ann04.05.2022-03-40-01.json’

     0K                                                       100% 12.4M=0s

2022-05-04 03:40:02 (12.4 MB/s) - ‘/root/process_mining/announcements/data/04_05_2022/ann04.05.2022-03-40-01.json’ saved [60/60]

--2022-05-04 03:50:02--  https://files.cloudgdansk.pl/d/otwarte-dane/ztm/bsk.json
Resolving files.cloudgdansk.pl (files.cloudgdansk.pl)... 153.19.238.147
Connecting to files.cloudgdansk.pl (files.cloudgdansk.pl)|153.19.238.147|:443... connected.
HTTP request sent, awaiting response... 200 OK
Length: 773 [application/json]
Saving to: ‘/root/process_mining/announcements/data/04_05_2022/ann04.05.2022-03-50-02.json’

     0K                                                       100%  157M=0s

2022-05-04 03:50:02 (157 MB/s) - ‘/root/process_mining/announcements/data/04_05_2022/ann04.05.2022-03-50-02.json’ saved [773/773]

--2022-05-04 04:00:01--  https://files.cloudgdansk.pl/d/otwarte-dane/ztm/bsk.json
Resolving files.cloudgdansk.pl (files.cloudgdansk.pl)... 153.19.238.147
Connecting to files.cloudgdansk.pl (files.cloudgdansk.pl)|153.19.238.147|:443... connected.
HTTP request sent, awaiting response... 200 OK
Length: 800 [application/json]
Saving to: ‘/root/process_mining/announcements/data/04_05_2022/ann04.05.2022-04-00-01.json’

     0K                                                       100%  141M=0s

2022-05-04 04:00:02 (141 MB/s) - ‘/root/process_mining/announcements/data/04_05_2022/ann04.05.2022-04-00-01.json’ saved [800/800]

--2022-05-04 04:10:01--  https://files.cloudgdansk.pl/d/otwarte-dane/ztm/bsk.json
Resolving files.cloudgdansk.pl (files.cloudgdansk.pl)... 153.19.238.147
Connecting to files.cloudgdansk.pl (files.cloudgdansk.pl)|153.19.238.147|:443... connected.
HTTP request sent, awaiting response... 200 OK
Length: 800 [application/json]
Saving to: ‘/root/process_mining/announcements/data/04_05_2022/ann04.05.2022-04-10-01.json’

     0K                                                       100%  126M=0s

2022-05-04 04:10:02 (126 MB/s) - ‘/root/process_mining/announcements/data/04_05_2022/ann04.05.2022-04-10-01.json’ saved [800/800]

--2022-05-04 04:20:01--  https://files.cloudgdansk.pl/d/otwarte-dane/ztm/bsk.json
Resolving files.cloudgdansk.pl (files.cloudgdansk.pl)... 153.19.238.147
Connecting to files.cloudgdansk.pl (files.cloudgdansk.pl)|153.19.238.147|:443... connected.
HTTP request sent, awaiting response... 200 OK
Length: 800 [application/json]
Saving to: ‘/root/process_mining/announcements/data/04_05_2022/ann04.05.2022-04-20-01.json’

     0K                                                       100%  162M=0s

2022-05-04 04:20:02 (162 MB/s) - ‘/root/process_mining/announcements/data/04_05_2022/ann04.05.2022-04-20-01.json’ saved [800/800]

--2022-05-04 04:30:02--  https://files.cloudgdansk.pl/d/otwarte-dane/ztm/bsk.json
Resolving files.cloudgdansk.pl (files.cloudgdansk.pl)... 153.19.238.147
Connecting to files.cloudgdansk.pl (files.cloudgdansk.pl)|153.19.238.147|:443... connected.
HTTP request sent, awaiting response... 200 OK
Length: 800 [application/json]
Saving to: ‘/root/process_mining/announcements/data/04_05_2022/ann04.05.2022-04-30-02.json’

     0K                                                       100%  152M=0s

2022-05-04 04:30:02 (152 MB/s) - ‘/root/process_mining/announcements/data/04_05_2022/ann04.05.2022-04-30-02.json’ saved [800/800]

--2022-05-04 04:40:01--  https://files.cloudgdansk.pl/d/otwarte-dane/ztm/bsk.json
Resolving files.cloudgdansk.pl (files.cloudgdansk.pl)... 153.19.238.147
Connecting to files.cloudgdansk.pl (files.cloudgdansk.pl)|153.19.238.147|:443... connected.
HTTP request sent, awaiting response... 200 OK
Length: 800 [application/json]
Saving to: ‘/root/process_mining/announcements/data/04_05_2022/ann04.05.2022-04-40-01.json’

     0K                                                       100%  132M=0s

2022-05-04 04:40:01 (132 MB/s) - ‘/root/process_mining/announcements/data/04_05_2022/ann04.05.2022-04-40-01.json’ saved [800/800]

--2022-05-04 04:50:01--  https://files.cloudgdansk.pl/d/otwarte-dane/ztm/bsk.json
Resolving files.cloudgdansk.pl (files.cloudgdansk.pl)... 153.19.238.147
Connecting to files.cloudgdansk.pl (files.cloudgdansk.pl)|153.19.238.147|:443... connected.
HTTP request sent, awaiting response... 200 OK
Length: 800 [application/json]
Saving to: ‘/root/process_mining/announcements/data/04_05_2022/ann04.05.2022-04-50-01.json’

     0K                                                       100%  137M=0s

2022-05-04 04:50:01 (137 MB/s) - ‘/root/process_mining/announcements/data/04_05_2022/ann04.05.2022-04-50-01.json’ saved [800/800]

--2022-05-04 05:00:01--  https://files.cloudgdansk.pl/d/otwarte-dane/ztm/bsk.json
Resolving files.cloudgdansk.pl (files.cloudgdansk.pl)... 153.19.238.147
Connecting to files.cloudgdansk.pl (files.cloudgdansk.pl)|153.19.238.147|:443... connected.
HTTP request sent, awaiting response... 200 OK
Length: 800 [application/json]
Saving to: ‘/root/process_mining/announcements/data/04_05_2022/ann04.05.2022-05-00-01.json’

     0K                                                       100%  158M=0s

2022-05-04 05:00:01 (158 MB/s) - ‘/root/process_mining/announcements/data/04_05_2022/ann04.05.2022-05-00-01.json’ saved [800/800]

--2022-05-04 05:10:01--  https://files.cloudgdansk.pl/d/otwarte-dane/ztm/bsk.json
Resolving files.cloudgdansk.pl (files.cloudgdansk.pl)... 153.19.238.147
Connecting to files.cloudgdansk.pl (files.cloudgdansk.pl)|153.19.238.147|:443... connected.
HTTP request sent, awaiting response... 200 OK
Length: 800 [application/json]
Saving to: ‘/root/process_mining/announcements/data/04_05_2022/ann04.05.2022-05-10-01.json’

     0K                                                       100%  157M=0s

2022-05-04 05:10:02 (157 MB/s) - ‘/root/process_mining/announcements/data/04_05_2022/ann04.05.2022-05-10-01.json’ saved [800/800]

--2022-05-04 05:20:00--  https://files.cloudgdansk.pl/d/otwarte-dane/ztm/bsk.json
Resolving files.cloudgdansk.pl (files.cloudgdansk.pl)... 153.19.238.147
Connecting to files.cloudgdansk.pl (files.cloudgdansk.pl)|153.19.238.147|:443... connected.
HTTP request sent, awaiting response... 200 OK
Length: 800 [application/json]
Saving to: ‘/root/process_mining/announcements/data/04_05_2022/ann04.05.2022-05-20-00.json’

     0K                                                       100%  146M=0s

2022-05-04 05:20:00 (146 MB/s) - ‘/root/process_mining/announcements/data/04_05_2022/ann04.05.2022-05-20-00.json’ saved [800/800]

--2022-05-04 05:30:01--  https://files.cloudgdansk.pl/d/otwarte-dane/ztm/bsk.json
Resolving files.cloudgdansk.pl (files.cloudgdansk.pl)... 153.19.238.147
Connecting to files.cloudgdansk.pl (files.cloudgdansk.pl)|153.19.238.147|:443... connected.
HTTP request sent, awaiting response... 200 OK
Length: 800 [application/json]
Saving to: ‘/root/process_mining/announcements/data/04_05_2022/ann04.05.2022-05-30-01.json’

     0K                                                       100%  158M=0s

2022-05-04 05:30:02 (158 MB/s) - ‘/root/process_mining/announcements/data/04_05_2022/ann04.05.2022-05-30-01.json’ saved [800/800]

--2022-05-04 05:40:01--  https://files.cloudgdansk.pl/d/otwarte-dane/ztm/bsk.json
Resolving files.cloudgdansk.pl (files.cloudgdansk.pl)... 153.19.238.147
Connecting to files.cloudgdansk.pl (files.cloudgdansk.pl)|153.19.238.147|:443... connected.
HTTP request sent, awaiting response... 200 OK
Length: 800 [application/json]
Saving to: ‘/root/process_mining/announcements/data/04_05_2022/ann04.05.2022-05-40-01.json’

     0K                                                       100%  161M=0s

2022-05-04 05:40:01 (161 MB/s) - ‘/root/process_mining/announcements/data/04_05_2022/ann04.05.2022-05-40-01.json’ saved [800/800]

--2022-05-04 05:50:00--  https://files.cloudgdansk.pl/d/otwarte-dane/ztm/bsk.json
Resolving files.cloudgdansk.pl (files.cloudgdansk.pl)... 153.19.238.147
Connecting to files.cloudgdansk.pl (files.cloudgdansk.pl)|153.19.238.147|:443... connected.
HTTP request sent, awaiting response... 200 OK
Length: 800 [application/json]
Saving to: ‘/root/process_mining/announcements/data/04_05_2022/ann04.05.2022-05-50-00.json’

     0K                                                       100%  152M=0s

2022-05-04 05:50:00 (152 MB/s) - ‘/root/process_mining/announcements/data/04_05_2022/ann04.05.2022-05-50-00.json’ saved [800/800]

--2022-05-04 06:00:01--  https://files.cloudgdansk.pl/d/otwarte-dane/ztm/bsk.json
Resolving files.cloudgdansk.pl (files.cloudgdansk.pl)... 153.19.238.147
Connecting to files.cloudgdansk.pl (files.cloudgdansk.pl)|153.19.238.147|:443... connected.
HTTP request sent, awaiting response... 200 OK
Length: 800 [application/json]
Saving to: ‘/root/process_mining/announcements/data/04_05_2022/ann04.05.2022-06-00-01.json’

     0K                                                       100%  152M=0s

2022-05-04 06:00:01 (152 MB/s) - ‘/root/process_mining/announcements/data/04_05_2022/ann04.05.2022-06-00-01.json’ saved [800/800]

--2022-05-04 06:10:00--  https://files.cloudgdansk.pl/d/otwarte-dane/ztm/bsk.json
Resolving files.cloudgdansk.pl (files.cloudgdansk.pl)... 153.19.238.147
Connecting to files.cloudgdansk.pl (files.cloudgdansk.pl)|153.19.238.147|:443... connected.
HTTP request sent, awaiting response... 200 OK
Length: 800 [application/json]
Saving to: ‘/root/process_mining/announcements/data/04_05_2022/ann04.05.2022-06-10-00.json’

     0K                                                       100%  157M=0s

2022-05-04 06:10:00 (157 MB/s) - ‘/root/process_mining/announcements/data/04_05_2022/ann04.05.2022-06-10-00.json’ saved [800/800]

--2022-05-04 06:20:02--  https://files.cloudgdansk.pl/d/otwarte-dane/ztm/bsk.json
Resolving files.cloudgdansk.pl (files.cloudgdansk.pl)... 153.19.238.147
Connecting to files.cloudgdansk.pl (files.cloudgdansk.pl)|153.19.238.147|:443... connected.
HTTP request sent, awaiting response... 200 OK
Length: 800 [application/json]
Saving to: ‘/root/process_mining/announcements/data/04_05_2022/ann04.05.2022-06-20-02.json’

     0K                                                       100%  147M=0s

2022-05-04 06:20:02 (147 MB/s) - ‘/root/process_mining/announcements/data/04_05_2022/ann04.05.2022-06-20-02.json’ saved [800/800]

--2022-05-04 06:30:01--  https://files.cloudgdansk.pl/d/otwarte-dane/ztm/bsk.json
Resolving files.cloudgdansk.pl (files.cloudgdansk.pl)... 153.19.238.147
Connecting to files.cloudgdansk.pl (files.cloudgdansk.pl)|153.19.238.147|:443... connected.
HTTP request sent, awaiting response... 200 OK
Length: 800 [application/json]
Saving to: ‘/root/process_mining/announcements/data/04_05_2022/ann04.05.2022-06-30-01.json’

     0K                                                       100%  136M=0s

2022-05-04 06:30:02 (136 MB/s) - ‘/root/process_mining/announcements/data/04_05_2022/ann04.05.2022-06-30-01.json’ saved [800/800]

--2022-05-04 06:40:00--  https://files.cloudgdansk.pl/d/otwarte-dane/ztm/bsk.json
Resolving files.cloudgdansk.pl (files.cloudgdansk.pl)... 153.19.238.147
Connecting to files.cloudgdansk.pl (files.cloudgdansk.pl)|153.19.238.147|:443... connected.
HTTP request sent, awaiting response... 200 OK
Length: 800 [application/json]
Saving to: ‘/root/process_mining/announcements/data/04_05_2022/ann04.05.2022-06-40-00.json’

     0K                                                       100%  158M=0s

2022-05-04 06:40:00 (158 MB/s) - ‘/root/process_mining/announcements/data/04_05_2022/ann04.05.2022-06-40-00.json’ saved [800/800]

--2022-05-04 06:50:00--  https://files.cloudgdansk.pl/d/otwarte-dane/ztm/bsk.json
Resolving files.cloudgdansk.pl (files.cloudgdansk.pl)... 153.19.238.147
Connecting to files.cloudgdansk.pl (files.cloudgdansk.pl)|153.19.238.147|:443... connected.
HTTP request sent, awaiting response... 200 OK
Length: 841 [application/json]
Saving to: ‘/root/process_mining/announcements/data/04_05_2022/ann04.05.2022-06-50-00.json’

     0K                                                       100%  161M=0s

2022-05-04 06:50:00 (161 MB/s) - ‘/root/process_mining/announcements/data/04_05_2022/ann04.05.2022-06-50-00.json’ saved [841/841]

--2022-05-04 07:00:01--  https://files.cloudgdansk.pl/d/otwarte-dane/ztm/bsk.json
Resolving files.cloudgdansk.pl (files.cloudgdansk.pl)... 153.19.238.147
Connecting to files.cloudgdansk.pl (files.cloudgdansk.pl)|153.19.238.147|:443... connected.
HTTP request sent, awaiting response... 200 OK
Length: 841 [application/json]
Saving to: ‘/root/process_mining/announcements/data/04_05_2022/ann04.05.2022-07-00-01.json’

     0K                                                       100%  156M=0s

2022-05-04 07:00:01 (156 MB/s) - ‘/root/process_mining/announcements/data/04_05_2022/ann04.05.2022-07-00-01.json’ saved [841/841]

--2022-05-04 07:10:00--  https://files.cloudgdansk.pl/d/otwarte-dane/ztm/bsk.json
Resolving files.cloudgdansk.pl (files.cloudgdansk.pl)... 153.19.238.147
Connecting to files.cloudgdansk.pl (files.cloudgdansk.pl)|153.19.238.147|:443... connected.
HTTP request sent, awaiting response... 200 OK
Length: 841 [application/json]
Saving to: ‘/root/process_mining/announcements/data/04_05_2022/ann04.05.2022-07-10-00.json’

     0K                                                       100%  163M=0s

2022-05-04 07:10:00 (163 MB/s) - ‘/root/process_mining/announcements/data/04_05_2022/ann04.05.2022-07-10-00.json’ saved [841/841]

--2022-05-04 07:20:01--  https://files.cloudgdansk.pl/d/otwarte-dane/ztm/bsk.json
Resolving files.cloudgdansk.pl (files.cloudgdansk.pl)... 153.19.238.147
Connecting to files.cloudgdansk.pl (files.cloudgdansk.pl)|153.19.238.147|:443... connected.
HTTP request sent, awaiting response... 200 OK
Length: 841 [application/json]
Saving to: ‘/root/process_mining/announcements/data/04_05_2022/ann04.05.2022-07-20-01.json’

     0K                                                       100%  173M=0s

2022-05-04 07:20:02 (173 MB/s) - ‘/root/process_mining/announcements/data/04_05_2022/ann04.05.2022-07-20-01.json’ saved [841/841]

--2022-05-04 07:30:01--  https://files.cloudgdansk.pl/d/otwarte-dane/ztm/bsk.json
Resolving files.cloudgdansk.pl (files.cloudgdansk.pl)... 153.19.238.147
Connecting to files.cloudgdansk.pl (files.cloudgdansk.pl)|153.19.238.147|:443... connected.
HTTP request sent, awaiting response... 200 OK
Length: 841 [application/json]
Saving to: ‘/root/process_mining/announcements/data/04_05_2022/ann04.05.2022-07-30-01.json’

     0K                                                       100%  116M=0s

2022-05-04 07:30:01 (116 MB/s) - ‘/root/process_mining/announcements/data/04_05_2022/ann04.05.2022-07-30-01.json’ saved [841/841]

--2022-05-04 07:40:00--  https://files.cloudgdansk.pl/d/otwarte-dane/ztm/bsk.json
Resolving files.cloudgdansk.pl (files.cloudgdansk.pl)... 153.19.238.147
Connecting to files.cloudgdansk.pl (files.cloudgdansk.pl)|153.19.238.147|:443... connected.
HTTP request sent, awaiting response... 200 OK
Length: 841 [application/json]
Saving to: ‘/root/process_mining/announcements/data/04_05_2022/ann04.05.2022-07-40-00.json’

     0K                                                       100%  158M=0s

2022-05-04 07:40:01 (158 MB/s) - ‘/root/process_mining/announcements/data/04_05_2022/ann04.05.2022-07-40-00.json’ saved [841/841]

--2022-05-04 07:50:01--  https://files.cloudgdansk.pl/d/otwarte-dane/ztm/bsk.json
Resolving files.cloudgdansk.pl (files.cloudgdansk.pl)... 153.19.238.147
Connecting to files.cloudgdansk.pl (files.cloudgdansk.pl)|153.19.238.147|:443... connected.
HTTP request sent, awaiting response... 200 OK
Length: 841 [application/json]
Saving to: ‘/root/process_mining/announcements/data/04_05_2022/ann04.05.2022-07-50-01.json’

     0K                                                       100%  164M=0s

2022-05-04 07:50:01 (164 MB/s) - ‘/root/process_mining/announcements/data/04_05_2022/ann04.05.2022-07-50-01.json’ saved [841/841]

--2022-05-04 08:00:01--  https://files.cloudgdansk.pl/d/otwarte-dane/ztm/bsk.json
Resolving files.cloudgdansk.pl (files.cloudgdansk.pl)... 153.19.238.147
Connecting to files.cloudgdansk.pl (files.cloudgdansk.pl)|153.19.238.147|:443... connected.
HTTP request sent, awaiting response... 200 OK
Length: 841 [application/json]
Saving to: ‘/root/process_mining/announcements/data/04_05_2022/ann04.05.2022-08-00-01.json’

     0K                                                       100%  162M=0s

2022-05-04 08:00:01 (162 MB/s) - ‘/root/process_mining/announcements/data/04_05_2022/ann04.05.2022-08-00-01.json’ saved [841/841]

--2022-05-04 08:10:01--  https://files.cloudgdansk.pl/d/otwarte-dane/ztm/bsk.json
Resolving files.cloudgdansk.pl (files.cloudgdansk.pl)... 153.19.238.147
Connecting to files.cloudgdansk.pl (files.cloudgdansk.pl)|153.19.238.147|:443... connected.
HTTP request sent, awaiting response... 200 OK
Length: 60 [text/plain]
Saving to: ‘/root/process_mining/announcements/data/04_05_2022/ann04.05.2022-08-10-01.json’

     0K                                                       100% 12.6M=0s

2022-05-04 08:10:01 (12.6 MB/s) - ‘/root/process_mining/announcements/data/04_05_2022/ann04.05.2022-08-10-01.json’ saved [60/60]

--2022-05-04 08:20:01--  https://files.cloudgdansk.pl/d/otwarte-dane/ztm/bsk.json
Resolving files.cloudgdansk.pl (files.cloudgdansk.pl)... 153.19.238.147
Connecting to files.cloudgdansk.pl (files.cloudgdansk.pl)|153.19.238.147|:443... connected.
HTTP request sent, awaiting response... 200 OK
Length: 60 [text/plain]
Saving to: ‘/root/process_mining/announcements/data/04_05_2022/ann04.05.2022-08-20-01.json’

     0K                                                       100% 12.3M=0s

2022-05-04 08:20:01 (12.3 MB/s) - ‘/root/process_mining/announcements/data/04_05_2022/ann04.05.2022-08-20-01.json’ saved [60/60]

--2022-05-04 08:30:00--  https://files.cloudgdansk.pl/d/otwarte-dane/ztm/bsk.json
Resolving files.cloudgdansk.pl (files.cloudgdansk.pl)... 153.19.238.147
Connecting to files.cloudgdansk.pl (files.cloudgdansk.pl)|153.19.238.147|:443... connected.
HTTP request sent, awaiting response... 200 OK
Length: 60 [text/plain]
Saving to: ‘/root/process_mining/announcements/data/04_05_2022/ann04.05.2022-08-30-00.json’

     0K                                                       100% 12.6M=0s

2022-05-04 08:30:01 (12.6 MB/s) - ‘/root/process_mining/announcements/data/04_05_2022/ann04.05.2022-08-30-00.json’ saved [60/60]

--2022-05-04 08:40:00--  https://files.cloudgdansk.pl/d/otwarte-dane/ztm/bsk.json
Resolving files.cloudgdansk.pl (files.cloudgdansk.pl)... 153.19.238.147
Connecting to files.cloudgdansk.pl (files.cloudgdansk.pl)|153.19.238.147|:443... connected.
HTTP request sent, awaiting response... 200 OK
Length: 60 [text/plain]
Saving to: ‘/root/process_mining/announcements/data/04_05_2022/ann04.05.2022-08-40-00.json’

     0K                                                       100% 11.9M=0s

2022-05-04 08:40:00 (11.9 MB/s) - ‘/root/process_mining/announcements/data/04_05_2022/ann04.05.2022-08-40-00.json’ saved [60/60]

--2022-05-04 08:50:00--  https://files.cloudgdansk.pl/d/otwarte-dane/ztm/bsk.json
Resolving files.cloudgdansk.pl (files.cloudgdansk.pl)... 153.19.238.147
Connecting to files.cloudgdansk.pl (files.cloudgdansk.pl)|153.19.238.147|:443... connected.
HTTP request sent, awaiting response... 200 OK
Length: 60 [text/plain]
Saving to: ‘/root/process_mining/announcements/data/04_05_2022/ann04.05.2022-08-50-00.json’

     0K                                                       100% 12.5M=0s

2022-05-04 08:50:00 (12.5 MB/s) - ‘/root/process_mining/announcements/data/04_05_2022/ann04.05.2022-08-50-00.json’ saved [60/60]

--2022-05-04 09:00:01--  https://files.cloudgdansk.pl/d/otwarte-dane/ztm/bsk.json
Resolving files.cloudgdansk.pl (files.cloudgdansk.pl)... 153.19.238.147
Connecting to files.cloudgdansk.pl (files.cloudgdansk.pl)|153.19.238.147|:443... connected.
HTTP request sent, awaiting response... 200 OK
Length: 60 [text/plain]
Saving to: ‘/root/process_mining/announcements/data/04_05_2022/ann04.05.2022-09-00-01.json’

     0K                                                       100% 11.9M=0s

2022-05-04 09:00:01 (11.9 MB/s) - ‘/root/process_mining/announcements/data/04_05_2022/ann04.05.2022-09-00-01.json’ saved [60/60]

--2022-05-04 09:10:01--  https://files.cloudgdansk.pl/d/otwarte-dane/ztm/bsk.json
Resolving files.cloudgdansk.pl (files.cloudgdansk.pl)... 153.19.238.147
Connecting to files.cloudgdansk.pl (files.cloudgdansk.pl)|153.19.238.147|:443... connected.
HTTP request sent, awaiting response... 200 OK
Length: 60 [text/plain]
Saving to: ‘/root/process_mining/announcements/data/04_05_2022/ann04.05.2022-09-10-01.json’

     0K                                                       100% 2.96M=0s

2022-05-04 09:10:01 (2.96 MB/s) - ‘/root/process_mining/announcements/data/04_05_2022/ann04.05.2022-09-10-01.json’ saved [60/60]

--2022-05-04 09:20:02--  https://files.cloudgdansk.pl/d/otwarte-dane/ztm/bsk.json
Resolving files.cloudgdansk.pl (files.cloudgdansk.pl)... 153.19.238.147
Connecting to files.cloudgdansk.pl (files.cloudgdansk.pl)|153.19.238.147|:443... connected.
HTTP request sent, awaiting response... 200 OK
Length: 60 [text/plain]
Saving to: ‘/root/process_mining/announcements/data/04_05_2022/ann04.05.2022-09-20-02.json’

     0K                                                       100% 12.2M=0s

2022-05-04 09:20:02 (12.2 MB/s) - ‘/root/process_mining/announcements/data/04_05_2022/ann04.05.2022-09-20-02.json’ saved [60/60]

--2022-05-04 09:30:01--  https://files.cloudgdansk.pl/d/otwarte-dane/ztm/bsk.json
Resolving files.cloudgdansk.pl (files.cloudgdansk.pl)... 153.19.238.147
Connecting to files.cloudgdansk.pl (files.cloudgdansk.pl)|153.19.238.147|:443... connected.
HTTP request sent, awaiting response... 200 OK
Length: 60 [text/plain]
Saving to: ‘/root/process_mining/announcements/data/04_05_2022/ann04.05.2022-09-30-01.json’

     0K                                                       100% 12.7M=0s

2022-05-04 09:30:02 (12.7 MB/s) - ‘/root/process_mining/announcements/data/04_05_2022/ann04.05.2022-09-30-01.json’ saved [60/60]

--2022-05-04 09:40:01--  https://files.cloudgdansk.pl/d/otwarte-dane/ztm/bsk.json
Resolving files.cloudgdansk.pl (files.cloudgdansk.pl)... 153.19.238.147
Connecting to files.cloudgdansk.pl (files.cloudgdansk.pl)|153.19.238.147|:443... connected.
HTTP request sent, awaiting response... 200 OK
Length: 60 [text/plain]
Saving to: ‘/root/process_mining/announcements/data/04_05_2022/ann04.05.2022-09-40-01.json’

     0K                                                       100% 9.33M=0s

2022-05-04 09:40:02 (9.33 MB/s) - ‘/root/process_mining/announcements/data/04_05_2022/ann04.05.2022-09-40-01.json’ saved [60/60]

--2022-05-04 09:50:01--  https://files.cloudgdansk.pl/d/otwarte-dane/ztm/bsk.json
Resolving files.cloudgdansk.pl (files.cloudgdansk.pl)... 153.19.238.147
Connecting to files.cloudgdansk.pl (files.cloudgdansk.pl)|153.19.238.147|:443... connected.
HTTP request sent, awaiting response... 200 OK
Length: 60 [text/plain]
Saving to: ‘/root/process_mining/announcements/data/04_05_2022/ann04.05.2022-09-50-01.json’

     0K                                                       100% 11.2M=0s

2022-05-04 09:50:01 (11.2 MB/s) - ‘/root/process_mining/announcements/data/04_05_2022/ann04.05.2022-09-50-01.json’ saved [60/60]

--2022-05-04 10:00:01--  https://files.cloudgdansk.pl/d/otwarte-dane/ztm/bsk.json
Resolving files.cloudgdansk.pl (files.cloudgdansk.pl)... 153.19.238.147
Connecting to files.cloudgdansk.pl (files.cloudgdansk.pl)|153.19.238.147|:443... connected.
HTTP request sent, awaiting response... 200 OK
Length: 60 [text/plain]
Saving to: ‘/root/process_mining/announcements/data/04_05_2022/ann04.05.2022-10-00-01.json’

     0K                                                       100% 11.6M=0s

2022-05-04 10:00:01 (11.6 MB/s) - ‘/root/process_mining/announcements/data/04_05_2022/ann04.05.2022-10-00-01.json’ saved [60/60]

--2022-05-04 10:10:01--  https://files.cloudgdansk.pl/d/otwarte-dane/ztm/bsk.json
Resolving files.cloudgdansk.pl (files.cloudgdansk.pl)... 153.19.238.147
Connecting to files.cloudgdansk.pl (files.cloudgdansk.pl)|153.19.238.147|:443... connected.
HTTP request sent, awaiting response... 200 OK
Length: 60 [text/plain]
Saving to: ‘/root/process_mining/announcements/data/04_05_2022/ann04.05.2022-10-10-01.json’

     0K                                                       100% 12.0M=0s

2022-05-04 10:10:02 (12.0 MB/s) - ‘/root/process_mining/announcements/data/04_05_2022/ann04.05.2022-10-10-01.json’ saved [60/60]

--2022-05-04 10:20:01--  https://files.cloudgdansk.pl/d/otwarte-dane/ztm/bsk.json
Resolving files.cloudgdansk.pl (files.cloudgdansk.pl)... 153.19.238.147
Connecting to files.cloudgdansk.pl (files.cloudgdansk.pl)|153.19.238.147|:443... connected.
HTTP request sent, awaiting response... 200 OK
Length: 60 [text/plain]
Saving to: ‘/root/process_mining/announcements/data/04_05_2022/ann04.05.2022-10-20-01.json’

     0K                                                       100% 12.6M=0s

2022-05-04 10:20:01 (12.6 MB/s) - ‘/root/process_mining/announcements/data/04_05_2022/ann04.05.2022-10-20-01.json’ saved [60/60]

--2022-05-04 10:30:01--  https://files.cloudgdansk.pl/d/otwarte-dane/ztm/bsk.json
Resolving files.cloudgdansk.pl (files.cloudgdansk.pl)... 153.19.238.147
Connecting to files.cloudgdansk.pl (files.cloudgdansk.pl)|153.19.238.147|:443... connected.
HTTP request sent, awaiting response... 200 OK
Length: 60 [text/plain]
Saving to: ‘/root/process_mining/announcements/data/04_05_2022/ann04.05.2022-10-30-01.json’

     0K                                                       100% 12.9M=0s

2022-05-04 10:30:02 (12.9 MB/s) - ‘/root/process_mining/announcements/data/04_05_2022/ann04.05.2022-10-30-01.json’ saved [60/60]

--2022-05-04 10:40:01--  https://files.cloudgdansk.pl/d/otwarte-dane/ztm/bsk.json
Resolving files.cloudgdansk.pl (files.cloudgdansk.pl)... 153.19.238.147
Connecting to files.cloudgdansk.pl (files.cloudgdansk.pl)|153.19.238.147|:443... connected.
HTTP request sent, awaiting response... 200 OK
Length: 60 [text/plain]
Saving to: ‘/root/process_mining/announcements/data/04_05_2022/ann04.05.2022-10-40-01.json’

     0K                                                       100% 12.7M=0s

2022-05-04 10:40:01 (12.7 MB/s) - ‘/root/process_mining/announcements/data/04_05_2022/ann04.05.2022-10-40-01.json’ saved [60/60]

--2022-05-04 10:50:01--  https://files.cloudgdansk.pl/d/otwarte-dane/ztm/bsk.json
Resolving files.cloudgdansk.pl (files.cloudgdansk.pl)... 153.19.238.147
Connecting to files.cloudgdansk.pl (files.cloudgdansk.pl)|153.19.238.147|:443... connected.
HTTP request sent, awaiting response... 200 OK
Length: 60 [text/plain]
Saving to: ‘/root/process_mining/announcements/data/04_05_2022/ann04.05.2022-10-50-01.json’

     0K                                                       100% 12.1M=0s

2022-05-04 10:50:02 (12.1 MB/s) - ‘/root/process_mining/announcements/data/04_05_2022/ann04.05.2022-10-50-01.json’ saved [60/60]

--2022-05-04 11:00:01--  https://files.cloudgdansk.pl/d/otwarte-dane/ztm/bsk.json
Resolving files.cloudgdansk.pl (files.cloudgdansk.pl)... 153.19.238.147
Connecting to files.cloudgdansk.pl (files.cloudgdansk.pl)|153.19.238.147|:443... connected.
HTTP request sent, awaiting response... 200 OK
Length: 60 [text/plain]
Saving to: ‘/root/process_mining/announcements/data/04_05_2022/ann04.05.2022-11-00-01.json’

     0K                                                       100% 12.7M=0s

2022-05-04 11:00:01 (12.7 MB/s) - ‘/root/process_mining/announcements/data/04_05_2022/ann04.05.2022-11-00-01.json’ saved [60/60]

--2022-05-04 11:10:01--  https://files.cloudgdansk.pl/d/otwarte-dane/ztm/bsk.json
Resolving files.cloudgdansk.pl (files.cloudgdansk.pl)... 153.19.238.147
Connecting to files.cloudgdansk.pl (files.cloudgdansk.pl)|153.19.238.147|:443... connected.
HTTP request sent, awaiting response... 200 OK
Length: 60 [text/plain]
Saving to: ‘/root/process_mining/announcements/data/04_05_2022/ann04.05.2022-11-10-01.json’

     0K                                                       100% 11.9M=0s

2022-05-04 11:10:01 (11.9 MB/s) - ‘/root/process_mining/announcements/data/04_05_2022/ann04.05.2022-11-10-01.json’ saved [60/60]

--2022-05-04 11:20:01--  https://files.cloudgdansk.pl/d/otwarte-dane/ztm/bsk.json
Resolving files.cloudgdansk.pl (files.cloudgdansk.pl)... 153.19.238.147
Connecting to files.cloudgdansk.pl (files.cloudgdansk.pl)|153.19.238.147|:443... connected.
HTTP request sent, awaiting response... 200 OK
Length: 60 [text/plain]
Saving to: ‘/root/process_mining/announcements/data/04_05_2022/ann04.05.2022-11-20-01.json’

     0K                                                       100% 11.7M=0s

2022-05-04 11:20:01 (11.7 MB/s) - ‘/root/process_mining/announcements/data/04_05_2022/ann04.05.2022-11-20-01.json’ saved [60/60]

--2022-05-04 11:30:01--  https://files.cloudgdansk.pl/d/otwarte-dane/ztm/bsk.json
Resolving files.cloudgdansk.pl (files.cloudgdansk.pl)... 153.19.238.147
Connecting to files.cloudgdansk.pl (files.cloudgdansk.pl)|153.19.238.147|:443... connected.
HTTP request sent, awaiting response... 200 OK
Length: 60 [text/plain]
Saving to: ‘/root/process_mining/announcements/data/04_05_2022/ann04.05.2022-11-30-01.json’

     0K                                                       100% 11.9M=0s

2022-05-04 11:30:01 (11.9 MB/s) - ‘/root/process_mining/announcements/data/04_05_2022/ann04.05.2022-11-30-01.json’ saved [60/60]

--2022-05-04 11:40:01--  https://files.cloudgdansk.pl/d/otwarte-dane/ztm/bsk.json
Resolving files.cloudgdansk.pl (files.cloudgdansk.pl)... 153.19.238.147
Connecting to files.cloudgdansk.pl (files.cloudgdansk.pl)|153.19.238.147|:443... connected.
HTTP request sent, awaiting response... 200 OK
Length: 60 [text/plain]
Saving to: ‘/root/process_mining/announcements/data/04_05_2022/ann04.05.2022-11-40-01.json’

     0K                                                       100% 10.3M=0s

2022-05-04 11:40:01 (10.3 MB/s) - ‘/root/process_mining/announcements/data/04_05_2022/ann04.05.2022-11-40-01.json’ saved [60/60]

--2022-05-04 11:50:01--  https://files.cloudgdansk.pl/d/otwarte-dane/ztm/bsk.json
Resolving files.cloudgdansk.pl (files.cloudgdansk.pl)... 153.19.238.147
Connecting to files.cloudgdansk.pl (files.cloudgdansk.pl)|153.19.238.147|:443... connected.
HTTP request sent, awaiting response... 200 OK
Length: 60 [text/plain]
Saving to: ‘/root/process_mining/announcements/data/04_05_2022/ann04.05.2022-11-50-01.json’

     0K                                                       100% 12.5M=0s

2022-05-04 11:50:01 (12.5 MB/s) - ‘/root/process_mining/announcements/data/04_05_2022/ann04.05.2022-11-50-01.json’ saved [60/60]

--2022-05-04 12:00:01--  https://files.cloudgdansk.pl/d/otwarte-dane/ztm/bsk.json
Resolving files.cloudgdansk.pl (files.cloudgdansk.pl)... 153.19.238.147
Connecting to files.cloudgdansk.pl (files.cloudgdansk.pl)|153.19.238.147|:443... connected.
HTTP request sent, awaiting response... 200 OK
Length: 60 [text/plain]
Saving to: ‘/root/process_mining/announcements/data/04_05_2022/ann04.05.2022-12-00-01.json’

     0K                                                       100% 12.1M=0s

2022-05-04 12:00:02 (12.1 MB/s) - ‘/root/process_mining/announcements/data/04_05_2022/ann04.05.2022-12-00-01.json’ saved [60/60]

--2022-05-04 12:10:01--  https://files.cloudgdansk.pl/d/otwarte-dane/ztm/bsk.json
Resolving files.cloudgdansk.pl (files.cloudgdansk.pl)... 153.19.238.147
Connecting to files.cloudgdansk.pl (files.cloudgdansk.pl)|153.19.238.147|:443... connected.
HTTP request sent, awaiting response... 200 OK
Length: 60 [text/plain]
Saving to: ‘/root/process_mining/announcements/data/04_05_2022/ann04.05.2022-12-10-01.json’

     0K                                                       100% 12.0M=0s

2022-05-04 12:10:02 (12.0 MB/s) - ‘/root/process_mining/announcements/data/04_05_2022/ann04.05.2022-12-10-01.json’ saved [60/60]

--2022-05-04 12:20:01--  https://files.cloudgdansk.pl/d/otwarte-dane/ztm/bsk.json
Resolving files.cloudgdansk.pl (files.cloudgdansk.pl)... 153.19.238.147
Connecting to files.cloudgdansk.pl (files.cloudgdansk.pl)|153.19.238.147|:443... connected.
HTTP request sent, awaiting response... 200 OK
Length: 60 [text/plain]
Saving to: ‘/root/process_mining/announcements/data/04_05_2022/ann04.05.2022-12-20-01.json’

     0K                                                       100% 12.4M=0s

2022-05-04 12:20:02 (12.4 MB/s) - ‘/root/process_mining/announcements/data/04_05_2022/ann04.05.2022-12-20-01.json’ saved [60/60]

--2022-05-04 12:30:01--  https://files.cloudgdansk.pl/d/otwarte-dane/ztm/bsk.json
Resolving files.cloudgdansk.pl (files.cloudgdansk.pl)... 153.19.238.147
Connecting to files.cloudgdansk.pl (files.cloudgdansk.pl)|153.19.238.147|:443... connected.
HTTP request sent, awaiting response... 200 OK
Length: 60 [text/plain]
Saving to: ‘/root/process_mining/announcements/data/04_05_2022/ann04.05.2022-12-30-01.json’

     0K                                                       100% 12.4M=0s

2022-05-04 12:30:01 (12.4 MB/s) - ‘/root/process_mining/announcements/data/04_05_2022/ann04.05.2022-12-30-01.json’ saved [60/60]

--2022-05-04 12:40:01--  https://files.cloudgdansk.pl/d/otwarte-dane/ztm/bsk.json
Resolving files.cloudgdansk.pl (files.cloudgdansk.pl)... 153.19.238.147
Connecting to files.cloudgdansk.pl (files.cloudgdansk.pl)|153.19.238.147|:443... connected.
HTTP request sent, awaiting response... 200 OK
Length: 60 [text/plain]
Saving to: ‘/root/process_mining/announcements/data/04_05_2022/ann04.05.2022-12-40-01.json’

     0K                                                       100% 12.2M=0s

2022-05-04 12:40:01 (12.2 MB/s) - ‘/root/process_mining/announcements/data/04_05_2022/ann04.05.2022-12-40-01.json’ saved [60/60]

--2022-05-04 12:50:01--  https://files.cloudgdansk.pl/d/otwarte-dane/ztm/bsk.json
Resolving files.cloudgdansk.pl (files.cloudgdansk.pl)... 153.19.238.147
Connecting to files.cloudgdansk.pl (files.cloudgdansk.pl)|153.19.238.147|:443... connected.
HTTP request sent, awaiting response... 200 OK
Length: 60 [text/plain]
Saving to: ‘/root/process_mining/announcements/data/04_05_2022/ann04.05.2022-12-50-01.json’

     0K                                                       100% 12.3M=0s

2022-05-04 12:50:01 (12.3 MB/s) - ‘/root/process_mining/announcements/data/04_05_2022/ann04.05.2022-12-50-01.json’ saved [60/60]

--2022-05-04 13:00:01--  https://files.cloudgdansk.pl/d/otwarte-dane/ztm/bsk.json
Resolving files.cloudgdansk.pl (files.cloudgdansk.pl)... 153.19.238.147
Connecting to files.cloudgdansk.pl (files.cloudgdansk.pl)|153.19.238.147|:443... connected.
HTTP request sent, awaiting response... 200 OK
Length: 60 [text/plain]
Saving to: ‘/root/process_mining/announcements/data/04_05_2022/ann04.05.2022-13-00-01.json’

     0K                                                       100% 11.2M=0s

2022-05-04 13:00:02 (11.2 MB/s) - ‘/root/process_mining/announcements/data/04_05_2022/ann04.05.2022-13-00-01.json’ saved [60/60]

--2022-05-04 13:10:01--  https://files.cloudgdansk.pl/d/otwarte-dane/ztm/bsk.json
Resolving files.cloudgdansk.pl (files.cloudgdansk.pl)... 153.19.238.147
Connecting to files.cloudgdansk.pl (files.cloudgdansk.pl)|153.19.238.147|:443... connected.
HTTP request sent, awaiting response... 200 OK
Length: 60 [text/plain]
Saving to: ‘/root/process_mining/announcements/data/04_05_2022/ann04.05.2022-13-10-01.json’

     0K                                                       100% 12.5M=0s

2022-05-04 13:10:02 (12.5 MB/s) - ‘/root/process_mining/announcements/data/04_05_2022/ann04.05.2022-13-10-01.json’ saved [60/60]

--2022-05-04 13:20:01--  https://files.cloudgdansk.pl/d/otwarte-dane/ztm/bsk.json
Resolving files.cloudgdansk.pl (files.cloudgdansk.pl)... 153.19.238.147
Connecting to files.cloudgdansk.pl (files.cloudgdansk.pl)|153.19.238.147|:443... connected.
HTTP request sent, awaiting response... 200 OK
Length: 60 [text/plain]
Saving to: ‘/root/process_mining/announcements/data/04_05_2022/ann04.05.2022-13-20-01.json’

     0K                                                       100% 11.0M=0s

2022-05-04 13:20:02 (11.0 MB/s) - ‘/root/process_mining/announcements/data/04_05_2022/ann04.05.2022-13-20-01.json’ saved [60/60]

--2022-05-04 13:30:01--  https://files.cloudgdansk.pl/d/otwarte-dane/ztm/bsk.json
Resolving files.cloudgdansk.pl (files.cloudgdansk.pl)... 153.19.238.147
Connecting to files.cloudgdansk.pl (files.cloudgdansk.pl)|153.19.238.147|:443... connected.
HTTP request sent, awaiting response... 200 OK
Length: 60 [text/plain]
Saving to: ‘/root/process_mining/announcements/data/04_05_2022/ann04.05.2022-13-30-01.json’

     0K                                                       100% 12.3M=0s

2022-05-04 13:30:02 (12.3 MB/s) - ‘/root/process_mining/announcements/data/04_05_2022/ann04.05.2022-13-30-01.json’ saved [60/60]

--2022-05-04 13:40:01--  https://files.cloudgdansk.pl/d/otwarte-dane/ztm/bsk.json
Resolving files.cloudgdansk.pl (files.cloudgdansk.pl)... 153.19.238.147
Connecting to files.cloudgdansk.pl (files.cloudgdansk.pl)|153.19.238.147|:443... connected.
HTTP request sent, awaiting response... 200 OK
Length: 60 [text/plain]
Saving to: ‘/root/process_mining/announcements/data/04_05_2022/ann04.05.2022-13-40-01.json’

     0K                                                       100% 11.9M=0s

2022-05-04 13:40:02 (11.9 MB/s) - ‘/root/process_mining/announcements/data/04_05_2022/ann04.05.2022-13-40-01.json’ saved [60/60]

--2022-05-04 13:50:01--  https://files.cloudgdansk.pl/d/otwarte-dane/ztm/bsk.json
Resolving files.cloudgdansk.pl (files.cloudgdansk.pl)... 153.19.238.147
Connecting to files.cloudgdansk.pl (files.cloudgdansk.pl)|153.19.238.147|:443... connected.
HTTP request sent, awaiting response... 200 OK
Length: 60 [text/plain]
Saving to: ‘/root/process_mining/announcements/data/04_05_2022/ann04.05.2022-13-50-01.json’

     0K                                                       100% 11.8M=0s

2022-05-04 13:50:02 (11.8 MB/s) - ‘/root/process_mining/announcements/data/04_05_2022/ann04.05.2022-13-50-01.json’ saved [60/60]

--2022-05-04 14:00:01--  https://files.cloudgdansk.pl/d/otwarte-dane/ztm/bsk.json
Resolving files.cloudgdansk.pl (files.cloudgdansk.pl)... 153.19.238.147
Connecting to files.cloudgdansk.pl (files.cloudgdansk.pl)|153.19.238.147|:443... connected.
HTTP request sent, awaiting response... 200 OK
Length: 60 [text/plain]
Saving to: ‘/root/process_mining/announcements/data/04_05_2022/ann04.05.2022-14-00-01.json’

     0K                                                       100% 12.0M=0s

2022-05-04 14:00:01 (12.0 MB/s) - ‘/root/process_mining/announcements/data/04_05_2022/ann04.05.2022-14-00-01.json’ saved [60/60]

--2022-05-04 14:10:01--  https://files.cloudgdansk.pl/d/otwarte-dane/ztm/bsk.json
Resolving files.cloudgdansk.pl (files.cloudgdansk.pl)... 153.19.238.147
Connecting to files.cloudgdansk.pl (files.cloudgdansk.pl)|153.19.238.147|:443... connected.
HTTP request sent, awaiting response... 200 OK
Length: 60 [text/plain]
Saving to: ‘/root/process_mining/announcements/data/04_05_2022/ann04.05.2022-14-10-01.json’

     0K                                                       100% 12.3M=0s

2022-05-04 14:10:01 (12.3 MB/s) - ‘/root/process_mining/announcements/data/04_05_2022/ann04.05.2022-14-10-01.json’ saved [60/60]

--2022-05-04 14:20:01--  https://files.cloudgdansk.pl/d/otwarte-dane/ztm/bsk.json
Resolving files.cloudgdansk.pl (files.cloudgdansk.pl)... 153.19.238.147
Connecting to files.cloudgdansk.pl (files.cloudgdansk.pl)|153.19.238.147|:443... connected.
HTTP request sent, awaiting response... 200 OK
Length: 60 [text/plain]
Saving to: ‘/root/process_mining/announcements/data/04_05_2022/ann04.05.2022-14-20-01.json’

     0K                                                       100% 8.73M=0s

2022-05-04 14:20:02 (8.73 MB/s) - ‘/root/process_mining/announcements/data/04_05_2022/ann04.05.2022-14-20-01.json’ saved [60/60]

--2022-05-04 14:30:01--  https://files.cloudgdansk.pl/d/otwarte-dane/ztm/bsk.json
Resolving files.cloudgdansk.pl (files.cloudgdansk.pl)... 153.19.238.147
Connecting to files.cloudgdansk.pl (files.cloudgdansk.pl)|153.19.238.147|:443... connected.
HTTP request sent, awaiting response... 200 OK
Length: 60 [text/plain]
Saving to: ‘/root/process_mining/announcements/data/04_05_2022/ann04.05.2022-14-30-01.json’

     0K                                                       100% 12.1M=0s

2022-05-04 14:30:02 (12.1 MB/s) - ‘/root/process_mining/announcements/data/04_05_2022/ann04.05.2022-14-30-01.json’ saved [60/60]

--2022-05-04 14:40:01--  https://files.cloudgdansk.pl/d/otwarte-dane/ztm/bsk.json
Resolving files.cloudgdansk.pl (files.cloudgdansk.pl)... 153.19.238.147
Connecting to files.cloudgdansk.pl (files.cloudgdansk.pl)|153.19.238.147|:443... connected.
HTTP request sent, awaiting response... 200 OK
Length: 60 [text/plain]
Saving to: ‘/root/process_mining/announcements/data/04_05_2022/ann04.05.2022-14-40-01.json’

     0K                                                       100% 10.4M=0s

2022-05-04 14:40:02 (10.4 MB/s) - ‘/root/process_mining/announcements/data/04_05_2022/ann04.05.2022-14-40-01.json’ saved [60/60]

--2022-05-04 14:50:01--  https://files.cloudgdansk.pl/d/otwarte-dane/ztm/bsk.json
Resolving files.cloudgdansk.pl (files.cloudgdansk.pl)... 153.19.238.147
Connecting to files.cloudgdansk.pl (files.cloudgdansk.pl)|153.19.238.147|:443... connected.
HTTP request sent, awaiting response... 200 OK
Length: 60 [text/plain]
Saving to: ‘/root/process_mining/announcements/data/04_05_2022/ann04.05.2022-14-50-01.json’

     0K                                                       100% 13.8M=0s

2022-05-04 14:50:01 (13.8 MB/s) - ‘/root/process_mining/announcements/data/04_05_2022/ann04.05.2022-14-50-01.json’ saved [60/60]

--2022-05-04 15:00:01--  https://files.cloudgdansk.pl/d/otwarte-dane/ztm/bsk.json
Resolving files.cloudgdansk.pl (files.cloudgdansk.pl)... 153.19.238.147
Connecting to files.cloudgdansk.pl (files.cloudgdansk.pl)|153.19.238.147|:443... connected.
HTTP request sent, awaiting response... 200 OK
Length: 60 [text/plain]
Saving to: ‘/root/process_mining/announcements/data/04_05_2022/ann04.05.2022-15-00-01.json’

     0K                                                       100% 12.2M=0s

2022-05-04 15:00:01 (12.2 MB/s) - ‘/root/process_mining/announcements/data/04_05_2022/ann04.05.2022-15-00-01.json’ saved [60/60]

--2022-05-04 15:10:01--  https://files.cloudgdansk.pl/d/otwarte-dane/ztm/bsk.json
Resolving files.cloudgdansk.pl (files.cloudgdansk.pl)... 153.19.238.147
Connecting to files.cloudgdansk.pl (files.cloudgdansk.pl)|153.19.238.147|:443... connected.
HTTP request sent, awaiting response... 200 OK
Length: 60 [text/plain]
Saving to: ‘/root/process_mining/announcements/data/04_05_2022/ann04.05.2022-15-10-01.json’

     0K                                                       100% 12.5M=0s

2022-05-04 15:10:02 (12.5 MB/s) - ‘/root/process_mining/announcements/data/04_05_2022/ann04.05.2022-15-10-01.json’ saved [60/60]

--2022-05-04 15:20:01--  https://files.cloudgdansk.pl/d/otwarte-dane/ztm/bsk.json
Resolving files.cloudgdansk.pl (files.cloudgdansk.pl)... 153.19.238.147
Connecting to files.cloudgdansk.pl (files.cloudgdansk.pl)|153.19.238.147|:443... connected.
HTTP request sent, awaiting response... 200 OK
Length: 60 [text/plain]
Saving to: ‘/root/process_mining/announcements/data/04_05_2022/ann04.05.2022-15-20-01.json’

     0K                                                       100% 11.5M=0s

2022-05-04 15:20:02 (11.5 MB/s) - ‘/root/process_mining/announcements/data/04_05_2022/ann04.05.2022-15-20-01.json’ saved [60/60]

--2022-05-04 15:30:01--  https://files.cloudgdansk.pl/d/otwarte-dane/ztm/bsk.json
Resolving files.cloudgdansk.pl (files.cloudgdansk.pl)... 153.19.238.147
Connecting to files.cloudgdansk.pl (files.cloudgdansk.pl)|153.19.238.147|:443... connected.
HTTP request sent, awaiting response... 200 OK
Length: 60 [text/plain]
Saving to: ‘/root/process_mining/announcements/data/04_05_2022/ann04.05.2022-15-30-01.json’

     0K                                                       100% 13.5M=0s

2022-05-04 15:30:01 (13.5 MB/s) - ‘/root/process_mining/announcements/data/04_05_2022/ann04.05.2022-15-30-01.json’ saved [60/60]

--2022-05-04 15:40:01--  https://files.cloudgdansk.pl/d/otwarte-dane/ztm/bsk.json
Resolving files.cloudgdansk.pl (files.cloudgdansk.pl)... 153.19.238.147
Connecting to files.cloudgdansk.pl (files.cloudgdansk.pl)|153.19.238.147|:443... connected.
HTTP request sent, awaiting response... 200 OK
Length: 60 [text/plain]
Saving to: ‘/root/process_mining/announcements/data/04_05_2022/ann04.05.2022-15-40-01.json’

     0K                                                       100% 12.6M=0s

2022-05-04 15:40:01 (12.6 MB/s) - ‘/root/process_mining/announcements/data/04_05_2022/ann04.05.2022-15-40-01.json’ saved [60/60]

--2022-05-04 15:50:01--  https://files.cloudgdansk.pl/d/otwarte-dane/ztm/bsk.json
Resolving files.cloudgdansk.pl (files.cloudgdansk.pl)... 153.19.238.147
Connecting to files.cloudgdansk.pl (files.cloudgdansk.pl)|153.19.238.147|:443... connected.
HTTP request sent, awaiting response... 200 OK
Length: 60 [text/plain]
Saving to: ‘/root/process_mining/announcements/data/04_05_2022/ann04.05.2022-15-50-01.json’

     0K                                                       100% 12.7M=0s

2022-05-04 15:50:01 (12.7 MB/s) - ‘/root/process_mining/announcements/data/04_05_2022/ann04.05.2022-15-50-01.json’ saved [60/60]

--2022-05-04 16:00:01--  https://files.cloudgdansk.pl/d/otwarte-dane/ztm/bsk.json
Resolving files.cloudgdansk.pl (files.cloudgdansk.pl)... 153.19.238.147
Connecting to files.cloudgdansk.pl (files.cloudgdansk.pl)|153.19.238.147|:443... connected.
HTTP request sent, awaiting response... 200 OK
Length: 60 [text/plain]
Saving to: ‘/root/process_mining/announcements/data/04_05_2022/ann04.05.2022-16-00-01.json’

     0K                                                       100% 11.9M=0s

2022-05-04 16:00:01 (11.9 MB/s) - ‘/root/process_mining/announcements/data/04_05_2022/ann04.05.2022-16-00-01.json’ saved [60/60]

--2022-05-04 16:10:01--  https://files.cloudgdansk.pl/d/otwarte-dane/ztm/bsk.json
Resolving files.cloudgdansk.pl (files.cloudgdansk.pl)... 153.19.238.147
Connecting to files.cloudgdansk.pl (files.cloudgdansk.pl)|153.19.238.147|:443... connected.
HTTP request sent, awaiting response... 200 OK
Length: 60 [text/plain]
Saving to: ‘/root/process_mining/announcements/data/04_05_2022/ann04.05.2022-16-10-01.json’

     0K                                                       100% 12.5M=0s

2022-05-04 16:10:01 (12.5 MB/s) - ‘/root/process_mining/announcements/data/04_05_2022/ann04.05.2022-16-10-01.json’ saved [60/60]

--2022-05-04 16:20:00--  https://files.cloudgdansk.pl/d/otwarte-dane/ztm/bsk.json
Resolving files.cloudgdansk.pl (files.cloudgdansk.pl)... 153.19.238.147
Connecting to files.cloudgdansk.pl (files.cloudgdansk.pl)|153.19.238.147|:443... connected.
HTTP request sent, awaiting response... 200 OK
Length: 60 [text/plain]
Saving to: ‘/root/process_mining/announcements/data/04_05_2022/ann04.05.2022-16-20-00.json’

     0K                                                       100% 12.6M=0s

2022-05-04 16:20:00 (12.6 MB/s) - ‘/root/process_mining/announcements/data/04_05_2022/ann04.05.2022-16-20-00.json’ saved [60/60]

--2022-05-04 16:30:01--  https://files.cloudgdansk.pl/d/otwarte-dane/ztm/bsk.json
Resolving files.cloudgdansk.pl (files.cloudgdansk.pl)... 153.19.238.147
Connecting to files.cloudgdansk.pl (files.cloudgdansk.pl)|153.19.238.147|:443... connected.
HTTP request sent, awaiting response... 200 OK
Length: 60 [text/plain]
Saving to: ‘/root/process_mining/announcements/data/04_05_2022/ann04.05.2022-16-30-01.json’

     0K                                                       100% 12.3M=0s

2022-05-04 16:30:01 (12.3 MB/s) - ‘/root/process_mining/announcements/data/04_05_2022/ann04.05.2022-16-30-01.json’ saved [60/60]

--2022-05-04 16:40:01--  https://files.cloudgdansk.pl/d/otwarte-dane/ztm/bsk.json
Resolving files.cloudgdansk.pl (files.cloudgdansk.pl)... 153.19.238.147
Connecting to files.cloudgdansk.pl (files.cloudgdansk.pl)|153.19.238.147|:443... connected.
HTTP request sent, awaiting response... 200 OK
Length: 60 [text/plain]
Saving to: ‘/root/process_mining/announcements/data/04_05_2022/ann04.05.2022-16-40-01.json’

     0K                                                       100% 12.1M=0s

2022-05-04 16:40:02 (12.1 MB/s) - ‘/root/process_mining/announcements/data/04_05_2022/ann04.05.2022-16-40-01.json’ saved [60/60]

--2022-05-04 16:50:01--  https://files.cloudgdansk.pl/d/otwarte-dane/ztm/bsk.json
Resolving files.cloudgdansk.pl (files.cloudgdansk.pl)... 153.19.238.147
Connecting to files.cloudgdansk.pl (files.cloudgdansk.pl)|153.19.238.147|:443... connected.
HTTP request sent, awaiting response... 200 OK
Length: 60 [text/plain]
Saving to: ‘/root/process_mining/announcements/data/04_05_2022/ann04.05.2022-16-50-01.json’

     0K                                                       100% 9.10M=0s

2022-05-04 16:50:01 (9.10 MB/s) - ‘/root/process_mining/announcements/data/04_05_2022/ann04.05.2022-16-50-01.json’ saved [60/60]

--2022-05-04 17:00:01--  https://files.cloudgdansk.pl/d/otwarte-dane/ztm/bsk.json
Resolving files.cloudgdansk.pl (files.cloudgdansk.pl)... 153.19.238.147
Connecting to files.cloudgdansk.pl (files.cloudgdansk.pl)|153.19.238.147|:443... connected.
HTTP request sent, awaiting response... 200 OK
Length: 60 [text/plain]
Saving to: ‘/root/process_mining/announcements/data/04_05_2022/ann04.05.2022-17-00-01.json’

     0K                                                       100% 10.9M=0s

2022-05-04 17:00:02 (10.9 MB/s) - ‘/root/process_mining/announcements/data/04_05_2022/ann04.05.2022-17-00-01.json’ saved [60/60]

--2022-05-04 17:10:02--  https://files.cloudgdansk.pl/d/otwarte-dane/ztm/bsk.json
Resolving files.cloudgdansk.pl (files.cloudgdansk.pl)... 153.19.238.147
Connecting to files.cloudgdansk.pl (files.cloudgdansk.pl)|153.19.238.147|:443... connected.
HTTP request sent, awaiting response... 200 OK
Length: 60 [text/plain]
Saving to: ‘/root/process_mining/announcements/data/04_05_2022/ann04.05.2022-17-10-02.json’

     0K                                                       100% 3.08M=0s

2022-05-04 17:10:02 (3.08 MB/s) - ‘/root/process_mining/announcements/data/04_05_2022/ann04.05.2022-17-10-02.json’ saved [60/60]

--2022-05-04 17:20:01--  https://files.cloudgdansk.pl/d/otwarte-dane/ztm/bsk.json
Resolving files.cloudgdansk.pl (files.cloudgdansk.pl)... 153.19.238.147
Connecting to files.cloudgdansk.pl (files.cloudgdansk.pl)|153.19.238.147|:443... connected.
HTTP request sent, awaiting response... 200 OK
Length: 60 [text/plain]
Saving to: ‘/root/process_mining/announcements/data/04_05_2022/ann04.05.2022-17-20-01.json’

     0K                                                       100% 9.34M=0s

2022-05-04 17:20:01 (9.34 MB/s) - ‘/root/process_mining/announcements/data/04_05_2022/ann04.05.2022-17-20-01.json’ saved [60/60]

--2022-05-04 17:30:01--  https://files.cloudgdansk.pl/d/otwarte-dane/ztm/bsk.json
Resolving files.cloudgdansk.pl (files.cloudgdansk.pl)... 153.19.238.147
Connecting to files.cloudgdansk.pl (files.cloudgdansk.pl)|153.19.238.147|:443... connected.
HTTP request sent, awaiting response... 200 OK
Length: 60 [text/plain]
Saving to: ‘/root/process_mining/announcements/data/04_05_2022/ann04.05.2022-17-30-01.json’

     0K                                                       100% 12.1M=0s

2022-05-04 17:30:01 (12.1 MB/s) - ‘/root/process_mining/announcements/data/04_05_2022/ann04.05.2022-17-30-01.json’ saved [60/60]

--2022-05-04 17:40:01--  https://files.cloudgdansk.pl/d/otwarte-dane/ztm/bsk.json
Resolving files.cloudgdansk.pl (files.cloudgdansk.pl)... 153.19.238.147
Connecting to files.cloudgdansk.pl (files.cloudgdansk.pl)|153.19.238.147|:443... connected.
HTTP request sent, awaiting response... 200 OK
Length: 60 [text/plain]
Saving to: ‘/root/process_mining/announcements/data/04_05_2022/ann04.05.2022-17-40-01.json’

     0K                                                       100% 11.8M=0s

2022-05-04 17:40:02 (11.8 MB/s) - ‘/root/process_mining/announcements/data/04_05_2022/ann04.05.2022-17-40-01.json’ saved [60/60]

--2022-05-04 17:50:01--  https://files.cloudgdansk.pl/d/otwarte-dane/ztm/bsk.json
Resolving files.cloudgdansk.pl (files.cloudgdansk.pl)... 153.19.238.147
Connecting to files.cloudgdansk.pl (files.cloudgdansk.pl)|153.19.238.147|:443... connected.
HTTP request sent, awaiting response... 200 OK
Length: 60 [text/plain]
Saving to: ‘/root/process_mining/announcements/data/04_05_2022/ann04.05.2022-17-50-01.json’

     0K                                                       100% 11.6M=0s

2022-05-04 17:50:01 (11.6 MB/s) - ‘/root/process_mining/announcements/data/04_05_2022/ann04.05.2022-17-50-01.json’ saved [60/60]

--2022-05-04 18:00:01--  https://files.cloudgdansk.pl/d/otwarte-dane/ztm/bsk.json
Resolving files.cloudgdansk.pl (files.cloudgdansk.pl)... 153.19.238.147
Connecting to files.cloudgdansk.pl (files.cloudgdansk.pl)|153.19.238.147|:443... connected.
HTTP request sent, awaiting response... 200 OK
Length: 60 [text/plain]
Saving to: ‘/root/process_mining/announcements/data/04_05_2022/ann04.05.2022-18-00-01.json’

     0K                                                       100% 12.2M=0s

2022-05-04 18:00:02 (12.2 MB/s) - ‘/root/process_mining/announcements/data/04_05_2022/ann04.05.2022-18-00-01.json’ saved [60/60]

--2022-05-04 18:10:01--  https://files.cloudgdansk.pl/d/otwarte-dane/ztm/bsk.json
Resolving files.cloudgdansk.pl (files.cloudgdansk.pl)... 153.19.238.147
Connecting to files.cloudgdansk.pl (files.cloudgdansk.pl)|153.19.238.147|:443... connected.
HTTP request sent, awaiting response... 200 OK
Length: 60 [text/plain]
Saving to: ‘/root/process_mining/announcements/data/04_05_2022/ann04.05.2022-18-10-01.json’

     0K                                                       100% 11.2M=0s

2022-05-04 18:10:02 (11.2 MB/s) - ‘/root/process_mining/announcements/data/04_05_2022/ann04.05.2022-18-10-01.json’ saved [60/60]

--2022-05-04 18:20:01--  https://files.cloudgdansk.pl/d/otwarte-dane/ztm/bsk.json
Resolving files.cloudgdansk.pl (files.cloudgdansk.pl)... 153.19.238.147
Connecting to files.cloudgdansk.pl (files.cloudgdansk.pl)|153.19.238.147|:443... connected.
HTTP request sent, awaiting response... 200 OK
Length: 60 [text/plain]
Saving to: ‘/root/process_mining/announcements/data/04_05_2022/ann04.05.2022-18-20-01.json’

     0K                                                       100% 10.9M=0s

2022-05-04 18:20:02 (10.9 MB/s) - ‘/root/process_mining/announcements/data/04_05_2022/ann04.05.2022-18-20-01.json’ saved [60/60]

--2022-05-04 18:30:01--  https://files.cloudgdansk.pl/d/otwarte-dane/ztm/bsk.json
Resolving files.cloudgdansk.pl (files.cloudgdansk.pl)... 153.19.238.147
Connecting to files.cloudgdansk.pl (files.cloudgdansk.pl)|153.19.238.147|:443... connected.
HTTP request sent, awaiting response... 200 OK
Length: 60 [text/plain]
Saving to: ‘/root/process_mining/announcements/data/04_05_2022/ann04.05.2022-18-30-01.json’

     0K                                                       100% 12.3M=0s

2022-05-04 18:30:02 (12.3 MB/s) - ‘/root/process_mining/announcements/data/04_05_2022/ann04.05.2022-18-30-01.json’ saved [60/60]

--2022-05-04 18:40:01--  https://files.cloudgdansk.pl/d/otwarte-dane/ztm/bsk.json
Resolving files.cloudgdansk.pl (files.cloudgdansk.pl)... 153.19.238.147
Connecting to files.cloudgdansk.pl (files.cloudgdansk.pl)|153.19.238.147|:443... connected.
HTTP request sent, awaiting response... 200 OK
Length: 60 [text/plain]
Saving to: ‘/root/process_mining/announcements/data/04_05_2022/ann04.05.2022-18-40-01.json’

     0K                                                       100% 11.2M=0s

2022-05-04 18:40:01 (11.2 MB/s) - ‘/root/process_mining/announcements/data/04_05_2022/ann04.05.2022-18-40-01.json’ saved [60/60]

--2022-05-04 18:50:01--  https://files.cloudgdansk.pl/d/otwarte-dane/ztm/bsk.json
Resolving files.cloudgdansk.pl (files.cloudgdansk.pl)... 153.19.238.147
Connecting to files.cloudgdansk.pl (files.cloudgdansk.pl)|153.19.238.147|:443... connected.
HTTP request sent, awaiting response... 200 OK
Length: 60 [text/plain]
Saving to: ‘/root/process_mining/announcements/data/04_05_2022/ann04.05.2022-18-50-01.json’

     0K                                                       100% 12.0M=0s

2022-05-04 18:50:02 (12.0 MB/s) - ‘/root/process_mining/announcements/data/04_05_2022/ann04.05.2022-18-50-01.json’ saved [60/60]

--2022-05-04 19:00:01--  https://files.cloudgdansk.pl/d/otwarte-dane/ztm/bsk.json
Resolving files.cloudgdansk.pl (files.cloudgdansk.pl)... 153.19.238.147
Connecting to files.cloudgdansk.pl (files.cloudgdansk.pl)|153.19.238.147|:443... connected.
HTTP request sent, awaiting response... 200 OK
Length: 60 [text/plain]
Saving to: ‘/root/process_mining/announcements/data/04_05_2022/ann04.05.2022-19-00-01.json’

     0K                                                       100% 11.7M=0s

2022-05-04 19:00:01 (11.7 MB/s) - ‘/root/process_mining/announcements/data/04_05_2022/ann04.05.2022-19-00-01.json’ saved [60/60]

--2022-05-04 19:10:01--  https://files.cloudgdansk.pl/d/otwarte-dane/ztm/bsk.json
Resolving files.cloudgdansk.pl (files.cloudgdansk.pl)... 153.19.238.147
Connecting to files.cloudgdansk.pl (files.cloudgdansk.pl)|153.19.238.147|:443... connected.
HTTP request sent, awaiting response... 200 OK
Length: 60 [text/plain]
Saving to: ‘/root/process_mining/announcements/data/04_05_2022/ann04.05.2022-19-10-01.json’

     0K                                                       100% 10.5M=0s

2022-05-04 19:10:02 (10.5 MB/s) - ‘/root/process_mining/announcements/data/04_05_2022/ann04.05.2022-19-10-01.json’ saved [60/60]

--2022-05-04 19:20:01--  https://files.cloudgdansk.pl/d/otwarte-dane/ztm/bsk.json
Resolving files.cloudgdansk.pl (files.cloudgdansk.pl)... 153.19.238.147
Connecting to files.cloudgdansk.pl (files.cloudgdansk.pl)|153.19.238.147|:443... connected.
HTTP request sent, awaiting response... 200 OK
Length: 60 [text/plain]
Saving to: ‘/root/process_mining/announcements/data/04_05_2022/ann04.05.2022-19-20-01.json’

     0K                                                       100% 11.8M=0s

2022-05-04 19:20:01 (11.8 MB/s) - ‘/root/process_mining/announcements/data/04_05_2022/ann04.05.2022-19-20-01.json’ saved [60/60]

--2022-05-04 19:30:01--  https://files.cloudgdansk.pl/d/otwarte-dane/ztm/bsk.json
Resolving files.cloudgdansk.pl (files.cloudgdansk.pl)... 153.19.238.147
Connecting to files.cloudgdansk.pl (files.cloudgdansk.pl)|153.19.238.147|:443... connected.
HTTP request sent, awaiting response... 200 OK
Length: 60 [text/plain]
Saving to: ‘/root/process_mining/announcements/data/04_05_2022/ann04.05.2022-19-30-01.json’

     0K                                                       100% 11.4M=0s

2022-05-04 19:30:01 (11.4 MB/s) - ‘/root/process_mining/announcements/data/04_05_2022/ann04.05.2022-19-30-01.json’ saved [60/60]

--2022-05-04 19:40:01--  https://files.cloudgdansk.pl/d/otwarte-dane/ztm/bsk.json
Resolving files.cloudgdansk.pl (files.cloudgdansk.pl)... 153.19.238.147
Connecting to files.cloudgdansk.pl (files.cloudgdansk.pl)|153.19.238.147|:443... connected.
HTTP request sent, awaiting response... 200 OK
Length: 60 [text/plain]
Saving to: ‘/root/process_mining/announcements/data/04_05_2022/ann04.05.2022-19-40-01.json’

     0K                                                       100% 12.9M=0s

2022-05-04 19:40:02 (12.9 MB/s) - ‘/root/process_mining/announcements/data/04_05_2022/ann04.05.2022-19-40-01.json’ saved [60/60]

--2022-05-04 19:50:01--  https://files.cloudgdansk.pl/d/otwarte-dane/ztm/bsk.json
Resolving files.cloudgdansk.pl (files.cloudgdansk.pl)... 153.19.238.147
Connecting to files.cloudgdansk.pl (files.cloudgdansk.pl)|153.19.238.147|:443... connected.
HTTP request sent, awaiting response... 200 OK
Length: 60 [text/plain]
Saving to: ‘/root/process_mining/announcements/data/04_05_2022/ann04.05.2022-19-50-01.json’

     0K                                                       100% 10.7M=0s

2022-05-04 19:50:02 (10.7 MB/s) - ‘/root/process_mining/announcements/data/04_05_2022/ann04.05.2022-19-50-01.json’ saved [60/60]

--2022-05-04 20:00:01--  https://files.cloudgdansk.pl/d/otwarte-dane/ztm/bsk.json
Resolving files.cloudgdansk.pl (files.cloudgdansk.pl)... 153.19.238.147
Connecting to files.cloudgdansk.pl (files.cloudgdansk.pl)|153.19.238.147|:443... connected.
HTTP request sent, awaiting response... 200 OK
Length: 60 [text/plain]
Saving to: ‘/root/process_mining/announcements/data/04_05_2022/ann04.05.2022-20-00-01.json’

     0K                                                       100% 12.6M=0s

2022-05-04 20:00:02 (12.6 MB/s) - ‘/root/process_mining/announcements/data/04_05_2022/ann04.05.2022-20-00-01.json’ saved [60/60]

--2022-05-04 20:10:01--  https://files.cloudgdansk.pl/d/otwarte-dane/ztm/bsk.json
Resolving files.cloudgdansk.pl (files.cloudgdansk.pl)... 153.19.238.147
Connecting to files.cloudgdansk.pl (files.cloudgdansk.pl)|153.19.238.147|:443... connected.
HTTP request sent, awaiting response... 200 OK
Length: 60 [text/plain]
Saving to: ‘/root/process_mining/announcements/data/04_05_2022/ann04.05.2022-20-10-01.json’

     0K                                                       100% 11.8M=0s

2022-05-04 20:10:01 (11.8 MB/s) - ‘/root/process_mining/announcements/data/04_05_2022/ann04.05.2022-20-10-01.json’ saved [60/60]

--2022-05-04 20:20:01--  https://files.cloudgdansk.pl/d/otwarte-dane/ztm/bsk.json
Resolving files.cloudgdansk.pl (files.cloudgdansk.pl)... 153.19.238.147
Connecting to files.cloudgdansk.pl (files.cloudgdansk.pl)|153.19.238.147|:443... connected.
HTTP request sent, awaiting response... 200 OK
Length: 60 [text/plain]
Saving to: ‘/root/process_mining/announcements/data/04_05_2022/ann04.05.2022-20-20-01.json’

     0K                                                       100% 10.5M=0s

2022-05-04 20:20:02 (10.5 MB/s) - ‘/root/process_mining/announcements/data/04_05_2022/ann04.05.2022-20-20-01.json’ saved [60/60]

--2022-05-04 20:30:01--  https://files.cloudgdansk.pl/d/otwarte-dane/ztm/bsk.json
Resolving files.cloudgdansk.pl (files.cloudgdansk.pl)... 153.19.238.147
Connecting to files.cloudgdansk.pl (files.cloudgdansk.pl)|153.19.238.147|:443... connected.
HTTP request sent, awaiting response... 200 OK
Length: 60 [text/plain]
Saving to: ‘/root/process_mining/announcements/data/04_05_2022/ann04.05.2022-20-30-01.json’

     0K                                                       100% 12.7M=0s

2022-05-04 20:30:02 (12.7 MB/s) - ‘/root/process_mining/announcements/data/04_05_2022/ann04.05.2022-20-30-01.json’ saved [60/60]

--2022-05-04 20:40:01--  https://files.cloudgdansk.pl/d/otwarte-dane/ztm/bsk.json
Resolving files.cloudgdansk.pl (files.cloudgdansk.pl)... 153.19.238.147
Connecting to files.cloudgdansk.pl (files.cloudgdansk.pl)|153.19.238.147|:443... connected.
HTTP request sent, awaiting response... 200 OK
Length: 60 [text/plain]
Saving to: ‘/root/process_mining/announcements/data/04_05_2022/ann04.05.2022-20-40-01.json’

     0K                                                       100% 12.1M=0s

2022-05-04 20:40:02 (12.1 MB/s) - ‘/root/process_mining/announcements/data/04_05_2022/ann04.05.2022-20-40-01.json’ saved [60/60]

--2022-05-04 20:50:01--  https://files.cloudgdansk.pl/d/otwarte-dane/ztm/bsk.json
Resolving files.cloudgdansk.pl (files.cloudgdansk.pl)... 153.19.238.147
Connecting to files.cloudgdansk.pl (files.cloudgdansk.pl)|153.19.238.147|:443... connected.
HTTP request sent, awaiting response... 200 OK
Length: 60 [text/plain]
Saving to: ‘/root/process_mining/announcements/data/04_05_2022/ann04.05.2022-20-50-01.json’

     0K                                                       100% 12.0M=0s

2022-05-04 20:50:02 (12.0 MB/s) - ‘/root/process_mining/announcements/data/04_05_2022/ann04.05.2022-20-50-01.json’ saved [60/60]

--2022-05-04 21:00:01--  https://files.cloudgdansk.pl/d/otwarte-dane/ztm/bsk.json
Resolving files.cloudgdansk.pl (files.cloudgdansk.pl)... 153.19.238.147
Connecting to files.cloudgdansk.pl (files.cloudgdansk.pl)|153.19.238.147|:443... connected.
HTTP request sent, awaiting response... 200 OK
Length: 60 [text/plain]
Saving to: ‘/root/process_mining/announcements/data/04_05_2022/ann04.05.2022-21-00-01.json’

     0K                                                       100% 11.7M=0s

2022-05-04 21:00:01 (11.7 MB/s) - ‘/root/process_mining/announcements/data/04_05_2022/ann04.05.2022-21-00-01.json’ saved [60/60]

--2022-05-04 21:10:01--  https://files.cloudgdansk.pl/d/otwarte-dane/ztm/bsk.json
Resolving files.cloudgdansk.pl (files.cloudgdansk.pl)... 153.19.238.147
Connecting to files.cloudgdansk.pl (files.cloudgdansk.pl)|153.19.238.147|:443... connected.
HTTP request sent, awaiting response... 200 OK
Length: 60 [text/plain]
Saving to: ‘/root/process_mining/announcements/data/04_05_2022/ann04.05.2022-21-10-01.json’

     0K                                                       100% 12.0M=0s

2022-05-04 21:10:01 (12.0 MB/s) - ‘/root/process_mining/announcements/data/04_05_2022/ann04.05.2022-21-10-01.json’ saved [60/60]

--2022-05-04 21:20:01--  https://files.cloudgdansk.pl/d/otwarte-dane/ztm/bsk.json
Resolving files.cloudgdansk.pl (files.cloudgdansk.pl)... 153.19.238.147
Connecting to files.cloudgdansk.pl (files.cloudgdansk.pl)|153.19.238.147|:443... connected.
HTTP request sent, awaiting response... 200 OK
Length: 60 [text/plain]
Saving to: ‘/root/process_mining/announcements/data/04_05_2022/ann04.05.2022-21-20-01.json’

     0K                                                       100% 11.7M=0s

2022-05-04 21:20:01 (11.7 MB/s) - ‘/root/process_mining/announcements/data/04_05_2022/ann04.05.2022-21-20-01.json’ saved [60/60]

--2022-05-04 21:30:01--  https://files.cloudgdansk.pl/d/otwarte-dane/ztm/bsk.json
Resolving files.cloudgdansk.pl (files.cloudgdansk.pl)... 153.19.238.147
Connecting to files.cloudgdansk.pl (files.cloudgdansk.pl)|153.19.238.147|:443... connected.
HTTP request sent, awaiting response... 200 OK
Length: 60 [text/plain]
Saving to: ‘/root/process_mining/announcements/data/04_05_2022/ann04.05.2022-21-30-01.json’

     0K                                                       100% 11.1M=0s

2022-05-04 21:30:01 (11.1 MB/s) - ‘/root/process_mining/announcements/data/04_05_2022/ann04.05.2022-21-30-01.json’ saved [60/60]

--2022-05-04 21:40:01--  https://files.cloudgdansk.pl/d/otwarte-dane/ztm/bsk.json
Resolving files.cloudgdansk.pl (files.cloudgdansk.pl)... 153.19.238.147
Connecting to files.cloudgdansk.pl (files.cloudgdansk.pl)|153.19.238.147|:443... connected.
HTTP request sent, awaiting response... 200 OK
Length: 60 [text/plain]
Saving to: ‘/root/process_mining/announcements/data/04_05_2022/ann04.05.2022-21-40-01.json’

     0K                                                       100% 12.2M=0s

2022-05-04 21:40:01 (12.2 MB/s) - ‘/root/process_mining/announcements/data/04_05_2022/ann04.05.2022-21-40-01.json’ saved [60/60]

--2022-05-04 21:50:02--  https://files.cloudgdansk.pl/d/otwarte-dane/ztm/bsk.json
Resolving files.cloudgdansk.pl (files.cloudgdansk.pl)... 153.19.238.147
Connecting to files.cloudgdansk.pl (files.cloudgdansk.pl)|153.19.238.147|:443... connected.
HTTP request sent, awaiting response... 200 OK
Length: 60 [text/plain]
Saving to: ‘/root/process_mining/announcements/data/04_05_2022/ann04.05.2022-21-50-02.json’

     0K                                                       100% 11.8M=0s

2022-05-04 21:50:02 (11.8 MB/s) - ‘/root/process_mining/announcements/data/04_05_2022/ann04.05.2022-21-50-02.json’ saved [60/60]

--2022-05-04 22:00:01--  https://files.cloudgdansk.pl/d/otwarte-dane/ztm/bsk.json
Resolving files.cloudgdansk.pl (files.cloudgdansk.pl)... 153.19.238.147
Connecting to files.cloudgdansk.pl (files.cloudgdansk.pl)|153.19.238.147|:443... connected.
HTTP request sent, awaiting response... 200 OK
Length: 60 [text/plain]
Saving to: ‘/root/process_mining/announcements/data/04_05_2022/ann04.05.2022-22-00-01.json’

     0K                                                       100% 12.6M=0s

2022-05-04 22:00:01 (12.6 MB/s) - ‘/root/process_mining/announcements/data/04_05_2022/ann04.05.2022-22-00-01.json’ saved [60/60]

--2022-05-04 22:10:01--  https://files.cloudgdansk.pl/d/otwarte-dane/ztm/bsk.json
Resolving files.cloudgdansk.pl (files.cloudgdansk.pl)... 153.19.238.147
Connecting to files.cloudgdansk.pl (files.cloudgdansk.pl)|153.19.238.147|:443... connected.
HTTP request sent, awaiting response... 200 OK
Length: 60 [text/plain]
Saving to: ‘/root/process_mining/announcements/data/04_05_2022/ann04.05.2022-22-10-01.json’

     0K                                                       100% 12.4M=0s

2022-05-04 22:10:02 (12.4 MB/s) - ‘/root/process_mining/announcements/data/04_05_2022/ann04.05.2022-22-10-01.json’ saved [60/60]

--2022-05-04 22:20:01--  https://files.cloudgdansk.pl/d/otwarte-dane/ztm/bsk.json
Resolving files.cloudgdansk.pl (files.cloudgdansk.pl)... 153.19.238.147
Connecting to files.cloudgdansk.pl (files.cloudgdansk.pl)|153.19.238.147|:443... connected.
HTTP request sent, awaiting response... 200 OK
Length: 60 [text/plain]
Saving to: ‘/root/process_mining/announcements/data/04_05_2022/ann04.05.2022-22-20-01.json’

     0K                                                       100% 12.4M=0s

2022-05-04 22:20:01 (12.4 MB/s) - ‘/root/process_mining/announcements/data/04_05_2022/ann04.05.2022-22-20-01.json’ saved [60/60]

--2022-05-04 22:30:01--  https://files.cloudgdansk.pl/d/otwarte-dane/ztm/bsk.json
Resolving files.cloudgdansk.pl (files.cloudgdansk.pl)... 153.19.238.147
Connecting to files.cloudgdansk.pl (files.cloudgdansk.pl)|153.19.238.147|:443... connected.
HTTP request sent, awaiting response... 200 OK
Length: 60 [text/plain]
Saving to: ‘/root/process_mining/announcements/data/04_05_2022/ann04.05.2022-22-30-01.json’

     0K                                                       100% 11.7M=0s

2022-05-04 22:30:02 (11.7 MB/s) - ‘/root/process_mining/announcements/data/04_05_2022/ann04.05.2022-22-30-01.json’ saved [60/60]

--2022-05-04 22:40:01--  https://files.cloudgdansk.pl/d/otwarte-dane/ztm/bsk.json
Resolving files.cloudgdansk.pl (files.cloudgdansk.pl)... 153.19.238.147
Connecting to files.cloudgdansk.pl (files.cloudgdansk.pl)|153.19.238.147|:443... connected.
HTTP request sent, awaiting response... 200 OK
Length: 60 [text/plain]
Saving to: ‘/root/process_mining/announcements/data/04_05_2022/ann04.05.2022-22-40-01.json’

     0K                                                       100% 12.3M=0s

2022-05-04 22:40:02 (12.3 MB/s) - ‘/root/process_mining/announcements/data/04_05_2022/ann04.05.2022-22-40-01.json’ saved [60/60]

--2022-05-04 22:50:01--  https://files.cloudgdansk.pl/d/otwarte-dane/ztm/bsk.json
Resolving files.cloudgdansk.pl (files.cloudgdansk.pl)... 153.19.238.147
Connecting to files.cloudgdansk.pl (files.cloudgdansk.pl)|153.19.238.147|:443... connected.
HTTP request sent, awaiting response... 200 OK
Length: 60 [text/plain]
Saving to: ‘/root/process_mining/announcements/data/04_05_2022/ann04.05.2022-22-50-01.json’

     0K                                                       100% 11.7M=0s

2022-05-04 22:50:02 (11.7 MB/s) - ‘/root/process_mining/announcements/data/04_05_2022/ann04.05.2022-22-50-01.json’ saved [60/60]

--2022-05-04 23:00:01--  https://files.cloudgdansk.pl/d/otwarte-dane/ztm/bsk.json
Resolving files.cloudgdansk.pl (files.cloudgdansk.pl)... 153.19.238.147
Connecting to files.cloudgdansk.pl (files.cloudgdansk.pl)|153.19.238.147|:443... connected.
HTTP request sent, awaiting response... 200 OK
Length: 60 [text/plain]
Saving to: ‘/root/process_mining/announcements/data/04_05_2022/ann04.05.2022-23-00-01.json’

     0K                                                       100% 11.9M=0s

2022-05-04 23:00:02 (11.9 MB/s) - ‘/root/process_mining/announcements/data/04_05_2022/ann04.05.2022-23-00-01.json’ saved [60/60]

--2022-05-04 23:10:02--  https://files.cloudgdansk.pl/d/otwarte-dane/ztm/bsk.json
Resolving files.cloudgdansk.pl (files.cloudgdansk.pl)... 153.19.238.147
Connecting to files.cloudgdansk.pl (files.cloudgdansk.pl)|153.19.238.147|:443... connected.
HTTP request sent, awaiting response... 200 OK
Length: 60 [text/plain]
Saving to: ‘/root/process_mining/announcements/data/04_05_2022/ann04.05.2022-23-10-02.json’

     0K                                                       100% 12.2M=0s

2022-05-04 23:10:02 (12.2 MB/s) - ‘/root/process_mining/announcements/data/04_05_2022/ann04.05.2022-23-10-02.json’ saved [60/60]

--2022-05-04 23:20:01--  https://files.cloudgdansk.pl/d/otwarte-dane/ztm/bsk.json
Resolving files.cloudgdansk.pl (files.cloudgdansk.pl)... 153.19.238.147
Connecting to files.cloudgdansk.pl (files.cloudgdansk.pl)|153.19.238.147|:443... connected.
HTTP request sent, awaiting response... 200 OK
Length: 60 [text/plain]
Saving to: ‘/root/process_mining/announcements/data/04_05_2022/ann04.05.2022-23-20-01.json’

     0K                                                       100% 12.0M=0s

2022-05-04 23:20:02 (12.0 MB/s) - ‘/root/process_mining/announcements/data/04_05_2022/ann04.05.2022-23-20-01.json’ saved [60/60]

--2022-05-04 23:30:01--  https://files.cloudgdansk.pl/d/otwarte-dane/ztm/bsk.json
Resolving files.cloudgdansk.pl (files.cloudgdansk.pl)... 153.19.238.147
Connecting to files.cloudgdansk.pl (files.cloudgdansk.pl)|153.19.238.147|:443... connected.
HTTP request sent, awaiting response... 200 OK
Length: 60 [text/plain]
Saving to: ‘/root/process_mining/announcements/data/04_05_2022/ann04.05.2022-23-30-01.json’

     0K                                                       100% 12.7M=0s

2022-05-04 23:30:01 (12.7 MB/s) - ‘/root/process_mining/announcements/data/04_05_2022/ann04.05.2022-23-30-01.json’ saved [60/60]

--2022-05-04 23:40:01--  https://files.cloudgdansk.pl/d/otwarte-dane/ztm/bsk.json
Resolving files.cloudgdansk.pl (files.cloudgdansk.pl)... 153.19.238.147
Connecting to files.cloudgdansk.pl (files.cloudgdansk.pl)|153.19.238.147|:443... connected.
HTTP request sent, awaiting response... 200 OK
Length: 60 [text/plain]
Saving to: ‘/root/process_mining/announcements/data/04_05_2022/ann04.05.2022-23-40-01.json’

     0K                                                       100% 11.9M=0s

2022-05-04 23:40:01 (11.9 MB/s) - ‘/root/process_mining/announcements/data/04_05_2022/ann04.05.2022-23-40-01.json’ saved [60/60]

--2022-05-04 23:50:01--  https://files.cloudgdansk.pl/d/otwarte-dane/ztm/bsk.json
Resolving files.cloudgdansk.pl (files.cloudgdansk.pl)... 153.19.238.147
Connecting to files.cloudgdansk.pl (files.cloudgdansk.pl)|153.19.238.147|:443... connected.
HTTP request sent, awaiting response... 200 OK
Length: 60 [text/plain]
Saving to: ‘/root/process_mining/announcements/data/04_05_2022/ann04.05.2022-23-50-01.json’

     0K                                                       100% 12.4M=0s

2022-05-04 23:50:02 (12.4 MB/s) - ‘/root/process_mining/announcements/data/04_05_2022/ann04.05.2022-23-50-01.json’ saved [60/60]

