--2022-05-05 02:55:01--  https://ckan.multimediagdansk.pl/dataset/c24aa637-3619-4dc2-a171-a23eec8f2172/resource/3115d29d-b763-4af5-93f6-763b835967d6/download/stopsintrip.json
Resolving ckan.multimediagdansk.pl (ckan.multimediagdansk.pl)... 91.244.248.30
Connecting to ckan.multimediagdansk.pl (ckan.multimediagdansk.pl)|91.244.248.30|:443... connected.
HTTP request sent, awaiting response... 200 OK
Length: 32297571 (31M) [application/json]
Saving to: ‘/root/process_mining/trips_tracing/stopsintrip.json’

     0K .......... .......... .......... .......... ..........  0%  875K 36s
    50K .......... .......... .......... .......... ..........  0% 1.73M 27s
   100K .......... .......... .......... .......... ..........  0% 57.9M 18s
   150K .......... .......... .......... .......... ..........  0%  102M 14s
   200K .......... .......... .......... .......... ..........  0% 1.75M 14s
   250K .......... .......... .......... .......... ..........  0% 78.0M 12s
   300K .......... .......... .......... .......... ..........  1% 87.9M 10s
   350K .......... .......... .......... .......... ..........  1%  129M 9s
   400K .......... .......... .......... .......... ..........  1% 1.84M 10s
   450K .......... .......... .......... .......... ..........  1% 77.1M 9s
   500K .......... .......... .......... .......... ..........  1% 80.0M 8s
   550K .......... .......... .......... .......... ..........  1% 83.2M 7s
   600K .......... .......... .......... .......... ..........  2% 58.2M 7s
   650K .......... .......... .......... .......... ..........  2% 82.6M 6s
   700K .......... .......... .......... .......... ..........  2% 98.1M 6s
   750K .......... .......... .......... .......... ..........  2%  163M 6s
   800K .......... .......... .......... .......... ..........  2%  164M 5s
   850K .......... .......... .......... .......... ..........  2% 2.01M 6s
   900K .......... .......... .......... .......... ..........  3% 91.8M 6s
   950K .......... .......... .......... .......... ..........  3% 72.4M 5s
  1000K .......... .......... .......... .......... ..........  3% 63.0M 5s
  1050K .......... .......... .......... .......... ..........  3% 72.7M 5s
  1100K .......... .......... .......... .......... ..........  3% 67.8M 5s
  1150K .......... .......... .......... .......... ..........  3% 69.3M 4s
  1200K .......... .......... .......... .......... ..........  3% 65.9M 4s
  1250K .......... .......... .......... .......... ..........  4% 87.9M 4s
  1300K .......... .......... .......... .......... ..........  4% 95.1M 4s
  1350K .......... .......... .......... .......... ..........  4% 79.7M 4s
  1400K .......... .......... .......... .......... ..........  4% 92.6M 4s
  1450K .......... .......... .......... .......... ..........  4% 76.3M 4s
  1500K .......... .......... .......... .......... ..........  4%  147M 3s
  1550K .......... .......... .......... .......... ..........  5%  148M 3s
  1600K .......... .......... .......... .......... ..........  5%  141M 3s
  1650K .......... .......... .......... .......... ..........  5%  151M 3s
  1700K .......... .......... .......... .......... ..........  5%  133M 3s
  1750K .......... .......... .......... .......... ..........  5% 2.53M 3s
  1800K .......... .......... .......... .......... ..........  5% 86.2M 3s
  1850K .......... .......... .......... .......... ..........  6% 75.0M 3s
  1900K .......... .......... .......... .......... ..........  6% 87.9M 3s
  1950K .......... .......... .......... .......... ..........  6% 70.0M 3s
  2000K .......... .......... .......... .......... ..........  6% 73.9M 3s
  2050K .......... .......... .......... .......... ..........  6%  104M 3s
  2100K .......... .......... .......... .......... ..........  6% 97.3M 3s
  2150K .......... .......... .......... .......... ..........  6%  138M 3s
  2200K .......... .......... .......... .......... ..........  7% 78.1M 3s
  2250K .......... .......... .......... .......... ..........  7% 77.8M 3s
  2300K .......... .......... .......... .......... ..........  7% 86.5M 3s
  2350K .......... .......... .......... .......... ..........  7% 78.7M 3s
  2400K .......... .......... .......... .......... ..........  7% 90.0M 2s
  2450K .......... .......... .......... .......... ..........  7% 78.9M 2s
  2500K .......... .......... .......... .......... ..........  8% 84.6M 2s
  2550K .......... .......... .......... .......... ..........  8% 85.7M 2s
  2600K .......... .......... .......... .......... ..........  8% 76.5M 2s
  2650K .......... .......... .......... .......... ..........  8% 90.8M 2s
  2700K .......... .......... .......... .......... ..........  8% 78.2M 2s
  2750K .......... .......... .......... .......... ..........  8% 89.7M 2s
  2800K .......... .......... .......... .......... ..........  9% 86.0M 2s
  2850K .......... .......... .......... .......... ..........  9% 76.5M 2s
  2900K .......... .......... .......... .......... ..........  9%  110M 2s
  2950K .......... .......... .......... .......... ..........  9%  111M 2s
  3000K .......... .......... .......... .......... ..........  9%  118M 2s
  3050K .......... .......... .......... .......... ..........  9%  130M 2s
  3100K .......... .......... .......... .......... ..........  9%  123M 2s
  3150K .......... .......... .......... .......... .......... 10%  136M 2s
  3200K .......... .......... .......... .......... .......... 10%  112M 2s
  3250K .......... .......... .......... .......... .......... 10%  141M 2s
  3300K .......... .......... .......... .......... .......... 10%  124M 2s
  3350K .......... .......... .......... .......... .......... 10% 48.7M 2s
  3400K .......... .......... .......... .......... .......... 10% 33.9M 2s
  3450K .......... .......... .......... .......... .......... 11% 19.0M 2s
  3500K .......... .......... .......... .......... .......... 11% 6.69M 2s
  3550K .......... .......... .......... .......... .......... 11%  103M 2s
  3600K .......... .......... .......... .......... .......... 11% 75.3M 2s
  3650K .......... .......... .......... .......... .......... 11% 85.3M 2s
  3700K .......... .......... .......... .......... .......... 11% 82.0M 2s
  3750K .......... .......... .......... .......... .......... 12% 99.2M 2s
  3800K .......... .......... .......... .......... .......... 12%  125M 2s
  3850K .......... .......... .......... .......... .......... 12%  116M 2s
  3900K .......... .......... .......... .......... .......... 12% 39.5M 2s
  3950K .......... .......... .......... .......... .......... 12% 27.5M 2s
  4000K .......... .......... .......... .......... .......... 12% 32.2M 2s
  4050K .......... .......... .......... .......... .......... 12% 30.4M 2s
  4100K .......... .......... .......... .......... .......... 13% 26.1M 2s
  4150K .......... .......... .......... .......... .......... 13% 31.9M 2s
  4200K .......... .......... .......... .......... .......... 13% 30.0M 2s
  4250K .......... .......... .......... .......... .......... 13% 32.7M 2s
  4300K .......... .......... .......... .......... .......... 13% 31.5M 2s
  4350K .......... .......... .......... .......... .......... 13% 26.3M 2s
  4400K .......... .......... .......... .......... .......... 14% 40.3M 2s
  4450K .......... .......... .......... .......... .......... 14% 28.5M 2s
  4500K .......... .......... .......... .......... .......... 14% 37.6M 1s
  4550K .......... .......... .......... .......... .......... 14% 37.7M 1s
  4600K .......... .......... .......... .......... .......... 14% 31.7M 1s
  4650K .......... .......... .......... .......... .......... 14% 37.5M 1s
  4700K .......... .......... .......... .......... .......... 15% 26.1M 1s
  4750K .......... .......... .......... .......... .......... 15% 30.1M 1s
  4800K .......... .......... .......... .......... .......... 15% 27.1M 1s
  4850K .......... .......... .......... .......... .......... 15% 33.9M 1s
  4900K .......... .......... .......... .......... .......... 15% 33.4M 1s
  4950K .......... .......... .......... .......... .......... 15% 27.3M 1s
  5000K .......... .......... .......... .......... .......... 16% 33.0M 1s
  5050K .......... .......... .......... .......... .......... 16% 32.6M 1s
  5100K .......... .......... .......... .......... .......... 16% 27.8M 1s
  5150K .......... .......... .......... .......... .......... 16% 32.8M 1s
  5200K .......... .......... .......... .......... .......... 16% 27.8M 1s
  5250K .......... .......... .......... .......... .......... 16% 30.7M 1s
  5300K .......... .......... .......... .......... .......... 16% 34.8M 1s
  5350K .......... .......... .......... .......... .......... 17% 23.1M 1s
  5400K .......... .......... .......... .......... .......... 17% 41.3M 1s
  5450K .......... .......... .......... .......... .......... 17% 28.3M 1s
  5500K .......... .......... .......... .......... .......... 17% 27.4M 1s
  5550K .......... .......... .......... .......... .......... 17% 23.9M 1s
  5600K .......... .......... .......... .......... .......... 17% 30.7M 1s
  5650K .......... .......... .......... .......... .......... 18% 31.9M 1s
  5700K .......... .......... .......... .......... .......... 18% 26.7M 1s
  5750K .......... .......... .......... .......... .......... 18% 40.1M 1s
  5800K .......... .......... .......... .......... .......... 18% 33.0M 1s
  5850K .......... .......... .......... .......... .......... 18% 28.2M 1s
  5900K .......... .......... .......... .......... .......... 18% 32.1M 1s
  5950K .......... .......... .......... .......... .......... 19% 28.8M 1s
  6000K .......... .......... .......... .......... .......... 19% 32.6M 1s
  6050K .......... .......... .......... .......... .......... 19% 31.4M 1s
  6100K .......... .......... .......... .......... .......... 19% 28.1M 1s
  6150K .......... .......... .......... .......... .......... 19% 32.5M 1s
  6200K .......... .......... .......... .......... .......... 19% 27.4M 1s
  6250K .......... .......... .......... .......... .......... 19% 32.3M 1s
  6300K .......... .......... .......... .......... .......... 20% 31.9M 1s
  6350K .......... .......... .......... .......... .......... 20% 28.7M 1s
  6400K .......... .......... .......... .......... .......... 20% 33.2M 1s
  6450K .......... .......... .......... .......... .......... 20% 28.6M 1s
  6500K .......... .......... .......... .......... .......... 20% 29.2M 1s
  6550K .......... .......... .......... .......... .......... 20% 35.4M 1s
  6600K .......... .......... .......... .......... .......... 21% 28.7M 1s
  6650K .......... .......... .......... .......... .......... 21% 32.7M 1s
  6700K .......... .......... .......... .......... .......... 21% 27.6M 1s
  6750K .......... .......... .......... .......... .......... 21% 33.1M 1s
  6800K .......... .......... .......... .......... .......... 21% 32.8M 1s
  6850K .......... .......... .......... .......... .......... 21% 28.3M 1s
  6900K .......... .......... .......... .......... .......... 22% 32.4M 1s
  6950K .......... .......... .......... .......... .......... 22% 26.7M 1s
  7000K .......... .......... .......... .......... .......... 22% 33.5M 1s
  7050K .......... .......... .......... .......... .......... 22% 32.0M 1s
  7100K .......... .......... .......... .......... .......... 22% 28.0M 1s
  7150K .......... .......... .......... .......... .......... 22% 32.7M 1s
  7200K .......... .......... .......... .......... .......... 22% 29.1M 1s
  7250K .......... .......... .......... .......... .......... 23% 33.9M 1s
  7300K .......... .......... .......... .......... .......... 23% 32.9M 1s
  7350K .......... .......... .......... .......... .......... 23% 27.6M 1s
  7400K .......... .......... .......... .......... .......... 23% 32.2M 1s
  7450K .......... .......... .......... .......... .......... 23% 27.5M 1s
  7500K .......... .......... .......... .......... .......... 23% 33.3M 1s
  7550K .......... .......... .......... .......... .......... 24% 32.3M 1s
  7600K .......... .......... .......... .......... .......... 24% 27.9M 1s
  7650K .......... .......... .......... .......... .......... 24% 23.0M 1s
  7700K .......... .......... .......... .......... .......... 24% 27.6M 1s
  7750K .......... .......... .......... .......... .......... 24% 31.9M 1s
  7800K .......... .......... .......... .......... .......... 24% 32.7M 1s
  7850K .......... .......... .......... .......... .......... 25% 22.6M 1s
  7900K .......... .......... .......... .......... .......... 25% 32.0M 1s
  7950K .......... .......... .......... .......... .......... 25% 27.8M 1s
  8000K .......... .......... .......... .......... .......... 25% 33.6M 1s
  8050K .......... .......... .......... .......... .......... 25% 18.8M 1s
  8100K .......... .......... .......... .......... .......... 25% 29.3M 1s
  8150K .......... .......... .......... .......... .......... 25% 36.9M 1s
  8200K .......... .......... .......... .......... .......... 26% 32.2M 1s
  8250K .......... .......... .......... .......... .......... 26% 35.5M 1s
  8300K .......... .......... .......... .......... .......... 26% 24.9M 1s
  8350K .......... .......... .......... .......... .......... 26% 35.7M 1s
  8400K .......... .......... .......... .......... .......... 26% 36.2M 1s
  8450K .......... .......... .......... .......... .......... 26% 31.2M 1s
  8500K .......... .......... .......... .......... .......... 27% 29.6M 1s
  8550K .......... .......... .......... .......... .......... 27% 31.8M 1s
  8600K .......... .......... .......... .......... .......... 27% 38.0M 1s
  8650K .......... .......... .......... .......... .......... 27% 29.0M 1s
  8700K .......... .......... .......... .......... .......... 27% 23.9M 1s
  8750K .......... .......... .......... .......... .......... 27% 37.4M 1s
  8800K .......... .......... .......... .......... .......... 28% 27.1M 1s
  8850K .......... .......... .......... .......... .......... 28% 45.5M 1s
  8900K .......... .......... .......... .......... .......... 28% 34.7M 1s
  8950K .......... .......... .......... .......... .......... 28% 22.8M 1s
  9000K .......... .......... .......... .......... .......... 28% 37.2M 1s
  9050K .......... .......... .......... .......... .......... 28% 37.8M 1s
  9100K .......... .......... .......... .......... .......... 29% 28.7M 1s
  9150K .......... .......... .......... .......... .......... 29% 27.8M 1s
  9200K .......... .......... .......... .......... .......... 29% 33.6M 1s
  9250K .......... .......... .......... .......... .......... 29% 36.2M 1s
  9300K .......... .......... .......... .......... .......... 29% 33.5M 1s
  9350K .......... .......... .......... .......... .......... 29% 36.3M 1s
  9400K .......... .......... .......... .......... .......... 29% 27.3M 1s
  9450K .......... .......... .......... .......... .......... 30% 36.2M 1s
  9500K .......... .......... .......... .......... .......... 30% 29.1M 1s
  9550K .......... .......... .......... .......... .......... 30% 33.0M 1s
  9600K .......... .......... .......... .......... .......... 30% 21.9M 1s
  9650K .......... .......... .......... .......... .......... 30% 26.4M 1s
  9700K .......... .......... .......... .......... .......... 30% 31.3M 1s
  9750K .......... .......... .......... .......... .......... 31% 26.8M 1s
  9800K .......... .......... .......... .......... .......... 31% 34.0M 1s
  9850K .......... .......... .......... .......... .......... 31% 26.1M 1s
  9900K .......... .......... .......... .......... .......... 31% 28.9M 1s
  9950K .......... .......... .......... .......... .......... 31% 35.4M 1s
 10000K .......... .......... .......... .......... .......... 31% 24.5M 1s
 10050K .......... .......... .......... .......... .......... 32% 34.3M 1s
 10100K .......... .......... .......... .......... .......... 32% 27.0M 1s
 10150K .......... .......... .......... .......... .......... 32% 33.5M 1s
 10200K .......... .......... .......... .......... .......... 32% 27.7M 1s
 10250K .......... .......... .......... .......... .......... 32% 30.9M 1s
 10300K .......... .......... .......... .......... .......... 32% 24.1M 1s
 10350K .......... .......... .......... .......... .......... 32% 45.2M 1s
 10400K .......... .......... .......... .......... .......... 33% 31.9M 1s
 10450K .......... .......... .......... .......... .......... 33% 21.4M 1s
 10500K .......... .......... .......... .......... .......... 33% 26.9M 1s
 10550K .......... .......... .......... .......... .......... 33% 50.7M 1s
 10600K .......... .......... .......... .......... .......... 33% 31.9M 1s
 10650K .......... .......... .......... .......... .......... 33% 25.8M 1s
 10700K .......... .......... .......... .......... .......... 34% 35.7M 1s
 10750K .......... .......... .......... .......... .......... 34% 30.9M 1s
 10800K .......... .......... .......... .......... .......... 34% 35.4M 1s
 10850K .......... .......... .......... .......... .......... 34% 32.7M 1s
 10900K .......... .......... .......... .......... .......... 34% 25.6M 1s
 10950K .......... .......... .......... .......... .......... 34% 35.6M 1s
 11000K .......... .......... .......... .......... .......... 35% 30.6M 1s
 11050K .......... .......... .......... .......... .......... 35% 36.4M 1s
 11100K .......... .......... .......... .......... .......... 35% 30.1M 1s
 11150K .......... .......... .......... .......... .......... 35% 31.2M 1s
 11200K .......... .......... .......... .......... .......... 35% 33.0M 1s
 11250K .......... .......... .......... .......... .......... 35% 24.2M 1s
 11300K .......... .......... .......... .......... .......... 35% 47.1M 1s
 11350K .......... .......... .......... .......... .......... 36% 31.8M 1s
 11400K .......... .......... .......... .......... .......... 36% 36.8M 1s
 11450K .......... .......... .......... .......... .......... 36% 32.2M 1s
 11500K .......... .......... .......... .......... .......... 36% 36.9M 1s
 11550K .......... .......... .......... .......... .......... 36% 25.5M 1s
 11600K .......... .......... .......... .......... .......... 36% 31.3M 1s
 11650K .......... .......... .......... .......... .......... 37% 37.3M 1s
 11700K .......... .......... .......... .......... .......... 37% 36.4M 1s
 11750K .......... .......... .......... .......... .......... 37% 24.4M 1s
 11800K .......... .......... .......... .......... .......... 37% 32.1M 1s
 11850K .......... .......... .......... .......... .......... 37% 36.7M 1s
 11900K .......... .......... .......... .......... .......... 37% 30.9M 1s
 11950K .......... .......... .......... .......... .......... 38% 34.4M 1s
 12000K .......... .......... .......... .......... .......... 38% 3.81M 1s
 12050K .......... .......... .......... .......... .......... 38% 31.4M 1s
 12100K .......... .......... .......... .......... .......... 38% 36.7M 1s
 12150K .......... .......... .......... .......... .......... 38% 31.2M 1s
 12200K .......... .......... .......... .......... .......... 38% 2.32M 1s
 12250K .......... .......... .......... .......... .......... 38% 35.2M 1s
 12300K .......... .......... .......... .......... .......... 39% 19.0M 1s
 12350K .......... .......... .......... .......... .......... 39% 74.5M 1s
 12400K .......... .......... .......... .......... .......... 39% 34.5M 1s
 12450K .......... .......... .......... .......... .......... 39% 20.1M 1s
 12500K .......... .......... .......... .......... .......... 39% 34.5M 1s
 12550K .......... .......... .......... .......... .......... 39% 33.1M 1s
 12600K .......... .......... .......... .......... .......... 40% 26.4M 1s
 12650K .......... .......... .......... .......... .......... 40% 37.9M 1s
 12700K .......... .......... .......... .......... .......... 40% 24.7M 1s
 12750K .......... .......... .......... .......... .......... 40% 27.8M 1s
 12800K .......... .......... .......... .......... .......... 40% 34.7M 1s
 12850K .......... .......... .......... .......... .......... 40% 35.3M 1s
 12900K .......... .......... .......... .......... .......... 41% 29.2M 1s
 12950K .......... .......... .......... .......... .......... 41% 24.1M 1s
 13000K .......... .......... .......... .......... .......... 41% 29.5M 1s
 13050K .......... .......... .......... .......... .......... 41% 38.0M 1s
 13100K .......... .......... .......... .......... .......... 41% 29.8M 1s
 13150K .......... .......... .......... .......... .......... 41% 26.6M 1s
 13200K .......... .......... .......... .......... .......... 42% 1.38M 1s
 13250K .......... .......... .......... .......... .......... 42% 36.2M 1s
 13300K .......... .......... .......... .......... .......... 42% 30.2M 1s
 13350K .......... .......... .......... .......... .......... 42% 34.7M 1s
 13400K .......... .......... .......... .......... .......... 42% 36.4M 1s
 13450K .......... .......... .......... .......... .......... 42% 21.7M 1s
 13500K .......... .......... .......... .......... .......... 42% 35.8M 1s
 13550K .......... .......... .......... .......... .......... 43% 34.7M 1s
 13600K .......... .......... .......... .......... .......... 43% 30.2M 1s
 13650K .......... .......... .......... .......... .......... 43% 24.6M 1s
 13700K .......... .......... .......... .......... .......... 43% 33.0M 1s
 13750K .......... .......... .......... .......... .......... 43% 33.7M 1s
 13800K .......... .......... .......... .......... .......... 43% 35.9M 1s
 13850K .......... .......... .......... .......... .......... 44% 31.4M 1s
 13900K .......... .......... .......... .......... .......... 44% 26.5M 1s
 13950K .......... .......... .......... .......... .......... 44% 37.9M 1s
 14000K .......... .......... .......... .......... .......... 44% 33.5M 1s
 14050K .......... .......... .......... .......... .......... 44% 38.0M 1s
 14100K .......... .......... .......... .......... .......... 44% 36.8M 1s
 14150K .......... .......... .......... .......... .......... 45% 32.3M 1s
 14200K .......... .......... .......... .......... .......... 45% 36.4M 1s
 14250K .......... .......... .......... .......... .......... 45% 30.8M 1s
 14300K .......... .......... .......... .......... .......... 45% 35.0M 1s
 14350K .......... .......... .......... .......... .......... 45% 35.2M 1s
 14400K .......... .......... .......... .......... .......... 45% 31.7M 1s
 14450K .......... .......... .......... .......... .......... 45% 35.0M 1s
 14500K .......... .......... .......... .......... .......... 46% 31.2M 1s
 14550K .......... .......... .......... .......... .......... 46% 37.5M 1s
 14600K .......... .......... .......... .......... .......... 46% 36.9M 1s
 14650K .......... .......... .......... .......... .......... 46% 31.4M 1s
 14700K .......... .......... .......... .......... .......... 46% 36.2M 1s
 14750K .......... .......... .......... .......... .......... 46% 31.8M 1s
 14800K .......... .......... .......... .......... .......... 47% 35.5M 1s
 14850K .......... .......... .......... .......... .......... 47% 36.4M 1s
 14900K .......... .......... .......... .......... .......... 47% 32.0M 1s
 14950K .......... .......... .......... .......... .......... 47% 36.1M 1s
 15000K .......... .......... .......... .......... .......... 47% 31.3M 1s
 15050K .......... .......... .......... .......... .......... 47% 38.3M 1s
 15100K .......... .......... .......... .......... .......... 48% 36.6M 1s
 15150K .......... .......... .......... .......... .......... 48% 32.6M 1s
 15200K .......... .......... .......... .......... .......... 48% 35.9M 1s
 15250K .......... .......... .......... .......... .......... 48% 30.8M 1s
 15300K .......... .......... .......... .......... .......... 48% 36.1M 1s
 15350K .......... .......... .......... .......... .......... 48% 36.8M 1s
 15400K .......... .......... .......... .......... .......... 48% 29.5M 1s
 15450K .......... .......... .......... .......... .......... 49% 36.0M 1s
 15500K .......... .......... .......... .......... .......... 49% 30.3M 1s
 15550K .......... .......... .......... .......... .......... 49% 38.2M 1s
 15600K .......... .......... .......... .......... .......... 49% 36.5M 1s
 15650K .......... .......... .......... .......... .......... 49% 30.5M 1s
 15700K .......... .......... .......... .......... .......... 49% 37.9M 1s
 15750K .......... .......... .......... .......... .......... 50% 30.0M 1s
 15800K .......... .......... .......... .......... .......... 50% 38.3M 1s
 15850K .......... .......... .......... .......... .......... 50% 36.5M 1s
 15900K .......... .......... .......... .......... .......... 50% 30.6M 1s
 15950K .......... .......... .......... .......... .......... 50% 37.1M 1s
 16000K .......... .......... .......... .......... .......... 50% 31.3M 1s
 16050K .......... .......... .......... .......... .......... 51% 35.8M 1s
 16100K .......... .......... .......... .......... .......... 51% 35.7M 1s
 16150K .......... .......... .......... .......... .......... 51% 31.5M 1s
 16200K .......... .......... .......... .......... .......... 51% 36.8M 1s
 16250K .......... .......... .......... .......... .......... 51% 31.2M 1s
 16300K .......... .......... .......... .......... .......... 51% 27.4M 1s
 16350K .......... .......... .......... .......... .......... 51% 36.7M 1s
 16400K .......... .......... .......... .......... .......... 52% 31.6M 1s
 16450K .......... .......... .......... .......... .......... 52% 36.8M 1s
 16500K .......... .......... .......... .......... .......... 52% 30.9M 1s
 16550K .......... .......... .......... .......... .......... 52% 37.8M 1s
 16600K .......... .......... .......... .......... .......... 52% 35.9M 1s
 16650K .......... .......... .......... .......... .......... 52% 31.8M 1s
 16700K .......... .......... .......... .......... .......... 53% 33.6M 1s
 16750K .......... .......... .......... .......... .......... 53% 34.3M 1s
 16800K .......... .......... .......... .......... .......... 53% 34.4M 1s
 16850K .......... .......... .......... .......... .......... 53% 40.1M 1s
 16900K .......... .......... .......... .......... .......... 53% 31.5M 1s
 16950K .......... .......... .......... .......... .......... 53% 35.6M 1s
 17000K .......... .......... .......... .......... .......... 54% 31.6M 1s
 17050K .......... .......... .......... .......... .......... 54% 36.3M 1s
 17100K .......... .......... .......... .......... .......... 54% 36.5M 1s
 17150K .......... .......... .......... .......... .......... 54% 30.7M 1s
 17200K .......... .......... .......... .......... .......... 54% 33.1M 1s
 17250K .......... .......... .......... .......... .......... 54% 34.6M 1s
 17300K .......... .......... .......... .......... .......... 55% 36.0M 1s
 17350K .......... .......... .......... .......... .......... 55% 35.8M 1s
 17400K .......... .......... .......... .......... .......... 55% 31.8M 1s
 17450K .......... .......... .......... .......... .......... 55% 35.5M 1s
 17500K .......... .......... .......... .......... .......... 55% 31.3M 1s
 17550K .......... .......... .......... .......... .......... 55% 36.6M 1s
 17600K .......... .......... .......... .......... .......... 55% 35.2M 1s
 17650K .......... .......... .......... .......... .......... 56% 31.9M 1s
 17700K .......... .......... .......... .......... .......... 56% 35.9M 1s
 17750K .......... .......... .......... .......... .......... 56% 31.3M 1s
 17800K .......... .......... .......... .......... .......... 56% 36.0M 1s
 17850K .......... .......... .......... .......... .......... 56% 34.7M 1s
 17900K .......... .......... .......... .......... .......... 56% 34.6M 1s
 17950K .......... .......... .......... .......... .......... 57% 35.5M 1s
 18000K .......... .......... .......... .......... .......... 57% 31.0M 1s
 18050K .......... .......... .......... .......... .......... 57% 38.7M 1s
 18100K .......... .......... .......... .......... .......... 57% 36.4M 1s
 18150K .......... .......... .......... .......... .......... 57% 30.8M 1s
 18200K .......... .......... .......... .......... .......... 57% 38.0M 1s
 18250K .......... .......... .......... .......... .......... 58% 29.0M 1s
 18300K .......... .......... .......... .......... .......... 58% 40.7M 1s
 18350K .......... .......... .......... .......... .......... 58% 36.9M 1s
 18400K .......... .......... .......... .......... .......... 58% 31.4M 1s
 18450K .......... .......... .......... .......... .......... 58% 36.5M 1s
 18500K .......... .......... .......... .......... .......... 58% 31.3M 1s
 18550K .......... .......... .......... .......... .......... 58% 36.4M 1s
 18600K .......... .......... .......... .......... .......... 59% 37.5M 1s
 18650K .......... .......... .......... .......... .......... 59% 31.6M 1s
 18700K .......... .......... .......... .......... .......... 59% 34.8M 1s
 18750K .......... .......... .......... .......... .......... 59% 32.0M 1s
 18800K .......... .......... .......... .......... .......... 59% 37.0M 1s
 18850K .......... .......... .......... .......... .......... 59% 36.0M 1s
 18900K .......... .......... .......... .......... .......... 60% 29.8M 1s
 18950K .......... .......... .......... .......... .......... 60% 39.3M 1s
 19000K .......... .......... .......... .......... .......... 60% 31.5M 1s
 19050K .......... .......... .......... .......... .......... 60% 36.6M 0s
 19100K .......... .......... .......... .......... .......... 60% 36.5M 0s
 19150K .......... .......... .......... .......... .......... 60% 31.2M 0s
 19200K .......... .......... .......... .......... .......... 61% 37.2M 0s
 19250K .......... .......... .......... .......... .......... 61% 30.3M 0s
 19300K .......... .......... .......... .......... .......... 61% 37.2M 0s
 19350K .......... .......... .......... .......... .......... 61% 36.1M 0s
 19400K .......... .......... .......... .......... .......... 61% 31.8M 0s
 19450K .......... .......... .......... .......... .......... 61% 36.0M 0s
 19500K .......... .......... .......... .......... .......... 61% 29.5M 0s
 19550K .......... .......... .......... .......... .......... 62% 40.5M 0s
 19600K .......... .......... .......... .......... .......... 62% 36.9M 0s
 19650K .......... .......... .......... .......... .......... 62% 31.9M 0s
 19700K .......... .......... .......... .......... .......... 62% 35.3M 0s
 19750K .......... .......... .......... .......... .......... 62%  438K 1s
 19800K .......... .......... .......... .......... .......... 62%  156M 1s
 19850K .......... .......... .......... .......... .......... 63%  161M 1s
 19900K .......... .......... .......... .......... .......... 63% 1.34M 1s
 19950K .......... .......... .......... .......... .......... 63%  118M 1s
 20000K .......... .......... .......... .......... .......... 63% 96.4M 1s
 20050K .......... .......... .......... .......... .......... 63%  132M 1s
 20100K .......... .......... .......... .......... .......... 63%  117M 1s
 20150K .......... .......... .......... .......... .......... 64%  108M 1s
 20200K .......... .......... .......... .......... .......... 64%  115M 1s
 20250K .......... .......... .......... .......... .......... 64%  110M 1s
 20300K .......... .......... .......... .......... .......... 64%  119M 1s
 20350K .......... .......... .......... .......... .......... 64%  130M 1s
 20400K .......... .......... .......... .......... .......... 64%  113M 1s
 20450K .......... .......... .......... .......... .......... 64%  117M 1s
 20500K .......... .......... .......... .......... .......... 65%  114M 1s
 20550K .......... .......... .......... .......... .......... 65%  125M 0s
 20600K .......... .......... .......... .......... .......... 65%  119M 0s
 20650K .......... .......... .......... .......... .......... 65%  109M 0s
 20700K .......... .......... .......... .......... .......... 65%  125M 0s
 20750K .......... .......... .......... .......... .......... 65% 94.6M 0s
 20800K .......... .......... .......... .......... .......... 66%  121M 0s
 20850K .......... .......... .......... .......... .......... 66%  122M 0s
 20900K .......... .......... .......... .......... .......... 66%  112M 0s
 20950K .......... .......... .......... .......... .......... 66%  116M 0s
 21000K .......... .......... .......... .......... .......... 66%  117M 0s
 21050K .......... .......... .......... .......... .......... 66%  116M 0s
 21100K .......... .......... .......... .......... .......... 67%  121M 0s
 21150K .......... .......... .......... .......... .......... 67%  117M 0s
 21200K .......... .......... .......... .......... .......... 67%  122M 0s
 21250K .......... .......... .......... .......... .......... 67%  117M 0s
 21300K .......... .......... .......... .......... .......... 67% 15.4M 0s
 21350K .......... .......... .......... .......... .......... 67% 90.7M 0s
 21400K .......... .......... .......... .......... .......... 68% 1.30M 0s
 21450K .......... .......... .......... .......... .......... 68%  147M 0s
 21500K .......... .......... .......... .......... .......... 68%  127M 0s
 21550K .......... .......... .......... .......... .......... 68%  158M 0s
 21600K .......... .......... .......... .......... .......... 68%  162M 0s
 21650K .......... .......... .......... .......... .......... 68% 1.07M 0s
 21700K .......... .......... .......... .......... .......... 68%  144M 0s
 21750K .......... .......... .......... .......... .......... 69%  127M 0s
 21800K .......... .......... .......... .......... .......... 69%  140M 0s
 21850K .......... .......... .......... .......... .......... 69%  152M 0s
 21900K .......... .......... .......... .......... .......... 69%  122M 0s
 21950K .......... .......... .......... .......... .......... 69%  149M 0s
 22000K .......... .......... .......... .......... .......... 69%  134M 0s
 22050K .......... .......... .......... .......... .......... 70%  158M 0s
 22100K .......... .......... .......... .......... .......... 70%  152M 0s
 22150K .......... .......... .......... .......... .......... 70%  120M 0s
 22200K .......... .......... .......... .......... .......... 70%  162M 0s
 22250K .......... .......... .......... .......... .......... 70% 2.68M 0s
 22300K .......... .......... .......... .......... .......... 70%  152M 0s
 22350K .......... .......... .......... .......... .......... 71% 1.31M 0s
 22400K .......... .......... .......... .......... .......... 71%  131M 0s
 22450K .......... .......... .......... .......... .......... 71%  163M 0s
 22500K .......... .......... .......... .......... .......... 71% 97.3M 0s
 22550K .......... .......... .......... .......... .......... 71%  163M 0s
 22600K .......... .......... .......... .......... .......... 71%  146M 0s
 22650K .......... .......... .......... .......... .......... 71%  117M 0s
 22700K .......... .......... .......... .......... .......... 72%  164M 0s
 22750K .......... .......... .......... .......... .......... 72%  109M 0s
 22800K .......... .......... .......... .......... .......... 72%  152M 0s
 22850K .......... .......... .......... .......... .......... 72%  158M 0s
 22900K .......... .......... .......... .......... .......... 72%  134M 0s
 22950K .......... .......... .......... .......... .......... 72%  121M 0s
 23000K .......... .......... .......... .......... .......... 73%  136M 0s
 23050K .......... .......... .......... .......... .......... 73%  160M 0s
 23100K .......... .......... .......... .......... .......... 73%  151M 0s
 23150K .......... .......... .......... .......... .......... 73% 8.97M 0s
 23200K .......... .......... .......... .......... .......... 73% 8.05M 0s
 23250K .......... .......... .......... .......... .......... 73%  116M 0s
 23300K .......... .......... .......... .......... .......... 74% 6.55M 0s
 23350K .......... .......... .......... .......... .......... 74% 13.8M 0s
 23400K .......... .......... .......... .......... .......... 74%  120M 0s
 23450K .......... .......... .......... .......... .......... 74% 1.24M 0s
 23500K .......... .......... .......... .......... .......... 74%  112M 0s
 23550K .......... .......... .......... .......... .......... 74% 1.25M 0s
 23600K .......... .......... .......... .......... .......... 74%  123M 0s
 23650K .......... .......... .......... .......... .......... 75%  120M 0s
 23700K .......... .......... .......... .......... .......... 75%  126M 0s
 23750K .......... .......... .......... .......... .......... 75%  131M 0s
 23800K .......... .......... .......... .......... .......... 75%  140M 0s
 23850K .......... .......... .......... .......... .......... 75%  152M 0s
 23900K .......... .......... .......... .......... .......... 75%  108M 0s
 23950K .......... .......... .......... .......... .......... 76%  137M 0s
 24000K .......... .......... .......... .......... .......... 76%  127M 0s
 24050K .......... .......... .......... .......... .......... 76%  124M 0s
 24100K .......... .......... .......... .......... .......... 76%  145M 0s
 24150K .......... .......... .......... .......... .......... 76%  132M 0s
 24200K .......... .......... .......... .......... .......... 76%  129M 0s
 24250K .......... .......... .......... .......... .......... 77%  123M 0s
 24300K .......... .......... .......... .......... .......... 77%  153M 0s
 24350K .......... .......... .......... .......... .......... 77%  119M 0s
 24400K .......... .......... .......... .......... .......... 77% 13.2M 0s
 24450K .......... .......... .......... .......... .......... 77%  143M 0s
 24500K .......... .......... .......... .......... .......... 77% 6.30M 0s
 24550K .......... .......... .......... .......... .......... 77% 11.6M 0s
 24600K .......... .......... .......... .......... .......... 78% 9.14M 0s
 24650K .......... .......... .......... .......... .......... 78% 8.38M 0s
 24700K .......... .......... .......... .......... .......... 78% 12.2M 0s
 24750K .......... .......... .......... .......... .......... 78% 14.5M 0s
 24800K .......... .......... .......... .......... .......... 78%  146M 0s
 24850K .......... .......... .......... .......... .......... 78% 5.93M 0s
 24900K .......... .......... .......... .......... .......... 79%  109M 0s
 24950K .......... .......... .......... .......... .......... 79% 1.40M 0s
 25000K .......... .......... .......... .......... .......... 79%  127M 0s
 25050K .......... .......... .......... .......... .......... 79%  163M 0s
 25100K .......... .......... .......... .......... .......... 79%  146M 0s
 25150K .......... .......... .......... .......... .......... 79%  129M 0s
 25200K .......... .......... .......... .......... .......... 80%  161M 0s
 25250K .......... .......... .......... .......... .......... 80% 2.18M 0s
 25300K .......... .......... .......... .......... .......... 80%  146M 0s
 25350K .......... .......... .......... .......... .......... 80%  155M 0s
 25400K .......... .......... .......... .......... .......... 80%  124M 0s
 25450K .......... .......... .......... .......... .......... 80%  150M 0s
 25500K .......... .......... .......... .......... .......... 81% 2.53M 0s
 25550K .......... .......... .......... .......... .......... 81%  159M 0s
 25600K .......... .......... .......... .......... .......... 81% 3.93M 0s
 25650K .......... .......... .......... .......... .......... 81%  125M 0s
 25700K .......... .......... .......... .......... .......... 81% 40.9M 0s
 25750K .......... .......... .......... .......... .......... 81%  127M 0s
 25800K .......... .......... .......... .......... .......... 81%  160M 0s
 25850K .......... .......... .......... .......... .......... 82%  159M 0s
 25900K .......... .......... .......... .......... .......... 82%  138M 0s
 25950K .......... .......... .......... .......... .......... 82%  148M 0s
 26000K .......... .......... .......... .......... .......... 82%  113M 0s
 26050K .......... .......... .......... .......... .......... 82%  160M 0s
 26100K .......... .......... .......... .......... .......... 82% 5.82M 0s
 26150K .......... .......... .......... .......... .......... 83% 14.7M 0s
 26200K .......... .......... .......... .......... .......... 83%  144M 0s
 26250K .......... .......... .......... .......... .......... 83%  138M 0s
 26300K .......... .......... .......... .......... .......... 83% 3.61M 0s
 26350K .......... .......... .......... .......... .......... 83%  147M 0s
 26400K .......... .......... .......... .......... .......... 83% 4.90M 0s
 26450K .......... .......... .......... .......... .......... 84% 26.9M 0s
 26500K .......... .......... .......... .......... .......... 84%  132M 0s
 26550K .......... .......... .......... .......... .......... 84%  159M 0s
 26600K .......... .......... .......... .......... .......... 84% 4.22M 0s
 26650K .......... .......... .......... .......... .......... 84%  131M 0s
 26700K .......... .......... .......... .......... .......... 84% 6.96M 0s
 26750K .......... .......... .......... .......... .......... 84%  137M 0s
 26800K .......... .......... .......... .......... .......... 85%  136M 0s
 26850K .......... .......... .......... .......... .......... 85%  141M 0s
 26900K .......... .......... .......... .......... .......... 85%  143M 0s
 26950K .......... .......... .......... .......... .......... 85% 10.3M 0s
 27000K .......... .......... .......... .......... .......... 85% 8.22M 0s
 27050K .......... .......... .......... .......... .......... 85% 6.12M 0s
 27100K .......... .......... .......... .......... .......... 86% 12.7M 0s
 27150K .......... .......... .......... .......... .......... 86% 16.6M 0s
 27200K .......... .......... .......... .......... .......... 86% 7.86M 0s
 27250K .......... .......... .......... .......... .......... 86% 4.08M 0s
 27300K .......... .......... .......... .......... .......... 86% 8.73M 0s
 27350K .......... .......... .......... .......... .......... 86% 8.85M 0s
 27400K .......... .......... .......... .......... .......... 87% 4.91M 0s
 27450K .......... .......... .......... .......... .......... 87% 4.34M 0s
 27500K .......... .......... .......... .......... .......... 87% 9.79M 0s
 27550K .......... .......... .......... .......... .......... 87% 7.13M 0s
 27600K .......... .......... .......... .......... .......... 87% 6.59M 0s
 27650K .......... .......... .......... .......... .......... 87% 5.20M 0s
 27700K .......... .......... .......... .......... .......... 87% 7.65M 0s
 27750K .......... .......... .......... .......... .......... 88% 8.83M 0s
 27800K .......... .......... .......... .......... .......... 88% 5.61M 0s
 27850K .......... .......... .......... .......... .......... 88% 5.92M 0s
 27900K .......... .......... .......... .......... .......... 88% 7.31M 0s
 27950K .......... .......... .......... .......... .......... 88% 4.93M 0s
 28000K .......... .......... .......... .......... .......... 88% 9.68M 0s
 28050K .......... .......... .......... .......... .......... 89% 5.89M 0s
 28100K .......... .......... .......... .......... .......... 89% 8.12M 0s
 28150K .......... .......... .......... .......... .......... 89% 5.26M 0s
 28200K .......... .......... .......... .......... .......... 89% 4.41M 0s
 28250K .......... .......... .......... .......... .......... 89% 7.58M 0s
 28300K .......... .......... .......... .......... .......... 89% 8.19M 0s
 28350K .......... .......... .......... .......... .......... 90% 6.39M 0s
 28400K .......... .......... .......... .......... .......... 90% 5.40M 0s
 28450K .......... .......... .......... .......... .......... 90% 7.36M 0s
 28500K .......... .......... .......... .......... .......... 90% 9.29M 0s
 28550K .......... .......... .......... .......... .......... 90% 5.53M 0s
 28600K .......... .......... .......... .......... .......... 90% 5.84M 0s
 28650K .......... .......... .......... .......... .......... 90% 7.26M 0s
 28700K .......... .......... .......... .......... .......... 91% 8.44M 0s
 28750K .......... .......... .......... .......... .......... 91% 5.42M 0s
 28800K .......... .......... .......... .......... .......... 91% 5.94M 0s
 28850K .......... .......... .......... .......... .......... 91% 7.88M 0s
 28900K .......... .......... .......... .......... .......... 91% 7.31M 0s
 28950K .......... .......... .......... .......... .......... 91% 6.46M 0s
 29000K .......... .......... .......... .......... .......... 92% 6.02M 0s
 29050K .......... .......... .......... .......... .......... 92% 6.02M 0s
 29100K .......... .......... .......... .......... .......... 92% 7.10M 0s
 29150K .......... .......... .......... .......... .......... 92% 8.54M 0s
 29200K .......... .......... .......... .......... .......... 92% 3.89M 0s
 29250K .......... .......... .......... .......... .......... 92% 13.5M 0s
 29300K .......... .......... .......... .......... .......... 93% 4.70M 0s
 29350K .......... .......... .......... .......... .......... 93% 7.45M 0s
 29400K .......... .......... .......... .......... .......... 93% 6.07M 0s
 29450K .......... .......... .......... .......... .......... 93% 7.39M 0s
 29500K .......... .......... .......... .......... .......... 93% 6.65M 0s
 29550K .......... .......... .......... .......... .......... 93% 4.86M 0s
 29600K .......... .......... .......... .......... .......... 94% 8.98M 0s
 29650K .......... .......... .......... .......... .......... 94% 8.33M 0s
 29700K .......... .......... .......... .......... .......... 94% 6.18M 0s
 29750K .......... .......... .......... .......... .......... 94% 5.23M 0s
 29800K .......... .......... .......... .......... .......... 94% 8.79M 0s
 29850K .......... .......... .......... .......... .......... 94% 8.26M 0s
 29900K .......... .......... .......... .......... .......... 94% 6.35M 0s
 29950K .......... .......... .......... .......... .......... 95% 5.08M 0s
 30000K .......... .......... .......... .......... .......... 95% 9.00M 0s
 30050K .......... .......... .......... .......... .......... 95% 8.16M 0s
 30100K .......... .......... .......... .......... .......... 95% 6.07M 0s
 30150K .......... .......... .......... .......... .......... 95% 4.50M 0s
 30200K .......... .......... .......... .......... .......... 95% 12.9M 0s
 30250K .......... .......... .......... .......... .......... 96% 8.10M 0s
 30300K .......... .......... .......... .......... .......... 96% 6.18M 0s
 30350K .......... .......... .......... .......... .......... 96% 4.49M 0s
 30400K .......... .......... .......... .......... .......... 96% 13.1M 0s
 30450K .......... .......... .......... .......... .......... 96% 7.84M 0s
 30500K .......... .......... .......... .......... .......... 96% 6.23M 0s
 30550K .......... .......... .......... .......... .......... 97% 4.53M 0s
 30600K .......... .......... .......... .......... .......... 97% 12.1M 0s
 30650K .......... .......... .......... .......... .......... 97% 8.14M 0s
 30700K .......... .......... .......... .......... .......... 97% 6.18M 0s
 30750K .......... .......... .......... .......... .......... 97% 4.59M 0s
 30800K .......... .......... .......... .......... .......... 97% 12.0M 0s
 30850K .......... .......... .......... .......... .......... 97% 8.04M 0s
 30900K .......... .......... .......... .......... .......... 98% 6.27M 0s
 30950K .......... .......... .......... .......... .......... 98% 4.56M 0s
 31000K .......... .......... .......... .......... .......... 98% 5.43M 0s
 31050K .......... .......... .......... .......... .......... 98% 32.8M 0s
 31100K .......... .......... .......... .......... .......... 98% 6.51M 0s
 31150K .......... .......... .......... .......... .......... 98% 4.60M 0s
 31200K .......... .......... .......... .......... .......... 99% 5.47M 0s
 31250K .......... .......... .......... .......... .......... 99% 33.9M 0s
 31300K .......... .......... .......... .......... .......... 99% 3.31M 0s
 31350K .......... .......... .......... .......... .......... 99% 13.2M 0s
 31400K .......... .......... .......... .......... .......... 99% 14.2M 0s
 31450K .......... .......... .......... .......... .......... 99% 6.89M 0s
 31500K .......... .......... .......... ..........           100% 5.54M=2.1s

2022-05-05 02:55:03 (14.8 MB/s) - ‘/root/process_mining/trips_tracing/stopsintrip.json’ saved [32297571/32297571]

--2022-05-05 02:55:03--  https://ckan.multimediagdansk.pl/dataset/c24aa637-3619-4dc2-a171-a23eec8f2172/resource/4c4025f0-01bf-41f7-a39f-d156d201b82b/download/stops.json
Resolving ckan.multimediagdansk.pl (ckan.multimediagdansk.pl)... 91.244.248.30
Connecting to ckan.multimediagdansk.pl (ckan.multimediagdansk.pl)|91.244.248.30|:443... connected.
HTTP request sent, awaiting response... 200 OK
Length: 9609092 (9.2M) [application/json]
Saving to: ‘/root/process_mining/trips_tracing/stops.json’

     0K .......... .......... .......... .......... ..........  0%  882K 11s
    50K .......... .......... .......... .......... ..........  1% 1.74M 8s
   100K .......... .......... .......... .......... ..........  1% 63.7M 5s
   150K .......... .......... .......... .......... ..........  2% 1.77M 5s
   200K .......... .......... .......... .......... ..........  2% 69.1M 4s
   250K .......... .......... .......... .......... ..........  3% 76.2M 3s
   300K .......... .......... .......... .......... ..........  3%  146M 3s
   350K .......... .......... .......... .......... ..........  4% 1.85M 3s
   400K .......... .......... .......... .......... ..........  4% 95.2M 3s
   450K .......... .......... .......... .......... ..........  5% 68.2M 3s
   500K .......... .......... .......... .......... ..........  5% 74.7M 2s
   550K .......... .......... .......... .......... ..........  6% 77.8M 2s
   600K .......... .......... .......... .......... ..........  6% 62.7M 2s
   650K .......... .......... .......... .......... ..........  7%  137M 2s
   700K .......... .......... .......... .......... ..........  7%  133M 2s
   750K .......... .......... .......... .......... ..........  8%  141M 2s
   800K .......... .......... .......... .......... ..........  9% 2.03M 2s
   850K .......... .......... .......... .......... ..........  9% 67.1M 2s
   900K .......... .......... .......... .......... .......... 10% 51.9M 2s
   950K .......... .......... .......... .......... .......... 10% 75.2M 1s
  1000K .......... .......... .......... .......... .......... 11% 80.7M 1s
  1050K .......... .......... .......... .......... .......... 11% 80.5M 1s
  1100K .......... .......... .......... .......... .......... 12% 70.1M 1s
  1150K .......... .......... .......... .......... .......... 12% 83.7M 1s
  1200K .......... .......... .......... .......... .......... 13% 85.6M 1s
  1250K .......... .......... .......... .......... .......... 13% 86.7M 1s
  1300K .......... .......... .......... .......... .......... 14% 79.5M 1s
  1350K .......... .......... .......... .......... .......... 14% 88.8M 1s
  1400K .......... .......... .......... .......... .......... 15%  157M 1s
  1450K .......... .......... .......... .......... .......... 15%  120M 1s
  1500K .......... .......... .......... .......... .......... 16%  159M 1s
  1550K .......... .......... .......... .......... .......... 17%  152M 1s
  1600K .......... .......... .......... .......... .......... 17% 2.48M 1s
  1650K .......... .......... .......... .......... .......... 18% 56.3M 1s
  1700K .......... .......... .......... .......... .......... 18% 64.4M 1s
  1750K .......... .......... .......... .......... .......... 19% 83.3M 1s
  1800K .......... .......... .......... .......... .......... 19% 85.2M 1s
  1850K .......... .......... .......... .......... .......... 20% 1.55M 1s
  1900K .......... .......... .......... .......... .......... 20% 69.1M 1s
  1950K .......... .......... .......... .......... .......... 21% 76.2M 1s
  2000K .......... .......... .......... .......... .......... 21% 92.4M 1s
  2050K .......... .......... .......... .......... .......... 22%  107M 1s
  2100K .......... .......... .......... .......... .......... 22%  110M 1s
  2150K .......... .......... .......... .......... .......... 23%  124M 1s
  2200K .......... .......... .......... .......... .......... 23%  114M 1s
  2250K .......... .......... .......... .......... .......... 24%  138M 1s
  2300K .......... .......... .......... .......... .......... 25%  125M 1s
  2350K .......... .......... .......... .......... .......... 25%  109M 1s
  2400K .......... .......... .......... .......... .......... 26%  118M 1s
  2450K .......... .......... .......... .......... .......... 26%  111M 1s
  2500K .......... .......... .......... .......... .......... 27%  134M 1s
  2550K .......... .......... .......... .......... .......... 27%  129M 1s
  2600K .......... .......... .......... .......... .......... 28%  116M 1s
  2650K .......... .......... .......... .......... .......... 28%  134M 1s
  2700K .......... .......... .......... .......... .......... 29%  116M 1s
  2750K .......... .......... .......... .......... .......... 29%  120M 1s
  2800K .......... .......... .......... .......... .......... 30%  127M 1s
  2850K .......... .......... .......... .......... .......... 30%  114M 1s
  2900K .......... .......... .......... .......... .......... 31%  126M 1s
  2950K .......... .......... .......... .......... .......... 31%  131M 1s
  3000K .......... .......... .......... .......... .......... 32%  150M 1s
  3050K .......... .......... .......... .......... .......... 33%  150M 0s
  3100K .......... .......... .......... .......... .......... 33%  138M 0s
  3150K .......... .......... .......... .......... .......... 34%  167M 0s
  3200K .......... .......... .......... .......... .......... 34%  135M 0s
  3250K .......... .......... .......... .......... .......... 35%  154M 0s
  3300K .......... .......... .......... .......... .......... 35%  151M 0s
  3350K .......... .......... .......... .......... .......... 36%  137M 0s
  3400K .......... .......... .......... .......... .......... 36%  154M 0s
  3450K .......... .......... .......... .......... .......... 37%  139M 0s
  3500K .......... .......... .......... .......... .......... 37%  152M 0s
  3550K .......... .......... .......... .......... .......... 38%  153M 0s
  3600K .......... .......... .......... .......... .......... 38%  139M 0s
  3650K .......... .......... .......... .......... .......... 39%  160M 0s
  3700K .......... .......... .......... .......... .......... 39%  133M 0s
  3750K .......... .......... .......... .......... .......... 40%  152M 0s
  3800K .......... .......... .......... .......... .......... 41%  162M 0s
  3850K .......... .......... .......... .......... .......... 41%  136M 0s
  3900K .......... .......... .......... .......... .......... 42%  163M 0s
  3950K .......... .......... .......... .......... .......... 42%  138M 0s
  4000K .......... .......... .......... .......... .......... 43%  163M 0s
  4050K .......... .......... .......... .......... .......... 43%  158M 0s
  4100K .......... .......... .......... .......... .......... 44%  135M 0s
  4150K .......... .......... .......... .......... .......... 44% 3.98M 0s
  4200K .......... .......... .......... .......... .......... 45% 83.1M 0s
  4250K .......... .......... .......... .......... .......... 45% 31.0M 0s
  4300K .......... .......... .......... .......... .......... 46% 31.3M 0s
  4350K .......... .......... .......... .......... .......... 46% 25.7M 0s
  4400K .......... .......... .......... .......... .......... 47% 30.7M 0s
  4450K .......... .......... .......... .......... .......... 47% 12.2M 0s
  4500K .......... .......... .......... .......... .......... 48%  115M 0s
  4550K .......... .......... .......... .......... .......... 49%  123M 0s
  4600K .......... .......... .......... .......... .......... 49% 38.3M 0s
  4650K .......... .......... .......... .......... .......... 50% 44.8M 0s
  4700K .......... .......... .......... .......... .......... 50% 31.6M 0s
  4750K .......... .......... .......... .......... .......... 51% 36.6M 0s
  4800K .......... .......... .......... .......... .......... 51% 37.8M 0s
  4850K .......... .......... .......... .......... .......... 52% 32.7M 0s
  4900K .......... .......... .......... .......... .......... 52% 32.5M 0s
  4950K .......... .......... .......... .......... .......... 53% 36.2M 0s
  5000K .......... .......... .......... .......... .......... 53% 37.1M 0s
  5050K .......... .......... .......... .......... .......... 54% 35.5M 0s
  5100K .......... .......... .......... .......... .......... 54% 29.6M 0s
  5150K .......... .......... .......... .......... .......... 55% 30.2M 0s
  5200K .......... .......... .......... .......... .......... 55% 27.3M 0s
  5250K .......... .......... .......... .......... .......... 56% 31.2M 0s
  5300K .......... .......... .......... .......... .......... 57% 31.3M 0s
  5350K .......... .......... .......... .......... .......... 57% 25.8M 0s
  5400K .......... .......... .......... .......... .......... 58% 33.4M 0s
  5450K .......... .......... .......... .......... .......... 58% 32.6M 0s
  5500K .......... .......... .......... .......... .......... 59% 31.1M 0s
  5550K .......... .......... .......... .......... .......... 59% 28.7M 0s
  5600K .......... .......... .......... .......... .......... 60% 26.7M 0s
  5650K .......... .......... .......... .......... .......... 60% 29.0M 0s
  5700K .......... .......... .......... .......... .......... 61% 22.8M 0s
  5750K .......... .......... .......... .......... .......... 61% 31.9M 0s
  5800K .......... .......... .......... .......... .......... 62% 31.9M 0s
  5850K .......... .......... .......... .......... .......... 62% 27.0M 0s
  5900K .......... .......... .......... .......... .......... 63% 28.8M 0s
  5950K .......... .......... .......... .......... .......... 63% 25.9M 0s
  6000K .......... .......... .......... .......... .......... 64% 30.0M 0s
  6050K .......... .......... .......... .......... .......... 65% 31.9M 0s
  6100K .......... .......... .......... .......... .......... 65% 26.5M 0s
  6150K .......... .......... .......... .......... .......... 66% 31.9M 0s
  6200K .......... .......... .......... .......... .......... 66% 26.6M 0s
  6250K .......... .......... .......... .......... .......... 67% 29.9M 0s
  6300K .......... .......... .......... .......... .......... 67% 30.1M 0s
  6350K .......... .......... .......... .......... .......... 68% 27.3M 0s
  6400K .......... .......... .......... .......... .......... 68% 31.9M 0s
  6450K .......... .......... .......... .......... .......... 69% 27.2M 0s
  6500K .......... .......... .......... .......... .......... 69% 31.1M 0s
  6550K .......... .......... .......... .......... .......... 70% 31.3M 0s
  6600K .......... .......... .......... .......... .......... 70% 24.1M 0s
  6650K .......... .......... .......... .......... .......... 71% 36.0M 0s
  6700K .......... .......... .......... .......... .......... 71% 25.8M 0s
  6750K .......... .......... .......... .......... .......... 72% 31.4M 0s
  6800K .......... .......... .......... .......... .......... 72% 32.3M 0s
  6850K .......... .......... .......... .......... .......... 73% 25.9M 0s
  6900K .......... .......... .......... .......... .......... 74% 30.9M 0s
  6950K .......... .......... .......... .......... .......... 74% 27.3M 0s
  7000K .......... .......... .......... .......... .......... 75% 31.8M 0s
  7050K .......... .......... .......... .......... .......... 75% 30.2M 0s
  7100K .......... .......... .......... .......... .......... 76% 26.3M 0s
  7150K .......... .......... .......... .......... .......... 76% 31.0M 0s
  7200K .......... .......... .......... .......... .......... 77% 26.0M 0s
  7250K .......... .......... .......... .......... .......... 77% 32.5M 0s
  7300K .......... .......... .......... .......... .......... 78% 31.4M 0s
  7350K .......... .......... .......... .......... .......... 78% 27.7M 0s
  7400K .......... .......... .......... .......... .......... 79% 31.1M 0s
  7450K .......... .......... .......... .......... .......... 79% 25.7M 0s
  7500K .......... .......... .......... .......... .......... 80% 27.6M 0s
  7550K .......... .......... .......... .......... .......... 80% 35.5M 0s
  7600K .......... .......... .......... .......... .......... 81% 25.8M 0s
  7650K .......... .......... .......... .......... .......... 82% 30.7M 0s
  7700K .......... .......... .......... .......... .......... 82% 26.5M 0s
  7750K .......... .......... .......... .......... .......... 83% 31.7M 0s
  7800K .......... .......... .......... .......... .......... 83% 30.5M 0s
  7850K .......... .......... .......... .......... .......... 84% 26.9M 0s
  7900K .......... .......... .......... .......... .......... 84% 33.0M 0s
  7950K .......... .......... .......... .......... .......... 85% 29.0M 0s
  8000K .......... .......... .......... .......... .......... 85% 36.4M 0s
  8050K .......... .......... .......... .......... .......... 86% 34.7M 0s
  8100K .......... .......... .......... .......... .......... 86% 30.6M 0s
  8150K .......... .......... .......... .......... .......... 87% 34.5M 0s
  8200K .......... .......... .......... .......... .......... 87% 30.4M 0s
  8250K .......... .......... .......... .......... .......... 88% 34.4M 0s
  8300K .......... .......... .......... .......... .......... 88% 34.9M 0s
  8350K .......... .......... .......... .......... .......... 89% 29.4M 0s
  8400K .......... .......... .......... .......... .......... 90% 35.6M 0s
  8450K .......... .......... .......... .......... .......... 90% 27.1M 0s
  8500K .......... .......... .......... .......... .......... 91% 42.7M 0s
  8550K .......... .......... .......... .......... .......... 91% 34.4M 0s
  8600K .......... .......... .......... .......... .......... 92% 28.9M 0s
  8650K .......... .......... .......... .......... .......... 92% 34.1M 0s
  8700K .......... .......... .......... .......... .......... 93% 30.4M 0s
  8750K .......... .......... .......... .......... .......... 93% 33.8M 0s
  8800K .......... .......... .......... .......... .......... 94% 34.4M 0s
  8850K .......... .......... .......... .......... .......... 94% 30.6M 0s
  8900K .......... .......... .......... .......... .......... 95% 34.9M 0s
  8950K .......... .......... .......... .......... .......... 95% 30.7M 0s
  9000K .......... .......... .......... .......... .......... 96% 34.6M 0s
  9050K .......... .......... .......... .......... .......... 96% 35.4M 0s
  9100K .......... .......... .......... .......... .......... 97% 29.1M 0s
  9150K .......... .......... .......... .......... .......... 98% 35.6M 0s
  9200K .......... .......... .......... .......... .......... 98% 29.9M 0s
  9250K .......... .......... .......... .......... .......... 99% 35.7M 0s
  9300K .......... .......... .......... .......... .......... 99% 35.4M 0s
  9350K .......... .......... .......... ...                  100% 30.2M=0.4s

2022-05-05 02:55:04 (21.5 MB/s) - ‘/root/process_mining/trips_tracing/stops.json’ saved [9609092/9609092]

--2022-05-05 02:55:04--  https://files.cloudgdansk.pl/d/otwarte-dane/ztm/baza-pojazdow.json?v=2
Resolving files.cloudgdansk.pl (files.cloudgdansk.pl)... 153.19.238.147
Connecting to files.cloudgdansk.pl (files.cloudgdansk.pl)|153.19.238.147|:443... connected.
HTTP request sent, awaiting response... 200 OK
Length: 279155 (273K) [application/json]
Saving to: ‘/root/process_mining/trips_tracing/baza-pojazdow.json’

     0K .......... .......... .......... .......... .......... 18% 1.71M 0s
    50K .......... .......... .......... .......... .......... 36% 1.72M 0s
   100K .......... .......... .......... .......... .......... 55%  117M 0s
   150K .......... .......... .......... .......... .......... 73%  161M 0s
   200K .......... .......... .......... .......... .......... 91% 1.74M 0s
   250K .......... .......... ..                              100%  190M=0.09s

2022-05-05 02:55:04 (3.10 MB/s) - ‘/root/process_mining/trips_tracing/baza-pojazdow.json’ saved [279155/279155]

