--2022-05-06 02:55:01--  https://ckan.multimediagdansk.pl/dataset/c24aa637-3619-4dc2-a171-a23eec8f2172/resource/3115d29d-b763-4af5-93f6-763b835967d6/download/stopsintrip.json
Resolving ckan.multimediagdansk.pl (ckan.multimediagdansk.pl)... 91.244.248.30
Connecting to ckan.multimediagdansk.pl (ckan.multimediagdansk.pl)|91.244.248.30|:443... connected.
HTTP request sent, awaiting response... 200 OK
Length: 23172700 (22M) [application/json]
Saving to: ‘/root/process_mining/trips_tracing/stopsintrip.json’

     0K .......... .......... .......... .......... ..........  0%  890K 25s
    50K .......... .......... .......... .......... ..........  0% 1.75M 19s
   100K .......... .......... .......... .......... ..........  0% 49.4M 13s
   150K .......... .......... .......... .......... ..........  0%  106M 10s
   200K .......... .......... .......... .......... ..........  1% 1.77M 10s
   250K .......... .......... .......... .......... ..........  1% 57.6M 8s
   300K .......... .......... .......... .......... ..........  1%  112M 7s
   350K .......... .......... .......... .......... ..........  1%  114M 6s
   400K .......... .......... .......... .......... ..........  1% 1.88M 7s
   450K .......... .......... .......... .......... ..........  2% 44.3M 6s
   500K .......... .......... .......... .......... ..........  2% 53.9M 6s
   550K .......... .......... .......... .......... ..........  2% 61.7M 5s
   600K .......... .......... .......... .......... ..........  2% 70.9M 5s
   650K .......... .......... .......... .......... ..........  3%  141M 5s
   700K .......... .......... .......... .......... ..........  3%  130M 4s
   750K .......... .......... .......... .......... ..........  3%  150M 4s
   800K .......... .......... .......... .......... ..........  3%  118M 4s
   850K .......... .......... .......... .......... ..........  3% 2.11M 4s
   900K .......... .......... .......... .......... ..........  4% 78.4M 4s
   950K .......... .......... .......... .......... ..........  4% 57.3M 4s
  1000K .......... .......... .......... .......... ..........  4% 74.4M 4s
  1050K .......... .......... .......... .......... ..........  4% 55.7M 3s
  1100K .......... .......... .......... .......... ..........  5% 54.5M 3s
  1150K .......... .......... .......... .......... ..........  5% 70.1M 3s
  1200K .......... .......... .......... .......... ..........  5% 50.2M 3s
  1250K .......... .......... .......... .......... ..........  5% 70.3M 3s
  1300K .......... .......... .......... .......... ..........  5% 76.7M 3s
  1350K .......... .......... .......... .......... ..........  6% 69.4M 3s
  1400K .......... .......... .......... .......... ..........  6%  143M 3s
  1450K .......... .......... .......... .......... ..........  6%  140M 2s
  1500K .......... .......... .......... .......... ..........  6%  150M 2s
  1550K .......... .......... .......... .......... ..........  7%  149M 2s
  1600K .......... .......... .......... .......... ..........  7%  133M 2s
  1650K .......... .......... .......... .......... ..........  7%  152M 2s
  1700K .......... .......... .......... .......... ..........  7%  133M 2s
  1750K .......... .......... .......... .......... ..........  7% 2.67M 2s
  1800K .......... .......... .......... .......... ..........  8% 93.5M 2s
  1850K .......... .......... .......... .......... ..........  8% 83.4M 2s
  1900K .......... .......... .......... .......... ..........  8% 68.3M 2s
  1950K .......... .......... .......... .......... ..........  8% 63.5M 2s
  2000K .......... .......... .......... .......... ..........  9% 80.9M 2s
  2050K .......... .......... .......... .......... ..........  9% 70.9M 2s
  2100K .......... .......... .......... .......... ..........  9% 71.4M 2s
  2150K .......... .......... .......... .......... ..........  9% 69.9M 2s
  2200K .......... .......... .......... .......... ..........  9% 72.3M 2s
  2250K .......... .......... .......... .......... .......... 10% 79.4M 2s
  2300K .......... .......... .......... .......... .......... 10% 76.3M 2s
  2350K .......... .......... .......... .......... .......... 10% 74.2M 2s
  2400K .......... .......... .......... .......... .......... 10% 74.7M 2s
  2450K .......... .......... .......... .......... .......... 11% 69.1M 2s
  2500K .......... .......... .......... .......... .......... 11% 80.1M 2s
  2550K .......... .......... .......... .......... .......... 11% 70.9M 2s
  2600K .......... .......... .......... .......... .......... 11% 73.9M 2s
  2650K .......... .......... .......... .......... .......... 11% 79.5M 2s
  2700K .......... .......... .......... .......... .......... 12% 64.9M 2s
  2750K .......... .......... .......... .......... .......... 12%  118M 1s
  2800K .......... .......... .......... .......... .......... 12%  112M 1s
  2850K .......... .......... .......... .......... .......... 12% 83.5M 1s
  2900K .......... .......... .......... .......... .......... 13%  116M 1s
  2950K .......... .......... .......... .......... .......... 13%  111M 1s
  3000K .......... .......... .......... .......... .......... 13%  128M 1s
  3050K .......... .......... .......... .......... .......... 13%  126M 1s
  3100K .......... .......... .......... .......... .......... 13%  110M 1s
  3150K .......... .......... .......... .......... .......... 14%  142M 1s
  3200K .......... .......... .......... .......... .......... 14% 99.4M 1s
  3250K .......... .......... .......... .......... .......... 14%  120M 1s
  3300K .......... .......... .......... .......... .......... 14%  126M 1s
  3350K .......... .......... .......... .......... .......... 15% 75.3M 1s
  3400K .......... .......... .......... .......... .......... 15% 38.2M 1s
  3450K .......... .......... .......... .......... .......... 15% 22.6M 1s
  3500K .......... .......... .......... .......... .......... 15% 7.70M 1s
  3550K .......... .......... .......... .......... .......... 15% 68.8M 1s
  3600K .......... .......... .......... .......... .......... 16% 84.0M 1s
  3650K .......... .......... .......... .......... .......... 16%  102M 1s
  3700K .......... .......... .......... .......... .......... 16% 75.1M 1s
  3750K .......... .......... .......... .......... .......... 16%  135M 1s
  3800K .......... .......... .......... .......... .......... 17% 54.6M 1s
  3850K .......... .......... .......... .......... .......... 17% 21.1M 1s
  3900K .......... .......... .......... .......... .......... 17% 24.2M 1s
  3950K .......... .......... .......... .......... .......... 17% 19.0M 1s
  4000K .......... .......... .......... .......... .......... 17% 23.3M 1s
  4050K .......... .......... .......... .......... .......... 18% 28.9M 1s
  4100K .......... .......... .......... .......... .......... 18% 26.1M 1s
  4150K .......... .......... .......... .......... .......... 18% 31.7M 1s
  4200K .......... .......... .......... .......... .......... 18% 26.4M 1s
  4250K .......... .......... .......... .......... .......... 19% 35.7M 1s
  4300K .......... .......... .......... .......... .......... 19% 32.7M 1s
  4350K .......... .......... .......... .......... .......... 19% 31.0M 1s
  4400K .......... .......... .......... .......... .......... 19% 38.1M 1s
  4450K .......... .......... .......... .......... .......... 19% 32.5M 1s
  4500K .......... .......... .......... .......... .......... 20% 29.5M 1s
  4550K .......... .......... .......... .......... .......... 20% 25.6M 1s
  4600K .......... .......... .......... .......... .......... 20% 24.1M 1s
  4650K .......... .......... .......... .......... .......... 20% 38.2M 1s
  4700K .......... .......... .......... .......... .......... 20% 28.6M 1s
  4750K .......... .......... .......... .......... .......... 21% 33.9M 1s
  4800K .......... .......... .......... .......... .......... 21% 33.2M 1s
  4850K .......... .......... .......... .......... .......... 21% 28.5M 1s
  4900K .......... .......... .......... .......... .......... 21% 27.4M 1s
  4950K .......... .......... .......... .......... .......... 22% 34.0M 1s
  5000K .......... .......... .......... .......... .......... 22% 33.3M 1s
  5050K .......... .......... .......... .......... .......... 22% 31.7M 1s
  5100K .......... .......... .......... .......... .......... 22% 28.2M 1s
  5150K .......... .......... .......... .......... .......... 22% 22.9M 1s
  5200K .......... .......... .......... .......... .......... 23% 36.7M 1s
  5250K .......... .......... .......... .......... .......... 23% 29.5M 1s
  5300K .......... .......... .......... .......... .......... 23% 30.5M 1s
  5350K .......... .......... .......... .......... .......... 23% 27.0M 1s
  5400K .......... .......... .......... .......... .......... 24% 34.1M 1s
  5450K .......... .......... .......... .......... .......... 24% 29.0M 1s
  5500K .......... .......... .......... .......... .......... 24% 30.7M 1s
  5550K .......... .......... .......... .......... .......... 24% 29.1M 1s
  5600K .......... .......... .......... .......... .......... 24% 27.1M 1s
  5650K .......... .......... .......... .......... .......... 25% 29.4M 1s
  5700K .......... .......... .......... .......... .......... 25% 27.5M 1s
  5750K .......... .......... .......... .......... .......... 25% 30.9M 1s
  5800K .......... .......... .......... .......... .......... 25% 32.1M 1s
  5850K .......... .......... .......... .......... .......... 26% 28.3M 1s
  5900K .......... .......... .......... .......... .......... 26% 31.7M 1s
  5950K .......... .......... .......... .......... .......... 26% 27.3M 1s
  6000K .......... .......... .......... .......... .......... 26% 32.4M 1s
  6050K .......... .......... .......... .......... .......... 26% 30.5M 1s
  6100K .......... .......... .......... .......... .......... 27% 30.1M 1s
  6150K .......... .......... .......... .......... .......... 27% 30.4M 1s
  6200K .......... .......... .......... .......... .......... 27% 27.3M 1s
  6250K .......... .......... .......... .......... .......... 27% 31.3M 1s
  6300K .......... .......... .......... .......... .......... 28% 32.9M 1s
  6350K .......... .......... .......... .......... .......... 28% 28.1M 1s
  6400K .......... .......... .......... .......... .......... 28% 32.2M 1s
  6450K .......... .......... .......... .......... .......... 28% 25.6M 1s
  6500K .......... .......... .......... .......... .......... 28% 37.0M 1s
  6550K .......... .......... .......... .......... .......... 29% 32.0M 1s
  6600K .......... .......... .......... .......... .......... 29% 28.8M 1s
  6650K .......... .......... .......... .......... .......... 29% 32.6M 1s
  6700K .......... .......... .......... .......... .......... 29% 26.8M 1s
  6750K .......... .......... .......... .......... .......... 30% 31.2M 1s
  6800K .......... .......... .......... .......... .......... 30% 33.0M 1s
  6850K .......... .......... .......... .......... .......... 30% 27.4M 1s
  6900K .......... .......... .......... .......... .......... 30% 29.3M 1s
  6950K .......... .......... .......... .......... .......... 30% 25.4M 1s
  7000K .......... .......... .......... .......... .......... 31% 34.3M 1s
  7050K .......... .......... .......... .......... .......... 31% 29.1M 1s
  7100K .......... .......... .......... .......... .......... 31% 18.5M 1s
  7150K .......... .......... .......... .......... .......... 31% 52.2M 1s
  7200K .......... .......... .......... .......... .......... 32% 26.2M 1s
  7250K .......... .......... .......... .......... .......... 32% 30.8M 1s
  7300K .......... .......... .......... .......... .......... 32% 30.2M 1s
  7350K .......... .......... .......... .......... .......... 32% 23.1M 1s
  7400K .......... .......... .......... .......... .......... 32% 37.3M 1s
  7450K .......... .......... .......... .......... .......... 33% 24.4M 1s
  7500K .......... .......... .......... .......... .......... 33% 29.6M 1s
  7550K .......... .......... .......... .......... .......... 33% 33.6M 1s
  7600K .......... .......... .......... .......... .......... 33% 30.2M 1s
  7650K .......... .......... .......... .......... .......... 34% 29.7M 1s
  7700K .......... .......... .......... .......... .......... 34% 27.0M 1s
  7750K .......... .......... .......... .......... .......... 34% 34.0M 1s
  7800K .......... .......... .......... .......... .......... 34% 32.0M 1s
  7850K .......... .......... .......... .......... .......... 34% 21.4M 1s
  7900K .......... .......... .......... .......... .......... 35% 38.5M 1s
  7950K .......... .......... .......... .......... .......... 35% 29.4M 1s
  8000K .......... .......... .......... .......... .......... 35% 29.9M 1s
  8050K .......... .......... .......... .......... .......... 35% 30.5M 1s
  8100K .......... .......... .......... .......... .......... 36% 27.1M 1s
  8150K .......... .......... .......... .......... .......... 36% 34.3M 1s
  8200K .......... .......... .......... .......... .......... 36% 27.9M 1s
  8250K .......... .......... .......... .......... .......... 36% 27.4M 1s
  8300K .......... .......... .......... .......... .......... 36% 34.3M 1s
  8350K .......... .......... .......... .......... .......... 37% 27.7M 1s
  8400K .......... .......... .......... .......... .......... 37% 33.0M 1s
  8450K .......... .......... .......... .......... .......... 37% 26.1M 1s
  8500K .......... .......... .......... .......... .......... 37% 32.7M 1s
  8550K .......... .......... .......... .......... .......... 38% 33.0M 1s
  8600K .......... .......... .......... .......... .......... 38% 25.0M 1s
  8650K .......... .......... .......... .......... .......... 38% 17.1M 1s
  8700K .......... .......... .......... .......... .......... 38% 57.8M 1s
  8750K .......... .......... .......... .......... .......... 38% 28.1M 1s
  8800K .......... .......... .......... .......... .......... 39% 33.6M 1s
  8850K .......... .......... .......... .......... .......... 39% 18.6M 1s
  8900K .......... .......... .......... .......... .......... 39% 33.5M 1s
  8950K .......... .......... .......... .......... .......... 39% 29.6M 1s
  9000K .......... .......... .......... .......... .......... 39% 26.0M 1s
  9050K .......... .......... .......... .......... .......... 40% 23.3M 1s
  9100K .......... .......... .......... .......... .......... 40% 24.4M 1s
  9150K .......... .......... .......... .......... .......... 40% 31.9M 1s
  9200K .......... .......... .......... .......... .......... 40% 29.4M 1s
  9250K .......... .......... .......... .......... .......... 41% 14.9M 1s
  9300K .......... .......... .......... .......... .......... 41% 30.0M 1s
  9350K .......... .......... .......... .......... .......... 41% 20.1M 1s
  9400K .......... .......... .......... .......... .......... 41% 44.6M 1s
  9450K .......... .......... .......... .......... .......... 41% 28.7M 1s
  9500K .......... .......... .......... .......... .......... 42% 12.8M 1s
  9550K .......... .......... .......... .......... .......... 42% 38.9M 1s
  9600K .......... .......... .......... .......... .......... 42% 28.2M 1s
  9650K .......... .......... .......... .......... .......... 42% 33.0M 1s
  9700K .......... .......... .......... .......... .......... 43% 26.0M 1s
  9750K .......... .......... .......... .......... .......... 43% 32.9M 1s
  9800K .......... .......... .......... .......... .......... 43% 32.4M 1s
  9850K .......... .......... .......... .......... .......... 43% 25.7M 1s
  9900K .......... .......... .......... .......... .......... 43% 27.7M 1s
  9950K .......... .......... .......... .......... .......... 44% 28.5M 1s
 10000K .......... .......... .......... .......... .......... 44% 34.5M 1s
 10050K .......... .......... .......... .......... .......... 44% 33.5M 1s
 10100K .......... .......... .......... .......... .......... 44% 28.4M 1s
 10150K .......... .......... .......... .......... .......... 45% 30.7M 1s
 10200K .......... .......... .......... .......... .......... 45% 29.4M 1s
 10250K .......... .......... .......... .......... .......... 45% 30.8M 1s
 10300K .......... .......... .......... .......... .......... 45% 36.7M 1s
 10350K .......... .......... .......... .......... .......... 45% 29.4M 1s
 10400K .......... .......... .......... .......... .......... 46% 32.6M 1s
 10450K .......... .......... .......... .......... .......... 46% 26.8M 1s
 10500K .......... .......... .......... .......... .......... 46% 32.1M 1s
 10550K .......... .......... .......... .......... .......... 46% 33.4M 1s
 10600K .......... .......... .......... .......... .......... 47% 26.6M 1s
 10650K .......... .......... .......... .......... .......... 47% 29.2M 1s
 10700K .......... .......... .......... .......... .......... 47% 27.0M 1s
 10750K .......... .......... .......... .......... .......... 47% 31.5M 1s
 10800K .......... .......... .......... .......... .......... 47% 31.0M 1s
 10850K .......... .......... .......... .......... .......... 48% 26.1M 1s
 10900K .......... .......... .......... .......... .......... 48% 29.0M 1s
 10950K .......... .......... .......... .......... .......... 48% 29.2M 0s
 11000K .......... .......... .......... .......... .......... 48% 32.6M 0s
 11050K .......... .......... .......... .......... .......... 49% 32.8M 0s
 11100K .......... .......... .......... .......... .......... 49% 28.2M 0s
 11150K .......... .......... .......... .......... .......... 49% 32.1M 0s
 11200K .......... .......... .......... .......... .......... 49% 27.2M 0s
 11250K .......... .......... .......... .......... .......... 49% 32.1M 0s
 11300K .......... .......... .......... .......... .......... 50% 31.9M 0s
 11350K .......... .......... .......... .......... .......... 50% 24.9M 0s
 11400K .......... .......... .......... .......... .......... 50% 36.9M 0s
 11450K .......... .......... .......... .......... .......... 50% 28.1M 0s
 11500K .......... .......... .......... .......... .......... 51% 30.2M 0s
 11550K .......... .......... .......... .......... .......... 51% 32.7M 0s
 11600K .......... .......... .......... .......... .......... 51% 25.7M 0s
 11650K .......... .......... .......... .......... .......... 51% 31.6M 0s
 11700K .......... .......... .......... .......... .......... 51% 29.4M 0s
 11750K .......... .......... .......... .......... .......... 52% 32.2M 0s
 11800K .......... .......... .......... .......... .......... 52% 30.0M 0s
 11850K .......... .......... .......... .......... .......... 52% 26.8M 0s
 11900K .......... .......... .......... .......... .......... 52% 33.0M 0s
 11950K .......... .......... .......... .......... .......... 53% 27.3M 0s
 12000K .......... .......... .......... .......... .......... 53% 30.7M 0s
 12050K .......... .......... .......... .......... .......... 53% 30.7M 0s
 12100K .......... .......... .......... .......... .......... 53% 27.5M 0s
 12150K .......... .......... .......... .......... .......... 53% 31.6M 0s
 12200K .......... .......... .......... .......... .......... 54% 27.3M 0s
 12250K .......... .......... .......... .......... .......... 54% 30.0M 0s
 12300K .......... .......... .......... .......... .......... 54% 31.0M 0s
 12350K .......... .......... .......... .......... .......... 54% 26.3M 0s
 12400K .......... .......... .......... .......... .......... 55% 29.7M 0s
 12450K .......... .......... .......... .......... .......... 55% 28.1M 0s
 12500K .......... .......... .......... .......... .......... 55% 28.9M 0s
 12550K .......... .......... .......... .......... .......... 55% 24.8M 0s
 12600K .......... .......... .......... .......... .......... 55% 31.3M 0s
 12650K .......... .......... .......... .......... .......... 56% 30.2M 0s
 12700K .......... .......... .......... .......... .......... 56% 26.3M 0s
 12750K .......... .......... .......... .......... .......... 56% 27.3M 0s
 12800K .......... .......... .......... .......... .......... 56% 33.3M 0s
 12850K .......... .......... .......... .......... .......... 57% 23.7M 0s
 12900K .......... .......... .......... .......... .......... 57% 28.1M 0s
 12950K .......... .......... .......... .......... .......... 57% 17.8M 0s
 13000K .......... .......... .......... .......... .......... 57% 27.9M 0s
 13050K .......... .......... .......... .......... .......... 57% 20.3M 0s
 13100K .......... .......... .......... .......... .......... 58% 31.7M 0s
 13150K .......... .......... .......... .......... .......... 58% 24.3M 0s
 13200K .......... .......... .......... .......... .......... 58% 23.6M 0s
 13250K .......... .......... .......... .......... .......... 58% 28.8M 0s
 13300K .......... .......... .......... .......... .......... 58% 29.9M 0s
 13350K .......... .......... .......... .......... .......... 59% 21.9M 0s
 13400K .......... .......... .......... .......... .......... 59% 32.6M 0s
 13450K .......... .......... .......... .......... .......... 59% 28.1M 0s
 13500K .......... .......... .......... .......... .......... 59% 32.3M 0s
 13550K .......... .......... .......... .......... .......... 60% 22.6M 0s
 13600K .......... .......... .......... .......... .......... 60% 26.0M 0s
 13650K .......... .......... .......... .......... .......... 60% 57.2M 0s
 13700K .......... .......... .......... .......... .......... 60% 30.6M 0s
 13750K .......... .......... .......... .......... .......... 60% 28.1M 0s
 13800K .......... .......... .......... .......... .......... 61% 36.6M 0s
 13850K .......... .......... .......... .......... .......... 61% 36.0M 0s
 13900K .......... .......... .......... .......... .......... 61% 34.0M 0s
 13950K .......... .......... .......... .......... .......... 61% 21.3M 0s
 14000K .......... .......... .......... .......... .......... 62% 32.3M 0s
 14050K .......... .......... .......... .......... .......... 62% 27.1M 0s
 14100K .......... .......... .......... .......... .......... 62% 24.0M 0s
 14150K .......... .......... .......... .......... .......... 62% 32.4M 0s
 14200K .......... .......... .......... .......... .......... 62% 27.5M 0s
 14250K .......... .......... .......... .......... .......... 63% 30.4M 0s
 14300K .......... .......... .......... .......... .......... 63% 17.2M 0s
 14350K .......... .......... .......... .......... .......... 63% 36.2M 0s
 14400K .......... .......... .......... .......... .......... 63% 35.6M 0s
 14450K .......... .......... .......... .......... .......... 64% 29.5M 0s
 14500K .......... .......... .......... .......... .......... 64% 37.6M 0s
 14550K .......... .......... .......... .......... .......... 64% 29.4M 0s
 14600K .......... .......... .......... .......... .......... 64% 36.2M 0s
 14650K .......... .......... .......... .......... .......... 64% 35.9M 0s
 14700K .......... .......... .......... .......... .......... 65% 30.4M 0s
 14750K .......... .......... .......... .......... .......... 65% 35.2M 0s
 14800K .......... .......... .......... .......... .......... 65% 30.2M 0s
 14850K .......... .......... .......... .......... .......... 65% 37.1M 0s
 14900K .......... .......... .......... .......... .......... 66% 30.9M 0s
 14950K .......... .......... .......... .......... .......... 66% 34.6M 0s
 15000K .......... .......... .......... .......... .......... 66% 35.6M 0s
 15050K .......... .......... .......... .......... .......... 66% 31.1M 0s
 15100K .......... .......... .......... .......... .......... 66% 34.8M 0s
 15150K .......... .......... .......... .......... .......... 67% 35.8M 0s
 15200K .......... .......... .......... .......... .......... 67% 31.4M 0s
 15250K .......... .......... .......... .......... .......... 67% 37.0M 0s
 15300K .......... .......... .......... .......... .......... 67% 30.9M 0s
 15350K .......... .......... .......... .......... .......... 68% 37.0M 0s
 15400K .......... .......... .......... .......... .......... 68% 34.1M 0s
 15450K .......... .......... .......... .......... .......... 68% 30.6M 0s
 15500K .......... .......... .......... .......... .......... 68% 36.1M 0s
 15550K .......... .......... .......... .......... .......... 68% 30.2M 0s
 15600K .......... .......... .......... .......... .......... 69% 37.6M 0s
 15650K .......... .......... .......... .......... .......... 69% 34.6M 0s
 15700K .......... .......... .......... .......... .......... 69% 30.9M 0s
 15750K .......... .......... .......... .......... .......... 69% 35.5M 0s
 15800K .......... .......... .......... .......... .......... 70% 30.9M 0s
 15850K .......... .......... .......... .......... .......... 70% 34.8M 0s
 15900K .......... .......... .......... .......... .......... 70% 36.6M 0s
 15950K .......... .......... .......... .......... .......... 70% 29.4M 0s
 16000K .......... .......... .......... .......... .......... 70% 36.7M 0s
 16050K .......... .......... .......... .......... .......... 71% 29.3M 0s
 16100K .......... .......... .......... .......... .......... 71% 37.0M 0s
 16150K .......... .......... .......... .......... .......... 71% 36.8M 0s
 16200K .......... .......... .......... .......... .......... 71% 30.7M 0s
 16250K .......... .......... .......... .......... .......... 72% 35.0M 0s
 16300K .......... .......... .......... .......... .......... 72% 30.8M 0s
 16350K .......... .......... .......... .......... .......... 72% 36.9M 0s
 16400K .......... .......... .......... .......... .......... 72% 34.9M 0s
 16450K .......... .......... .......... .......... .......... 72% 30.8M 0s
 16500K .......... .......... .......... .......... .......... 73% 30.8M 0s
 16550K .......... .......... .......... .......... .......... 73% 36.3M 0s
 16600K .......... .......... .......... .......... .......... 73% 35.4M 0s
 16650K .......... .......... .......... .......... .......... 73% 36.4M 0s
 16700K .......... .......... .......... .......... .......... 74% 30.2M 0s
 16750K .......... .......... .......... .......... .......... 74% 36.6M 0s
 16800K .......... .......... .......... .......... .......... 74% 31.0M 0s
 16850K .......... .......... .......... .......... .......... 74% 34.9M 0s
 16900K .......... .......... .......... .......... .......... 74% 35.4M 0s
 16950K .......... .......... .......... .......... .......... 75% 30.7M 0s
 17000K .......... .......... .......... .......... .......... 75% 34.5M 0s
 17050K .......... .......... .......... .......... .......... 75% 26.5M 0s
 17100K .......... .......... .......... .......... .......... 75% 41.7M 0s
 17150K .......... .......... .......... .......... .......... 76% 35.7M 0s
 17200K .......... .......... .......... .......... .......... 76% 27.8M 0s
 17250K .......... .......... .......... .......... .......... 76% 35.7M 0s
 17300K .......... .......... .......... .......... .......... 76% 30.8M 0s
 17350K .......... .......... .......... .......... .......... 76% 34.3M 0s
 17400K .......... .......... .......... .......... .......... 77% 33.3M 0s
 17450K .......... .......... .......... .......... .......... 77% 27.6M 0s
 17500K .......... .......... .......... .......... .......... 77% 33.8M 0s
 17550K .......... .......... .......... .......... .......... 77% 35.8M 0s
 17600K .......... .......... .......... .......... .......... 77% 36.1M 0s
 17650K .......... .......... .......... .......... .......... 78% 33.7M 0s
 17700K .......... .......... .......... .......... .......... 78% 31.7M 0s
 17750K .......... .......... .......... .......... .......... 78% 25.9M 0s
 17800K .......... .......... .......... .......... .......... 78% 39.3M 0s
 17850K .......... .......... .......... .......... .......... 79% 35.3M 0s
 17900K .......... .......... .......... .......... .......... 79% 36.1M 0s
 17950K .......... .......... .......... .......... .......... 79% 29.3M 0s
 18000K .......... .......... .......... .......... .......... 79% 34.8M 0s
 18050K .......... .......... .......... .......... .......... 79% 28.3M 0s
 18100K .......... .......... .......... .......... .......... 80% 39.4M 0s
 18150K .......... .......... .......... .......... .......... 80% 35.0M 0s
 18200K .......... .......... .......... .......... .......... 80% 30.9M 0s
 18250K .......... .......... .......... .......... .......... 80% 29.0M 0s
 18300K .......... .......... .......... .......... .......... 81% 30.3M 0s
 18350K .......... .......... .......... .......... .......... 81% 46.8M 0s
 18400K .......... .......... .......... .......... .......... 81% 35.2M 0s
 18450K .......... .......... .......... .......... .......... 81% 30.9M 0s
 18500K .......... .......... .......... .......... .......... 81% 37.0M 0s
 18550K .......... .......... .......... .......... .......... 82% 29.1M 0s
 18600K .......... .......... .......... .......... .......... 82% 36.5M 0s
 18650K .......... .......... .......... .......... .......... 82% 35.6M 0s
 18700K .......... .......... .......... .......... .......... 82% 31.1M 0s
 18750K .......... .......... .......... .......... .......... 83% 34.5M 0s
 18800K .......... .......... .......... .......... .......... 83% 31.0M 0s
 18850K .......... .......... .......... .......... .......... 83% 34.6M 0s
 18900K .......... .......... .......... .......... .......... 83% 36.9M 0s
 18950K .......... .......... .......... .......... .......... 83% 30.1M 0s
 19000K .......... .......... .......... .......... .......... 84% 11.4M 0s
 19050K .......... .......... .......... .......... .......... 84%  339K 0s
 19100K .......... .......... .......... .......... .......... 84%  129M 0s
 19150K .......... .......... .......... .......... .......... 84%  144M 0s
 19200K .......... .......... .......... .......... .......... 85%  107M 0s
 19250K .......... .......... .......... .......... .......... 85%  142M 0s
 19300K .......... .......... .......... .......... .......... 85%  121M 0s
 19350K .......... .......... .......... .......... .......... 85%  150M 0s
 19400K .......... .......... .......... .......... .......... 85%  132M 0s
 19450K .......... .......... .......... .......... .......... 86%  119M 0s
 19500K .......... .......... .......... .......... .......... 86%  145M 0s
 19550K .......... .......... .......... .......... .......... 86%  126M 0s
 19600K .......... .......... .......... .......... .......... 86%  102M 0s
 19650K .......... .......... .......... .......... .......... 87%  126M 0s
 19700K .......... .......... .......... .......... .......... 87%  120M 0s
 19750K .......... .......... .......... .......... .......... 87%  140M 0s
 19800K .......... .......... .......... .......... .......... 87%  124M 0s
 19850K .......... .......... .......... .......... .......... 87%  146M 0s
 19900K .......... .......... .......... .......... .......... 88%  150M 0s
 19950K .......... .......... .......... .......... .......... 88% 86.5M 0s
 20000K .......... .......... .......... .......... .......... 88%  149M 0s
 20050K .......... .......... .......... .......... .......... 88%  132M 0s
 20100K .......... .......... .......... .......... .......... 89%  127M 0s
 20150K .......... .......... .......... .......... .......... 89%  149M 0s
 20200K .......... .......... .......... .......... .......... 89%  119M 0s
 20250K .......... .......... .......... .......... .......... 89%  113M 0s
 20300K .......... .......... .......... .......... .......... 89%  135M 0s
 20350K .......... .......... .......... .......... .......... 90%  141M 0s
 20400K .......... .......... .......... .......... .......... 90%  130M 0s
 20450K .......... .......... .......... .......... .......... 90%  122M 0s
 20500K .......... .......... .......... .......... .......... 90%  138M 0s
 20550K .......... .......... .......... .......... .......... 91%  135M 0s
 20600K .......... .......... .......... .......... .......... 91%  157M 0s
 20650K .......... .......... .......... .......... .......... 91% 24.6M 0s
 20700K .......... .......... .......... .......... .......... 91% 10.1M 0s
 20750K .......... .......... .......... .......... .......... 91%  793K 0s
 20800K .......... .......... .......... .......... .......... 92%  121M 0s
 20850K .......... .......... .......... .......... .......... 92%  157M 0s
 20900K .......... .......... .......... .......... .......... 92%  162M 0s
 20950K .......... .......... .......... .......... .......... 92%  105M 0s
 21000K .......... .......... .......... .......... .......... 93%  162M 0s
 21050K .......... .......... .......... .......... .......... 93%  125M 0s
 21100K .......... .......... .......... .......... .......... 93%  139M 0s
 21150K .......... .......... .......... .......... .......... 93%  163M 0s
 21200K .......... .......... .......... .......... .......... 93%  117M 0s
 21250K .......... .......... .......... .......... .......... 94%  153M 0s
 21300K .......... .......... .......... .......... .......... 94%  140M 0s
 21350K .......... .......... .......... .......... .......... 94%  136M 0s
 21400K .......... .......... .......... .......... .......... 94%  154M 0s
 21450K .......... .......... .......... .......... .......... 95%  129M 0s
 21500K .......... .......... .......... .......... .......... 95%  145M 0s
 21550K .......... .......... .......... .......... .......... 95% 34.6M 0s
 21600K .......... .......... .......... .......... .......... 95%  792K 0s
 21650K .......... .......... .......... .......... .......... 95%  116M 0s
 21700K .......... .......... .......... .......... .......... 96% 91.9M 0s
 21750K .......... .......... .......... .......... .......... 96%  119M 0s
 21800K .......... .......... .......... .......... .......... 96%  105M 0s
 21850K .......... .......... .......... .......... .......... 96%  115M 0s
 21900K .......... .......... .......... .......... .......... 96%  123M 0s
 21950K .......... .......... .......... .......... .......... 97% 98.5M 0s
 22000K .......... .......... .......... .......... .......... 97%  118M 0s
 22050K .......... .......... .......... .......... .......... 97% 6.11M 0s
 22100K .......... .......... .......... .......... .......... 97%  127M 0s
 22150K .......... .......... .......... .......... .......... 98%  155M 0s
 22200K .......... .......... .......... .......... .......... 98%  104M 0s
 22250K .......... .......... .......... .......... .......... 98%  136M 0s
 22300K .......... .......... .......... .......... .......... 98%  115M 0s
 22350K .......... .......... .......... .......... .......... 98%  128M 0s
 22400K .......... .......... .......... .......... .......... 99%  137M 0s
 22450K .......... .......... .......... .......... .......... 99%  114M 0s
 22500K .......... .......... .......... .......... .......... 99% 16.3M 0s
 22550K .......... .......... .......... .......... .......... 99% 7.59M 0s
 22600K .......... .......... .........                       100%  145M=1.1s

2022-05-06 02:55:02 (21.0 MB/s) - ‘/root/process_mining/trips_tracing/stopsintrip.json’ saved [23172700/23172700]

--2022-05-06 02:55:02--  https://ckan.multimediagdansk.pl/dataset/c24aa637-3619-4dc2-a171-a23eec8f2172/resource/4c4025f0-01bf-41f7-a39f-d156d201b82b/download/stops.json
Resolving ckan.multimediagdansk.pl (ckan.multimediagdansk.pl)... 91.244.248.30
Connecting to ckan.multimediagdansk.pl (ckan.multimediagdansk.pl)|91.244.248.30|:443... connected.
HTTP request sent, awaiting response... 200 OK
Length: 8514426 (8.1M) [application/json]
Saving to: ‘/root/process_mining/trips_tracing/stops.json’

     0K .......... .......... .......... .......... ..........  0%  890K 9s
    50K .......... .......... .......... .......... ..........  1% 1.75M 7s
   100K .......... .......... .......... .......... ..........  1% 63.6M 5s
   150K .......... .......... .......... .......... ..........  2% 96.4M 3s
   200K .......... .......... .......... .......... ..........  3% 1.75M 4s
   250K .......... .......... .......... .......... ..........  3% 69.4M 3s
   300K .......... .......... .......... .......... ..........  4%  110M 3s
   350K .......... .......... .......... .......... ..........  4%  138M 2s
   400K .......... .......... .......... .......... ..........  5% 1.87M 2s
   450K .......... .......... .......... .......... ..........  6% 68.2M 2s
   500K .......... .......... .......... .......... ..........  6% 73.2M 2s
   550K .......... .......... .......... .......... ..........  7% 70.3M 2s
   600K .......... .......... .......... .......... ..........  7% 62.7M 2s
   650K .......... .......... .......... .......... ..........  8% 88.6M 2s
   700K .......... .......... .......... .......... ..........  9%  112M 1s
   750K .......... .......... .......... .......... ..........  9%  146M 1s
   800K .......... .......... .......... .......... .......... 10%  152M 1s
   850K .......... .......... .......... .......... .......... 10% 2.05M 1s
   900K .......... .......... .......... .......... .......... 11% 69.8M 1s
   950K .......... .......... .......... .......... .......... 12% 60.7M 1s
  1000K .......... .......... .......... .......... .......... 12% 88.4M 1s
  1050K .......... .......... .......... .......... .......... 13% 74.6M 1s
  1100K .......... .......... .......... .......... .......... 13% 63.2M 1s
  1150K .......... .......... .......... .......... .......... 14% 82.0M 1s
  1200K .......... .......... .......... .......... .......... 15% 65.2M 1s
  1250K .......... .......... .......... .......... .......... 15% 95.9M 1s
  1300K .......... .......... .......... .......... .......... 16% 94.6M 1s
  1350K .......... .......... .......... .......... .......... 16% 83.4M 1s
  1400K .......... .......... .......... .......... .......... 17% 33.5M 1s
  1450K .......... .......... .......... .......... .......... 18%  112M 1s
  1500K .......... .......... .......... .......... .......... 18%  150M 1s
  1550K .......... .......... .......... .......... .......... 19%  145M 1s
  1600K .......... .......... .......... .......... .......... 19%  133M 1s
  1650K .......... .......... .......... .......... .......... 20%  166M 1s
  1700K .......... .......... .......... .......... .......... 21% 2.64M 1s
  1750K .......... .......... .......... .......... .......... 21% 78.0M 1s
  1800K .......... .......... .......... .......... .......... 22% 73.1M 1s
  1850K .......... .......... .......... .......... .......... 22% 78.1M 1s
  1900K .......... .......... .......... .......... .......... 23% 81.8M 1s
  1950K .......... .......... .......... .......... .......... 24% 79.5M 1s
  2000K .......... .......... .......... .......... .......... 24%  105M 1s
  2050K .......... .......... .......... .......... .......... 25% 86.2M 1s
  2100K .......... .......... .......... .......... .......... 25% 80.5M 1s
  2150K .......... .......... .......... .......... .......... 26% 91.6M 1s
  2200K .......... .......... .......... .......... .......... 27% 86.0M 1s
  2250K .......... .......... .......... .......... .......... 27% 88.4M 1s
  2300K .......... .......... .......... .......... .......... 28%  104M 1s
  2350K .......... .......... .......... .......... .......... 28% 73.2M 1s
  2400K .......... .......... .......... .......... .......... 29%  101M 0s
  2450K .......... .......... .......... .......... .......... 30% 73.2M 0s
  2500K .......... .......... .......... .......... .......... 30% 93.5M 0s
  2550K .......... .......... .......... .......... .......... 31% 83.5M 0s
  2600K .......... .......... .......... .......... .......... 31% 72.5M 0s
  2650K .......... .......... .......... .......... .......... 32% 91.6M 0s
  2700K .......... .......... .......... .......... .......... 33% 77.5M 0s
  2750K .......... .......... .......... .......... .......... 33% 81.3M 0s
  2800K .......... .......... .......... .......... .......... 34% 86.6M 0s
  2850K .......... .......... .......... .......... .......... 34% 78.0M 0s
  2900K .......... .......... .......... .......... .......... 35% 86.3M 0s
  2950K .......... .......... .......... .......... .......... 36% 79.2M 0s
  3000K .......... .......... .......... .......... .......... 36% 81.5M 0s
  3050K .......... .......... .......... .......... .......... 37%  102M 0s
  3100K .......... .......... .......... .......... .......... 37% 86.8M 0s
  3150K .......... .......... .......... .......... .......... 38%  133M 0s
  3200K .......... .......... .......... .......... .......... 39%  103M 0s
  3250K .......... .......... .......... .......... .......... 39%  156M 0s
  3300K .......... .......... .......... .......... .......... 40%  157M 0s
  3350K .......... .......... .......... .......... .......... 40% 92.7M 0s
  3400K .......... .......... .......... .......... .......... 41% 47.1M 0s
  3450K .......... .......... .......... .......... .......... 42% 5.45M 0s
  3500K .......... .......... .......... .......... .......... 42% 82.0M 0s
  3550K .......... .......... .......... .......... .......... 43% 93.9M 0s
  3600K .......... .......... .......... .......... .......... 43% 81.9M 0s
  3650K .......... .......... .......... .......... .......... 44% 96.7M 0s
  3700K .......... .......... .......... .......... .......... 45% 70.8M 0s
  3750K .......... .......... .......... .......... .......... 45% 99.8M 0s
  3800K .......... .......... .......... .......... .......... 46% 88.6M 0s
  3850K .......... .......... .......... .......... .......... 46% 75.2M 0s
  3900K .......... .......... .......... .......... .......... 47%  119M 0s
  3950K .......... .......... .......... .......... .......... 48% 84.2M 0s
  4000K .......... .......... .......... .......... .......... 48% 29.5M 0s
  4050K .......... .......... .......... .......... .......... 49% 33.0M 0s
  4100K .......... .......... .......... .......... .......... 49% 26.3M 0s
  4150K .......... .......... .......... .......... .......... 50% 34.6M 0s
  4200K .......... .......... .......... .......... .......... 51% 25.7M 0s
  4250K .......... .......... .......... .......... .......... 51% 31.4M 0s
  4300K .......... .......... .......... .......... .......... 52% 33.5M 0s
  4350K .......... .......... .......... .......... .......... 52% 31.9M 0s
  4400K .......... .......... .......... .......... .......... 53% 33.3M 0s
  4450K .......... .......... .......... .......... .......... 54% 32.5M 0s
  4500K .......... .......... .......... .......... .......... 54% 35.9M 0s
  4550K .......... .......... .......... .......... .......... 55% 39.3M 0s
  4600K .......... .......... .......... .......... .......... 55% 32.2M 0s
  4650K .......... .......... .......... .......... .......... 56% 37.7M 0s
  4700K .......... .......... .......... .......... .......... 57% 30.4M 0s
  4750K .......... .......... .......... .......... .......... 57% 33.2M 0s
  4800K .......... .......... .......... .......... .......... 58% 35.3M 0s
  4850K .......... .......... .......... .......... .......... 58% 29.7M 0s
  4900K .......... .......... .......... .......... .......... 59% 35.5M 0s
  4950K .......... .......... .......... .......... .......... 60% 30.3M 0s
  5000K .......... .......... .......... .......... .......... 60% 36.4M 0s
  5050K .......... .......... .......... .......... .......... 61% 36.4M 0s
  5100K .......... .......... .......... .......... .......... 61% 31.3M 0s
  5150K .......... .......... .......... .......... .......... 62% 35.7M 0s
  5200K .......... .......... .......... .......... .......... 63% 30.2M 0s
  5250K .......... .......... .......... .......... .......... 63% 36.6M 0s
  5300K .......... .......... .......... .......... .......... 64% 34.0M 0s
  5350K .......... .......... .......... .......... .......... 64% 31.5M 0s
  5400K .......... .......... .......... .......... .......... 65% 35.3M 0s
  5450K .......... .......... .......... .......... .......... 66% 31.7M 0s
  5500K .......... .......... .......... .......... .......... 66% 35.9M 0s
  5550K .......... .......... .......... .......... .......... 67% 35.0M 0s
  5600K .......... .......... .......... .......... .......... 67% 31.2M 0s
  5650K .......... .......... .......... .......... .......... 68% 36.0M 0s
  5700K .......... .......... .......... .......... .......... 69% 31.1M 0s
  5750K .......... .......... .......... .......... .......... 69% 33.7M 0s
  5800K .......... .......... .......... .......... .......... 70% 37.2M 0s
  5850K .......... .......... .......... .......... .......... 70% 29.2M 0s
  5900K .......... .......... .......... .......... .......... 71% 28.2M 0s
  5950K .......... .......... .......... .......... .......... 72% 30.3M 0s
  6000K .......... .......... .......... .......... .......... 72% 42.3M 0s
  6050K .......... .......... .......... .......... .......... 73% 35.1M 0s
  6100K .......... .......... .......... .......... .......... 73% 29.1M 0s
  6150K .......... .......... .......... .......... .......... 74% 33.3M 0s
  6200K .......... .......... .......... .......... .......... 75% 30.4M 0s
  6250K .......... .......... .......... .......... .......... 75% 36.4M 0s
  6300K .......... .......... .......... .......... .......... 76% 36.9M 0s
  6350K .......... .......... .......... .......... .......... 76% 26.2M 0s
  6400K .......... .......... .......... .......... .......... 77% 44.4M 0s
  6450K .......... .......... .......... .......... .......... 78% 24.4M 0s
  6500K .......... .......... .......... .......... .......... 78% 37.4M 0s
  6550K .......... .......... .......... .......... .......... 79% 44.5M 0s
  6600K .......... .......... .......... .......... .......... 79% 27.5M 0s
  6650K .......... .......... .......... .......... .......... 80% 46.2M 0s
  6700K .......... .......... .......... .......... .......... 81% 29.3M 0s
  6750K .......... .......... .......... .......... .......... 81% 36.7M 0s
  6800K .......... .......... .......... .......... .......... 82% 35.4M 0s
  6850K .......... .......... .......... .......... .......... 82% 31.9M 0s
  6900K .......... .......... .......... .......... .......... 83% 34.0M 0s
  6950K .......... .......... .......... .......... .......... 84% 31.4M 0s
  7000K .......... .......... .......... .......... .......... 84% 34.8M 0s
  7050K .......... .......... .......... .......... .......... 85% 39.2M 0s
  7100K .......... .......... .......... .......... .......... 85% 29.6M 0s
  7150K .......... .......... .......... .......... .......... 86% 35.2M 0s
  7200K .......... .......... .......... .......... .......... 87% 32.2M 0s
  7250K .......... .......... .......... .......... .......... 87% 34.2M 0s
  7300K .......... .......... .......... .......... .......... 88% 36.3M 0s
  7350K .......... .......... .......... .......... .......... 88% 31.2M 0s
  7400K .......... .......... .......... .......... .......... 89% 36.3M 0s
  7450K .......... .......... .......... .......... .......... 90% 30.7M 0s
  7500K .......... .......... .......... .......... .......... 90% 36.7M 0s
  7550K .......... .......... .......... .......... .......... 91% 35.7M 0s
  7600K .......... .......... .......... .......... .......... 92% 30.8M 0s
  7650K .......... .......... .......... .......... .......... 92% 37.3M 0s
  7700K .......... .......... .......... .......... .......... 93% 25.9M 0s
  7750K .......... .......... .......... .......... .......... 93% 48.1M 0s
  7800K .......... .......... .......... .......... .......... 94% 36.7M 0s
  7850K .......... .......... .......... .......... .......... 95% 29.8M 0s
  7900K .......... .......... .......... .......... .......... 95% 36.1M 0s
  7950K .......... .......... .......... .......... .......... 96% 31.5M 0s
  8000K .......... .......... .......... .......... .......... 96% 34.3M 0s
  8050K .......... .......... .......... .......... .......... 97% 36.4M 0s
  8100K .......... .......... .......... .......... .......... 98% 1.57M 0s
  8150K .......... .......... .......... .......... .......... 98% 16.3M 0s
  8200K .......... .......... .......... .......... .......... 99% 2.03M 0s
  8250K .......... .......... .......... .......... .......... 99% 96.4M 0s
  8300K .......... ....                                       100% 25.6M=0.4s

2022-05-06 02:55:03 (19.8 MB/s) - ‘/root/process_mining/trips_tracing/stops.json’ saved [8514426/8514426]

--2022-05-06 02:55:03--  https://files.cloudgdansk.pl/d/otwarte-dane/ztm/baza-pojazdow.json?v=2
Resolving files.cloudgdansk.pl (files.cloudgdansk.pl)... 153.19.238.147
Connecting to files.cloudgdansk.pl (files.cloudgdansk.pl)|153.19.238.147|:443... connected.
HTTP request sent, awaiting response... 200 OK
Length: 279155 (273K) [application/json]
Saving to: ‘/root/process_mining/trips_tracing/baza-pojazdow.json’

     0K .......... .......... .......... .......... .......... 18% 1.72M 0s
    50K .......... .......... .......... .......... .......... 36% 1.74M 0s
   100K .......... .......... .......... .......... .......... 55% 90.6M 0s
   150K .......... .......... .......... .......... .......... 73%  140M 0s
   200K .......... .......... .......... .......... .......... 91% 1.77M 0s
   250K .......... .......... ..                              100%  200M=0.08s

2022-05-06 02:55:03 (3.13 MB/s) - ‘/root/process_mining/trips_tracing/baza-pojazdow.json’ saved [279155/279155]

