--2022-05-06 00:00:01--  https://files.cloudgdansk.pl/d/otwarte-dane/ztm/bsk.json
Resolving files.cloudgdansk.pl (files.cloudgdansk.pl)... 153.19.238.147
Connecting to files.cloudgdansk.pl (files.cloudgdansk.pl)|153.19.238.147|:443... connected.
HTTP request sent, awaiting response... 200 OK
Length: 60 [text/plain]
Saving to: ‘/root/process_mining/announcements/data/06_05_2022/ann06.05.2022-00-00-01.json’

     0K                                                       100% 11.8M=0s

2022-05-06 00:00:01 (11.8 MB/s) - ‘/root/process_mining/announcements/data/06_05_2022/ann06.05.2022-00-00-01.json’ saved [60/60]

--2022-05-06 00:10:01--  https://files.cloudgdansk.pl/d/otwarte-dane/ztm/bsk.json
Resolving files.cloudgdansk.pl (files.cloudgdansk.pl)... 153.19.238.147
Connecting to files.cloudgdansk.pl (files.cloudgdansk.pl)|153.19.238.147|:443... connected.
HTTP request sent, awaiting response... 200 OK
Length: 60 [text/plain]
Saving to: ‘/root/process_mining/announcements/data/06_05_2022/ann06.05.2022-00-10-01.json’

     0K                                                       100% 11.0M=0s

2022-05-06 00:10:01 (11.0 MB/s) - ‘/root/process_mining/announcements/data/06_05_2022/ann06.05.2022-00-10-01.json’ saved [60/60]

--2022-05-06 00:20:01--  https://files.cloudgdansk.pl/d/otwarte-dane/ztm/bsk.json
Resolving files.cloudgdansk.pl (files.cloudgdansk.pl)... 153.19.238.147
Connecting to files.cloudgdansk.pl (files.cloudgdansk.pl)|153.19.238.147|:443... connected.
HTTP request sent, awaiting response... 200 OK
Length: 60 [text/plain]
Saving to: ‘/root/process_mining/announcements/data/06_05_2022/ann06.05.2022-00-20-01.json’

     0K                                                       100% 10.2M=0s

2022-05-06 00:20:01 (10.2 MB/s) - ‘/root/process_mining/announcements/data/06_05_2022/ann06.05.2022-00-20-01.json’ saved [60/60]

--2022-05-06 00:30:01--  https://files.cloudgdansk.pl/d/otwarte-dane/ztm/bsk.json
Resolving files.cloudgdansk.pl (files.cloudgdansk.pl)... 153.19.238.147
Connecting to files.cloudgdansk.pl (files.cloudgdansk.pl)|153.19.238.147|:443... connected.
HTTP request sent, awaiting response... 200 OK
Length: 60 [text/plain]
Saving to: ‘/root/process_mining/announcements/data/06_05_2022/ann06.05.2022-00-30-01.json’

     0K                                                       100% 11.6M=0s

2022-05-06 00:30:02 (11.6 MB/s) - ‘/root/process_mining/announcements/data/06_05_2022/ann06.05.2022-00-30-01.json’ saved [60/60]

--2022-05-06 00:40:01--  https://files.cloudgdansk.pl/d/otwarte-dane/ztm/bsk.json
Resolving files.cloudgdansk.pl (files.cloudgdansk.pl)... 153.19.238.147
Connecting to files.cloudgdansk.pl (files.cloudgdansk.pl)|153.19.238.147|:443... connected.
HTTP request sent, awaiting response... 200 OK
Length: 60 [text/plain]
Saving to: ‘/root/process_mining/announcements/data/06_05_2022/ann06.05.2022-00-40-01.json’

     0K                                                       100% 12.4M=0s

2022-05-06 00:40:01 (12.4 MB/s) - ‘/root/process_mining/announcements/data/06_05_2022/ann06.05.2022-00-40-01.json’ saved [60/60]

--2022-05-06 00:50:01--  https://files.cloudgdansk.pl/d/otwarte-dane/ztm/bsk.json
Resolving files.cloudgdansk.pl (files.cloudgdansk.pl)... 153.19.238.147
Connecting to files.cloudgdansk.pl (files.cloudgdansk.pl)|153.19.238.147|:443... connected.
HTTP request sent, awaiting response... 200 OK
Length: 60 [text/plain]
Saving to: ‘/root/process_mining/announcements/data/06_05_2022/ann06.05.2022-00-50-01.json’

     0K                                                       100% 12.7M=0s

2022-05-06 00:50:02 (12.7 MB/s) - ‘/root/process_mining/announcements/data/06_05_2022/ann06.05.2022-00-50-01.json’ saved [60/60]

--2022-05-06 01:00:01--  https://files.cloudgdansk.pl/d/otwarte-dane/ztm/bsk.json
Resolving files.cloudgdansk.pl (files.cloudgdansk.pl)... 153.19.238.147
Connecting to files.cloudgdansk.pl (files.cloudgdansk.pl)|153.19.238.147|:443... connected.
HTTP request sent, awaiting response... 200 OK
Length: 60 [text/plain]
Saving to: ‘/root/process_mining/announcements/data/06_05_2022/ann06.05.2022-01-00-01.json’

     0K                                                       100% 11.4M=0s

2022-05-06 01:00:01 (11.4 MB/s) - ‘/root/process_mining/announcements/data/06_05_2022/ann06.05.2022-01-00-01.json’ saved [60/60]

--2022-05-06 01:10:01--  https://files.cloudgdansk.pl/d/otwarte-dane/ztm/bsk.json
Resolving files.cloudgdansk.pl (files.cloudgdansk.pl)... 153.19.238.147
Connecting to files.cloudgdansk.pl (files.cloudgdansk.pl)|153.19.238.147|:443... connected.
HTTP request sent, awaiting response... 200 OK
Length: 60 [text/plain]
Saving to: ‘/root/process_mining/announcements/data/06_05_2022/ann06.05.2022-01-10-01.json’

     0K                                                       100% 13.2M=0s

2022-05-06 01:10:01 (13.2 MB/s) - ‘/root/process_mining/announcements/data/06_05_2022/ann06.05.2022-01-10-01.json’ saved [60/60]

--2022-05-06 01:20:01--  https://files.cloudgdansk.pl/d/otwarte-dane/ztm/bsk.json
Resolving files.cloudgdansk.pl (files.cloudgdansk.pl)... 153.19.238.147
Connecting to files.cloudgdansk.pl (files.cloudgdansk.pl)|153.19.238.147|:443... connected.
HTTP request sent, awaiting response... 200 OK
Length: 60 [text/plain]
Saving to: ‘/root/process_mining/announcements/data/06_05_2022/ann06.05.2022-01-20-01.json’

     0K                                                       100% 12.0M=0s

2022-05-06 01:20:01 (12.0 MB/s) - ‘/root/process_mining/announcements/data/06_05_2022/ann06.05.2022-01-20-01.json’ saved [60/60]

--2022-05-06 01:30:01--  https://files.cloudgdansk.pl/d/otwarte-dane/ztm/bsk.json
Resolving files.cloudgdansk.pl (files.cloudgdansk.pl)... 153.19.238.147
Connecting to files.cloudgdansk.pl (files.cloudgdansk.pl)|153.19.238.147|:443... connected.
HTTP request sent, awaiting response... 200 OK
Length: 60 [text/plain]
Saving to: ‘/root/process_mining/announcements/data/06_05_2022/ann06.05.2022-01-30-01.json’

     0K                                                       100% 11.4M=0s

2022-05-06 01:30:01 (11.4 MB/s) - ‘/root/process_mining/announcements/data/06_05_2022/ann06.05.2022-01-30-01.json’ saved [60/60]

--2022-05-06 01:40:01--  https://files.cloudgdansk.pl/d/otwarte-dane/ztm/bsk.json
Resolving files.cloudgdansk.pl (files.cloudgdansk.pl)... 153.19.238.147
Connecting to files.cloudgdansk.pl (files.cloudgdansk.pl)|153.19.238.147|:443... connected.
HTTP request sent, awaiting response... 200 OK
Length: 60 [text/plain]
Saving to: ‘/root/process_mining/announcements/data/06_05_2022/ann06.05.2022-01-40-01.json’

     0K                                                       100% 11.8M=0s

2022-05-06 01:40:01 (11.8 MB/s) - ‘/root/process_mining/announcements/data/06_05_2022/ann06.05.2022-01-40-01.json’ saved [60/60]

--2022-05-06 01:50:01--  https://files.cloudgdansk.pl/d/otwarte-dane/ztm/bsk.json
Resolving files.cloudgdansk.pl (files.cloudgdansk.pl)... 153.19.238.147
Connecting to files.cloudgdansk.pl (files.cloudgdansk.pl)|153.19.238.147|:443... connected.
HTTP request sent, awaiting response... 200 OK
Length: 60 [text/plain]
Saving to: ‘/root/process_mining/announcements/data/06_05_2022/ann06.05.2022-01-50-01.json’

     0K                                                       100% 12.2M=0s

2022-05-06 01:50:01 (12.2 MB/s) - ‘/root/process_mining/announcements/data/06_05_2022/ann06.05.2022-01-50-01.json’ saved [60/60]

--2022-05-06 02:00:01--  https://files.cloudgdansk.pl/d/otwarte-dane/ztm/bsk.json
Resolving files.cloudgdansk.pl (files.cloudgdansk.pl)... 153.19.238.147
Connecting to files.cloudgdansk.pl (files.cloudgdansk.pl)|153.19.238.147|:443... connected.
HTTP request sent, awaiting response... 200 OK
Length: 60 [text/plain]
Saving to: ‘/root/process_mining/announcements/data/06_05_2022/ann06.05.2022-02-00-01.json’

     0K                                                       100% 7.79M=0s

2022-05-06 02:00:01 (7.79 MB/s) - ‘/root/process_mining/announcements/data/06_05_2022/ann06.05.2022-02-00-01.json’ saved [60/60]

--2022-05-06 02:10:01--  https://files.cloudgdansk.pl/d/otwarte-dane/ztm/bsk.json
Resolving files.cloudgdansk.pl (files.cloudgdansk.pl)... 153.19.238.147
Connecting to files.cloudgdansk.pl (files.cloudgdansk.pl)|153.19.238.147|:443... connected.
HTTP request sent, awaiting response... 200 OK
Length: 60 [text/plain]
Saving to: ‘/root/process_mining/announcements/data/06_05_2022/ann06.05.2022-02-10-01.json’

     0K                                                       100% 11.8M=0s

2022-05-06 02:10:02 (11.8 MB/s) - ‘/root/process_mining/announcements/data/06_05_2022/ann06.05.2022-02-10-01.json’ saved [60/60]

--2022-05-06 02:20:01--  https://files.cloudgdansk.pl/d/otwarte-dane/ztm/bsk.json
Resolving files.cloudgdansk.pl (files.cloudgdansk.pl)... 153.19.238.147
Connecting to files.cloudgdansk.pl (files.cloudgdansk.pl)|153.19.238.147|:443... connected.
HTTP request sent, awaiting response... 200 OK
Length: 60 [text/plain]
Saving to: ‘/root/process_mining/announcements/data/06_05_2022/ann06.05.2022-02-20-01.json’

     0K                                                       100% 12.9M=0s

2022-05-06 02:20:01 (12.9 MB/s) - ‘/root/process_mining/announcements/data/06_05_2022/ann06.05.2022-02-20-01.json’ saved [60/60]

--2022-05-06 02:30:01--  https://files.cloudgdansk.pl/d/otwarte-dane/ztm/bsk.json
Resolving files.cloudgdansk.pl (files.cloudgdansk.pl)... 153.19.238.147
Connecting to files.cloudgdansk.pl (files.cloudgdansk.pl)|153.19.238.147|:443... connected.
HTTP request sent, awaiting response... 200 OK
Length: 60 [text/plain]
Saving to: ‘/root/process_mining/announcements/data/06_05_2022/ann06.05.2022-02-30-01.json’

     0K                                                       100% 12.1M=0s

2022-05-06 02:30:02 (12.1 MB/s) - ‘/root/process_mining/announcements/data/06_05_2022/ann06.05.2022-02-30-01.json’ saved [60/60]

--2022-05-06 02:40:01--  https://files.cloudgdansk.pl/d/otwarte-dane/ztm/bsk.json
Resolving files.cloudgdansk.pl (files.cloudgdansk.pl)... 153.19.238.147
Connecting to files.cloudgdansk.pl (files.cloudgdansk.pl)|153.19.238.147|:443... connected.
HTTP request sent, awaiting response... 200 OK
Length: 60 [text/plain]
Saving to: ‘/root/process_mining/announcements/data/06_05_2022/ann06.05.2022-02-40-01.json’

     0K                                                       100% 3.66M=0s

2022-05-06 02:40:01 (3.66 MB/s) - ‘/root/process_mining/announcements/data/06_05_2022/ann06.05.2022-02-40-01.json’ saved [60/60]

--2022-05-06 02:50:01--  https://files.cloudgdansk.pl/d/otwarte-dane/ztm/bsk.json
Resolving files.cloudgdansk.pl (files.cloudgdansk.pl)... 153.19.238.147
Connecting to files.cloudgdansk.pl (files.cloudgdansk.pl)|153.19.238.147|:443... connected.
HTTP request sent, awaiting response... 200 OK
Length: 60 [text/plain]
Saving to: ‘/root/process_mining/announcements/data/06_05_2022/ann06.05.2022-02-50-01.json’

     0K                                                       100% 11.9M=0s

2022-05-06 02:50:02 (11.9 MB/s) - ‘/root/process_mining/announcements/data/06_05_2022/ann06.05.2022-02-50-01.json’ saved [60/60]

--2022-05-06 03:00:01--  https://files.cloudgdansk.pl/d/otwarte-dane/ztm/bsk.json
Resolving files.cloudgdansk.pl (files.cloudgdansk.pl)... 153.19.238.147
Connecting to files.cloudgdansk.pl (files.cloudgdansk.pl)|153.19.238.147|:443... connected.
HTTP request sent, awaiting response... 200 OK
Length: 60 [text/plain]
Saving to: ‘/root/process_mining/announcements/data/06_05_2022/ann06.05.2022-03-00-01.json’

     0K                                                       100% 9.38M=0s

2022-05-06 03:00:02 (9.38 MB/s) - ‘/root/process_mining/announcements/data/06_05_2022/ann06.05.2022-03-00-01.json’ saved [60/60]

--2022-05-06 03:10:01--  https://files.cloudgdansk.pl/d/otwarte-dane/ztm/bsk.json
Resolving files.cloudgdansk.pl (files.cloudgdansk.pl)... 153.19.238.147
Connecting to files.cloudgdansk.pl (files.cloudgdansk.pl)|153.19.238.147|:443... connected.
HTTP request sent, awaiting response... 200 OK
Length: 60 [text/plain]
Saving to: ‘/root/process_mining/announcements/data/06_05_2022/ann06.05.2022-03-10-01.json’

     0K                                                       100% 11.2M=0s

2022-05-06 03:10:01 (11.2 MB/s) - ‘/root/process_mining/announcements/data/06_05_2022/ann06.05.2022-03-10-01.json’ saved [60/60]

--2022-05-06 03:20:01--  https://files.cloudgdansk.pl/d/otwarte-dane/ztm/bsk.json
Resolving files.cloudgdansk.pl (files.cloudgdansk.pl)... 153.19.238.147
Connecting to files.cloudgdansk.pl (files.cloudgdansk.pl)|153.19.238.147|:443... connected.
HTTP request sent, awaiting response... 200 OK
Length: 60 [text/plain]
Saving to: ‘/root/process_mining/announcements/data/06_05_2022/ann06.05.2022-03-20-01.json’

     0K                                                       100% 12.2M=0s

2022-05-06 03:20:01 (12.2 MB/s) - ‘/root/process_mining/announcements/data/06_05_2022/ann06.05.2022-03-20-01.json’ saved [60/60]

--2022-05-06 03:30:01--  https://files.cloudgdansk.pl/d/otwarte-dane/ztm/bsk.json
Resolving files.cloudgdansk.pl (files.cloudgdansk.pl)... 153.19.238.147
Connecting to files.cloudgdansk.pl (files.cloudgdansk.pl)|153.19.238.147|:443... connected.
HTTP request sent, awaiting response... 200 OK
Length: 60 [text/plain]
Saving to: ‘/root/process_mining/announcements/data/06_05_2022/ann06.05.2022-03-30-01.json’

     0K                                                       100% 10.4M=0s

2022-05-06 03:30:02 (10.4 MB/s) - ‘/root/process_mining/announcements/data/06_05_2022/ann06.05.2022-03-30-01.json’ saved [60/60]

--2022-05-06 03:40:01--  https://files.cloudgdansk.pl/d/otwarte-dane/ztm/bsk.json
Resolving files.cloudgdansk.pl (files.cloudgdansk.pl)... 153.19.238.147
Connecting to files.cloudgdansk.pl (files.cloudgdansk.pl)|153.19.238.147|:443... connected.
HTTP request sent, awaiting response... 200 OK
Length: 60 [text/plain]
Saving to: ‘/root/process_mining/announcements/data/06_05_2022/ann06.05.2022-03-40-01.json’

     0K                                                       100% 12.5M=0s

2022-05-06 03:40:02 (12.5 MB/s) - ‘/root/process_mining/announcements/data/06_05_2022/ann06.05.2022-03-40-01.json’ saved [60/60]

--2022-05-06 03:50:01--  https://files.cloudgdansk.pl/d/otwarte-dane/ztm/bsk.json
Resolving files.cloudgdansk.pl (files.cloudgdansk.pl)... 153.19.238.147
Connecting to files.cloudgdansk.pl (files.cloudgdansk.pl)|153.19.238.147|:443... connected.
HTTP request sent, awaiting response... 200 OK
Length: 60 [text/plain]
Saving to: ‘/root/process_mining/announcements/data/06_05_2022/ann06.05.2022-03-50-01.json’

     0K                                                       100% 11.3M=0s

2022-05-06 03:50:01 (11.3 MB/s) - ‘/root/process_mining/announcements/data/06_05_2022/ann06.05.2022-03-50-01.json’ saved [60/60]

--2022-05-06 04:00:01--  https://files.cloudgdansk.pl/d/otwarte-dane/ztm/bsk.json
Resolving files.cloudgdansk.pl (files.cloudgdansk.pl)... 153.19.238.147
Connecting to files.cloudgdansk.pl (files.cloudgdansk.pl)|153.19.238.147|:443... connected.
HTTP request sent, awaiting response... 200 OK
Length: 60 [text/plain]
Saving to: ‘/root/process_mining/announcements/data/06_05_2022/ann06.05.2022-04-00-01.json’

     0K                                                       100% 9.77M=0s

2022-05-06 04:00:01 (9.77 MB/s) - ‘/root/process_mining/announcements/data/06_05_2022/ann06.05.2022-04-00-01.json’ saved [60/60]

--2022-05-06 04:10:01--  https://files.cloudgdansk.pl/d/otwarte-dane/ztm/bsk.json
Resolving files.cloudgdansk.pl (files.cloudgdansk.pl)... 153.19.238.147
Connecting to files.cloudgdansk.pl (files.cloudgdansk.pl)|153.19.238.147|:443... connected.
HTTP request sent, awaiting response... 200 OK
Length: 60 [text/plain]
Saving to: ‘/root/process_mining/announcements/data/06_05_2022/ann06.05.2022-04-10-01.json’

     0K                                                       100% 11.5M=0s

2022-05-06 04:10:01 (11.5 MB/s) - ‘/root/process_mining/announcements/data/06_05_2022/ann06.05.2022-04-10-01.json’ saved [60/60]

--2022-05-06 04:20:01--  https://files.cloudgdansk.pl/d/otwarte-dane/ztm/bsk.json
Resolving files.cloudgdansk.pl (files.cloudgdansk.pl)... 153.19.238.147
Connecting to files.cloudgdansk.pl (files.cloudgdansk.pl)|153.19.238.147|:443... connected.
HTTP request sent, awaiting response... 200 OK
Length: 60 [text/plain]
Saving to: ‘/root/process_mining/announcements/data/06_05_2022/ann06.05.2022-04-20-01.json’

     0K                                                       100% 11.2M=0s

2022-05-06 04:20:01 (11.2 MB/s) - ‘/root/process_mining/announcements/data/06_05_2022/ann06.05.2022-04-20-01.json’ saved [60/60]

--2022-05-06 04:30:01--  https://files.cloudgdansk.pl/d/otwarte-dane/ztm/bsk.json
Resolving files.cloudgdansk.pl (files.cloudgdansk.pl)... 153.19.238.147
Connecting to files.cloudgdansk.pl (files.cloudgdansk.pl)|153.19.238.147|:443... connected.
HTTP request sent, awaiting response... 200 OK
Length: 60 [text/plain]
Saving to: ‘/root/process_mining/announcements/data/06_05_2022/ann06.05.2022-04-30-01.json’

     0K                                                       100% 12.4M=0s

2022-05-06 04:30:02 (12.4 MB/s) - ‘/root/process_mining/announcements/data/06_05_2022/ann06.05.2022-04-30-01.json’ saved [60/60]

--2022-05-06 04:40:01--  https://files.cloudgdansk.pl/d/otwarte-dane/ztm/bsk.json
Resolving files.cloudgdansk.pl (files.cloudgdansk.pl)... 153.19.238.147
Connecting to files.cloudgdansk.pl (files.cloudgdansk.pl)|153.19.238.147|:443... connected.
HTTP request sent, awaiting response... 200 OK
Length: 60 [text/plain]
Saving to: ‘/root/process_mining/announcements/data/06_05_2022/ann06.05.2022-04-40-01.json’

     0K                                                       100% 12.7M=0s

2022-05-06 04:40:01 (12.7 MB/s) - ‘/root/process_mining/announcements/data/06_05_2022/ann06.05.2022-04-40-01.json’ saved [60/60]

--2022-05-06 04:50:01--  https://files.cloudgdansk.pl/d/otwarte-dane/ztm/bsk.json
Resolving files.cloudgdansk.pl (files.cloudgdansk.pl)... 153.19.238.147
Connecting to files.cloudgdansk.pl (files.cloudgdansk.pl)|153.19.238.147|:443... connected.
HTTP request sent, awaiting response... 200 OK
Length: 60 [text/plain]
Saving to: ‘/root/process_mining/announcements/data/06_05_2022/ann06.05.2022-04-50-01.json’

     0K                                                       100% 9.04M=0s

2022-05-06 04:50:01 (9.04 MB/s) - ‘/root/process_mining/announcements/data/06_05_2022/ann06.05.2022-04-50-01.json’ saved [60/60]

--2022-05-06 05:00:01--  https://files.cloudgdansk.pl/d/otwarte-dane/ztm/bsk.json
Resolving files.cloudgdansk.pl (files.cloudgdansk.pl)... 153.19.238.147
Connecting to files.cloudgdansk.pl (files.cloudgdansk.pl)|153.19.238.147|:443... connected.
HTTP request sent, awaiting response... 200 OK
Length: 60 [text/plain]
Saving to: ‘/root/process_mining/announcements/data/06_05_2022/ann06.05.2022-05-00-01.json’

     0K                                                       100% 12.2M=0s

2022-05-06 05:00:01 (12.2 MB/s) - ‘/root/process_mining/announcements/data/06_05_2022/ann06.05.2022-05-00-01.json’ saved [60/60]

--2022-05-06 05:10:01--  https://files.cloudgdansk.pl/d/otwarte-dane/ztm/bsk.json
Resolving files.cloudgdansk.pl (files.cloudgdansk.pl)... 153.19.238.147
Connecting to files.cloudgdansk.pl (files.cloudgdansk.pl)|153.19.238.147|:443... connected.
HTTP request sent, awaiting response... 200 OK
Length: 60 [text/plain]
Saving to: ‘/root/process_mining/announcements/data/06_05_2022/ann06.05.2022-05-10-01.json’

     0K                                                       100% 12.3M=0s

2022-05-06 05:10:01 (12.3 MB/s) - ‘/root/process_mining/announcements/data/06_05_2022/ann06.05.2022-05-10-01.json’ saved [60/60]

--2022-05-06 05:20:01--  https://files.cloudgdansk.pl/d/otwarte-dane/ztm/bsk.json
Resolving files.cloudgdansk.pl (files.cloudgdansk.pl)... 153.19.238.147
Connecting to files.cloudgdansk.pl (files.cloudgdansk.pl)|153.19.238.147|:443... connected.
HTTP request sent, awaiting response... 200 OK
Length: 60 [text/plain]
Saving to: ‘/root/process_mining/announcements/data/06_05_2022/ann06.05.2022-05-20-01.json’

     0K                                                       100% 10.4M=0s

2022-05-06 05:20:01 (10.4 MB/s) - ‘/root/process_mining/announcements/data/06_05_2022/ann06.05.2022-05-20-01.json’ saved [60/60]

--2022-05-06 05:30:01--  https://files.cloudgdansk.pl/d/otwarte-dane/ztm/bsk.json
Resolving files.cloudgdansk.pl (files.cloudgdansk.pl)... 153.19.238.147
Connecting to files.cloudgdansk.pl (files.cloudgdansk.pl)|153.19.238.147|:443... connected.
HTTP request sent, awaiting response... 200 OK
Length: 60 [text/plain]
Saving to: ‘/root/process_mining/announcements/data/06_05_2022/ann06.05.2022-05-30-01.json’

     0K                                                       100% 11.5M=0s

2022-05-06 05:30:01 (11.5 MB/s) - ‘/root/process_mining/announcements/data/06_05_2022/ann06.05.2022-05-30-01.json’ saved [60/60]

--2022-05-06 05:40:01--  https://files.cloudgdansk.pl/d/otwarte-dane/ztm/bsk.json
Resolving files.cloudgdansk.pl (files.cloudgdansk.pl)... 153.19.238.147
Connecting to files.cloudgdansk.pl (files.cloudgdansk.pl)|153.19.238.147|:443... connected.
HTTP request sent, awaiting response... 200 OK
Length: 60 [text/plain]
Saving to: ‘/root/process_mining/announcements/data/06_05_2022/ann06.05.2022-05-40-01.json’

     0K                                                       100% 11.5M=0s

2022-05-06 05:40:01 (11.5 MB/s) - ‘/root/process_mining/announcements/data/06_05_2022/ann06.05.2022-05-40-01.json’ saved [60/60]

--2022-05-06 05:50:01--  https://files.cloudgdansk.pl/d/otwarte-dane/ztm/bsk.json
Resolving files.cloudgdansk.pl (files.cloudgdansk.pl)... 153.19.238.147
Connecting to files.cloudgdansk.pl (files.cloudgdansk.pl)|153.19.238.147|:443... connected.
HTTP request sent, awaiting response... 200 OK
Length: 60 [text/plain]
Saving to: ‘/root/process_mining/announcements/data/06_05_2022/ann06.05.2022-05-50-01.json’

     0K                                                       100% 12.8M=0s

2022-05-06 05:50:01 (12.8 MB/s) - ‘/root/process_mining/announcements/data/06_05_2022/ann06.05.2022-05-50-01.json’ saved [60/60]

--2022-05-06 06:00:01--  https://files.cloudgdansk.pl/d/otwarte-dane/ztm/bsk.json
Resolving files.cloudgdansk.pl (files.cloudgdansk.pl)... 153.19.238.147
Connecting to files.cloudgdansk.pl (files.cloudgdansk.pl)|153.19.238.147|:443... connected.
HTTP request sent, awaiting response... 200 OK
Length: 60 [text/plain]
Saving to: ‘/root/process_mining/announcements/data/06_05_2022/ann06.05.2022-06-00-01.json’

     0K                                                       100% 11.9M=0s

2022-05-06 06:00:01 (11.9 MB/s) - ‘/root/process_mining/announcements/data/06_05_2022/ann06.05.2022-06-00-01.json’ saved [60/60]

--2022-05-06 06:10:01--  https://files.cloudgdansk.pl/d/otwarte-dane/ztm/bsk.json
Resolving files.cloudgdansk.pl (files.cloudgdansk.pl)... 153.19.238.147
Connecting to files.cloudgdansk.pl (files.cloudgdansk.pl)|153.19.238.147|:443... connected.
HTTP request sent, awaiting response... 200 OK
Length: 60 [text/plain]
Saving to: ‘/root/process_mining/announcements/data/06_05_2022/ann06.05.2022-06-10-01.json’

     0K                                                       100% 12.3M=0s

2022-05-06 06:10:02 (12.3 MB/s) - ‘/root/process_mining/announcements/data/06_05_2022/ann06.05.2022-06-10-01.json’ saved [60/60]

--2022-05-06 06:20:01--  https://files.cloudgdansk.pl/d/otwarte-dane/ztm/bsk.json
Resolving files.cloudgdansk.pl (files.cloudgdansk.pl)... 153.19.238.147
Connecting to files.cloudgdansk.pl (files.cloudgdansk.pl)|153.19.238.147|:443... connected.
HTTP request sent, awaiting response... 200 OK
Length: 60 [text/plain]
Saving to: ‘/root/process_mining/announcements/data/06_05_2022/ann06.05.2022-06-20-01.json’

     0K                                                       100% 11.8M=0s

2022-05-06 06:20:02 (11.8 MB/s) - ‘/root/process_mining/announcements/data/06_05_2022/ann06.05.2022-06-20-01.json’ saved [60/60]

--2022-05-06 06:30:01--  https://files.cloudgdansk.pl/d/otwarte-dane/ztm/bsk.json
Resolving files.cloudgdansk.pl (files.cloudgdansk.pl)... 153.19.238.147
Connecting to files.cloudgdansk.pl (files.cloudgdansk.pl)|153.19.238.147|:443... connected.
HTTP request sent, awaiting response... 200 OK
Length: 60 [text/plain]
Saving to: ‘/root/process_mining/announcements/data/06_05_2022/ann06.05.2022-06-30-01.json’

     0K                                                       100% 13.0M=0s

2022-05-06 06:30:01 (13.0 MB/s) - ‘/root/process_mining/announcements/data/06_05_2022/ann06.05.2022-06-30-01.json’ saved [60/60]

--2022-05-06 06:40:01--  https://files.cloudgdansk.pl/d/otwarte-dane/ztm/bsk.json
Resolving files.cloudgdansk.pl (files.cloudgdansk.pl)... 153.19.238.147
Connecting to files.cloudgdansk.pl (files.cloudgdansk.pl)|153.19.238.147|:443... connected.
HTTP request sent, awaiting response... 200 OK
Length: 60 [text/plain]
Saving to: ‘/root/process_mining/announcements/data/06_05_2022/ann06.05.2022-06-40-01.json’

     0K                                                       100% 12.5M=0s

2022-05-06 06:40:01 (12.5 MB/s) - ‘/root/process_mining/announcements/data/06_05_2022/ann06.05.2022-06-40-01.json’ saved [60/60]

--2022-05-06 06:50:01--  https://files.cloudgdansk.pl/d/otwarte-dane/ztm/bsk.json
Resolving files.cloudgdansk.pl (files.cloudgdansk.pl)... 153.19.238.147
Connecting to files.cloudgdansk.pl (files.cloudgdansk.pl)|153.19.238.147|:443... connected.
HTTP request sent, awaiting response... 200 OK
Length: 60 [text/plain]
Saving to: ‘/root/process_mining/announcements/data/06_05_2022/ann06.05.2022-06-50-01.json’

     0K                                                       100% 12.5M=0s

2022-05-06 06:50:02 (12.5 MB/s) - ‘/root/process_mining/announcements/data/06_05_2022/ann06.05.2022-06-50-01.json’ saved [60/60]

--2022-05-06 07:00:01--  https://files.cloudgdansk.pl/d/otwarte-dane/ztm/bsk.json
Resolving files.cloudgdansk.pl (files.cloudgdansk.pl)... 153.19.238.147
Connecting to files.cloudgdansk.pl (files.cloudgdansk.pl)|153.19.238.147|:443... connected.
HTTP request sent, awaiting response... 200 OK
Length: 60 [text/plain]
Saving to: ‘/root/process_mining/announcements/data/06_05_2022/ann06.05.2022-07-00-01.json’

     0K                                                       100% 12.1M=0s

2022-05-06 07:00:01 (12.1 MB/s) - ‘/root/process_mining/announcements/data/06_05_2022/ann06.05.2022-07-00-01.json’ saved [60/60]

--2022-05-06 07:10:01--  https://files.cloudgdansk.pl/d/otwarte-dane/ztm/bsk.json
Resolving files.cloudgdansk.pl (files.cloudgdansk.pl)... 153.19.238.147
Connecting to files.cloudgdansk.pl (files.cloudgdansk.pl)|153.19.238.147|:443... connected.
HTTP request sent, awaiting response... 200 OK
Length: 60 [text/plain]
Saving to: ‘/root/process_mining/announcements/data/06_05_2022/ann06.05.2022-07-10-01.json’

     0K                                                       100% 12.2M=0s

2022-05-06 07:10:02 (12.2 MB/s) - ‘/root/process_mining/announcements/data/06_05_2022/ann06.05.2022-07-10-01.json’ saved [60/60]

--2022-05-06 07:20:01--  https://files.cloudgdansk.pl/d/otwarte-dane/ztm/bsk.json
Resolving files.cloudgdansk.pl (files.cloudgdansk.pl)... 153.19.238.147
Connecting to files.cloudgdansk.pl (files.cloudgdansk.pl)|153.19.238.147|:443... connected.
HTTP request sent, awaiting response... 200 OK
Length: 60 [text/plain]
Saving to: ‘/root/process_mining/announcements/data/06_05_2022/ann06.05.2022-07-20-01.json’

     0K                                                       100% 11.0M=0s

2022-05-06 07:20:01 (11.0 MB/s) - ‘/root/process_mining/announcements/data/06_05_2022/ann06.05.2022-07-20-01.json’ saved [60/60]

--2022-05-06 07:30:01--  https://files.cloudgdansk.pl/d/otwarte-dane/ztm/bsk.json
Resolving files.cloudgdansk.pl (files.cloudgdansk.pl)... 153.19.238.147
Connecting to files.cloudgdansk.pl (files.cloudgdansk.pl)|153.19.238.147|:443... connected.
HTTP request sent, awaiting response... 200 OK
Length: 60 [text/plain]
Saving to: ‘/root/process_mining/announcements/data/06_05_2022/ann06.05.2022-07-30-01.json’

     0K                                                       100% 11.7M=0s

2022-05-06 07:30:02 (11.7 MB/s) - ‘/root/process_mining/announcements/data/06_05_2022/ann06.05.2022-07-30-01.json’ saved [60/60]

--2022-05-06 07:40:01--  https://files.cloudgdansk.pl/d/otwarte-dane/ztm/bsk.json
Resolving files.cloudgdansk.pl (files.cloudgdansk.pl)... 153.19.238.147
Connecting to files.cloudgdansk.pl (files.cloudgdansk.pl)|153.19.238.147|:443... connected.
HTTP request sent, awaiting response... 200 OK
Length: 60 [text/plain]
Saving to: ‘/root/process_mining/announcements/data/06_05_2022/ann06.05.2022-07-40-01.json’

     0K                                                       100% 11.3M=0s

2022-05-06 07:40:02 (11.3 MB/s) - ‘/root/process_mining/announcements/data/06_05_2022/ann06.05.2022-07-40-01.json’ saved [60/60]

--2022-05-06 07:50:01--  https://files.cloudgdansk.pl/d/otwarte-dane/ztm/bsk.json
Resolving files.cloudgdansk.pl (files.cloudgdansk.pl)... 153.19.238.147
Connecting to files.cloudgdansk.pl (files.cloudgdansk.pl)|153.19.238.147|:443... connected.
HTTP request sent, awaiting response... 200 OK
Length: 60 [text/plain]
Saving to: ‘/root/process_mining/announcements/data/06_05_2022/ann06.05.2022-07-50-01.json’

     0K                                                       100% 12.8M=0s

2022-05-06 07:50:02 (12.8 MB/s) - ‘/root/process_mining/announcements/data/06_05_2022/ann06.05.2022-07-50-01.json’ saved [60/60]

--2022-05-06 08:00:01--  https://files.cloudgdansk.pl/d/otwarte-dane/ztm/bsk.json
Resolving files.cloudgdansk.pl (files.cloudgdansk.pl)... 153.19.238.147
Connecting to files.cloudgdansk.pl (files.cloudgdansk.pl)|153.19.238.147|:443... connected.
HTTP request sent, awaiting response... 200 OK
Length: 60 [text/plain]
Saving to: ‘/root/process_mining/announcements/data/06_05_2022/ann06.05.2022-08-00-01.json’

     0K                                                       100% 11.8M=0s

2022-05-06 08:00:02 (11.8 MB/s) - ‘/root/process_mining/announcements/data/06_05_2022/ann06.05.2022-08-00-01.json’ saved [60/60]

--2022-05-06 08:10:01--  https://files.cloudgdansk.pl/d/otwarte-dane/ztm/bsk.json
Resolving files.cloudgdansk.pl (files.cloudgdansk.pl)... 153.19.238.147
Connecting to files.cloudgdansk.pl (files.cloudgdansk.pl)|153.19.238.147|:443... connected.
HTTP request sent, awaiting response... 200 OK
Length: 60 [text/plain]
Saving to: ‘/root/process_mining/announcements/data/06_05_2022/ann06.05.2022-08-10-01.json’

     0K                                                       100% 11.1M=0s

2022-05-06 08:10:01 (11.1 MB/s) - ‘/root/process_mining/announcements/data/06_05_2022/ann06.05.2022-08-10-01.json’ saved [60/60]

--2022-05-06 08:20:01--  https://files.cloudgdansk.pl/d/otwarte-dane/ztm/bsk.json
Resolving files.cloudgdansk.pl (files.cloudgdansk.pl)... 153.19.238.147
Connecting to files.cloudgdansk.pl (files.cloudgdansk.pl)|153.19.238.147|:443... connected.
HTTP request sent, awaiting response... 200 OK
Length: 60 [text/plain]
Saving to: ‘/root/process_mining/announcements/data/06_05_2022/ann06.05.2022-08-20-01.json’

     0K                                                       100% 11.9M=0s

2022-05-06 08:20:01 (11.9 MB/s) - ‘/root/process_mining/announcements/data/06_05_2022/ann06.05.2022-08-20-01.json’ saved [60/60]

--2022-05-06 08:30:00--  https://files.cloudgdansk.pl/d/otwarte-dane/ztm/bsk.json
Resolving files.cloudgdansk.pl (files.cloudgdansk.pl)... 153.19.238.147
Connecting to files.cloudgdansk.pl (files.cloudgdansk.pl)|153.19.238.147|:443... connected.
HTTP request sent, awaiting response... 200 OK
Length: 60 [text/plain]
Saving to: ‘/root/process_mining/announcements/data/06_05_2022/ann06.05.2022-08-30-00.json’

     0K                                                       100% 11.0M=0s

2022-05-06 08:30:00 (11.0 MB/s) - ‘/root/process_mining/announcements/data/06_05_2022/ann06.05.2022-08-30-00.json’ saved [60/60]

--2022-05-06 08:40:01--  https://files.cloudgdansk.pl/d/otwarte-dane/ztm/bsk.json
Resolving files.cloudgdansk.pl (files.cloudgdansk.pl)... 153.19.238.147
Connecting to files.cloudgdansk.pl (files.cloudgdansk.pl)|153.19.238.147|:443... connected.
HTTP request sent, awaiting response... 200 OK
Length: 60 [text/plain]
Saving to: ‘/root/process_mining/announcements/data/06_05_2022/ann06.05.2022-08-40-01.json’

     0K                                                       100% 11.6M=0s

2022-05-06 08:40:02 (11.6 MB/s) - ‘/root/process_mining/announcements/data/06_05_2022/ann06.05.2022-08-40-01.json’ saved [60/60]

--2022-05-06 08:50:01--  https://files.cloudgdansk.pl/d/otwarte-dane/ztm/bsk.json
Resolving files.cloudgdansk.pl (files.cloudgdansk.pl)... 153.19.238.147
Connecting to files.cloudgdansk.pl (files.cloudgdansk.pl)|153.19.238.147|:443... connected.
HTTP request sent, awaiting response... 200 OK
Length: 60 [text/plain]
Saving to: ‘/root/process_mining/announcements/data/06_05_2022/ann06.05.2022-08-50-01.json’

     0K                                                       100% 10.8M=0s

2022-05-06 08:50:01 (10.8 MB/s) - ‘/root/process_mining/announcements/data/06_05_2022/ann06.05.2022-08-50-01.json’ saved [60/60]

--2022-05-06 09:00:01--  https://files.cloudgdansk.pl/d/otwarte-dane/ztm/bsk.json
Resolving files.cloudgdansk.pl (files.cloudgdansk.pl)... 153.19.238.147
Connecting to files.cloudgdansk.pl (files.cloudgdansk.pl)|153.19.238.147|:443... connected.
HTTP request sent, awaiting response... 200 OK
Length: 60 [text/plain]
Saving to: ‘/root/process_mining/announcements/data/06_05_2022/ann06.05.2022-09-00-01.json’

     0K                                                       100% 12.4M=0s

2022-05-06 09:00:02 (12.4 MB/s) - ‘/root/process_mining/announcements/data/06_05_2022/ann06.05.2022-09-00-01.json’ saved [60/60]

--2022-05-06 09:10:02--  https://files.cloudgdansk.pl/d/otwarte-dane/ztm/bsk.json
Resolving files.cloudgdansk.pl (files.cloudgdansk.pl)... 153.19.238.147
Connecting to files.cloudgdansk.pl (files.cloudgdansk.pl)|153.19.238.147|:443... connected.
HTTP request sent, awaiting response... 200 OK
Length: 60 [text/plain]
Saving to: ‘/root/process_mining/announcements/data/06_05_2022/ann06.05.2022-09-10-02.json’

     0K                                                       100% 13.0M=0s

2022-05-06 09:10:02 (13.0 MB/s) - ‘/root/process_mining/announcements/data/06_05_2022/ann06.05.2022-09-10-02.json’ saved [60/60]

--2022-05-06 09:20:01--  https://files.cloudgdansk.pl/d/otwarte-dane/ztm/bsk.json
Resolving files.cloudgdansk.pl (files.cloudgdansk.pl)... 153.19.238.147
Connecting to files.cloudgdansk.pl (files.cloudgdansk.pl)|153.19.238.147|:443... connected.
HTTP request sent, awaiting response... 200 OK
Length: 60 [text/plain]
Saving to: ‘/root/process_mining/announcements/data/06_05_2022/ann06.05.2022-09-20-01.json’

     0K                                                       100% 13.1M=0s

2022-05-06 09:20:02 (13.1 MB/s) - ‘/root/process_mining/announcements/data/06_05_2022/ann06.05.2022-09-20-01.json’ saved [60/60]

--2022-05-06 09:30:01--  https://files.cloudgdansk.pl/d/otwarte-dane/ztm/bsk.json
Resolving files.cloudgdansk.pl (files.cloudgdansk.pl)... 153.19.238.147
Connecting to files.cloudgdansk.pl (files.cloudgdansk.pl)|153.19.238.147|:443... connected.
HTTP request sent, awaiting response... 200 OK
Length: 60 [text/plain]
Saving to: ‘/root/process_mining/announcements/data/06_05_2022/ann06.05.2022-09-30-01.json’

     0K                                                       100% 12.4M=0s

2022-05-06 09:30:01 (12.4 MB/s) - ‘/root/process_mining/announcements/data/06_05_2022/ann06.05.2022-09-30-01.json’ saved [60/60]

--2022-05-06 09:40:01--  https://files.cloudgdansk.pl/d/otwarte-dane/ztm/bsk.json
Resolving files.cloudgdansk.pl (files.cloudgdansk.pl)... 153.19.238.147
Connecting to files.cloudgdansk.pl (files.cloudgdansk.pl)|153.19.238.147|:443... connected.
HTTP request sent, awaiting response... 200 OK
Length: 60 [text/plain]
Saving to: ‘/root/process_mining/announcements/data/06_05_2022/ann06.05.2022-09-40-01.json’

     0K                                                       100% 12.0M=0s

2022-05-06 09:40:01 (12.0 MB/s) - ‘/root/process_mining/announcements/data/06_05_2022/ann06.05.2022-09-40-01.json’ saved [60/60]

--2022-05-06 09:50:01--  https://files.cloudgdansk.pl/d/otwarte-dane/ztm/bsk.json
Resolving files.cloudgdansk.pl (files.cloudgdansk.pl)... 153.19.238.147
Connecting to files.cloudgdansk.pl (files.cloudgdansk.pl)|153.19.238.147|:443... connected.
HTTP request sent, awaiting response... 200 OK
Length: 60 [text/plain]
Saving to: ‘/root/process_mining/announcements/data/06_05_2022/ann06.05.2022-09-50-01.json’

     0K                                                       100% 12.5M=0s

2022-05-06 09:50:01 (12.5 MB/s) - ‘/root/process_mining/announcements/data/06_05_2022/ann06.05.2022-09-50-01.json’ saved [60/60]

--2022-05-06 10:00:01--  https://files.cloudgdansk.pl/d/otwarte-dane/ztm/bsk.json
Resolving files.cloudgdansk.pl (files.cloudgdansk.pl)... 153.19.238.147
Connecting to files.cloudgdansk.pl (files.cloudgdansk.pl)|153.19.238.147|:443... connected.
HTTP request sent, awaiting response... 200 OK
Length: 60 [text/plain]
Saving to: ‘/root/process_mining/announcements/data/06_05_2022/ann06.05.2022-10-00-01.json’

     0K                                                       100% 11.4M=0s

2022-05-06 10:00:02 (11.4 MB/s) - ‘/root/process_mining/announcements/data/06_05_2022/ann06.05.2022-10-00-01.json’ saved [60/60]

--2022-05-06 10:10:01--  https://files.cloudgdansk.pl/d/otwarte-dane/ztm/bsk.json
Resolving files.cloudgdansk.pl (files.cloudgdansk.pl)... 153.19.238.147
Connecting to files.cloudgdansk.pl (files.cloudgdansk.pl)|153.19.238.147|:443... connected.
HTTP request sent, awaiting response... 200 OK
Length: 60 [text/plain]
Saving to: ‘/root/process_mining/announcements/data/06_05_2022/ann06.05.2022-10-10-01.json’

     0K                                                       100% 12.6M=0s

2022-05-06 10:10:02 (12.6 MB/s) - ‘/root/process_mining/announcements/data/06_05_2022/ann06.05.2022-10-10-01.json’ saved [60/60]

--2022-05-06 10:20:01--  https://files.cloudgdansk.pl/d/otwarte-dane/ztm/bsk.json
Resolving files.cloudgdansk.pl (files.cloudgdansk.pl)... 153.19.238.147
Connecting to files.cloudgdansk.pl (files.cloudgdansk.pl)|153.19.238.147|:443... connected.
HTTP request sent, awaiting response... 200 OK
Length: 60 [text/plain]
Saving to: ‘/root/process_mining/announcements/data/06_05_2022/ann06.05.2022-10-20-01.json’

     0K                                                       100% 11.2M=0s

2022-05-06 10:20:02 (11.2 MB/s) - ‘/root/process_mining/announcements/data/06_05_2022/ann06.05.2022-10-20-01.json’ saved [60/60]

--2022-05-06 10:30:01--  https://files.cloudgdansk.pl/d/otwarte-dane/ztm/bsk.json
Resolving files.cloudgdansk.pl (files.cloudgdansk.pl)... 153.19.238.147
Connecting to files.cloudgdansk.pl (files.cloudgdansk.pl)|153.19.238.147|:443... connected.
HTTP request sent, awaiting response... 200 OK
Length: 60 [text/plain]
Saving to: ‘/root/process_mining/announcements/data/06_05_2022/ann06.05.2022-10-30-01.json’

     0K                                                       100% 11.6M=0s

2022-05-06 10:30:02 (11.6 MB/s) - ‘/root/process_mining/announcements/data/06_05_2022/ann06.05.2022-10-30-01.json’ saved [60/60]

--2022-05-06 10:40:01--  https://files.cloudgdansk.pl/d/otwarte-dane/ztm/bsk.json
Resolving files.cloudgdansk.pl (files.cloudgdansk.pl)... 153.19.238.147
Connecting to files.cloudgdansk.pl (files.cloudgdansk.pl)|153.19.238.147|:443... connected.
HTTP request sent, awaiting response... 200 OK
Length: 60 [text/plain]
Saving to: ‘/root/process_mining/announcements/data/06_05_2022/ann06.05.2022-10-40-01.json’

     0K                                                       100% 11.7M=0s

2022-05-06 10:40:02 (11.7 MB/s) - ‘/root/process_mining/announcements/data/06_05_2022/ann06.05.2022-10-40-01.json’ saved [60/60]

--2022-05-06 10:50:01--  https://files.cloudgdansk.pl/d/otwarte-dane/ztm/bsk.json
Resolving files.cloudgdansk.pl (files.cloudgdansk.pl)... 153.19.238.147
Connecting to files.cloudgdansk.pl (files.cloudgdansk.pl)|153.19.238.147|:443... connected.
HTTP request sent, awaiting response... 200 OK
Length: 60 [text/plain]
Saving to: ‘/root/process_mining/announcements/data/06_05_2022/ann06.05.2022-10-50-01.json’

     0K                                                       100% 12.2M=0s

2022-05-06 10:50:02 (12.2 MB/s) - ‘/root/process_mining/announcements/data/06_05_2022/ann06.05.2022-10-50-01.json’ saved [60/60]

--2022-05-06 11:00:01--  https://files.cloudgdansk.pl/d/otwarte-dane/ztm/bsk.json
Resolving files.cloudgdansk.pl (files.cloudgdansk.pl)... 153.19.238.147
Connecting to files.cloudgdansk.pl (files.cloudgdansk.pl)|153.19.238.147|:443... connected.
HTTP request sent, awaiting response... 200 OK
Length: 60 [text/plain]
Saving to: ‘/root/process_mining/announcements/data/06_05_2022/ann06.05.2022-11-00-01.json’

     0K                                                       100% 11.8M=0s

2022-05-06 11:00:02 (11.8 MB/s) - ‘/root/process_mining/announcements/data/06_05_2022/ann06.05.2022-11-00-01.json’ saved [60/60]

--2022-05-06 11:10:01--  https://files.cloudgdansk.pl/d/otwarte-dane/ztm/bsk.json
Resolving files.cloudgdansk.pl (files.cloudgdansk.pl)... 153.19.238.147
Connecting to files.cloudgdansk.pl (files.cloudgdansk.pl)|153.19.238.147|:443... connected.
HTTP request sent, awaiting response... 200 OK
Length: 60 [text/plain]
Saving to: ‘/root/process_mining/announcements/data/06_05_2022/ann06.05.2022-11-10-01.json’

     0K                                                       100% 12.5M=0s

2022-05-06 11:10:01 (12.5 MB/s) - ‘/root/process_mining/announcements/data/06_05_2022/ann06.05.2022-11-10-01.json’ saved [60/60]

--2022-05-06 11:20:01--  https://files.cloudgdansk.pl/d/otwarte-dane/ztm/bsk.json
Resolving files.cloudgdansk.pl (files.cloudgdansk.pl)... 153.19.238.147
Connecting to files.cloudgdansk.pl (files.cloudgdansk.pl)|153.19.238.147|:443... connected.
HTTP request sent, awaiting response... 200 OK
Length: 60 [text/plain]
Saving to: ‘/root/process_mining/announcements/data/06_05_2022/ann06.05.2022-11-20-01.json’

     0K                                                       100% 12.8M=0s

2022-05-06 11:20:03 (12.8 MB/s) - ‘/root/process_mining/announcements/data/06_05_2022/ann06.05.2022-11-20-01.json’ saved [60/60]

--2022-05-06 11:30:01--  https://files.cloudgdansk.pl/d/otwarte-dane/ztm/bsk.json
Resolving files.cloudgdansk.pl (files.cloudgdansk.pl)... 153.19.238.147
Connecting to files.cloudgdansk.pl (files.cloudgdansk.pl)|153.19.238.147|:443... connected.
HTTP request sent, awaiting response... 200 OK
Length: 60 [text/plain]
Saving to: ‘/root/process_mining/announcements/data/06_05_2022/ann06.05.2022-11-30-01.json’

     0K                                                       100% 11.6M=0s

2022-05-06 11:30:02 (11.6 MB/s) - ‘/root/process_mining/announcements/data/06_05_2022/ann06.05.2022-11-30-01.json’ saved [60/60]

--2022-05-06 11:40:02--  https://files.cloudgdansk.pl/d/otwarte-dane/ztm/bsk.json
Resolving files.cloudgdansk.pl (files.cloudgdansk.pl)... 153.19.238.147
Connecting to files.cloudgdansk.pl (files.cloudgdansk.pl)|153.19.238.147|:443... connected.
HTTP request sent, awaiting response... 200 OK
Length: 60 [text/plain]
Saving to: ‘/root/process_mining/announcements/data/06_05_2022/ann06.05.2022-11-40-02.json’

     0K                                                       100% 12.2M=0s

2022-05-06 11:40:02 (12.2 MB/s) - ‘/root/process_mining/announcements/data/06_05_2022/ann06.05.2022-11-40-02.json’ saved [60/60]

--2022-05-06 11:50:02--  https://files.cloudgdansk.pl/d/otwarte-dane/ztm/bsk.json
Resolving files.cloudgdansk.pl (files.cloudgdansk.pl)... 153.19.238.147
Connecting to files.cloudgdansk.pl (files.cloudgdansk.pl)|153.19.238.147|:443... connected.
HTTP request sent, awaiting response... 200 OK
Length: 60 [text/plain]
Saving to: ‘/root/process_mining/announcements/data/06_05_2022/ann06.05.2022-11-50-02.json’

     0K                                                       100% 12.1M=0s

2022-05-06 11:50:02 (12.1 MB/s) - ‘/root/process_mining/announcements/data/06_05_2022/ann06.05.2022-11-50-02.json’ saved [60/60]

--2022-05-06 12:00:00--  https://files.cloudgdansk.pl/d/otwarte-dane/ztm/bsk.json
Resolving files.cloudgdansk.pl (files.cloudgdansk.pl)... 153.19.238.147
Connecting to files.cloudgdansk.pl (files.cloudgdansk.pl)|153.19.238.147|:443... connected.
HTTP request sent, awaiting response... 200 OK
Length: 60 [text/plain]
Saving to: ‘/root/process_mining/announcements/data/06_05_2022/ann06.05.2022-12-00-00.json’

     0K                                                       100% 12.7M=0s

2022-05-06 12:00:00 (12.7 MB/s) - ‘/root/process_mining/announcements/data/06_05_2022/ann06.05.2022-12-00-00.json’ saved [60/60]

--2022-05-06 12:10:00--  https://files.cloudgdansk.pl/d/otwarte-dane/ztm/bsk.json
Resolving files.cloudgdansk.pl (files.cloudgdansk.pl)... 153.19.238.147
Connecting to files.cloudgdansk.pl (files.cloudgdansk.pl)|153.19.238.147|:443... connected.
HTTP request sent, awaiting response... 200 OK
Length: 60 [text/plain]
Saving to: ‘/root/process_mining/announcements/data/06_05_2022/ann06.05.2022-12-10-00.json’

     0K                                                       100% 12.8M=0s

2022-05-06 12:10:01 (12.8 MB/s) - ‘/root/process_mining/announcements/data/06_05_2022/ann06.05.2022-12-10-00.json’ saved [60/60]

--2022-05-06 12:20:01--  https://files.cloudgdansk.pl/d/otwarte-dane/ztm/bsk.json
Resolving files.cloudgdansk.pl (files.cloudgdansk.pl)... 153.19.238.147
Connecting to files.cloudgdansk.pl (files.cloudgdansk.pl)|153.19.238.147|:443... connected.
HTTP request sent, awaiting response... 200 OK
Length: 60 [text/plain]
Saving to: ‘/root/process_mining/announcements/data/06_05_2022/ann06.05.2022-12-20-01.json’

     0K                                                       100% 12.6M=0s

2022-05-06 12:20:02 (12.6 MB/s) - ‘/root/process_mining/announcements/data/06_05_2022/ann06.05.2022-12-20-01.json’ saved [60/60]

--2022-05-06 12:30:01--  https://files.cloudgdansk.pl/d/otwarte-dane/ztm/bsk.json
Resolving files.cloudgdansk.pl (files.cloudgdansk.pl)... 153.19.238.147
Connecting to files.cloudgdansk.pl (files.cloudgdansk.pl)|153.19.238.147|:443... connected.
HTTP request sent, awaiting response... 200 OK
Length: 60 [text/plain]
Saving to: ‘/root/process_mining/announcements/data/06_05_2022/ann06.05.2022-12-30-01.json’

     0K                                                       100% 12.0M=0s

2022-05-06 12:30:02 (12.0 MB/s) - ‘/root/process_mining/announcements/data/06_05_2022/ann06.05.2022-12-30-01.json’ saved [60/60]

--2022-05-06 12:40:01--  https://files.cloudgdansk.pl/d/otwarte-dane/ztm/bsk.json
Resolving files.cloudgdansk.pl (files.cloudgdansk.pl)... 153.19.238.147
Connecting to files.cloudgdansk.pl (files.cloudgdansk.pl)|153.19.238.147|:443... connected.
HTTP request sent, awaiting response... 200 OK
Length: 60 [text/plain]
Saving to: ‘/root/process_mining/announcements/data/06_05_2022/ann06.05.2022-12-40-01.json’

     0K                                                       100% 12.5M=0s

2022-05-06 12:40:05 (12.5 MB/s) - ‘/root/process_mining/announcements/data/06_05_2022/ann06.05.2022-12-40-01.json’ saved [60/60]

--2022-05-06 12:50:01--  https://files.cloudgdansk.pl/d/otwarte-dane/ztm/bsk.json
Resolving files.cloudgdansk.pl (files.cloudgdansk.pl)... 153.19.238.147
Connecting to files.cloudgdansk.pl (files.cloudgdansk.pl)|153.19.238.147|:443... connected.
HTTP request sent, awaiting response... 200 OK
Length: 60 [text/plain]
Saving to: ‘/root/process_mining/announcements/data/06_05_2022/ann06.05.2022-12-50-01.json’

     0K                                                       100% 13.4M=0s

2022-05-06 12:50:03 (13.4 MB/s) - ‘/root/process_mining/announcements/data/06_05_2022/ann06.05.2022-12-50-01.json’ saved [60/60]

--2022-05-06 13:00:00--  https://files.cloudgdansk.pl/d/otwarte-dane/ztm/bsk.json
Resolving files.cloudgdansk.pl (files.cloudgdansk.pl)... 153.19.238.147
Connecting to files.cloudgdansk.pl (files.cloudgdansk.pl)|153.19.238.147|:443... connected.
HTTP request sent, awaiting response... 200 OK
Length: 60 [text/plain]
Saving to: ‘/root/process_mining/announcements/data/06_05_2022/ann06.05.2022-13-00-00.json’

     0K                                                       100% 12.2M=0s

2022-05-06 13:00:01 (12.2 MB/s) - ‘/root/process_mining/announcements/data/06_05_2022/ann06.05.2022-13-00-00.json’ saved [60/60]

--2022-05-06 13:10:01--  https://files.cloudgdansk.pl/d/otwarte-dane/ztm/bsk.json
Resolving files.cloudgdansk.pl (files.cloudgdansk.pl)... 153.19.238.147
Connecting to files.cloudgdansk.pl (files.cloudgdansk.pl)|153.19.238.147|:443... connected.
HTTP request sent, awaiting response... 200 OK
Length: 60 [text/plain]
Saving to: ‘/root/process_mining/announcements/data/06_05_2022/ann06.05.2022-13-10-01.json’

     0K                                                       100% 11.2M=0s

2022-05-06 13:10:01 (11.2 MB/s) - ‘/root/process_mining/announcements/data/06_05_2022/ann06.05.2022-13-10-01.json’ saved [60/60]

--2022-05-06 13:20:01--  https://files.cloudgdansk.pl/d/otwarte-dane/ztm/bsk.json
Resolving files.cloudgdansk.pl (files.cloudgdansk.pl)... 153.19.238.147
Connecting to files.cloudgdansk.pl (files.cloudgdansk.pl)|153.19.238.147|:443... connected.
HTTP request sent, awaiting response... 200 OK
Length: 60 [text/plain]
Saving to: ‘/root/process_mining/announcements/data/06_05_2022/ann06.05.2022-13-20-01.json’

     0K                                                       100% 11.3M=0s

2022-05-06 13:20:02 (11.3 MB/s) - ‘/root/process_mining/announcements/data/06_05_2022/ann06.05.2022-13-20-01.json’ saved [60/60]

--2022-05-06 13:30:00--  https://files.cloudgdansk.pl/d/otwarte-dane/ztm/bsk.json
Resolving files.cloudgdansk.pl (files.cloudgdansk.pl)... 153.19.238.147
Connecting to files.cloudgdansk.pl (files.cloudgdansk.pl)|153.19.238.147|:443... connected.
HTTP request sent, awaiting response... 200 OK
Length: 60 [text/plain]
Saving to: ‘/root/process_mining/announcements/data/06_05_2022/ann06.05.2022-13-30-00.json’

     0K                                                       100% 11.8M=0s

2022-05-06 13:30:00 (11.8 MB/s) - ‘/root/process_mining/announcements/data/06_05_2022/ann06.05.2022-13-30-00.json’ saved [60/60]

--2022-05-06 13:40:00--  https://files.cloudgdansk.pl/d/otwarte-dane/ztm/bsk.json
Resolving files.cloudgdansk.pl (files.cloudgdansk.pl)... 153.19.238.147
Connecting to files.cloudgdansk.pl (files.cloudgdansk.pl)|153.19.238.147|:443... connected.
HTTP request sent, awaiting response... 200 OK
Length: 60 [text/plain]
Saving to: ‘/root/process_mining/announcements/data/06_05_2022/ann06.05.2022-13-40-00.json’

     0K                                                       100% 12.1M=0s

2022-05-06 13:40:02 (12.1 MB/s) - ‘/root/process_mining/announcements/data/06_05_2022/ann06.05.2022-13-40-00.json’ saved [60/60]

--2022-05-06 13:50:01--  https://files.cloudgdansk.pl/d/otwarte-dane/ztm/bsk.json
Resolving files.cloudgdansk.pl (files.cloudgdansk.pl)... 153.19.238.147
Connecting to files.cloudgdansk.pl (files.cloudgdansk.pl)|153.19.238.147|:443... connected.
HTTP request sent, awaiting response... 200 OK
Length: 60 [text/plain]
Saving to: ‘/root/process_mining/announcements/data/06_05_2022/ann06.05.2022-13-50-01.json’

     0K                                                       100% 10.3M=0s

2022-05-06 13:50:02 (10.3 MB/s) - ‘/root/process_mining/announcements/data/06_05_2022/ann06.05.2022-13-50-01.json’ saved [60/60]

--2022-05-06 14:00:01--  https://files.cloudgdansk.pl/d/otwarte-dane/ztm/bsk.json
Resolving files.cloudgdansk.pl (files.cloudgdansk.pl)... 153.19.238.147
Connecting to files.cloudgdansk.pl (files.cloudgdansk.pl)|153.19.238.147|:443... connected.
HTTP request sent, awaiting response... 200 OK
Length: 60 [text/plain]
Saving to: ‘/root/process_mining/announcements/data/06_05_2022/ann06.05.2022-14-00-01.json’

     0K                                                       100% 11.0M=0s

2022-05-06 14:00:02 (11.0 MB/s) - ‘/root/process_mining/announcements/data/06_05_2022/ann06.05.2022-14-00-01.json’ saved [60/60]

--2022-05-06 14:10:00--  https://files.cloudgdansk.pl/d/otwarte-dane/ztm/bsk.json
Resolving files.cloudgdansk.pl (files.cloudgdansk.pl)... 153.19.238.147
Connecting to files.cloudgdansk.pl (files.cloudgdansk.pl)|153.19.238.147|:443... connected.
HTTP request sent, awaiting response... 200 OK
Length: 60 [text/plain]
Saving to: ‘/root/process_mining/announcements/data/06_05_2022/ann06.05.2022-14-10-00.json’

     0K                                                       100% 12.5M=0s

2022-05-06 14:10:01 (12.5 MB/s) - ‘/root/process_mining/announcements/data/06_05_2022/ann06.05.2022-14-10-00.json’ saved [60/60]

--2022-05-06 14:20:00--  https://files.cloudgdansk.pl/d/otwarte-dane/ztm/bsk.json
Resolving files.cloudgdansk.pl (files.cloudgdansk.pl)... 153.19.238.147
Connecting to files.cloudgdansk.pl (files.cloudgdansk.pl)|153.19.238.147|:443... connected.
HTTP request sent, awaiting response... 200 OK
Length: 510 [application/json]
Saving to: ‘/root/process_mining/announcements/data/06_05_2022/ann06.05.2022-14-20-00.json’

     0K                                                       100%  101M=0s

2022-05-06 14:20:00 (101 MB/s) - ‘/root/process_mining/announcements/data/06_05_2022/ann06.05.2022-14-20-00.json’ saved [510/510]

--2022-05-06 14:30:00--  https://files.cloudgdansk.pl/d/otwarte-dane/ztm/bsk.json
Resolving files.cloudgdansk.pl (files.cloudgdansk.pl)... 153.19.238.147
Connecting to files.cloudgdansk.pl (files.cloudgdansk.pl)|153.19.238.147|:443... connected.
HTTP request sent, awaiting response... 200 OK
Length: 510 [application/json]
Saving to: ‘/root/process_mining/announcements/data/06_05_2022/ann06.05.2022-14-30-00.json’

     0K                                                       100%  101M=0s

2022-05-06 14:30:01 (101 MB/s) - ‘/root/process_mining/announcements/data/06_05_2022/ann06.05.2022-14-30-00.json’ saved [510/510]

--2022-05-06 14:40:01--  https://files.cloudgdansk.pl/d/otwarte-dane/ztm/bsk.json
Resolving files.cloudgdansk.pl (files.cloudgdansk.pl)... 153.19.238.147
Connecting to files.cloudgdansk.pl (files.cloudgdansk.pl)|153.19.238.147|:443... connected.
HTTP request sent, awaiting response... 200 OK
Length: 60 [text/plain]
Saving to: ‘/root/process_mining/announcements/data/06_05_2022/ann06.05.2022-14-40-01.json’

     0K                                                       100% 12.5M=0s

2022-05-06 14:40:02 (12.5 MB/s) - ‘/root/process_mining/announcements/data/06_05_2022/ann06.05.2022-14-40-01.json’ saved [60/60]

--2022-05-06 14:50:01--  https://files.cloudgdansk.pl/d/otwarte-dane/ztm/bsk.json
Resolving files.cloudgdansk.pl (files.cloudgdansk.pl)... 153.19.238.147
Connecting to files.cloudgdansk.pl (files.cloudgdansk.pl)|153.19.238.147|:443... connected.
HTTP request sent, awaiting response... 200 OK
Length: 60 [text/plain]
Saving to: ‘/root/process_mining/announcements/data/06_05_2022/ann06.05.2022-14-50-01.json’

     0K                                                       100% 9.63M=0s

2022-05-06 14:50:03 (9.63 MB/s) - ‘/root/process_mining/announcements/data/06_05_2022/ann06.05.2022-14-50-01.json’ saved [60/60]

--2022-05-06 15:00:01--  https://files.cloudgdansk.pl/d/otwarte-dane/ztm/bsk.json
Resolving files.cloudgdansk.pl (files.cloudgdansk.pl)... 153.19.238.147
Connecting to files.cloudgdansk.pl (files.cloudgdansk.pl)|153.19.238.147|:443... connected.
HTTP request sent, awaiting response... 200 OK
Length: 60 [text/plain]
Saving to: ‘/root/process_mining/announcements/data/06_05_2022/ann06.05.2022-15-00-01.json’

     0K                                                       100% 13.0M=0s

2022-05-06 15:00:01 (13.0 MB/s) - ‘/root/process_mining/announcements/data/06_05_2022/ann06.05.2022-15-00-01.json’ saved [60/60]

--2022-05-06 15:10:01--  https://files.cloudgdansk.pl/d/otwarte-dane/ztm/bsk.json
Resolving files.cloudgdansk.pl (files.cloudgdansk.pl)... 153.19.238.147
Connecting to files.cloudgdansk.pl (files.cloudgdansk.pl)|153.19.238.147|:443... connected.
HTTP request sent, awaiting response... 200 OK
Length: 60 [text/plain]
Saving to: ‘/root/process_mining/announcements/data/06_05_2022/ann06.05.2022-15-10-01.json’

     0K                                                       100% 11.4M=0s

2022-05-06 15:10:02 (11.4 MB/s) - ‘/root/process_mining/announcements/data/06_05_2022/ann06.05.2022-15-10-01.json’ saved [60/60]

--2022-05-06 15:20:01--  https://files.cloudgdansk.pl/d/otwarte-dane/ztm/bsk.json
Resolving files.cloudgdansk.pl (files.cloudgdansk.pl)... 153.19.238.147
Connecting to files.cloudgdansk.pl (files.cloudgdansk.pl)|153.19.238.147|:443... connected.
HTTP request sent, awaiting response... 200 OK
Length: 60 [text/plain]
Saving to: ‘/root/process_mining/announcements/data/06_05_2022/ann06.05.2022-15-20-01.json’

     0K                                                       100% 13.3M=0s

2022-05-06 15:20:02 (13.3 MB/s) - ‘/root/process_mining/announcements/data/06_05_2022/ann06.05.2022-15-20-01.json’ saved [60/60]

--2022-05-06 15:30:01--  https://files.cloudgdansk.pl/d/otwarte-dane/ztm/bsk.json
Resolving files.cloudgdansk.pl (files.cloudgdansk.pl)... 153.19.238.147
Connecting to files.cloudgdansk.pl (files.cloudgdansk.pl)|153.19.238.147|:443... connected.
HTTP request sent, awaiting response... 200 OK
Length: 60 [text/plain]
Saving to: ‘/root/process_mining/announcements/data/06_05_2022/ann06.05.2022-15-30-01.json’

     0K                                                       100% 11.9M=0s

2022-05-06 15:30:02 (11.9 MB/s) - ‘/root/process_mining/announcements/data/06_05_2022/ann06.05.2022-15-30-01.json’ saved [60/60]

--2022-05-06 15:40:00--  https://files.cloudgdansk.pl/d/otwarte-dane/ztm/bsk.json
Resolving files.cloudgdansk.pl (files.cloudgdansk.pl)... 153.19.238.147
Connecting to files.cloudgdansk.pl (files.cloudgdansk.pl)|153.19.238.147|:443... connected.
HTTP request sent, awaiting response... 200 OK
Length: 60 [text/plain]
Saving to: ‘/root/process_mining/announcements/data/06_05_2022/ann06.05.2022-15-40-00.json’

     0K                                                       100% 11.0M=0s

2022-05-06 15:40:00 (11.0 MB/s) - ‘/root/process_mining/announcements/data/06_05_2022/ann06.05.2022-15-40-00.json’ saved [60/60]

--2022-05-06 15:50:01--  https://files.cloudgdansk.pl/d/otwarte-dane/ztm/bsk.json
Resolving files.cloudgdansk.pl (files.cloudgdansk.pl)... 153.19.238.147
Connecting to files.cloudgdansk.pl (files.cloudgdansk.pl)|153.19.238.147|:443... connected.
HTTP request sent, awaiting response... 200 OK
Length: 60 [text/plain]
Saving to: ‘/root/process_mining/announcements/data/06_05_2022/ann06.05.2022-15-50-01.json’

     0K                                                       100% 11.8M=0s

2022-05-06 15:50:01 (11.8 MB/s) - ‘/root/process_mining/announcements/data/06_05_2022/ann06.05.2022-15-50-01.json’ saved [60/60]

--2022-05-06 16:00:01--  https://files.cloudgdansk.pl/d/otwarte-dane/ztm/bsk.json
Resolving files.cloudgdansk.pl (files.cloudgdansk.pl)... 153.19.238.147
Connecting to files.cloudgdansk.pl (files.cloudgdansk.pl)|153.19.238.147|:443... connected.
HTTP request sent, awaiting response... 200 OK
Length: 60 [text/plain]
Saving to: ‘/root/process_mining/announcements/data/06_05_2022/ann06.05.2022-16-00-01.json’

     0K                                                       100% 10.1M=0s

2022-05-06 16:00:01 (10.1 MB/s) - ‘/root/process_mining/announcements/data/06_05_2022/ann06.05.2022-16-00-01.json’ saved [60/60]

--2022-05-06 16:10:02--  https://files.cloudgdansk.pl/d/otwarte-dane/ztm/bsk.json
Resolving files.cloudgdansk.pl (files.cloudgdansk.pl)... 153.19.238.147
Connecting to files.cloudgdansk.pl (files.cloudgdansk.pl)|153.19.238.147|:443... connected.
HTTP request sent, awaiting response... 200 OK
Length: 60 [text/plain]
Saving to: ‘/root/process_mining/announcements/data/06_05_2022/ann06.05.2022-16-10-02.json’

     0K                                                       100% 12.1M=0s

2022-05-06 16:10:02 (12.1 MB/s) - ‘/root/process_mining/announcements/data/06_05_2022/ann06.05.2022-16-10-02.json’ saved [60/60]

--2022-05-06 16:20:01--  https://files.cloudgdansk.pl/d/otwarte-dane/ztm/bsk.json
Resolving files.cloudgdansk.pl (files.cloudgdansk.pl)... 153.19.238.147
Connecting to files.cloudgdansk.pl (files.cloudgdansk.pl)|153.19.238.147|:443... connected.
HTTP request sent, awaiting response... 200 OK
Length: 60 [text/plain]
Saving to: ‘/root/process_mining/announcements/data/06_05_2022/ann06.05.2022-16-20-01.json’

     0K                                                       100% 11.8M=0s

2022-05-06 16:20:01 (11.8 MB/s) - ‘/root/process_mining/announcements/data/06_05_2022/ann06.05.2022-16-20-01.json’ saved [60/60]

--2022-05-06 16:30:01--  https://files.cloudgdansk.pl/d/otwarte-dane/ztm/bsk.json
Resolving files.cloudgdansk.pl (files.cloudgdansk.pl)... 153.19.238.147
Connecting to files.cloudgdansk.pl (files.cloudgdansk.pl)|153.19.238.147|:443... connected.
HTTP request sent, awaiting response... 200 OK
Length: 60 [text/plain]
Saving to: ‘/root/process_mining/announcements/data/06_05_2022/ann06.05.2022-16-30-01.json’

     0K                                                       100% 11.9M=0s

2022-05-06 16:30:01 (11.9 MB/s) - ‘/root/process_mining/announcements/data/06_05_2022/ann06.05.2022-16-30-01.json’ saved [60/60]

--2022-05-06 16:40:01--  https://files.cloudgdansk.pl/d/otwarte-dane/ztm/bsk.json
Resolving files.cloudgdansk.pl (files.cloudgdansk.pl)... 153.19.238.147
Connecting to files.cloudgdansk.pl (files.cloudgdansk.pl)|153.19.238.147|:443... connected.
HTTP request sent, awaiting response... 200 OK
Length: 60 [text/plain]
Saving to: ‘/root/process_mining/announcements/data/06_05_2022/ann06.05.2022-16-40-01.json’

     0K                                                       100% 10.3M=0s

2022-05-06 16:40:02 (10.3 MB/s) - ‘/root/process_mining/announcements/data/06_05_2022/ann06.05.2022-16-40-01.json’ saved [60/60]

--2022-05-06 16:50:01--  https://files.cloudgdansk.pl/d/otwarte-dane/ztm/bsk.json
Resolving files.cloudgdansk.pl (files.cloudgdansk.pl)... 153.19.238.147
Connecting to files.cloudgdansk.pl (files.cloudgdansk.pl)|153.19.238.147|:443... connected.
HTTP request sent, awaiting response... 200 OK
Length: 60 [text/plain]
Saving to: ‘/root/process_mining/announcements/data/06_05_2022/ann06.05.2022-16-50-01.json’

     0K                                                       100% 11.8M=0s

2022-05-06 16:50:01 (11.8 MB/s) - ‘/root/process_mining/announcements/data/06_05_2022/ann06.05.2022-16-50-01.json’ saved [60/60]

--2022-05-06 17:00:01--  https://files.cloudgdansk.pl/d/otwarte-dane/ztm/bsk.json
Resolving files.cloudgdansk.pl (files.cloudgdansk.pl)... 153.19.238.147
Connecting to files.cloudgdansk.pl (files.cloudgdansk.pl)|153.19.238.147|:443... connected.
HTTP request sent, awaiting response... 200 OK
Length: 60 [text/plain]
Saving to: ‘/root/process_mining/announcements/data/06_05_2022/ann06.05.2022-17-00-01.json’

     0K                                                       100% 11.0M=0s

2022-05-06 17:00:02 (11.0 MB/s) - ‘/root/process_mining/announcements/data/06_05_2022/ann06.05.2022-17-00-01.json’ saved [60/60]

--2022-05-06 17:10:01--  https://files.cloudgdansk.pl/d/otwarte-dane/ztm/bsk.json
Resolving files.cloudgdansk.pl (files.cloudgdansk.pl)... 153.19.238.147
Connecting to files.cloudgdansk.pl (files.cloudgdansk.pl)|153.19.238.147|:443... connected.
HTTP request sent, awaiting response... 200 OK
Length: 60 [text/plain]
Saving to: ‘/root/process_mining/announcements/data/06_05_2022/ann06.05.2022-17-10-01.json’

     0K                                                       100% 12.1M=0s

2022-05-06 17:10:02 (12.1 MB/s) - ‘/root/process_mining/announcements/data/06_05_2022/ann06.05.2022-17-10-01.json’ saved [60/60]

--2022-05-06 17:20:01--  https://files.cloudgdansk.pl/d/otwarte-dane/ztm/bsk.json
Resolving files.cloudgdansk.pl (files.cloudgdansk.pl)... 153.19.238.147
Connecting to files.cloudgdansk.pl (files.cloudgdansk.pl)|153.19.238.147|:443... connected.
HTTP request sent, awaiting response... 200 OK
Length: 60 [text/plain]
Saving to: ‘/root/process_mining/announcements/data/06_05_2022/ann06.05.2022-17-20-01.json’

     0K                                                       100% 10.7M=0s

2022-05-06 17:20:02 (10.7 MB/s) - ‘/root/process_mining/announcements/data/06_05_2022/ann06.05.2022-17-20-01.json’ saved [60/60]

--2022-05-06 17:30:01--  https://files.cloudgdansk.pl/d/otwarte-dane/ztm/bsk.json
Resolving files.cloudgdansk.pl (files.cloudgdansk.pl)... 153.19.238.147
Connecting to files.cloudgdansk.pl (files.cloudgdansk.pl)|153.19.238.147|:443... connected.
HTTP request sent, awaiting response... 200 OK
Length: 60 [text/plain]
Saving to: ‘/root/process_mining/announcements/data/06_05_2022/ann06.05.2022-17-30-01.json’

     0K                                                       100% 9.32M=0s

2022-05-06 17:30:01 (9.32 MB/s) - ‘/root/process_mining/announcements/data/06_05_2022/ann06.05.2022-17-30-01.json’ saved [60/60]

--2022-05-06 17:40:01--  https://files.cloudgdansk.pl/d/otwarte-dane/ztm/bsk.json
Resolving files.cloudgdansk.pl (files.cloudgdansk.pl)... 153.19.238.147
Connecting to files.cloudgdansk.pl (files.cloudgdansk.pl)|153.19.238.147|:443... connected.
HTTP request sent, awaiting response... 200 OK
Length: 60 [text/plain]
Saving to: ‘/root/process_mining/announcements/data/06_05_2022/ann06.05.2022-17-40-01.json’

     0K                                                       100% 11.3M=0s

2022-05-06 17:40:01 (11.3 MB/s) - ‘/root/process_mining/announcements/data/06_05_2022/ann06.05.2022-17-40-01.json’ saved [60/60]

--2022-05-06 17:50:01--  https://files.cloudgdansk.pl/d/otwarte-dane/ztm/bsk.json
Resolving files.cloudgdansk.pl (files.cloudgdansk.pl)... 153.19.238.147
Connecting to files.cloudgdansk.pl (files.cloudgdansk.pl)|153.19.238.147|:443... connected.
HTTP request sent, awaiting response... 200 OK
Length: 60 [text/plain]
Saving to: ‘/root/process_mining/announcements/data/06_05_2022/ann06.05.2022-17-50-01.json’

     0K                                                       100% 12.2M=0s

2022-05-06 17:50:01 (12.2 MB/s) - ‘/root/process_mining/announcements/data/06_05_2022/ann06.05.2022-17-50-01.json’ saved [60/60]

--2022-05-06 18:00:01--  https://files.cloudgdansk.pl/d/otwarte-dane/ztm/bsk.json
Resolving files.cloudgdansk.pl (files.cloudgdansk.pl)... 153.19.238.147
Connecting to files.cloudgdansk.pl (files.cloudgdansk.pl)|153.19.238.147|:443... connected.
HTTP request sent, awaiting response... 200 OK
Length: 60 [text/plain]
Saving to: ‘/root/process_mining/announcements/data/06_05_2022/ann06.05.2022-18-00-01.json’

     0K                                                       100% 11.9M=0s

2022-05-06 18:00:02 (11.9 MB/s) - ‘/root/process_mining/announcements/data/06_05_2022/ann06.05.2022-18-00-01.json’ saved [60/60]

--2022-05-06 18:10:01--  https://files.cloudgdansk.pl/d/otwarte-dane/ztm/bsk.json
Resolving files.cloudgdansk.pl (files.cloudgdansk.pl)... 153.19.238.147
Connecting to files.cloudgdansk.pl (files.cloudgdansk.pl)|153.19.238.147|:443... connected.
HTTP request sent, awaiting response... 200 OK
Length: 60 [text/plain]
Saving to: ‘/root/process_mining/announcements/data/06_05_2022/ann06.05.2022-18-10-01.json’

     0K                                                       100% 11.5M=0s

2022-05-06 18:10:02 (11.5 MB/s) - ‘/root/process_mining/announcements/data/06_05_2022/ann06.05.2022-18-10-01.json’ saved [60/60]

--2022-05-06 18:20:01--  https://files.cloudgdansk.pl/d/otwarte-dane/ztm/bsk.json
Resolving files.cloudgdansk.pl (files.cloudgdansk.pl)... 153.19.238.147
Connecting to files.cloudgdansk.pl (files.cloudgdansk.pl)|153.19.238.147|:443... connected.
HTTP request sent, awaiting response... 200 OK
Length: 60 [text/plain]
Saving to: ‘/root/process_mining/announcements/data/06_05_2022/ann06.05.2022-18-20-01.json’

     0K                                                       100% 11.1M=0s

2022-05-06 18:20:01 (11.1 MB/s) - ‘/root/process_mining/announcements/data/06_05_2022/ann06.05.2022-18-20-01.json’ saved [60/60]

--2022-05-06 18:30:01--  https://files.cloudgdansk.pl/d/otwarte-dane/ztm/bsk.json
Resolving files.cloudgdansk.pl (files.cloudgdansk.pl)... 153.19.238.147
Connecting to files.cloudgdansk.pl (files.cloudgdansk.pl)|153.19.238.147|:443... connected.
HTTP request sent, awaiting response... 200 OK
Length: 60 [text/plain]
Saving to: ‘/root/process_mining/announcements/data/06_05_2022/ann06.05.2022-18-30-01.json’

     0K                                                       100% 12.0M=0s

2022-05-06 18:30:02 (12.0 MB/s) - ‘/root/process_mining/announcements/data/06_05_2022/ann06.05.2022-18-30-01.json’ saved [60/60]

--2022-05-06 18:40:02--  https://files.cloudgdansk.pl/d/otwarte-dane/ztm/bsk.json
Resolving files.cloudgdansk.pl (files.cloudgdansk.pl)... 153.19.238.147
Connecting to files.cloudgdansk.pl (files.cloudgdansk.pl)|153.19.238.147|:443... connected.
HTTP request sent, awaiting response... 200 OK
Length: 60 [text/plain]
Saving to: ‘/root/process_mining/announcements/data/06_05_2022/ann06.05.2022-18-40-02.json’

     0K                                                       100% 12.0M=0s

2022-05-06 18:40:02 (12.0 MB/s) - ‘/root/process_mining/announcements/data/06_05_2022/ann06.05.2022-18-40-02.json’ saved [60/60]

--2022-05-06 18:50:01--  https://files.cloudgdansk.pl/d/otwarte-dane/ztm/bsk.json
Resolving files.cloudgdansk.pl (files.cloudgdansk.pl)... 153.19.238.147
Connecting to files.cloudgdansk.pl (files.cloudgdansk.pl)|153.19.238.147|:443... connected.
HTTP request sent, awaiting response... 200 OK
Length: 60 [text/plain]
Saving to: ‘/root/process_mining/announcements/data/06_05_2022/ann06.05.2022-18-50-01.json’

     0K                                                       100% 11.3M=0s

2022-05-06 18:50:01 (11.3 MB/s) - ‘/root/process_mining/announcements/data/06_05_2022/ann06.05.2022-18-50-01.json’ saved [60/60]

--2022-05-06 19:00:01--  https://files.cloudgdansk.pl/d/otwarte-dane/ztm/bsk.json
Resolving files.cloudgdansk.pl (files.cloudgdansk.pl)... 153.19.238.147
Connecting to files.cloudgdansk.pl (files.cloudgdansk.pl)|153.19.238.147|:443... connected.
HTTP request sent, awaiting response... 200 OK
Length: 60 [text/plain]
Saving to: ‘/root/process_mining/announcements/data/06_05_2022/ann06.05.2022-19-00-01.json’

     0K                                                       100% 12.1M=0s

2022-05-06 19:00:01 (12.1 MB/s) - ‘/root/process_mining/announcements/data/06_05_2022/ann06.05.2022-19-00-01.json’ saved [60/60]

--2022-05-06 19:10:01--  https://files.cloudgdansk.pl/d/otwarte-dane/ztm/bsk.json
Resolving files.cloudgdansk.pl (files.cloudgdansk.pl)... 153.19.238.147
Connecting to files.cloudgdansk.pl (files.cloudgdansk.pl)|153.19.238.147|:443... connected.
HTTP request sent, awaiting response... 200 OK
Length: 60 [text/plain]
Saving to: ‘/root/process_mining/announcements/data/06_05_2022/ann06.05.2022-19-10-01.json’

     0K                                                       100% 10.7M=0s

2022-05-06 19:10:01 (10.7 MB/s) - ‘/root/process_mining/announcements/data/06_05_2022/ann06.05.2022-19-10-01.json’ saved [60/60]

--2022-05-06 19:20:01--  https://files.cloudgdansk.pl/d/otwarte-dane/ztm/bsk.json
Resolving files.cloudgdansk.pl (files.cloudgdansk.pl)... 153.19.238.147
Connecting to files.cloudgdansk.pl (files.cloudgdansk.pl)|153.19.238.147|:443... connected.
HTTP request sent, awaiting response... 200 OK
Length: 60 [text/plain]
Saving to: ‘/root/process_mining/announcements/data/06_05_2022/ann06.05.2022-19-20-01.json’

     0K                                                       100% 11.3M=0s

2022-05-06 19:20:01 (11.3 MB/s) - ‘/root/process_mining/announcements/data/06_05_2022/ann06.05.2022-19-20-01.json’ saved [60/60]

--2022-05-06 19:30:02--  https://files.cloudgdansk.pl/d/otwarte-dane/ztm/bsk.json
Resolving files.cloudgdansk.pl (files.cloudgdansk.pl)... 153.19.238.147
Connecting to files.cloudgdansk.pl (files.cloudgdansk.pl)|153.19.238.147|:443... connected.
HTTP request sent, awaiting response... 200 OK
Length: 60 [text/plain]
Saving to: ‘/root/process_mining/announcements/data/06_05_2022/ann06.05.2022-19-30-02.json’

     0K                                                       100% 12.0M=0s

2022-05-06 19:30:02 (12.0 MB/s) - ‘/root/process_mining/announcements/data/06_05_2022/ann06.05.2022-19-30-02.json’ saved [60/60]

--2022-05-06 19:40:01--  https://files.cloudgdansk.pl/d/otwarte-dane/ztm/bsk.json
Resolving files.cloudgdansk.pl (files.cloudgdansk.pl)... 153.19.238.147
Connecting to files.cloudgdansk.pl (files.cloudgdansk.pl)|153.19.238.147|:443... connected.
HTTP request sent, awaiting response... 200 OK
Length: 60 [text/plain]
Saving to: ‘/root/process_mining/announcements/data/06_05_2022/ann06.05.2022-19-40-01.json’

     0K                                                       100% 12.5M=0s

2022-05-06 19:40:02 (12.5 MB/s) - ‘/root/process_mining/announcements/data/06_05_2022/ann06.05.2022-19-40-01.json’ saved [60/60]

--2022-05-06 19:50:01--  https://files.cloudgdansk.pl/d/otwarte-dane/ztm/bsk.json
Resolving files.cloudgdansk.pl (files.cloudgdansk.pl)... 153.19.238.147
Connecting to files.cloudgdansk.pl (files.cloudgdansk.pl)|153.19.238.147|:443... connected.
HTTP request sent, awaiting response... 200 OK
Length: 60 [text/plain]
Saving to: ‘/root/process_mining/announcements/data/06_05_2022/ann06.05.2022-19-50-01.json’

     0K                                                       100% 12.5M=0s

2022-05-06 19:50:02 (12.5 MB/s) - ‘/root/process_mining/announcements/data/06_05_2022/ann06.05.2022-19-50-01.json’ saved [60/60]

--2022-05-06 20:00:01--  https://files.cloudgdansk.pl/d/otwarte-dane/ztm/bsk.json
Resolving files.cloudgdansk.pl (files.cloudgdansk.pl)... 153.19.238.147
Connecting to files.cloudgdansk.pl (files.cloudgdansk.pl)|153.19.238.147|:443... connected.
HTTP request sent, awaiting response... 200 OK
Length: 60 [text/plain]
Saving to: ‘/root/process_mining/announcements/data/06_05_2022/ann06.05.2022-20-00-01.json’

     0K                                                       100% 12.3M=0s

2022-05-06 20:00:02 (12.3 MB/s) - ‘/root/process_mining/announcements/data/06_05_2022/ann06.05.2022-20-00-01.json’ saved [60/60]

--2022-05-06 20:10:01--  https://files.cloudgdansk.pl/d/otwarte-dane/ztm/bsk.json
Resolving files.cloudgdansk.pl (files.cloudgdansk.pl)... 153.19.238.147
Connecting to files.cloudgdansk.pl (files.cloudgdansk.pl)|153.19.238.147|:443... connected.
HTTP request sent, awaiting response... 200 OK
Length: 60 [text/plain]
Saving to: ‘/root/process_mining/announcements/data/06_05_2022/ann06.05.2022-20-10-01.json’

     0K                                                       100% 11.5M=0s

2022-05-06 20:10:01 (11.5 MB/s) - ‘/root/process_mining/announcements/data/06_05_2022/ann06.05.2022-20-10-01.json’ saved [60/60]

--2022-05-06 20:20:01--  https://files.cloudgdansk.pl/d/otwarte-dane/ztm/bsk.json
Resolving files.cloudgdansk.pl (files.cloudgdansk.pl)... 153.19.238.147
Connecting to files.cloudgdansk.pl (files.cloudgdansk.pl)|153.19.238.147|:443... connected.
HTTP request sent, awaiting response... 200 OK
Length: 60 [text/plain]
Saving to: ‘/root/process_mining/announcements/data/06_05_2022/ann06.05.2022-20-20-01.json’

     0K                                                       100% 11.8M=0s

2022-05-06 20:20:01 (11.8 MB/s) - ‘/root/process_mining/announcements/data/06_05_2022/ann06.05.2022-20-20-01.json’ saved [60/60]

--2022-05-06 20:30:01--  https://files.cloudgdansk.pl/d/otwarte-dane/ztm/bsk.json
Resolving files.cloudgdansk.pl (files.cloudgdansk.pl)... 153.19.238.147
Connecting to files.cloudgdansk.pl (files.cloudgdansk.pl)|153.19.238.147|:443... connected.
HTTP request sent, awaiting response... 200 OK
Length: 60 [text/plain]
Saving to: ‘/root/process_mining/announcements/data/06_05_2022/ann06.05.2022-20-30-01.json’

     0K                                                       100% 12.1M=0s

2022-05-06 20:30:02 (12.1 MB/s) - ‘/root/process_mining/announcements/data/06_05_2022/ann06.05.2022-20-30-01.json’ saved [60/60]

--2022-05-06 20:40:01--  https://files.cloudgdansk.pl/d/otwarte-dane/ztm/bsk.json
Resolving files.cloudgdansk.pl (files.cloudgdansk.pl)... 153.19.238.147
Connecting to files.cloudgdansk.pl (files.cloudgdansk.pl)|153.19.238.147|:443... connected.
HTTP request sent, awaiting response... 200 OK
Length: 60 [text/plain]
Saving to: ‘/root/process_mining/announcements/data/06_05_2022/ann06.05.2022-20-40-01.json’

     0K                                                       100% 9.60M=0s

2022-05-06 20:40:02 (9.60 MB/s) - ‘/root/process_mining/announcements/data/06_05_2022/ann06.05.2022-20-40-01.json’ saved [60/60]

--2022-05-06 20:50:01--  https://files.cloudgdansk.pl/d/otwarte-dane/ztm/bsk.json
Resolving files.cloudgdansk.pl (files.cloudgdansk.pl)... 153.19.238.147
Connecting to files.cloudgdansk.pl (files.cloudgdansk.pl)|153.19.238.147|:443... connected.
HTTP request sent, awaiting response... 200 OK
Length: 60 [text/plain]
Saving to: ‘/root/process_mining/announcements/data/06_05_2022/ann06.05.2022-20-50-01.json’

     0K                                                       100% 12.4M=0s

2022-05-06 20:50:01 (12.4 MB/s) - ‘/root/process_mining/announcements/data/06_05_2022/ann06.05.2022-20-50-01.json’ saved [60/60]

--2022-05-06 21:00:02--  https://files.cloudgdansk.pl/d/otwarte-dane/ztm/bsk.json
Resolving files.cloudgdansk.pl (files.cloudgdansk.pl)... 153.19.238.147
Connecting to files.cloudgdansk.pl (files.cloudgdansk.pl)|153.19.238.147|:443... connected.
HTTP request sent, awaiting response... 200 OK
Length: 60 [text/plain]
Saving to: ‘/root/process_mining/announcements/data/06_05_2022/ann06.05.2022-21-00-02.json’

     0K                                                       100% 11.6M=0s

2022-05-06 21:00:02 (11.6 MB/s) - ‘/root/process_mining/announcements/data/06_05_2022/ann06.05.2022-21-00-02.json’ saved [60/60]

--2022-05-06 21:10:01--  https://files.cloudgdansk.pl/d/otwarte-dane/ztm/bsk.json
Resolving files.cloudgdansk.pl (files.cloudgdansk.pl)... 153.19.238.147
Connecting to files.cloudgdansk.pl (files.cloudgdansk.pl)|153.19.238.147|:443... connected.
HTTP request sent, awaiting response... 200 OK
Length: 60 [text/plain]
Saving to: ‘/root/process_mining/announcements/data/06_05_2022/ann06.05.2022-21-10-01.json’

     0K                                                       100% 12.7M=0s

2022-05-06 21:10:01 (12.7 MB/s) - ‘/root/process_mining/announcements/data/06_05_2022/ann06.05.2022-21-10-01.json’ saved [60/60]

--2022-05-06 21:20:01--  https://files.cloudgdansk.pl/d/otwarte-dane/ztm/bsk.json
Resolving files.cloudgdansk.pl (files.cloudgdansk.pl)... 153.19.238.147
Connecting to files.cloudgdansk.pl (files.cloudgdansk.pl)|153.19.238.147|:443... connected.
HTTP request sent, awaiting response... 200 OK
Length: 60 [text/plain]
Saving to: ‘/root/process_mining/announcements/data/06_05_2022/ann06.05.2022-21-20-01.json’

     0K                                                       100% 12.5M=0s

2022-05-06 21:20:02 (12.5 MB/s) - ‘/root/process_mining/announcements/data/06_05_2022/ann06.05.2022-21-20-01.json’ saved [60/60]

--2022-05-06 21:30:01--  https://files.cloudgdansk.pl/d/otwarte-dane/ztm/bsk.json
Resolving files.cloudgdansk.pl (files.cloudgdansk.pl)... 153.19.238.147
Connecting to files.cloudgdansk.pl (files.cloudgdansk.pl)|153.19.238.147|:443... connected.
HTTP request sent, awaiting response... 200 OK
Length: 60 [text/plain]
Saving to: ‘/root/process_mining/announcements/data/06_05_2022/ann06.05.2022-21-30-01.json’

     0K                                                       100% 11.0M=0s

2022-05-06 21:30:01 (11.0 MB/s) - ‘/root/process_mining/announcements/data/06_05_2022/ann06.05.2022-21-30-01.json’ saved [60/60]

--2022-05-06 21:40:01--  https://files.cloudgdansk.pl/d/otwarte-dane/ztm/bsk.json
Resolving files.cloudgdansk.pl (files.cloudgdansk.pl)... 153.19.238.147
Connecting to files.cloudgdansk.pl (files.cloudgdansk.pl)|153.19.238.147|:443... connected.
HTTP request sent, awaiting response... 200 OK
Length: 60 [text/plain]
Saving to: ‘/root/process_mining/announcements/data/06_05_2022/ann06.05.2022-21-40-01.json’

     0K                                                       100% 10.5M=0s

2022-05-06 21:40:02 (10.5 MB/s) - ‘/root/process_mining/announcements/data/06_05_2022/ann06.05.2022-21-40-01.json’ saved [60/60]

--2022-05-06 21:50:01--  https://files.cloudgdansk.pl/d/otwarte-dane/ztm/bsk.json
Resolving files.cloudgdansk.pl (files.cloudgdansk.pl)... 153.19.238.147
Connecting to files.cloudgdansk.pl (files.cloudgdansk.pl)|153.19.238.147|:443... connected.
HTTP request sent, awaiting response... 200 OK
Length: 60 [text/plain]
Saving to: ‘/root/process_mining/announcements/data/06_05_2022/ann06.05.2022-21-50-01.json’

     0K                                                       100% 9.87M=0s

2022-05-06 21:50:02 (9.87 MB/s) - ‘/root/process_mining/announcements/data/06_05_2022/ann06.05.2022-21-50-01.json’ saved [60/60]

--2022-05-06 22:00:01--  https://files.cloudgdansk.pl/d/otwarte-dane/ztm/bsk.json
Resolving files.cloudgdansk.pl (files.cloudgdansk.pl)... 153.19.238.147
Connecting to files.cloudgdansk.pl (files.cloudgdansk.pl)|153.19.238.147|:443... connected.
HTTP request sent, awaiting response... 200 OK
Length: 60 [text/plain]
Saving to: ‘/root/process_mining/announcements/data/06_05_2022/ann06.05.2022-22-00-01.json’

     0K                                                       100% 12.0M=0s

2022-05-06 22:00:02 (12.0 MB/s) - ‘/root/process_mining/announcements/data/06_05_2022/ann06.05.2022-22-00-01.json’ saved [60/60]

--2022-05-06 22:10:01--  https://files.cloudgdansk.pl/d/otwarte-dane/ztm/bsk.json
Resolving files.cloudgdansk.pl (files.cloudgdansk.pl)... 153.19.238.147
Connecting to files.cloudgdansk.pl (files.cloudgdansk.pl)|153.19.238.147|:443... connected.
HTTP request sent, awaiting response... 200 OK
Length: 60 [text/plain]
Saving to: ‘/root/process_mining/announcements/data/06_05_2022/ann06.05.2022-22-10-01.json’

     0K                                                       100% 10.5M=0s

2022-05-06 22:10:02 (10.5 MB/s) - ‘/root/process_mining/announcements/data/06_05_2022/ann06.05.2022-22-10-01.json’ saved [60/60]

--2022-05-06 22:20:01--  https://files.cloudgdansk.pl/d/otwarte-dane/ztm/bsk.json
Resolving files.cloudgdansk.pl (files.cloudgdansk.pl)... 153.19.238.147
Connecting to files.cloudgdansk.pl (files.cloudgdansk.pl)|153.19.238.147|:443... connected.
HTTP request sent, awaiting response... 200 OK
Length: 60 [text/plain]
Saving to: ‘/root/process_mining/announcements/data/06_05_2022/ann06.05.2022-22-20-01.json’

     0K                                                       100% 11.5M=0s

2022-05-06 22:20:01 (11.5 MB/s) - ‘/root/process_mining/announcements/data/06_05_2022/ann06.05.2022-22-20-01.json’ saved [60/60]

--2022-05-06 22:30:01--  https://files.cloudgdansk.pl/d/otwarte-dane/ztm/bsk.json
Resolving files.cloudgdansk.pl (files.cloudgdansk.pl)... 153.19.238.147
Connecting to files.cloudgdansk.pl (files.cloudgdansk.pl)|153.19.238.147|:443... connected.
HTTP request sent, awaiting response... 200 OK
Length: 60 [text/plain]
Saving to: ‘/root/process_mining/announcements/data/06_05_2022/ann06.05.2022-22-30-01.json’

     0K                                                       100% 11.1M=0s

2022-05-06 22:30:01 (11.1 MB/s) - ‘/root/process_mining/announcements/data/06_05_2022/ann06.05.2022-22-30-01.json’ saved [60/60]

--2022-05-06 22:40:01--  https://files.cloudgdansk.pl/d/otwarte-dane/ztm/bsk.json
Resolving files.cloudgdansk.pl (files.cloudgdansk.pl)... 153.19.238.147
Connecting to files.cloudgdansk.pl (files.cloudgdansk.pl)|153.19.238.147|:443... connected.
HTTP request sent, awaiting response... 200 OK
Length: 60 [text/plain]
Saving to: ‘/root/process_mining/announcements/data/06_05_2022/ann06.05.2022-22-40-01.json’

     0K                                                       100% 12.1M=0s

2022-05-06 22:40:02 (12.1 MB/s) - ‘/root/process_mining/announcements/data/06_05_2022/ann06.05.2022-22-40-01.json’ saved [60/60]

--2022-05-06 22:50:01--  https://files.cloudgdansk.pl/d/otwarte-dane/ztm/bsk.json
Resolving files.cloudgdansk.pl (files.cloudgdansk.pl)... 153.19.238.147
Connecting to files.cloudgdansk.pl (files.cloudgdansk.pl)|153.19.238.147|:443... connected.
HTTP request sent, awaiting response... 200 OK
Length: 60 [text/plain]
Saving to: ‘/root/process_mining/announcements/data/06_05_2022/ann06.05.2022-22-50-01.json’

     0K                                                       100% 12.0M=0s

2022-05-06 22:50:01 (12.0 MB/s) - ‘/root/process_mining/announcements/data/06_05_2022/ann06.05.2022-22-50-01.json’ saved [60/60]

--2022-05-06 23:00:01--  https://files.cloudgdansk.pl/d/otwarte-dane/ztm/bsk.json
Resolving files.cloudgdansk.pl (files.cloudgdansk.pl)... 153.19.238.147
Connecting to files.cloudgdansk.pl (files.cloudgdansk.pl)|153.19.238.147|:443... connected.
HTTP request sent, awaiting response... 200 OK
Length: 60 [text/plain]
Saving to: ‘/root/process_mining/announcements/data/06_05_2022/ann06.05.2022-23-00-01.json’

     0K                                                       100% 11.1M=0s

2022-05-06 23:00:02 (11.1 MB/s) - ‘/root/process_mining/announcements/data/06_05_2022/ann06.05.2022-23-00-01.json’ saved [60/60]

--2022-05-06 23:10:01--  https://files.cloudgdansk.pl/d/otwarte-dane/ztm/bsk.json
Resolving files.cloudgdansk.pl (files.cloudgdansk.pl)... 153.19.238.147
Connecting to files.cloudgdansk.pl (files.cloudgdansk.pl)|153.19.238.147|:443... connected.
HTTP request sent, awaiting response... 200 OK
Length: 60 [text/plain]
Saving to: ‘/root/process_mining/announcements/data/06_05_2022/ann06.05.2022-23-10-01.json’

     0K                                                       100% 12.2M=0s

2022-05-06 23:10:02 (12.2 MB/s) - ‘/root/process_mining/announcements/data/06_05_2022/ann06.05.2022-23-10-01.json’ saved [60/60]

--2022-05-06 23:20:02--  https://files.cloudgdansk.pl/d/otwarte-dane/ztm/bsk.json
Resolving files.cloudgdansk.pl (files.cloudgdansk.pl)... 153.19.238.147
Connecting to files.cloudgdansk.pl (files.cloudgdansk.pl)|153.19.238.147|:443... connected.
HTTP request sent, awaiting response... 200 OK
Length: 60 [text/plain]
Saving to: ‘/root/process_mining/announcements/data/06_05_2022/ann06.05.2022-23-20-02.json’

     0K                                                       100% 12.4M=0s

2022-05-06 23:20:02 (12.4 MB/s) - ‘/root/process_mining/announcements/data/06_05_2022/ann06.05.2022-23-20-02.json’ saved [60/60]

--2022-05-06 23:30:01--  https://files.cloudgdansk.pl/d/otwarte-dane/ztm/bsk.json
Resolving files.cloudgdansk.pl (files.cloudgdansk.pl)... 153.19.238.147
Connecting to files.cloudgdansk.pl (files.cloudgdansk.pl)|153.19.238.147|:443... connected.
HTTP request sent, awaiting response... 200 OK
Length: 60 [text/plain]
Saving to: ‘/root/process_mining/announcements/data/06_05_2022/ann06.05.2022-23-30-01.json’

     0K                                                       100% 12.0M=0s

2022-05-06 23:30:02 (12.0 MB/s) - ‘/root/process_mining/announcements/data/06_05_2022/ann06.05.2022-23-30-01.json’ saved [60/60]

--2022-05-06 23:40:01--  https://files.cloudgdansk.pl/d/otwarte-dane/ztm/bsk.json
Resolving files.cloudgdansk.pl (files.cloudgdansk.pl)... 153.19.238.147
Connecting to files.cloudgdansk.pl (files.cloudgdansk.pl)|153.19.238.147|:443... connected.
HTTP request sent, awaiting response... 200 OK
Length: 60 [text/plain]
Saving to: ‘/root/process_mining/announcements/data/06_05_2022/ann06.05.2022-23-40-01.json’

     0K                                                       100% 11.3M=0s

2022-05-06 23:40:01 (11.3 MB/s) - ‘/root/process_mining/announcements/data/06_05_2022/ann06.05.2022-23-40-01.json’ saved [60/60]

--2022-05-06 23:50:01--  https://files.cloudgdansk.pl/d/otwarte-dane/ztm/bsk.json
Resolving files.cloudgdansk.pl (files.cloudgdansk.pl)... 153.19.238.147
Connecting to files.cloudgdansk.pl (files.cloudgdansk.pl)|153.19.238.147|:443... connected.
HTTP request sent, awaiting response... 200 OK
Length: 60 [text/plain]
Saving to: ‘/root/process_mining/announcements/data/06_05_2022/ann06.05.2022-23-50-01.json’

     0K                                                       100% 11.9M=0s

2022-05-06 23:50:01 (11.9 MB/s) - ‘/root/process_mining/announcements/data/06_05_2022/ann06.05.2022-23-50-01.json’ saved [60/60]

