--2022-05-07 02:55:01--  https://ckan.multimediagdansk.pl/dataset/c24aa637-3619-4dc2-a171-a23eec8f2172/resource/3115d29d-b763-4af5-93f6-763b835967d6/download/stopsintrip.json
Resolving ckan.multimediagdansk.pl (ckan.multimediagdansk.pl)... 91.244.248.30
Connecting to ckan.multimediagdansk.pl (ckan.multimediagdansk.pl)|91.244.248.30|:443... connected.
HTTP request sent, awaiting response... 200 OK
Length: 34989713 (33M) [application/json]
Saving to: ‘/root/process_mining/trips_tracing/stopsintrip.json’

     0K .......... .......... .......... .......... ..........  0%  883K 39s
    50K .......... .......... .......... .......... ..........  0% 1.74M 29s
   100K .......... .......... .......... .......... ..........  0% 53.7M 19s
   150K .......... .......... .......... .......... ..........  0% 1.77M 19s
   200K .......... .......... .......... .......... ..........  0% 56.8M 15s
   250K .......... .......... .......... .......... ..........  0% 78.6M 13s
   300K .......... .......... .......... .......... ..........  1%  120M 11s
   350K .......... .......... .......... .......... ..........  1% 1.85M 12s
   400K .......... .......... .......... .......... ..........  1% 83.9M 11s
   450K .......... .......... .......... .......... ..........  1% 72.2M 10s
   500K .......... .......... .......... .......... ..........  1% 84.7M 9s
   550K .......... .......... .......... .......... ..........  1% 98.3M 8s
   600K .......... .......... .......... .......... ..........  1% 89.9M 7s
   650K .......... .......... .......... .......... ..........  2% 65.9M 7s
   700K .......... .......... .......... .......... ..........  2% 86.6M 6s
   750K .......... .......... .......... .......... ..........  2% 37.8M 6s
   800K .......... .......... .......... .......... ..........  2% 2.10M 7s
   850K .......... .......... .......... .......... ..........  2% 53.7M 6s
   900K .......... .......... .......... .......... ..........  2% 72.8M 6s
   950K .......... .......... .......... .......... ..........  2% 58.6M 6s
  1000K .......... .......... .......... .......... ..........  3%  101M 5s
  1050K .......... .......... .......... .......... ..........  3%  100M 5s
  1100K .......... .......... .......... .......... ..........  3% 69.4M 5s
  1150K .......... .......... .......... .......... ..........  3% 78.6M 5s
  1200K .......... .......... .......... .......... ..........  3% 65.8M 5s
  1250K .......... .......... .......... .......... ..........  3% 80.5M 4s
  1300K .......... .......... .......... .......... ..........  3% 82.8M 4s
  1350K .......... .......... .......... .......... ..........  4% 71.1M 4s
  1400K .......... .......... .......... .......... ..........  4%  115M 4s
  1450K .......... .......... .......... .......... ..........  4%  140M 4s
  1500K .......... .......... .......... .......... ..........  4%  150M 4s
  1550K .......... .......... .......... .......... ..........  4%  157M 4s
  1600K .......... .......... .......... .......... ..........  4% 2.51M 4s
  1650K .......... .......... .......... .......... ..........  4% 86.3M 4s
  1700K .......... .......... .......... .......... ..........  5% 72.1M 4s
  1750K .......... .......... .......... .......... ..........  5% 97.0M 4s
  1800K .......... .......... .......... .......... ..........  5% 80.0M 4s
  1850K .......... .......... .......... .......... ..........  5% 68.1M 3s
  1900K .......... .......... .......... .......... ..........  5% 91.3M 3s
  1950K .......... .......... .......... .......... ..........  5% 92.9M 3s
  2000K .......... .......... .......... .......... ..........  5%  103M 3s
  2050K .......... .......... .......... .......... ..........  6%  114M 3s
  2100K .......... .......... .......... .......... ..........  6% 1.67M 3s
  2150K .......... .......... .......... .......... ..........  6% 53.6M 3s
  2200K .......... .......... .......... .......... ..........  6% 30.6M 3s
  2250K .......... .......... .......... .......... ..........  6%  151M 3s
  2300K .......... .......... .......... .......... ..........  6%  109M 3s
  2350K .......... .......... .......... .......... ..........  7% 77.8M 3s
  2400K .......... .......... .......... .......... ..........  7%  114M 3s
  2450K .......... .......... .......... .......... ..........  7%  115M 3s
  2500K .......... .......... .......... .......... ..........  7%  136M 3s
  2550K .......... .......... .......... .......... ..........  7%  122M 3s
  2600K .......... .......... .......... .......... ..........  7%  123M 3s
  2650K .......... .......... .......... .......... ..........  7%  135M 3s
  2700K .......... .......... .......... .......... ..........  8% 94.2M 3s
  2750K .......... .......... .......... .......... ..........  8% 88.8M 3s
  2800K .......... .......... .......... .......... ..........  8%  124M 3s
  2850K .......... .......... .......... .......... ..........  8%  115M 3s
  2900K .......... .......... .......... .......... ..........  8%  114M 3s
  2950K .......... .......... .......... .......... ..........  8%  113M 3s
  3000K .......... .......... .......... .......... ..........  8%  130M 2s
  3050K .......... .......... .......... .......... ..........  9%  130M 2s
  3100K .......... .......... .......... .......... ..........  9%  113M 2s
  3150K .......... .......... .......... .......... ..........  9%  126M 2s
  3200K .......... .......... .......... .......... ..........  9%  110M 2s
  3250K .......... .......... .......... .......... ..........  9%  121M 2s
  3300K .......... .......... .......... .......... ..........  9%  126M 2s
  3350K .......... .......... .......... .......... ..........  9%  118M 2s
  3400K .......... .......... .......... .......... .......... 10%  126M 2s
  3450K .......... .......... .......... .......... .......... 10%  113M 2s
  3500K .......... .......... .......... .......... .......... 10%  127M 2s
  3550K .......... .......... .......... .......... .......... 10%  117M 2s
  3600K .......... .......... .......... .......... .......... 10%  111M 2s
  3650K .......... .......... .......... .......... .......... 10%  134M 2s
  3700K .......... .......... .......... .......... .......... 10%  114M 2s
  3750K .......... .......... .......... .......... .......... 11%  122M 2s
  3800K .......... .......... .......... .......... .......... 11%  136M 2s
  3850K .......... .......... .......... .......... .......... 11%  104M 2s
  3900K .......... .......... .......... .......... .......... 11%  132M 2s
  3950K .......... .......... .......... .......... .......... 11%  121M 2s
  4000K .......... .......... .......... .......... .......... 11%  152M 2s
  4050K .......... .......... .......... .......... .......... 11%  158M 2s
  4100K .......... .......... .......... .......... .......... 12%  139M 2s
  4150K .......... .......... .......... .......... .......... 12%  149M 2s
  4200K .......... .......... .......... .......... .......... 12%  129M 2s
  4250K .......... .......... .......... .......... .......... 12%  156M 2s
  4300K .......... .......... .......... .......... .......... 12%  148M 2s
  4350K .......... .......... .......... .......... .......... 12% 4.30M 2s
  4400K .......... .......... .......... .......... .......... 13% 84.9M 2s
  4450K .......... .......... .......... .......... .......... 13% 46.7M 2s
  4500K .......... .......... .......... .......... .......... 13% 30.8M 2s
  4550K .......... .......... .......... .......... .......... 13% 28.1M 2s
  4600K .......... .......... .......... .......... .......... 13% 26.8M 2s
  4650K .......... .......... .......... .......... .......... 13% 27.8M 2s
  4700K .......... .......... .......... .......... .......... 13% 26.3M 2s
  4750K .......... .......... .......... .......... .......... 14% 28.4M 2s
  4800K .......... .......... .......... .......... .......... 14% 28.9M 2s
  4850K .......... .......... .......... .......... .......... 14% 28.4M 2s
  4900K .......... .......... .......... .......... .......... 14% 37.9M 2s
  4950K .......... .......... .......... .......... .......... 14% 25.4M 2s
  5000K .......... .......... .......... .......... .......... 14% 43.6M 2s
  5050K .......... .......... .......... .......... .......... 14% 38.1M 2s
  5100K .......... .......... .......... .......... .......... 15% 29.9M 2s
  5150K .......... .......... .......... .......... .......... 15% 34.3M 2s
  5200K .......... .......... .......... .......... .......... 15% 32.2M 2s
  5250K .......... .......... .......... .......... .......... 15% 35.8M 2s
  5300K .......... .......... .......... .......... .......... 15% 31.8M 2s
  5350K .......... .......... .......... .......... .......... 15% 25.2M 2s
  5400K .......... .......... .......... .......... .......... 15% 29.8M 2s
  5450K .......... .......... .......... .......... .......... 16% 26.0M 2s
  5500K .......... .......... .......... .......... .......... 16% 32.1M 2s
  5550K .......... .......... .......... .......... .......... 16% 30.1M 2s
  5600K .......... .......... .......... .......... .......... 16% 26.3M 2s
  5650K .......... .......... .......... .......... .......... 16% 33.2M 2s
  5700K .......... .......... .......... .......... .......... 16% 26.2M 2s
  5750K .......... .......... .......... .......... .......... 16% 29.6M 2s
  5800K .......... .......... .......... .......... .......... 17% 31.1M 1s
  5850K .......... .......... .......... .......... .......... 17% 26.9M 1s
  5900K .......... .......... .......... .......... .......... 17% 28.4M 1s
  5950K .......... .......... .......... .......... .......... 17% 25.1M 1s
  6000K .......... .......... .......... .......... .......... 17% 29.5M 1s
  6050K .......... .......... .......... .......... .......... 17% 31.1M 1s
  6100K .......... .......... .......... .......... .......... 17% 25.0M 1s
  6150K .......... .......... .......... .......... .......... 18% 30.2M 1s
  6200K .......... .......... .......... .......... .......... 18% 25.5M 1s
  6250K .......... .......... .......... .......... .......... 18% 32.4M 1s
  6300K .......... .......... .......... .......... .......... 18% 29.7M 1s
  6350K .......... .......... .......... .......... .......... 18% 26.0M 1s
  6400K .......... .......... .......... .......... .......... 18% 32.5M 1s
  6450K .......... .......... .......... .......... .......... 19% 26.6M 1s
  6500K .......... .......... .......... .......... .......... 19% 30.8M 1s
  6550K .......... .......... .......... .......... .......... 19% 28.9M 1s
  6600K .......... .......... .......... .......... .......... 19% 28.9M 1s
  6650K .......... .......... .......... .......... .......... 19% 29.4M 1s
  6700K .......... .......... .......... .......... .......... 19% 26.1M 1s
  6750K .......... .......... .......... .......... .......... 19% 32.4M 1s
  6800K .......... .......... .......... .......... .......... 20% 30.5M 1s
  6850K .......... .......... .......... .......... .......... 20% 26.0M 1s
  6900K .......... .......... .......... .......... .......... 20% 29.2M 1s
  6950K .......... .......... .......... .......... .......... 20% 25.4M 1s
  7000K .......... .......... .......... .......... .......... 20% 31.5M 1s
  7050K .......... .......... .......... .......... .......... 20% 30.4M 1s
  7100K .......... .......... .......... .......... .......... 20% 25.9M 1s
  7150K .......... .......... .......... .......... .......... 21% 32.2M 1s
  7200K .......... .......... .......... .......... .......... 21% 25.7M 1s
  7250K .......... .......... .......... .......... .......... 21% 29.4M 1s
  7300K .......... .......... .......... .......... .......... 21% 30.0M 1s
  7350K .......... .......... .......... .......... .......... 21% 28.0M 1s
  7400K .......... .......... .......... .......... .......... 21% 29.5M 1s
  7450K .......... .......... .......... .......... .......... 21% 25.9M 1s
  7500K .......... .......... .......... .......... .......... 22% 30.2M 1s
  7550K .......... .......... .......... .......... .......... 22% 31.7M 1s
  7600K .......... .......... .......... .......... .......... 22% 28.7M 1s
  7650K .......... .......... .......... .......... .......... 22% 31.9M 1s
  7700K .......... .......... .......... .......... .......... 22% 26.9M 1s
  7750K .......... .......... .......... .......... .......... 22% 34.3M 1s
  7800K .......... .......... .......... .......... .......... 22% 32.6M 1s
  7850K .......... .......... .......... .......... .......... 23% 27.7M 1s
  7900K .......... .......... .......... .......... .......... 23% 31.4M 1s
  7950K .......... .......... .......... .......... .......... 23% 27.8M 1s
  8000K .......... .......... .......... .......... .......... 23% 32.9M 1s
  8050K .......... .......... .......... .......... .......... 23% 32.2M 1s
  8100K .......... .......... .......... .......... .......... 23% 24.1M 1s
  8150K .......... .......... .......... .......... .......... 23% 34.4M 1s
  8200K .......... .......... .......... .......... .......... 24% 30.1M 1s
  8250K .......... .......... .......... .......... .......... 24% 33.2M 1s
  8300K .......... .......... .......... .......... .......... 24% 31.9M 1s
  8350K .......... .......... .......... .......... .......... 24% 27.3M 1s
  8400K .......... .......... .......... .......... .......... 24% 33.3M 1s
  8450K .......... .......... .......... .......... .......... 24% 27.3M 1s
  8500K .......... .......... .......... .......... .......... 25% 33.0M 1s
  8550K .......... .......... .......... .......... .......... 25% 32.7M 1s
  8600K .......... .......... .......... .......... .......... 25% 27.0M 1s
  8650K .......... .......... .......... .......... .......... 25% 33.9M 1s
  8700K .......... .......... .......... .......... .......... 25% 24.7M 1s
  8750K .......... .......... .......... .......... .......... 25% 37.8M 1s
  8800K .......... .......... .......... .......... .......... 25% 30.2M 1s
  8850K .......... .......... .......... .......... .......... 26% 30.0M 1s
  8900K .......... .......... .......... .......... .......... 26% 32.2M 1s
  8950K .......... .......... .......... .......... .......... 26% 27.0M 1s
  9000K .......... .......... .......... .......... .......... 26% 33.0M 1s
  9050K .......... .......... .......... .......... .......... 26% 34.1M 1s
  9100K .......... .......... .......... .......... .......... 26% 26.6M 1s
  9150K .......... .......... .......... .......... .......... 26% 32.2M 1s
  9200K .......... .......... .......... .......... .......... 27% 26.8M 1s
  9250K .......... .......... .......... .......... .......... 27% 32.4M 1s
  9300K .......... .......... .......... .......... .......... 27% 33.0M 1s
  9350K .......... .......... .......... .......... .......... 27% 27.4M 1s
  9400K .......... .......... .......... .......... .......... 27% 32.0M 1s
  9450K .......... .......... .......... .......... .......... 27% 28.2M 1s
  9500K .......... .......... .......... .......... .......... 27% 32.8M 1s
  9550K .......... .......... .......... .......... .......... 28% 31.7M 1s
  9600K .......... .......... .......... .......... .......... 28% 27.6M 1s
  9650K .......... .......... .......... .......... .......... 28% 34.1M 1s
  9700K .......... .......... .......... .......... .......... 28% 27.7M 1s
  9750K .......... .......... .......... .......... .......... 28% 33.1M 1s
  9800K .......... .......... .......... .......... .......... 28% 31.7M 1s
  9850K .......... .......... .......... .......... .......... 28% 28.2M 1s
  9900K .......... .......... .......... .......... .......... 29% 32.1M 1s
  9950K .......... .......... .......... .......... .......... 29% 27.6M 1s
 10000K .......... .......... .......... .......... .......... 29% 32.9M 1s
 10050K .......... .......... .......... .......... .......... 29% 31.6M 1s
 10100K .......... .......... .......... .......... .......... 29% 27.1M 1s
 10150K .......... .......... .......... .......... .......... 29% 32.3M 1s
 10200K .......... .......... .......... .......... .......... 29% 27.5M 1s
 10250K .......... .......... .......... .......... .......... 30% 32.4M 1s
 10300K .......... .......... .......... .......... .......... 30% 31.3M 1s
 10350K .......... .......... .......... .......... .......... 30% 28.0M 1s
 10400K .......... .......... .......... .......... .......... 30% 31.9M 1s
 10450K .......... .......... .......... .......... .......... 30% 25.7M 1s
 10500K .......... .......... .......... .......... .......... 30% 33.6M 1s
 10550K .......... .......... .......... .......... .......... 31% 31.9M 1s
 10600K .......... .......... .......... .......... .......... 31% 27.4M 1s
 10650K .......... .......... .......... .......... .......... 31% 33.6M 1s
 10700K .......... .......... .......... .......... .......... 31% 27.4M 1s
 10750K .......... .......... .......... .......... .......... 31% 30.8M 1s
 10800K .......... .......... .......... .......... .......... 31% 33.0M 1s
 10850K .......... .......... .......... .......... .......... 31% 27.9M 1s
 10900K .......... .......... .......... .......... .......... 32% 31.5M 1s
 10950K .......... .......... .......... .......... .......... 32% 28.8M 1s
 11000K .......... .......... .......... .......... .......... 32% 32.7M 1s
 11050K .......... .......... .......... .......... .......... 32% 31.9M 1s
 11100K .......... .......... .......... .......... .......... 32% 27.8M 1s
 11150K .......... .......... .......... .......... .......... 32% 30.1M 1s
 11200K .......... .......... .......... .......... .......... 32% 30.6M 1s
 11250K .......... .......... .......... .......... .......... 33% 32.3M 1s
 11300K .......... .......... .......... .......... .......... 33% 34.1M 1s
 11350K .......... .......... .......... .......... .......... 33% 28.1M 1s
 11400K .......... .......... .......... .......... .......... 33% 31.3M 1s
 11450K .......... .......... .......... .......... .......... 33% 27.6M 1s
 11500K .......... .......... .......... .......... .......... 33% 31.5M 1s
 11550K .......... .......... .......... .......... .......... 33% 32.4M 1s
 11600K .......... .......... .......... .......... .......... 34% 27.7M 1s
 11650K .......... .......... .......... .......... .......... 34% 31.5M 1s
 11700K .......... .......... .......... .......... .......... 34% 25.5M 1s
 11750K .......... .......... .......... .......... .......... 34% 32.9M 1s
 11800K .......... .......... .......... .......... .......... 34% 31.2M 1s
 11850K .......... .......... .......... .......... .......... 34% 27.5M 1s
 11900K .......... .......... .......... .......... .......... 34% 31.3M 1s
 11950K .......... .......... .......... .......... .......... 35% 27.4M 1s
 12000K .......... .......... .......... .......... .......... 35% 32.1M 1s
 12050K .......... .......... .......... .......... .......... 35% 31.6M 1s
 12100K .......... .......... .......... .......... .......... 35% 26.8M 1s
 12150K .......... .......... .......... .......... .......... 35% 31.9M 1s
 12200K .......... .......... .......... .......... .......... 35% 27.1M 1s
 12250K .......... .......... .......... .......... .......... 35% 31.7M 1s
 12300K .......... .......... .......... .......... .......... 36% 32.3M 1s
 12350K .......... .......... .......... .......... .......... 36% 27.0M 1s
 12400K .......... .......... .......... .......... .......... 36% 32.8M 1s
 12450K .......... .......... .......... .......... .......... 36% 28.4M 1s
 12500K .......... .......... .......... .......... .......... 36% 32.1M 1s
 12550K .......... .......... .......... .......... .......... 36% 32.0M 1s
 12600K .......... .......... .......... .......... .......... 37% 27.0M 1s
 12650K .......... .......... .......... .......... .......... 37% 31.3M 1s
 12700K .......... .......... .......... .......... .......... 37% 29.1M 1s
 12750K .......... .......... .......... .......... .......... 37% 39.4M 1s
 12800K .......... .......... .......... .......... .......... 37% 36.0M 1s
 12850K .......... .......... .......... .......... .......... 37% 31.2M 1s
 12900K .......... .......... .......... .......... .......... 37% 30.5M 1s
 12950K .......... .......... .......... .......... .......... 38% 31.7M 1s
 13000K .......... .......... .......... .......... .......... 38% 39.2M 1s
 13050K .......... .......... .......... .......... .......... 38% 36.0M 1s
 13100K .......... .......... .......... .......... .......... 38% 29.9M 1s
 13150K .......... .......... .......... .......... .......... 38% 37.0M 1s
 13200K .......... .......... .......... .......... .......... 38% 30.5M 1s
 13250K .......... .......... .......... .......... .......... 38% 31.2M 1s
 13300K .......... .......... .......... .......... .......... 39% 43.6M 1s
 13350K .......... .......... .......... .......... .......... 39% 30.4M 1s
 13400K .......... .......... .......... .......... .......... 39% 36.9M 1s
 13450K .......... .......... .......... .......... .......... 39% 29.0M 1s
 13500K .......... .......... .......... .......... .......... 39% 29.6M 1s
 13550K .......... .......... .......... .......... .......... 39% 35.3M 1s
 13600K .......... .......... .......... .......... .......... 39% 29.0M 1s
 13650K .......... .......... .......... .......... .......... 40% 35.5M 1s
 13700K .......... .......... .......... .......... .......... 40% 25.3M 1s
 13750K .......... .......... .......... .......... .......... 40% 31.1M 1s
 13800K .......... .......... .......... .......... .......... 40% 37.9M 1s
 13850K .......... .......... .......... .......... .......... 40% 21.4M 1s
 13900K .......... .......... .......... .......... .......... 40% 57.2M 1s
 13950K .......... .......... .......... .......... .......... 40% 29.9M 1s
 14000K .......... .......... .......... .......... .......... 41% 32.9M 1s
 14050K .......... .......... .......... .......... .......... 41% 34.7M 1s
 14100K .......... .......... .......... .......... .......... 41% 30.6M 1s
 14150K .......... .......... .......... .......... .......... 41% 31.9M 1s
 14200K .......... .......... .......... .......... .......... 41% 28.7M 1s
 14250K .......... .......... .......... .......... .......... 41% 35.4M 1s
 14300K .......... .......... .......... .......... .......... 41% 32.9M 1s
 14350K .......... .......... .......... .......... .......... 42% 28.6M 1s
 14400K .......... .......... .......... .......... .......... 42% 36.1M 1s
 14450K .......... .......... .......... .......... .......... 42% 22.3M 1s
 14500K .......... .......... .......... .......... .......... 42% 44.5M 1s
 14550K .......... .......... .......... .......... .......... 42% 32.6M 1s
 14600K .......... .......... .......... .......... .......... 42% 18.3M 1s
 14650K .......... .......... .......... .......... .......... 43% 31.2M 1s
 14700K .......... .......... .......... .......... .......... 43% 24.7M 1s
 14750K .......... .......... .......... .......... .......... 43% 24.4M 1s
 14800K .......... .......... .......... .......... .......... 43% 30.1M 1s
 14850K .......... .......... .......... .......... .......... 43% 26.0M 1s
 14900K .......... .......... .......... .......... .......... 43% 31.6M 1s
 14950K .......... .......... .......... .......... .......... 43% 27.7M 1s
 15000K .......... .......... .......... .......... .......... 44% 22.6M 1s
 15050K .......... .......... .......... .......... .......... 44% 25.9M 1s
 15100K .......... .......... .......... .......... .......... 44% 29.7M 1s
 15150K .......... .......... .......... .......... .......... 44% 21.8M 1s
 15200K .......... .......... .......... .......... .......... 44% 32.5M 1s
 15250K .......... .......... .......... .......... .......... 44% 30.4M 1s
 15300K .......... .......... .......... .......... .......... 44% 26.3M 1s
 15350K .......... .......... .......... .......... .......... 45% 35.2M 1s
 15400K .......... .......... .......... .......... .......... 45% 28.3M 1s
 15450K .......... .......... .......... .......... .......... 45% 31.9M 1s
 15500K .......... .......... .......... .......... .......... 45% 35.9M 1s
 15550K .......... .......... .......... .......... .......... 45% 28.3M 1s
 15600K .......... .......... .......... .......... .......... 45% 36.7M 1s
 15650K .......... .......... .......... .......... .......... 45% 27.0M 1s
 15700K .......... .......... .......... .......... .......... 46% 29.0M 1s
 15750K .......... .......... .......... .......... .......... 46% 20.6M 1s
 15800K .......... .......... .......... .......... .......... 46% 24.7M 1s
 15850K .......... .......... .......... .......... .......... 46% 29.7M 1s
 15900K .......... .......... .......... .......... .......... 46% 26.1M 1s
 15950K .......... .......... .......... .......... .......... 46% 25.4M 1s
 16000K .......... .......... .......... .......... .......... 46% 31.1M 1s
 16050K .......... .......... .......... .......... .......... 47% 31.2M 1s
 16100K .......... .......... .......... .......... .......... 47% 31.4M 1s
 16150K .......... .......... .......... .......... .......... 47% 28.0M 1s
 16200K .......... .......... .......... .......... .......... 47% 36.7M 1s
 16250K .......... .......... .......... .......... .......... 47% 32.9M 1s
 16300K .......... .......... .......... .......... .......... 47% 31.4M 1s
 16350K .......... .......... .......... .......... .......... 47% 32.1M 1s
 16400K .......... .......... .......... .......... .......... 48% 29.1M 1s
 16450K .......... .......... .......... .......... .......... 48% 35.8M 1s
 16500K .......... .......... .......... .......... .......... 48% 33.6M 1s
 16550K .......... .......... .......... .......... .......... 48% 30.9M 1s
 16600K .......... .......... .......... .......... .......... 48% 34.4M 1s
 16650K .......... .......... .......... .......... .......... 48% 28.1M 1s
 16700K .......... .......... .......... .......... .......... 49% 36.7M 1s
 16750K .......... .......... .......... .......... .......... 49% 32.1M 1s
 16800K .......... .......... .......... .......... .......... 49% 30.1M 1s
 16850K .......... .......... .......... .......... .......... 49% 34.7M 1s
 16900K .......... .......... .......... .......... .......... 49% 30.5M 1s
 16950K .......... .......... .......... .......... .......... 49% 32.7M 1s
 17000K .......... .......... .......... .......... .......... 49% 35.6M 1s
 17050K .......... .......... .......... .......... .......... 50% 30.3M 1s
 17100K .......... .......... .......... .......... .......... 50% 34.4M 1s
 17150K .......... .......... .......... .......... .......... 50% 28.9M 1s
 17200K .......... .......... .......... .......... .......... 50% 33.4M 1s
 17250K .......... .......... .......... .......... .......... 50% 35.9M 1s
 17300K .......... .......... .......... .......... .......... 50% 28.1M 1s
 17350K .......... .......... .......... .......... .......... 50% 35.9M 1s
 17400K .......... .......... .......... .......... .......... 51% 28.7M 1s
 17450K .......... .......... .......... .......... .......... 51% 31.4M 1s
 17500K .......... .......... .......... .......... .......... 51% 37.9M 1s
 17550K .......... .......... .......... .......... .......... 51% 28.3M 1s
 17600K .......... .......... .......... .......... .......... 51% 33.2M 1s
 17650K .......... .......... .......... .......... .......... 51% 31.6M 1s
 17700K .......... .......... .......... .......... .......... 51% 32.9M 1s
 17750K .......... .......... .......... .......... .......... 52% 34.3M 1s
 17800K .......... .......... .......... .......... .......... 52% 28.0M 1s
 17850K .......... .......... .......... .......... .......... 52% 33.5M 1s
 17900K .......... .......... .......... .......... .......... 52% 31.8M 1s
 17950K .......... .......... .......... .......... .......... 52% 32.4M 1s
 18000K .......... .......... .......... .......... .......... 52% 35.9M 1s
 18050K .......... .......... .......... .......... .......... 52% 29.0M 1s
 18100K .......... .......... .......... .......... .......... 53% 35.1M 1s
 18150K .......... .......... .......... .......... .......... 53% 28.3M 1s
 18200K .......... .......... .......... .......... .......... 53% 32.5M 1s
 18250K .......... .......... .......... .......... .......... 53% 35.2M 1s
 18300K .......... .......... .......... .......... .......... 53% 28.6M 1s
 18350K .......... .......... .......... .......... .......... 53% 37.1M 1s
 18400K .......... .......... .......... .......... .......... 53% 29.2M 1s
 18450K .......... .......... .......... .......... .......... 54% 34.8M 1s
 18500K .......... .......... .......... .......... .......... 54% 32.9M 1s
 18550K .......... .......... .......... .......... .......... 54% 28.6M 1s
 18600K .......... .......... .......... .......... .......... 54% 37.3M 1s
 18650K .......... .......... .......... .......... .......... 54% 28.0M 1s
 18700K .......... .......... .......... .......... .......... 54% 38.1M 1s
 18750K .......... .......... .......... .......... .......... 55% 33.9M 1s
 18800K .......... .......... .......... .......... .......... 55% 28.4M 1s
 18850K .......... .......... .......... .......... .......... 55% 35.6M 1s
 18900K .......... .......... .......... .......... .......... 55% 29.2M 1s
 18950K .......... .......... .......... .......... .......... 55% 35.6M 1s
 19000K .......... .......... .......... .......... .......... 55% 33.0M 1s
 19050K .......... .......... .......... .......... .......... 55% 30.1M 1s
 19100K .......... .......... .......... .......... .......... 56% 31.5M 1s
 19150K .......... .......... .......... .......... .......... 56%  467K 1s
 19200K .......... .......... .......... .......... .......... 56%  108M 1s
 19250K .......... .......... .......... .......... .......... 56%  134M 1s
 19300K .......... .......... .......... .......... .......... 56%  132M 1s
 19350K .......... .......... .......... .......... .......... 56%  135M 1s
 19400K .......... .......... .......... .......... .......... 56%  102M 1s
 19450K .......... .......... .......... .......... .......... 57% 1.38M 1s
 19500K .......... .......... .......... .......... .......... 57% 77.5M 1s
 19550K .......... .......... .......... .......... .......... 57%  118M 1s
 19600K .......... .......... .......... .......... .......... 57%  148M 1s
 19650K .......... .......... .......... .......... .......... 57%  130M 1s
 19700K .......... .......... .......... .......... .......... 57%  147M 1s
 19750K .......... .......... .......... .......... .......... 57%  125M 1s
 19800K .......... .......... .......... .......... .......... 58%  120M 1s
 19850K .......... .......... .......... .......... .......... 58%  129M 1s
 19900K .......... .......... .......... .......... .......... 58%  128M 1s
 19950K .......... .......... .......... .......... .......... 58%  155M 1s
 20000K .......... .......... .......... .......... .......... 58%  150M 1s
 20050K .......... .......... .......... .......... .......... 58%  126M 1s
 20100K .......... .......... .......... .......... .......... 58%  123M 1s
 20150K .......... .......... .......... .......... .......... 59%  133M 1s
 20200K .......... .......... .......... .......... .......... 59%  148M 1s
 20250K .......... .......... .......... .......... .......... 59%  137M 1s
 20300K .......... .......... .......... .......... .......... 59%  138M 1s
 20350K .......... .......... .......... .......... .......... 59%  134M 1s
 20400K .......... .......... .......... .......... .......... 59% 19.4M 1s
 20450K .......... .......... .......... .......... .......... 59%  156M 1s
 20500K .......... .......... .......... .......... .......... 60%  141M 1s
 20550K .......... .......... .......... .......... .......... 60%  108M 1s
 20600K .......... .......... .......... .......... .......... 60%  158M 1s
 20650K .......... .......... .......... .......... .......... 60% 88.9M 1s
 20700K .......... .......... .......... .......... .......... 60% 10.6M 1s
 20750K .......... .......... .......... .......... .......... 60% 9.94M 1s
 20800K .......... .......... .......... .......... .......... 61% 20.7M 1s
 20850K .......... .......... .......... .......... .......... 61% 25.0M 1s
 20900K .......... .......... .......... .......... .......... 61% 39.0M 1s
 20950K .......... .......... .......... .......... .......... 61% 6.23M 1s
 21000K .......... .......... .......... .......... .......... 61% 16.3M 1s
 21050K .......... .......... .......... .......... .......... 61% 1.46M 1s
 21100K .......... .......... .......... .......... .......... 61%  139M 1s
 21150K .......... .......... .......... .......... .......... 62% 5.02M 1s
 21200K .......... .......... .......... .......... .......... 62%  126M 1s
 21250K .......... .......... .......... .......... .......... 62% 5.34M 1s
 21300K .......... .......... .......... .......... .......... 62%  135M 1s
 21350K .......... .......... .......... .......... .......... 62% 1.31M 1s
 21400K .......... .......... .......... .......... .......... 62% 96.4M 1s
 21450K .......... .......... .......... .......... .......... 62%  149M 1s
 21500K .......... .......... .......... .......... .......... 63%  129M 1s
 21550K .......... .......... .......... .......... .......... 63%  128M 1s
 21600K .......... .......... .......... .......... .......... 63%  159M 1s
 21650K .......... .......... .......... .......... .......... 63%  129M 1s
 21700K .......... .......... .......... .......... .......... 63%  161M 1s
 21750K .......... .......... .......... .......... .......... 63%  161M 1s
 21800K .......... .......... .......... .......... .......... 63% 1.54M 1s
 21850K .......... .......... .......... .......... .......... 64%  155M 1s
 21900K .......... .......... .......... .......... .......... 64%  119M 1s
 21950K .......... .......... .......... .......... .......... 64%  115M 1s
 22000K .......... .......... .......... .......... .......... 64%  142M 1s
 22050K .......... .......... .......... .......... .......... 64%  123M 1s
 22100K .......... .......... .......... .......... .......... 64%  142M 1s
 22150K .......... .......... .......... .......... .......... 64%  128M 1s
 22200K .......... .......... .......... .......... .......... 65%  155M 1s
 22250K .......... .......... .......... .......... .......... 65%  160M 1s
 22300K .......... .......... .......... .......... .......... 65%  131M 1s
 22350K .......... .......... .......... .......... .......... 65%  128M 1s
 22400K .......... .......... .......... .......... .......... 65%  136M 1s
 22450K .......... .......... .......... .......... .......... 65%  136M 1s
 22500K .......... .......... .......... .......... .......... 65%  135M 1s
 22550K .......... .......... .......... .......... .......... 66% 12.6M 1s
 22600K .......... .......... .......... .......... .......... 66% 9.52M 1s
 22650K .......... .......... .......... .......... .......... 66% 8.52M 1s
 22700K .......... .......... .......... .......... .......... 66% 22.6M 1s
 22750K .......... .......... .......... .......... .......... 66% 8.07M 1s
 22800K .......... .......... .......... .......... .......... 66%  132M 1s
 22850K .......... .......... .......... .......... .......... 67%  145M 1s
 22900K .......... .......... .......... .......... .......... 67% 4.03M 1s
 22950K .......... .......... .......... .......... .......... 67% 31.1M 1s
 23000K .......... .......... .......... .......... .......... 67% 15.2M 1s
 23050K .......... .......... .......... .......... .......... 67% 1.52M 1s
 23100K .......... .......... .......... .......... .......... 67%  149M 1s
 23150K .......... .......... .......... .......... .......... 67%  113M 1s
 23200K .......... .......... .......... .......... .......... 68%  147M 1s
 23250K .......... .......... .......... .......... .......... 68%  128M 1s
 23300K .......... .......... .......... .......... .......... 68%  121M 1s
 23350K .......... .......... .......... .......... .......... 68%  158M 1s
 23400K .......... .......... .......... .......... .......... 68% 65.5M 1s
 23450K .......... .......... .......... .......... .......... 68%  159M 1s
 23500K .......... .......... .......... .......... .......... 68%  162M 1s
 23550K .......... .......... .......... .......... .......... 69%  115M 1s
 23600K .......... .......... .......... .......... .......... 69% 2.55M 1s
 23650K .......... .......... .......... .......... .......... 69%  121M 1s
 23700K .......... .......... .......... .......... .......... 69% 6.48M 1s
 23750K .......... .......... .......... .......... .......... 69%  132M 1s
 23800K .......... .......... .......... .......... .......... 69%  122M 0s
 23850K .......... .......... .......... .......... .......... 69%  146M 0s
 23900K .......... .......... .......... .......... .......... 70%  119M 0s
 23950K .......... .......... .......... .......... .......... 70% 2.55M 0s
 24000K .......... .......... .......... .......... .......... 70% 24.4M 0s
 24050K .......... .......... .......... .......... .......... 70%  131M 0s
 24100K .......... .......... .......... .......... .......... 70%  154M 0s
 24150K .......... .......... .......... .......... .......... 70%  118M 0s
 24200K .......... .......... .......... .......... .......... 70%  152M 0s
 24250K .......... .......... .......... .......... .......... 71% 16.1M 0s
 24300K .......... .......... .......... .......... .......... 71% 6.89M 0s
 24350K .......... .......... .......... .......... .......... 71% 6.97M 0s
 24400K .......... .......... .......... .......... .......... 71% 10.0M 0s
 24450K .......... .......... .......... .......... .......... 71% 10.2M 0s
 24500K .......... .......... .......... .......... .......... 71% 10.8M 0s
 24550K .......... .......... .......... .......... .......... 71% 5.25M 0s
 24600K .......... .......... .......... .......... .......... 72% 10.1M 0s
 24650K .......... .......... .......... .......... .......... 72% 9.92M 0s
 24700K .......... .......... .......... .......... .......... 72% 10.3M 0s
 24750K .......... .......... .......... .......... .......... 72% 10.9M 0s
 24800K .......... .......... .......... .......... .......... 72% 5.19M 0s
 24850K .......... .......... .......... .......... .......... 72% 8.41M 0s
 24900K .......... .......... .......... .......... .......... 73% 12.3M 0s
 24950K .......... .......... .......... .......... .......... 73% 10.5M 0s
 25000K .......... .......... .......... .......... .......... 73% 11.0M 0s
 25050K .......... .......... .......... .......... .......... 73% 4.48M 0s
 25100K .......... .......... .......... .......... .......... 73% 10.9M 0s
 25150K .......... .......... .......... .......... .......... 73% 12.6M 0s
 25200K .......... .......... .......... .......... .......... 73% 10.6M 0s
 25250K .......... .......... .......... .......... .......... 74% 10.8M 0s
 25300K .......... .......... .......... .......... .......... 74% 4.48M 0s
 25350K .......... .......... .......... .......... .......... 74% 10.9M 0s
 25400K .......... .......... .......... .......... .......... 74% 12.6M 0s
 25450K .......... .......... .......... .......... .......... 74% 10.5M 0s
 25500K .......... .......... .......... .......... .......... 74% 11.0M 0s
 25550K .......... .......... .......... .......... .......... 74% 4.50M 0s
 25600K .......... .......... .......... .......... .......... 75% 11.0M 0s
 25650K .......... .......... .......... .......... .......... 75% 12.6M 0s
 25700K .......... .......... .......... .......... .......... 75% 10.5M 0s
 25750K .......... .......... .......... .......... .......... 75% 10.9M 0s
 25800K .......... .......... .......... .......... .......... 75% 4.46M 0s
 25850K .......... .......... .......... .......... .......... 75% 11.2M 0s
 25900K .......... .......... .......... .......... .......... 75% 18.9M 0s
 25950K .......... .......... .......... .......... .......... 76% 9.34M 0s
 26000K .......... .......... .......... .......... .......... 76% 9.48M 0s
 26050K .......... .......... .......... .......... .......... 76% 4.41M 0s
 26100K .......... .......... .......... .......... .......... 76% 11.5M 0s
 26150K .......... .......... .......... .......... .......... 76% 18.6M 0s
 26200K .......... .......... .......... .......... .......... 76% 9.42M 0s
 26250K .......... .......... .......... .......... .......... 76% 9.46M 0s
 26300K .......... .......... .......... .......... .......... 77% 4.40M 0s
 26350K .......... .......... .......... .......... .......... 77% 11.3M 0s
 26400K .......... .......... .......... .......... .......... 77% 19.0M 0s
 26450K .......... .......... .......... .......... .......... 77% 9.44M 0s
 26500K .......... .......... .......... .......... .......... 77% 9.57M 0s
 26550K .......... .......... .......... .......... .......... 77% 4.39M 0s
 26600K .......... .......... .......... .......... .......... 77% 11.5M 0s
 26650K .......... .......... .......... .......... .......... 78% 18.6M 0s
 26700K .......... .......... .......... .......... .......... 78% 9.11M 0s
 26750K .......... .......... .......... .......... .......... 78% 9.98M 0s
 26800K .......... .......... .......... .......... .......... 78% 4.38M 0s
 26850K .......... .......... .......... .......... .......... 78% 11.2M 0s
 26900K .......... .......... .......... .......... .......... 78% 19.3M 0s
 26950K .......... .......... .......... .......... .......... 79% 8.98M 0s
 27000K .......... .......... .......... .......... .......... 79% 10.0M 0s
 27050K .......... .......... .......... .......... .......... 79% 4.27M 0s
 27100K .......... .......... .......... .......... .......... 79% 12.3M 0s
 27150K .......... .......... .......... .......... .......... 79% 17.9M 0s
 27200K .......... .......... .......... .......... .......... 79% 9.40M 0s
 27250K .......... .......... .......... .......... .......... 79% 9.91M 0s
 27300K .......... .......... .......... .......... .......... 80% 4.57M 0s
 27350K .......... .......... .......... .......... .......... 80% 10.4M 0s
 27400K .......... .......... .......... .......... .......... 80% 18.3M 0s
 27450K .......... .......... .......... .......... .......... 80% 9.21M 0s
 27500K .......... .......... .......... .......... .......... 80% 10.0M 0s
 27550K .......... .......... .......... .......... .......... 80% 13.7M 0s
 27600K .......... .......... .......... .......... .......... 80% 4.12M 0s
 27650K .......... .......... .......... .......... .......... 81% 18.1M 0s
 27700K .......... .......... .......... .......... .......... 81% 9.33M 0s
 27750K .......... .......... .......... .......... .......... 81% 10.3M 0s
 27800K .......... .......... .......... .......... .......... 81% 13.0M 0s
 27850K .......... .......... .......... .......... .......... 81% 4.13M 0s
 27900K .......... .......... .......... .......... .......... 81% 18.5M 0s
 27950K .......... .......... .......... .......... .......... 81% 9.31M 0s
 28000K .......... .......... .......... .......... .......... 82% 10.2M 0s
 28050K .......... .......... .......... .......... .......... 82% 13.2M 0s
 28100K .......... .......... .......... .......... .......... 82% 4.11M 0s
 28150K .......... .......... .......... .......... .......... 82% 17.9M 0s
 28200K .......... .......... .......... .......... .......... 82% 9.28M 0s
 28250K .......... .......... .......... .......... .......... 82% 12.9M 0s
 28300K .......... .......... .......... .......... .......... 82% 12.2M 0s
 28350K .......... .......... .......... .......... .......... 83% 3.91M 0s
 28400K .......... .......... .......... .......... .......... 83% 18.3M 0s
 28450K .......... .......... .......... .......... .......... 83% 14.8M 0s
 28500K .......... .......... .......... .......... .......... 83% 8.42M 0s
 28550K .......... .......... .......... .......... .......... 83% 11.9M 0s
 28600K .......... .......... .......... .......... .......... 83% 4.80M 0s
 28650K .......... .......... .......... .......... .......... 83% 10.5M 0s
 28700K .......... .......... .......... .......... .......... 84% 13.8M 0s
 28750K .......... .......... .......... .......... .......... 84% 8.43M 0s
 28800K .......... .......... .......... .......... .......... 84% 12.1M 0s
 28850K .......... .......... .......... .......... .......... 84% 4.84M 0s
 28900K .......... .......... .......... .......... .......... 84% 11.9M 0s
 28950K .......... .......... .......... .......... .......... 84% 11.5M 0s
 29000K .......... .......... .......... .......... .......... 85% 15.6M 0s
 29050K .......... .......... .......... .......... .......... 85% 7.33M 0s
 29100K .......... .......... .......... .......... .......... 85% 6.27M 0s
 29150K .......... .......... .......... .......... .......... 85% 7.83M 0s
 29200K .......... .......... .......... .......... .......... 85% 11.0M 0s
 29250K .......... .......... .......... .......... .......... 85% 15.7M 0s
 29300K .......... .......... .......... .......... .......... 85% 7.30M 0s
 29350K .......... .......... .......... .......... .......... 86% 13.3M 0s
 29400K .......... .......... .......... .......... .......... 86% 5.33M 0s
 29450K .......... .......... .......... .......... .......... 86% 8.65M 0s
 29500K .......... .......... .......... .......... .......... 86% 14.2M 0s
 29550K .......... .......... .......... .......... .......... 86% 9.76M 0s
 29600K .......... .......... .......... .......... .......... 86% 9.78M 0s
 29650K .......... .......... .......... .......... .......... 86% 5.46M 0s
 29700K .......... .......... .......... .......... .......... 87% 11.4M 0s
 29750K .......... .......... .......... .......... .......... 87% 10.7M 0s
 29800K .......... .......... .......... .......... .......... 87% 9.06M 0s
 29850K .......... .......... .......... .......... .......... 87% 9.77M 0s
 29900K .......... .......... .......... .......... .......... 87% 7.29M 0s
 29950K .......... .......... .......... .......... .......... 87% 9.58M 0s
 30000K .......... .......... .......... .......... .......... 87% 10.0M 0s
 30050K .......... .......... .......... .......... .......... 88% 9.01M 0s
 30100K .......... .......... .......... .......... .......... 88% 11.0M 0s
 30150K .......... .......... .......... .......... .......... 88% 13.6M 0s
 30200K .......... .......... .......... .......... .......... 88% 5.03M 0s
 30250K .......... .......... .......... .......... .......... 88% 13.2M 0s
 30300K .......... .......... .......... .......... .......... 88% 7.24M 0s
 30350K .......... .......... .......... .......... .......... 88% 11.3M 0s
 30400K .......... .......... .......... .......... .......... 89% 21.0M 0s
 30450K .......... .......... .......... .......... .......... 89% 4.87M 0s
 30500K .......... .......... .......... .......... .......... 89% 10.1M 0s
 30550K .......... .......... .......... .......... .......... 89% 16.3M 0s
 30600K .......... .......... .......... .......... .......... 89% 7.42M 0s
 30650K .......... .......... .......... .......... .......... 89% 13.1M 0s
 30700K .......... .......... .......... .......... .......... 89% 4.87M 0s
 30750K .......... .......... .......... .......... .......... 90% 27.0M 0s
 30800K .......... .......... .......... .......... .......... 90% 8.01M 0s
 30850K .......... .......... .......... .......... .......... 90% 9.28M 0s
 30900K .......... .......... .......... .......... .......... 90% 14.3M 0s
 30950K .......... .......... .......... .......... .......... 90% 5.99M 0s
 31000K .......... .......... .......... .......... .......... 90% 9.26M 0s
 31050K .......... .......... .......... .......... .......... 91% 8.05M 0s
 31100K .......... .......... .......... .......... .......... 91% 11.5M 0s
 31150K .......... .......... .......... .......... .......... 91% 10.8M 0s
 31200K .......... .......... .......... .......... .......... 91% 6.05M 0s
 31250K .......... .......... .......... .......... .......... 91% 9.83M 0s
 31300K .......... .......... .......... .......... .......... 91% 13.6M 0s
 31350K .......... .......... .......... .......... .......... 91% 14.7M 0s
 31400K .......... .......... .......... .......... .......... 92% 7.65M 0s
 31450K .......... .......... .......... .......... .......... 92% 19.8M 0s
 31500K .......... .......... .......... .......... .......... 92% 4.24M 0s
 31550K .......... .......... .......... .......... .......... 92% 29.0M 0s
 31600K .......... .......... .......... .......... .......... 92% 7.70M 0s
 31650K .......... .......... .......... .......... .......... 92% 9.76M 0s
 31700K .......... .......... .......... .......... .......... 92% 14.1M 0s
 31750K .......... .......... .......... .......... .......... 93% 4.25M 0s
 31800K .......... .......... .......... .......... .......... 93% 26.7M 0s
 31850K .......... .......... .......... .......... .......... 93% 8.13M 0s
 31900K .......... .......... .......... .......... .......... 93% 12.5M 0s
 31950K .......... .......... .......... .......... .......... 93% 10.1M 0s
 32000K .......... .......... .......... .......... .......... 93% 25.4M 0s
 32050K .......... .......... .......... .......... .......... 93% 4.36M 0s
 32100K .......... .......... .......... .......... .......... 94% 14.6M 0s
 32150K .......... .......... .......... .......... .......... 94% 12.9M 0s
 32200K .......... .......... .......... .......... .......... 94% 9.26M 0s
 32250K .......... .......... .......... .......... .......... 94% 14.1M 0s
 32300K .......... .......... .......... .......... .......... 94% 4.30M 0s
 32350K .......... .......... .......... .......... .......... 94% 27.1M 0s
 32400K .......... .......... .......... .......... .......... 94% 7.80M 0s
 32450K .......... .......... .......... .......... .......... 95% 10.3M 0s
 32500K .......... .......... .......... .......... .......... 95% 13.0M 0s
 32550K .......... .......... .......... .......... .......... 95% 6.26M 0s
 32600K .......... .......... .......... .......... .......... 95% 8.77M 0s
 32650K .......... .......... .......... .......... .......... 95% 8.36M 0s
 32700K .......... .......... .......... .......... .......... 95% 12.2M 0s
 32750K .......... .......... .......... .......... .......... 95% 7.61M 0s
 32800K .......... .......... .......... .......... .......... 96% 7.70M 0s
 32850K .......... .......... .......... .......... .......... 96% 9.50M 0s
 32900K .......... .......... .......... .......... .......... 96% 47.0M 0s
 32950K .......... .......... .......... .......... .......... 96% 5.40M 0s
 33000K .......... .......... .......... .......... .......... 96% 9.88M 0s
 33050K .......... .......... .......... .......... .......... 96% 22.2M 0s
 33100K .......... .......... .......... .......... .......... 97% 4.79M 0s
 33150K .......... .......... .......... .......... .......... 97% 27.6M 0s
 33200K .......... .......... .......... .......... .......... 97% 7.95M 0s
 33250K .......... .......... .......... .......... .......... 97% 9.10M 0s
 33300K .......... .......... .......... .......... .......... 97% 10.2M 0s
 33350K .......... .......... .......... .......... .......... 97% 7.62M 0s
 33400K .......... .......... .......... .......... .......... 97% 9.98M 0s
 33450K .......... .......... .......... .......... .......... 98% 15.4M 0s
 33500K .......... .......... .......... .......... .......... 98% 6.82M 0s
 33550K .......... .......... .......... .......... .......... 98% 7.79M 0s
 33600K .......... .......... .......... .......... .......... 98% 7.59M 0s
 33650K .......... .......... .......... .......... .......... 98% 11.4M 0s
 33700K .......... .......... .......... .......... .......... 98% 29.1M 0s
 33750K .......... .......... .......... .......... .......... 98% 5.38M 0s
 33800K .......... .......... .......... .......... .......... 99% 18.6M 0s
 33850K .......... .......... .......... .......... .......... 99% 4.73M 0s
 33900K .......... .......... .......... .......... .......... 99% 58.5M 0s
 33950K .......... .......... .......... .......... .......... 99% 9.97M 0s
 34000K .......... .......... .......... .......... .......... 99% 8.44M 0s
 34050K .......... .......... .......... .......... .......... 99% 7.87M 0s
 34100K .......... .......... .......... .......... .......... 99% 10.2M 0s
 34150K .......... .........                                  100% 3.32M=2.3s

2022-05-07 02:55:04 (14.7 MB/s) - ‘/root/process_mining/trips_tracing/stopsintrip.json’ saved [34989713/34989713]

--2022-05-07 02:55:04--  https://ckan.multimediagdansk.pl/dataset/c24aa637-3619-4dc2-a171-a23eec8f2172/resource/4c4025f0-01bf-41f7-a39f-d156d201b82b/download/stops.json
Resolving ckan.multimediagdansk.pl (ckan.multimediagdansk.pl)... 91.244.248.30
Connecting to ckan.multimediagdansk.pl (ckan.multimediagdansk.pl)|91.244.248.30|:443... connected.
HTTP request sent, awaiting response... 200 OK
Length: 10485845 (10M) [application/json]
Saving to: ‘/root/process_mining/trips_tracing/stops.json’

     0K .......... .......... .......... .......... ..........  0%  880K 12s
    50K .......... .......... .......... .......... ..........  0% 1.75M 9s
   100K .......... .......... .......... .......... ..........  1% 59.4M 6s
   150K .......... .......... .......... .......... ..........  1%  102M 4s
   200K .......... .......... .......... .......... ..........  2% 1.75M 5s
   250K .......... .......... .......... .......... ..........  2% 69.7M 4s
   300K .......... .......... .......... .......... ..........  3% 90.3M 3s
   350K .......... .......... .......... .......... ..........  3%  132M 3s
   400K .......... .......... .......... .......... ..........  4% 1.85M 3s
   450K .......... .......... .......... .......... ..........  4% 76.5M 3s
   500K .......... .......... .......... .......... ..........  5% 79.4M 3s
   550K .......... .......... .......... .......... ..........  5% 81.2M 2s
   600K .......... .......... .......... .......... ..........  6% 61.3M 2s
   650K .......... .......... .......... .......... ..........  6% 78.4M 2s
   700K .......... .......... .......... .......... ..........  7% 92.3M 2s
   750K .......... .......... .......... .......... ..........  7%  155M 2s
   800K .......... .......... .......... .......... ..........  8%  166M 2s
   850K .......... .......... .......... .......... ..........  8% 2.02M 2s
   900K .......... .......... .......... .......... ..........  9% 83.3M 2s
   950K .......... .......... .......... .......... ..........  9% 71.0M 2s
  1000K .......... .......... .......... .......... .......... 10% 84.2M 2s
  1050K .......... .......... .......... .......... .......... 10% 80.2M 1s
  1100K .......... .......... .......... .......... .......... 11% 77.1M 1s
  1150K .......... .......... .......... .......... .......... 11% 78.7M 1s
  1200K .......... .......... .......... .......... .......... 12% 60.6M 1s
  1250K .......... .......... .......... .......... .......... 12% 98.7M 1s
  1300K .......... .......... .......... .......... .......... 13% 90.9M 1s
  1350K .......... .......... .......... .......... .......... 13% 82.6M 1s
  1400K .......... .......... .......... .......... .......... 14% 87.9M 1s
  1450K .......... .......... .......... .......... .......... 14% 86.2M 1s
  1500K .......... .......... .......... .......... .......... 15%  118M 1s
  1550K .......... .......... .......... .......... .......... 15%  163M 1s
  1600K .......... .......... .......... .......... .......... 16%  137M 1s
  1650K .......... .......... .......... .......... .......... 16%  157M 1s
  1700K .......... .......... .......... .......... .......... 17% 2.56M 1s
  1750K .......... .......... .......... .......... .......... 17% 55.3M 1s
  1800K .......... .......... .......... .......... .......... 18% 72.3M 1s
  1850K .......... .......... .......... .......... .......... 18% 71.0M 1s
  1900K .......... .......... .......... .......... .......... 19% 94.7M 1s
  1950K .......... .......... .......... .......... .......... 19% 84.0M 1s
  2000K .......... .......... .......... .......... .......... 20% 94.8M 1s
  2050K .......... .......... .......... .......... .......... 20% 94.3M 1s
  2100K .......... .......... .......... .......... .......... 20% 83.6M 1s
  2150K .......... .......... .......... .......... .......... 21% 97.6M 1s
  2200K .......... .......... .......... .......... .......... 21% 82.0M 1s
  2250K .......... .......... .......... .......... .......... 22% 82.2M 1s
  2300K .......... .......... .......... .......... .......... 22%  101M 1s
  2350K .......... .......... .......... .......... .......... 23% 80.4M 1s
  2400K .......... .......... .......... .......... .......... 23% 89.0M 1s
  2450K .......... .......... .......... .......... .......... 24% 86.5M 1s
  2500K .......... .......... .......... .......... .......... 24% 97.8M 1s
  2550K .......... .......... .......... .......... .......... 25%  102M 1s
  2600K .......... .......... .......... .......... .......... 25% 80.1M 1s
  2650K .......... .......... .......... .......... .......... 26%  101M 1s
  2700K .......... .......... .......... .......... .......... 26% 85.1M 1s
  2750K .......... .......... .......... .......... .......... 27% 87.7M 1s
  2800K .......... .......... .......... .......... .......... 27% 96.0M 1s
  2850K .......... .......... .......... .......... .......... 28% 83.6M 1s
  2900K .......... .......... .......... .......... .......... 28% 85.7M 1s
  2950K .......... .......... .......... .......... .......... 29% 86.4M 1s
  3000K .......... .......... .......... .......... .......... 29% 99.2M 1s
  3050K .......... .......... .......... .......... .......... 30% 93.0M 0s
  3100K .......... .......... .......... .......... .......... 30%  117M 0s
  3150K .......... .......... .......... .......... .......... 31%  166M 0s
  3200K .......... .......... .......... .......... .......... 31%  109M 0s
  3250K .......... .......... .......... .......... .......... 32%  107M 0s
  3300K .......... .......... .......... .......... .......... 32%  166M 0s
  3350K .......... .......... .......... .......... .......... 33%  133M 0s
  3400K .......... .......... .......... .......... .......... 33%  156M 0s
  3450K .......... .......... .......... .......... .......... 34% 4.40M 0s
  3500K .......... .......... .......... .......... .......... 34% 66.7M 0s
  3550K .......... .......... .......... .......... .......... 35% 95.3M 0s
  3600K .......... .......... .......... .......... .......... 35% 78.3M 0s
  3650K .......... .......... .......... .......... .......... 36%  103M 0s
  3700K .......... .......... .......... .......... .......... 36% 77.5M 0s
  3750K .......... .......... .......... .......... .......... 37%  108M 0s
  3800K .......... .......... .......... .......... .......... 37% 99.0M 0s
  3850K .......... .......... .......... .......... .......... 38% 92.0M 0s
  3900K .......... .......... .......... .......... .......... 38% 84.1M 0s
  3950K .......... .......... .......... .......... .......... 39% 92.7M 0s
  4000K .......... .......... .......... .......... .......... 39% 98.6M 0s
  4050K .......... .......... .......... .......... .......... 40%  103M 0s
  4100K .......... .......... .......... .......... .......... 40% 88.7M 0s
  4150K .......... .......... .......... .......... .......... 41%  117M 0s
  4200K .......... .......... .......... .......... .......... 41%  112M 0s
  4250K .......... .......... .......... .......... .......... 41% 43.8M 0s
  4300K .......... .......... .......... .......... .......... 42% 34.5M 0s
  4350K .......... .......... .......... .......... .......... 42% 31.2M 0s
  4400K .......... .......... .......... .......... .......... 43% 35.3M 0s
  4450K .......... .......... .......... .......... .......... 43% 31.1M 0s
  4500K .......... .......... .......... .......... .......... 44% 36.9M 0s
  4550K .......... .......... .......... .......... .......... 44% 36.5M 0s
  4600K .......... .......... .......... .......... .......... 45% 32.5M 0s
  4650K .......... .......... .......... .......... .......... 45% 38.3M 0s
  4700K .......... .......... .......... .......... .......... 46% 32.0M 0s
  4750K .......... .......... .......... .......... .......... 46% 36.4M 0s
  4800K .......... .......... .......... .......... .......... 47% 37.3M 0s
  4850K .......... .......... .......... .......... .......... 47% 32.0M 0s
  4900K .......... .......... .......... .......... .......... 48% 38.3M 0s
  4950K .......... .......... .......... .......... .......... 48% 31.6M 0s
  5000K .......... .......... .......... .......... .......... 49% 35.8M 0s
  5050K .......... .......... .......... .......... .......... 49% 37.6M 0s
  5100K .......... .......... .......... .......... .......... 50% 30.2M 0s
  5150K .......... .......... .......... .......... .......... 50% 37.4M 0s
  5200K .......... .......... .......... .......... .......... 51% 32.5M 0s
  5250K .......... .......... .......... .......... .......... 51% 38.7M 0s
  5300K .......... .......... .......... .......... .......... 52% 37.1M 0s
  5350K .......... .......... .......... .......... .......... 52% 31.9M 0s
  5400K .......... .......... .......... .......... .......... 53% 36.7M 0s
  5450K .......... .......... .......... .......... .......... 53% 32.2M 0s
  5500K .......... .......... .......... .......... .......... 54% 37.6M 0s
  5550K .......... .......... .......... .......... .......... 54% 36.5M 0s
  5600K .......... .......... .......... .......... .......... 55% 31.2M 0s
  5650K .......... .......... .......... .......... .......... 55% 36.6M 0s
  5700K .......... .......... .......... .......... .......... 56% 32.9M 0s
  5750K .......... .......... .......... .......... .......... 56% 37.8M 0s
  5800K .......... .......... .......... .......... .......... 57% 35.5M 0s
  5850K .......... .......... .......... .......... .......... 57% 33.0M 0s
  5900K .......... .......... .......... .......... .......... 58% 35.4M 0s
  5950K .......... .......... .......... .......... .......... 58% 27.0M 0s
  6000K .......... .......... .......... .......... .......... 59% 48.2M 0s
  6050K .......... .......... .......... .......... .......... 59% 35.9M 0s
  6100K .......... .......... .......... .......... .......... 60% 33.3M 0s
  6150K .......... .......... .......... .......... .......... 60% 36.5M 0s
  6200K .......... .......... .......... .......... .......... 61% 32.8M 0s
  6250K .......... .......... .......... .......... .......... 61% 36.6M 0s
  6300K .......... .......... .......... .......... .......... 62% 36.4M 0s
  6350K .......... .......... .......... .......... .......... 62% 33.3M 0s
  6400K .......... .......... .......... .......... .......... 62% 36.9M 0s
  6450K .......... .......... .......... .......... .......... 63% 32.2M 0s
  6500K .......... .......... .......... .......... .......... 63% 36.6M 0s
  6550K .......... .......... .......... .......... .......... 64% 36.7M 0s
  6600K .......... .......... .......... .......... .......... 64% 32.4M 0s
  6650K .......... .......... .......... .......... .......... 65% 35.9M 0s
  6700K .......... .......... .......... .......... .......... 65% 32.6M 0s
  6750K .......... .......... .......... .......... .......... 66% 38.2M 0s
  6800K .......... .......... .......... .......... .......... 66% 36.7M 0s
  6850K .......... .......... .......... .......... .......... 67% 28.7M 0s
  6900K .......... .......... .......... .......... .......... 67% 43.3M 0s
  6950K .......... .......... .......... .......... .......... 68% 32.3M 0s
  7000K .......... .......... .......... .......... .......... 68% 37.7M 0s
  7050K .......... .......... .......... .......... .......... 69% 36.9M 0s
  7100K .......... .......... .......... .......... .......... 69% 32.1M 0s
  7150K .......... .......... .......... .......... .......... 70% 37.3M 0s
  7200K .......... .......... .......... .......... .......... 70% 32.5M 0s
  7250K .......... .......... .......... .......... .......... 71% 36.5M 0s
  7300K .......... .......... .......... .......... .......... 71% 35.7M 0s
  7350K .......... .......... .......... .......... .......... 72% 33.7M 0s
  7400K .......... .......... .......... .......... .......... 72% 35.9M 0s
  7450K .......... .......... .......... .......... .......... 73% 31.9M 0s
  7500K .......... .......... .......... .......... .......... 73% 38.1M 0s
  7550K .......... .......... .......... .......... .......... 74% 10.7M 0s
  7600K .......... .......... .......... .......... .......... 74%  111M 0s
  7650K .......... .......... .......... .......... .......... 75% 92.4M 0s
  7700K .......... .......... .......... .......... .......... 75%  117M 0s
  7750K .......... .......... .......... .......... .......... 76% 50.1M 0s
  7800K .......... .......... .......... .......... .......... 76% 36.2M 0s
  7850K .......... .......... .......... .......... .......... 77% 31.8M 0s
  7900K .......... .......... .......... .......... .......... 77% 33.4M 0s
  7950K .......... .......... .......... .......... .......... 78% 37.2M 0s
  8000K .......... .......... .......... .......... .......... 78% 36.4M 0s
  8050K .......... .......... .......... .......... .......... 79% 37.1M 0s
  8100K .......... .......... .......... .......... .......... 79% 32.0M 0s
  8150K .......... .......... .......... .......... .......... 80% 33.0M 0s
  8200K .......... .......... .......... .......... .......... 80% 35.8M 0s
  8250K .......... .......... .......... .......... .......... 81% 33.4M 0s
  8300K .......... .......... .......... .......... .......... 81% 37.2M 0s
  8350K .......... .......... .......... .......... .......... 82% 32.1M 0s
  8400K .......... .......... .......... .......... .......... 82% 36.0M 0s
  8450K .......... .......... .......... .......... .......... 83% 31.9M 0s
  8500K .......... .......... .......... .......... .......... 83% 38.1M 0s
  8550K .......... .......... .......... .......... .......... 83% 36.9M 0s
  8600K .......... .......... .......... .......... .......... 84% 32.0M 0s
  8650K .......... .......... .......... .......... .......... 84% 36.9M 0s
  8700K .......... .......... .......... .......... .......... 85% 32.8M 0s
  8750K .......... .......... .......... .......... .......... 85% 37.2M 0s
  8800K .......... .......... .......... .......... .......... 86% 36.5M 0s
  8850K .......... .......... .......... .......... .......... 86% 30.0M 0s
  8900K .......... .......... .......... .......... .......... 87% 40.4M 0s
  8950K .......... .......... .......... .......... .......... 87% 29.1M 0s
  9000K .......... .......... .......... .......... .......... 88% 42.5M 0s
  9050K .......... .......... .......... .......... .......... 88% 36.0M 0s
  9100K .......... .......... .......... .......... .......... 89% 32.6M 0s
  9150K .......... .......... .......... .......... .......... 89% 37.9M 0s
  9200K .......... .......... .......... .......... .......... 90% 27.9M 0s
  9250K .......... .......... .......... .......... .......... 90% 45.3M 0s
  9300K .......... .......... .......... .......... .......... 91% 37.4M 0s
  9350K .......... .......... .......... .......... .......... 91% 32.0M 0s
  9400K .......... .......... .......... .......... .......... 92% 32.1M 0s
  9450K .......... .......... .......... .......... .......... 92% 34.7M 0s
  9500K .......... .......... .......... .......... .......... 93% 37.4M 0s
  9550K .......... .......... .......... .......... .......... 93% 36.0M 0s
  9600K .......... .......... .......... .......... .......... 94% 31.5M 0s
  9650K .......... .......... .......... .......... .......... 94% 37.8M 0s
  9700K .......... .......... .......... .......... .......... 95% 32.5M 0s
  9750K .......... .......... .......... .......... .......... 95% 36.4M 0s
  9800K .......... .......... .......... .......... .......... 96% 37.4M 0s
  9850K .......... .......... .......... .......... .......... 96% 32.9M 0s
  9900K .......... .......... .......... .......... .......... 97% 37.4M 0s
  9950K .......... .......... .......... .......... .......... 97% 31.9M 0s
 10000K .......... .......... .......... .......... .......... 98% 32.4M 0s
 10050K .......... .......... .......... .......... .......... 98% 42.0M 0s
 10100K .......... .......... .......... .......... .......... 99% 32.6M 0s
 10150K .......... .......... .......... .......... .......... 99% 36.8M 0s
 10200K .......... .......... .......... ..........           100% 37.7M=0.4s

2022-05-07 02:55:05 (24.8 MB/s) - ‘/root/process_mining/trips_tracing/stops.json’ saved [10485845/10485845]

--2022-05-07 02:55:05--  https://files.cloudgdansk.pl/d/otwarte-dane/ztm/baza-pojazdow.json?v=2
Resolving files.cloudgdansk.pl (files.cloudgdansk.pl)... 153.19.238.147
Connecting to files.cloudgdansk.pl (files.cloudgdansk.pl)|153.19.238.147|:443... connected.
HTTP request sent, awaiting response... 200 OK
Length: 279155 (273K) [application/json]
Saving to: ‘/root/process_mining/trips_tracing/baza-pojazdow.json’

     0K .......... .......... .......... .......... .......... 18% 1.74M 0s
    50K .......... .......... .......... .......... .......... 36% 1.74M 0s
   100K .......... .......... .......... .......... .......... 55%  105M 0s
   150K .......... .......... .......... .......... .......... 73%  208M 0s
   200K .......... .......... .......... .......... .......... 91% 1.77M 0s
   250K .......... .......... ..                              100%  178M=0.08s

2022-05-07 02:55:05 (3.15 MB/s) - ‘/root/process_mining/trips_tracing/baza-pojazdow.json’ saved [279155/279155]

