--2022-05-08 02:55:01--  https://ckan.multimediagdansk.pl/dataset/c24aa637-3619-4dc2-a171-a23eec8f2172/resource/3115d29d-b763-4af5-93f6-763b835967d6/download/stopsintrip.json
Resolving ckan.multimediagdansk.pl (ckan.multimediagdansk.pl)... 91.244.248.30
Connecting to ckan.multimediagdansk.pl (ckan.multimediagdansk.pl)|91.244.248.30|:443... connected.
HTTP request sent, awaiting response... 200 OK
Length: 32141411 (31M) [application/json]
Saving to: ‘/root/process_mining/trips_tracing/stopsintrip.json’

     0K .......... .......... .......... .......... ..........  0%  873K 36s
    50K .......... .......... .......... .......... ..........  0% 1.73M 27s
   100K .......... .......... .......... .......... ..........  0% 52.5M 18s
   150K .......... .......... .......... .......... ..........  0%  118M 14s
   200K .......... .......... .......... .......... ..........  0% 1.73M 14s
   250K .......... .......... .......... .......... ..........  0% 76.5M 12s
   300K .......... .......... .......... .......... ..........  1% 70.1M 10s
   350K .......... .......... .......... .......... ..........  1% 87.4M 9s
   400K .......... .......... .......... .......... ..........  1% 1.84M 10s
   450K .......... .......... .......... .......... ..........  1% 54.0M 9s
   500K .......... .......... .......... .......... ..........  1% 68.6M 8s
   550K .......... .......... .......... .......... ..........  1% 86.0M 7s
   600K .......... .......... .......... .......... ..........  2% 64.6M 7s
   650K .......... .......... .......... .......... ..........  2% 50.7M 6s
   700K .......... .......... .......... .......... ..........  2% 85.0M 6s
   750K .......... .......... .......... .......... ..........  2%  114M 6s
   800K .......... .......... .......... .......... ..........  2%  122M 5s
   850K .......... .......... .......... .......... ..........  2% 2.08M 6s
   900K .......... .......... .......... .......... ..........  3% 43.9M 6s
   950K .......... .......... .......... .......... ..........  3% 60.5M 5s
  1000K .......... .......... .......... .......... ..........  3% 72.7M 5s
  1050K .......... .......... .......... .......... ..........  3% 76.7M 5s
  1100K .......... .......... .......... .......... ..........  3% 73.4M 5s
  1150K .......... .......... .......... .......... ..........  3% 51.8M 4s
  1200K .......... .......... .......... .......... ..........  3% 77.4M 4s
  1250K .......... .......... .......... .......... ..........  4% 74.6M 4s
  1300K .......... .......... .......... .......... ..........  4% 63.1M 4s
  1350K .......... .......... .......... .......... ..........  4% 66.9M 4s
  1400K .......... .......... .......... .......... ..........  4% 86.3M 4s
  1450K .......... .......... .......... .......... ..........  4%  125M 4s
  1500K .......... .......... .......... .......... ..........  4%  119M 3s
  1550K .......... .......... .......... .......... ..........  5%  119M 3s
  1600K .......... .......... .......... .......... ..........  5%  148M 3s
  1650K .......... .......... .......... .......... ..........  5%  122M 3s
  1700K .......... .......... .......... .......... ..........  5% 2.76M 3s
  1750K .......... .......... .......... .......... ..........  5% 61.3M 3s
  1800K .......... .......... .......... .......... ..........  5% 62.6M 3s
  1850K .......... .......... .......... .......... ..........  6% 81.8M 3s
  1900K .......... .......... .......... .......... ..........  6% 72.7M 3s
  1950K .......... .......... .......... .......... ..........  6% 81.5M 3s
  2000K .......... .......... .......... .......... ..........  6% 78.8M 3s
  2050K .......... .......... .......... .......... ..........  6% 74.9M 3s
  2100K .......... .......... .......... .......... ..........  6%  122M 3s
  2150K .......... .......... .......... .......... ..........  7%  100M 3s
  2200K .......... .......... .......... .......... ..........  7% 85.7M 3s
  2250K .......... .......... .......... .......... ..........  7% 67.4M 3s
  2300K .......... .......... .......... .......... ..........  7% 61.7M 3s
  2350K .......... .......... .......... .......... ..........  7% 78.0M 3s
  2400K .......... .......... .......... .......... ..........  7% 70.7M 2s
  2450K .......... .......... .......... .......... ..........  7% 90.2M 2s
  2500K .......... .......... .......... .......... ..........  8% 89.2M 2s
  2550K .......... .......... .......... .......... ..........  8% 68.9M 2s
  2600K .......... .......... .......... .......... ..........  8% 75.9M 2s
  2650K .......... .......... .......... .......... ..........  8% 83.4M 2s
  2700K .......... .......... .......... .......... ..........  8% 88.2M 2s
  2750K .......... .......... .......... .......... ..........  8% 85.7M 2s
  2800K .......... .......... .......... .......... ..........  9% 1.81M 2s
  2850K .......... .......... .......... .......... ..........  9% 73.6M 2s
  2900K .......... .......... .......... .......... ..........  9% 85.7M 2s
  2950K .......... .......... .......... .......... ..........  9%  128M 2s
  3000K .......... .......... .......... .......... ..........  9%  131M 2s
  3050K .......... .......... .......... .......... ..........  9%  106M 2s
  3100K .......... .......... .......... .......... .......... 10%  141M 2s
  3150K .......... .......... .......... .......... .......... 10% 92.5M 2s
  3200K .......... .......... .......... .......... .......... 10%  134M 2s
  3250K .......... .......... .......... .......... .......... 10%  129M 2s
  3300K .......... .......... .......... .......... .......... 10%  116M 2s
  3350K .......... .......... .......... .......... .......... 10%  136M 2s
  3400K .......... .......... .......... .......... .......... 10%  115M 2s
  3450K .......... .......... .......... .......... .......... 11%  131M 2s
  3500K .......... .......... .......... .......... .......... 11%  135M 2s
  3550K .......... .......... .......... .......... .......... 11%  107M 2s
  3600K .......... .......... .......... .......... .......... 11%  131M 2s
  3650K .......... .......... .......... .......... .......... 11%  111M 2s
  3700K .......... .......... .......... .......... .......... 11%  112M 2s
  3750K .......... .......... .......... .......... .......... 12%  125M 2s
  3800K .......... .......... .......... .......... .......... 12%  113M 2s
  3850K .......... .......... .......... .......... .......... 12%  138M 2s
  3900K .......... .......... .......... .......... .......... 12%  118M 2s
  3950K .......... .......... .......... .......... .......... 12%  127M 2s
  4000K .......... .......... .......... .......... .......... 12%  125M 2s
  4050K .......... .......... .......... .......... .......... 13%  109M 2s
  4100K .......... .......... .......... .......... .......... 13%  142M 2s
  4150K .......... .......... .......... .......... .......... 13%  122M 2s
  4200K .......... .......... .......... .......... .......... 13%  128M 2s
  4250K .......... .......... .......... .......... .......... 13%  155M 2s
  4300K .......... .......... .......... .......... .......... 13%  125M 2s
  4350K .......... .......... .......... .......... .......... 14%  153M 2s
  4400K .......... .......... .......... .......... .......... 14%  125M 2s
  4450K .......... .......... .......... .......... .......... 14%  157M 2s
  4500K .......... .......... .......... .......... .......... 14% 10.9M 2s
  4550K .......... .......... .......... .......... .......... 14% 86.5M 2s
  4600K .......... .......... .......... .......... .......... 14% 93.9M 1s
  4650K .......... .......... .......... .......... .......... 14% 78.4M 1s
  4700K .......... .......... .......... .......... .......... 15% 89.1M 1s
  4750K .......... .......... .......... .......... .......... 15% 94.6M 1s
  4800K .......... .......... .......... .......... .......... 15%  101M 1s
  4850K .......... .......... .......... .......... .......... 15%  125M 1s
  4900K .......... .......... .......... .......... .......... 15% 34.3M 1s
  4950K .......... .......... .......... .......... .......... 15% 36.7M 1s
  5000K .......... .......... .......... .......... .......... 16% 24.3M 1s
  5050K .......... .......... .......... .......... .......... 16% 59.7M 1s
  5100K .......... .......... .......... .......... .......... 16% 24.6M 1s
  5150K .......... .......... .......... .......... .......... 16% 26.9M 1s
  5200K .......... .......... .......... .......... .......... 16% 31.4M 1s
  5250K .......... .......... .......... .......... .......... 16% 32.6M 1s
  5300K .......... .......... .......... .......... .......... 17% 27.1M 1s
  5350K .......... .......... .......... .......... .......... 17% 31.7M 1s
  5400K .......... .......... .......... .......... .......... 17% 25.8M 1s
  5450K .......... .......... .......... .......... .......... 17% 35.2M 1s
  5500K .......... .......... .......... .......... .......... 17% 40.3M 1s
  5550K .......... .......... .......... .......... .......... 17% 32.2M 1s
  5600K .......... .......... .......... .......... .......... 18% 37.4M 1s
  5650K .......... .......... .......... .......... .......... 18% 33.8M 1s
  5700K .......... .......... .......... .......... .......... 18% 25.4M 1s
  5750K .......... .......... .......... .......... .......... 18% 26.7M 1s
  5800K .......... .......... .......... .......... .......... 18% 26.2M 1s
  5850K .......... .......... .......... .......... .......... 18% 33.9M 1s
  5900K .......... .......... .......... .......... .......... 18% 28.7M 1s
  5950K .......... .......... .......... .......... .......... 19% 31.1M 1s
  6000K .......... .......... .......... .......... .......... 19% 34.9M 1s
  6050K .......... .......... .......... .......... .......... 19% 27.7M 1s
  6100K .......... .......... .......... .......... .......... 19% 32.5M 1s
  6150K .......... .......... .......... .......... .......... 19% 27.1M 1s
  6200K .......... .......... .......... .......... .......... 19% 25.8M 1s
  6250K .......... .......... .......... .......... .......... 20% 42.9M 1s
  6300K .......... .......... .......... .......... .......... 20% 27.8M 1s
  6350K .......... .......... .......... .......... .......... 20% 29.9M 1s
  6400K .......... .......... .......... .......... .......... 20% 28.4M 1s
  6450K .......... .......... .......... .......... .......... 20% 33.0M 1s
  6500K .......... .......... .......... .......... .......... 20% 33.1M 1s
  6550K .......... .......... .......... .......... .......... 21% 28.0M 1s
  6600K .......... .......... .......... .......... .......... 21% 34.0M 1s
  6650K .......... .......... .......... .......... .......... 21% 29.8M 1s
  6700K .......... .......... .......... .......... .......... 21% 33.5M 1s
  6750K .......... .......... .......... .......... .......... 21% 31.7M 1s
  6800K .......... .......... .......... .......... .......... 21% 27.3M 1s
  6850K .......... .......... .......... .......... .......... 21% 35.2M 1s
  6900K .......... .......... .......... .......... .......... 22% 27.5M 1s
  6950K .......... .......... .......... .......... .......... 22% 32.8M 1s
  7000K .......... .......... .......... .......... .......... 22% 34.0M 1s
  7050K .......... .......... .......... .......... .......... 22% 26.7M 1s
  7100K .......... .......... .......... .......... .......... 22% 33.9M 1s
  7150K .......... .......... .......... .......... .......... 22% 22.9M 1s
  7200K .......... .......... .......... .......... .......... 23% 48.6M 1s
  7250K .......... .......... .......... .......... .......... 23% 33.1M 1s
  7300K .......... .......... .......... .......... .......... 23% 25.3M 1s
  7350K .......... .......... .......... .......... .......... 23% 36.4M 1s
  7400K .......... .......... .......... .......... .......... 23% 27.8M 1s
  7450K .......... .......... .......... .......... .......... 23% 33.4M 1s
  7500K .......... .......... .......... .......... .......... 24% 31.9M 1s
  7550K .......... .......... .......... .......... .......... 24% 28.1M 1s
  7600K .......... .......... .......... .......... .......... 24% 32.5M 1s
  7650K .......... .......... .......... .......... .......... 24% 28.3M 1s
  7700K .......... .......... .......... .......... .......... 24% 33.9M 1s
  7750K .......... .......... .......... .......... .......... 24% 33.8M 1s
  7800K .......... .......... .......... .......... .......... 25% 24.4M 1s
  7850K .......... .......... .......... .......... .......... 25% 41.8M 1s
  7900K .......... .......... .......... .......... .......... 25% 28.2M 1s
  7950K .......... .......... .......... .......... .......... 25% 33.1M 1s
  8000K .......... .......... .......... .......... .......... 25% 32.7M 1s
  8050K .......... .......... .......... .......... .......... 25% 29.5M 1s
  8100K .......... .......... .......... .......... .......... 25% 32.1M 1s
  8150K .......... .......... .......... .......... .......... 26% 27.5M 1s
  8200K .......... .......... .......... .......... .......... 26% 34.5M 1s
  8250K .......... .......... .......... .......... .......... 26% 32.4M 1s
  8300K .......... .......... .......... .......... .......... 26% 28.5M 1s
  8350K .......... .......... .......... .......... .......... 26% 31.6M 1s
  8400K .......... .......... .......... .......... .......... 26% 27.5M 1s
  8450K .......... .......... .......... .......... .......... 27% 32.8M 1s
  8500K .......... .......... .......... .......... .......... 27% 32.5M 1s
  8550K .......... .......... .......... .......... .......... 27% 28.2M 1s
  8600K .......... .......... .......... .......... .......... 27% 32.2M 1s
  8650K .......... .......... .......... .......... .......... 27% 29.0M 1s
  8700K .......... .......... .......... .......... .......... 27% 33.2M 1s
  8750K .......... .......... .......... .......... .......... 28% 33.2M 1s
  8800K .......... .......... .......... .......... .......... 28% 29.6M 1s
  8850K .......... .......... .......... .......... .......... 28% 32.0M 1s
  8900K .......... .......... .......... .......... .......... 28% 28.0M 1s
  8950K .......... .......... .......... .......... .......... 28% 14.0M 1s
  9000K .......... .......... .......... .......... .......... 28%  106M 1s
  9050K .......... .......... .......... .......... .......... 28% 69.1M 1s
  9100K .......... .......... .......... .......... .......... 29% 34.1M 1s
  9150K .......... .......... .......... .......... .......... 29% 23.4M 1s
  9200K .......... .......... .......... .......... .......... 29% 46.4M 1s
  9250K .......... .......... .......... .......... .......... 29% 35.2M 1s
  9300K .......... .......... .......... .......... .......... 29% 28.0M 1s
  9350K .......... .......... .......... .......... .......... 29% 32.8M 1s
  9400K .......... .......... .......... .......... .......... 30% 28.7M 1s
  9450K .......... .......... .......... .......... .......... 30% 31.5M 1s
  9500K .......... .......... .......... .......... .......... 30% 32.8M 1s
  9550K .......... .......... .......... .......... .......... 30% 25.8M 1s
  9600K .......... .......... .......... .......... .......... 30% 40.2M 1s
  9650K .......... .......... .......... .......... .......... 30% 28.5M 1s
  9700K .......... .......... .......... .......... .......... 31% 33.3M 1s
  9750K .......... .......... .......... .......... .......... 31% 29.1M 1s
  9800K .......... .......... .......... .......... .......... 31% 31.8M 1s
  9850K .......... .......... .......... .......... .......... 31% 32.2M 1s
  9900K .......... .......... .......... .......... .......... 31% 32.9M 1s
  9950K .......... .......... .......... .......... .......... 31% 33.7M 1s
 10000K .......... .......... .......... .......... .......... 32% 32.5M 1s
 10050K .......... .......... .......... .......... .......... 32% 31.1M 1s
 10100K .......... .......... .......... .......... .......... 32% 35.1M 1s
 10150K .......... .......... .......... .......... .......... 32% 27.5M 1s
 10200K .......... .......... .......... .......... .......... 32% 31.6M 1s
 10250K .......... .......... .......... .......... .......... 32% 33.5M 1s
 10300K .......... .......... .......... .......... .......... 32% 27.6M 1s
 10350K .......... .......... .......... .......... .......... 33% 34.4M 1s
 10400K .......... .......... .......... .......... .......... 33% 27.4M 1s
 10450K .......... .......... .......... .......... .......... 33% 34.2M 1s
 10500K .......... .......... .......... .......... .......... 33% 33.0M 1s
 10550K .......... .......... .......... .......... .......... 33% 28.8M 1s
 10600K .......... .......... .......... .......... .......... 33% 33.5M 1s
 10650K .......... .......... .......... .......... .......... 34% 28.0M 1s
 10700K .......... .......... .......... .......... .......... 34% 30.3M 1s
 10750K .......... .......... .......... .......... .......... 34% 35.4M 1s
 10800K .......... .......... .......... .......... .......... 34% 27.2M 1s
 10850K .......... .......... .......... .......... .......... 34% 32.8M 1s
 10900K .......... .......... .......... .......... .......... 34% 27.9M 1s
 10950K .......... .......... .......... .......... .......... 35% 33.1M 1s
 11000K .......... .......... .......... .......... .......... 35% 30.5M 1s
 11050K .......... .......... .......... .......... .......... 35% 29.3M 1s
 11100K .......... .......... .......... .......... .......... 35% 33.2M 1s
 11150K .......... .......... .......... .......... .......... 35% 27.3M 1s
 11200K .......... .......... .......... .......... .......... 35% 33.0M 1s
 11250K .......... .......... .......... .......... .......... 36% 32.1M 1s
 11300K .......... .......... .......... .......... .......... 36% 26.5M 1s
 11350K .......... .......... .......... .......... .......... 36% 33.7M 1s
 11400K .......... .......... .......... .......... .......... 36% 27.6M 1s
 11450K .......... .......... .......... .......... .......... 36% 32.9M 1s
 11500K .......... .......... .......... .......... .......... 36% 32.2M 1s
 11550K .......... .......... .......... .......... .......... 36% 27.3M 1s
 11600K .......... .......... .......... .......... .......... 37% 34.2M 1s
 11650K .......... .......... .......... .......... .......... 37% 26.3M 1s
 11700K .......... .......... .......... .......... .......... 37% 34.0M 1s
 11750K .......... .......... .......... .......... .......... 37% 30.0M 1s
 11800K .......... .......... .......... .......... .......... 37% 28.9M 1s
 11850K .......... .......... .......... .......... .......... 37% 33.1M 1s
 11900K .......... .......... .......... .......... .......... 38% 28.0M 1s
 11950K .......... .......... .......... .......... .......... 38% 31.9M 1s
 12000K .......... .......... .......... .......... .......... 38% 32.7M 1s
 12050K .......... .......... .......... .......... .......... 38% 27.4M 1s
 12100K .......... .......... .......... .......... .......... 38% 33.5M 1s
 12150K .......... .......... .......... .......... .......... 38% 27.3M 1s
 12200K .......... .......... .......... .......... .......... 39% 32.1M 1s
 12250K .......... .......... .......... .......... .......... 39% 33.5M 1s
 12300K .......... .......... .......... .......... .......... 39% 27.1M 1s
 12350K .......... .......... .......... .......... .......... 39% 33.1M 1s
 12400K .......... .......... .......... .......... .......... 39% 27.6M 1s
 12450K .......... .......... .......... .......... .......... 39% 32.2M 1s
 12500K .......... .......... .......... .......... .......... 39% 31.5M 1s
 12550K .......... .......... .......... .......... .......... 40% 28.6M 1s
 12600K .......... .......... .......... .......... .......... 40% 31.4M 1s
 12650K .......... .......... .......... .......... .......... 40% 29.3M 1s
 12700K .......... .......... .......... .......... .......... 40% 30.1M 1s
 12750K .......... .......... .......... .......... .......... 40% 33.5M 1s
 12800K .......... .......... .......... .......... .......... 40% 27.5M 1s
 12850K .......... .......... .......... .......... .......... 41% 33.1M 1s
 12900K .......... .......... .......... .......... .......... 41% 27.1M 1s
 12950K .......... .......... .......... .......... .......... 41% 32.3M 1s
 13000K .......... .......... .......... .......... .......... 41% 32.0M 1s
 13050K .......... .......... .......... .......... .......... 41% 29.7M 1s
 13100K .......... .......... .......... .......... .......... 41% 31.7M 1s
 13150K .......... .......... .......... .......... .......... 42% 31.3M 1s
 13200K .......... .......... .......... .......... .......... 42% 37.4M 1s
 13250K .......... .......... .......... .......... .......... 42% 37.7M 1s
 13300K .......... .......... .......... .......... .......... 42% 30.9M 1s
 13350K .......... .......... .......... .......... .......... 42% 37.0M 1s
 13400K .......... .......... .......... .......... .......... 42% 31.1M 1s
 13450K .......... .......... .......... .......... .......... 43% 37.4M 1s
 13500K .......... .......... .......... .......... .......... 43% 35.7M 1s
 13550K .......... .......... .......... .......... .......... 43% 28.6M 1s
 13600K .......... .......... .......... .......... .......... 43% 40.0M 1s
 13650K .......... .......... .......... .......... .......... 43% 31.5M 1s
 13700K .......... .......... .......... .......... .......... 43% 36.0M 1s
 13750K .......... .......... .......... .......... .......... 43% 36.3M 1s
 13800K .......... .......... .......... .......... .......... 44% 30.9M 1s
 13850K .......... .......... .......... .......... .......... 44% 34.4M 1s
 13900K .......... .......... .......... .......... .......... 44% 32.6M 1s
 13950K .......... .......... .......... .......... .......... 44% 36.2M 1s
 14000K .......... .......... .......... .......... .......... 44% 37.6M 1s
 14050K .......... .......... .......... .......... .......... 44% 30.5M 1s
 14100K .......... .......... .......... .......... .......... 45% 36.0M 1s
 14150K .......... .......... .......... .......... .......... 45% 30.4M 1s
 14200K .......... .......... .......... .......... .......... 45% 39.0M 1s
 14250K .......... .......... .......... .......... .......... 45% 36.1M 1s
 14300K .......... .......... .......... .......... .......... 45% 30.8M 1s
 14350K .......... .......... .......... .......... .......... 45% 38.7M 1s
 14400K .......... .......... .......... .......... .......... 46% 30.9M 1s
 14450K .......... .......... .......... .......... .......... 46% 35.9M 1s
 14500K .......... .......... .......... .......... .......... 46% 37.7M 1s
 14550K .......... .......... .......... .......... .......... 46% 30.1M 1s
 14600K .......... .......... .......... .......... .......... 46% 36.9M 1s
 14650K .......... .......... .......... .......... .......... 46% 31.1M 1s
 14700K .......... .......... .......... .......... .......... 46% 37.2M 1s
 14750K .......... .......... .......... .......... .......... 47% 35.7M 1s
 14800K .......... .......... .......... .......... .......... 47% 31.6M 1s
 14850K .......... .......... .......... .......... .......... 47% 35.5M 1s
 14900K .......... .......... .......... .......... .......... 47% 32.2M 1s
 14950K .......... .......... .......... .......... .......... 47% 36.4M 1s
 15000K .......... .......... .......... .......... .......... 47% 36.5M 1s
 15050K .......... .......... .......... .......... .......... 48% 31.5M 1s
 15100K .......... .......... .......... .......... .......... 48% 31.3M 1s
 15150K .......... .......... .......... .......... .......... 48% 37.1M 1s
 15200K .......... .......... .......... .......... .......... 48% 36.4M 1s
 15250K .......... .......... .......... .......... .......... 48% 36.3M 1s
 15300K .......... .......... .......... .......... .......... 48% 31.2M 1s
 15350K .......... .......... .......... .......... .......... 49% 36.9M 1s
 15400K .......... .......... .......... .......... .......... 49% 30.7M 1s
 15450K .......... .......... .......... .......... .......... 49% 37.1M 1s
 15500K .......... .......... .......... .......... .......... 49% 36.5M 1s
 15550K .......... .......... .......... .......... .......... 49% 31.2M 1s
 15600K .......... .......... .......... .......... .......... 49% 36.5M 1s
 15650K .......... .......... .......... .......... .......... 50% 28.7M 1s
 15700K .......... .......... .......... .......... .......... 50% 41.4M 1s
 15750K .......... .......... .......... .......... .......... 50% 37.4M 1s
 15800K .......... .......... .......... .......... .......... 50% 31.1M 1s
 15850K .......... .......... .......... .......... .......... 50% 36.3M 1s
 15900K .......... .......... .......... .......... .......... 50% 33.1M 1s
 15950K .......... .......... .......... .......... .......... 50% 35.4M 1s
 16000K .......... .......... .......... .......... .......... 51% 36.7M 1s
 16050K .......... .......... .......... .......... .......... 51% 32.5M 1s
 16100K .......... .......... .......... .......... .......... 51% 36.2M 1s
 16150K .......... .......... .......... .......... .......... 51% 27.2M 1s
 16200K .......... .......... .......... .......... .......... 51% 43.4M 1s
 16250K .......... .......... .......... .......... .......... 51% 38.0M 1s
 16300K .......... .......... .......... .......... .......... 52% 30.9M 1s
 16350K .......... .......... .......... .......... .......... 52% 36.8M 1s
 16400K .......... .......... .......... .......... .......... 52% 31.4M 1s
 16450K .......... .......... .......... .......... .......... 52% 36.9M 1s
 16500K .......... .......... .......... .......... .......... 52% 36.1M 1s
 16550K .......... .......... .......... .......... .......... 52% 30.9M 1s
 16600K .......... .......... .......... .......... .......... 53% 37.5M 1s
 16650K .......... .......... .......... .......... .......... 53% 32.3M 1s
 16700K .......... .......... .......... .......... .......... 53% 32.7M 1s
 16750K .......... .......... .......... .......... .......... 53% 40.6M 1s
 16800K .......... .......... .......... .......... .......... 53% 31.1M 1s
 16850K .......... .......... .......... .......... .......... 53% 36.9M 1s
 16900K .......... .......... .......... .......... .......... 54% 26.7M 1s
 16950K .......... .......... .......... .......... .......... 54% 44.0M 1s
 17000K .......... .......... .......... .......... .......... 54% 36.7M 1s
 17050K .......... .......... .......... .......... .......... 54% 32.0M 1s
 17100K .......... .......... .......... .......... .......... 54% 35.4M 1s
 17150K .......... .......... .......... .......... .......... 54% 31.5M 1s
 17200K .......... .......... .......... .......... .......... 54% 30.6M 1s
 17250K .......... .......... .......... .......... .......... 55% 45.6M 1s
 17300K .......... .......... .......... .......... .......... 55% 31.0M 1s
 17350K .......... .......... .......... .......... .......... 55% 37.0M 1s
 17400K .......... .......... .......... .......... .......... 55% 31.6M 1s
 17450K .......... .......... .......... .......... .......... 55% 36.3M 1s
 17500K .......... .......... .......... .......... .......... 55% 36.1M 1s
 17550K .......... .......... .......... .......... .......... 56% 30.8M 1s
 17600K .......... .......... .......... .......... .......... 56% 37.0M 1s
 17650K .......... .......... .......... .......... .......... 56% 31.2M 1s
 17700K .......... .......... .......... .......... .......... 56% 35.5M 1s
 17750K .......... .......... .......... .......... .......... 56% 34.2M 1s
 17800K .......... .......... .......... .......... .......... 56% 32.0M 0s
 17850K .......... .......... .......... .......... .......... 57% 37.7M 0s
 17900K .......... .......... .......... .......... .......... 57% 30.6M 0s
 17950K .......... .......... .......... .......... .......... 57% 35.8M 0s
 18000K .......... .......... .......... .......... .......... 57% 37.0M 0s
 18050K .......... .......... .......... .......... .......... 57% 31.4M 0s
 18100K .......... .......... .......... .......... .......... 57% 36.8M 0s
 18150K .......... .......... .......... .......... .......... 57% 31.1M 0s
 18200K .......... .......... .......... .......... .......... 58% 36.3M 0s
 18250K .......... .......... .......... .......... .......... 58% 36.6M 0s
 18300K .......... .......... .......... .......... .......... 58% 30.8M 0s
 18350K .......... .......... .......... .......... .......... 58% 33.1M 0s
 18400K .......... .......... .......... .......... .......... 58% 35.3M 0s
 18450K .......... .......... .......... .......... .......... 58%  447K 1s
 18500K .......... .......... .......... .......... .......... 59%  144M 1s
 18550K .......... .......... .......... .......... .......... 59%  121M 1s
 18600K .......... .......... .......... .......... .......... 59%  142M 1s
 18650K .......... .......... .......... .......... .......... 59% 1.33M 1s
 18700K .......... .......... .......... .......... .......... 59%  135M 1s
 18750K .......... .......... .......... .......... .......... 59%  147M 1s
 18800K .......... .......... .......... .......... .......... 60%  103M 1s
 18850K .......... .......... .......... .......... .......... 60%  139M 1s
 18900K .......... .......... .......... .......... .......... 60%  118M 1s
 18950K .......... .......... .......... .......... .......... 60%  108M 1s
 19000K .......... .......... .......... .......... .......... 60%  149M 1s
 19050K .......... .......... .......... .......... .......... 60%  130M 1s
 19100K .......... .......... .......... .......... .......... 61%  133M 1s
 19150K .......... .......... .......... .......... .......... 61%  113M 1s
 19200K .......... .......... .......... .......... .......... 61%  129M 1s
 19250K .......... .......... .......... .......... .......... 61%  142M 1s
 19300K .......... .......... .......... .......... .......... 61%  117M 1s
 19350K .......... .......... .......... .......... .......... 61%  155M 1s
 19400K .......... .......... .......... .......... .......... 61%  125M 1s
 19450K .......... .......... .......... .......... .......... 62%  147M 1s
 19500K .......... .......... .......... .......... .......... 62%  160M 1s
 19550K .......... .......... .......... .......... .......... 62%  117M 0s
 19600K .......... .......... .......... .......... .......... 62%  115M 0s
 19650K .......... .......... .......... .......... .......... 62%  121M 0s
 19700K .......... .......... .......... .......... .......... 62%  130M 0s
 19750K .......... .......... .......... .......... .......... 63%  154M 0s
 19800K .......... .......... .......... .......... .......... 63%  126M 0s
 19850K .......... .......... .......... .......... .......... 63%  142M 0s
 19900K .......... .......... .......... .......... .......... 63%  119M 0s
 19950K .......... .......... .......... .......... .......... 63%  147M 0s
 20000K .......... .......... .......... .......... .......... 63% 23.5M 0s
 20050K .......... .......... .......... .......... .......... 64% 7.26M 0s
 20100K .......... .......... .......... .......... .......... 64% 11.4M 0s
 20150K .......... .......... .......... .......... .......... 64% 22.2M 0s
 20200K .......... .......... .......... .......... .......... 64% 23.0M 0s
 20250K .......... .......... .......... .......... .......... 64%  129M 0s
 20300K .......... .......... .......... .......... .......... 64%  133M 0s
 20350K .......... .......... .......... .......... .......... 64% 4.51M 0s
 20400K .......... .......... .......... .......... .......... 65% 1.49M 0s
 20450K .......... .......... .......... .......... .......... 65%  153M 0s
 20500K .......... .......... .......... .......... .......... 65% 4.33M 0s
 20550K .......... .......... .......... .......... .......... 65%  116M 0s
 20600K .......... .......... .......... .......... .......... 65%  156M 0s
 20650K .......... .......... .......... .......... .......... 65%  107M 0s
 20700K .......... .......... .......... .......... .......... 66%  149M 0s
 20750K .......... .......... .......... .......... .......... 66%  159M 0s
 20800K .......... .......... .......... .......... .......... 66% 2.14M 0s
 20850K .......... .......... .......... .......... .......... 66%  149M 0s
 20900K .......... .......... .......... .......... .......... 66%  116M 0s
 20950K .......... .......... .......... .......... .......... 66%  140M 0s
 21000K .......... .......... .......... .......... .......... 67%  138M 0s
 21050K .......... .......... .......... .......... .......... 67% 2.44M 0s
 21100K .......... .......... .......... .......... .......... 67%  142M 0s
 21150K .......... .......... .......... .......... .......... 67%  135M 0s
 21200K .......... .......... .......... .......... .......... 67%  112M 0s
 21250K .......... .......... .......... .......... .......... 67%  150M 0s
 21300K .......... .......... .......... .......... .......... 68%  131M 0s
 21350K .......... .......... .......... .......... .......... 68%  156M 0s
 21400K .......... .......... .......... .......... .......... 68% 44.7M 0s
 21450K .......... .......... .......... .......... .......... 68% 13.2M 0s
 21500K .......... .......... .......... .......... .......... 68%  142M 0s
 21550K .......... .......... .......... .......... .......... 68% 8.32M 0s
 21600K .......... .......... .......... .......... .......... 68% 7.48M 0s
 21650K .......... .......... .......... .......... .......... 69% 9.30M 0s
 21700K .......... .......... .......... .......... .......... 69% 20.5M 0s
 21750K .......... .......... .......... .......... .......... 69% 1.53M 0s
 21800K .......... .......... .......... .......... .......... 69% 1.34M 0s
 21850K .......... .......... .......... .......... .......... 69%  150M 0s
 21900K .......... .......... .......... .......... .......... 69%  124M 0s
 21950K .......... .......... .......... .......... .......... 70%  150M 0s
 22000K .......... .......... .......... .......... .......... 70%  159M 0s
 22050K .......... .......... .......... .......... .......... 70%  129M 0s
 22100K .......... .......... .......... .......... .......... 70%  158M 0s
 22150K .......... .......... .......... .......... .......... 70%  114M 0s
 22200K .......... .......... .......... .......... .......... 70%  140M 0s
 22250K .......... .......... .......... .......... .......... 71%  125M 0s
 22300K .......... .......... .......... .......... .......... 71%  134M 0s
 22350K .......... .......... .......... .......... .......... 71% 5.27M 0s
 22400K .......... .......... .......... .......... .......... 71%  124M 0s
 22450K .......... .......... .......... .......... .......... 71%  135M 0s
 22500K .......... .......... .......... .......... .......... 71%  134M 0s
 22550K .......... .......... .......... .......... .......... 72%  129M 0s
 22600K .......... .......... .......... .......... .......... 72%  128M 0s
 22650K .......... .......... .......... .......... .......... 72% 98.3M 0s
 22700K .......... .......... .......... .......... .......... 72%  154M 0s
 22750K .......... .......... .......... .......... .......... 72% 7.18M 0s
 22800K .......... .......... .......... .......... .......... 72% 21.8M 0s
 22850K .......... .......... .......... .......... .......... 72% 12.7M 0s
 22900K .......... .......... .......... .......... .......... 73% 7.26M 0s
 22950K .......... .......... .......... .......... .......... 73% 37.6M 0s
 23000K .......... .......... .......... .......... .......... 73%  143M 0s
 23050K .......... .......... .......... .......... .......... 73% 5.49M 0s
 23100K .......... .......... .......... .......... .......... 73% 15.6M 0s
 23150K .......... .......... .......... .......... .......... 73% 9.27M 0s
 23200K .......... .......... .......... .......... .......... 74% 12.8M 0s
 23250K .......... .......... .......... .......... .......... 74%  153M 0s
 23300K .......... .......... .......... .......... .......... 74%  124M 0s
 23350K .......... .......... .......... .......... .......... 74%  146M 0s
 23400K .......... .......... .......... .......... .......... 74%  133M 0s
 23450K .......... .......... .......... .......... .......... 74%  142M 0s
 23500K .......... .......... .......... .......... .......... 75% 32.0M 0s
 23550K .......... .......... .......... .......... .......... 75% 6.26M 0s
 23600K .......... .......... .......... .......... .......... 75% 13.3M 0s
 23650K .......... .......... .......... .......... .......... 75% 11.7M 0s
 23700K .......... .......... .......... .......... .......... 75% 40.2M 0s
 23750K .......... .......... .......... .......... .......... 75% 14.1M 0s
 23800K .......... .......... .......... .......... .......... 75% 12.3M 0s
 23850K .......... .......... .......... .......... .......... 76% 7.38M 0s
 23900K .......... .......... .......... .......... .......... 76% 7.05M 0s
 23950K .......... .......... .......... .......... .......... 76% 14.6M 0s
 24000K .......... .......... .......... .......... .......... 76% 15.4M 0s
 24050K .......... .......... .......... .......... .......... 76% 11.2M 0s
 24100K .......... .......... .......... .......... .......... 76% 13.1M 0s
 24150K .......... .......... .......... .......... .......... 77% 8.60M 0s
 24200K .......... .......... .......... .......... .......... 77% 7.21M 0s
 24250K .......... .......... .......... .......... .......... 77% 14.0M 0s
 24300K .......... .......... .......... .......... .......... 77% 18.7M 0s
 24350K .......... .......... .......... .......... .......... 77% 15.5M 0s
 24400K .......... .......... .......... .......... .......... 77% 11.2M 0s
 24450K .......... .......... .......... .......... .......... 78% 16.5M 0s
 24500K .......... .......... .......... .......... .......... 78% 7.10M 0s
 24550K .......... .......... .......... .......... .......... 78% 8.92M 0s
 24600K .......... .......... .......... .......... .......... 78% 11.0M 0s
 24650K .......... .......... .......... .......... .......... 78% 14.4M 0s
 24700K .......... .......... .......... .......... .......... 78% 20.4M 0s
 24750K .......... .......... .......... .......... .......... 79% 8.56M 0s
 24800K .......... .......... .......... .......... .......... 79% 8.89M 0s
 24850K .......... .......... .......... .......... .......... 79% 7.15M 0s
 24900K .......... .......... .......... .......... .......... 79% 14.0M 0s
 24950K .......... .......... .......... .......... .......... 79% 32.1M 0s
 25000K .......... .......... .......... .......... .......... 79% 11.7M 0s
 25050K .......... .......... .......... .......... .......... 79% 13.5M 0s
 25100K .......... .......... .......... .......... .......... 80% 8.57M 0s
 25150K .......... .......... .......... .......... .......... 80% 9.35M 0s
 25200K .......... .......... .......... .......... .......... 80% 9.59M 0s
 25250K .......... .......... .......... .......... .......... 80% 10.9M 0s
 25300K .......... .......... .......... .......... .......... 80% 14.2M 0s
 25350K .......... .......... .......... .......... .......... 80% 19.7M 0s
 25400K .......... .......... .......... .......... .......... 81% 6.23M 0s
 25450K .......... .......... .......... .......... .......... 81% 10.2M 0s
 25500K .......... .......... .......... .......... .......... 81% 9.07M 0s
 25550K .......... .......... .......... .......... .......... 81% 15.0M 0s
 25600K .......... .......... .......... .......... .......... 81% 10.6M 0s
 25650K .......... .......... .......... .......... .......... 81% 18.9M 0s
 25700K .......... .......... .......... .......... .......... 82% 23.5M 0s
 25750K .......... .......... .......... .......... .......... 82% 8.19M 0s
 25800K .......... .......... .......... .......... .......... 82% 4.82M 0s
 25850K .......... .......... .......... .......... .......... 82% 62.3M 0s
 25900K .......... .......... .......... .......... .......... 82% 11.2M 0s
 25950K .......... .......... .......... .......... .......... 82% 13.0M 0s
 26000K .......... .......... .......... .......... .......... 82% 28.5M 0s
 26050K .......... .......... .......... .......... .......... 83% 9.16M 0s
 26100K .......... .......... .......... .......... .......... 83% 6.38M 0s
 26150K .......... .......... .......... .......... .......... 83% 8.85M 0s
 26200K .......... .......... .......... .......... .......... 83% 10.9M 0s
 26250K .......... .......... .......... .......... .......... 83% 21.0M 0s
 26300K .......... .......... .......... .......... .......... 83% 1.50M 0s
 26350K .......... .......... .......... .......... .......... 84%  155M 0s
 26400K .......... .......... .......... .......... .......... 84%  137M 0s
 26450K .......... .......... .......... .......... .......... 84%  134M 0s
 26500K .......... .......... .......... .......... .......... 84%  148M 0s
 26550K .......... .......... .......... .......... .......... 84% 2.04M 0s
 26600K .......... .......... .......... .......... .......... 84%  125M 0s
 26650K .......... .......... .......... .......... .......... 85%  123M 0s
 26700K .......... .......... .......... .......... .......... 85%  148M 0s
 26750K .......... .......... .......... .......... .......... 85%  165M 0s
 26800K .......... .......... .......... .......... .......... 85% 18.5M 0s
 26850K .......... .......... .......... .......... .......... 85% 6.41M 0s
 26900K .......... .......... .......... .......... .......... 85% 8.16M 0s
 26950K .......... .......... .......... .......... .......... 86% 9.87M 0s
 27000K .......... .......... .......... .......... .......... 86% 8.02M 0s
 27050K .......... .......... .......... .......... .......... 86% 8.55M 0s
 27100K .......... .......... .......... .......... .......... 86% 6.66M 0s
 27150K .......... .......... .......... .......... .......... 86% 5.36M 0s
 27200K .......... .......... .......... .......... .......... 86% 16.9M 0s
 27250K .......... .......... .......... .......... .......... 86% 9.65M 0s
 27300K .......... .......... .......... .......... .......... 87% 6.21M 0s
 27350K .......... .......... .......... .......... .......... 87% 6.18M 0s
 27400K .......... .......... .......... .......... .......... 87% 9.89M 0s
 27450K .......... .......... .......... .......... .......... 87% 8.45M 0s
 27500K .......... .......... .......... .......... .......... 87% 22.4M 0s
 27550K .......... .......... .......... .......... .......... 87% 4.97M 0s
 27600K .......... .......... .......... .......... .......... 88% 7.94M 0s
 27650K .......... .......... .......... .......... .......... 88% 9.61M 0s
 27700K .......... .......... .......... .......... .......... 88% 6.77M 0s
 27750K .......... .......... .......... .......... .......... 88% 12.3M 0s
 27800K .......... .......... .......... .......... .......... 88% 7.80M 0s
 27850K .......... .......... .......... .......... .......... 88% 6.36M 0s
 27900K .......... .......... .......... .......... .......... 89% 8.64M 0s
 27950K .......... .......... .......... .......... .......... 89% 9.54M 0s
 28000K .......... .......... .......... .......... .......... 89% 6.43M 0s
 28050K .......... .......... .......... .......... .......... 89% 18.1M 0s
 28100K .......... .......... .......... .......... .......... 89% 4.82M 0s
 28150K .......... .......... .......... .......... .......... 89% 8.31M 0s
 28200K .......... .......... .......... .......... .......... 90% 20.9M 0s
 28250K .......... .......... .......... .......... .......... 90% 6.35M 0s
 28300K .......... .......... .......... .......... .......... 90% 6.04M 0s
 28350K .......... .......... .......... .......... .......... 90% 9.98M 0s
 28400K .......... .......... .......... .......... .......... 90% 6.92M 0s
 28450K .......... .......... .......... .......... .......... 90% 25.0M 0s
 28500K .......... .......... .......... .......... .......... 90% 6.41M 0s
 28550K .......... .......... .......... .......... .......... 91% 5.79M 0s
 28600K .......... .......... .......... .......... .......... 91% 13.7M 0s
 28650K .......... .......... .......... .......... .......... 91% 6.53M 0s
 28700K .......... .......... .......... .......... .......... 91% 30.6M 0s
 28750K .......... .......... .......... .......... .......... 91% 5.66M 0s
 28800K .......... .......... .......... .......... .......... 91% 5.61M 0s
 28850K .......... .......... .......... .......... .......... 92% 20.5M 0s
 28900K .......... .......... .......... .......... .......... 92% 6.64M 0s
 28950K .......... .......... .......... .......... .......... 92% 17.1M 0s
 29000K .......... .......... .......... .......... .......... 92% 6.65M 0s
 29050K .......... .......... .......... .......... .......... 92% 4.86M 0s
 29100K .......... .......... .......... .......... .......... 92% 18.9M 0s
 29150K .......... .......... .......... .......... .......... 93% 8.41M 0s
 29200K .......... .......... .......... .......... .......... 93% 6.61M 0s
 29250K .......... .......... .......... .......... .......... 93% 5.81M 0s
 29300K .......... .......... .......... .......... .......... 93% 10.9M 0s
 29350K .......... .......... .......... .......... .......... 93% 19.0M 0s
 29400K .......... .......... .......... .......... .......... 93% 7.08M 0s
 29450K .......... .......... .......... .......... .......... 93% 6.09M 0s
 29500K .......... .......... .......... .......... .......... 94% 6.28M 0s
 29550K .......... .......... .......... .......... .......... 94% 14.5M 0s
 29600K .......... .......... .......... .......... .......... 94% 19.5M 0s
 29650K .......... .......... .......... .......... .......... 94% 7.04M 0s
 29700K .......... .......... .......... .......... .......... 94% 5.90M 0s
 29750K .......... .......... .......... .......... .......... 94% 6.43M 0s
 29800K .......... .......... .......... .......... .......... 95% 14.8M 0s
 29850K .......... .......... .......... .......... .......... 95% 19.6M 0s
 29900K .......... .......... .......... .......... .......... 95% 7.21M 0s
 29950K .......... .......... .......... .......... .......... 95% 5.79M 0s
 30000K .......... .......... .......... .......... .......... 95% 6.45M 0s
 30050K .......... .......... .......... .......... .......... 95% 14.0M 0s
 30100K .......... .......... .......... .......... .......... 96% 19.7M 0s
 30150K .......... .......... .......... .......... .......... 96% 5.26M 0s
 30200K .......... .......... .......... .......... .......... 96% 8.47M 0s
 30250K .......... .......... .......... .......... .......... 96% 6.36M 0s
 30300K .......... .......... .......... .......... .......... 96% 14.6M 0s
 30350K .......... .......... .......... .......... .......... 96% 18.9M 0s
 30400K .......... .......... .......... .......... .......... 97% 5.37M 0s
 30450K .......... .......... .......... .......... .......... 97% 8.22M 0s
 30500K .......... .......... .......... .......... .......... 97% 6.34M 0s
 30550K .......... .......... .......... .......... .......... 97% 15.0M 0s
 30600K .......... .......... .......... .......... .......... 97% 18.8M 0s
 30650K .......... .......... .......... .......... .......... 97% 8.46M 0s
 30700K .......... .......... .......... .......... .......... 97% 5.22M 0s
 30750K .......... .......... .......... .......... .......... 98% 6.50M 0s
 30800K .......... .......... .......... .......... .......... 98% 15.6M 0s
 30850K .......... .......... .......... .......... .......... 98% 17.4M 0s
 30900K .......... .......... .......... .......... .......... 98% 8.54M 0s
 30950K .......... .......... .......... .......... .......... 98% 5.25M 0s
 31000K .......... .......... .......... .......... .......... 98% 6.24M 0s
 31050K .......... .......... .......... .......... .......... 99% 15.6M 0s
 31100K .......... .......... .......... .......... .......... 99% 18.5M 0s
 31150K .......... .......... .......... .......... .......... 99% 8.62M 0s
 31200K .......... .......... .......... .......... .......... 99% 5.25M 0s
 31250K .......... .......... .......... .......... .......... 99% 6.33M 0s
 31300K .......... .......... .......... .......... .......... 99% 14.8M 0s
 31350K .......... .......... .......... ........             100% 17.8M=2.0s

2022-05-08 02:55:03 (15.7 MB/s) - ‘/root/process_mining/trips_tracing/stopsintrip.json’ saved [32141411/32141411]

--2022-05-08 02:55:03--  https://ckan.multimediagdansk.pl/dataset/c24aa637-3619-4dc2-a171-a23eec8f2172/resource/4c4025f0-01bf-41f7-a39f-d156d201b82b/download/stops.json
Resolving ckan.multimediagdansk.pl (ckan.multimediagdansk.pl)... 91.244.248.30
Connecting to ckan.multimediagdansk.pl (ckan.multimediagdansk.pl)|91.244.248.30|:443... connected.
HTTP request sent, awaiting response... 200 OK
Length: 9475445 (9.0M) [application/json]
Saving to: ‘/root/process_mining/trips_tracing/stops.json’

     0K .......... .......... .......... .......... ..........  0%  889K 10s
    50K .......... .......... .......... .......... ..........  1% 1.75M 8s
   100K .......... .......... .......... .......... ..........  1% 56.5M 5s
   150K .......... .......... .......... .......... ..........  2% 1.78M 5s
   200K .......... .......... .......... .......... ..........  2% 63.4M 4s
   250K .......... .......... .......... .......... ..........  3%  105M 3s
   300K .......... .......... .......... .......... ..........  3% 70.9M 3s
   350K .......... .......... .......... .......... ..........  4% 1.77M 3s
   400K .......... .......... .......... .......... ..........  4% 93.9M 3s
   450K .......... .......... .......... .......... ..........  5% 59.0M 3s
   500K .......... .......... .......... .......... ..........  5% 1.67M 3s
   550K .......... .......... .......... .......... ..........  6% 64.4M 2s
   600K .......... .......... .......... .......... ..........  7% 85.7M 2s
   650K .......... .......... .......... .......... ..........  7%  122M 2s
   700K .......... .......... .......... .......... ..........  8%  131M 2s
   750K .......... .......... .......... .......... ..........  8%  129M 2s
   800K .......... .......... .......... .......... ..........  9%  140M 2s
   850K .......... .......... .......... .......... ..........  9%  129M 2s
   900K .......... .......... .......... .......... .......... 10%  132M 2s
   950K .......... .......... .......... .......... .......... 10%  107M 1s
  1000K .......... .......... .......... .......... .......... 11%  145M 1s
  1050K .......... .......... .......... .......... .......... 11%  140M 1s
  1100K .......... .......... .......... .......... .......... 12%  129M 1s
  1150K .......... .......... .......... .......... .......... 12%  149M 1s
  1200K .......... .......... .......... .......... .......... 13% 2.25M 1s
  1250K .......... .......... .......... .......... .......... 14% 66.5M 1s
  1300K .......... .......... .......... .......... .......... 14% 72.9M 1s
  1350K .......... .......... .......... .......... .......... 15% 44.6M 1s
  1400K .......... .......... .......... .......... .......... 15% 87.8M 1s
  1450K .......... .......... .......... .......... .......... 16% 99.3M 1s
  1500K .......... .......... .......... .......... .......... 16%  142M 1s
  1550K .......... .......... .......... .......... .......... 17% 2.06M 1s
  1600K .......... .......... .......... .......... .......... 17% 35.8M 1s
  1650K .......... .......... .......... .......... .......... 18% 94.9M 1s
  1700K .......... .......... .......... .......... .......... 18% 55.4M 1s
  1750K .......... .......... .......... .......... .......... 19% 62.3M 1s
  1800K .......... .......... .......... .......... .......... 19% 80.4M 1s
  1850K .......... .......... .......... .......... .......... 20%  122M 1s
  1900K .......... .......... .......... .......... .......... 21%  144M 1s
  1950K .......... .......... .......... .......... .......... 21% 2.00M 1s
  2000K .......... .......... .......... .......... .......... 22% 77.5M 1s
  2050K .......... .......... .......... .......... .......... 22% 77.5M 1s
  2100K .......... .......... .......... .......... .......... 23% 75.1M 1s
  2150K .......... .......... .......... .......... .......... 23% 93.5M 1s
  2200K .......... .......... .......... .......... .......... 24% 89.9M 1s
  2250K .......... .......... .......... .......... .......... 24%  166M 1s
  2300K .......... .......... .......... .......... .......... 25% 1.97M 1s
  2350K .......... .......... .......... .......... .......... 25% 70.5M 1s
  2400K .......... .......... .......... .......... .......... 26% 73.0M 1s
  2450K .......... .......... .......... .......... .......... 27% 64.2M 1s
  2500K .......... .......... .......... .......... .......... 27% 88.3M 1s
  2550K .......... .......... .......... .......... .......... 28% 97.4M 1s
  2600K .......... .......... .......... .......... .......... 28% 83.3M 1s
  2650K .......... .......... .......... .......... .......... 29% 2.01M 1s
  2700K .......... .......... .......... .......... .......... 29% 45.0M 1s
  2750K .......... .......... .......... .......... .......... 30% 69.8M 1s
  2800K .......... .......... .......... .......... .......... 30% 77.6M 1s
  2850K .......... .......... .......... .......... .......... 31% 67.9M 1s
  2900K .......... .......... .......... .......... .......... 31%  107M 1s
  2950K .......... .......... .......... .......... .......... 32% 93.0M 1s
  3000K .......... .......... .......... .......... .......... 32% 22.9M 1s
  3050K .......... .......... .......... .......... .......... 33% 2.15M 1s
  3100K .......... .......... .......... .......... .......... 34% 67.9M 1s
  3150K .......... .......... .......... .......... .......... 34% 84.3M 1s
  3200K .......... .......... .......... .......... .......... 35% 69.3M 1s
  3250K .......... .......... .......... .......... .......... 35% 86.4M 1s
  3300K .......... .......... .......... .......... .......... 36%  113M 1s
  3350K .......... .......... .......... .......... .......... 36%  105M 1s
  3400K .......... .......... .......... .......... .......... 37% 2.01M 1s
  3450K .......... .......... .......... .......... .......... 37% 50.0M 1s
  3500K .......... .......... .......... .......... .......... 38% 91.8M 1s
  3550K .......... .......... .......... .......... .......... 38%  102M 1s
  3600K .......... .......... .......... .......... .......... 39% 72.1M 1s
  3650K .......... .......... .......... .......... .......... 39% 95.9M 1s
  3700K .......... .......... .......... .......... .......... 40% 99.5M 1s
  3750K .......... .......... .......... .......... .......... 41%  123M 1s
  3800K .......... .......... .......... .......... .......... 41% 1.98M 1s
  3850K .......... .......... .......... .......... .......... 42% 74.9M 1s
  3900K .......... .......... .......... .......... .......... 42% 83.7M 1s
  3950K .......... .......... .......... .......... .......... 43% 88.5M 1s
  4000K .......... .......... .......... .......... .......... 43% 96.5M 1s
  4050K .......... .......... .......... .......... .......... 44%  106M 1s
  4100K .......... .......... .......... .......... .......... 44% 90.7M 0s
  4150K .......... .......... .......... .......... .......... 45% 2.00M 1s
  4200K .......... .......... .......... .......... .......... 45% 60.9M 1s
  4250K .......... .......... .......... .......... .......... 46% 88.1M 0s
  4300K .......... .......... .......... .......... .......... 47% 97.2M 0s
  4350K .......... .......... .......... .......... .......... 47% 87.0M 0s
  4400K .......... .......... .......... .......... .......... 48%  102M 0s
  4450K .......... .......... .......... .......... .......... 48% 86.5M 0s
  4500K .......... .......... .......... .......... .......... 49%  111M 0s
  4550K .......... .......... .......... .......... .......... 49% 1.99M 0s
  4600K .......... .......... .......... .......... .......... 50% 58.3M 0s
  4650K .......... .......... .......... .......... .......... 50% 99.4M 0s
  4700K .......... .......... .......... .......... .......... 51% 81.4M 0s
  4750K .......... .......... .......... .......... .......... 51%  107M 0s
  4800K .......... .......... .......... .......... .......... 52% 90.7M 0s
  4850K .......... .......... .......... .......... .......... 52%  105M 0s
  4900K .......... .......... .......... .......... .......... 53% 14.8M 0s
  4950K .......... .......... .......... .......... .......... 54% 2.19M 0s
  5000K .......... .......... .......... .......... .......... 54% 55.8M 0s
  5050K .......... .......... .......... .......... .......... 55% 85.9M 0s
  5100K .......... .......... .......... .......... .......... 55% 81.7M 0s
  5150K .......... .......... .......... .......... .......... 56% 92.8M 0s
  5200K .......... .......... .......... .......... .......... 56% 85.9M 0s
  5250K .......... .......... .......... .......... .......... 57%  113M 0s
  5300K .......... .......... .......... .......... .......... 57% 2.07M 0s
  5350K .......... .......... .......... .......... .......... 58% 32.9M 0s
  5400K .......... .......... .......... .......... .......... 58% 61.5M 0s
  5450K .......... .......... .......... .......... .......... 59% 48.5M 0s
  5500K .......... .......... .......... .......... .......... 59% 81.1M 0s
  5550K .......... .......... .......... .......... .......... 60% 95.8M 0s
  5600K .......... .......... .......... .......... .......... 61% 70.2M 0s
  5650K .......... .......... .......... .......... .......... 61%  165M 0s
  5700K .......... .......... .......... .......... .......... 62% 2.05M 0s
  5750K .......... .......... .......... .......... .......... 62% 47.8M 0s
  5800K .......... .......... .......... .......... .......... 63% 84.6M 0s
  5850K .......... .......... .......... .......... .......... 63% 52.6M 0s
  5900K .......... .......... .......... .......... .......... 64% 92.1M 0s
  5950K .......... .......... .......... .......... .......... 64% 77.5M 0s
  6000K .......... .......... .......... .......... .......... 65% 99.4M 0s
  6050K .......... .......... .......... .......... .......... 65% 56.4M 0s
  6100K .......... .......... .......... .......... .......... 66% 2.07M 0s
  6150K .......... .......... .......... .......... .......... 67% 59.9M 0s
  6200K .......... .......... .......... .......... .......... 67% 51.8M 0s
  6250K .......... .......... .......... .......... .......... 68% 76.5M 0s
  6300K .......... .......... .......... .......... .......... 68% 80.3M 0s
  6350K .......... .......... .......... .......... .......... 69% 81.6M 0s
  6400K .......... .......... .......... .......... .......... 69%  125M 0s
  6450K .......... .......... .......... .......... .......... 70% 9.53M 0s
  6500K .......... .......... .......... .......... .......... 70% 2.49M 0s
  6550K .......... .......... .......... .......... .......... 71% 72.8M 0s
  6600K .......... .......... .......... .......... .......... 71% 52.8M 0s
  6650K .......... .......... .......... .......... .......... 72% 88.4M 0s
  6700K .......... .......... .......... .......... .......... 72% 83.2M 0s
  6750K .......... .......... .......... .......... .......... 73% 95.6M 0s
  6800K .......... .......... .......... .......... .......... 74% 68.4M 0s
  6850K .......... .......... .......... .......... .......... 74% 2.08M 0s
  6900K .......... .......... .......... .......... .......... 75% 52.6M 0s
  6950K .......... .......... .......... .......... .......... 75% 55.8M 0s
  7000K .......... .......... .......... .......... .......... 76% 63.6M 0s
  7050K .......... .......... .......... .......... .......... 76% 93.5M 0s
  7100K .......... .......... .......... .......... .......... 77% 78.8M 0s
  7150K .......... .......... .......... .......... .......... 77%  116M 0s
  7200K .......... .......... .......... .......... .......... 78% 29.0M 0s
  7250K .......... .......... .......... .......... .......... 78% 2.12M 0s
  7300K .......... .......... .......... .......... .......... 79% 79.7M 0s
  7350K .......... .......... .......... .......... .......... 79% 54.9M 0s
  7400K .......... .......... .......... .......... .......... 80% 69.2M 0s
  7450K .......... .......... .......... .......... .......... 81% 81.4M 0s
  7500K .......... .......... .......... .......... .......... 81% 95.4M 0s
  7550K .......... .......... .......... .......... .......... 82% 81.0M 0s
  7600K .......... .......... .......... .......... .......... 82% 11.1M 0s
  7650K .......... .......... .......... .......... .......... 83% 2.45M 0s
  7700K .......... .......... .......... .......... .......... 83% 53.9M 0s
  7750K .......... .......... .......... .......... .......... 84% 55.3M 0s
  7800K .......... .......... .......... .......... .......... 84% 73.2M 0s
  7850K .......... .......... .......... .......... .......... 85% 76.9M 0s
  7900K .......... .......... .......... .......... .......... 85%  125M 0s
  7950K .......... .......... .......... .......... .......... 86% 26.2M 0s
  8000K .......... .......... .......... .......... .......... 86% 16.2M 0s
  8050K .......... .......... .......... .......... .......... 87% 2.43M 0s
  8100K .......... .......... .......... .......... .......... 88% 64.8M 0s
  8150K .......... .......... .......... .......... .......... 88% 45.0M 0s
  8200K .......... .......... .......... .......... .......... 89% 81.1M 0s
  8250K .......... .......... .......... .......... .......... 89% 67.4M 0s
  8300K .......... .......... .......... .......... .......... 90% 26.9M 0s
  8350K .......... .......... .......... .......... .......... 90% 93.0M 0s
  8400K .......... .......... .......... .......... .......... 91% 12.0M 0s
  8450K .......... .......... .......... .......... .......... 91% 2.57M 0s
  8500K .......... .......... .......... .......... .......... 92% 94.8M 0s
  8550K .......... .......... .......... .......... .......... 92% 48.0M 0s
  8600K .......... .......... .......... .......... .......... 93% 89.2M 0s
  8650K .......... .......... .......... .......... .......... 94% 19.1M 0s
  8700K .......... .......... .......... .......... .......... 94% 17.8M 0s
  8750K .......... .......... .......... .......... .......... 95% 97.5M 0s
  8800K .......... .......... .......... .......... .......... 95% 2.51M 0s
  8850K .......... .......... .......... .......... .......... 96% 62.0M 0s
  8900K .......... .......... .......... .......... .......... 96% 73.9M 0s
  8950K .......... .......... .......... .......... .......... 97% 42.6M 0s
  9000K .......... .......... .......... .......... .......... 97% 61.9M 0s
  9050K .......... .......... .......... .......... .......... 98% 10.6M 0s
  9100K .......... .......... .......... .......... .......... 98% 82.4M 0s
  9150K .......... .......... .......... .......... .......... 99% 40.3M 0s
  9200K .......... .......... .......... .......... .......... 99% 2.62M 0s
  9250K ...                                                   100% 6417G=0.8s

2022-05-08 02:55:04 (11.4 MB/s) - ‘/root/process_mining/trips_tracing/stops.json’ saved [9475445/9475445]

--2022-05-08 02:55:04--  https://files.cloudgdansk.pl/d/otwarte-dane/ztm/baza-pojazdow.json?v=2
Resolving files.cloudgdansk.pl (files.cloudgdansk.pl)... 153.19.238.147
Connecting to files.cloudgdansk.pl (files.cloudgdansk.pl)|153.19.238.147|:443... connected.
HTTP request sent, awaiting response... 200 OK
Length: 279155 (273K) [application/json]
Saving to: ‘/root/process_mining/trips_tracing/baza-pojazdow.json’

     0K .......... .......... .......... .......... .......... 18% 1.73M 0s
    50K .......... .......... .......... .......... .......... 36% 1.74M 0s
   100K .......... .......... .......... .......... .......... 55% 96.2M 0s
   150K .......... .......... .......... .......... .......... 73%  206M 0s
   200K .......... .......... .......... .......... .......... 91% 1.76M 0s
   250K .......... .......... ..                              100%  198M=0.08s

2022-05-08 02:55:05 (3.13 MB/s) - ‘/root/process_mining/trips_tracing/baza-pojazdow.json’ saved [279155/279155]

