--2022-05-09 02:55:01--  https://ckan.multimediagdansk.pl/dataset/c24aa637-3619-4dc2-a171-a23eec8f2172/resource/3115d29d-b763-4af5-93f6-763b835967d6/download/stopsintrip.json
Resolving ckan.multimediagdansk.pl (ckan.multimediagdansk.pl)... 91.244.248.30
Connecting to ckan.multimediagdansk.pl (ckan.multimediagdansk.pl)|91.244.248.30|:443... connected.
HTTP request sent, awaiting response... 200 OK
Length: 29571878 (28M) [application/json]
Saving to: ‘/root/process_mining/trips_tracing/stopsintrip.json’

     0K .......... .......... .......... .......... ..........  0%  875K 33s
    50K .......... .......... .......... .......... ..........  0% 1.72M 25s
   100K .......... .......... .......... .......... ..........  0% 60.8M 17s
   150K .......... .......... .......... .......... ..........  0% 75.5M 12s
   200K .......... .......... .......... .......... ..........  0% 1.75M 13s
   250K .......... .......... .......... .......... ..........  1% 60.0M 11s
   300K .......... .......... .......... .......... ..........  1% 98.7M 9s
   350K .......... .......... .......... .......... ..........  1%  121M 8s
   400K .......... .......... .......... .......... ..........  1% 1.84M 9s
   450K .......... .......... .......... .......... ..........  1% 68.8M 8s
   500K .......... .......... .......... .......... ..........  1% 63.0M 7s
   550K .......... .......... .......... .......... ..........  2% 61.0M 7s
   600K .......... .......... .......... .......... ..........  2% 60.1M 6s
   650K .......... .......... .......... .......... ..........  2% 82.5M 6s
   700K .......... .......... .......... .......... ..........  2%  132M 6s
   750K .......... .......... .......... .......... ..........  2%  145M 5s
   800K .......... .......... .......... .......... ..........  2%  158M 5s
   850K .......... .......... .......... .......... ..........  3% 2.03M 5s
   900K .......... .......... .......... .......... ..........  3% 58.2M 5s
   950K .......... .......... .......... .......... ..........  3% 61.9M 5s
  1000K .......... .......... .......... .......... ..........  3% 70.8M 5s
  1050K .......... .......... .......... .......... ..........  3% 69.8M 4s
  1100K .......... .......... .......... .......... ..........  3% 65.6M 4s
  1150K .......... .......... .......... .......... ..........  4% 78.4M 4s
  1200K .......... .......... .......... .......... ..........  4% 49.8M 4s
  1250K .......... .......... .......... .......... ..........  4% 62.1M 4s
  1300K .......... .......... .......... .......... ..........  4% 82.8M 4s
  1350K .......... .......... .......... .......... ..........  4% 52.5M 4s
  1400K .......... .......... .......... .......... ..........  5%  154M 3s
  1450K .......... .......... .......... .......... ..........  5%  130M 3s
  1500K .......... .......... .......... .......... ..........  5%  151M 3s
  1550K .......... .......... .......... .......... ..........  5%  155M 3s
  1600K .......... .......... .......... .......... ..........  5%  126M 3s
  1650K .......... .......... .......... .......... ..........  5%  155M 3s
  1700K .......... .......... .......... .......... ..........  6%  134M 3s
  1750K .......... .......... .......... .......... ..........  6% 2.57M 3s
  1800K .......... .......... .......... .......... ..........  6% 78.6M 3s
  1850K .......... .......... .......... .......... ..........  6% 75.5M 3s
  1900K .......... .......... .......... .......... ..........  6% 74.3M 3s
  1950K .......... .......... .......... .......... ..........  6% 70.0M 3s
  2000K .......... .......... .......... .......... ..........  7% 81.5M 3s
  2050K .......... .......... .......... .......... ..........  7% 81.6M 3s
  2100K .......... .......... .......... .......... ..........  7% 73.0M 3s
  2150K .......... .......... .......... .......... ..........  7% 84.2M 2s
  2200K .......... .......... .......... .......... ..........  7% 68.4M 2s
  2250K .......... .......... .......... .......... ..........  7% 85.0M 2s
  2300K .......... .......... .......... .......... ..........  8% 82.4M 2s
  2350K .......... .......... .......... .......... ..........  8% 87.7M 2s
  2400K .......... .......... .......... .......... ..........  8% 83.7M 2s
  2450K .......... .......... .......... .......... ..........  8% 70.9M 2s
  2500K .......... .......... .......... .......... ..........  8% 80.7M 2s
  2550K .......... .......... .......... .......... ..........  9% 75.5M 2s
  2600K .......... .......... .......... .......... ..........  9% 47.2M 2s
  2650K .......... .......... .......... .......... ..........  9% 79.8M 2s
  2700K .......... .......... .......... .......... ..........  9% 58.0M 2s
  2750K .......... .......... .......... .......... ..........  9% 91.7M 2s
  2800K .......... .......... .......... .......... ..........  9%  120M 2s
  2850K .......... .......... .......... .......... .......... 10%  105M 2s
  2900K .......... .......... .......... .......... .......... 10%  123M 2s
  2950K .......... .......... .......... .......... .......... 10%  109M 2s
  3000K .......... .......... .......... .......... .......... 10%  134M 2s
  3050K .......... .......... .......... .......... .......... 10%  125M 2s
  3100K .......... .......... .......... .......... .......... 10% 98.3M 2s
  3150K .......... .......... .......... .......... .......... 11%  123M 2s
  3200K .......... .......... .......... .......... .......... 11%  113M 2s
  3250K .......... .......... .......... .......... .......... 11%  115M 2s
  3300K .......... .......... .......... .......... .......... 11%  129M 2s
  3350K .......... .......... .......... .......... .......... 11%  106M 2s
  3400K .......... .......... .......... .......... .......... 11%  148M 2s
  3450K .......... .......... .......... .......... .......... 12% 26.3M 2s
  3500K .......... .......... .......... .......... .......... 12% 6.00M 2s
  3550K .......... .......... .......... .......... .......... 12% 85.8M 2s
  3600K .......... .......... .......... .......... .......... 12% 86.4M 2s
  3650K .......... .......... .......... .......... .......... 12% 79.0M 2s
  3700K .......... .......... .......... .......... .......... 12% 68.6M 2s
  3750K .......... .......... .......... .......... .......... 13% 78.1M 2s
  3800K .......... .......... .......... .......... .......... 13%  107M 2s
  3850K .......... .......... .......... .......... .......... 13%  118M 1s
  3900K .......... .......... .......... .......... .......... 13%  129M 1s
  3950K .......... .......... .......... .......... .......... 13% 32.6M 1s
  4000K .......... .......... .......... .......... .......... 14% 32.5M 1s
  4050K .......... .......... .......... .......... .......... 14% 31.0M 1s
  4100K .......... .......... .......... .......... .......... 14% 27.3M 1s
  4150K .......... .......... .......... .......... .......... 14% 31.8M 1s
  4200K .......... .......... .......... .......... .......... 14% 26.5M 1s
  4250K .......... .......... .......... .......... .......... 14% 33.0M 1s
  4300K .......... .......... .......... .......... .......... 15% 33.5M 1s
  4350K .......... .......... .......... .......... .......... 15% 28.6M 1s
  4400K .......... .......... .......... .......... .......... 15% 36.7M 1s
  4450K .......... .......... .......... .......... .......... 15% 29.8M 1s
  4500K .......... .......... .......... .......... .......... 15% 23.5M 1s
  4550K .......... .......... .......... .......... .......... 15% 43.0M 1s
  4600K .......... .......... .......... .......... .......... 16% 49.1M 1s
  4650K .......... .......... .......... .......... .......... 16% 34.5M 1s
  4700K .......... .......... .......... .......... .......... 16% 27.8M 1s
  4750K .......... .......... .......... .......... .......... 16% 30.1M 1s
  4800K .......... .......... .......... .......... .......... 16% 31.0M 1s
  4850K .......... .......... .......... .......... .......... 16% 28.0M 1s
  4900K .......... .......... .......... .......... .......... 17% 31.8M 1s
  4950K .......... .......... .......... .......... .......... 17% 27.8M 1s
  5000K .......... .......... .......... .......... .......... 17% 32.6M 1s
  5050K .......... .......... .......... .......... .......... 17% 32.8M 1s
  5100K .......... .......... .......... .......... .......... 17% 28.0M 1s
  5150K .......... .......... .......... .......... .......... 18% 31.6M 1s
  5200K .......... .......... .......... .......... .......... 18% 28.4M 1s
  5250K .......... .......... .......... .......... .......... 18% 32.5M 1s
  5300K .......... .......... .......... .......... .......... 18% 33.8M 1s
  5350K .......... .......... .......... .......... .......... 18% 26.7M 1s
  5400K .......... .......... .......... .......... .......... 18% 33.0M 1s
  5450K .......... .......... .......... .......... .......... 19% 29.6M 1s
  5500K .......... .......... .......... .......... .......... 19% 29.5M 1s
  5550K .......... .......... .......... .......... .......... 19% 30.4M 1s
  5600K .......... .......... .......... .......... .......... 19% 34.4M 1s
  5650K .......... .......... .......... .......... .......... 19% 25.8M 1s
  5700K .......... .......... .......... .......... .......... 19% 27.7M 1s
  5750K .......... .......... .......... .......... .......... 20% 45.6M 1s
  5800K .......... .......... .......... .......... .......... 20% 32.1M 1s
  5850K .......... .......... .......... .......... .......... 20% 28.2M 1s
  5900K .......... .......... .......... .......... .......... 20% 30.1M 1s
  5950K .......... .......... .......... .......... .......... 20% 28.9M 1s
  6000K .......... .......... .......... .......... .......... 20% 31.0M 1s
  6050K .......... .......... .......... .......... .......... 21% 29.3M 1s
  6100K .......... .......... .......... .......... .......... 21% 29.4M 1s
  6150K .......... .......... .......... .......... .......... 21% 31.8M 1s
  6200K .......... .......... .......... .......... .......... 21% 28.9M 1s
  6250K .......... .......... .......... .......... .......... 21% 33.2M 1s
  6300K .......... .......... .......... .......... .......... 21% 33.2M 1s
  6350K .......... .......... .......... .......... .......... 22% 29.1M 1s
  6400K .......... .......... .......... .......... .......... 22% 32.3M 1s
  6450K .......... .......... .......... .......... .......... 22% 27.6M 1s
  6500K .......... .......... .......... .......... .......... 22% 29.7M 1s
  6550K .......... .......... .......... .......... .......... 22% 36.1M 1s
  6600K .......... .......... .......... .......... .......... 23% 31.0M 1s
  6650K .......... .......... .......... .......... .......... 23% 31.9M 1s
  6700K .......... .......... .......... .......... .......... 23% 28.7M 1s
  6750K .......... .......... .......... .......... .......... 23% 29.9M 1s
  6800K .......... .......... .......... .......... .......... 23% 36.3M 1s
  6850K .......... .......... .......... .......... .......... 23% 29.5M 1s
  6900K .......... .......... .......... .......... .......... 24% 29.5M 1s
  6950K .......... .......... .......... .......... .......... 24% 30.1M 1s
  7000K .......... .......... .......... .......... .......... 24% 34.5M 1s
  7050K .......... .......... .......... .......... .......... 24% 30.4M 1s
  7100K .......... .......... .......... .......... .......... 24% 24.8M 1s
  7150K .......... .......... .......... .......... .......... 24% 32.0M 1s
  7200K .......... .......... .......... .......... .......... 25% 29.6M 1s
  7250K .......... .......... .......... .......... .......... 25% 40.4M 1s
  7300K .......... .......... .......... .......... .......... 25% 27.7M 1s
  7350K .......... .......... .......... .......... .......... 25% 33.7M 1s
  7400K .......... .......... .......... .......... .......... 25% 32.3M 1s
  7450K .......... .......... .......... .......... .......... 25% 27.8M 1s
  7500K .......... .......... .......... .......... .......... 26% 32.8M 1s
  7550K .......... .......... .......... .......... .......... 26% 33.4M 1s
  7600K .......... .......... .......... .......... .......... 26% 29.3M 1s
  7650K .......... .......... .......... .......... .......... 26% 32.5M 1s
  7700K .......... .......... .......... .......... .......... 26% 28.4M 1s
  7750K .......... .......... .......... .......... .......... 27% 26.4M 1s
  7800K .......... .......... .......... .......... .......... 27% 40.3M 1s
  7850K .......... .......... .......... .......... .......... 27% 24.8M 1s
  7900K .......... .......... .......... .......... .......... 27% 35.9M 1s
  7950K .......... .......... .......... .......... .......... 27% 30.9M 1s
  8000K .......... .......... .......... .......... .......... 27% 35.3M 1s
  8050K .......... .......... .......... .......... .......... 28% 25.4M 1s
  8100K .......... .......... .......... .......... .......... 28% 34.5M 1s
  8150K .......... .......... .......... .......... .......... 28% 26.6M 1s
  8200K .......... .......... .......... .......... .......... 28% 40.8M 1s
  8250K .......... .......... .......... .......... .......... 28% 33.7M 1s
  8300K .......... .......... .......... .......... .......... 28% 21.5M 1s
  8350K .......... .......... .......... .......... .......... 29% 52.2M 1s
  8400K .......... .......... .......... .......... .......... 29% 30.9M 1s
  8450K .......... .......... .......... .......... .......... 29% 28.2M 1s
  8500K .......... .......... .......... .......... .......... 29% 32.7M 1s
  8550K .......... .......... .......... .......... .......... 29% 30.3M 1s
  8600K .......... .......... .......... .......... .......... 29% 31.7M 1s
  8650K .......... .......... .......... .......... .......... 30% 33.4M 1s
  8700K .......... .......... .......... .......... .......... 30% 29.1M 1s
  8750K .......... .......... .......... .......... .......... 30% 30.9M 1s
  8800K .......... .......... .......... .......... .......... 30% 34.7M 1s
  8850K .......... .......... .......... .......... .......... 30% 28.7M 1s
  8900K .......... .......... .......... .......... .......... 30% 32.9M 1s
  8950K .......... .......... .......... .......... .......... 31% 28.8M 1s
  9000K .......... .......... .......... .......... .......... 31% 31.1M 1s
  9050K .......... .......... .......... .......... .......... 31% 33.8M 1s
  9100K .......... .......... .......... .......... .......... 31% 24.0M 1s
  9150K .......... .......... .......... .......... .......... 31% 40.1M 1s
  9200K .......... .......... .......... .......... .......... 32% 27.7M 1s
  9250K .......... .......... .......... .......... .......... 32% 27.7M 1s
  9300K .......... .......... .......... .......... .......... 32% 41.9M 1s
  9350K .......... .......... .......... .......... .......... 32% 29.6M 1s
  9400K .......... .......... .......... .......... .......... 32% 33.8M 1s
  9450K .......... .......... .......... .......... .......... 32% 28.0M 1s
  9500K .......... .......... .......... .......... .......... 33% 33.9M 1s
  9550K .......... .......... .......... .......... .......... 33% 29.0M 1s
  9600K .......... .......... .......... .......... .......... 33% 30.3M 1s
  9650K .......... .......... .......... .......... .......... 33% 33.1M 1s
  9700K .......... .......... .......... .......... .......... 33% 27.9M 1s
  9750K .......... .......... .......... .......... .......... 33% 32.7M 1s
  9800K .......... .......... .......... .......... .......... 34% 27.8M 1s
  9850K .......... .......... .......... .......... .......... 34% 32.3M 1s
  9900K .......... .......... .......... .......... .......... 34% 33.4M 1s
  9950K .......... .......... .......... .......... .......... 34% 20.5M 1s
 10000K .......... .......... .......... .......... .......... 34% 56.5M 1s
 10050K .......... .......... .......... .......... .......... 34% 35.0M 1s
 10100K .......... .......... .......... .......... .......... 35% 29.1M 1s
 10150K .......... .......... .......... .......... .......... 35% 26.7M 1s
 10200K .......... .......... .......... .......... .......... 35% 29.5M 1s
 10250K .......... .......... .......... .......... .......... 35% 26.5M 1s
 10300K .......... .......... .......... .......... .......... 35% 52.3M 1s
 10350K .......... .......... .......... .......... .......... 36% 28.6M 1s
 10400K .......... .......... .......... .......... .......... 36% 32.7M 1s
 10450K .......... .......... .......... .......... .......... 36% 28.8M 1s
 10500K .......... .......... .......... .......... .......... 36% 33.8M 1s
 10550K .......... .......... .......... .......... .......... 36% 32.3M 1s
 10600K .......... .......... .......... .......... .......... 36% 29.2M 1s
 10650K .......... .......... .......... .......... .......... 37% 33.1M 1s
 10700K .......... .......... .......... .......... .......... 37% 28.2M 1s
 10750K .......... .......... .......... .......... .......... 37% 29.6M 1s
 10800K .......... .......... .......... .......... .......... 37% 36.5M 1s
 10850K .......... .......... .......... .......... .......... 37% 28.6M 1s
 10900K .......... .......... .......... .......... .......... 37% 32.9M 1s
 10950K .......... .......... .......... .......... .......... 38% 25.6M 1s
 11000K .......... .......... .......... .......... .......... 38% 31.7M 1s
 11050K .......... .......... .......... .......... .......... 38% 37.8M 1s
 11100K .......... .......... .......... .......... .......... 38% 19.5M 1s
 11150K .......... .......... .......... .......... .......... 38% 30.1M 1s
 11200K .......... .......... .......... .......... .......... 38% 32.8M 1s
 11250K .......... .......... .......... .......... .......... 39% 32.9M 1s
 11300K .......... .......... .......... .......... .......... 39% 33.6M 1s
 11350K .......... .......... .......... .......... .......... 39% 31.8M 1s
 11400K .......... .......... .......... .......... .......... 39% 36.2M 1s
 11450K .......... .......... .......... .......... .......... 39% 30.1M 1s
 11500K .......... .......... .......... .......... .......... 39% 35.3M 1s
 11550K .......... .......... .......... .......... .......... 40% 36.0M 1s
 11600K .......... .......... .......... .......... .......... 40% 27.2M 1s
 11650K .......... .......... .......... .......... .......... 40% 41.9M 1s
 11700K .......... .......... .......... .......... .......... 40% 27.9M 1s
 11750K .......... .......... .......... .......... .......... 40% 40.4M 1s
 11800K .......... .......... .......... .......... .......... 41% 36.5M 1s
 11850K .......... .......... .......... .......... .......... 41% 29.5M 1s
 11900K .......... .......... .......... .......... .......... 41% 35.9M 1s
 11950K .......... .......... .......... .......... .......... 41% 24.1M 1s
 12000K .......... .......... .......... .......... .......... 41% 44.6M 1s
 12050K .......... .......... .......... .......... .......... 41% 35.2M 1s
 12100K .......... .......... .......... .......... .......... 42% 31.6M 1s
 12150K .......... .......... .......... .......... .......... 42% 37.9M 1s
 12200K .......... .......... .......... .......... .......... 42% 27.4M 1s
 12250K .......... .......... .......... .......... .......... 42% 41.5M 1s
 12300K .......... .......... .......... .......... .......... 42% 36.9M 1s
 12350K .......... .......... .......... .......... .......... 42% 30.3M 1s
 12400K .......... .......... .......... .......... .......... 43% 36.3M 1s
 12450K .......... .......... .......... .......... .......... 43% 29.6M 1s
 12500K .......... .......... .......... .......... .......... 43% 37.1M 1s
 12550K .......... .......... .......... .......... .......... 43% 34.4M 1s
 12600K .......... .......... .......... .......... .......... 43% 30.4M 1s
 12650K .......... .......... .......... .......... .......... 43% 35.0M 1s
 12700K .......... .......... .......... .......... .......... 44% 24.1M 1s
 12750K .......... .......... .......... .......... .......... 44% 29.9M 1s
 12800K .......... .......... .......... .......... .......... 44% 75.9M 1s
 12850K .......... .......... .......... .......... .......... 44% 30.2M 1s
 12900K .......... .......... .......... .......... .......... 44% 35.8M 1s
 12950K .......... .......... .......... .......... .......... 45% 29.6M 1s
 13000K .......... .......... .......... .......... .......... 45% 33.2M 1s
 13050K .......... .......... .......... .......... .......... 45% 39.9M 1s
 13100K .......... .......... .......... .......... .......... 45% 29.9M 1s
 13150K .......... .......... .......... .......... .......... 45% 30.2M 1s
 13200K .......... .......... .......... .......... .......... 45% 37.2M 1s
 13250K .......... .......... .......... .......... .......... 46% 35.9M 1s
 13300K .......... .......... .......... .......... .......... 46% 24.9M 1s
 13350K .......... .......... .......... .......... .......... 46% 45.1M 1s
 13400K .......... .......... .......... .......... .......... 46% 35.9M 1s
 13450K .......... .......... .......... .......... .......... 46% 30.7M 1s
 13500K .......... .......... .......... .......... .......... 46% 34.3M 1s
 13550K .......... .......... .......... .......... .......... 47% 35.5M 1s
 13600K .......... .......... .......... .......... .......... 47% 30.3M 1s
 13650K .......... .......... .......... .......... .......... 47% 35.6M 1s
 13700K .......... .......... .......... .......... .......... 47% 30.7M 1s
 13750K .......... .......... .......... .......... .......... 47% 35.2M 1s
 13800K .......... .......... .......... .......... .......... 47% 25.2M 1s
 13850K .......... .......... .......... .......... .......... 48% 43.1M 1s
 13900K .......... .......... .......... .......... .......... 48% 36.1M 1s
 13950K .......... .......... .......... .......... .......... 48% 30.0M 1s
 14000K .......... .......... .......... .......... .......... 48% 30.2M 1s
 14050K .......... .......... .......... .......... .......... 48% 45.0M 1s
 14100K .......... .......... .......... .......... .......... 48% 30.6M 1s
 14150K .......... .......... .......... .......... .......... 49% 36.1M 1s
 14200K .......... .......... .......... .......... .......... 49% 30.3M 1s
 14250K .......... .......... .......... .......... .......... 49% 33.6M 1s
 14300K .......... .......... .......... .......... .......... 49% 36.0M 1s
 14350K .......... .......... .......... .......... .......... 49% 24.0M 1s
 14400K .......... .......... .......... .......... .......... 50% 51.5M 1s
 14450K .......... .......... .......... .......... .......... 50% 23.8M 1s
 14500K .......... .......... .......... .......... .......... 50% 50.4M 1s
 14550K .......... .......... .......... .......... .......... 50% 34.4M 1s
 14600K .......... .......... .......... .......... .......... 50% 29.3M 1s
 14650K .......... .......... .......... .......... .......... 50% 36.8M 1s
 14700K .......... .......... .......... .......... .......... 51% 29.7M 1s
 14750K .......... .......... .......... .......... .......... 51% 36.6M 1s
 14800K .......... .......... .......... .......... .......... 51% 35.3M 1s
 14850K .......... .......... .......... .......... .......... 51% 30.9M 1s
 14900K .......... .......... .......... .......... .......... 51% 29.4M 1s
 14950K .......... .......... .......... .......... .......... 51% 33.2M 1s
 15000K .......... .......... .......... .......... .......... 52% 33.8M 1s
 15050K .......... .......... .......... .......... .......... 52% 38.5M 1s
 15100K .......... .......... .......... .......... .......... 52% 28.0M 1s
 15150K .......... .......... .......... .......... .......... 52% 34.4M 1s
 15200K .......... .......... .......... .......... .......... 52% 30.2M 1s
 15250K .......... .......... .......... .......... .......... 52% 36.0M 1s
 15300K .......... .......... .......... .......... .......... 53% 18.7M 1s
 15350K .......... .......... .......... .......... .......... 53% 83.4M 1s
 15400K .......... .......... .......... .......... .......... 53% 42.7M 1s
 15450K .......... .......... .......... .......... .......... 53% 31.2M 1s
 15500K .......... .......... .......... .......... .......... 53% 33.6M 1s
 15550K .......... .......... .......... .......... .......... 54% 36.3M 1s
 15600K .......... .......... .......... .......... .......... 54% 31.2M 1s
 15650K .......... .......... .......... .......... .......... 54% 34.7M 1s
 15700K .......... .......... .......... .......... .......... 54% 31.4M 0s
 15750K .......... .......... .......... .......... .......... 54% 34.0M 0s
 15800K .......... .......... .......... .......... .......... 54% 34.9M 0s
 15850K .......... .......... .......... .......... .......... 55% 29.6M 0s
 15900K .......... .......... .......... .......... .......... 55% 33.6M 0s
 15950K .......... .......... .......... .......... .......... 55% 28.5M 0s
 16000K .......... .......... .......... .......... .......... 55% 21.9M 0s
 16050K .......... .......... .......... .......... .......... 55% 58.1M 0s
 16100K .......... .......... .......... .......... .......... 55% 33.3M 0s
 16150K .......... .......... .......... .......... .......... 56% 36.6M 0s
 16200K .......... .......... .......... .......... .......... 56% 29.0M 0s
 16250K .......... .......... .......... .......... .......... 56% 36.6M 0s
 16300K .......... .......... .......... .......... .......... 56% 34.7M 0s
 16350K .......... .......... .......... .......... .......... 56% 30.1M 0s
 16400K .......... .......... .......... .......... .......... 56% 33.3M 0s
 16450K .......... .......... .......... .......... .......... 57% 32.9M 0s
 16500K .......... .......... .......... .......... .......... 57% 35.7M 0s
 16550K .......... .......... .......... .......... .......... 57% 35.6M 0s
 16600K .......... .......... .......... .......... .......... 57% 30.4M 0s
 16650K .......... .......... .......... .......... .......... 57% 37.0M 0s
 16700K .......... .......... .......... .......... .......... 58% 30.9M 0s
 16750K .......... .......... .......... .......... .......... 58% 33.4M 0s
 16800K .......... .......... .......... .......... .......... 58% 36.9M 0s
 16850K .......... .......... .......... .......... .......... 58% 31.1M 0s
 16900K .......... .......... .......... .......... .......... 58% 35.5M 0s
 16950K .......... .......... .......... .......... .......... 58% 31.8M 0s
 17000K .......... .......... .......... .......... .......... 59% 34.7M 0s
 17050K .......... .......... .......... .......... .......... 59% 34.4M 0s
 17100K .......... .......... .......... .......... .......... 59% 32.7M 0s
 17150K .......... .......... .......... .......... .......... 59% 36.7M 0s
 17200K .......... .......... .......... .......... .......... 59% 30.7M 0s
 17250K .......... .......... .......... .......... .......... 59% 36.8M 0s
 17300K .......... .......... .......... .......... .......... 60% 35.0M 0s
 17350K .......... .......... .......... .......... .......... 60% 31.3M 0s
 17400K .......... .......... .......... .......... .......... 60% 37.0M 0s
 17450K .......... .......... .......... .......... .......... 60% 30.2M 0s
 17500K .......... .......... .......... .......... .......... 60% 32.8M 0s
 17550K .......... .......... .......... .......... .......... 60% 40.8M 0s
 17600K .......... .......... .......... .......... .......... 61% 30.9M 0s
 17650K .......... .......... .......... .......... .......... 61% 35.4M 0s
 17700K .......... .......... .......... .......... .......... 61% 30.2M 0s
 17750K .......... .......... .......... .......... .......... 61% 35.2M 0s
 17800K .......... .......... .......... .......... .......... 61% 33.8M 0s
 17850K .......... .......... .......... .......... .......... 61% 19.9M 0s
 17900K .......... .......... .......... .......... .......... 62% 32.7M 0s
 17950K .......... .......... .......... .......... .......... 62% 26.6M 0s
 18000K .......... .......... .......... .......... .......... 62% 32.8M 0s
 18050K .......... .......... .......... .......... .......... 62% 25.4M 0s
 18100K .......... .......... .......... .......... .......... 62% 25.4M 0s
 18150K .......... .......... .......... .......... .......... 63% 37.6M 0s
 18200K .......... .......... .......... .......... .......... 63% 27.9M 0s
 18250K .......... .......... .......... .......... .......... 63% 25.8M 0s
 18300K .......... .......... .......... .......... .......... 63% 34.2M 0s
 18350K .......... .......... .......... .......... .......... 63% 26.6M 0s
 18400K .......... .......... .......... .......... .......... 63% 31.8M 0s
 18450K .......... .......... .......... .......... .......... 64% 18.8M 0s
 18500K .......... .......... .......... .......... .......... 64% 37.8M 0s
 18550K .......... .......... .......... .......... .......... 64%  464K 0s
 18600K .......... .......... .......... .......... .......... 64%  128M 0s
 18650K .......... .......... .......... .......... .......... 64%  143M 0s
 18700K .......... .......... .......... .......... .......... 64%  147M 0s
 18750K .......... .......... .......... .......... .......... 65% 96.3M 0s
 18800K .......... .......... .......... .......... .......... 65%  152M 0s
 18850K .......... .......... .......... .......... .......... 65%  104M 0s
 18900K .......... .......... .......... .......... .......... 65%  156M 0s
 18950K .......... .......... .......... .......... .......... 65%  129M 0s
 19000K .......... .......... .......... .......... .......... 65%  126M 0s
 19050K .......... .......... .......... .......... .......... 66%  158M 0s
 19100K .......... .......... .......... .......... .......... 66% 84.8M 0s
 19150K .......... .......... .......... .......... .......... 66%  161M 0s
 19200K .......... .......... .......... .......... .......... 66%  153M 0s
 19250K .......... .......... .......... .......... .......... 66%  128M 0s
 19300K .......... .......... .......... .......... .......... 67%  119M 0s
 19350K .......... .......... .......... .......... .......... 67%  129M 0s
 19400K .......... .......... .......... .......... .......... 67%  147M 0s
 19450K .......... .......... .......... .......... .......... 67%  139M 0s
 19500K .......... .......... .......... .......... .......... 67%  129M 0s
 19550K .......... .......... .......... .......... .......... 67%  142M 0s
 19600K .......... .......... .......... .......... .......... 68% 22.5M 0s
 19650K .......... .......... .......... .......... .......... 68% 26.1M 0s
 19700K .......... .......... .......... .......... .......... 68% 12.5M 0s
 19750K .......... .......... .......... .......... .......... 68% 9.62M 0s
 19800K .......... .......... .......... .......... .......... 68%  139M 0s
 19850K .......... .......... .......... .......... .......... 68% 8.72M 0s
 19900K .......... .......... .......... .......... .......... 69% 4.52M 0s
 19950K .......... .......... .......... .......... .......... 69% 12.0M 0s
 20000K .......... .......... .......... .......... .......... 69% 24.3M 0s
 20050K .......... .......... .......... .......... .......... 69% 9.28M 0s
 20100K .......... .......... .......... .......... .......... 69% 6.13M 0s
 20150K .......... .......... .......... .......... .......... 69% 17.0M 0s
 20200K .......... .......... .......... .......... .......... 70% 1.41M 0s
 20250K .......... .......... .......... .......... .......... 70% 34.1M 0s
 20300K .......... .......... .......... .......... .......... 70% 13.0M 0s
 20350K .......... .......... .......... .......... .......... 70% 33.3M 0s
 20400K .......... .......... .......... .......... .......... 70%  143M 0s
 20450K .......... .......... .......... .......... .......... 70%  162M 0s
 20500K .......... .......... .......... .......... .......... 71% 4.61M 0s
 20550K .......... .......... .......... .......... .......... 71% 7.12M 0s
 20600K .......... .......... .......... .......... .......... 71%  114M 0s
 20650K .......... .......... .......... .......... .......... 71% 1.29M 0s
 20700K .......... .......... .......... .......... .......... 71%  130M 0s
 20750K .......... .......... .......... .......... .......... 72%  105M 0s
 20800K .......... .......... .......... .......... .......... 72%  147M 0s
 20850K .......... .......... .......... .......... .......... 72%  118M 0s
 20900K .......... .......... .......... .......... .......... 72%  123M 0s
 20950K .......... .......... .......... .......... .......... 72%  135M 0s
 21000K .......... .......... .......... .......... .......... 72%  112M 0s
 21050K .......... .......... .......... .......... .......... 73%  142M 0s
 21100K .......... .......... .......... .......... .......... 73%  119M 0s
 21150K .......... .......... .......... .......... .......... 73%  134M 0s
 21200K .......... .......... .......... .......... .......... 73%  134M 0s
 21250K .......... .......... .......... .......... .......... 73%  121M 0s
 21300K .......... .......... .......... .......... .......... 73%  143M 0s
 21350K .......... .......... .......... .......... .......... 74%  126M 0s
 21400K .......... .......... .......... .......... .......... 74%  779K 0s
 21450K .......... .......... .......... .......... .......... 74%  117M 0s
 21500K .......... .......... .......... .......... .......... 74%  127M 0s
 21550K .......... .......... .......... .......... .......... 74%  127M 0s
 21600K .......... .......... .......... .......... .......... 74%  104M 0s
 21650K .......... .......... .......... .......... .......... 75%  143M 0s
 21700K .......... .......... .......... .......... .......... 75%  104M 0s
 21750K .......... .......... .......... .......... .......... 75%  115M 0s
 21800K .......... .......... .......... .......... .......... 75%  137M 0s
 21850K .......... .......... .......... .......... .......... 75%  124M 0s
 21900K .......... .......... .......... .......... .......... 76%  135M 0s
 21950K .......... .......... .......... .......... .......... 76%  131M 0s
 22000K .......... .......... .......... .......... .......... 76%  127M 0s
 22050K .......... .......... .......... .......... .......... 76%  133M 0s
 22100K .......... .......... .......... .......... .......... 76% 2.32M 0s
 22150K .......... .......... .......... .......... .......... 76%  138M 0s
 22200K .......... .......... .......... .......... .......... 77%  135M 0s
 22250K .......... .......... .......... .......... .......... 77%  105M 0s
 22300K .......... .......... .......... .......... .......... 77%  144M 0s
 22350K .......... .......... .......... .......... .......... 77%  115M 0s
 22400K .......... .......... .......... .......... .......... 77%  135M 0s
 22450K .......... .......... .......... .......... .......... 77%  119M 0s
 22500K .......... .......... .......... .......... .......... 78%  124M 0s
 22550K .......... .......... .......... .......... .......... 78% 5.65M 0s
 22600K .......... .......... .......... .......... .......... 78% 17.9M 0s
 22650K .......... .......... .......... .......... .......... 78% 8.72M 0s
 22700K .......... .......... .......... .......... .......... 78%  144M 0s
 22750K .......... .......... .......... .......... .......... 78% 5.94M 0s
 22800K .......... .......... .......... .......... .......... 79%  792K 0s
 22850K .......... .......... .......... .......... .......... 79%  118M 0s
 22900K .......... .......... .......... .......... .......... 79%  144M 0s
 22950K .......... .......... .......... .......... .......... 79%  150M 0s
 23000K .......... .......... .......... .......... .......... 79%  126M 0s
 23050K .......... .......... .......... .......... .......... 79%  156M 0s
 23100K .......... .......... .......... .......... .......... 80%  118M 0s
 23150K .......... .......... .......... .......... .......... 80%  108M 0s
 23200K .......... .......... .......... .......... .......... 80%  156M 0s
 23250K .......... .......... .......... .......... .......... 80%  113M 0s
 23300K .......... .......... .......... .......... .......... 80% 5.60M 0s
 23350K .......... .......... .......... .......... .......... 81%  123M 0s
 23400K .......... .......... .......... .......... .......... 81%  154M 0s
 23450K .......... .......... .......... .......... .......... 81%  122M 0s
 23500K .......... .......... .......... .......... .......... 81%  128M 0s
 23550K .......... .......... .......... .......... .......... 81%  158M 0s
 23600K .......... .......... .......... .......... .......... 81% 74.4M 0s
 23650K .......... .......... .......... .......... .......... 82%  153M 0s
 23700K .......... .......... .......... .......... .......... 82%  151M 0s
 23750K .......... .......... .......... .......... .......... 82%  122M 0s
 23800K .......... .......... .......... .......... .......... 82% 6.32M 0s
 23850K .......... .......... .......... .......... .......... 82% 11.0M 0s
 23900K .......... .......... .......... .......... .......... 82% 6.25M 0s
 23950K .......... .......... .......... .......... .......... 83% 14.5M 0s
 24000K .......... .......... .......... .......... .......... 83%  106M 0s
 24050K .......... .......... .......... .......... .......... 83% 7.38M 0s
 24100K .......... .......... .......... .......... .......... 83% 11.4M 0s
 24150K .......... .......... .......... .......... .......... 83% 1.51M 0s
 24200K .......... .......... .......... .......... .......... 83%  145M 0s
 24250K .......... .......... .......... .......... .......... 84%  122M 0s
 24300K .......... .......... .......... .......... .......... 84% 3.50M 0s
 24350K .......... .......... .......... .......... .......... 84%  118M 0s
 24400K .......... .......... .......... .......... .......... 84% 6.55M 0s
 24450K .......... .......... .......... .......... .......... 84%  148M 0s
 24500K .......... .......... .......... .......... .......... 85%  132M 0s
 24550K .......... .......... .......... .......... .......... 85%  137M 0s
 24600K .......... .......... .......... .......... .......... 85%  129M 0s
 24650K .......... .......... .......... .......... .......... 85%  141M 0s
 24700K .......... .......... .......... .......... .......... 85%  162M 0s
 24750K .......... .......... .......... .......... .......... 85%  136M 0s
 24800K .......... .......... .......... .......... .......... 86% 38.5M 0s
 24850K .......... .......... .......... .......... .......... 86%  139M 0s
 24900K .......... .......... .......... .......... .......... 86%  152M 0s
 24950K .......... .......... .......... .......... .......... 86%  148M 0s
 25000K .......... .......... .......... .......... .......... 86% 3.06M 0s
 25050K .......... .......... .......... .......... .......... 86% 10.0M 0s
 25100K .......... .......... .......... .......... .......... 87% 15.0M 0s
 25150K .......... .......... .......... .......... .......... 87%  135M 0s
 25200K .......... .......... .......... .......... .......... 87%  139M 0s
 25250K .......... .......... .......... .......... .......... 87%  124M 0s
 25300K .......... .......... .......... .......... .......... 87%  144M 0s
 25350K .......... .......... .......... .......... .......... 87% 26.0M 0s
 25400K .......... .......... .......... .......... .......... 88% 14.2M 0s
 25450K .......... .......... .......... .......... .......... 88% 14.0M 0s
 25500K .......... .......... .......... .......... .......... 88% 6.45M 0s
 25550K .......... .......... .......... .......... .......... 88% 10.3M 0s
 25600K .......... .......... .......... .......... .......... 88% 7.53M 0s
 25650K .......... .......... .......... .......... .......... 88% 12.2M 0s
 25700K .......... .......... .......... .......... .......... 89% 10.9M 0s
 25750K .......... .......... .......... .......... .......... 89% 6.30M 0s
 25800K .......... .......... .......... .......... .......... 89% 11.9M 0s
 25850K .......... .......... .......... .......... .......... 89% 6.45M 0s
 25900K .......... .......... .......... .......... .......... 89% 22.6M 0s
 25950K .......... .......... .......... .......... .......... 90% 7.12M 0s
 26000K .......... .......... .......... .......... .......... 90% 9.23M 0s
 26050K .......... .......... .......... .......... .......... 90% 9.82M 0s
 26100K .......... .......... .......... .......... .......... 90% 6.65M 0s
 26150K .......... .......... .......... .......... .......... 90% 16.9M 0s
 26200K .......... .......... .......... .......... .......... 90% 12.1M 0s
 26250K .......... .......... .......... .......... .......... 91% 6.69M 0s
 26300K .......... .......... .......... .......... .......... 91% 10.2M 0s
 26350K .......... .......... .......... .......... .......... 91% 7.87M 0s
 26400K .......... .......... .......... .......... .......... 91% 8.65M 0s
 26450K .......... .......... .......... .......... .......... 91% 21.8M 0s
 26500K .......... .......... .......... .......... .......... 91% 6.38M 0s
 26550K .......... .......... .......... .......... .......... 92% 7.42M 0s
 26600K .......... .......... .......... .......... .......... 92% 10.5M 0s
 26650K .......... .......... .......... .......... .......... 92% 8.84M 0s
 26700K .......... .......... .......... .......... .......... 92% 12.5M 0s
 26750K .......... .......... .......... .......... .......... 92% 10.9M 0s
 26800K .......... .......... .......... .......... .......... 92% 7.05M 0s
 26850K .......... .......... .......... .......... .......... 93% 8.66M 0s
 26900K .......... .......... .......... .......... .......... 93% 8.02M 0s
 26950K .......... .......... .......... .......... .......... 93% 11.5M 0s
 27000K .......... .......... .......... .......... .......... 93% 16.3M 0s
 27050K .......... .......... .......... .......... .......... 93% 10.1M 0s
 27100K .......... .......... .......... .......... .......... 94% 5.80M 0s
 27150K .......... .......... .......... .......... .......... 94% 19.4M 0s
 27200K .......... .......... .......... .......... .......... 94% 6.80M 0s
 27250K .......... .......... .......... .......... .......... 94% 11.8M 0s
 27300K .......... .......... .......... .......... .......... 94% 11.4M 0s
 27350K .......... .......... .......... .......... .......... 94% 6.96M 0s
 27400K .......... .......... .......... .......... .......... 95% 9.13M 0s
 27450K .......... .......... .......... .......... .......... 95% 8.01M 0s
 27500K .......... .......... .......... .......... .......... 95% 10.8M 0s
 27550K .......... .......... .......... .......... .......... 95% 16.0M 0s
 27600K .......... .......... .......... .......... .......... 95% 7.58M 0s
 27650K .......... .......... .......... .......... .......... 95% 7.71M 0s
 27700K .......... .......... .......... .......... .......... 96% 17.8M 0s
 27750K .......... .......... .......... .......... .......... 96% 6.70M 0s
 27800K .......... .......... .......... .......... .......... 96% 11.1M 0s
 27850K .......... .......... .......... .......... .......... 96% 12.2M 0s
 27900K .......... .......... .......... .......... .......... 96% 6.99M 0s
 27950K .......... .......... .......... .......... .......... 96% 12.0M 0s
 28000K .......... .......... .......... .......... .......... 97% 11.9M 0s
 28050K .......... .......... .......... .......... .......... 97% 5.42M 0s
 28100K .......... .......... .......... .......... .......... 97% 57.0M 0s
 28150K .......... .......... .......... .......... .......... 97% 12.1M 0s
 28200K .......... .......... .......... .......... .......... 97% 5.24M 0s
 28250K .......... .......... .......... .......... .......... 97% 14.6M 0s
 28300K .......... .......... .......... .......... .......... 98% 7.88M 0s
 28350K .......... .......... .......... .......... .......... 98% 9.02M 0s
 28400K .......... .......... .......... .......... .......... 98% 25.7M 0s
 28450K .......... .......... .......... .......... .......... 98% 5.12M 0s
 28500K .......... .......... .......... .......... .......... 98% 14.9M 0s
 28550K .......... .......... .......... .......... .......... 99% 6.39M 0s
 28600K .......... .......... .......... .......... .......... 99% 11.3M 0s
 28650K .......... .......... .......... .......... .......... 99% 19.5M 0s
 28700K .......... .......... .......... .......... .......... 99% 15.6M 0s
 28750K .......... .......... .......... .......... .......... 99% 6.03M 0s
 28800K .......... .......... .......... .......... .......... 99% 12.8M 0s
 28850K .......... .......... ........                        100% 7.44M=1.6s

2022-05-09 02:55:03 (17.2 MB/s) - ‘/root/process_mining/trips_tracing/stopsintrip.json’ saved [29571878/29571878]

--2022-05-09 02:55:03--  https://ckan.multimediagdansk.pl/dataset/c24aa637-3619-4dc2-a171-a23eec8f2172/resource/4c4025f0-01bf-41f7-a39f-d156d201b82b/download/stops.json
Resolving ckan.multimediagdansk.pl (ckan.multimediagdansk.pl)... 91.244.248.30
Connecting to ckan.multimediagdansk.pl (ckan.multimediagdansk.pl)|91.244.248.30|:443... connected.
HTTP request sent, awaiting response... 200 OK
Length: 8495705 (8.1M) [application/json]
Saving to: ‘/root/process_mining/trips_tracing/stops.json’

     0K .......... .......... .......... .......... ..........  0%  892K 9s
    50K .......... .......... .......... .......... ..........  1% 1.75M 7s
   100K .......... .......... .......... .......... ..........  1% 59.5M 5s
   150K .......... .......... .......... .......... ..........  2% 86.2M 3s
   200K .......... .......... .......... .......... ..........  3% 1.78M 4s
   250K .......... .......... .......... .......... ..........  3% 80.9M 3s
   300K .......... .......... .......... .......... ..........  4%  112M 3s
   350K .......... .......... .......... .......... ..........  4% 88.6M 2s
   400K .......... .......... .......... .......... ..........  5% 1.88M 2s
   450K .......... .......... .......... .......... ..........  6% 71.3M 2s
   500K .......... .......... .......... .......... ..........  6% 81.2M 2s
   550K .......... .......... .......... .......... ..........  7% 75.9M 2s
   600K .......... .......... .......... .......... ..........  7% 65.5M 2s
   650K .......... .......... .......... .......... ..........  8% 79.3M 2s
   700K .......... .......... .......... .......... ..........  9% 98.4M 1s
   750K .......... .......... .......... .......... ..........  9%  148M 1s
   800K .......... .......... .......... .......... .......... 10%  159M 1s
   850K .......... .......... .......... .......... .......... 10% 2.04M 1s
   900K .......... .......... .......... .......... .......... 11% 84.0M 1s
   950K .......... .......... .......... .......... .......... 12% 89.3M 1s
  1000K .......... .......... .......... .......... .......... 12%  103M 1s
  1050K .......... .......... .......... .......... .......... 13% 68.7M 1s
  1100K .......... .......... .......... .......... .......... 13% 67.2M 1s
  1150K .......... .......... .......... .......... .......... 14% 74.9M 1s
  1200K .......... .......... .......... .......... .......... 15% 64.9M 1s
  1250K .......... .......... .......... .......... .......... 15% 73.3M 1s
  1300K .......... .......... .......... .......... .......... 16% 80.8M 1s
  1350K .......... .......... .......... .......... .......... 16% 79.1M 1s
  1400K .......... .......... .......... .......... .......... 17% 87.1M 1s
  1450K .......... .......... .......... .......... .......... 18% 77.0M 1s
  1500K .......... .......... .......... .......... .......... 18%  103M 1s
  1550K .......... .......... .......... .......... .......... 19%  147M 1s
  1600K .......... .......... .......... .......... .......... 19%  128M 1s
  1650K .......... .......... .......... .......... .......... 20%  165M 1s
  1700K .......... .......... .......... .......... .......... 21% 2.59M 1s
  1750K .......... .......... .......... .......... .......... 21% 73.8M 1s
  1800K .......... .......... .......... .......... .......... 22%  113M 1s
  1850K .......... .......... .......... .......... .......... 22% 55.9M 1s
  1900K .......... .......... .......... .......... .......... 23% 98.6M 1s
  1950K .......... .......... .......... .......... .......... 24% 82.9M 1s
  2000K .......... .......... .......... .......... .......... 24%  101M 1s
  2050K .......... .......... .......... .......... .......... 25% 87.9M 1s
  2100K .......... .......... .......... .......... .......... 25% 80.1M 1s
  2150K .......... .......... .......... .......... .......... 26% 97.3M 1s
  2200K .......... .......... .......... .......... .......... 27%  106M 1s
  2250K .......... .......... .......... .......... .......... 27%  118M 1s
  2300K .......... .......... .......... .......... .......... 28%  122M 1s
  2350K .......... .......... .......... .......... .......... 28% 80.5M 1s
  2400K .......... .......... .......... .......... .......... 29%  103M 0s
  2450K .......... .......... .......... .......... .......... 30%  104M 0s
  2500K .......... .......... .......... .......... .......... 30% 88.0M 0s
  2550K .......... .......... .......... .......... .......... 31% 98.0M 0s
  2600K .......... .......... .......... .......... .......... 31% 83.2M 0s
  2650K .......... .......... .......... .......... .......... 32% 85.4M 0s
  2700K .......... .......... .......... .......... .......... 33% 79.3M 0s
  2750K .......... .......... .......... .......... .......... 33% 95.9M 0s
  2800K .......... .......... .......... .......... .......... 34% 93.5M 0s
  2850K .......... .......... .......... .......... .......... 34% 77.2M 0s
  2900K .......... .......... .......... .......... .......... 35%  100M 0s
  2950K .......... .......... .......... .......... .......... 36% 82.0M 0s
  3000K .......... .......... .......... .......... .......... 36%  111M 0s
  3050K .......... .......... .......... .......... .......... 37%  122M 0s
  3100K .......... .......... .......... .......... .......... 37%  105M 0s
  3150K .......... .......... .......... .......... .......... 38%  152M 0s
  3200K .......... .......... .......... .......... .......... 39%  124M 0s
  3250K .......... .......... .......... .......... .......... 39% 1.72M 0s
  3300K .......... .......... .......... .......... .......... 40% 16.7M 0s
  3350K .......... .......... .......... .......... .......... 40% 4.65M 0s
  3400K .......... .......... .......... .......... .......... 41%  114M 0s
  3450K .......... .......... .......... .......... .......... 42%  106M 0s
  3500K .......... .......... .......... .......... .......... 42%  105M 0s
  3550K .......... .......... .......... .......... .......... 43%  127M 0s
  3600K .......... .......... .......... .......... .......... 43% 51.9M 0s
  3650K .......... .......... .......... .......... .......... 44% 80.5M 0s
  3700K .......... .......... .......... .......... .......... 45% 94.6M 0s
  3750K .......... .......... .......... .......... .......... 45% 94.9M 0s
  3800K .......... .......... .......... .......... .......... 46% 89.0M 0s
  3850K .......... .......... .......... .......... .......... 47% 61.3M 0s
  3900K .......... .......... .......... .......... .......... 47% 88.4M 0s
  3950K .......... .......... .......... .......... .......... 48% 71.2M 0s
  4000K .......... .......... .......... .......... .......... 48%  109M 0s
  4050K .......... .......... .......... .......... .......... 49%  139M 0s
  4100K .......... .......... .......... .......... .......... 50% 91.6M 0s
  4150K .......... .......... .......... .......... .......... 50%  126M 0s
  4200K .......... .......... .......... .......... .......... 51%  136M 0s
  4250K .......... .......... .......... .......... .......... 51% 91.4M 0s
  4300K .......... .......... .......... .......... .......... 52%  143M 0s
  4350K .......... .......... .......... .......... .......... 53%  102M 0s
  4400K .......... .......... .......... .......... .......... 53%  117M 0s
  4450K .......... .......... .......... .......... .......... 54%  137M 0s
  4500K .......... .......... .......... .......... .......... 54%  103M 0s
  4550K .......... .......... .......... .......... .......... 55%  146M 0s
  4600K .......... .......... .......... .......... .......... 56%  127M 0s
  4650K .......... .......... .......... .......... .......... 56%  106M 0s
  4700K .......... .......... .......... .......... .......... 57%  125M 0s
  4750K .......... .......... .......... .......... .......... 57% 76.0M 0s
  4800K .......... .......... .......... .......... .......... 58%  145M 0s
  4850K .......... .......... .......... .......... .......... 59% 87.8M 0s
  4900K .......... .......... .......... .......... .......... 59%  116M 0s
  4950K .......... .......... .......... .......... .......... 60%  121M 0s
  5000K .......... .......... .......... .......... .......... 60%  133M 0s
  5050K .......... .......... .......... .......... .......... 61%  118M 0s
  5100K .......... .......... .......... .......... .......... 62%  121M 0s
  5150K .......... .......... .......... .......... .......... 62% 58.6M 0s
  5200K .......... .......... .......... .......... .......... 63% 4.54M 0s
  5250K .......... .......... .......... .......... .......... 63% 60.2M 0s
  5300K .......... .......... .......... .......... .......... 64% 43.0M 0s
  5350K .......... .......... .......... .......... .......... 65% 40.4M 0s
  5400K .......... .......... .......... .......... .......... 65% 85.4M 0s
  5450K .......... .......... .......... .......... .......... 66% 88.7M 0s
  5500K .......... .......... .......... .......... .......... 66% 88.5M 0s
  5550K .......... .......... .......... .......... .......... 67% 94.0M 0s
  5600K .......... .......... .......... .......... .......... 68% 73.1M 0s
  5650K .......... .......... .......... .......... .......... 68% 85.9M 0s
  5700K .......... .......... .......... .......... .......... 69% 88.8M 0s
  5750K .......... .......... .......... .......... .......... 69% 1.66M 0s
  5800K .......... .......... .......... .......... .......... 70% 82.1M 0s
  5850K .......... .......... .......... .......... .......... 71% 87.7M 0s
  5900K .......... .......... .......... .......... .......... 71%  137M 0s
  5950K .......... .......... .......... .......... .......... 72%  102M 0s
  6000K .......... .......... .......... .......... .......... 72%  111M 0s
  6050K .......... .......... .......... .......... .......... 73%  121M 0s
  6100K .......... .......... .......... .......... .......... 74%  119M 0s
  6150K .......... .......... .......... .......... .......... 74%  125M 0s
  6200K .......... .......... .......... .......... .......... 75%  113M 0s
  6250K .......... .......... .......... .......... .......... 75%  117M 0s
  6300K .......... .......... .......... .......... .......... 76%  126M 0s
  6350K .......... .......... .......... .......... .......... 77%  109M 0s
  6400K .......... .......... .......... .......... .......... 77%  129M 0s
  6450K .......... .......... .......... .......... .......... 78%  113M 0s
  6500K .......... .......... .......... .......... .......... 78%  113M 0s
  6550K .......... .......... .......... .......... .......... 79%  125M 0s
  6600K .......... .......... .......... .......... .......... 80%  117M 0s
  6650K .......... .......... .......... .......... .......... 80%  126M 0s
  6700K .......... .......... .......... .......... .......... 81%  116M 0s
  6750K .......... .......... .......... .......... .......... 81%  111M 0s
  6800K .......... .......... .......... .......... .......... 82%  139M 0s
  6850K .......... .......... .......... .......... .......... 83%  113M 0s
  6900K .......... .......... .......... .......... .......... 83%  129M 0s
  6950K .......... .......... .......... .......... .......... 84%  117M 0s
  7000K .......... .......... .......... .......... .......... 84%  132M 0s
  7050K .......... .......... .......... .......... .......... 85%  114M 0s
  7100K .......... .......... .......... .......... .......... 86%  112M 0s
  7150K .......... .......... .......... .......... .......... 86%  127M 0s
  7200K .......... .......... .......... .......... .......... 87%  119M 0s
  7250K .......... .......... .......... .......... .......... 87%  121M 0s
  7300K .......... .......... .......... .......... .......... 88%  127M 0s
  7350K .......... .......... .......... .......... .......... 89% 41.9M 0s
  7400K .......... .......... .......... .......... .......... 89% 35.1M 0s
  7450K .......... .......... .......... .......... .......... 90% 30.9M 0s
  7500K .......... .......... .......... .......... .......... 91% 35.8M 0s
  7550K .......... .......... .......... .......... .......... 91% 35.9M 0s
  7600K .......... .......... .......... .......... .......... 92% 30.3M 0s
  7650K .......... .......... .......... .......... .......... 92% 35.4M 0s
  7700K .......... .......... .......... .......... .......... 93% 30.6M 0s
  7750K .......... .......... .......... .......... .......... 94% 1.64M 0s
  7800K .......... .......... .......... .......... .......... 94% 25.4M 0s
  7850K .......... .......... .......... .......... .......... 95% 14.6M 0s
  7900K .......... .......... .......... .......... .......... 95% 27.4M 0s
  7950K .......... .......... .......... .......... .......... 96% 13.6M 0s
  8000K .......... .......... .......... .......... .......... 97% 24.4M 0s
  8050K .......... .......... .......... .......... .......... 97% 3.18M 0s
  8100K .......... .......... .......... .......... .......... 98% 33.7M 0s
  8150K .......... .......... .......... .......... .......... 98% 31.5M 0s
  8200K .......... .......... .......... .......... .......... 99% 15.7M 0s
  8250K .......... .......... .......... .......... ......    100%  163K=0.7s

2022-05-09 02:55:04 (11.7 MB/s) - ‘/root/process_mining/trips_tracing/stops.json’ saved [8495705/8495705]

--2022-05-09 02:55:04--  https://files.cloudgdansk.pl/d/otwarte-dane/ztm/baza-pojazdow.json?v=2
Resolving files.cloudgdansk.pl (files.cloudgdansk.pl)... 153.19.238.147
Connecting to files.cloudgdansk.pl (files.cloudgdansk.pl)|153.19.238.147|:443... connected.
HTTP request sent, awaiting response... 200 OK
Length: 279155 (273K) [application/json]
Saving to: ‘/root/process_mining/trips_tracing/baza-pojazdow.json’

     0K .......... .......... .......... .......... .......... 18% 1.72M 0s
    50K .......... .......... .......... .......... .......... 36% 1.73M 0s
   100K .......... .......... .......... .......... .......... 55%  102M 0s
   150K .......... .......... .......... .......... .......... 73%  167M 0s
   200K .......... .......... .......... .......... .......... 91% 1.74M 0s
   250K .......... .......... ..                              100%  198M=0.09s

2022-05-09 02:55:05 (3.12 MB/s) - ‘/root/process_mining/trips_tracing/baza-pojazdow.json’ saved [279155/279155]

