--2022-05-10 00:00:01--  https://files.cloudgdansk.pl/d/otwarte-dane/ztm/bsk.json
Resolving files.cloudgdansk.pl (files.cloudgdansk.pl)... 153.19.238.147
Connecting to files.cloudgdansk.pl (files.cloudgdansk.pl)|153.19.238.147|:443... connected.
HTTP request sent, awaiting response... 200 OK
Length: 60 [text/plain]
Saving to: ‘/root/process_mining/announcements/data/10_05_2022/ann10.05.2022-00-00-01.json’

     0K                                                       100% 12.3M=0s

2022-05-10 00:00:01 (12.3 MB/s) - ‘/root/process_mining/announcements/data/10_05_2022/ann10.05.2022-00-00-01.json’ saved [60/60]

--2022-05-10 00:10:01--  https://files.cloudgdansk.pl/d/otwarte-dane/ztm/bsk.json
Resolving files.cloudgdansk.pl (files.cloudgdansk.pl)... 153.19.238.147
Connecting to files.cloudgdansk.pl (files.cloudgdansk.pl)|153.19.238.147|:443... connected.
HTTP request sent, awaiting response... 200 OK
Length: 60 [text/plain]
Saving to: ‘/root/process_mining/announcements/data/10_05_2022/ann10.05.2022-00-10-01.json’

     0K                                                       100% 12.2M=0s

2022-05-10 00:10:01 (12.2 MB/s) - ‘/root/process_mining/announcements/data/10_05_2022/ann10.05.2022-00-10-01.json’ saved [60/60]

--2022-05-10 00:20:01--  https://files.cloudgdansk.pl/d/otwarte-dane/ztm/bsk.json
Resolving files.cloudgdansk.pl (files.cloudgdansk.pl)... 153.19.238.147
Connecting to files.cloudgdansk.pl (files.cloudgdansk.pl)|153.19.238.147|:443... connected.
HTTP request sent, awaiting response... 200 OK
Length: 60 [text/plain]
Saving to: ‘/root/process_mining/announcements/data/10_05_2022/ann10.05.2022-00-20-01.json’

     0K                                                       100% 12.4M=0s

2022-05-10 00:20:01 (12.4 MB/s) - ‘/root/process_mining/announcements/data/10_05_2022/ann10.05.2022-00-20-01.json’ saved [60/60]

--2022-05-10 00:30:01--  https://files.cloudgdansk.pl/d/otwarte-dane/ztm/bsk.json
Resolving files.cloudgdansk.pl (files.cloudgdansk.pl)... 153.19.238.147
Connecting to files.cloudgdansk.pl (files.cloudgdansk.pl)|153.19.238.147|:443... connected.
HTTP request sent, awaiting response... 200 OK
Length: 60 [text/plain]
Saving to: ‘/root/process_mining/announcements/data/10_05_2022/ann10.05.2022-00-30-01.json’

     0K                                                       100% 13.1M=0s

2022-05-10 00:30:02 (13.1 MB/s) - ‘/root/process_mining/announcements/data/10_05_2022/ann10.05.2022-00-30-01.json’ saved [60/60]

--2022-05-10 00:40:01--  https://files.cloudgdansk.pl/d/otwarte-dane/ztm/bsk.json
Resolving files.cloudgdansk.pl (files.cloudgdansk.pl)... 153.19.238.147
Connecting to files.cloudgdansk.pl (files.cloudgdansk.pl)|153.19.238.147|:443... connected.
HTTP request sent, awaiting response... 200 OK
Length: 60 [text/plain]
Saving to: ‘/root/process_mining/announcements/data/10_05_2022/ann10.05.2022-00-40-01.json’

     0K                                                       100% 12.4M=0s

2022-05-10 00:40:02 (12.4 MB/s) - ‘/root/process_mining/announcements/data/10_05_2022/ann10.05.2022-00-40-01.json’ saved [60/60]

--2022-05-10 00:50:01--  https://files.cloudgdansk.pl/d/otwarte-dane/ztm/bsk.json
Resolving files.cloudgdansk.pl (files.cloudgdansk.pl)... 153.19.238.147
Connecting to files.cloudgdansk.pl (files.cloudgdansk.pl)|153.19.238.147|:443... connected.
HTTP request sent, awaiting response... 200 OK
Length: 60 [text/plain]
Saving to: ‘/root/process_mining/announcements/data/10_05_2022/ann10.05.2022-00-50-01.json’

     0K                                                       100% 12.0M=0s

2022-05-10 00:50:02 (12.0 MB/s) - ‘/root/process_mining/announcements/data/10_05_2022/ann10.05.2022-00-50-01.json’ saved [60/60]

--2022-05-10 01:00:01--  https://files.cloudgdansk.pl/d/otwarte-dane/ztm/bsk.json
Resolving files.cloudgdansk.pl (files.cloudgdansk.pl)... 153.19.238.147
Connecting to files.cloudgdansk.pl (files.cloudgdansk.pl)|153.19.238.147|:443... connected.
HTTP request sent, awaiting response... 200 OK
Length: 60 [text/plain]
Saving to: ‘/root/process_mining/announcements/data/10_05_2022/ann10.05.2022-01-00-01.json’

     0K                                                       100% 11.1M=0s

2022-05-10 01:00:02 (11.1 MB/s) - ‘/root/process_mining/announcements/data/10_05_2022/ann10.05.2022-01-00-01.json’ saved [60/60]

--2022-05-10 01:10:01--  https://files.cloudgdansk.pl/d/otwarte-dane/ztm/bsk.json
Resolving files.cloudgdansk.pl (files.cloudgdansk.pl)... 153.19.238.147
Connecting to files.cloudgdansk.pl (files.cloudgdansk.pl)|153.19.238.147|:443... connected.
HTTP request sent, awaiting response... 200 OK
Length: 60 [text/plain]
Saving to: ‘/root/process_mining/announcements/data/10_05_2022/ann10.05.2022-01-10-01.json’

     0K                                                       100% 12.4M=0s

2022-05-10 01:10:02 (12.4 MB/s) - ‘/root/process_mining/announcements/data/10_05_2022/ann10.05.2022-01-10-01.json’ saved [60/60]

--2022-05-10 01:20:01--  https://files.cloudgdansk.pl/d/otwarte-dane/ztm/bsk.json
Resolving files.cloudgdansk.pl (files.cloudgdansk.pl)... 153.19.238.147
Connecting to files.cloudgdansk.pl (files.cloudgdansk.pl)|153.19.238.147|:443... connected.
HTTP request sent, awaiting response... 200 OK
Length: 60 [text/plain]
Saving to: ‘/root/process_mining/announcements/data/10_05_2022/ann10.05.2022-01-20-01.json’

     0K                                                       100% 12.4M=0s

2022-05-10 01:20:01 (12.4 MB/s) - ‘/root/process_mining/announcements/data/10_05_2022/ann10.05.2022-01-20-01.json’ saved [60/60]

--2022-05-10 01:30:01--  https://files.cloudgdansk.pl/d/otwarte-dane/ztm/bsk.json
Resolving files.cloudgdansk.pl (files.cloudgdansk.pl)... 153.19.238.147
Connecting to files.cloudgdansk.pl (files.cloudgdansk.pl)|153.19.238.147|:443... connected.
HTTP request sent, awaiting response... 200 OK
Length: 60 [text/plain]
Saving to: ‘/root/process_mining/announcements/data/10_05_2022/ann10.05.2022-01-30-01.json’

     0K                                                       100% 12.3M=0s

2022-05-10 01:30:01 (12.3 MB/s) - ‘/root/process_mining/announcements/data/10_05_2022/ann10.05.2022-01-30-01.json’ saved [60/60]

--2022-05-10 01:40:01--  https://files.cloudgdansk.pl/d/otwarte-dane/ztm/bsk.json
Resolving files.cloudgdansk.pl (files.cloudgdansk.pl)... 153.19.238.147
Connecting to files.cloudgdansk.pl (files.cloudgdansk.pl)|153.19.238.147|:443... connected.
HTTP request sent, awaiting response... 200 OK
Length: 60 [text/plain]
Saving to: ‘/root/process_mining/announcements/data/10_05_2022/ann10.05.2022-01-40-01.json’

     0K                                                       100% 11.6M=0s

2022-05-10 01:40:02 (11.6 MB/s) - ‘/root/process_mining/announcements/data/10_05_2022/ann10.05.2022-01-40-01.json’ saved [60/60]

--2022-05-10 01:50:01--  https://files.cloudgdansk.pl/d/otwarte-dane/ztm/bsk.json
Resolving files.cloudgdansk.pl (files.cloudgdansk.pl)... 153.19.238.147
Connecting to files.cloudgdansk.pl (files.cloudgdansk.pl)|153.19.238.147|:443... connected.
HTTP request sent, awaiting response... 200 OK
Length: 60 [text/plain]
Saving to: ‘/root/process_mining/announcements/data/10_05_2022/ann10.05.2022-01-50-01.json’

     0K                                                       100% 12.1M=0s

2022-05-10 01:50:02 (12.1 MB/s) - ‘/root/process_mining/announcements/data/10_05_2022/ann10.05.2022-01-50-01.json’ saved [60/60]

--2022-05-10 02:00:01--  https://files.cloudgdansk.pl/d/otwarte-dane/ztm/bsk.json
Resolving files.cloudgdansk.pl (files.cloudgdansk.pl)... 153.19.238.147
Connecting to files.cloudgdansk.pl (files.cloudgdansk.pl)|153.19.238.147|:443... connected.
HTTP request sent, awaiting response... 200 OK
Length: 60 [text/plain]
Saving to: ‘/root/process_mining/announcements/data/10_05_2022/ann10.05.2022-02-00-01.json’

     0K                                                       100% 10.2M=0s

2022-05-10 02:00:01 (10.2 MB/s) - ‘/root/process_mining/announcements/data/10_05_2022/ann10.05.2022-02-00-01.json’ saved [60/60]

--2022-05-10 02:10:01--  https://files.cloudgdansk.pl/d/otwarte-dane/ztm/bsk.json
Resolving files.cloudgdansk.pl (files.cloudgdansk.pl)... 153.19.238.147
Connecting to files.cloudgdansk.pl (files.cloudgdansk.pl)|153.19.238.147|:443... connected.
HTTP request sent, awaiting response... 200 OK
Length: 60 [text/plain]
Saving to: ‘/root/process_mining/announcements/data/10_05_2022/ann10.05.2022-02-10-01.json’

     0K                                                       100% 11.9M=0s

2022-05-10 02:10:01 (11.9 MB/s) - ‘/root/process_mining/announcements/data/10_05_2022/ann10.05.2022-02-10-01.json’ saved [60/60]

--2022-05-10 02:20:01--  https://files.cloudgdansk.pl/d/otwarte-dane/ztm/bsk.json
Resolving files.cloudgdansk.pl (files.cloudgdansk.pl)... 153.19.238.147
Connecting to files.cloudgdansk.pl (files.cloudgdansk.pl)|153.19.238.147|:443... connected.
HTTP request sent, awaiting response... 200 OK
Length: 60 [text/plain]
Saving to: ‘/root/process_mining/announcements/data/10_05_2022/ann10.05.2022-02-20-01.json’

     0K                                                       100% 9.42M=0s

2022-05-10 02:20:01 (9.42 MB/s) - ‘/root/process_mining/announcements/data/10_05_2022/ann10.05.2022-02-20-01.json’ saved [60/60]

--2022-05-10 02:30:01--  https://files.cloudgdansk.pl/d/otwarte-dane/ztm/bsk.json
Resolving files.cloudgdansk.pl (files.cloudgdansk.pl)... 153.19.238.147
Connecting to files.cloudgdansk.pl (files.cloudgdansk.pl)|153.19.238.147|:443... connected.
HTTP request sent, awaiting response... 200 OK
Length: 60 [text/plain]
Saving to: ‘/root/process_mining/announcements/data/10_05_2022/ann10.05.2022-02-30-01.json’

     0K                                                       100% 5.78M=0s

2022-05-10 02:30:01 (5.78 MB/s) - ‘/root/process_mining/announcements/data/10_05_2022/ann10.05.2022-02-30-01.json’ saved [60/60]

--2022-05-10 02:40:01--  https://files.cloudgdansk.pl/d/otwarte-dane/ztm/bsk.json
Resolving files.cloudgdansk.pl (files.cloudgdansk.pl)... 153.19.238.147
Connecting to files.cloudgdansk.pl (files.cloudgdansk.pl)|153.19.238.147|:443... connected.
HTTP request sent, awaiting response... 200 OK
Length: 60 [text/plain]
Saving to: ‘/root/process_mining/announcements/data/10_05_2022/ann10.05.2022-02-40-01.json’

     0K                                                       100% 11.3M=0s

2022-05-10 02:40:02 (11.3 MB/s) - ‘/root/process_mining/announcements/data/10_05_2022/ann10.05.2022-02-40-01.json’ saved [60/60]

--2022-05-10 02:50:01--  https://files.cloudgdansk.pl/d/otwarte-dane/ztm/bsk.json
Resolving files.cloudgdansk.pl (files.cloudgdansk.pl)... 153.19.238.147
Connecting to files.cloudgdansk.pl (files.cloudgdansk.pl)|153.19.238.147|:443... connected.
HTTP request sent, awaiting response... 200 OK
Length: 60 [text/plain]
Saving to: ‘/root/process_mining/announcements/data/10_05_2022/ann10.05.2022-02-50-01.json’

     0K                                                       100% 11.4M=0s

2022-05-10 02:50:01 (11.4 MB/s) - ‘/root/process_mining/announcements/data/10_05_2022/ann10.05.2022-02-50-01.json’ saved [60/60]

--2022-05-10 03:00:01--  https://files.cloudgdansk.pl/d/otwarte-dane/ztm/bsk.json
Resolving files.cloudgdansk.pl (files.cloudgdansk.pl)... 153.19.238.147
Connecting to files.cloudgdansk.pl (files.cloudgdansk.pl)|153.19.238.147|:443... connected.
HTTP request sent, awaiting response... 200 OK
Length: 60 [text/plain]
Saving to: ‘/root/process_mining/announcements/data/10_05_2022/ann10.05.2022-03-00-01.json’

     0K                                                       100% 12.0M=0s

2022-05-10 03:00:02 (12.0 MB/s) - ‘/root/process_mining/announcements/data/10_05_2022/ann10.05.2022-03-00-01.json’ saved [60/60]

--2022-05-10 03:10:01--  https://files.cloudgdansk.pl/d/otwarte-dane/ztm/bsk.json
Resolving files.cloudgdansk.pl (files.cloudgdansk.pl)... 153.19.238.147
Connecting to files.cloudgdansk.pl (files.cloudgdansk.pl)|153.19.238.147|:443... connected.
HTTP request sent, awaiting response... 200 OK
Length: 60 [text/plain]
Saving to: ‘/root/process_mining/announcements/data/10_05_2022/ann10.05.2022-03-10-01.json’

     0K                                                       100% 10.5M=0s

2022-05-10 03:10:02 (10.5 MB/s) - ‘/root/process_mining/announcements/data/10_05_2022/ann10.05.2022-03-10-01.json’ saved [60/60]

--2022-05-10 03:20:01--  https://files.cloudgdansk.pl/d/otwarte-dane/ztm/bsk.json
Resolving files.cloudgdansk.pl (files.cloudgdansk.pl)... 153.19.238.147
Connecting to files.cloudgdansk.pl (files.cloudgdansk.pl)|153.19.238.147|:443... connected.
HTTP request sent, awaiting response... 200 OK
Length: 60 [text/plain]
Saving to: ‘/root/process_mining/announcements/data/10_05_2022/ann10.05.2022-03-20-01.json’

     0K                                                       100% 12.2M=0s

2022-05-10 03:20:01 (12.2 MB/s) - ‘/root/process_mining/announcements/data/10_05_2022/ann10.05.2022-03-20-01.json’ saved [60/60]

--2022-05-10 03:30:02--  https://files.cloudgdansk.pl/d/otwarte-dane/ztm/bsk.json
Resolving files.cloudgdansk.pl (files.cloudgdansk.pl)... 153.19.238.147
Connecting to files.cloudgdansk.pl (files.cloudgdansk.pl)|153.19.238.147|:443... connected.
HTTP request sent, awaiting response... 200 OK
Length: 60 [text/plain]
Saving to: ‘/root/process_mining/announcements/data/10_05_2022/ann10.05.2022-03-30-02.json’

     0K                                                       100% 12.1M=0s

2022-05-10 03:30:02 (12.1 MB/s) - ‘/root/process_mining/announcements/data/10_05_2022/ann10.05.2022-03-30-02.json’ saved [60/60]

--2022-05-10 03:40:01--  https://files.cloudgdansk.pl/d/otwarte-dane/ztm/bsk.json
Resolving files.cloudgdansk.pl (files.cloudgdansk.pl)... 153.19.238.147
Connecting to files.cloudgdansk.pl (files.cloudgdansk.pl)|153.19.238.147|:443... connected.
HTTP request sent, awaiting response... 200 OK
Length: 60 [text/plain]
Saving to: ‘/root/process_mining/announcements/data/10_05_2022/ann10.05.2022-03-40-01.json’

     0K                                                       100% 12.1M=0s

2022-05-10 03:40:02 (12.1 MB/s) - ‘/root/process_mining/announcements/data/10_05_2022/ann10.05.2022-03-40-01.json’ saved [60/60]

--2022-05-10 03:50:01--  https://files.cloudgdansk.pl/d/otwarte-dane/ztm/bsk.json
Resolving files.cloudgdansk.pl (files.cloudgdansk.pl)... 153.19.238.147
Connecting to files.cloudgdansk.pl (files.cloudgdansk.pl)|153.19.238.147|:443... connected.
HTTP request sent, awaiting response... 200 OK
Length: 60 [text/plain]
Saving to: ‘/root/process_mining/announcements/data/10_05_2022/ann10.05.2022-03-50-01.json’

     0K                                                       100% 11.8M=0s

2022-05-10 03:50:01 (11.8 MB/s) - ‘/root/process_mining/announcements/data/10_05_2022/ann10.05.2022-03-50-01.json’ saved [60/60]

--2022-05-10 04:00:01--  https://files.cloudgdansk.pl/d/otwarte-dane/ztm/bsk.json
Resolving files.cloudgdansk.pl (files.cloudgdansk.pl)... 153.19.238.147
Connecting to files.cloudgdansk.pl (files.cloudgdansk.pl)|153.19.238.147|:443... connected.
HTTP request sent, awaiting response... 200 OK
Length: 60 [text/plain]
Saving to: ‘/root/process_mining/announcements/data/10_05_2022/ann10.05.2022-04-00-01.json’

     0K                                                       100% 12.2M=0s

2022-05-10 04:00:01 (12.2 MB/s) - ‘/root/process_mining/announcements/data/10_05_2022/ann10.05.2022-04-00-01.json’ saved [60/60]

--2022-05-10 04:10:01--  https://files.cloudgdansk.pl/d/otwarte-dane/ztm/bsk.json
Resolving files.cloudgdansk.pl (files.cloudgdansk.pl)... 153.19.238.147
Connecting to files.cloudgdansk.pl (files.cloudgdansk.pl)|153.19.238.147|:443... connected.
HTTP request sent, awaiting response... 200 OK
Length: 60 [text/plain]
Saving to: ‘/root/process_mining/announcements/data/10_05_2022/ann10.05.2022-04-10-01.json’

     0K                                                       100% 12.3M=0s

2022-05-10 04:10:01 (12.3 MB/s) - ‘/root/process_mining/announcements/data/10_05_2022/ann10.05.2022-04-10-01.json’ saved [60/60]

--2022-05-10 04:20:01--  https://files.cloudgdansk.pl/d/otwarte-dane/ztm/bsk.json
Resolving files.cloudgdansk.pl (files.cloudgdansk.pl)... 153.19.238.147
Connecting to files.cloudgdansk.pl (files.cloudgdansk.pl)|153.19.238.147|:443... connected.
HTTP request sent, awaiting response... 200 OK
Length: 60 [text/plain]
Saving to: ‘/root/process_mining/announcements/data/10_05_2022/ann10.05.2022-04-20-01.json’

     0K                                                       100% 12.8M=0s

2022-05-10 04:20:02 (12.8 MB/s) - ‘/root/process_mining/announcements/data/10_05_2022/ann10.05.2022-04-20-01.json’ saved [60/60]

--2022-05-10 04:30:01--  https://files.cloudgdansk.pl/d/otwarte-dane/ztm/bsk.json
Resolving files.cloudgdansk.pl (files.cloudgdansk.pl)... 153.19.238.147
Connecting to files.cloudgdansk.pl (files.cloudgdansk.pl)|153.19.238.147|:443... connected.
HTTP request sent, awaiting response... 200 OK
Length: 60 [text/plain]
Saving to: ‘/root/process_mining/announcements/data/10_05_2022/ann10.05.2022-04-30-01.json’

     0K                                                       100% 12.5M=0s

2022-05-10 04:30:02 (12.5 MB/s) - ‘/root/process_mining/announcements/data/10_05_2022/ann10.05.2022-04-30-01.json’ saved [60/60]

--2022-05-10 04:40:01--  https://files.cloudgdansk.pl/d/otwarte-dane/ztm/bsk.json
Resolving files.cloudgdansk.pl (files.cloudgdansk.pl)... 153.19.238.147
Connecting to files.cloudgdansk.pl (files.cloudgdansk.pl)|153.19.238.147|:443... connected.
HTTP request sent, awaiting response... 200 OK
Length: 60 [text/plain]
Saving to: ‘/root/process_mining/announcements/data/10_05_2022/ann10.05.2022-04-40-01.json’

     0K                                                       100% 12.1M=0s

2022-05-10 04:40:01 (12.1 MB/s) - ‘/root/process_mining/announcements/data/10_05_2022/ann10.05.2022-04-40-01.json’ saved [60/60]

--2022-05-10 04:50:01--  https://files.cloudgdansk.pl/d/otwarte-dane/ztm/bsk.json
Resolving files.cloudgdansk.pl (files.cloudgdansk.pl)... 153.19.238.147
Connecting to files.cloudgdansk.pl (files.cloudgdansk.pl)|153.19.238.147|:443... connected.
HTTP request sent, awaiting response... 200 OK
Length: 60 [text/plain]
Saving to: ‘/root/process_mining/announcements/data/10_05_2022/ann10.05.2022-04-50-01.json’

     0K                                                       100% 3.38M=0s

2022-05-10 04:50:02 (3.38 MB/s) - ‘/root/process_mining/announcements/data/10_05_2022/ann10.05.2022-04-50-01.json’ saved [60/60]

--2022-05-10 05:00:01--  https://files.cloudgdansk.pl/d/otwarte-dane/ztm/bsk.json
Resolving files.cloudgdansk.pl (files.cloudgdansk.pl)... 153.19.238.147
Connecting to files.cloudgdansk.pl (files.cloudgdansk.pl)|153.19.238.147|:443... connected.
HTTP request sent, awaiting response... 200 OK
Length: 60 [text/plain]
Saving to: ‘/root/process_mining/announcements/data/10_05_2022/ann10.05.2022-05-00-01.json’

     0K                                                       100% 11.9M=0s

2022-05-10 05:00:02 (11.9 MB/s) - ‘/root/process_mining/announcements/data/10_05_2022/ann10.05.2022-05-00-01.json’ saved [60/60]

--2022-05-10 05:10:01--  https://files.cloudgdansk.pl/d/otwarte-dane/ztm/bsk.json
Resolving files.cloudgdansk.pl (files.cloudgdansk.pl)... 153.19.238.147
Connecting to files.cloudgdansk.pl (files.cloudgdansk.pl)|153.19.238.147|:443... connected.
HTTP request sent, awaiting response... 200 OK
Length: 60 [text/plain]
Saving to: ‘/root/process_mining/announcements/data/10_05_2022/ann10.05.2022-05-10-01.json’

     0K                                                       100% 12.5M=0s

2022-05-10 05:10:01 (12.5 MB/s) - ‘/root/process_mining/announcements/data/10_05_2022/ann10.05.2022-05-10-01.json’ saved [60/60]

--2022-05-10 05:20:01--  https://files.cloudgdansk.pl/d/otwarte-dane/ztm/bsk.json
Resolving files.cloudgdansk.pl (files.cloudgdansk.pl)... 153.19.238.147
Connecting to files.cloudgdansk.pl (files.cloudgdansk.pl)|153.19.238.147|:443... connected.
HTTP request sent, awaiting response... 200 OK
Length: 60 [text/plain]
Saving to: ‘/root/process_mining/announcements/data/10_05_2022/ann10.05.2022-05-20-01.json’

     0K                                                       100% 11.2M=0s

2022-05-10 05:20:01 (11.2 MB/s) - ‘/root/process_mining/announcements/data/10_05_2022/ann10.05.2022-05-20-01.json’ saved [60/60]

--2022-05-10 05:30:01--  https://files.cloudgdansk.pl/d/otwarte-dane/ztm/bsk.json
Resolving files.cloudgdansk.pl (files.cloudgdansk.pl)... 153.19.238.147
Connecting to files.cloudgdansk.pl (files.cloudgdansk.pl)|153.19.238.147|:443... connected.
HTTP request sent, awaiting response... 200 OK
Length: 60 [text/plain]
Saving to: ‘/root/process_mining/announcements/data/10_05_2022/ann10.05.2022-05-30-01.json’

     0K                                                       100% 12.2M=0s

2022-05-10 05:30:02 (12.2 MB/s) - ‘/root/process_mining/announcements/data/10_05_2022/ann10.05.2022-05-30-01.json’ saved [60/60]

--2022-05-10 05:40:01--  https://files.cloudgdansk.pl/d/otwarte-dane/ztm/bsk.json
Resolving files.cloudgdansk.pl (files.cloudgdansk.pl)... 153.19.238.147
Connecting to files.cloudgdansk.pl (files.cloudgdansk.pl)|153.19.238.147|:443... connected.
HTTP request sent, awaiting response... 200 OK
Length: 60 [text/plain]
Saving to: ‘/root/process_mining/announcements/data/10_05_2022/ann10.05.2022-05-40-01.json’

     0K                                                       100% 13.0M=0s

2022-05-10 05:40:02 (13.0 MB/s) - ‘/root/process_mining/announcements/data/10_05_2022/ann10.05.2022-05-40-01.json’ saved [60/60]

--2022-05-10 05:50:01--  https://files.cloudgdansk.pl/d/otwarte-dane/ztm/bsk.json
Resolving files.cloudgdansk.pl (files.cloudgdansk.pl)... 153.19.238.147
Connecting to files.cloudgdansk.pl (files.cloudgdansk.pl)|153.19.238.147|:443... connected.
HTTP request sent, awaiting response... 200 OK
Length: 60 [text/plain]
Saving to: ‘/root/process_mining/announcements/data/10_05_2022/ann10.05.2022-05-50-01.json’

     0K                                                       100% 12.0M=0s

2022-05-10 05:50:02 (12.0 MB/s) - ‘/root/process_mining/announcements/data/10_05_2022/ann10.05.2022-05-50-01.json’ saved [60/60]

--2022-05-10 06:00:02--  https://files.cloudgdansk.pl/d/otwarte-dane/ztm/bsk.json
Resolving files.cloudgdansk.pl (files.cloudgdansk.pl)... 153.19.238.147
Connecting to files.cloudgdansk.pl (files.cloudgdansk.pl)|153.19.238.147|:443... connected.
HTTP request sent, awaiting response... 200 OK
Length: 60 [text/plain]
Saving to: ‘/root/process_mining/announcements/data/10_05_2022/ann10.05.2022-06-00-02.json’

     0K                                                       100% 11.5M=0s

2022-05-10 06:00:02 (11.5 MB/s) - ‘/root/process_mining/announcements/data/10_05_2022/ann10.05.2022-06-00-02.json’ saved [60/60]

--2022-05-10 06:10:01--  https://files.cloudgdansk.pl/d/otwarte-dane/ztm/bsk.json
Resolving files.cloudgdansk.pl (files.cloudgdansk.pl)... 153.19.238.147
Connecting to files.cloudgdansk.pl (files.cloudgdansk.pl)|153.19.238.147|:443... connected.
HTTP request sent, awaiting response... 200 OK
Length: 60 [text/plain]
Saving to: ‘/root/process_mining/announcements/data/10_05_2022/ann10.05.2022-06-10-01.json’

     0K                                                       100% 11.5M=0s

2022-05-10 06:10:01 (11.5 MB/s) - ‘/root/process_mining/announcements/data/10_05_2022/ann10.05.2022-06-10-01.json’ saved [60/60]

--2022-05-10 06:20:01--  https://files.cloudgdansk.pl/d/otwarte-dane/ztm/bsk.json
Resolving files.cloudgdansk.pl (files.cloudgdansk.pl)... 153.19.238.147
Connecting to files.cloudgdansk.pl (files.cloudgdansk.pl)|153.19.238.147|:443... connected.
HTTP request sent, awaiting response... 200 OK
Length: 60 [text/plain]
Saving to: ‘/root/process_mining/announcements/data/10_05_2022/ann10.05.2022-06-20-01.json’

     0K                                                       100% 12.2M=0s

2022-05-10 06:20:02 (12.2 MB/s) - ‘/root/process_mining/announcements/data/10_05_2022/ann10.05.2022-06-20-01.json’ saved [60/60]

--2022-05-10 06:30:01--  https://files.cloudgdansk.pl/d/otwarte-dane/ztm/bsk.json
Resolving files.cloudgdansk.pl (files.cloudgdansk.pl)... 153.19.238.147
Connecting to files.cloudgdansk.pl (files.cloudgdansk.pl)|153.19.238.147|:443... connected.
HTTP request sent, awaiting response... 200 OK
Length: 60 [text/plain]
Saving to: ‘/root/process_mining/announcements/data/10_05_2022/ann10.05.2022-06-30-01.json’

     0K                                                       100% 9.76M=0s

2022-05-10 06:30:01 (9.76 MB/s) - ‘/root/process_mining/announcements/data/10_05_2022/ann10.05.2022-06-30-01.json’ saved [60/60]

--2022-05-10 06:40:01--  https://files.cloudgdansk.pl/d/otwarte-dane/ztm/bsk.json
Resolving files.cloudgdansk.pl (files.cloudgdansk.pl)... 153.19.238.147
Connecting to files.cloudgdansk.pl (files.cloudgdansk.pl)|153.19.238.147|:443... connected.
HTTP request sent, awaiting response... 200 OK
Length: 60 [text/plain]
Saving to: ‘/root/process_mining/announcements/data/10_05_2022/ann10.05.2022-06-40-01.json’

     0K                                                       100% 13.0M=0s

2022-05-10 06:40:01 (13.0 MB/s) - ‘/root/process_mining/announcements/data/10_05_2022/ann10.05.2022-06-40-01.json’ saved [60/60]

--2022-05-10 06:50:01--  https://files.cloudgdansk.pl/d/otwarte-dane/ztm/bsk.json
Resolving files.cloudgdansk.pl (files.cloudgdansk.pl)... 153.19.238.147
Connecting to files.cloudgdansk.pl (files.cloudgdansk.pl)|153.19.238.147|:443... connected.
HTTP request sent, awaiting response... 200 OK
Length: 60 [text/plain]
Saving to: ‘/root/process_mining/announcements/data/10_05_2022/ann10.05.2022-06-50-01.json’

     0K                                                       100% 12.0M=0s

2022-05-10 06:50:01 (12.0 MB/s) - ‘/root/process_mining/announcements/data/10_05_2022/ann10.05.2022-06-50-01.json’ saved [60/60]

--2022-05-10 07:00:01--  https://files.cloudgdansk.pl/d/otwarte-dane/ztm/bsk.json
Resolving files.cloudgdansk.pl (files.cloudgdansk.pl)... 153.19.238.147
Connecting to files.cloudgdansk.pl (files.cloudgdansk.pl)|153.19.238.147|:443... connected.
HTTP request sent, awaiting response... 200 OK
Length: 60 [text/plain]
Saving to: ‘/root/process_mining/announcements/data/10_05_2022/ann10.05.2022-07-00-01.json’

     0K                                                       100% 11.7M=0s

2022-05-10 07:00:02 (11.7 MB/s) - ‘/root/process_mining/announcements/data/10_05_2022/ann10.05.2022-07-00-01.json’ saved [60/60]

--2022-05-10 07:10:01--  https://files.cloudgdansk.pl/d/otwarte-dane/ztm/bsk.json
Resolving files.cloudgdansk.pl (files.cloudgdansk.pl)... 153.19.238.147
Connecting to files.cloudgdansk.pl (files.cloudgdansk.pl)|153.19.238.147|:443... connected.
HTTP request sent, awaiting response... 200 OK
Length: 60 [text/plain]
Saving to: ‘/root/process_mining/announcements/data/10_05_2022/ann10.05.2022-07-10-01.json’

     0K                                                       100% 11.8M=0s

2022-05-10 07:10:01 (11.8 MB/s) - ‘/root/process_mining/announcements/data/10_05_2022/ann10.05.2022-07-10-01.json’ saved [60/60]

--2022-05-10 07:20:01--  https://files.cloudgdansk.pl/d/otwarte-dane/ztm/bsk.json
Resolving files.cloudgdansk.pl (files.cloudgdansk.pl)... 153.19.238.147
Connecting to files.cloudgdansk.pl (files.cloudgdansk.pl)|153.19.238.147|:443... connected.
HTTP request sent, awaiting response... 200 OK
Length: 60 [text/plain]
Saving to: ‘/root/process_mining/announcements/data/10_05_2022/ann10.05.2022-07-20-01.json’

     0K                                                       100% 9.46M=0s

2022-05-10 07:20:02 (9.46 MB/s) - ‘/root/process_mining/announcements/data/10_05_2022/ann10.05.2022-07-20-01.json’ saved [60/60]

--2022-05-10 07:30:01--  https://files.cloudgdansk.pl/d/otwarte-dane/ztm/bsk.json
Resolving files.cloudgdansk.pl (files.cloudgdansk.pl)... 153.19.238.147
Connecting to files.cloudgdansk.pl (files.cloudgdansk.pl)|153.19.238.147|:443... connected.
HTTP request sent, awaiting response... 200 OK
Length: 60 [text/plain]
Saving to: ‘/root/process_mining/announcements/data/10_05_2022/ann10.05.2022-07-30-01.json’

     0K                                                       100% 10.2M=0s

2022-05-10 07:30:01 (10.2 MB/s) - ‘/root/process_mining/announcements/data/10_05_2022/ann10.05.2022-07-30-01.json’ saved [60/60]

--2022-05-10 07:40:01--  https://files.cloudgdansk.pl/d/otwarte-dane/ztm/bsk.json
Resolving files.cloudgdansk.pl (files.cloudgdansk.pl)... 153.19.238.147
Connecting to files.cloudgdansk.pl (files.cloudgdansk.pl)|153.19.238.147|:443... connected.
HTTP request sent, awaiting response... 200 OK
Length: 60 [text/plain]
Saving to: ‘/root/process_mining/announcements/data/10_05_2022/ann10.05.2022-07-40-01.json’

     0K                                                       100% 11.3M=0s

2022-05-10 07:40:01 (11.3 MB/s) - ‘/root/process_mining/announcements/data/10_05_2022/ann10.05.2022-07-40-01.json’ saved [60/60]

--2022-05-10 07:50:01--  https://files.cloudgdansk.pl/d/otwarte-dane/ztm/bsk.json
Resolving files.cloudgdansk.pl (files.cloudgdansk.pl)... 153.19.238.147
Connecting to files.cloudgdansk.pl (files.cloudgdansk.pl)|153.19.238.147|:443... connected.
HTTP request sent, awaiting response... 200 OK
Length: 60 [text/plain]
Saving to: ‘/root/process_mining/announcements/data/10_05_2022/ann10.05.2022-07-50-01.json’

     0K                                                       100% 12.2M=0s

2022-05-10 07:50:01 (12.2 MB/s) - ‘/root/process_mining/announcements/data/10_05_2022/ann10.05.2022-07-50-01.json’ saved [60/60]

--2022-05-10 08:00:01--  https://files.cloudgdansk.pl/d/otwarte-dane/ztm/bsk.json
Resolving files.cloudgdansk.pl (files.cloudgdansk.pl)... 153.19.238.147
Connecting to files.cloudgdansk.pl (files.cloudgdansk.pl)|153.19.238.147|:443... connected.
HTTP request sent, awaiting response... 200 OK
Length: 60 [text/plain]
Saving to: ‘/root/process_mining/announcements/data/10_05_2022/ann10.05.2022-08-00-01.json’

     0K                                                       100% 10.4M=0s

2022-05-10 08:00:02 (10.4 MB/s) - ‘/root/process_mining/announcements/data/10_05_2022/ann10.05.2022-08-00-01.json’ saved [60/60]

--2022-05-10 08:10:01--  https://files.cloudgdansk.pl/d/otwarte-dane/ztm/bsk.json
Resolving files.cloudgdansk.pl (files.cloudgdansk.pl)... 153.19.238.147
Connecting to files.cloudgdansk.pl (files.cloudgdansk.pl)|153.19.238.147|:443... connected.
HTTP request sent, awaiting response... 200 OK
Length: 60 [text/plain]
Saving to: ‘/root/process_mining/announcements/data/10_05_2022/ann10.05.2022-08-10-01.json’

     0K                                                       100% 11.5M=0s

2022-05-10 08:10:02 (11.5 MB/s) - ‘/root/process_mining/announcements/data/10_05_2022/ann10.05.2022-08-10-01.json’ saved [60/60]

--2022-05-10 08:20:01--  https://files.cloudgdansk.pl/d/otwarte-dane/ztm/bsk.json
Resolving files.cloudgdansk.pl (files.cloudgdansk.pl)... 153.19.238.147
Connecting to files.cloudgdansk.pl (files.cloudgdansk.pl)|153.19.238.147|:443... connected.
HTTP request sent, awaiting response... 200 OK
Length: 60 [text/plain]
Saving to: ‘/root/process_mining/announcements/data/10_05_2022/ann10.05.2022-08-20-01.json’

     0K                                                       100% 11.5M=0s

2022-05-10 08:20:01 (11.5 MB/s) - ‘/root/process_mining/announcements/data/10_05_2022/ann10.05.2022-08-20-01.json’ saved [60/60]

--2022-05-10 08:30:01--  https://files.cloudgdansk.pl/d/otwarte-dane/ztm/bsk.json
Resolving files.cloudgdansk.pl (files.cloudgdansk.pl)... 153.19.238.147
Connecting to files.cloudgdansk.pl (files.cloudgdansk.pl)|153.19.238.147|:443... connected.
HTTP request sent, awaiting response... 200 OK
Length: 60 [text/plain]
Saving to: ‘/root/process_mining/announcements/data/10_05_2022/ann10.05.2022-08-30-01.json’

     0K                                                       100% 12.6M=0s

2022-05-10 08:30:02 (12.6 MB/s) - ‘/root/process_mining/announcements/data/10_05_2022/ann10.05.2022-08-30-01.json’ saved [60/60]

--2022-05-10 08:40:01--  https://files.cloudgdansk.pl/d/otwarte-dane/ztm/bsk.json
Resolving files.cloudgdansk.pl (files.cloudgdansk.pl)... 153.19.238.147
Connecting to files.cloudgdansk.pl (files.cloudgdansk.pl)|153.19.238.147|:443... connected.
HTTP request sent, awaiting response... 200 OK
Length: 60 [text/plain]
Saving to: ‘/root/process_mining/announcements/data/10_05_2022/ann10.05.2022-08-40-01.json’

     0K                                                       100% 12.3M=0s

2022-05-10 08:40:01 (12.3 MB/s) - ‘/root/process_mining/announcements/data/10_05_2022/ann10.05.2022-08-40-01.json’ saved [60/60]

--2022-05-10 08:50:01--  https://files.cloudgdansk.pl/d/otwarte-dane/ztm/bsk.json
Resolving files.cloudgdansk.pl (files.cloudgdansk.pl)... 153.19.238.147
Connecting to files.cloudgdansk.pl (files.cloudgdansk.pl)|153.19.238.147|:443... connected.
HTTP request sent, awaiting response... 200 OK
Length: 60 [text/plain]
Saving to: ‘/root/process_mining/announcements/data/10_05_2022/ann10.05.2022-08-50-01.json’

     0K                                                       100% 12.5M=0s

2022-05-10 08:50:01 (12.5 MB/s) - ‘/root/process_mining/announcements/data/10_05_2022/ann10.05.2022-08-50-01.json’ saved [60/60]

--2022-05-10 09:00:01--  https://files.cloudgdansk.pl/d/otwarte-dane/ztm/bsk.json
Resolving files.cloudgdansk.pl (files.cloudgdansk.pl)... 153.19.238.147
Connecting to files.cloudgdansk.pl (files.cloudgdansk.pl)|153.19.238.147|:443... connected.
HTTP request sent, awaiting response... 200 OK
Length: 60 [text/plain]
Saving to: ‘/root/process_mining/announcements/data/10_05_2022/ann10.05.2022-09-00-01.json’

     0K                                                       100% 13.0M=0s

2022-05-10 09:00:02 (13.0 MB/s) - ‘/root/process_mining/announcements/data/10_05_2022/ann10.05.2022-09-00-01.json’ saved [60/60]

--2022-05-10 09:10:01--  https://files.cloudgdansk.pl/d/otwarte-dane/ztm/bsk.json
Resolving files.cloudgdansk.pl (files.cloudgdansk.pl)... 153.19.238.147
Connecting to files.cloudgdansk.pl (files.cloudgdansk.pl)|153.19.238.147|:443... connected.
HTTP request sent, awaiting response... 200 OK
Length: 60 [text/plain]
Saving to: ‘/root/process_mining/announcements/data/10_05_2022/ann10.05.2022-09-10-01.json’

     0K                                                       100% 12.4M=0s

2022-05-10 09:10:01 (12.4 MB/s) - ‘/root/process_mining/announcements/data/10_05_2022/ann10.05.2022-09-10-01.json’ saved [60/60]

--2022-05-10 09:20:01--  https://files.cloudgdansk.pl/d/otwarte-dane/ztm/bsk.json
Resolving files.cloudgdansk.pl (files.cloudgdansk.pl)... 153.19.238.147
Connecting to files.cloudgdansk.pl (files.cloudgdansk.pl)|153.19.238.147|:443... connected.
HTTP request sent, awaiting response... 200 OK
Length: 60 [text/plain]
Saving to: ‘/root/process_mining/announcements/data/10_05_2022/ann10.05.2022-09-20-01.json’

     0K                                                       100% 11.4M=0s

2022-05-10 09:20:02 (11.4 MB/s) - ‘/root/process_mining/announcements/data/10_05_2022/ann10.05.2022-09-20-01.json’ saved [60/60]

--2022-05-10 09:30:02--  https://files.cloudgdansk.pl/d/otwarte-dane/ztm/bsk.json
Resolving files.cloudgdansk.pl (files.cloudgdansk.pl)... 153.19.238.147
Connecting to files.cloudgdansk.pl (files.cloudgdansk.pl)|153.19.238.147|:443... connected.
HTTP request sent, awaiting response... 200 OK
Length: 60 [text/plain]
Saving to: ‘/root/process_mining/announcements/data/10_05_2022/ann10.05.2022-09-30-02.json’

     0K                                                       100% 12.9M=0s

2022-05-10 09:30:02 (12.9 MB/s) - ‘/root/process_mining/announcements/data/10_05_2022/ann10.05.2022-09-30-02.json’ saved [60/60]

--2022-05-10 09:40:01--  https://files.cloudgdansk.pl/d/otwarte-dane/ztm/bsk.json
Resolving files.cloudgdansk.pl (files.cloudgdansk.pl)... 153.19.238.147
Connecting to files.cloudgdansk.pl (files.cloudgdansk.pl)|153.19.238.147|:443... connected.
HTTP request sent, awaiting response... 200 OK
Length: 60 [text/plain]
Saving to: ‘/root/process_mining/announcements/data/10_05_2022/ann10.05.2022-09-40-01.json’

     0K                                                       100% 11.6M=0s

2022-05-10 09:40:01 (11.6 MB/s) - ‘/root/process_mining/announcements/data/10_05_2022/ann10.05.2022-09-40-01.json’ saved [60/60]

--2022-05-10 09:50:01--  https://files.cloudgdansk.pl/d/otwarte-dane/ztm/bsk.json
Resolving files.cloudgdansk.pl (files.cloudgdansk.pl)... 153.19.238.147
Connecting to files.cloudgdansk.pl (files.cloudgdansk.pl)|153.19.238.147|:443... connected.
HTTP request sent, awaiting response... 200 OK
Length: 60 [text/plain]
Saving to: ‘/root/process_mining/announcements/data/10_05_2022/ann10.05.2022-09-50-01.json’

     0K                                                       100% 11.2M=0s

2022-05-10 09:50:02 (11.2 MB/s) - ‘/root/process_mining/announcements/data/10_05_2022/ann10.05.2022-09-50-01.json’ saved [60/60]

--2022-05-10 10:00:01--  https://files.cloudgdansk.pl/d/otwarte-dane/ztm/bsk.json
Resolving files.cloudgdansk.pl (files.cloudgdansk.pl)... 153.19.238.147
Connecting to files.cloudgdansk.pl (files.cloudgdansk.pl)|153.19.238.147|:443... connected.
HTTP request sent, awaiting response... 200 OK
Length: 60 [text/plain]
Saving to: ‘/root/process_mining/announcements/data/10_05_2022/ann10.05.2022-10-00-01.json’

     0K                                                       100% 12.5M=0s

2022-05-10 10:00:02 (12.5 MB/s) - ‘/root/process_mining/announcements/data/10_05_2022/ann10.05.2022-10-00-01.json’ saved [60/60]

--2022-05-10 10:10:01--  https://files.cloudgdansk.pl/d/otwarte-dane/ztm/bsk.json
Resolving files.cloudgdansk.pl (files.cloudgdansk.pl)... 153.19.238.147
Connecting to files.cloudgdansk.pl (files.cloudgdansk.pl)|153.19.238.147|:443... connected.
HTTP request sent, awaiting response... 200 OK
Length: 60 [text/plain]
Saving to: ‘/root/process_mining/announcements/data/10_05_2022/ann10.05.2022-10-10-01.json’

     0K                                                       100% 11.8M=0s

2022-05-10 10:10:02 (11.8 MB/s) - ‘/root/process_mining/announcements/data/10_05_2022/ann10.05.2022-10-10-01.json’ saved [60/60]

--2022-05-10 10:20:00--  https://files.cloudgdansk.pl/d/otwarte-dane/ztm/bsk.json
Resolving files.cloudgdansk.pl (files.cloudgdansk.pl)... 153.19.238.147
Connecting to files.cloudgdansk.pl (files.cloudgdansk.pl)|153.19.238.147|:443... connected.
HTTP request sent, awaiting response... 200 OK
Length: 60 [text/plain]
Saving to: ‘/root/process_mining/announcements/data/10_05_2022/ann10.05.2022-10-20-00.json’

     0K                                                       100% 12.0M=0s

2022-05-10 10:20:01 (12.0 MB/s) - ‘/root/process_mining/announcements/data/10_05_2022/ann10.05.2022-10-20-00.json’ saved [60/60]

--2022-05-10 10:30:01--  https://files.cloudgdansk.pl/d/otwarte-dane/ztm/bsk.json
Resolving files.cloudgdansk.pl (files.cloudgdansk.pl)... 153.19.238.147
Connecting to files.cloudgdansk.pl (files.cloudgdansk.pl)|153.19.238.147|:443... connected.
HTTP request sent, awaiting response... 200 OK
Length: 60 [text/plain]
Saving to: ‘/root/process_mining/announcements/data/10_05_2022/ann10.05.2022-10-30-01.json’

     0K                                                       100% 12.6M=0s

2022-05-10 10:30:02 (12.6 MB/s) - ‘/root/process_mining/announcements/data/10_05_2022/ann10.05.2022-10-30-01.json’ saved [60/60]

--2022-05-10 10:40:01--  https://files.cloudgdansk.pl/d/otwarte-dane/ztm/bsk.json
Resolving files.cloudgdansk.pl (files.cloudgdansk.pl)... 153.19.238.147
Connecting to files.cloudgdansk.pl (files.cloudgdansk.pl)|153.19.238.147|:443... connected.
HTTP request sent, awaiting response... 200 OK
Length: 60 [text/plain]
Saving to: ‘/root/process_mining/announcements/data/10_05_2022/ann10.05.2022-10-40-01.json’

     0K                                                       100% 11.0M=0s

2022-05-10 10:40:02 (11.0 MB/s) - ‘/root/process_mining/announcements/data/10_05_2022/ann10.05.2022-10-40-01.json’ saved [60/60]

--2022-05-10 10:50:01--  https://files.cloudgdansk.pl/d/otwarte-dane/ztm/bsk.json
Resolving files.cloudgdansk.pl (files.cloudgdansk.pl)... 153.19.238.147
Connecting to files.cloudgdansk.pl (files.cloudgdansk.pl)|153.19.238.147|:443... connected.
HTTP request sent, awaiting response... 200 OK
Length: 60 [text/plain]
Saving to: ‘/root/process_mining/announcements/data/10_05_2022/ann10.05.2022-10-50-01.json’

     0K                                                       100% 11.8M=0s

2022-05-10 10:50:01 (11.8 MB/s) - ‘/root/process_mining/announcements/data/10_05_2022/ann10.05.2022-10-50-01.json’ saved [60/60]

--2022-05-10 11:00:00--  https://files.cloudgdansk.pl/d/otwarte-dane/ztm/bsk.json
Resolving files.cloudgdansk.pl (files.cloudgdansk.pl)... 153.19.238.147
Connecting to files.cloudgdansk.pl (files.cloudgdansk.pl)|153.19.238.147|:443... connected.
HTTP request sent, awaiting response... 200 OK
Length: 60 [text/plain]
Saving to: ‘/root/process_mining/announcements/data/10_05_2022/ann10.05.2022-11-00-00.json’

     0K                                                       100% 12.3M=0s

2022-05-10 11:00:00 (12.3 MB/s) - ‘/root/process_mining/announcements/data/10_05_2022/ann10.05.2022-11-00-00.json’ saved [60/60]

--2022-05-10 11:10:01--  https://files.cloudgdansk.pl/d/otwarte-dane/ztm/bsk.json
Resolving files.cloudgdansk.pl (files.cloudgdansk.pl)... 153.19.238.147
Connecting to files.cloudgdansk.pl (files.cloudgdansk.pl)|153.19.238.147|:443... connected.
HTTP request sent, awaiting response... 200 OK
Length: 60 [text/plain]
Saving to: ‘/root/process_mining/announcements/data/10_05_2022/ann10.05.2022-11-10-01.json’

     0K                                                       100% 10.1M=0s

2022-05-10 11:10:02 (10.1 MB/s) - ‘/root/process_mining/announcements/data/10_05_2022/ann10.05.2022-11-10-01.json’ saved [60/60]

--2022-05-10 11:20:00--  https://files.cloudgdansk.pl/d/otwarte-dane/ztm/bsk.json
Resolving files.cloudgdansk.pl (files.cloudgdansk.pl)... 153.19.238.147
Connecting to files.cloudgdansk.pl (files.cloudgdansk.pl)|153.19.238.147|:443... connected.
HTTP request sent, awaiting response... 200 OK
Length: 60 [text/plain]
Saving to: ‘/root/process_mining/announcements/data/10_05_2022/ann10.05.2022-11-20-00.json’

     0K                                                       100% 11.6M=0s

2022-05-10 11:20:00 (11.6 MB/s) - ‘/root/process_mining/announcements/data/10_05_2022/ann10.05.2022-11-20-00.json’ saved [60/60]

--2022-05-10 11:30:01--  https://files.cloudgdansk.pl/d/otwarte-dane/ztm/bsk.json
Resolving files.cloudgdansk.pl (files.cloudgdansk.pl)... 153.19.238.147
Connecting to files.cloudgdansk.pl (files.cloudgdansk.pl)|153.19.238.147|:443... connected.
HTTP request sent, awaiting response... 200 OK
Length: 60 [text/plain]
Saving to: ‘/root/process_mining/announcements/data/10_05_2022/ann10.05.2022-11-30-01.json’

     0K                                                       100% 12.4M=0s

2022-05-10 11:30:01 (12.4 MB/s) - ‘/root/process_mining/announcements/data/10_05_2022/ann10.05.2022-11-30-01.json’ saved [60/60]

--2022-05-10 11:40:00--  https://files.cloudgdansk.pl/d/otwarte-dane/ztm/bsk.json
Resolving files.cloudgdansk.pl (files.cloudgdansk.pl)... 153.19.238.147
Connecting to files.cloudgdansk.pl (files.cloudgdansk.pl)|153.19.238.147|:443... connected.
HTTP request sent, awaiting response... 200 OK
Length: 60 [text/plain]
Saving to: ‘/root/process_mining/announcements/data/10_05_2022/ann10.05.2022-11-40-00.json’

     0K                                                       100% 12.1M=0s

2022-05-10 11:40:00 (12.1 MB/s) - ‘/root/process_mining/announcements/data/10_05_2022/ann10.05.2022-11-40-00.json’ saved [60/60]

--2022-05-10 11:50:01--  https://files.cloudgdansk.pl/d/otwarte-dane/ztm/bsk.json
Resolving files.cloudgdansk.pl (files.cloudgdansk.pl)... 153.19.238.147
Connecting to files.cloudgdansk.pl (files.cloudgdansk.pl)|153.19.238.147|:443... connected.
HTTP request sent, awaiting response... 200 OK
Length: 60 [text/plain]
Saving to: ‘/root/process_mining/announcements/data/10_05_2022/ann10.05.2022-11-50-01.json’

     0K                                                       100% 12.3M=0s

2022-05-10 11:50:02 (12.3 MB/s) - ‘/root/process_mining/announcements/data/10_05_2022/ann10.05.2022-11-50-01.json’ saved [60/60]

--2022-05-10 12:00:01--  https://files.cloudgdansk.pl/d/otwarte-dane/ztm/bsk.json
Resolving files.cloudgdansk.pl (files.cloudgdansk.pl)... 153.19.238.147
Connecting to files.cloudgdansk.pl (files.cloudgdansk.pl)|153.19.238.147|:443... connected.
HTTP request sent, awaiting response... 200 OK
Length: 60 [text/plain]
Saving to: ‘/root/process_mining/announcements/data/10_05_2022/ann10.05.2022-12-00-02.json’

     0K                                                       100% 12.2M=0s

2022-05-10 12:00:02 (12.2 MB/s) - ‘/root/process_mining/announcements/data/10_05_2022/ann10.05.2022-12-00-02.json’ saved [60/60]

--2022-05-10 12:10:00--  https://files.cloudgdansk.pl/d/otwarte-dane/ztm/bsk.json
Resolving files.cloudgdansk.pl (files.cloudgdansk.pl)... 153.19.238.147
Connecting to files.cloudgdansk.pl (files.cloudgdansk.pl)|153.19.238.147|:443... connected.
HTTP request sent, awaiting response... 200 OK
Length: 60 [text/plain]
Saving to: ‘/root/process_mining/announcements/data/10_05_2022/ann10.05.2022-12-10-00.json’

     0K                                                       100% 12.2M=0s

2022-05-10 12:10:01 (12.2 MB/s) - ‘/root/process_mining/announcements/data/10_05_2022/ann10.05.2022-12-10-00.json’ saved [60/60]

--2022-05-10 12:20:01--  https://files.cloudgdansk.pl/d/otwarte-dane/ztm/bsk.json
Resolving files.cloudgdansk.pl (files.cloudgdansk.pl)... 153.19.238.147
Connecting to files.cloudgdansk.pl (files.cloudgdansk.pl)|153.19.238.147|:443... connected.
HTTP request sent, awaiting response... 200 OK
Length: 60 [text/plain]
Saving to: ‘/root/process_mining/announcements/data/10_05_2022/ann10.05.2022-12-20-01.json’

     0K                                                       100% 12.4M=0s

2022-05-10 12:20:05 (12.4 MB/s) - ‘/root/process_mining/announcements/data/10_05_2022/ann10.05.2022-12-20-01.json’ saved [60/60]

--2022-05-10 12:30:01--  https://files.cloudgdansk.pl/d/otwarte-dane/ztm/bsk.json
Resolving files.cloudgdansk.pl (files.cloudgdansk.pl)... 153.19.238.147
Connecting to files.cloudgdansk.pl (files.cloudgdansk.pl)|153.19.238.147|:443... connected.
HTTP request sent, awaiting response... 200 OK
Length: 60 [text/plain]
Saving to: ‘/root/process_mining/announcements/data/10_05_2022/ann10.05.2022-12-30-01.json’

     0K                                                       100% 12.7M=0s

2022-05-10 12:30:01 (12.7 MB/s) - ‘/root/process_mining/announcements/data/10_05_2022/ann10.05.2022-12-30-01.json’ saved [60/60]

--2022-05-10 12:40:01--  https://files.cloudgdansk.pl/d/otwarte-dane/ztm/bsk.json
Resolving files.cloudgdansk.pl (files.cloudgdansk.pl)... 153.19.238.147
Connecting to files.cloudgdansk.pl (files.cloudgdansk.pl)|153.19.238.147|:443... connected.
HTTP request sent, awaiting response... 200 OK
Length: 60 [text/plain]
Saving to: ‘/root/process_mining/announcements/data/10_05_2022/ann10.05.2022-12-40-01.json’

     0K                                                       100% 12.7M=0s

2022-05-10 12:40:01 (12.7 MB/s) - ‘/root/process_mining/announcements/data/10_05_2022/ann10.05.2022-12-40-01.json’ saved [60/60]

--2022-05-10 12:50:02--  https://files.cloudgdansk.pl/d/otwarte-dane/ztm/bsk.json
Resolving files.cloudgdansk.pl (files.cloudgdansk.pl)... 153.19.238.147
Connecting to files.cloudgdansk.pl (files.cloudgdansk.pl)|153.19.238.147|:443... connected.
HTTP request sent, awaiting response... 200 OK
Length: 60 [text/plain]
Saving to: ‘/root/process_mining/announcements/data/10_05_2022/ann10.05.2022-12-50-02.json’

     0K                                                       100% 11.7M=0s

2022-05-10 12:50:02 (11.7 MB/s) - ‘/root/process_mining/announcements/data/10_05_2022/ann10.05.2022-12-50-02.json’ saved [60/60]

--2022-05-10 13:00:01--  https://files.cloudgdansk.pl/d/otwarte-dane/ztm/bsk.json
Resolving files.cloudgdansk.pl (files.cloudgdansk.pl)... 153.19.238.147
Connecting to files.cloudgdansk.pl (files.cloudgdansk.pl)|153.19.238.147|:443... connected.
HTTP request sent, awaiting response... 200 OK
Length: 60 [text/plain]
Saving to: ‘/root/process_mining/announcements/data/10_05_2022/ann10.05.2022-13-00-01.json’

     0K                                                       100% 12.1M=0s

2022-05-10 13:00:02 (12.1 MB/s) - ‘/root/process_mining/announcements/data/10_05_2022/ann10.05.2022-13-00-01.json’ saved [60/60]

--2022-05-10 13:10:01--  https://files.cloudgdansk.pl/d/otwarte-dane/ztm/bsk.json
Resolving files.cloudgdansk.pl (files.cloudgdansk.pl)... 153.19.238.147
Connecting to files.cloudgdansk.pl (files.cloudgdansk.pl)|153.19.238.147|:443... connected.
HTTP request sent, awaiting response... 200 OK
Length: 60 [text/plain]
Saving to: ‘/root/process_mining/announcements/data/10_05_2022/ann10.05.2022-13-10-01.json’

     0K                                                       100% 8.91M=0s

2022-05-10 13:10:01 (8.91 MB/s) - ‘/root/process_mining/announcements/data/10_05_2022/ann10.05.2022-13-10-01.json’ saved [60/60]

--2022-05-10 13:20:01--  https://files.cloudgdansk.pl/d/otwarte-dane/ztm/bsk.json
Resolving files.cloudgdansk.pl (files.cloudgdansk.pl)... 153.19.238.147
Connecting to files.cloudgdansk.pl (files.cloudgdansk.pl)|153.19.238.147|:443... connected.
HTTP request sent, awaiting response... 200 OK
Length: 60 [text/plain]
Saving to: ‘/root/process_mining/announcements/data/10_05_2022/ann10.05.2022-13-20-01.json’

     0K                                                       100% 12.4M=0s

2022-05-10 13:20:02 (12.4 MB/s) - ‘/root/process_mining/announcements/data/10_05_2022/ann10.05.2022-13-20-01.json’ saved [60/60]

--2022-05-10 13:30:01--  https://files.cloudgdansk.pl/d/otwarte-dane/ztm/bsk.json
Resolving files.cloudgdansk.pl (files.cloudgdansk.pl)... 153.19.238.147
Connecting to files.cloudgdansk.pl (files.cloudgdansk.pl)|153.19.238.147|:443... connected.
HTTP request sent, awaiting response... 200 OK
Length: 60 [text/plain]
Saving to: ‘/root/process_mining/announcements/data/10_05_2022/ann10.05.2022-13-30-01.json’

     0K                                                       100% 10.1M=0s

2022-05-10 13:30:02 (10.1 MB/s) - ‘/root/process_mining/announcements/data/10_05_2022/ann10.05.2022-13-30-01.json’ saved [60/60]

--2022-05-10 13:40:01--  https://files.cloudgdansk.pl/d/otwarte-dane/ztm/bsk.json
Resolving files.cloudgdansk.pl (files.cloudgdansk.pl)... 153.19.238.147
Connecting to files.cloudgdansk.pl (files.cloudgdansk.pl)|153.19.238.147|:443... connected.
HTTP request sent, awaiting response... 200 OK
Length: 60 [text/plain]
Saving to: ‘/root/process_mining/announcements/data/10_05_2022/ann10.05.2022-13-40-01.json’

     0K                                                       100% 12.3M=0s

2022-05-10 13:40:01 (12.3 MB/s) - ‘/root/process_mining/announcements/data/10_05_2022/ann10.05.2022-13-40-01.json’ saved [60/60]

--2022-05-10 13:50:01--  https://files.cloudgdansk.pl/d/otwarte-dane/ztm/bsk.json
Resolving files.cloudgdansk.pl (files.cloudgdansk.pl)... 153.19.238.147
Connecting to files.cloudgdansk.pl (files.cloudgdansk.pl)|153.19.238.147|:443... connected.
HTTP request sent, awaiting response... 200 OK
Length: 60 [text/plain]
Saving to: ‘/root/process_mining/announcements/data/10_05_2022/ann10.05.2022-13-50-01.json’

     0K                                                       100% 13.1M=0s

2022-05-10 13:50:02 (13.1 MB/s) - ‘/root/process_mining/announcements/data/10_05_2022/ann10.05.2022-13-50-01.json’ saved [60/60]

--2022-05-10 14:00:01--  https://files.cloudgdansk.pl/d/otwarte-dane/ztm/bsk.json
Resolving files.cloudgdansk.pl (files.cloudgdansk.pl)... 153.19.238.147
Connecting to files.cloudgdansk.pl (files.cloudgdansk.pl)|153.19.238.147|:443... connected.
HTTP request sent, awaiting response... 200 OK
Length: 60 [text/plain]
Saving to: ‘/root/process_mining/announcements/data/10_05_2022/ann10.05.2022-14-00-01.json’

     0K                                                       100% 9.13M=0s

2022-05-10 14:00:02 (9.13 MB/s) - ‘/root/process_mining/announcements/data/10_05_2022/ann10.05.2022-14-00-01.json’ saved [60/60]

--2022-05-10 14:10:01--  https://files.cloudgdansk.pl/d/otwarte-dane/ztm/bsk.json
Resolving files.cloudgdansk.pl (files.cloudgdansk.pl)... 153.19.238.147
Connecting to files.cloudgdansk.pl (files.cloudgdansk.pl)|153.19.238.147|:443... connected.
HTTP request sent, awaiting response... 200 OK
Length: 60 [text/plain]
Saving to: ‘/root/process_mining/announcements/data/10_05_2022/ann10.05.2022-14-10-01.json’

     0K                                                       100% 11.6M=0s

2022-05-10 14:10:02 (11.6 MB/s) - ‘/root/process_mining/announcements/data/10_05_2022/ann10.05.2022-14-10-01.json’ saved [60/60]

--2022-05-10 14:20:01--  https://files.cloudgdansk.pl/d/otwarte-dane/ztm/bsk.json
Resolving files.cloudgdansk.pl (files.cloudgdansk.pl)... 153.19.238.147
Connecting to files.cloudgdansk.pl (files.cloudgdansk.pl)|153.19.238.147|:443... connected.
HTTP request sent, awaiting response... 200 OK
Length: 60 [text/plain]
Saving to: ‘/root/process_mining/announcements/data/10_05_2022/ann10.05.2022-14-20-01.json’

     0K                                                       100% 11.6M=0s

2022-05-10 14:20:02 (11.6 MB/s) - ‘/root/process_mining/announcements/data/10_05_2022/ann10.05.2022-14-20-01.json’ saved [60/60]

--2022-05-10 14:30:01--  https://files.cloudgdansk.pl/d/otwarte-dane/ztm/bsk.json
Resolving files.cloudgdansk.pl (files.cloudgdansk.pl)... 153.19.238.147
Connecting to files.cloudgdansk.pl (files.cloudgdansk.pl)|153.19.238.147|:443... connected.
HTTP request sent, awaiting response... 200 OK
Length: 60 [text/plain]
Saving to: ‘/root/process_mining/announcements/data/10_05_2022/ann10.05.2022-14-30-01.json’

     0K                                                       100% 12.9M=0s

2022-05-10 14:30:02 (12.9 MB/s) - ‘/root/process_mining/announcements/data/10_05_2022/ann10.05.2022-14-30-01.json’ saved [60/60]

--2022-05-10 14:40:01--  https://files.cloudgdansk.pl/d/otwarte-dane/ztm/bsk.json
Resolving files.cloudgdansk.pl (files.cloudgdansk.pl)... 153.19.238.147
Connecting to files.cloudgdansk.pl (files.cloudgdansk.pl)|153.19.238.147|:443... connected.
HTTP request sent, awaiting response... 200 OK
Length: 60 [text/plain]
Saving to: ‘/root/process_mining/announcements/data/10_05_2022/ann10.05.2022-14-40-01.json’

     0K                                                       100% 10.5M=0s

2022-05-10 14:40:02 (10.5 MB/s) - ‘/root/process_mining/announcements/data/10_05_2022/ann10.05.2022-14-40-01.json’ saved [60/60]

--2022-05-10 14:50:01--  https://files.cloudgdansk.pl/d/otwarte-dane/ztm/bsk.json
Resolving files.cloudgdansk.pl (files.cloudgdansk.pl)... 153.19.238.147
Connecting to files.cloudgdansk.pl (files.cloudgdansk.pl)|153.19.238.147|:443... connected.
HTTP request sent, awaiting response... 200 OK
Length: 60 [text/plain]
Saving to: ‘/root/process_mining/announcements/data/10_05_2022/ann10.05.2022-14-50-01.json’

     0K                                                       100% 10.4M=0s

2022-05-10 14:50:03 (10.4 MB/s) - ‘/root/process_mining/announcements/data/10_05_2022/ann10.05.2022-14-50-01.json’ saved [60/60]

--2022-05-10 15:00:01--  https://files.cloudgdansk.pl/d/otwarte-dane/ztm/bsk.json
Resolving files.cloudgdansk.pl (files.cloudgdansk.pl)... 153.19.238.147
Connecting to files.cloudgdansk.pl (files.cloudgdansk.pl)|153.19.238.147|:443... connected.
HTTP request sent, awaiting response... 200 OK
Length: 60 [text/plain]
Saving to: ‘/root/process_mining/announcements/data/10_05_2022/ann10.05.2022-15-00-01.json’

     0K                                                       100% 12.6M=0s

2022-05-10 15:00:02 (12.6 MB/s) - ‘/root/process_mining/announcements/data/10_05_2022/ann10.05.2022-15-00-01.json’ saved [60/60]

--2022-05-10 15:10:01--  https://files.cloudgdansk.pl/d/otwarte-dane/ztm/bsk.json
Resolving files.cloudgdansk.pl (files.cloudgdansk.pl)... 153.19.238.147
Connecting to files.cloudgdansk.pl (files.cloudgdansk.pl)|153.19.238.147|:443... connected.
HTTP request sent, awaiting response... 200 OK
Length: 60 [text/plain]
Saving to: ‘/root/process_mining/announcements/data/10_05_2022/ann10.05.2022-15-10-01.json’

     0K                                                       100% 11.1M=0s

2022-05-10 15:10:02 (11.1 MB/s) - ‘/root/process_mining/announcements/data/10_05_2022/ann10.05.2022-15-10-01.json’ saved [60/60]

--2022-05-10 15:20:01--  https://files.cloudgdansk.pl/d/otwarte-dane/ztm/bsk.json
Resolving files.cloudgdansk.pl (files.cloudgdansk.pl)... 153.19.238.147
Connecting to files.cloudgdansk.pl (files.cloudgdansk.pl)|153.19.238.147|:443... connected.
HTTP request sent, awaiting response... 200 OK
Length: 60 [text/plain]
Saving to: ‘/root/process_mining/announcements/data/10_05_2022/ann10.05.2022-15-20-01.json’

     0K                                                       100% 12.5M=0s

2022-05-10 15:20:02 (12.5 MB/s) - ‘/root/process_mining/announcements/data/10_05_2022/ann10.05.2022-15-20-01.json’ saved [60/60]

--2022-05-10 15:30:01--  https://files.cloudgdansk.pl/d/otwarte-dane/ztm/bsk.json
Resolving files.cloudgdansk.pl (files.cloudgdansk.pl)... 153.19.238.147
Connecting to files.cloudgdansk.pl (files.cloudgdansk.pl)|153.19.238.147|:443... connected.
HTTP request sent, awaiting response... 200 OK
Length: 60 [text/plain]
Saving to: ‘/root/process_mining/announcements/data/10_05_2022/ann10.05.2022-15-30-01.json’

     0K                                                       100% 11.4M=0s

2022-05-10 15:30:02 (11.4 MB/s) - ‘/root/process_mining/announcements/data/10_05_2022/ann10.05.2022-15-30-01.json’ saved [60/60]

--2022-05-10 15:40:01--  https://files.cloudgdansk.pl/d/otwarte-dane/ztm/bsk.json
Resolving files.cloudgdansk.pl (files.cloudgdansk.pl)... 153.19.238.147
Connecting to files.cloudgdansk.pl (files.cloudgdansk.pl)|153.19.238.147|:443... connected.
HTTP request sent, awaiting response... 200 OK
Length: 60 [text/plain]
Saving to: ‘/root/process_mining/announcements/data/10_05_2022/ann10.05.2022-15-40-01.json’

     0K                                                       100% 11.9M=0s

2022-05-10 15:40:01 (11.9 MB/s) - ‘/root/process_mining/announcements/data/10_05_2022/ann10.05.2022-15-40-01.json’ saved [60/60]

--2022-05-10 15:50:01--  https://files.cloudgdansk.pl/d/otwarte-dane/ztm/bsk.json
Resolving files.cloudgdansk.pl (files.cloudgdansk.pl)... 153.19.238.147
Connecting to files.cloudgdansk.pl (files.cloudgdansk.pl)|153.19.238.147|:443... connected.
HTTP request sent, awaiting response... 200 OK
Length: 60 [text/plain]
Saving to: ‘/root/process_mining/announcements/data/10_05_2022/ann10.05.2022-15-50-01.json’

     0K                                                       100% 11.8M=0s

2022-05-10 15:50:01 (11.8 MB/s) - ‘/root/process_mining/announcements/data/10_05_2022/ann10.05.2022-15-50-01.json’ saved [60/60]

--2022-05-10 16:00:01--  https://files.cloudgdansk.pl/d/otwarte-dane/ztm/bsk.json
Resolving files.cloudgdansk.pl (files.cloudgdansk.pl)... 153.19.238.147
Connecting to files.cloudgdansk.pl (files.cloudgdansk.pl)|153.19.238.147|:443... connected.
HTTP request sent, awaiting response... 200 OK
Length: 60 [text/plain]
Saving to: ‘/root/process_mining/announcements/data/10_05_2022/ann10.05.2022-16-00-01.json’

     0K                                                       100% 12.0M=0s

2022-05-10 16:00:02 (12.0 MB/s) - ‘/root/process_mining/announcements/data/10_05_2022/ann10.05.2022-16-00-01.json’ saved [60/60]

--2022-05-10 16:10:01--  https://files.cloudgdansk.pl/d/otwarte-dane/ztm/bsk.json
Resolving files.cloudgdansk.pl (files.cloudgdansk.pl)... 153.19.238.147
Connecting to files.cloudgdansk.pl (files.cloudgdansk.pl)|153.19.238.147|:443... connected.
HTTP request sent, awaiting response... 200 OK
Length: 60 [text/plain]
Saving to: ‘/root/process_mining/announcements/data/10_05_2022/ann10.05.2022-16-10-01.json’

     0K                                                       100% 11.4M=0s

2022-05-10 16:10:01 (11.4 MB/s) - ‘/root/process_mining/announcements/data/10_05_2022/ann10.05.2022-16-10-01.json’ saved [60/60]

--2022-05-10 16:20:01--  https://files.cloudgdansk.pl/d/otwarte-dane/ztm/bsk.json
Resolving files.cloudgdansk.pl (files.cloudgdansk.pl)... 153.19.238.147
Connecting to files.cloudgdansk.pl (files.cloudgdansk.pl)|153.19.238.147|:443... connected.
HTTP request sent, awaiting response... 200 OK
Length: 60 [text/plain]
Saving to: ‘/root/process_mining/announcements/data/10_05_2022/ann10.05.2022-16-20-01.json’

     0K                                                       100% 11.2M=0s

2022-05-10 16:20:02 (11.2 MB/s) - ‘/root/process_mining/announcements/data/10_05_2022/ann10.05.2022-16-20-01.json’ saved [60/60]

--2022-05-10 16:30:01--  https://files.cloudgdansk.pl/d/otwarte-dane/ztm/bsk.json
Resolving files.cloudgdansk.pl (files.cloudgdansk.pl)... 153.19.238.147
Connecting to files.cloudgdansk.pl (files.cloudgdansk.pl)|153.19.238.147|:443... connected.
HTTP request sent, awaiting response... 200 OK
Length: 60 [text/plain]
Saving to: ‘/root/process_mining/announcements/data/10_05_2022/ann10.05.2022-16-30-01.json’

     0K                                                       100% 11.7M=0s

2022-05-10 16:30:02 (11.7 MB/s) - ‘/root/process_mining/announcements/data/10_05_2022/ann10.05.2022-16-30-01.json’ saved [60/60]

--2022-05-10 16:40:01--  https://files.cloudgdansk.pl/d/otwarte-dane/ztm/bsk.json
Resolving files.cloudgdansk.pl (files.cloudgdansk.pl)... 153.19.238.147
Connecting to files.cloudgdansk.pl (files.cloudgdansk.pl)|153.19.238.147|:443... connected.
HTTP request sent, awaiting response... 200 OK
Length: 60 [text/plain]
Saving to: ‘/root/process_mining/announcements/data/10_05_2022/ann10.05.2022-16-40-01.json’

     0K                                                       100% 12.4M=0s

2022-05-10 16:40:02 (12.4 MB/s) - ‘/root/process_mining/announcements/data/10_05_2022/ann10.05.2022-16-40-01.json’ saved [60/60]

--2022-05-10 16:50:01--  https://files.cloudgdansk.pl/d/otwarte-dane/ztm/bsk.json
Resolving files.cloudgdansk.pl (files.cloudgdansk.pl)... 153.19.238.147
Connecting to files.cloudgdansk.pl (files.cloudgdansk.pl)|153.19.238.147|:443... connected.
HTTP request sent, awaiting response... 200 OK
Length: 60 [text/plain]
Saving to: ‘/root/process_mining/announcements/data/10_05_2022/ann10.05.2022-16-50-01.json’

     0K                                                       100% 12.2M=0s

2022-05-10 16:50:01 (12.2 MB/s) - ‘/root/process_mining/announcements/data/10_05_2022/ann10.05.2022-16-50-01.json’ saved [60/60]

--2022-05-10 17:00:01--  https://files.cloudgdansk.pl/d/otwarte-dane/ztm/bsk.json
Resolving files.cloudgdansk.pl (files.cloudgdansk.pl)... 153.19.238.147
Connecting to files.cloudgdansk.pl (files.cloudgdansk.pl)|153.19.238.147|:443... connected.
HTTP request sent, awaiting response... 200 OK
Length: 60 [text/plain]
Saving to: ‘/root/process_mining/announcements/data/10_05_2022/ann10.05.2022-17-00-01.json’

     0K                                                       100% 12.2M=0s

2022-05-10 17:00:02 (12.2 MB/s) - ‘/root/process_mining/announcements/data/10_05_2022/ann10.05.2022-17-00-01.json’ saved [60/60]

--2022-05-10 17:10:01--  https://files.cloudgdansk.pl/d/otwarte-dane/ztm/bsk.json
Resolving files.cloudgdansk.pl (files.cloudgdansk.pl)... 153.19.238.147
Connecting to files.cloudgdansk.pl (files.cloudgdansk.pl)|153.19.238.147|:443... connected.
HTTP request sent, awaiting response... 200 OK
Length: 60 [text/plain]
Saving to: ‘/root/process_mining/announcements/data/10_05_2022/ann10.05.2022-17-10-01.json’

     0K                                                       100% 11.9M=0s

2022-05-10 17:10:02 (11.9 MB/s) - ‘/root/process_mining/announcements/data/10_05_2022/ann10.05.2022-17-10-01.json’ saved [60/60]

--2022-05-10 17:20:01--  https://files.cloudgdansk.pl/d/otwarte-dane/ztm/bsk.json
Resolving files.cloudgdansk.pl (files.cloudgdansk.pl)... 153.19.238.147
Connecting to files.cloudgdansk.pl (files.cloudgdansk.pl)|153.19.238.147|:443... connected.
HTTP request sent, awaiting response... 200 OK
Length: 60 [text/plain]
Saving to: ‘/root/process_mining/announcements/data/10_05_2022/ann10.05.2022-17-20-01.json’

     0K                                                       100% 3.30M=0s

2022-05-10 17:20:02 (3.30 MB/s) - ‘/root/process_mining/announcements/data/10_05_2022/ann10.05.2022-17-20-01.json’ saved [60/60]

--2022-05-10 17:30:01--  https://files.cloudgdansk.pl/d/otwarte-dane/ztm/bsk.json
Resolving files.cloudgdansk.pl (files.cloudgdansk.pl)... 153.19.238.147
Connecting to files.cloudgdansk.pl (files.cloudgdansk.pl)|153.19.238.147|:443... connected.
HTTP request sent, awaiting response... 200 OK
Length: 60 [text/plain]
Saving to: ‘/root/process_mining/announcements/data/10_05_2022/ann10.05.2022-17-30-01.json’

     0K                                                       100% 12.1M=0s

2022-05-10 17:30:01 (12.1 MB/s) - ‘/root/process_mining/announcements/data/10_05_2022/ann10.05.2022-17-30-01.json’ saved [60/60]

--2022-05-10 17:40:01--  https://files.cloudgdansk.pl/d/otwarte-dane/ztm/bsk.json
Resolving files.cloudgdansk.pl (files.cloudgdansk.pl)... 153.19.238.147
Connecting to files.cloudgdansk.pl (files.cloudgdansk.pl)|153.19.238.147|:443... connected.
HTTP request sent, awaiting response... 200 OK
Length: 60 [text/plain]
Saving to: ‘/root/process_mining/announcements/data/10_05_2022/ann10.05.2022-17-40-01.json’

     0K                                                       100% 12.4M=0s

2022-05-10 17:40:01 (12.4 MB/s) - ‘/root/process_mining/announcements/data/10_05_2022/ann10.05.2022-17-40-01.json’ saved [60/60]

--2022-05-10 17:50:01--  https://files.cloudgdansk.pl/d/otwarte-dane/ztm/bsk.json
Resolving files.cloudgdansk.pl (files.cloudgdansk.pl)... 153.19.238.147
Connecting to files.cloudgdansk.pl (files.cloudgdansk.pl)|153.19.238.147|:443... connected.
HTTP request sent, awaiting response... 200 OK
Length: 60 [text/plain]
Saving to: ‘/root/process_mining/announcements/data/10_05_2022/ann10.05.2022-17-50-01.json’

     0K                                                       100% 12.3M=0s

2022-05-10 17:50:02 (12.3 MB/s) - ‘/root/process_mining/announcements/data/10_05_2022/ann10.05.2022-17-50-01.json’ saved [60/60]

--2022-05-10 18:00:01--  https://files.cloudgdansk.pl/d/otwarte-dane/ztm/bsk.json
Resolving files.cloudgdansk.pl (files.cloudgdansk.pl)... 153.19.238.147
Connecting to files.cloudgdansk.pl (files.cloudgdansk.pl)|153.19.238.147|:443... connected.
HTTP request sent, awaiting response... 200 OK
Length: 60 [text/plain]
Saving to: ‘/root/process_mining/announcements/data/10_05_2022/ann10.05.2022-18-00-01.json’

     0K                                                       100% 12.4M=0s

2022-05-10 18:00:01 (12.4 MB/s) - ‘/root/process_mining/announcements/data/10_05_2022/ann10.05.2022-18-00-01.json’ saved [60/60]

--2022-05-10 18:10:01--  https://files.cloudgdansk.pl/d/otwarte-dane/ztm/bsk.json
Resolving files.cloudgdansk.pl (files.cloudgdansk.pl)... 153.19.238.147
Connecting to files.cloudgdansk.pl (files.cloudgdansk.pl)|153.19.238.147|:443... connected.
HTTP request sent, awaiting response... 200 OK
Length: 60 [text/plain]
Saving to: ‘/root/process_mining/announcements/data/10_05_2022/ann10.05.2022-18-10-01.json’

     0K                                                       100% 12.9M=0s

2022-05-10 18:10:02 (12.9 MB/s) - ‘/root/process_mining/announcements/data/10_05_2022/ann10.05.2022-18-10-01.json’ saved [60/60]

--2022-05-10 18:20:01--  https://files.cloudgdansk.pl/d/otwarte-dane/ztm/bsk.json
Resolving files.cloudgdansk.pl (files.cloudgdansk.pl)... 153.19.238.147
Connecting to files.cloudgdansk.pl (files.cloudgdansk.pl)|153.19.238.147|:443... connected.
HTTP request sent, awaiting response... 200 OK
Length: 60 [text/plain]
Saving to: ‘/root/process_mining/announcements/data/10_05_2022/ann10.05.2022-18-20-01.json’

     0K                                                       100% 11.0M=0s

2022-05-10 18:20:01 (11.0 MB/s) - ‘/root/process_mining/announcements/data/10_05_2022/ann10.05.2022-18-20-01.json’ saved [60/60]

--2022-05-10 18:30:01--  https://files.cloudgdansk.pl/d/otwarte-dane/ztm/bsk.json
Resolving files.cloudgdansk.pl (files.cloudgdansk.pl)... 153.19.238.147
Connecting to files.cloudgdansk.pl (files.cloudgdansk.pl)|153.19.238.147|:443... connected.
HTTP request sent, awaiting response... 200 OK
Length: 60 [text/plain]
Saving to: ‘/root/process_mining/announcements/data/10_05_2022/ann10.05.2022-18-30-01.json’

     0K                                                       100% 11.9M=0s

2022-05-10 18:30:02 (11.9 MB/s) - ‘/root/process_mining/announcements/data/10_05_2022/ann10.05.2022-18-30-01.json’ saved [60/60]

--2022-05-10 18:40:01--  https://files.cloudgdansk.pl/d/otwarte-dane/ztm/bsk.json
Resolving files.cloudgdansk.pl (files.cloudgdansk.pl)... 153.19.238.147
Connecting to files.cloudgdansk.pl (files.cloudgdansk.pl)|153.19.238.147|:443... connected.
HTTP request sent, awaiting response... 200 OK
Length: 60 [text/plain]
Saving to: ‘/root/process_mining/announcements/data/10_05_2022/ann10.05.2022-18-40-01.json’

     0K                                                       100% 12.6M=0s

2022-05-10 18:40:02 (12.6 MB/s) - ‘/root/process_mining/announcements/data/10_05_2022/ann10.05.2022-18-40-01.json’ saved [60/60]

--2022-05-10 18:50:01--  https://files.cloudgdansk.pl/d/otwarte-dane/ztm/bsk.json
Resolving files.cloudgdansk.pl (files.cloudgdansk.pl)... 153.19.238.147
Connecting to files.cloudgdansk.pl (files.cloudgdansk.pl)|153.19.238.147|:443... connected.
HTTP request sent, awaiting response... 200 OK
Length: 60 [text/plain]
Saving to: ‘/root/process_mining/announcements/data/10_05_2022/ann10.05.2022-18-50-01.json’

     0K                                                       100% 13.0M=0s

2022-05-10 18:50:02 (13.0 MB/s) - ‘/root/process_mining/announcements/data/10_05_2022/ann10.05.2022-18-50-01.json’ saved [60/60]

--2022-05-10 19:00:01--  https://files.cloudgdansk.pl/d/otwarte-dane/ztm/bsk.json
Resolving files.cloudgdansk.pl (files.cloudgdansk.pl)... 153.19.238.147
Connecting to files.cloudgdansk.pl (files.cloudgdansk.pl)|153.19.238.147|:443... connected.
HTTP request sent, awaiting response... 200 OK
Length: 60 [text/plain]
Saving to: ‘/root/process_mining/announcements/data/10_05_2022/ann10.05.2022-19-00-01.json’

     0K                                                       100% 11.9M=0s

2022-05-10 19:00:02 (11.9 MB/s) - ‘/root/process_mining/announcements/data/10_05_2022/ann10.05.2022-19-00-01.json’ saved [60/60]

--2022-05-10 19:10:00--  https://files.cloudgdansk.pl/d/otwarte-dane/ztm/bsk.json
Resolving files.cloudgdansk.pl (files.cloudgdansk.pl)... 153.19.238.147
Connecting to files.cloudgdansk.pl (files.cloudgdansk.pl)|153.19.238.147|:443... connected.
HTTP request sent, awaiting response... 200 OK
Length: 60 [text/plain]
Saving to: ‘/root/process_mining/announcements/data/10_05_2022/ann10.05.2022-19-10-00.json’

     0K                                                       100% 12.3M=0s

2022-05-10 19:10:00 (12.3 MB/s) - ‘/root/process_mining/announcements/data/10_05_2022/ann10.05.2022-19-10-00.json’ saved [60/60]

--2022-05-10 19:20:01--  https://files.cloudgdansk.pl/d/otwarte-dane/ztm/bsk.json
Resolving files.cloudgdansk.pl (files.cloudgdansk.pl)... 153.19.238.147
Connecting to files.cloudgdansk.pl (files.cloudgdansk.pl)|153.19.238.147|:443... connected.
HTTP request sent, awaiting response... 200 OK
Length: 60 [text/plain]
Saving to: ‘/root/process_mining/announcements/data/10_05_2022/ann10.05.2022-19-20-01.json’

     0K                                                       100% 10.0M=0s

2022-05-10 19:20:02 (10.0 MB/s) - ‘/root/process_mining/announcements/data/10_05_2022/ann10.05.2022-19-20-01.json’ saved [60/60]

--2022-05-10 19:30:01--  https://files.cloudgdansk.pl/d/otwarte-dane/ztm/bsk.json
Resolving files.cloudgdansk.pl (files.cloudgdansk.pl)... 153.19.238.147
Connecting to files.cloudgdansk.pl (files.cloudgdansk.pl)|153.19.238.147|:443... connected.
HTTP request sent, awaiting response... 200 OK
Length: 60 [text/plain]
Saving to: ‘/root/process_mining/announcements/data/10_05_2022/ann10.05.2022-19-30-01.json’

     0K                                                       100% 11.8M=0s

2022-05-10 19:30:02 (11.8 MB/s) - ‘/root/process_mining/announcements/data/10_05_2022/ann10.05.2022-19-30-01.json’ saved [60/60]

--2022-05-10 19:40:01--  https://files.cloudgdansk.pl/d/otwarte-dane/ztm/bsk.json
Resolving files.cloudgdansk.pl (files.cloudgdansk.pl)... 153.19.238.147
Connecting to files.cloudgdansk.pl (files.cloudgdansk.pl)|153.19.238.147|:443... connected.
HTTP request sent, awaiting response... 200 OK
Length: 60 [text/plain]
Saving to: ‘/root/process_mining/announcements/data/10_05_2022/ann10.05.2022-19-40-01.json’

     0K                                                       100% 10.7M=0s

2022-05-10 19:40:01 (10.7 MB/s) - ‘/root/process_mining/announcements/data/10_05_2022/ann10.05.2022-19-40-01.json’ saved [60/60]

--2022-05-10 19:50:02--  https://files.cloudgdansk.pl/d/otwarte-dane/ztm/bsk.json
Resolving files.cloudgdansk.pl (files.cloudgdansk.pl)... 153.19.238.147
Connecting to files.cloudgdansk.pl (files.cloudgdansk.pl)|153.19.238.147|:443... connected.
HTTP request sent, awaiting response... 200 OK
Length: 60 [text/plain]
Saving to: ‘/root/process_mining/announcements/data/10_05_2022/ann10.05.2022-19-50-02.json’

     0K                                                       100% 9.08M=0s

2022-05-10 19:50:02 (9.08 MB/s) - ‘/root/process_mining/announcements/data/10_05_2022/ann10.05.2022-19-50-02.json’ saved [60/60]

--2022-05-10 20:00:01--  https://files.cloudgdansk.pl/d/otwarte-dane/ztm/bsk.json
Resolving files.cloudgdansk.pl (files.cloudgdansk.pl)... 153.19.238.147
Connecting to files.cloudgdansk.pl (files.cloudgdansk.pl)|153.19.238.147|:443... connected.
HTTP request sent, awaiting response... 200 OK
Length: 60 [text/plain]
Saving to: ‘/root/process_mining/announcements/data/10_05_2022/ann10.05.2022-20-00-01.json’

     0K                                                       100% 12.2M=0s

2022-05-10 20:00:02 (12.2 MB/s) - ‘/root/process_mining/announcements/data/10_05_2022/ann10.05.2022-20-00-01.json’ saved [60/60]

--2022-05-10 20:10:00--  https://files.cloudgdansk.pl/d/otwarte-dane/ztm/bsk.json
Resolving files.cloudgdansk.pl (files.cloudgdansk.pl)... 153.19.238.147
Connecting to files.cloudgdansk.pl (files.cloudgdansk.pl)|153.19.238.147|:443... connected.
HTTP request sent, awaiting response... 200 OK
Length: 60 [text/plain]
Saving to: ‘/root/process_mining/announcements/data/10_05_2022/ann10.05.2022-20-10-00.json’

     0K                                                       100% 11.9M=0s

2022-05-10 20:10:01 (11.9 MB/s) - ‘/root/process_mining/announcements/data/10_05_2022/ann10.05.2022-20-10-00.json’ saved [60/60]

--2022-05-10 20:20:00--  https://files.cloudgdansk.pl/d/otwarte-dane/ztm/bsk.json
Resolving files.cloudgdansk.pl (files.cloudgdansk.pl)... 153.19.238.147
Connecting to files.cloudgdansk.pl (files.cloudgdansk.pl)|153.19.238.147|:443... connected.
HTTP request sent, awaiting response... 200 OK
Length: 60 [text/plain]
Saving to: ‘/root/process_mining/announcements/data/10_05_2022/ann10.05.2022-20-20-00.json’

     0K                                                       100% 4.61M=0s

2022-05-10 20:20:00 (4.61 MB/s) - ‘/root/process_mining/announcements/data/10_05_2022/ann10.05.2022-20-20-00.json’ saved [60/60]

--2022-05-10 20:30:01--  https://files.cloudgdansk.pl/d/otwarte-dane/ztm/bsk.json
Resolving files.cloudgdansk.pl (files.cloudgdansk.pl)... 153.19.238.147
Connecting to files.cloudgdansk.pl (files.cloudgdansk.pl)|153.19.238.147|:443... connected.
HTTP request sent, awaiting response... 200 OK
Length: 60 [text/plain]
Saving to: ‘/root/process_mining/announcements/data/10_05_2022/ann10.05.2022-20-30-01.json’

     0K                                                       100% 12.5M=0s

2022-05-10 20:30:01 (12.5 MB/s) - ‘/root/process_mining/announcements/data/10_05_2022/ann10.05.2022-20-30-01.json’ saved [60/60]

--2022-05-10 20:40:01--  https://files.cloudgdansk.pl/d/otwarte-dane/ztm/bsk.json
Resolving files.cloudgdansk.pl (files.cloudgdansk.pl)... 153.19.238.147
Connecting to files.cloudgdansk.pl (files.cloudgdansk.pl)|153.19.238.147|:443... connected.
HTTP request sent, awaiting response... 200 OK
Length: 60 [text/plain]
Saving to: ‘/root/process_mining/announcements/data/10_05_2022/ann10.05.2022-20-40-01.json’

     0K                                                       100% 11.8M=0s

2022-05-10 20:40:02 (11.8 MB/s) - ‘/root/process_mining/announcements/data/10_05_2022/ann10.05.2022-20-40-01.json’ saved [60/60]

--2022-05-10 20:50:01--  https://files.cloudgdansk.pl/d/otwarte-dane/ztm/bsk.json
Resolving files.cloudgdansk.pl (files.cloudgdansk.pl)... 153.19.238.147
Connecting to files.cloudgdansk.pl (files.cloudgdansk.pl)|153.19.238.147|:443... connected.
HTTP request sent, awaiting response... 200 OK
Length: 60 [text/plain]
Saving to: ‘/root/process_mining/announcements/data/10_05_2022/ann10.05.2022-20-50-01.json’

     0K                                                       100% 11.8M=0s

2022-05-10 20:50:02 (11.8 MB/s) - ‘/root/process_mining/announcements/data/10_05_2022/ann10.05.2022-20-50-01.json’ saved [60/60]

--2022-05-10 21:00:01--  https://files.cloudgdansk.pl/d/otwarte-dane/ztm/bsk.json
Resolving files.cloudgdansk.pl (files.cloudgdansk.pl)... 153.19.238.147
Connecting to files.cloudgdansk.pl (files.cloudgdansk.pl)|153.19.238.147|:443... connected.
HTTP request sent, awaiting response... 200 OK
Length: 60 [text/plain]
Saving to: ‘/root/process_mining/announcements/data/10_05_2022/ann10.05.2022-21-00-01.json’

     0K                                                       100% 12.1M=0s

2022-05-10 21:00:01 (12.1 MB/s) - ‘/root/process_mining/announcements/data/10_05_2022/ann10.05.2022-21-00-01.json’ saved [60/60]

--2022-05-10 21:10:01--  https://files.cloudgdansk.pl/d/otwarte-dane/ztm/bsk.json
Resolving files.cloudgdansk.pl (files.cloudgdansk.pl)... 153.19.238.147
Connecting to files.cloudgdansk.pl (files.cloudgdansk.pl)|153.19.238.147|:443... connected.
HTTP request sent, awaiting response... 200 OK
Length: 60 [text/plain]
Saving to: ‘/root/process_mining/announcements/data/10_05_2022/ann10.05.2022-21-10-01.json’

     0K                                                       100% 11.8M=0s

2022-05-10 21:10:01 (11.8 MB/s) - ‘/root/process_mining/announcements/data/10_05_2022/ann10.05.2022-21-10-01.json’ saved [60/60]

--2022-05-10 21:20:01--  https://files.cloudgdansk.pl/d/otwarte-dane/ztm/bsk.json
Resolving files.cloudgdansk.pl (files.cloudgdansk.pl)... 153.19.238.147
Connecting to files.cloudgdansk.pl (files.cloudgdansk.pl)|153.19.238.147|:443... connected.
HTTP request sent, awaiting response... 200 OK
Length: 60 [text/plain]
Saving to: ‘/root/process_mining/announcements/data/10_05_2022/ann10.05.2022-21-20-01.json’

     0K                                                       100% 3.23M=0s

2022-05-10 21:20:01 (3.23 MB/s) - ‘/root/process_mining/announcements/data/10_05_2022/ann10.05.2022-21-20-01.json’ saved [60/60]

--2022-05-10 21:30:01--  https://files.cloudgdansk.pl/d/otwarte-dane/ztm/bsk.json
Resolving files.cloudgdansk.pl (files.cloudgdansk.pl)... 153.19.238.147
Connecting to files.cloudgdansk.pl (files.cloudgdansk.pl)|153.19.238.147|:443... connected.
HTTP request sent, awaiting response... 200 OK
Length: 60 [text/plain]
Saving to: ‘/root/process_mining/announcements/data/10_05_2022/ann10.05.2022-21-30-01.json’

     0K                                                       100% 12.6M=0s

2022-05-10 21:30:02 (12.6 MB/s) - ‘/root/process_mining/announcements/data/10_05_2022/ann10.05.2022-21-30-01.json’ saved [60/60]

--2022-05-10 21:40:01--  https://files.cloudgdansk.pl/d/otwarte-dane/ztm/bsk.json
Resolving files.cloudgdansk.pl (files.cloudgdansk.pl)... 153.19.238.147
Connecting to files.cloudgdansk.pl (files.cloudgdansk.pl)|153.19.238.147|:443... connected.
HTTP request sent, awaiting response... 200 OK
Length: 60 [text/plain]
Saving to: ‘/root/process_mining/announcements/data/10_05_2022/ann10.05.2022-21-40-01.json’

     0K                                                       100% 9.39M=0s

2022-05-10 21:40:01 (9.39 MB/s) - ‘/root/process_mining/announcements/data/10_05_2022/ann10.05.2022-21-40-01.json’ saved [60/60]

--2022-05-10 21:50:01--  https://files.cloudgdansk.pl/d/otwarte-dane/ztm/bsk.json
Resolving files.cloudgdansk.pl (files.cloudgdansk.pl)... 153.19.238.147
Connecting to files.cloudgdansk.pl (files.cloudgdansk.pl)|153.19.238.147|:443... connected.
HTTP request sent, awaiting response... 200 OK
Length: 60 [text/plain]
Saving to: ‘/root/process_mining/announcements/data/10_05_2022/ann10.05.2022-21-50-01.json’

     0K                                                       100% 11.9M=0s

2022-05-10 21:50:02 (11.9 MB/s) - ‘/root/process_mining/announcements/data/10_05_2022/ann10.05.2022-21-50-01.json’ saved [60/60]

--2022-05-10 22:00:01--  https://files.cloudgdansk.pl/d/otwarte-dane/ztm/bsk.json
Resolving files.cloudgdansk.pl (files.cloudgdansk.pl)... 153.19.238.147
Connecting to files.cloudgdansk.pl (files.cloudgdansk.pl)|153.19.238.147|:443... connected.
HTTP request sent, awaiting response... 200 OK
Length: 60 [text/plain]
Saving to: ‘/root/process_mining/announcements/data/10_05_2022/ann10.05.2022-22-00-01.json’

     0K                                                       100% 11.6M=0s

2022-05-10 22:00:02 (11.6 MB/s) - ‘/root/process_mining/announcements/data/10_05_2022/ann10.05.2022-22-00-01.json’ saved [60/60]

--2022-05-10 22:10:01--  https://files.cloudgdansk.pl/d/otwarte-dane/ztm/bsk.json
Resolving files.cloudgdansk.pl (files.cloudgdansk.pl)... 153.19.238.147
Connecting to files.cloudgdansk.pl (files.cloudgdansk.pl)|153.19.238.147|:443... connected.
HTTP request sent, awaiting response... 200 OK
Length: 60 [text/plain]
Saving to: ‘/root/process_mining/announcements/data/10_05_2022/ann10.05.2022-22-10-01.json’

     0K                                                       100% 11.0M=0s

2022-05-10 22:10:01 (11.0 MB/s) - ‘/root/process_mining/announcements/data/10_05_2022/ann10.05.2022-22-10-01.json’ saved [60/60]

--2022-05-10 22:20:02--  https://files.cloudgdansk.pl/d/otwarte-dane/ztm/bsk.json
Resolving files.cloudgdansk.pl (files.cloudgdansk.pl)... 153.19.238.147
Connecting to files.cloudgdansk.pl (files.cloudgdansk.pl)|153.19.238.147|:443... connected.
HTTP request sent, awaiting response... 200 OK
Length: 60 [text/plain]
Saving to: ‘/root/process_mining/announcements/data/10_05_2022/ann10.05.2022-22-20-02.json’

     0K                                                       100% 12.4M=0s

2022-05-10 22:20:02 (12.4 MB/s) - ‘/root/process_mining/announcements/data/10_05_2022/ann10.05.2022-22-20-02.json’ saved [60/60]

--2022-05-10 22:30:01--  https://files.cloudgdansk.pl/d/otwarte-dane/ztm/bsk.json
Resolving files.cloudgdansk.pl (files.cloudgdansk.pl)... 153.19.238.147
Connecting to files.cloudgdansk.pl (files.cloudgdansk.pl)|153.19.238.147|:443... connected.
HTTP request sent, awaiting response... 200 OK
Length: 60 [text/plain]
Saving to: ‘/root/process_mining/announcements/data/10_05_2022/ann10.05.2022-22-30-01.json’

     0K                                                       100% 12.7M=0s

2022-05-10 22:30:02 (12.7 MB/s) - ‘/root/process_mining/announcements/data/10_05_2022/ann10.05.2022-22-30-01.json’ saved [60/60]

--2022-05-10 22:40:01--  https://files.cloudgdansk.pl/d/otwarte-dane/ztm/bsk.json
Resolving files.cloudgdansk.pl (files.cloudgdansk.pl)... 153.19.238.147
Connecting to files.cloudgdansk.pl (files.cloudgdansk.pl)|153.19.238.147|:443... connected.
HTTP request sent, awaiting response... 200 OK
Length: 60 [text/plain]
Saving to: ‘/root/process_mining/announcements/data/10_05_2022/ann10.05.2022-22-40-01.json’

     0K                                                       100% 12.1M=0s

2022-05-10 22:40:01 (12.1 MB/s) - ‘/root/process_mining/announcements/data/10_05_2022/ann10.05.2022-22-40-01.json’ saved [60/60]

--2022-05-10 22:50:01--  https://files.cloudgdansk.pl/d/otwarte-dane/ztm/bsk.json
Resolving files.cloudgdansk.pl (files.cloudgdansk.pl)... 153.19.238.147
Connecting to files.cloudgdansk.pl (files.cloudgdansk.pl)|153.19.238.147|:443... connected.
HTTP request sent, awaiting response... 200 OK
Length: 60 [text/plain]
Saving to: ‘/root/process_mining/announcements/data/10_05_2022/ann10.05.2022-22-50-01.json’

     0K                                                       100% 12.1M=0s

2022-05-10 22:50:01 (12.1 MB/s) - ‘/root/process_mining/announcements/data/10_05_2022/ann10.05.2022-22-50-01.json’ saved [60/60]

--2022-05-10 23:00:01--  https://files.cloudgdansk.pl/d/otwarte-dane/ztm/bsk.json
Resolving files.cloudgdansk.pl (files.cloudgdansk.pl)... 153.19.238.147
Connecting to files.cloudgdansk.pl (files.cloudgdansk.pl)|153.19.238.147|:443... connected.
HTTP request sent, awaiting response... 200 OK
Length: 60 [text/plain]
Saving to: ‘/root/process_mining/announcements/data/10_05_2022/ann10.05.2022-23-00-01.json’

     0K                                                       100% 12.0M=0s

2022-05-10 23:00:01 (12.0 MB/s) - ‘/root/process_mining/announcements/data/10_05_2022/ann10.05.2022-23-00-01.json’ saved [60/60]

--2022-05-10 23:10:01--  https://files.cloudgdansk.pl/d/otwarte-dane/ztm/bsk.json
Resolving files.cloudgdansk.pl (files.cloudgdansk.pl)... 153.19.238.147
Connecting to files.cloudgdansk.pl (files.cloudgdansk.pl)|153.19.238.147|:443... connected.
HTTP request sent, awaiting response... 200 OK
Length: 60 [text/plain]
Saving to: ‘/root/process_mining/announcements/data/10_05_2022/ann10.05.2022-23-10-01.json’

     0K                                                       100% 10.9M=0s

2022-05-10 23:10:01 (10.9 MB/s) - ‘/root/process_mining/announcements/data/10_05_2022/ann10.05.2022-23-10-01.json’ saved [60/60]

--2022-05-10 23:20:01--  https://files.cloudgdansk.pl/d/otwarte-dane/ztm/bsk.json
Resolving files.cloudgdansk.pl (files.cloudgdansk.pl)... 153.19.238.147
Connecting to files.cloudgdansk.pl (files.cloudgdansk.pl)|153.19.238.147|:443... connected.
HTTP request sent, awaiting response... 200 OK
Length: 60 [text/plain]
Saving to: ‘/root/process_mining/announcements/data/10_05_2022/ann10.05.2022-23-20-01.json’

     0K                                                       100% 11.3M=0s

2022-05-10 23:20:02 (11.3 MB/s) - ‘/root/process_mining/announcements/data/10_05_2022/ann10.05.2022-23-20-01.json’ saved [60/60]

--2022-05-10 23:30:01--  https://files.cloudgdansk.pl/d/otwarte-dane/ztm/bsk.json
Resolving files.cloudgdansk.pl (files.cloudgdansk.pl)... 153.19.238.147
Connecting to files.cloudgdansk.pl (files.cloudgdansk.pl)|153.19.238.147|:443... connected.
HTTP request sent, awaiting response... 200 OK
Length: 60 [text/plain]
Saving to: ‘/root/process_mining/announcements/data/10_05_2022/ann10.05.2022-23-30-01.json’

     0K                                                       100% 11.3M=0s

2022-05-10 23:30:01 (11.3 MB/s) - ‘/root/process_mining/announcements/data/10_05_2022/ann10.05.2022-23-30-01.json’ saved [60/60]

--2022-05-10 23:40:01--  https://files.cloudgdansk.pl/d/otwarte-dane/ztm/bsk.json
Resolving files.cloudgdansk.pl (files.cloudgdansk.pl)... 153.19.238.147
Connecting to files.cloudgdansk.pl (files.cloudgdansk.pl)|153.19.238.147|:443... connected.
HTTP request sent, awaiting response... 200 OK
Length: 60 [text/plain]
Saving to: ‘/root/process_mining/announcements/data/10_05_2022/ann10.05.2022-23-40-01.json’

     0K                                                       100% 12.0M=0s

2022-05-10 23:40:02 (12.0 MB/s) - ‘/root/process_mining/announcements/data/10_05_2022/ann10.05.2022-23-40-01.json’ saved [60/60]

--2022-05-10 23:50:01--  https://files.cloudgdansk.pl/d/otwarte-dane/ztm/bsk.json
Resolving files.cloudgdansk.pl (files.cloudgdansk.pl)... 153.19.238.147
Connecting to files.cloudgdansk.pl (files.cloudgdansk.pl)|153.19.238.147|:443... connected.
HTTP request sent, awaiting response... 200 OK
Length: 60 [text/plain]
Saving to: ‘/root/process_mining/announcements/data/10_05_2022/ann10.05.2022-23-50-01.json’

     0K                                                       100% 12.2M=0s

2022-05-10 23:50:02 (12.2 MB/s) - ‘/root/process_mining/announcements/data/10_05_2022/ann10.05.2022-23-50-01.json’ saved [60/60]

