--2022-05-10 02:55:01--  https://ckan.multimediagdansk.pl/dataset/c24aa637-3619-4dc2-a171-a23eec8f2172/resource/3115d29d-b763-4af5-93f6-763b835967d6/download/stopsintrip.json
Resolving ckan.multimediagdansk.pl (ckan.multimediagdansk.pl)... 91.244.248.30
Connecting to ckan.multimediagdansk.pl (ckan.multimediagdansk.pl)|91.244.248.30|:443... connected.
HTTP request sent, awaiting response... 200 OK
Length: 25542109 (24M) [application/json]
Saving to: ‘/root/process_mining/trips_tracing/stopsintrip.json’

     0K .......... .......... .......... .......... ..........  0%  875K 28s
    50K .......... .......... .......... .......... ..........  0% 1.71M 21s
   100K .......... .......... .......... .......... ..........  0% 65.6M 14s
   150K .......... .......... .......... .......... ..........  0%  126M 11s
   200K .......... .......... .......... .......... ..........  1% 1.67M 11s
   250K .......... .......... .......... .......... ..........  1%  107M 10s
   300K .......... .......... .......... .......... ..........  1% 85.8M 8s
   350K .......... .......... .......... .......... ..........  1%  133M 7s
   400K .......... .......... .......... .......... ..........  1% 1.89M 8s
   450K .......... .......... .......... .......... ..........  2% 57.8M 7s
   500K .......... .......... .......... .......... ..........  2% 64.2M 6s
   550K .......... .......... .......... .......... ..........  2% 64.5M 6s
   600K .......... .......... .......... .......... ..........  2% 69.4M 5s
   650K .......... .......... .......... .......... ..........  2% 92.5M 5s
   700K .......... .......... .......... .......... ..........  3% 73.1M 5s
   750K .......... .......... .......... .......... ..........  3%  134M 4s
   800K .......... .......... .......... .......... ..........  3%  143M 4s
   850K .......... .......... .......... .......... ..........  3% 2.06M 5s
   900K .......... .......... .......... .......... ..........  3% 54.8M 4s
   950K .......... .......... .......... .......... ..........  4% 66.3M 4s
  1000K .......... .......... .......... .......... ..........  4% 70.5M 4s
  1050K .......... .......... .......... .......... ..........  4% 67.1M 4s
  1100K .......... .......... .......... .......... ..........  4% 52.1M 4s
  1150K .......... .......... .......... .......... ..........  4% 76.8M 3s
  1200K .......... .......... .......... .......... ..........  5% 83.4M 3s
  1250K .......... .......... .......... .......... ..........  5%  106M 3s
  1300K .......... .......... .......... .......... ..........  5% 68.3M 3s
  1350K .......... .......... .......... .......... ..........  5% 72.3M 3s
  1400K .......... .......... .......... .......... ..........  5% 85.6M 3s
  1450K .......... .......... .......... .......... ..........  6% 75.1M 3s
  1500K .......... .......... .......... .......... ..........  6%  146M 3s
  1550K .......... .......... .......... .......... ..........  6%  155M 3s
  1600K .......... .......... .......... .......... ..........  6%  122M 3s
  1650K .......... .......... .......... .......... ..........  6%  152M 2s
  1700K .......... .......... .......... .......... ..........  7%  138M 2s
  1750K .......... .......... .......... .......... ..........  7% 2.62M 3s
  1800K .......... .......... .......... .......... ..........  7% 87.1M 3s
  1850K .......... .......... .......... .......... ..........  7% 62.8M 2s
  1900K .......... .......... .......... .......... ..........  7% 84.3M 2s
  1950K .......... .......... .......... .......... ..........  8% 77.2M 2s
  2000K .......... .......... .......... .......... ..........  8% 84.3M 2s
  2050K .......... .......... .......... .......... ..........  8% 93.0M 2s
  2100K .......... .......... .......... .......... ..........  8% 75.8M 2s
  2150K .......... .......... .......... .......... ..........  8%  117M 2s
  2200K .......... .......... .......... .......... ..........  9% 79.4M 2s
  2250K .......... .......... .......... .......... ..........  9% 97.6M 2s
  2300K .......... .......... .......... .......... ..........  9% 83.8M 2s
  2350K .......... .......... .......... .......... ..........  9% 79.1M 2s
  2400K .......... .......... .......... .......... ..........  9%  107M 2s
  2450K .......... .......... .......... .......... .......... 10% 93.5M 2s
  2500K .......... .......... .......... .......... .......... 10% 99.5M 2s
  2550K .......... .......... .......... .......... .......... 10% 1.72M 2s
  2600K .......... .......... .......... .......... .......... 10% 36.1M 2s
  2650K .......... .......... .......... .......... .......... 10% 76.7M 2s
  2700K .......... .......... .......... .......... .......... 11% 91.2M 2s
  2750K .......... .......... .......... .......... .......... 11%  124M 2s
  2800K .......... .......... .......... .......... .......... 11%  136M 2s
  2850K .......... .......... .......... .......... .......... 11%  108M 2s
  2900K .......... .......... .......... .......... .......... 11%  136M 2s
  2950K .......... .......... .......... .......... .......... 12%  106M 2s
  3000K .......... .......... .......... .......... .......... 12%  156M 2s
  3050K .......... .......... .......... .......... .......... 12%  112M 2s
  3100K .......... .......... .......... .......... .......... 12%  108M 2s
  3150K .......... .......... .......... .......... .......... 12%  142M 2s
  3200K .......... .......... .......... .......... .......... 13% 91.5M 2s
  3250K .......... .......... .......... .......... .......... 13%  122M 2s
  3300K .......... .......... .......... .......... .......... 13%  128M 2s
  3350K .......... .......... .......... .......... .......... 13%  124M 2s
  3400K .......... .......... .......... .......... .......... 13%  116M 2s
  3450K .......... .......... .......... .......... .......... 14%  129M 2s
  3500K .......... .......... .......... .......... .......... 14%  112M 1s
  3550K .......... .......... .......... .......... .......... 14%  112M 1s
  3600K .......... .......... .......... .......... .......... 14%  132M 1s
  3650K .......... .......... .......... .......... .......... 14%  108M 1s
  3700K .......... .......... .......... .......... .......... 15%  137M 1s
  3750K .......... .......... .......... .......... .......... 15%  139M 1s
  3800K .......... .......... .......... .......... .......... 15%  103M 1s
  3850K .......... .......... .......... .......... .......... 15%  130M 1s
  3900K .......... .......... .......... .......... .......... 15%  105M 1s
  3950K .......... .......... .......... .......... .......... 16%  140M 1s
  4000K .......... .......... .......... .......... .......... 16% 47.0M 1s
  4050K .......... .......... .......... .......... .......... 16% 29.6M 1s
  4100K .......... .......... .......... .......... .......... 16% 36.2M 1s
  4150K .......... .......... .......... .......... .......... 16% 29.9M 1s
  4200K .......... .......... .......... .......... .......... 17% 38.4M 1s
  4250K .......... .......... .......... .......... .......... 17% 30.6M 1s
  4300K .......... .......... .......... .......... .......... 17% 7.92M 1s
  4350K .......... .......... .......... .......... .......... 17% 45.0M 1s
  4400K .......... .......... .......... .......... .......... 17% 68.6M 1s
  4450K .......... .......... .......... .......... .......... 18% 46.4M 1s
  4500K .......... .......... .......... .......... .......... 18% 86.0M 1s
  4550K .......... .......... .......... .......... .......... 18% 61.5M 1s
  4600K .......... .......... .......... .......... .......... 18% 1.61M 1s
  4650K .......... .......... .......... .......... .......... 18% 36.7M 1s
  4700K .......... .......... .......... .......... .......... 19%  140M 1s
  4750K .......... .......... .......... .......... .......... 19%  153M 1s
  4800K .......... .......... .......... .......... .......... 19% 80.5M 1s
  4850K .......... .......... .......... .......... .......... 19%  130M 1s
  4900K .......... .......... .......... .......... .......... 19% 79.8M 1s
  4950K .......... .......... .......... .......... .......... 20%  148M 1s
  5000K .......... .......... .......... .......... .......... 20%  161M 1s
  5050K .......... .......... .......... .......... .......... 20% 83.1M 1s
  5100K .......... .......... .......... .......... .......... 20%  158M 1s
  5150K .......... .......... .......... .......... .......... 20%  106M 1s
  5200K .......... .......... .......... .......... .......... 21%  103M 1s
  5250K .......... .......... .......... .......... .......... 21%  156M 1s
  5300K .......... .......... .......... .......... .......... 21% 90.1M 1s
  5350K .......... .......... .......... .......... .......... 21%  157M 1s
  5400K .......... .......... .......... .......... .......... 21%  125M 1s
  5450K .......... .......... .......... .......... .......... 22% 98.2M 1s
  5500K .......... .......... .......... .......... .......... 22%  148M 1s
  5550K .......... .......... .......... .......... .......... 22%  126M 1s
  5600K .......... .......... .......... .......... .......... 22% 98.6M 1s
  5650K .......... .......... .......... .......... .......... 22%  140M 1s
  5700K .......... .......... .......... .......... .......... 23%  110M 1s
  5750K .......... .......... .......... .......... .......... 23%  144M 1s
  5800K .......... .......... .......... .......... .......... 23%  122M 1s
  5850K .......... .......... .......... .......... .......... 23% 97.5M 1s
  5900K .......... .......... .......... .......... .......... 23%  140M 1s
  5950K .......... .......... .......... .......... .......... 24%  116M 1s
  6000K .......... .......... .......... .......... .......... 24%  121M 1s
  6050K .......... .......... .......... .......... .......... 24% 26.2M 1s
  6100K .......... .......... .......... .......... .......... 24% 42.4M 1s
  6150K .......... .......... .......... .......... .......... 24% 40.3M 1s
  6200K .......... .......... .......... .......... .......... 25% 40.6M 1s
  6250K .......... .......... .......... .......... .......... 25% 36.3M 1s
  6300K .......... .......... .......... .......... .......... 25% 27.1M 1s
  6350K .......... .......... .......... .......... .......... 25% 44.6M 1s
  6400K .......... .......... .......... .......... .......... 25% 38.2M 1s
  6450K .......... .......... .......... .......... .......... 26% 40.7M 1s
  6500K .......... .......... .......... .......... .......... 26% 27.7M 1s
  6550K .......... .......... .......... .......... .......... 26% 61.6M 1s
  6600K .......... .......... .......... .......... .......... 26% 45.7M 1s
  6650K .......... .......... .......... .......... .......... 26% 45.8M 1s
  6700K .......... .......... .......... .......... .......... 27% 86.1M 1s
  6750K .......... .......... .......... .......... .......... 27% 62.0M 1s
  6800K .......... .......... .......... .......... .......... 27% 29.1M 1s
  6850K .......... .......... .......... .......... .......... 27% 35.6M 1s
  6900K .......... .......... .......... .......... .......... 27% 30.5M 1s
  6950K .......... .......... .......... .......... .......... 28% 28.1M 1s
  7000K .......... .......... .......... .......... .......... 28% 16.2M 1s
  7050K .......... .......... .......... .......... .......... 28% 30.2M 1s
  7100K .......... .......... .......... .......... .......... 28% 26.9M 1s
  7150K .......... .......... .......... .......... .......... 28% 19.4M 1s
  7200K .......... .......... .......... .......... .......... 29% 29.0M 1s
  7250K .......... .......... .......... .......... .......... 29% 24.2M 1s
  7300K .......... .......... .......... .......... .......... 29% 23.5M 1s
  7350K .......... .......... .......... .......... .......... 29% 22.7M 1s
  7400K .......... .......... .......... .......... .......... 29% 31.1M 1s
  7450K .......... .......... .......... .......... .......... 30% 34.0M 1s
  7500K .......... .......... .......... .......... .......... 30% 33.8M 1s
  7550K .......... .......... .......... .......... .......... 30% 29.0M 1s
  7600K .......... .......... .......... .......... .......... 30% 34.1M 1s
  7650K .......... .......... .......... .......... .......... 30% 30.2M 1s
  7700K .......... .......... .......... .......... .......... 31% 33.6M 1s
  7750K .......... .......... .......... .......... .......... 31% 31.5M 1s
  7800K .......... .......... .......... .......... .......... 31% 30.4M 1s
  7850K .......... .......... .......... .......... .......... 31% 35.9M 1s
  7900K .......... .......... .......... .......... .......... 31% 29.0M 1s
  7950K .......... .......... .......... .......... .......... 32% 34.5M 1s
  8000K .......... .......... .......... .......... .......... 32% 34.0M 1s
  8050K .......... .......... .......... .......... .......... 32% 32.1M 1s
  8100K .......... .......... .......... .......... .......... 32% 34.1M 1s
  8150K .......... .......... .......... .......... .......... 32% 28.8M 1s
  8200K .......... .......... .......... .......... .......... 33% 36.4M 1s
  8250K .......... .......... .......... .......... .......... 33% 35.1M 1s
  8300K .......... .......... .......... .......... .......... 33% 29.4M 1s
  8350K .......... .......... .......... .......... .......... 33% 35.5M 1s
  8400K .......... .......... .......... .......... .......... 33% 28.1M 1s
  8450K .......... .......... .......... .......... .......... 34% 35.8M 1s
  8500K .......... .......... .......... .......... .......... 34% 34.1M 1s
  8550K .......... .......... .......... .......... .......... 34% 28.5M 1s
  8600K .......... .......... .......... .......... .......... 34% 34.4M 1s
  8650K .......... .......... .......... .......... .......... 34% 28.4M 1s
  8700K .......... .......... .......... .......... .......... 35% 35.3M 1s
  8750K .......... .......... .......... .......... .......... 35% 36.1M 1s
  8800K .......... .......... .......... .......... .......... 35% 29.3M 1s
  8850K .......... .......... .......... .......... .......... 35% 33.7M 1s
  8900K .......... .......... .......... .......... .......... 35% 29.3M 1s
  8950K .......... .......... .......... .......... .......... 36% 32.0M 1s
  9000K .......... .......... .......... .......... .......... 36% 36.3M 1s
  9050K .......... .......... .......... .......... .......... 36% 28.7M 1s
  9100K .......... .......... .......... .......... .......... 36% 37.0M 1s
  9150K .......... .......... .......... .......... .......... 36% 28.9M 1s
  9200K .......... .......... .......... .......... .......... 37% 37.3M 1s
  9250K .......... .......... .......... .......... .......... 37% 33.7M 1s
  9300K .......... .......... .......... .......... .......... 37% 31.2M 1s
  9350K .......... .......... .......... .......... .......... 37% 34.6M 1s
  9400K .......... .......... .......... .......... .......... 37% 30.3M 1s
  9450K .......... .......... .......... .......... .......... 38% 34.4M 1s
  9500K .......... .......... .......... .......... .......... 38% 35.7M 1s
  9550K .......... .......... .......... .......... .......... 38% 29.8M 1s
  9600K .......... .......... .......... .......... .......... 38% 35.3M 1s
  9650K .......... .......... .......... .......... .......... 38% 30.3M 1s
  9700K .......... .......... .......... .......... .......... 39% 34.7M 1s
  9750K .......... .......... .......... .......... .......... 39% 34.9M 1s
  9800K .......... .......... .......... .......... .......... 39% 29.3M 1s
  9850K .......... .......... .......... .......... .......... 39% 33.7M 1s
  9900K .......... .......... .......... .......... .......... 39% 29.3M 1s
  9950K .......... .......... .......... .......... .......... 40% 34.5M 1s
 10000K .......... .......... .......... .......... .......... 40% 35.6M 1s
 10050K .......... .......... .......... .......... .......... 40% 29.2M 1s
 10100K .......... .......... .......... .......... .......... 40% 35.1M 1s
 10150K .......... .......... .......... .......... .......... 40% 29.6M 1s
 10200K .......... .......... .......... .......... .......... 41% 34.4M 1s
 10250K .......... .......... .......... .......... .......... 41% 34.9M 1s
 10300K .......... .......... .......... .......... .......... 41% 29.8M 1s
 10350K .......... .......... .......... .......... .......... 41% 35.1M 1s
 10400K .......... .......... .......... .......... .......... 41% 29.3M 1s
 10450K .......... .......... .......... .......... .......... 42% 36.6M 1s
 10500K .......... .......... .......... .......... .......... 42% 35.9M 1s
 10550K .......... .......... .......... .......... .......... 42% 29.6M 1s
 10600K .......... .......... .......... .......... .......... 42% 34.1M 1s
 10650K .......... .......... .......... .......... .......... 42% 30.5M 1s
 10700K .......... .......... .......... .......... .......... 43% 35.0M 1s
 10750K .......... .......... .......... .......... .......... 43% 35.8M 1s
 10800K .......... .......... .......... .......... .......... 43% 28.0M 1s
 10850K .......... .......... .......... .......... .......... 43% 34.3M 1s
 10900K .......... .......... .......... .......... .......... 43% 29.1M 1s
 10950K .......... .......... .......... .......... .......... 44% 35.2M 1s
 11000K .......... .......... .......... .......... .......... 44% 35.8M 1s
 11050K .......... .......... .......... .......... .......... 44% 29.8M 1s
 11100K .......... .......... .......... .......... .......... 44% 35.4M 1s
 11150K .......... .......... .......... .......... .......... 44% 29.0M 1s
 11200K .......... .......... .......... .......... .......... 45% 35.3M 1s
 11250K .......... .......... .......... .......... .......... 45% 36.8M 1s
 11300K .......... .......... .......... .......... .......... 45% 29.7M 1s
 11350K .......... .......... .......... .......... .......... 45% 33.4M 1s
 11400K .......... .......... .......... .......... .......... 45% 29.3M 1s
 11450K .......... .......... .......... .......... .......... 46% 33.8M 1s
 11500K .......... .......... .......... .......... .......... 46% 35.4M 1s
 11550K .......... .......... .......... .......... .......... 46% 28.9M 1s
 11600K .......... .......... .......... .......... .......... 46% 34.4M 1s
 11650K .......... .......... .......... .......... .......... 46% 31.9M 1s
 11700K .......... .......... .......... .......... .......... 47% 32.5M 1s
 11750K .......... .......... .......... .......... .......... 47% 30.8M 1s
 11800K .......... .......... .......... .......... .......... 47% 30.6M 1s
 11850K .......... .......... .......... .......... .......... 47% 33.6M 1s
 11900K .......... .......... .......... .......... .......... 47% 30.8M 1s
 11950K .......... .......... .......... .......... .......... 48% 33.8M 1s
 12000K .......... .......... .......... .......... .......... 48% 35.1M 1s
 12050K .......... .......... .......... .......... .......... 48% 30.4M 1s
 12100K .......... .......... .......... .......... .......... 48% 36.9M 1s
 12150K .......... .......... .......... .......... .......... 48% 29.5M 1s
 12200K .......... .......... .......... .......... .......... 49% 36.6M 1s
 12250K .......... .......... .......... .......... .......... 49% 36.7M 1s
 12300K .......... .......... .......... .......... .......... 49% 30.4M 1s
 12350K .......... .......... .......... .......... .......... 49% 36.5M 1s
 12400K .......... .......... .......... .......... .......... 49% 29.5M 1s
 12450K .......... .......... .......... .......... .......... 50% 37.5M 1s
 12500K .......... .......... .......... .......... .......... 50% 35.0M 1s
 12550K .......... .......... .......... .......... .......... 50% 30.7M 0s
 12600K .......... .......... .......... .......... .......... 50% 36.3M 0s
 12650K .......... .......... .......... .......... .......... 50% 29.8M 0s
 12700K .......... .......... .......... .......... .......... 51% 37.8M 0s
 12750K .......... .......... .......... .......... .......... 51% 25.8M 0s
 12800K .......... .......... .......... .......... .......... 51% 40.0M 0s
 12850K .......... .......... .......... .......... .......... 51% 36.0M 0s
 12900K .......... .......... .......... .......... .......... 51% 30.0M 0s
 12950K .......... .......... .......... .......... .......... 52% 34.2M 0s
 13000K .......... .......... .......... .......... .......... 52% 36.1M 0s
 13050K .......... .......... .......... .......... .......... 52% 30.6M 0s
 13100K .......... .......... .......... .......... .......... 52% 35.9M 0s
 13150K .......... .......... .......... .......... .......... 52% 29.7M 0s
 13200K .......... .......... .......... .......... .......... 53% 34.0M 0s
 13250K .......... .......... .......... .......... .......... 53% 34.9M 0s
 13300K .......... .......... .......... .......... .......... 53% 30.9M 0s
 13350K .......... .......... .......... .......... .......... 53% 36.1M 0s
 13400K .......... .......... .......... .......... .......... 53% 28.3M 0s
 13450K .......... .......... .......... .......... .......... 54% 35.5M 0s
 13500K .......... .......... .......... .......... .......... 54% 35.2M 0s
 13550K .......... .......... .......... .......... .......... 54% 30.3M 0s
 13600K .......... .......... .......... .......... .......... 54% 35.7M 0s
 13650K .......... .......... .......... .......... .......... 54% 30.0M 0s
 13700K .......... .......... .......... .......... .......... 55% 35.8M 0s
 13750K .......... .......... .......... .......... .......... 55% 33.8M 0s
 13800K .......... .......... .......... .......... .......... 55% 32.0M 0s
 13850K .......... .......... .......... .......... .......... 55% 35.3M 0s
 13900K .......... .......... .......... .......... .......... 55% 30.4M 0s
 13950K .......... .......... .......... .......... .......... 56% 33.8M 0s
 14000K .......... .......... .......... .......... .......... 56% 36.6M 0s
 14050K .......... .......... .......... .......... .......... 56% 28.6M 0s
 14100K .......... .......... .......... .......... .......... 56% 35.3M 0s
 14150K .......... .......... .......... .......... .......... 56% 29.4M 0s
 14200K .......... .......... .......... .......... .......... 57% 35.8M 0s
 14250K .......... .......... .......... .......... .......... 57% 33.2M 0s
 14300K .......... .......... .......... .......... .......... 57% 29.7M 0s
 14350K .......... .......... .......... .......... .......... 57% 35.0M 0s
 14400K .......... .......... .......... .......... .......... 57% 31.1M 0s
 14450K .......... .......... .......... .......... .......... 58% 33.7M 0s
 14500K .......... .......... .......... .......... .......... 58% 35.0M 0s
 14550K .......... .......... .......... .......... .......... 58% 29.5M 0s
 14600K .......... .......... .......... .......... .......... 58% 36.7M 0s
 14650K .......... .......... .......... .......... .......... 58% 30.0M 0s
 14700K .......... .......... .......... .......... .......... 59% 35.4M 0s
 14750K .......... .......... .......... .......... .......... 59% 34.6M 0s
 14800K .......... .......... .......... .......... .......... 59% 30.0M 0s
 14850K .......... .......... .......... .......... .......... 59% 35.0M 0s
 14900K .......... .......... .......... .......... .......... 59% 29.1M 0s
 14950K .......... .......... .......... .......... .......... 60% 34.0M 0s
 15000K .......... .......... .......... .......... .......... 60% 34.5M 0s
 15050K .......... .......... .......... .......... .......... 60% 29.9M 0s
 15100K .......... .......... .......... .......... .......... 60% 34.8M 0s
 15150K .......... .......... .......... .......... .......... 60% 30.5M 0s
 15200K .......... .......... .......... .......... .......... 61% 34.4M 0s
 15250K .......... .......... .......... .......... .......... 61% 35.0M 0s
 15300K .......... .......... .......... .......... .......... 61% 30.3M 0s
 15350K .......... .......... .......... .......... .......... 61% 33.9M 0s
 15400K .......... .......... .......... .......... .......... 61% 29.9M 0s
 15450K .......... .......... .......... .......... .......... 62% 34.7M 0s
 15500K .......... .......... .......... .......... .......... 62% 36.6M 0s
 15550K .......... .......... .......... .......... .......... 62% 30.1M 0s
 15600K .......... .......... .......... .......... .......... 62% 33.4M 0s
 15650K .......... .......... .......... .......... .......... 62% 30.1M 0s
 15700K .......... .......... .......... .......... .......... 63% 34.4M 0s
 15750K .......... .......... .......... .......... .......... 63% 35.8M 0s
 15800K .......... .......... .......... .......... .......... 63% 30.1M 0s
 15850K .......... .......... .......... .......... .......... 63% 35.5M 0s
 15900K .......... .......... .......... .......... .......... 63% 29.3M 0s
 15950K .......... .......... .......... .......... .......... 64% 35.4M 0s
 16000K .......... .......... .......... .......... .......... 64% 34.7M 0s
 16050K .......... .......... .......... .......... .......... 64% 28.1M 0s
 16100K .......... .......... .......... .......... .......... 64% 35.4M 0s
 16150K .......... .......... .......... .......... .......... 64% 29.0M 0s
 16200K .......... .......... .......... .......... .......... 65% 36.6M 0s
 16250K .......... .......... .......... .......... .......... 65% 34.2M 0s
 16300K .......... .......... .......... .......... .......... 65% 30.2M 0s
 16350K .......... .......... .......... .......... .......... 65% 34.0M 0s
 16400K .......... .......... .......... .......... .......... 65% 29.9M 0s
 16450K .......... .......... .......... .......... .......... 66% 35.3M 0s
 16500K .......... .......... .......... .......... .......... 66% 35.9M 0s
 16550K .......... .......... .......... .......... .......... 66% 30.0M 0s
 16600K .......... .......... .......... .......... .......... 66% 34.2M 0s
 16650K .......... .......... .......... .......... .......... 66% 29.8M 0s
 16700K .......... .......... .......... .......... .......... 67% 34.7M 0s
 16750K .......... .......... .......... .......... .......... 67% 34.5M 0s
 16800K .......... .......... .......... .......... .......... 67% 29.8M 0s
 16850K .......... .......... .......... .......... .......... 67% 35.4M 0s
 16900K .......... .......... .......... .......... .......... 67% 29.3M 0s
 16950K .......... .......... .......... .......... .......... 68% 34.9M 0s
 17000K .......... .......... .......... .......... .......... 68% 34.4M 0s
 17050K .......... .......... .......... .......... .......... 68% 30.5M 0s
 17100K .......... .......... .......... .......... .......... 68% 36.0M 0s
 17150K .......... .......... .......... .......... .......... 68% 30.0M 0s
 17200K .......... .......... .......... .......... .......... 69% 35.1M 0s
 17250K .......... .......... .......... .......... .......... 69% 34.5M 0s
 17300K .......... .......... .......... .......... .......... 69% 29.8M 0s
 17350K .......... .......... .......... .......... .......... 69% 34.7M 0s
 17400K .......... .......... .......... .......... .......... 69% 29.8M 0s
 17450K .......... .......... .......... .......... .......... 70% 34.8M 0s
 17500K .......... .......... .......... .......... .......... 70% 34.3M 0s
 17550K .......... .......... .......... .......... .......... 70% 30.6M 0s
 17600K .......... .......... .......... .......... .......... 70% 34.8M 0s
 17650K .......... .......... .......... .......... .......... 70% 30.5M 0s
 17700K .......... .......... .......... .......... .......... 71% 32.9M 0s
 17750K .......... .......... .......... .......... .......... 71% 36.3M 0s
 17800K .......... .......... .......... .......... .......... 71% 25.3M 0s
 17850K .......... .......... .......... .......... .......... 71% 46.3M 0s
 17900K .......... .......... .......... .......... .......... 71% 29.5M 0s
 17950K .......... .......... .......... .......... .......... 72% 35.7M 0s
 18000K .......... .......... .......... .......... .......... 72% 35.4M 0s
 18050K .......... .......... .......... .......... .......... 72% 30.4M 0s
 18100K .......... .......... .......... .......... .......... 72% 34.1M 0s
 18150K .......... .......... .......... .......... .......... 72% 31.0M 0s
 18200K .......... .......... .......... .......... .......... 73% 34.2M 0s
 18250K .......... .......... .......... .......... .......... 73% 36.7M 0s
 18300K .......... .......... .......... .......... .......... 73% 28.3M 0s
 18350K .......... .......... .......... .......... .......... 73% 35.2M 0s
 18400K .......... .......... .......... .......... .......... 73% 30.8M 0s
 18450K .......... .......... .......... .......... .......... 74% 35.2M 0s
 18500K .......... .......... .......... .......... .......... 74% 36.0M 0s
 18550K .......... .......... .......... .......... .......... 74% 29.9M 0s
 18600K .......... .......... .......... .......... .......... 74% 35.4M 0s
 18650K .......... .......... .......... .......... .......... 74%  449K 0s
 18700K .......... .......... .......... .......... .......... 75%  140M 0s
 18750K .......... .......... .......... .......... .......... 75%  154M 0s
 18800K .......... .......... .......... .......... .......... 75%  124M 0s
 18850K .......... .......... .......... .......... .......... 75%  161M 0s
 18900K .......... .......... .......... .......... .......... 75%  123M 0s
 18950K .......... .......... .......... .......... .......... 76%  159M 0s
 19000K .......... .......... .......... .......... .......... 76% 1.44M 0s
 19050K .......... .......... .......... .......... .......... 76%  102M 0s
 19100K .......... .......... .......... .......... .......... 76%  144M 0s
 19150K .......... .......... .......... .......... .......... 76%  126M 0s
 19200K .......... .......... .......... .......... .......... 77%  104M 0s
 19250K .......... .......... .......... .......... .......... 77%  150M 0s
 19300K .......... .......... .......... .......... .......... 77%  126M 0s
 19350K .......... .......... .......... .......... .......... 77%  151M 0s
 19400K .......... .......... .......... .......... .......... 77%  111M 0s
 19450K .......... .......... .......... .......... .......... 78%  146M 0s
 19500K .......... .......... .......... .......... .......... 78%  158M 0s
 19550K .......... .......... .......... .......... .......... 78%  114M 0s
 19600K .......... .......... .......... .......... .......... 78%  157M 0s
 19650K .......... .......... .......... .......... .......... 78%  117M 0s
 19700K .......... .......... .......... .......... .......... 79%  142M 0s
 19750K .......... .......... .......... .......... .......... 79%  156M 0s
 19800K .......... .......... .......... .......... .......... 79%  113M 0s
 19850K .......... .......... .......... .......... .......... 79% 15.2M 0s
 19900K .......... .......... .......... .......... .......... 79%  127M 0s
 19950K .......... .......... .......... .......... .......... 80%  132M 0s
 20000K .......... .......... .......... .......... .......... 80%  139M 0s
 20050K .......... .......... .......... .......... .......... 80%  128M 0s
 20100K .......... .......... .......... .......... .......... 80%  143M 0s
 20150K .......... .......... .......... .......... .......... 80%  112M 0s
 20200K .......... .......... .......... .......... .......... 81% 1.43M 0s
 20250K .......... .......... .......... .......... .......... 81% 45.6M 0s
 20300K .......... .......... .......... .......... .......... 81%  129M 0s
 20350K .......... .......... .......... .......... .......... 81%  162M 0s
 20400K .......... .......... .......... .......... .......... 81%  112M 0s
 20450K .......... .......... .......... .......... .......... 82%  155M 0s
 20500K .......... .......... .......... .......... .......... 82%  165M 0s
 20550K .......... .......... .......... .......... .......... 82%  104M 0s
 20600K .......... .......... .......... .......... .......... 82%  161M 0s
 20650K .......... .......... .......... .......... .......... 82%  138M 0s
 20700K .......... .......... .......... .......... .......... 83% 6.14M 0s
 20750K .......... .......... .......... .......... .......... 83% 10.5M 0s
 20800K .......... .......... .......... .......... .......... 83%  112M 0s
 20850K .......... .......... .......... .......... .......... 83% 8.75M 0s
 20900K .......... .......... .......... .......... .......... 83% 36.5M 0s
 20950K .......... .......... .......... .......... .......... 84%  148M 0s
 21000K .......... .......... .......... .......... .......... 84%  149M 0s
 21050K .......... .......... .......... .......... .......... 84% 3.09M 0s
 21100K .......... .......... .......... .......... .......... 84% 1.52M 0s
 21150K .......... .......... .......... .......... .......... 84%  135M 0s
 21200K .......... .......... .......... .......... .......... 85%  140M 0s
 21250K .......... .......... .......... .......... .......... 85%  110M 0s
 21300K .......... .......... .......... .......... .......... 85%  102M 0s
 21350K .......... .......... .......... .......... .......... 85%  139M 0s
 21400K .......... .......... .......... .......... .......... 85%  915K 0s
 21450K .......... .......... .......... .......... .......... 86%  107M 0s
 21500K .......... .......... .......... .......... .......... 86%  123M 0s
 21550K .......... .......... .......... .......... .......... 86%  134M 0s
 21600K .......... .......... .......... .......... .......... 86%  160M 0s
 21650K .......... .......... .......... .......... .......... 86%  130M 0s
 21700K .......... .......... .......... .......... .......... 87%  135M 0s
 21750K .......... .......... .......... .......... .......... 87%  160M 0s
 21800K .......... .......... .......... .......... .......... 87%  129M 0s
 21850K .......... .......... .......... .......... .......... 87%  117M 0s
 21900K .......... .......... .......... .......... .......... 87%  111M 0s
 21950K .......... .......... .......... .......... .......... 88%  149M 0s
 22000K .......... .......... .......... .......... .......... 88%  132M 0s
 22050K .......... .......... .......... .......... .......... 88%  109M 0s
 22100K .......... .......... .......... .......... .......... 88%  149M 0s
 22150K .......... .......... .......... .......... .......... 89%  134M 0s
 22200K .......... .......... .......... .......... .......... 89%  148M 0s
 22250K .......... .......... .......... .......... .......... 89% 8.22M 0s
 22300K .......... .......... .......... .......... .......... 89% 6.46M 0s
 22350K .......... .......... .......... .......... .......... 89%  140M 0s
 22400K .......... .......... .......... .......... .......... 90% 5.75M 0s
 22450K .......... .......... .......... .......... .......... 90%  136M 0s
 22500K .......... .......... .......... .......... .......... 90%  159M 0s
 22550K .......... .......... .......... .......... .......... 90% 4.33M 0s
 22600K .......... .......... .......... .......... .......... 90% 14.6M 0s
 22650K .......... .......... .......... .......... .......... 91%  125M 0s
 22700K .......... .......... .......... .......... .......... 91%  119M 0s
 22750K .......... .......... .......... .......... .......... 91% 5.27M 0s
 22800K .......... .......... .......... .......... .......... 91%  126M 0s
 22850K .......... .......... .......... .......... .......... 91%  149M 0s
 22900K .......... .......... .......... .......... .......... 92%  138M 0s
 22950K .......... .......... .......... .......... .......... 92%  105M 0s
 23000K .......... .......... .......... .......... .......... 92% 52.5M 0s
 23050K .......... .......... .......... .......... .......... 92% 7.94M 0s
 23100K .......... .......... .......... .......... .......... 92% 9.91M 0s
 23150K .......... .......... .......... .......... .......... 93% 8.35M 0s
 23200K .......... .......... .......... .......... .......... 93% 14.1M 0s
 23250K .......... .......... .......... .......... .......... 93% 8.37M 0s
 23300K .......... .......... .......... .......... .......... 93% 45.1M 0s
 23350K .......... .......... .......... .......... .......... 93% 6.65M 0s
 23400K .......... .......... .......... .......... .......... 94% 8.12M 0s
 23450K .......... .......... .......... .......... .......... 94% 10.2M 0s
 23500K .......... .......... .......... .......... .......... 94% 11.5M 0s
 23550K .......... .......... .......... .......... .......... 94% 9.67M 0s
 23600K .......... .......... .......... .......... .......... 94% 44.2M 0s
 23650K .......... .......... .......... .......... .......... 95% 3.96M 0s
 23700K .......... .......... .......... .......... .......... 95% 29.7M 0s
 23750K .......... .......... .......... .......... .......... 95% 11.8M 0s
 23800K .......... .......... .......... .......... .......... 95% 11.2M 0s
 23850K .......... .......... .......... .......... .......... 95% 10.8M 0s
 23900K .......... .......... .......... .......... .......... 96% 18.2M 0s
 23950K .......... .......... .......... .......... .......... 96% 7.83M 0s
 24000K .......... .......... .......... .......... .......... 96% 9.33M 0s
 24050K .......... .......... .......... .......... .......... 96% 8.73M 0s
 24100K .......... .......... .......... .......... .......... 96% 11.4M 0s
 24150K .......... .......... .......... .......... .......... 97% 9.54M 0s
 24200K .......... .......... .......... .......... .......... 97% 23.6M 0s
 24250K .......... .......... .......... .......... .......... 97% 7.25M 0s
 24300K .......... .......... .......... .......... .......... 97% 8.14M 0s
 24350K .......... .......... .......... .......... .......... 97% 11.7M 0s
 24400K .......... .......... .......... .......... .......... 98% 8.81M 0s
 24450K .......... .......... .......... .......... .......... 98% 12.2M 0s
 24500K .......... .......... .......... .......... .......... 98% 24.3M 0s
 24550K .......... .......... .......... .......... .......... 98% 4.38M 0s
 24600K .......... .......... .......... .......... .......... 98% 30.8M 0s
 24650K .......... .......... .......... .......... .......... 99% 6.41M 0s
 24700K .......... .......... .......... .......... .......... 99% 23.3M 0s
 24750K .......... .......... .......... .......... .......... 99% 14.0M 0s
 24800K .......... .......... .......... .......... .......... 99% 17.8M 0s
 24850K .......... .......... .......... .......... .......... 99% 7.38M 0s
 24900K .......... .......... .......... .......... ...       100% 8.75M=1.3s

2022-05-10 02:55:03 (19.5 MB/s) - ‘/root/process_mining/trips_tracing/stopsintrip.json’ saved [25542109/25542109]

--2022-05-10 02:55:03--  https://ckan.multimediagdansk.pl/dataset/c24aa637-3619-4dc2-a171-a23eec8f2172/resource/4c4025f0-01bf-41f7-a39f-d156d201b82b/download/stops.json
Resolving ckan.multimediagdansk.pl (ckan.multimediagdansk.pl)... 91.244.248.30
Connecting to ckan.multimediagdansk.pl (ckan.multimediagdansk.pl)|91.244.248.30|:443... connected.
HTTP request sent, awaiting response... 200 OK
Length: 7408977 (7.1M) [application/json]
Saving to: ‘/root/process_mining/trips_tracing/stops.json’

     0K .......... .......... .......... .......... ..........  0%  888K 8s
    50K .......... .......... .......... .......... ..........  1% 1.75M 6s
   100K .......... .......... .......... .......... ..........  2% 52.8M 4s
   150K .......... .......... .......... .......... ..........  2% 86.5M 3s
   200K .......... .......... .......... .......... ..........  3% 1.80M 3s
   250K .......... .......... .......... .......... ..........  4% 87.0M 3s
   300K .......... .......... .......... .......... ..........  4% 72.4M 2s
   350K .......... .......... .......... .......... ..........  5%  110M 2s
   400K .......... .......... .......... .......... ..........  6% 1.85M 2s
   450K .......... .......... .......... .......... ..........  6% 53.7M 2s
   500K .......... .......... .......... .......... ..........  7% 60.1M 2s
   550K .......... .......... .......... .......... ..........  8% 79.5M 2s
   600K .......... .......... .......... .......... ..........  8% 58.7M 1s
   650K .......... .......... .......... .......... ..........  9% 96.3M 1s
   700K .......... .......... .......... .......... .......... 10%  130M 1s
   750K .......... .......... .......... .......... .......... 11%  159M 1s
   800K .......... .......... .......... .......... .......... 11%  167M 1s
   850K .......... .......... .......... .......... .......... 12% 2.07M 1s
   900K .......... .......... .......... .......... .......... 13% 64.9M 1s
   950K .......... .......... .......... .......... .......... 13% 55.9M 1s
  1000K .......... .......... .......... .......... .......... 14% 69.0M 1s
  1050K .......... .......... .......... .......... .......... 15% 89.2M 1s
  1100K .......... .......... .......... .......... .......... 15% 61.5M 1s
  1150K .......... .......... .......... .......... .......... 16% 79.6M 1s
  1200K .......... .......... .......... .......... .......... 17% 61.7M 1s
  1250K .......... .......... .......... .......... .......... 17% 81.6M 1s
  1300K .......... .......... .......... .......... .......... 18% 89.9M 1s
  1350K .......... .......... .......... .......... .......... 19% 72.8M 1s
  1400K .......... .......... .......... .......... .......... 20% 88.0M 1s
  1450K .......... .......... .......... .......... .......... 20%  102M 1s
  1500K .......... .......... .......... .......... .......... 21%  158M 1s
  1550K .......... .......... .......... .......... .......... 22%  149M 1s
  1600K .......... .......... .......... .......... .......... 22%  141M 1s
  1650K .......... .......... .......... .......... .......... 23%  167M 1s
  1700K .......... .......... .......... .......... .......... 24% 2.64M 1s
  1750K .......... .......... .......... .......... .......... 24% 67.3M 1s
  1800K .......... .......... .......... .......... .......... 25% 67.5M 1s
  1850K .......... .......... .......... .......... .......... 26% 88.2M 1s
  1900K .......... .......... .......... .......... .......... 26%  136M 1s
  1950K .......... .......... .......... .......... .......... 27% 61.0M 1s
  2000K .......... .......... .......... .......... .......... 28% 89.4M 1s
  2050K .......... .......... .......... .......... .......... 29% 80.4M 0s
  2100K .......... .......... .......... .......... .......... 29% 84.2M 0s
  2150K .......... .......... .......... .......... .......... 30% 95.4M 0s
  2200K .......... .......... .......... .......... .......... 31% 93.9M 0s
  2250K .......... .......... .......... .......... .......... 31% 96.2M 0s
  2300K .......... .......... .......... .......... .......... 32% 72.1M 0s
  2350K .......... .......... .......... .......... .......... 33% 65.4M 0s
  2400K .......... .......... .......... .......... .......... 33% 87.6M 0s
  2450K .......... .......... .......... .......... .......... 34% 74.4M 0s
  2500K .......... .......... .......... .......... .......... 35% 88.5M 0s
  2550K .......... .......... .......... .......... .......... 35% 83.1M 0s
  2600K .......... .......... .......... .......... .......... 36% 76.9M 0s
  2650K .......... .......... .......... .......... .......... 37%  110M 0s
  2700K .......... .......... .......... .......... .......... 38% 67.0M 0s
  2750K .......... .......... .......... .......... .......... 38%  106M 0s
  2800K .......... .......... .......... .......... .......... 39% 98.9M 0s
  2850K .......... .......... .......... .......... .......... 40% 91.4M 0s
  2900K .......... .......... .......... .......... .......... 40%  112M 0s
  2950K .......... .......... .......... .......... .......... 41%  121M 0s
  3000K .......... .......... .......... .......... .......... 42% 1.76M 0s
  3050K .......... .......... .......... .......... .......... 42% 67.5M 0s
  3100K .......... .......... .......... .......... .......... 43%  103M 0s
  3150K .......... .......... .......... .......... .......... 44%  102M 0s
  3200K .......... .......... .......... .......... .......... 44% 93.6M 0s
  3250K .......... .......... .......... .......... .......... 45%  107M 0s
  3300K .......... .......... .......... .......... .......... 46%  117M 0s
  3350K .......... .......... .......... .......... .......... 46%  104M 0s
  3400K .......... .......... .......... .......... .......... 47%  107M 0s
  3450K .......... .......... .......... .......... .......... 48%  102M 0s
  3500K .......... .......... .......... .......... .......... 49%  110M 0s
  3550K .......... .......... .......... .......... .......... 49%  106M 0s
  3600K .......... .......... .......... .......... .......... 50%  101M 0s
  3650K .......... .......... .......... .......... .......... 51%  125M 0s
  3700K .......... .......... .......... .......... .......... 51%  102M 0s
  3750K .......... .......... .......... .......... .......... 52% 97.6M 0s
  3800K .......... .......... .......... .......... .......... 53%  119M 0s
  3850K .......... .......... .......... .......... .......... 53%  110M 0s
  3900K .......... .......... .......... .......... .......... 54%  140M 0s
  3950K .......... .......... .......... .......... .......... 55%  112M 0s
  4000K .......... .......... .......... .......... .......... 55%  132M 0s
  4050K .......... .......... .......... .......... .......... 56%  142M 0s
  4100K .......... .......... .......... .......... .......... 57%  111M 0s
  4150K .......... .......... .......... .......... .......... 58%  142M 0s
  4200K .......... .......... .......... .......... .......... 58%  120M 0s
  4250K .......... .......... .......... .......... .......... 59%  134M 0s
  4300K .......... .......... .......... .......... .......... 60%  143M 0s
  4350K .......... .......... .......... .......... .......... 60%  111M 0s
  4400K .......... .......... .......... .......... .......... 61%  137M 0s
  4450K .......... .......... .......... .......... .......... 62% 14.7M 0s
  4500K .......... .......... .......... .......... .......... 62% 84.7M 0s
  4550K .......... .......... .......... .......... .......... 63% 67.9M 0s
  4600K .......... .......... .......... .......... .......... 64% 70.7M 0s
  4650K .......... .......... .......... .......... .......... 64% 78.0M 0s
  4700K .......... .......... .......... .......... .......... 65% 64.7M 0s
  4750K .......... .......... .......... .......... .......... 66% 78.0M 0s
  4800K .......... .......... .......... .......... .......... 67%  127M 0s
  4850K .......... .......... .......... .......... .......... 67% 99.9M 0s
  4900K .......... .......... .......... .......... .......... 68%  108M 0s
  4950K .......... .......... .......... .......... .......... 69% 31.3M 0s
  5000K .......... .......... .......... .......... .......... 69% 45.0M 0s
  5050K .......... .......... .......... .......... .......... 70% 41.0M 0s
  5100K .......... .......... .......... .......... .......... 71% 26.2M 0s
  5150K .......... .......... .......... .......... .......... 71% 38.4M 0s
  5200K .......... .......... .......... .......... .......... 72% 38.8M 0s
  5250K .......... .......... .......... .......... .......... 73% 33.4M 0s
  5300K .......... .......... .......... .......... .......... 73% 35.7M 0s
  5350K .......... .......... .......... .......... .......... 74% 30.7M 0s
  5400K .......... .......... .......... .......... .......... 75% 34.1M 0s
  5450K .......... .......... .......... .......... .......... 76% 32.0M 0s
  5500K .......... .......... .......... .......... .......... 76% 35.9M 0s
  5550K .......... .......... .......... .......... .......... 77% 38.2M 0s
  5600K .......... .......... .......... .......... .......... 78% 18.4M 0s
  5650K .......... .......... .......... .......... .......... 78% 74.6M 0s
  5700K .......... .......... .......... .......... .......... 79% 44.5M 0s
  5750K .......... .......... .......... .......... .......... 80% 32.5M 0s
  5800K .......... .......... .......... .......... .......... 80% 36.2M 0s
  5850K .......... .......... .......... .......... .......... 81% 30.4M 0s
  5900K .......... .......... .......... .......... .......... 82% 37.0M 0s
  5950K .......... .......... .......... .......... .......... 82% 30.1M 0s
  6000K .......... .......... .......... .......... .......... 83% 35.9M 0s
  6050K .......... .......... .......... .......... .......... 84% 29.9M 0s
  6100K .......... .......... .......... .......... .......... 84% 36.4M 0s
  6150K .......... .......... .......... .......... .......... 85% 35.7M 0s
  6200K .......... .......... .......... .......... .......... 86% 30.7M 0s
  6250K .......... .......... .......... .......... .......... 87% 33.9M 0s
  6300K .......... .......... .......... .......... .......... 87% 34.6M 0s
  6350K .......... .......... .......... .......... .......... 88% 29.8M 0s
  6400K .......... .......... .......... .......... .......... 89% 36.2M 0s
  6450K .......... .......... .......... .......... .......... 89% 30.0M 0s
  6500K .......... .......... .......... .......... .......... 90% 36.0M 0s
  6550K .......... .......... .......... .......... .......... 91% 29.9M 0s
  6600K .......... .......... .......... .......... .......... 91% 36.2M 0s
  6650K .......... .......... .......... .......... .......... 92% 36.8M 0s
  6700K .......... .......... .......... .......... .......... 93% 29.4M 0s
  6750K .......... .......... .......... .......... .......... 93% 36.6M 0s
  6800K .......... .......... .......... .......... .......... 94% 34.6M 0s
  6850K .......... .......... .......... .......... .......... 95% 31.5M 0s
  6900K .......... .......... .......... .......... .......... 96% 33.2M 0s
  6950K .......... .......... .......... .......... .......... 96% 32.1M 0s
  7000K .......... .......... .......... .......... .......... 97% 34.0M 0s
  7050K .......... .......... .......... .......... .......... 98% 37.2M 0s
  7100K .......... .......... .......... .......... .......... 98% 29.5M 0s
  7150K .......... .......... .......... .......... .......... 99% 28.9M 0s
  7200K .......... .......... .......... .....                100% 42.4M=0.3s

2022-05-10 02:55:04 (21.7 MB/s) - ‘/root/process_mining/trips_tracing/stops.json’ saved [7408977/7408977]

--2022-05-10 02:55:04--  https://files.cloudgdansk.pl/d/otwarte-dane/ztm/baza-pojazdow.json?v=2
Resolving files.cloudgdansk.pl (files.cloudgdansk.pl)... 153.19.238.147
Connecting to files.cloudgdansk.pl (files.cloudgdansk.pl)|153.19.238.147|:443... connected.
HTTP request sent, awaiting response... 200 OK
Length: 279155 (273K) [application/json]
Saving to: ‘/root/process_mining/trips_tracing/baza-pojazdow.json’

     0K .......... .......... .......... .......... .......... 18% 1.70M 0s
    50K .......... .......... .......... .......... .......... 36% 1.73M 0s
   100K .......... .......... .......... .......... .......... 55%  105M 0s
   150K .......... .......... .......... .......... .......... 73% 76.0M 0s
   200K .......... .......... .......... .......... .......... 91% 1.77M 0s
   250K .......... .......... ..                              100%  179M=0.09s

2022-05-10 02:55:04 (3.11 MB/s) - ‘/root/process_mining/trips_tracing/baza-pojazdow.json’ saved [279155/279155]

