--2022-05-11 00:00:01--  https://files.cloudgdansk.pl/d/otwarte-dane/ztm/bsk.json
Resolving files.cloudgdansk.pl (files.cloudgdansk.pl)... 153.19.238.147
Connecting to files.cloudgdansk.pl (files.cloudgdansk.pl)|153.19.238.147|:443... connected.
HTTP request sent, awaiting response... 200 OK
Length: 60 [text/plain]
Saving to: ‘/root/process_mining/announcements/data/11_05_2022/ann11.05.2022-00-00-01.json’

     0K                                                       100% 12.4M=0s

2022-05-11 00:00:01 (12.4 MB/s) - ‘/root/process_mining/announcements/data/11_05_2022/ann11.05.2022-00-00-01.json’ saved [60/60]

--2022-05-11 00:10:01--  https://files.cloudgdansk.pl/d/otwarte-dane/ztm/bsk.json
Resolving files.cloudgdansk.pl (files.cloudgdansk.pl)... 153.19.238.147
Connecting to files.cloudgdansk.pl (files.cloudgdansk.pl)|153.19.238.147|:443... connected.
HTTP request sent, awaiting response... 200 OK
Length: 60 [text/plain]
Saving to: ‘/root/process_mining/announcements/data/11_05_2022/ann11.05.2022-00-10-01.json’

     0K                                                       100% 12.4M=0s

2022-05-11 00:10:02 (12.4 MB/s) - ‘/root/process_mining/announcements/data/11_05_2022/ann11.05.2022-00-10-01.json’ saved [60/60]

--2022-05-11 00:20:01--  https://files.cloudgdansk.pl/d/otwarte-dane/ztm/bsk.json
Resolving files.cloudgdansk.pl (files.cloudgdansk.pl)... 153.19.238.147
Connecting to files.cloudgdansk.pl (files.cloudgdansk.pl)|153.19.238.147|:443... connected.
HTTP request sent, awaiting response... 200 OK
Length: 60 [text/plain]
Saving to: ‘/root/process_mining/announcements/data/11_05_2022/ann11.05.2022-00-20-01.json’

     0K                                                       100% 12.4M=0s

2022-05-11 00:20:01 (12.4 MB/s) - ‘/root/process_mining/announcements/data/11_05_2022/ann11.05.2022-00-20-01.json’ saved [60/60]

--2022-05-11 00:30:01--  https://files.cloudgdansk.pl/d/otwarte-dane/ztm/bsk.json
Resolving files.cloudgdansk.pl (files.cloudgdansk.pl)... 153.19.238.147
Connecting to files.cloudgdansk.pl (files.cloudgdansk.pl)|153.19.238.147|:443... connected.
HTTP request sent, awaiting response... 200 OK
Length: 60 [text/plain]
Saving to: ‘/root/process_mining/announcements/data/11_05_2022/ann11.05.2022-00-30-01.json’

     0K                                                       100% 12.0M=0s

2022-05-11 00:30:02 (12.0 MB/s) - ‘/root/process_mining/announcements/data/11_05_2022/ann11.05.2022-00-30-01.json’ saved [60/60]

--2022-05-11 00:40:01--  https://files.cloudgdansk.pl/d/otwarte-dane/ztm/bsk.json
Resolving files.cloudgdansk.pl (files.cloudgdansk.pl)... 153.19.238.147
Connecting to files.cloudgdansk.pl (files.cloudgdansk.pl)|153.19.238.147|:443... connected.
HTTP request sent, awaiting response... 200 OK
Length: 60 [text/plain]
Saving to: ‘/root/process_mining/announcements/data/11_05_2022/ann11.05.2022-00-40-01.json’

     0K                                                       100% 12.7M=0s

2022-05-11 00:40:01 (12.7 MB/s) - ‘/root/process_mining/announcements/data/11_05_2022/ann11.05.2022-00-40-01.json’ saved [60/60]

--2022-05-11 00:50:01--  https://files.cloudgdansk.pl/d/otwarte-dane/ztm/bsk.json
Resolving files.cloudgdansk.pl (files.cloudgdansk.pl)... 153.19.238.147
Connecting to files.cloudgdansk.pl (files.cloudgdansk.pl)|153.19.238.147|:443... connected.
HTTP request sent, awaiting response... 200 OK
Length: 60 [text/plain]
Saving to: ‘/root/process_mining/announcements/data/11_05_2022/ann11.05.2022-00-50-01.json’

     0K                                                       100% 11.8M=0s

2022-05-11 00:50:02 (11.8 MB/s) - ‘/root/process_mining/announcements/data/11_05_2022/ann11.05.2022-00-50-01.json’ saved [60/60]

--2022-05-11 01:00:00--  https://files.cloudgdansk.pl/d/otwarte-dane/ztm/bsk.json
Resolving files.cloudgdansk.pl (files.cloudgdansk.pl)... 153.19.238.147
Connecting to files.cloudgdansk.pl (files.cloudgdansk.pl)|153.19.238.147|:443... connected.
HTTP request sent, awaiting response... 200 OK
Length: 60 [text/plain]
Saving to: ‘/root/process_mining/announcements/data/11_05_2022/ann11.05.2022-01-00-00.json’

     0K                                                       100% 11.9M=0s

2022-05-11 01:00:00 (11.9 MB/s) - ‘/root/process_mining/announcements/data/11_05_2022/ann11.05.2022-01-00-00.json’ saved [60/60]

--2022-05-11 01:10:01--  https://files.cloudgdansk.pl/d/otwarte-dane/ztm/bsk.json
Resolving files.cloudgdansk.pl (files.cloudgdansk.pl)... 153.19.238.147
Connecting to files.cloudgdansk.pl (files.cloudgdansk.pl)|153.19.238.147|:443... connected.
HTTP request sent, awaiting response... 200 OK
Length: 60 [text/plain]
Saving to: ‘/root/process_mining/announcements/data/11_05_2022/ann11.05.2022-01-10-01.json’

     0K                                                       100% 12.3M=0s

2022-05-11 01:10:02 (12.3 MB/s) - ‘/root/process_mining/announcements/data/11_05_2022/ann11.05.2022-01-10-01.json’ saved [60/60]

--2022-05-11 01:20:01--  https://files.cloudgdansk.pl/d/otwarte-dane/ztm/bsk.json
Resolving files.cloudgdansk.pl (files.cloudgdansk.pl)... 153.19.238.147
Connecting to files.cloudgdansk.pl (files.cloudgdansk.pl)|153.19.238.147|:443... connected.
HTTP request sent, awaiting response... 200 OK
Length: 60 [text/plain]
Saving to: ‘/root/process_mining/announcements/data/11_05_2022/ann11.05.2022-01-20-01.json’

     0K                                                       100% 12.6M=0s

2022-05-11 01:20:02 (12.6 MB/s) - ‘/root/process_mining/announcements/data/11_05_2022/ann11.05.2022-01-20-01.json’ saved [60/60]

--2022-05-11 01:30:01--  https://files.cloudgdansk.pl/d/otwarte-dane/ztm/bsk.json
Resolving files.cloudgdansk.pl (files.cloudgdansk.pl)... 153.19.238.147
Connecting to files.cloudgdansk.pl (files.cloudgdansk.pl)|153.19.238.147|:443... connected.
HTTP request sent, awaiting response... 200 OK
Length: 60 [text/plain]
Saving to: ‘/root/process_mining/announcements/data/11_05_2022/ann11.05.2022-01-30-01.json’

     0K                                                       100% 12.0M=0s

2022-05-11 01:30:02 (12.0 MB/s) - ‘/root/process_mining/announcements/data/11_05_2022/ann11.05.2022-01-30-01.json’ saved [60/60]

--2022-05-11 01:40:01--  https://files.cloudgdansk.pl/d/otwarte-dane/ztm/bsk.json
Resolving files.cloudgdansk.pl (files.cloudgdansk.pl)... 153.19.238.147
Connecting to files.cloudgdansk.pl (files.cloudgdansk.pl)|153.19.238.147|:443... connected.
HTTP request sent, awaiting response... 200 OK
Length: 60 [text/plain]
Saving to: ‘/root/process_mining/announcements/data/11_05_2022/ann11.05.2022-01-40-01.json’

     0K                                                       100% 12.6M=0s

2022-05-11 01:40:02 (12.6 MB/s) - ‘/root/process_mining/announcements/data/11_05_2022/ann11.05.2022-01-40-01.json’ saved [60/60]

--2022-05-11 01:50:01--  https://files.cloudgdansk.pl/d/otwarte-dane/ztm/bsk.json
Resolving files.cloudgdansk.pl (files.cloudgdansk.pl)... 153.19.238.147
Connecting to files.cloudgdansk.pl (files.cloudgdansk.pl)|153.19.238.147|:443... connected.
HTTP request sent, awaiting response... 200 OK
Length: 60 [text/plain]
Saving to: ‘/root/process_mining/announcements/data/11_05_2022/ann11.05.2022-01-50-01.json’

     0K                                                       100% 12.5M=0s

2022-05-11 01:50:01 (12.5 MB/s) - ‘/root/process_mining/announcements/data/11_05_2022/ann11.05.2022-01-50-01.json’ saved [60/60]

--2022-05-11 02:00:01--  https://files.cloudgdansk.pl/d/otwarte-dane/ztm/bsk.json
Resolving files.cloudgdansk.pl (files.cloudgdansk.pl)... 153.19.238.147
Connecting to files.cloudgdansk.pl (files.cloudgdansk.pl)|153.19.238.147|:443... connected.
HTTP request sent, awaiting response... 200 OK
Length: 60 [text/plain]
Saving to: ‘/root/process_mining/announcements/data/11_05_2022/ann11.05.2022-02-00-01.json’

     0K                                                       100% 11.6M=0s

2022-05-11 02:00:01 (11.6 MB/s) - ‘/root/process_mining/announcements/data/11_05_2022/ann11.05.2022-02-00-01.json’ saved [60/60]

--2022-05-11 02:10:01--  https://files.cloudgdansk.pl/d/otwarte-dane/ztm/bsk.json
Resolving files.cloudgdansk.pl (files.cloudgdansk.pl)... 153.19.238.147
Connecting to files.cloudgdansk.pl (files.cloudgdansk.pl)|153.19.238.147|:443... connected.
HTTP request sent, awaiting response... 200 OK
Length: 60 [text/plain]
Saving to: ‘/root/process_mining/announcements/data/11_05_2022/ann11.05.2022-02-10-01.json’

     0K                                                       100% 9.91M=0s

2022-05-11 02:10:02 (9.91 MB/s) - ‘/root/process_mining/announcements/data/11_05_2022/ann11.05.2022-02-10-01.json’ saved [60/60]

--2022-05-11 02:20:01--  https://files.cloudgdansk.pl/d/otwarte-dane/ztm/bsk.json
Resolving files.cloudgdansk.pl (files.cloudgdansk.pl)... 153.19.238.147
Connecting to files.cloudgdansk.pl (files.cloudgdansk.pl)|153.19.238.147|:443... connected.
HTTP request sent, awaiting response... 200 OK
Length: 60 [text/plain]
Saving to: ‘/root/process_mining/announcements/data/11_05_2022/ann11.05.2022-02-20-01.json’

     0K                                                       100% 11.2M=0s

2022-05-11 02:20:01 (11.2 MB/s) - ‘/root/process_mining/announcements/data/11_05_2022/ann11.05.2022-02-20-01.json’ saved [60/60]

--2022-05-11 02:30:01--  https://files.cloudgdansk.pl/d/otwarte-dane/ztm/bsk.json
Resolving files.cloudgdansk.pl (files.cloudgdansk.pl)... 153.19.238.147
Connecting to files.cloudgdansk.pl (files.cloudgdansk.pl)|153.19.238.147|:443... connected.
HTTP request sent, awaiting response... 200 OK
Length: 60 [text/plain]
Saving to: ‘/root/process_mining/announcements/data/11_05_2022/ann11.05.2022-02-30-01.json’

     0K                                                       100% 11.0M=0s

2022-05-11 02:30:02 (11.0 MB/s) - ‘/root/process_mining/announcements/data/11_05_2022/ann11.05.2022-02-30-01.json’ saved [60/60]

--2022-05-11 02:40:01--  https://files.cloudgdansk.pl/d/otwarte-dane/ztm/bsk.json
Resolving files.cloudgdansk.pl (files.cloudgdansk.pl)... 153.19.238.147
Connecting to files.cloudgdansk.pl (files.cloudgdansk.pl)|153.19.238.147|:443... connected.
HTTP request sent, awaiting response... 200 OK
Length: 60 [text/plain]
Saving to: ‘/root/process_mining/announcements/data/11_05_2022/ann11.05.2022-02-40-01.json’

     0K                                                       100% 10.0M=0s

2022-05-11 02:40:01 (10.0 MB/s) - ‘/root/process_mining/announcements/data/11_05_2022/ann11.05.2022-02-40-01.json’ saved [60/60]

--2022-05-11 02:50:01--  https://files.cloudgdansk.pl/d/otwarte-dane/ztm/bsk.json
Resolving files.cloudgdansk.pl (files.cloudgdansk.pl)... 153.19.238.147
Connecting to files.cloudgdansk.pl (files.cloudgdansk.pl)|153.19.238.147|:443... connected.
HTTP request sent, awaiting response... 200 OK
Length: 60 [text/plain]
Saving to: ‘/root/process_mining/announcements/data/11_05_2022/ann11.05.2022-02-50-01.json’

     0K                                                       100% 11.4M=0s

2022-05-11 02:50:02 (11.4 MB/s) - ‘/root/process_mining/announcements/data/11_05_2022/ann11.05.2022-02-50-01.json’ saved [60/60]

--2022-05-11 03:00:01--  https://files.cloudgdansk.pl/d/otwarte-dane/ztm/bsk.json
Resolving files.cloudgdansk.pl (files.cloudgdansk.pl)... 153.19.238.147
Connecting to files.cloudgdansk.pl (files.cloudgdansk.pl)|153.19.238.147|:443... connected.
HTTP request sent, awaiting response... 200 OK
Length: 60 [text/plain]
Saving to: ‘/root/process_mining/announcements/data/11_05_2022/ann11.05.2022-03-00-01.json’

     0K                                                       100% 11.6M=0s

2022-05-11 03:00:02 (11.6 MB/s) - ‘/root/process_mining/announcements/data/11_05_2022/ann11.05.2022-03-00-01.json’ saved [60/60]

--2022-05-11 03:10:01--  https://files.cloudgdansk.pl/d/otwarte-dane/ztm/bsk.json
Resolving files.cloudgdansk.pl (files.cloudgdansk.pl)... 153.19.238.147
Connecting to files.cloudgdansk.pl (files.cloudgdansk.pl)|153.19.238.147|:443... connected.
HTTP request sent, awaiting response... 200 OK
Length: 60 [text/plain]
Saving to: ‘/root/process_mining/announcements/data/11_05_2022/ann11.05.2022-03-10-01.json’

     0K                                                       100% 9.86M=0s

2022-05-11 03:10:01 (9.86 MB/s) - ‘/root/process_mining/announcements/data/11_05_2022/ann11.05.2022-03-10-01.json’ saved [60/60]

--2022-05-11 03:20:01--  https://files.cloudgdansk.pl/d/otwarte-dane/ztm/bsk.json
Resolving files.cloudgdansk.pl (files.cloudgdansk.pl)... 153.19.238.147
Connecting to files.cloudgdansk.pl (files.cloudgdansk.pl)|153.19.238.147|:443... connected.
HTTP request sent, awaiting response... 200 OK
Length: 60 [text/plain]
Saving to: ‘/root/process_mining/announcements/data/11_05_2022/ann11.05.2022-03-20-01.json’

     0K                                                       100% 12.7M=0s

2022-05-11 03:20:02 (12.7 MB/s) - ‘/root/process_mining/announcements/data/11_05_2022/ann11.05.2022-03-20-01.json’ saved [60/60]

--2022-05-11 03:30:00--  https://files.cloudgdansk.pl/d/otwarte-dane/ztm/bsk.json
Resolving files.cloudgdansk.pl (files.cloudgdansk.pl)... 153.19.238.147
Connecting to files.cloudgdansk.pl (files.cloudgdansk.pl)|153.19.238.147|:443... connected.
HTTP request sent, awaiting response... 200 OK
Length: 60 [text/plain]
Saving to: ‘/root/process_mining/announcements/data/11_05_2022/ann11.05.2022-03-30-00.json’

     0K                                                       100% 10.5M=0s

2022-05-11 03:30:01 (10.5 MB/s) - ‘/root/process_mining/announcements/data/11_05_2022/ann11.05.2022-03-30-00.json’ saved [60/60]

--2022-05-11 03:40:01--  https://files.cloudgdansk.pl/d/otwarte-dane/ztm/bsk.json
Resolving files.cloudgdansk.pl (files.cloudgdansk.pl)... 153.19.238.147
Connecting to files.cloudgdansk.pl (files.cloudgdansk.pl)|153.19.238.147|:443... connected.
HTTP request sent, awaiting response... 200 OK
Length: 60 [text/plain]
Saving to: ‘/root/process_mining/announcements/data/11_05_2022/ann11.05.2022-03-40-01.json’

     0K                                                       100% 12.5M=0s

2022-05-11 03:40:02 (12.5 MB/s) - ‘/root/process_mining/announcements/data/11_05_2022/ann11.05.2022-03-40-01.json’ saved [60/60]

--2022-05-11 03:50:01--  https://files.cloudgdansk.pl/d/otwarte-dane/ztm/bsk.json
Resolving files.cloudgdansk.pl (files.cloudgdansk.pl)... 153.19.238.147
Connecting to files.cloudgdansk.pl (files.cloudgdansk.pl)|153.19.238.147|:443... connected.
HTTP request sent, awaiting response... 200 OK
Length: 60 [text/plain]
Saving to: ‘/root/process_mining/announcements/data/11_05_2022/ann11.05.2022-03-50-01.json’

     0K                                                       100% 12.2M=0s

2022-05-11 03:50:02 (12.2 MB/s) - ‘/root/process_mining/announcements/data/11_05_2022/ann11.05.2022-03-50-01.json’ saved [60/60]

--2022-05-11 04:00:01--  https://files.cloudgdansk.pl/d/otwarte-dane/ztm/bsk.json
Resolving files.cloudgdansk.pl (files.cloudgdansk.pl)... 153.19.238.147
Connecting to files.cloudgdansk.pl (files.cloudgdansk.pl)|153.19.238.147|:443... connected.
HTTP request sent, awaiting response... 200 OK
Length: 60 [text/plain]
Saving to: ‘/root/process_mining/announcements/data/11_05_2022/ann11.05.2022-04-00-01.json’

     0K                                                       100% 12.7M=0s

2022-05-11 04:00:02 (12.7 MB/s) - ‘/root/process_mining/announcements/data/11_05_2022/ann11.05.2022-04-00-01.json’ saved [60/60]

--2022-05-11 04:10:01--  https://files.cloudgdansk.pl/d/otwarte-dane/ztm/bsk.json
Resolving files.cloudgdansk.pl (files.cloudgdansk.pl)... 153.19.238.147
Connecting to files.cloudgdansk.pl (files.cloudgdansk.pl)|153.19.238.147|:443... connected.
HTTP request sent, awaiting response... 200 OK
Length: 60 [text/plain]
Saving to: ‘/root/process_mining/announcements/data/11_05_2022/ann11.05.2022-04-10-01.json’

     0K                                                       100% 12.3M=0s

2022-05-11 04:10:01 (12.3 MB/s) - ‘/root/process_mining/announcements/data/11_05_2022/ann11.05.2022-04-10-01.json’ saved [60/60]

--2022-05-11 04:20:01--  https://files.cloudgdansk.pl/d/otwarte-dane/ztm/bsk.json
Resolving files.cloudgdansk.pl (files.cloudgdansk.pl)... 153.19.238.147
Connecting to files.cloudgdansk.pl (files.cloudgdansk.pl)|153.19.238.147|:443... connected.
HTTP request sent, awaiting response... 200 OK
Length: 60 [text/plain]
Saving to: ‘/root/process_mining/announcements/data/11_05_2022/ann11.05.2022-04-20-01.json’

     0K                                                       100% 11.4M=0s

2022-05-11 04:20:01 (11.4 MB/s) - ‘/root/process_mining/announcements/data/11_05_2022/ann11.05.2022-04-20-01.json’ saved [60/60]

--2022-05-11 04:30:01--  https://files.cloudgdansk.pl/d/otwarte-dane/ztm/bsk.json
Resolving files.cloudgdansk.pl (files.cloudgdansk.pl)... 153.19.238.147
Connecting to files.cloudgdansk.pl (files.cloudgdansk.pl)|153.19.238.147|:443... connected.
HTTP request sent, awaiting response... 200 OK
Length: 60 [text/plain]
Saving to: ‘/root/process_mining/announcements/data/11_05_2022/ann11.05.2022-04-30-01.json’

     0K                                                       100% 12.5M=0s

2022-05-11 04:30:01 (12.5 MB/s) - ‘/root/process_mining/announcements/data/11_05_2022/ann11.05.2022-04-30-01.json’ saved [60/60]

--2022-05-11 04:40:01--  https://files.cloudgdansk.pl/d/otwarte-dane/ztm/bsk.json
Resolving files.cloudgdansk.pl (files.cloudgdansk.pl)... 153.19.238.147
Connecting to files.cloudgdansk.pl (files.cloudgdansk.pl)|153.19.238.147|:443... connected.
HTTP request sent, awaiting response... 200 OK
Length: 60 [text/plain]
Saving to: ‘/root/process_mining/announcements/data/11_05_2022/ann11.05.2022-04-40-01.json’

     0K                                                       100% 12.0M=0s

2022-05-11 04:40:01 (12.0 MB/s) - ‘/root/process_mining/announcements/data/11_05_2022/ann11.05.2022-04-40-01.json’ saved [60/60]

--2022-05-11 04:50:02--  https://files.cloudgdansk.pl/d/otwarte-dane/ztm/bsk.json
Resolving files.cloudgdansk.pl (files.cloudgdansk.pl)... 153.19.238.147
Connecting to files.cloudgdansk.pl (files.cloudgdansk.pl)|153.19.238.147|:443... connected.
HTTP request sent, awaiting response... 200 OK
Length: 60 [text/plain]
Saving to: ‘/root/process_mining/announcements/data/11_05_2022/ann11.05.2022-04-50-02.json’

     0K                                                       100% 12.2M=0s

2022-05-11 04:50:02 (12.2 MB/s) - ‘/root/process_mining/announcements/data/11_05_2022/ann11.05.2022-04-50-02.json’ saved [60/60]

--2022-05-11 05:00:01--  https://files.cloudgdansk.pl/d/otwarte-dane/ztm/bsk.json
Resolving files.cloudgdansk.pl (files.cloudgdansk.pl)... 153.19.238.147
Connecting to files.cloudgdansk.pl (files.cloudgdansk.pl)|153.19.238.147|:443... connected.
HTTP request sent, awaiting response... 200 OK
Length: 60 [text/plain]
Saving to: ‘/root/process_mining/announcements/data/11_05_2022/ann11.05.2022-05-00-01.json’

     0K                                                       100% 12.6M=0s

2022-05-11 05:00:02 (12.6 MB/s) - ‘/root/process_mining/announcements/data/11_05_2022/ann11.05.2022-05-00-01.json’ saved [60/60]

--2022-05-11 05:10:01--  https://files.cloudgdansk.pl/d/otwarte-dane/ztm/bsk.json
Resolving files.cloudgdansk.pl (files.cloudgdansk.pl)... 153.19.238.147
Connecting to files.cloudgdansk.pl (files.cloudgdansk.pl)|153.19.238.147|:443... connected.
HTTP request sent, awaiting response... 200 OK
Length: 812 [application/json]
Saving to: ‘/root/process_mining/announcements/data/11_05_2022/ann11.05.2022-05-10-01.json’

     0K                                                       100%  145M=0s

2022-05-11 05:10:02 (145 MB/s) - ‘/root/process_mining/announcements/data/11_05_2022/ann11.05.2022-05-10-01.json’ saved [812/812]

--2022-05-11 05:20:01--  https://files.cloudgdansk.pl/d/otwarte-dane/ztm/bsk.json
Resolving files.cloudgdansk.pl (files.cloudgdansk.pl)... 153.19.238.147
Connecting to files.cloudgdansk.pl (files.cloudgdansk.pl)|153.19.238.147|:443... connected.
HTTP request sent, awaiting response... 200 OK
Length: 812 [application/json]
Saving to: ‘/root/process_mining/announcements/data/11_05_2022/ann11.05.2022-05-20-01.json’

     0K                                                       100%  162M=0s

2022-05-11 05:20:01 (162 MB/s) - ‘/root/process_mining/announcements/data/11_05_2022/ann11.05.2022-05-20-01.json’ saved [812/812]

--2022-05-11 05:30:01--  https://files.cloudgdansk.pl/d/otwarte-dane/ztm/bsk.json
Resolving files.cloudgdansk.pl (files.cloudgdansk.pl)... 153.19.238.147
Connecting to files.cloudgdansk.pl (files.cloudgdansk.pl)|153.19.238.147|:443... connected.
HTTP request sent, awaiting response... 200 OK
Length: 812 [application/json]
Saving to: ‘/root/process_mining/announcements/data/11_05_2022/ann11.05.2022-05-30-01.json’

     0K                                                       100%  168M=0s

2022-05-11 05:30:02 (168 MB/s) - ‘/root/process_mining/announcements/data/11_05_2022/ann11.05.2022-05-30-01.json’ saved [812/812]

--2022-05-11 05:40:01--  https://files.cloudgdansk.pl/d/otwarte-dane/ztm/bsk.json
Resolving files.cloudgdansk.pl (files.cloudgdansk.pl)... 153.19.238.147
Connecting to files.cloudgdansk.pl (files.cloudgdansk.pl)|153.19.238.147|:443... connected.
HTTP request sent, awaiting response... 200 OK
Length: 812 [application/json]
Saving to: ‘/root/process_mining/announcements/data/11_05_2022/ann11.05.2022-05-40-01.json’

     0K                                                       100%  147M=0s

2022-05-11 05:40:01 (147 MB/s) - ‘/root/process_mining/announcements/data/11_05_2022/ann11.05.2022-05-40-01.json’ saved [812/812]

--2022-05-11 05:50:01--  https://files.cloudgdansk.pl/d/otwarte-dane/ztm/bsk.json
Resolving files.cloudgdansk.pl (files.cloudgdansk.pl)... 153.19.238.147
Connecting to files.cloudgdansk.pl (files.cloudgdansk.pl)|153.19.238.147|:443... connected.
HTTP request sent, awaiting response... 200 OK
Length: 812 [application/json]
Saving to: ‘/root/process_mining/announcements/data/11_05_2022/ann11.05.2022-05-50-01.json’

     0K                                                       100%  154M=0s

2022-05-11 05:50:01 (154 MB/s) - ‘/root/process_mining/announcements/data/11_05_2022/ann11.05.2022-05-50-01.json’ saved [812/812]

--2022-05-11 06:00:01--  https://files.cloudgdansk.pl/d/otwarte-dane/ztm/bsk.json
Resolving files.cloudgdansk.pl (files.cloudgdansk.pl)... 153.19.238.147
Connecting to files.cloudgdansk.pl (files.cloudgdansk.pl)|153.19.238.147|:443... connected.
HTTP request sent, awaiting response... 200 OK
Length: 812 [application/json]
Saving to: ‘/root/process_mining/announcements/data/11_05_2022/ann11.05.2022-06-00-01.json’

     0K                                                       100%  164M=0s

2022-05-11 06:00:02 (164 MB/s) - ‘/root/process_mining/announcements/data/11_05_2022/ann11.05.2022-06-00-01.json’ saved [812/812]

--2022-05-11 06:10:01--  https://files.cloudgdansk.pl/d/otwarte-dane/ztm/bsk.json
Resolving files.cloudgdansk.pl (files.cloudgdansk.pl)... 153.19.238.147
Connecting to files.cloudgdansk.pl (files.cloudgdansk.pl)|153.19.238.147|:443... connected.
HTTP request sent, awaiting response... 200 OK
Length: 812 [application/json]
Saving to: ‘/root/process_mining/announcements/data/11_05_2022/ann11.05.2022-06-10-01.json’

     0K                                                       100%  140M=0s

2022-05-11 06:10:02 (140 MB/s) - ‘/root/process_mining/announcements/data/11_05_2022/ann11.05.2022-06-10-01.json’ saved [812/812]

--2022-05-11 06:20:02--  https://files.cloudgdansk.pl/d/otwarte-dane/ztm/bsk.json
Resolving files.cloudgdansk.pl (files.cloudgdansk.pl)... 153.19.238.147
Connecting to files.cloudgdansk.pl (files.cloudgdansk.pl)|153.19.238.147|:443... connected.
HTTP request sent, awaiting response... 200 OK
Length: 812 [application/json]
Saving to: ‘/root/process_mining/announcements/data/11_05_2022/ann11.05.2022-06-20-02.json’

     0K                                                       100%  156M=0s

2022-05-11 06:20:02 (156 MB/s) - ‘/root/process_mining/announcements/data/11_05_2022/ann11.05.2022-06-20-02.json’ saved [812/812]

--2022-05-11 06:30:01--  https://files.cloudgdansk.pl/d/otwarte-dane/ztm/bsk.json
Resolving files.cloudgdansk.pl (files.cloudgdansk.pl)... 153.19.238.147
Connecting to files.cloudgdansk.pl (files.cloudgdansk.pl)|153.19.238.147|:443... connected.
HTTP request sent, awaiting response... 200 OK
Length: 812 [application/json]
Saving to: ‘/root/process_mining/announcements/data/11_05_2022/ann11.05.2022-06-30-01.json’

     0K                                                       100%  166M=0s

2022-05-11 06:30:02 (166 MB/s) - ‘/root/process_mining/announcements/data/11_05_2022/ann11.05.2022-06-30-01.json’ saved [812/812]

--2022-05-11 06:40:01--  https://files.cloudgdansk.pl/d/otwarte-dane/ztm/bsk.json
Resolving files.cloudgdansk.pl (files.cloudgdansk.pl)... 153.19.238.147
Connecting to files.cloudgdansk.pl (files.cloudgdansk.pl)|153.19.238.147|:443... connected.
HTTP request sent, awaiting response... 200 OK
Length: 812 [application/json]
Saving to: ‘/root/process_mining/announcements/data/11_05_2022/ann11.05.2022-06-40-01.json’

     0K                                                       100%  162M=0s

2022-05-11 06:40:01 (162 MB/s) - ‘/root/process_mining/announcements/data/11_05_2022/ann11.05.2022-06-40-01.json’ saved [812/812]

--2022-05-11 06:50:01--  https://files.cloudgdansk.pl/d/otwarte-dane/ztm/bsk.json
Resolving files.cloudgdansk.pl (files.cloudgdansk.pl)... 153.19.238.147
Connecting to files.cloudgdansk.pl (files.cloudgdansk.pl)|153.19.238.147|:443... connected.
HTTP request sent, awaiting response... 200 OK
Length: 812 [application/json]
Saving to: ‘/root/process_mining/announcements/data/11_05_2022/ann11.05.2022-06-50-01.json’

     0K                                                       100%  165M=0s

2022-05-11 06:50:02 (165 MB/s) - ‘/root/process_mining/announcements/data/11_05_2022/ann11.05.2022-06-50-01.json’ saved [812/812]

--2022-05-11 07:00:01--  https://files.cloudgdansk.pl/d/otwarte-dane/ztm/bsk.json
Resolving files.cloudgdansk.pl (files.cloudgdansk.pl)... 153.19.238.147
Connecting to files.cloudgdansk.pl (files.cloudgdansk.pl)|153.19.238.147|:443... connected.
HTTP request sent, awaiting response... 200 OK
Length: 812 [application/json]
Saving to: ‘/root/process_mining/announcements/data/11_05_2022/ann11.05.2022-07-00-01.json’

     0K                                                       100%  156M=0s

2022-05-11 07:00:01 (156 MB/s) - ‘/root/process_mining/announcements/data/11_05_2022/ann11.05.2022-07-00-01.json’ saved [812/812]

--2022-05-11 07:10:01--  https://files.cloudgdansk.pl/d/otwarte-dane/ztm/bsk.json
Resolving files.cloudgdansk.pl (files.cloudgdansk.pl)... 153.19.238.147
Connecting to files.cloudgdansk.pl (files.cloudgdansk.pl)|153.19.238.147|:443... connected.
HTTP request sent, awaiting response... 200 OK
Length: 1040 (1.0K) [application/json]
Saving to: ‘/root/process_mining/announcements/data/11_05_2022/ann11.05.2022-07-10-01.json’

     0K .                                                     100%  219M=0s

2022-05-11 07:10:01 (219 MB/s) - ‘/root/process_mining/announcements/data/11_05_2022/ann11.05.2022-07-10-01.json’ saved [1040/1040]

--2022-05-11 07:20:01--  https://files.cloudgdansk.pl/d/otwarte-dane/ztm/bsk.json
Resolving files.cloudgdansk.pl (files.cloudgdansk.pl)... 153.19.238.147
Connecting to files.cloudgdansk.pl (files.cloudgdansk.pl)|153.19.238.147|:443... connected.
HTTP request sent, awaiting response... 200 OK
Length: 1040 (1.0K) [application/json]
Saving to: ‘/root/process_mining/announcements/data/11_05_2022/ann11.05.2022-07-20-01.json’

     0K .                                                     100%  161M=0s

2022-05-11 07:20:02 (161 MB/s) - ‘/root/process_mining/announcements/data/11_05_2022/ann11.05.2022-07-20-01.json’ saved [1040/1040]

--2022-05-11 07:30:01--  https://files.cloudgdansk.pl/d/otwarte-dane/ztm/bsk.json
Resolving files.cloudgdansk.pl (files.cloudgdansk.pl)... 153.19.238.147
Connecting to files.cloudgdansk.pl (files.cloudgdansk.pl)|153.19.238.147|:443... connected.
HTTP request sent, awaiting response... 200 OK
Length: 1040 (1.0K) [application/json]
Saving to: ‘/root/process_mining/announcements/data/11_05_2022/ann11.05.2022-07-30-01.json’

     0K .                                                     100%  189M=0s

2022-05-11 07:30:02 (189 MB/s) - ‘/root/process_mining/announcements/data/11_05_2022/ann11.05.2022-07-30-01.json’ saved [1040/1040]

--2022-05-11 07:40:01--  https://files.cloudgdansk.pl/d/otwarte-dane/ztm/bsk.json
Resolving files.cloudgdansk.pl (files.cloudgdansk.pl)... 153.19.238.147
Connecting to files.cloudgdansk.pl (files.cloudgdansk.pl)|153.19.238.147|:443... connected.
HTTP request sent, awaiting response... 200 OK
Length: 1040 (1.0K) [application/json]
Saving to: ‘/root/process_mining/announcements/data/11_05_2022/ann11.05.2022-07-40-01.json’

     0K .                                                     100%  203M=0s

2022-05-11 07:40:01 (203 MB/s) - ‘/root/process_mining/announcements/data/11_05_2022/ann11.05.2022-07-40-01.json’ saved [1040/1040]

--2022-05-11 07:50:01--  https://files.cloudgdansk.pl/d/otwarte-dane/ztm/bsk.json
Resolving files.cloudgdansk.pl (files.cloudgdansk.pl)... 153.19.238.147
Connecting to files.cloudgdansk.pl (files.cloudgdansk.pl)|153.19.238.147|:443... connected.
HTTP request sent, awaiting response... 200 OK
Length: 1040 (1.0K) [application/json]
Saving to: ‘/root/process_mining/announcements/data/11_05_2022/ann11.05.2022-07-50-01.json’

     0K .                                                     100%  195M=0s

2022-05-11 07:50:01 (195 MB/s) - ‘/root/process_mining/announcements/data/11_05_2022/ann11.05.2022-07-50-01.json’ saved [1040/1040]

--2022-05-11 08:00:01--  https://files.cloudgdansk.pl/d/otwarte-dane/ztm/bsk.json
Resolving files.cloudgdansk.pl (files.cloudgdansk.pl)... 153.19.238.147
Connecting to files.cloudgdansk.pl (files.cloudgdansk.pl)|153.19.238.147|:443... connected.
HTTP request sent, awaiting response... 200 OK
Length: 1040 (1.0K) [application/json]
Saving to: ‘/root/process_mining/announcements/data/11_05_2022/ann11.05.2022-08-00-01.json’

     0K .                                                     100%  197M=0s

2022-05-11 08:00:02 (197 MB/s) - ‘/root/process_mining/announcements/data/11_05_2022/ann11.05.2022-08-00-01.json’ saved [1040/1040]

--2022-05-11 08:10:01--  https://files.cloudgdansk.pl/d/otwarte-dane/ztm/bsk.json
Resolving files.cloudgdansk.pl (files.cloudgdansk.pl)... 153.19.238.147
Connecting to files.cloudgdansk.pl (files.cloudgdansk.pl)|153.19.238.147|:443... connected.
HTTP request sent, awaiting response... 200 OK
Length: 60 [text/plain]
Saving to: ‘/root/process_mining/announcements/data/11_05_2022/ann11.05.2022-08-10-01.json’

     0K                                                       100% 12.2M=0s

2022-05-11 08:10:02 (12.2 MB/s) - ‘/root/process_mining/announcements/data/11_05_2022/ann11.05.2022-08-10-01.json’ saved [60/60]

--2022-05-11 08:20:01--  https://files.cloudgdansk.pl/d/otwarte-dane/ztm/bsk.json
Resolving files.cloudgdansk.pl (files.cloudgdansk.pl)... 153.19.238.147
Connecting to files.cloudgdansk.pl (files.cloudgdansk.pl)|153.19.238.147|:443... connected.
HTTP request sent, awaiting response... 200 OK
Length: 60 [text/plain]
Saving to: ‘/root/process_mining/announcements/data/11_05_2022/ann11.05.2022-08-20-01.json’

     0K                                                       100% 11.6M=0s

2022-05-11 08:20:02 (11.6 MB/s) - ‘/root/process_mining/announcements/data/11_05_2022/ann11.05.2022-08-20-01.json’ saved [60/60]

--2022-05-11 08:30:01--  https://files.cloudgdansk.pl/d/otwarte-dane/ztm/bsk.json
Resolving files.cloudgdansk.pl (files.cloudgdansk.pl)... 153.19.238.147
Connecting to files.cloudgdansk.pl (files.cloudgdansk.pl)|153.19.238.147|:443... connected.
HTTP request sent, awaiting response... 200 OK
Length: 502 [application/json]
Saving to: ‘/root/process_mining/announcements/data/11_05_2022/ann11.05.2022-08-30-01.json’

     0K                                                       100%  106M=0s

2022-05-11 08:30:02 (106 MB/s) - ‘/root/process_mining/announcements/data/11_05_2022/ann11.05.2022-08-30-01.json’ saved [502/502]

--2022-05-11 08:40:01--  https://files.cloudgdansk.pl/d/otwarte-dane/ztm/bsk.json
Resolving files.cloudgdansk.pl (files.cloudgdansk.pl)... 153.19.238.147
Connecting to files.cloudgdansk.pl (files.cloudgdansk.pl)|153.19.238.147|:443... connected.
HTTP request sent, awaiting response... 200 OK
Length: 502 [application/json]
Saving to: ‘/root/process_mining/announcements/data/11_05_2022/ann11.05.2022-08-40-01.json’

     0K                                                       100% 97.6M=0s

2022-05-11 08:40:01 (97.6 MB/s) - ‘/root/process_mining/announcements/data/11_05_2022/ann11.05.2022-08-40-01.json’ saved [502/502]

--2022-05-11 08:50:01--  https://files.cloudgdansk.pl/d/otwarte-dane/ztm/bsk.json
Resolving files.cloudgdansk.pl (files.cloudgdansk.pl)... 153.19.238.147
Connecting to files.cloudgdansk.pl (files.cloudgdansk.pl)|153.19.238.147|:443... connected.
HTTP request sent, awaiting response... 200 OK
Length: 60 [text/plain]
Saving to: ‘/root/process_mining/announcements/data/11_05_2022/ann11.05.2022-08-50-01.json’

     0K                                                       100% 11.6M=0s

2022-05-11 08:50:01 (11.6 MB/s) - ‘/root/process_mining/announcements/data/11_05_2022/ann11.05.2022-08-50-01.json’ saved [60/60]

--2022-05-11 09:00:01--  https://files.cloudgdansk.pl/d/otwarte-dane/ztm/bsk.json
Resolving files.cloudgdansk.pl (files.cloudgdansk.pl)... 153.19.238.147
Connecting to files.cloudgdansk.pl (files.cloudgdansk.pl)|153.19.238.147|:443... connected.
HTTP request sent, awaiting response... 200 OK
Length: 60 [text/plain]
Saving to: ‘/root/process_mining/announcements/data/11_05_2022/ann11.05.2022-09-00-01.json’

     0K                                                       100% 12.5M=0s

2022-05-11 09:00:01 (12.5 MB/s) - ‘/root/process_mining/announcements/data/11_05_2022/ann11.05.2022-09-00-01.json’ saved [60/60]

--2022-05-11 09:10:01--  https://files.cloudgdansk.pl/d/otwarte-dane/ztm/bsk.json
Resolving files.cloudgdansk.pl (files.cloudgdansk.pl)... 153.19.238.147
Connecting to files.cloudgdansk.pl (files.cloudgdansk.pl)|153.19.238.147|:443... connected.
HTTP request sent, awaiting response... 200 OK
Length: 60 [text/plain]
Saving to: ‘/root/process_mining/announcements/data/11_05_2022/ann11.05.2022-09-10-01.json’

     0K                                                       100% 12.4M=0s

2022-05-11 09:10:01 (12.4 MB/s) - ‘/root/process_mining/announcements/data/11_05_2022/ann11.05.2022-09-10-01.json’ saved [60/60]

--2022-05-11 09:20:01--  https://files.cloudgdansk.pl/d/otwarte-dane/ztm/bsk.json
Resolving files.cloudgdansk.pl (files.cloudgdansk.pl)... 153.19.238.147
Connecting to files.cloudgdansk.pl (files.cloudgdansk.pl)|153.19.238.147|:443... connected.
HTTP request sent, awaiting response... 200 OK
Length: 60 [text/plain]
Saving to: ‘/root/process_mining/announcements/data/11_05_2022/ann11.05.2022-09-20-01.json’

     0K                                                       100% 12.5M=0s

2022-05-11 09:20:02 (12.5 MB/s) - ‘/root/process_mining/announcements/data/11_05_2022/ann11.05.2022-09-20-01.json’ saved [60/60]

--2022-05-11 09:30:01--  https://files.cloudgdansk.pl/d/otwarte-dane/ztm/bsk.json
Resolving files.cloudgdansk.pl (files.cloudgdansk.pl)... 153.19.238.147
Connecting to files.cloudgdansk.pl (files.cloudgdansk.pl)|153.19.238.147|:443... connected.
HTTP request sent, awaiting response... 200 OK
Length: 60 [text/plain]
Saving to: ‘/root/process_mining/announcements/data/11_05_2022/ann11.05.2022-09-30-01.json’

     0K                                                       100% 12.2M=0s

2022-05-11 09:30:02 (12.2 MB/s) - ‘/root/process_mining/announcements/data/11_05_2022/ann11.05.2022-09-30-01.json’ saved [60/60]

--2022-05-11 09:40:01--  https://files.cloudgdansk.pl/d/otwarte-dane/ztm/bsk.json
Resolving files.cloudgdansk.pl (files.cloudgdansk.pl)... 153.19.238.147
Connecting to files.cloudgdansk.pl (files.cloudgdansk.pl)|153.19.238.147|:443... connected.
HTTP request sent, awaiting response... 200 OK
Length: 60 [text/plain]
Saving to: ‘/root/process_mining/announcements/data/11_05_2022/ann11.05.2022-09-40-01.json’

     0K                                                       100% 12.3M=0s

2022-05-11 09:40:01 (12.3 MB/s) - ‘/root/process_mining/announcements/data/11_05_2022/ann11.05.2022-09-40-01.json’ saved [60/60]

--2022-05-11 09:50:01--  https://files.cloudgdansk.pl/d/otwarte-dane/ztm/bsk.json
Resolving files.cloudgdansk.pl (files.cloudgdansk.pl)... 153.19.238.147
Connecting to files.cloudgdansk.pl (files.cloudgdansk.pl)|153.19.238.147|:443... connected.
HTTP request sent, awaiting response... 200 OK
Length: 60 [text/plain]
Saving to: ‘/root/process_mining/announcements/data/11_05_2022/ann11.05.2022-09-50-01.json’

     0K                                                       100% 12.5M=0s

2022-05-11 09:50:01 (12.5 MB/s) - ‘/root/process_mining/announcements/data/11_05_2022/ann11.05.2022-09-50-01.json’ saved [60/60]

--2022-05-11 10:00:01--  https://files.cloudgdansk.pl/d/otwarte-dane/ztm/bsk.json
Resolving files.cloudgdansk.pl (files.cloudgdansk.pl)... 153.19.238.147
Connecting to files.cloudgdansk.pl (files.cloudgdansk.pl)|153.19.238.147|:443... connected.
HTTP request sent, awaiting response... 200 OK
Length: 60 [text/plain]
Saving to: ‘/root/process_mining/announcements/data/11_05_2022/ann11.05.2022-10-00-01.json’

     0K                                                       100% 11.9M=0s

2022-05-11 10:00:01 (11.9 MB/s) - ‘/root/process_mining/announcements/data/11_05_2022/ann11.05.2022-10-00-01.json’ saved [60/60]

--2022-05-11 10:10:00--  https://files.cloudgdansk.pl/d/otwarte-dane/ztm/bsk.json
Resolving files.cloudgdansk.pl (files.cloudgdansk.pl)... 153.19.238.147
Connecting to files.cloudgdansk.pl (files.cloudgdansk.pl)|153.19.238.147|:443... connected.
HTTP request sent, awaiting response... 200 OK
Length: 60 [text/plain]
Saving to: ‘/root/process_mining/announcements/data/11_05_2022/ann11.05.2022-10-10-00.json’

     0K                                                       100% 11.8M=0s

2022-05-11 10:10:01 (11.8 MB/s) - ‘/root/process_mining/announcements/data/11_05_2022/ann11.05.2022-10-10-00.json’ saved [60/60]

--2022-05-11 10:20:02--  https://files.cloudgdansk.pl/d/otwarte-dane/ztm/bsk.json
Resolving files.cloudgdansk.pl (files.cloudgdansk.pl)... 153.19.238.147
Connecting to files.cloudgdansk.pl (files.cloudgdansk.pl)|153.19.238.147|:443... connected.
HTTP request sent, awaiting response... 200 OK
Length: 60 [text/plain]
Saving to: ‘/root/process_mining/announcements/data/11_05_2022/ann11.05.2022-10-20-02.json’

     0K                                                       100% 11.9M=0s

2022-05-11 10:20:02 (11.9 MB/s) - ‘/root/process_mining/announcements/data/11_05_2022/ann11.05.2022-10-20-02.json’ saved [60/60]

--2022-05-11 10:30:02--  https://files.cloudgdansk.pl/d/otwarte-dane/ztm/bsk.json
Resolving files.cloudgdansk.pl (files.cloudgdansk.pl)... 153.19.238.147
Connecting to files.cloudgdansk.pl (files.cloudgdansk.pl)|153.19.238.147|:443... connected.
HTTP request sent, awaiting response... 200 OK
Length: 60 [text/plain]
Saving to: ‘/root/process_mining/announcements/data/11_05_2022/ann11.05.2022-10-30-02.json’

     0K                                                       100% 12.0M=0s

2022-05-11 10:30:02 (12.0 MB/s) - ‘/root/process_mining/announcements/data/11_05_2022/ann11.05.2022-10-30-02.json’ saved [60/60]

--2022-05-11 10:40:01--  https://files.cloudgdansk.pl/d/otwarte-dane/ztm/bsk.json
Resolving files.cloudgdansk.pl (files.cloudgdansk.pl)... 153.19.238.147
Connecting to files.cloudgdansk.pl (files.cloudgdansk.pl)|153.19.238.147|:443... connected.
HTTP request sent, awaiting response... 200 OK
Length: 60 [text/plain]
Saving to: ‘/root/process_mining/announcements/data/11_05_2022/ann11.05.2022-10-40-01.json’

     0K                                                       100% 12.1M=0s

2022-05-11 10:40:02 (12.1 MB/s) - ‘/root/process_mining/announcements/data/11_05_2022/ann11.05.2022-10-40-01.json’ saved [60/60]

--2022-05-11 10:50:01--  https://files.cloudgdansk.pl/d/otwarte-dane/ztm/bsk.json
Resolving files.cloudgdansk.pl (files.cloudgdansk.pl)... 153.19.238.147
Connecting to files.cloudgdansk.pl (files.cloudgdansk.pl)|153.19.238.147|:443... connected.
HTTP request sent, awaiting response... 200 OK
Length: 60 [text/plain]
Saving to: ‘/root/process_mining/announcements/data/11_05_2022/ann11.05.2022-10-50-01.json’

     0K                                                       100% 12.3M=0s

2022-05-11 10:50:02 (12.3 MB/s) - ‘/root/process_mining/announcements/data/11_05_2022/ann11.05.2022-10-50-01.json’ saved [60/60]

--2022-05-11 11:00:01--  https://files.cloudgdansk.pl/d/otwarte-dane/ztm/bsk.json
Resolving files.cloudgdansk.pl (files.cloudgdansk.pl)... 153.19.238.147
Connecting to files.cloudgdansk.pl (files.cloudgdansk.pl)|153.19.238.147|:443... connected.
HTTP request sent, awaiting response... 200 OK
Length: 60 [text/plain]
Saving to: ‘/root/process_mining/announcements/data/11_05_2022/ann11.05.2022-11-00-01.json’

     0K                                                       100% 11.6M=0s

2022-05-11 11:00:01 (11.6 MB/s) - ‘/root/process_mining/announcements/data/11_05_2022/ann11.05.2022-11-00-01.json’ saved [60/60]

--2022-05-11 11:10:01--  https://files.cloudgdansk.pl/d/otwarte-dane/ztm/bsk.json
Resolving files.cloudgdansk.pl (files.cloudgdansk.pl)... 153.19.238.147
Connecting to files.cloudgdansk.pl (files.cloudgdansk.pl)|153.19.238.147|:443... connected.
HTTP request sent, awaiting response... 200 OK
Length: 60 [text/plain]
Saving to: ‘/root/process_mining/announcements/data/11_05_2022/ann11.05.2022-11-10-01.json’

     0K                                                       100% 12.0M=0s

2022-05-11 11:10:02 (12.0 MB/s) - ‘/root/process_mining/announcements/data/11_05_2022/ann11.05.2022-11-10-01.json’ saved [60/60]

--2022-05-11 11:20:01--  https://files.cloudgdansk.pl/d/otwarte-dane/ztm/bsk.json
Resolving files.cloudgdansk.pl (files.cloudgdansk.pl)... 153.19.238.147
Connecting to files.cloudgdansk.pl (files.cloudgdansk.pl)|153.19.238.147|:443... connected.
HTTP request sent, awaiting response... 200 OK
Length: 60 [text/plain]
Saving to: ‘/root/process_mining/announcements/data/11_05_2022/ann11.05.2022-11-20-01.json’

     0K                                                       100% 12.5M=0s

2022-05-11 11:20:01 (12.5 MB/s) - ‘/root/process_mining/announcements/data/11_05_2022/ann11.05.2022-11-20-01.json’ saved [60/60]

--2022-05-11 11:30:01--  https://files.cloudgdansk.pl/d/otwarte-dane/ztm/bsk.json
Resolving files.cloudgdansk.pl (files.cloudgdansk.pl)... 153.19.238.147
Connecting to files.cloudgdansk.pl (files.cloudgdansk.pl)|153.19.238.147|:443... connected.
HTTP request sent, awaiting response... 200 OK
Length: 60 [text/plain]
Saving to: ‘/root/process_mining/announcements/data/11_05_2022/ann11.05.2022-11-30-01.json’

     0K                                                       100% 12.5M=0s

2022-05-11 11:30:02 (12.5 MB/s) - ‘/root/process_mining/announcements/data/11_05_2022/ann11.05.2022-11-30-01.json’ saved [60/60]

--2022-05-11 11:40:01--  https://files.cloudgdansk.pl/d/otwarte-dane/ztm/bsk.json
Resolving files.cloudgdansk.pl (files.cloudgdansk.pl)... 153.19.238.147
Connecting to files.cloudgdansk.pl (files.cloudgdansk.pl)|153.19.238.147|:443... connected.
HTTP request sent, awaiting response... 200 OK
Length: 60 [text/plain]
Saving to: ‘/root/process_mining/announcements/data/11_05_2022/ann11.05.2022-11-40-01.json’

     0K                                                       100% 10.5M=0s

2022-05-11 11:40:02 (10.5 MB/s) - ‘/root/process_mining/announcements/data/11_05_2022/ann11.05.2022-11-40-01.json’ saved [60/60]

--2022-05-11 11:50:01--  https://files.cloudgdansk.pl/d/otwarte-dane/ztm/bsk.json
Resolving files.cloudgdansk.pl (files.cloudgdansk.pl)... 153.19.238.147
Connecting to files.cloudgdansk.pl (files.cloudgdansk.pl)|153.19.238.147|:443... connected.
HTTP request sent, awaiting response... 200 OK
Length: 60 [text/plain]
Saving to: ‘/root/process_mining/announcements/data/11_05_2022/ann11.05.2022-11-50-01.json’

     0K                                                       100% 12.4M=0s

2022-05-11 11:50:02 (12.4 MB/s) - ‘/root/process_mining/announcements/data/11_05_2022/ann11.05.2022-11-50-01.json’ saved [60/60]

--2022-05-11 12:00:01--  https://files.cloudgdansk.pl/d/otwarte-dane/ztm/bsk.json
Resolving files.cloudgdansk.pl (files.cloudgdansk.pl)... 153.19.238.147
Connecting to files.cloudgdansk.pl (files.cloudgdansk.pl)|153.19.238.147|:443... connected.
HTTP request sent, awaiting response... 200 OK
Length: 60 [text/plain]
Saving to: ‘/root/process_mining/announcements/data/11_05_2022/ann11.05.2022-12-00-01.json’

     0K                                                       100% 9.12M=0s

2022-05-11 12:00:02 (9.12 MB/s) - ‘/root/process_mining/announcements/data/11_05_2022/ann11.05.2022-12-00-01.json’ saved [60/60]

--2022-05-11 12:10:01--  https://files.cloudgdansk.pl/d/otwarte-dane/ztm/bsk.json
Resolving files.cloudgdansk.pl (files.cloudgdansk.pl)... 153.19.238.147
Connecting to files.cloudgdansk.pl (files.cloudgdansk.pl)|153.19.238.147|:443... connected.
HTTP request sent, awaiting response... 200 OK
Length: 60 [text/plain]
Saving to: ‘/root/process_mining/announcements/data/11_05_2022/ann11.05.2022-12-10-01.json’

     0K                                                       100% 11.4M=0s

2022-05-11 12:10:01 (11.4 MB/s) - ‘/root/process_mining/announcements/data/11_05_2022/ann11.05.2022-12-10-01.json’ saved [60/60]

--2022-05-11 12:20:01--  https://files.cloudgdansk.pl/d/otwarte-dane/ztm/bsk.json
Resolving files.cloudgdansk.pl (files.cloudgdansk.pl)... 153.19.238.147
Connecting to files.cloudgdansk.pl (files.cloudgdansk.pl)|153.19.238.147|:443... connected.
HTTP request sent, awaiting response... 200 OK
Length: 60 [text/plain]
Saving to: ‘/root/process_mining/announcements/data/11_05_2022/ann11.05.2022-12-20-01.json’

     0K                                                       100% 3.65M=0s

2022-05-11 12:20:01 (3.65 MB/s) - ‘/root/process_mining/announcements/data/11_05_2022/ann11.05.2022-12-20-01.json’ saved [60/60]

--2022-05-11 12:30:01--  https://files.cloudgdansk.pl/d/otwarte-dane/ztm/bsk.json
Resolving files.cloudgdansk.pl (files.cloudgdansk.pl)... 153.19.238.147
Connecting to files.cloudgdansk.pl (files.cloudgdansk.pl)|153.19.238.147|:443... connected.
HTTP request sent, awaiting response... 200 OK
Length: 60 [text/plain]
Saving to: ‘/root/process_mining/announcements/data/11_05_2022/ann11.05.2022-12-30-01.json’

     0K                                                       100% 11.4M=0s

2022-05-11 12:30:01 (11.4 MB/s) - ‘/root/process_mining/announcements/data/11_05_2022/ann11.05.2022-12-30-01.json’ saved [60/60]

--2022-05-11 12:40:01--  https://files.cloudgdansk.pl/d/otwarte-dane/ztm/bsk.json
Resolving files.cloudgdansk.pl (files.cloudgdansk.pl)... 153.19.238.147
Connecting to files.cloudgdansk.pl (files.cloudgdansk.pl)|153.19.238.147|:443... connected.
HTTP request sent, awaiting response... 200 OK
Length: 60 [text/plain]
Saving to: ‘/root/process_mining/announcements/data/11_05_2022/ann11.05.2022-12-40-01.json’

     0K                                                       100% 12.7M=0s

2022-05-11 12:40:01 (12.7 MB/s) - ‘/root/process_mining/announcements/data/11_05_2022/ann11.05.2022-12-40-01.json’ saved [60/60]

--2022-05-11 12:50:02--  https://files.cloudgdansk.pl/d/otwarte-dane/ztm/bsk.json
Resolving files.cloudgdansk.pl (files.cloudgdansk.pl)... 153.19.238.147
Connecting to files.cloudgdansk.pl (files.cloudgdansk.pl)|153.19.238.147|:443... connected.
HTTP request sent, awaiting response... 200 OK
Length: 60 [text/plain]
Saving to: ‘/root/process_mining/announcements/data/11_05_2022/ann11.05.2022-12-50-02.json’

     0K                                                       100% 12.1M=0s

2022-05-11 12:50:02 (12.1 MB/s) - ‘/root/process_mining/announcements/data/11_05_2022/ann11.05.2022-12-50-02.json’ saved [60/60]

--2022-05-11 13:00:01--  https://files.cloudgdansk.pl/d/otwarte-dane/ztm/bsk.json
Resolving files.cloudgdansk.pl (files.cloudgdansk.pl)... 153.19.238.147
Connecting to files.cloudgdansk.pl (files.cloudgdansk.pl)|153.19.238.147|:443... connected.
HTTP request sent, awaiting response... 200 OK
Length: 60 [text/plain]
Saving to: ‘/root/process_mining/announcements/data/11_05_2022/ann11.05.2022-13-00-01.json’

     0K                                                       100% 11.3M=0s

2022-05-11 13:00:02 (11.3 MB/s) - ‘/root/process_mining/announcements/data/11_05_2022/ann11.05.2022-13-00-01.json’ saved [60/60]

--2022-05-11 13:10:01--  https://files.cloudgdansk.pl/d/otwarte-dane/ztm/bsk.json
Resolving files.cloudgdansk.pl (files.cloudgdansk.pl)... 153.19.238.147
Connecting to files.cloudgdansk.pl (files.cloudgdansk.pl)|153.19.238.147|:443... connected.
HTTP request sent, awaiting response... 200 OK
Length: 60 [text/plain]
Saving to: ‘/root/process_mining/announcements/data/11_05_2022/ann11.05.2022-13-10-01.json’

     0K                                                       100% 12.1M=0s

2022-05-11 13:10:01 (12.1 MB/s) - ‘/root/process_mining/announcements/data/11_05_2022/ann11.05.2022-13-10-01.json’ saved [60/60]

--2022-05-11 13:20:01--  https://files.cloudgdansk.pl/d/otwarte-dane/ztm/bsk.json
Resolving files.cloudgdansk.pl (files.cloudgdansk.pl)... 153.19.238.147
Connecting to files.cloudgdansk.pl (files.cloudgdansk.pl)|153.19.238.147|:443... connected.
HTTP request sent, awaiting response... 200 OK
Length: 60 [text/plain]
Saving to: ‘/root/process_mining/announcements/data/11_05_2022/ann11.05.2022-13-20-01.json’

     0K                                                       100% 11.4M=0s

2022-05-11 13:20:01 (11.4 MB/s) - ‘/root/process_mining/announcements/data/11_05_2022/ann11.05.2022-13-20-01.json’ saved [60/60]

--2022-05-11 13:30:02--  https://files.cloudgdansk.pl/d/otwarte-dane/ztm/bsk.json
Resolving files.cloudgdansk.pl (files.cloudgdansk.pl)... 153.19.238.147
Connecting to files.cloudgdansk.pl (files.cloudgdansk.pl)|153.19.238.147|:443... connected.
HTTP request sent, awaiting response... 200 OK
Length: 60 [text/plain]
Saving to: ‘/root/process_mining/announcements/data/11_05_2022/ann11.05.2022-13-30-02.json’

     0K                                                       100% 10.6M=0s

2022-05-11 13:30:02 (10.6 MB/s) - ‘/root/process_mining/announcements/data/11_05_2022/ann11.05.2022-13-30-02.json’ saved [60/60]

--2022-05-11 13:40:01--  https://files.cloudgdansk.pl/d/otwarte-dane/ztm/bsk.json
Resolving files.cloudgdansk.pl (files.cloudgdansk.pl)... 153.19.238.147
Connecting to files.cloudgdansk.pl (files.cloudgdansk.pl)|153.19.238.147|:443... connected.
HTTP request sent, awaiting response... 200 OK
Length: 60 [text/plain]
Saving to: ‘/root/process_mining/announcements/data/11_05_2022/ann11.05.2022-13-40-01.json’

     0K                                                       100% 11.2M=0s

2022-05-11 13:40:01 (11.2 MB/s) - ‘/root/process_mining/announcements/data/11_05_2022/ann11.05.2022-13-40-01.json’ saved [60/60]

--2022-05-11 13:50:01--  https://files.cloudgdansk.pl/d/otwarte-dane/ztm/bsk.json
Resolving files.cloudgdansk.pl (files.cloudgdansk.pl)... 153.19.238.147
Connecting to files.cloudgdansk.pl (files.cloudgdansk.pl)|153.19.238.147|:443... connected.
HTTP request sent, awaiting response... 200 OK
Length: 60 [text/plain]
Saving to: ‘/root/process_mining/announcements/data/11_05_2022/ann11.05.2022-13-50-01.json’

     0K                                                       100% 12.2M=0s

2022-05-11 13:50:02 (12.2 MB/s) - ‘/root/process_mining/announcements/data/11_05_2022/ann11.05.2022-13-50-01.json’ saved [60/60]

--2022-05-11 14:00:01--  https://files.cloudgdansk.pl/d/otwarte-dane/ztm/bsk.json
Resolving files.cloudgdansk.pl (files.cloudgdansk.pl)... 153.19.238.147
Connecting to files.cloudgdansk.pl (files.cloudgdansk.pl)|153.19.238.147|:443... connected.
HTTP request sent, awaiting response... 200 OK
Length: 60 [text/plain]
Saving to: ‘/root/process_mining/announcements/data/11_05_2022/ann11.05.2022-14-00-01.json’

     0K                                                       100% 8.89M=0s

2022-05-11 14:00:01 (8.89 MB/s) - ‘/root/process_mining/announcements/data/11_05_2022/ann11.05.2022-14-00-01.json’ saved [60/60]

--2022-05-11 14:10:01--  https://files.cloudgdansk.pl/d/otwarte-dane/ztm/bsk.json
Resolving files.cloudgdansk.pl (files.cloudgdansk.pl)... 153.19.238.147
Connecting to files.cloudgdansk.pl (files.cloudgdansk.pl)|153.19.238.147|:443... connected.
HTTP request sent, awaiting response... 200 OK
Length: 516 [application/json]
Saving to: ‘/root/process_mining/announcements/data/11_05_2022/ann11.05.2022-14-10-01.json’

     0K                                                       100%  104M=0s

2022-05-11 14:10:01 (104 MB/s) - ‘/root/process_mining/announcements/data/11_05_2022/ann11.05.2022-14-10-01.json’ saved [516/516]

--2022-05-11 14:20:01--  https://files.cloudgdansk.pl/d/otwarte-dane/ztm/bsk.json
Resolving files.cloudgdansk.pl (files.cloudgdansk.pl)... 153.19.238.147
Connecting to files.cloudgdansk.pl (files.cloudgdansk.pl)|153.19.238.147|:443... connected.
HTTP request sent, awaiting response... 200 OK
Length: 986 [application/json]
Saving to: ‘/root/process_mining/announcements/data/11_05_2022/ann11.05.2022-14-20-01.json’

     0K                                                       100%  193M=0s

2022-05-11 14:20:01 (193 MB/s) - ‘/root/process_mining/announcements/data/11_05_2022/ann11.05.2022-14-20-01.json’ saved [986/986]

--2022-05-11 14:30:01--  https://files.cloudgdansk.pl/d/otwarte-dane/ztm/bsk.json
Resolving files.cloudgdansk.pl (files.cloudgdansk.pl)... 153.19.238.147
Connecting to files.cloudgdansk.pl (files.cloudgdansk.pl)|153.19.238.147|:443... connected.
HTTP request sent, awaiting response... 200 OK
Length: 986 [application/json]
Saving to: ‘/root/process_mining/announcements/data/11_05_2022/ann11.05.2022-14-30-01.json’

     0K                                                       100%  193M=0s

2022-05-11 14:30:02 (193 MB/s) - ‘/root/process_mining/announcements/data/11_05_2022/ann11.05.2022-14-30-01.json’ saved [986/986]

--2022-05-11 14:40:01--  https://files.cloudgdansk.pl/d/otwarte-dane/ztm/bsk.json
Resolving files.cloudgdansk.pl (files.cloudgdansk.pl)... 153.19.238.147
Connecting to files.cloudgdansk.pl (files.cloudgdansk.pl)|153.19.238.147|:443... connected.
HTTP request sent, awaiting response... 200 OK
Length: 529 [application/json]
Saving to: ‘/root/process_mining/announcements/data/11_05_2022/ann11.05.2022-14-40-01.json’

     0K                                                       100%  109M=0s

2022-05-11 14:40:01 (109 MB/s) - ‘/root/process_mining/announcements/data/11_05_2022/ann11.05.2022-14-40-01.json’ saved [529/529]

--2022-05-11 14:50:01--  https://files.cloudgdansk.pl/d/otwarte-dane/ztm/bsk.json
Resolving files.cloudgdansk.pl (files.cloudgdansk.pl)... 153.19.238.147
Connecting to files.cloudgdansk.pl (files.cloudgdansk.pl)|153.19.238.147|:443... connected.
HTTP request sent, awaiting response... 200 OK
Length: 529 [application/json]
Saving to: ‘/root/process_mining/announcements/data/11_05_2022/ann11.05.2022-14-50-01.json’

     0K                                                       100%  107M=0s

2022-05-11 14:50:01 (107 MB/s) - ‘/root/process_mining/announcements/data/11_05_2022/ann11.05.2022-14-50-01.json’ saved [529/529]

--2022-05-11 15:00:01--  https://files.cloudgdansk.pl/d/otwarte-dane/ztm/bsk.json
Resolving files.cloudgdansk.pl (files.cloudgdansk.pl)... 153.19.238.147
Connecting to files.cloudgdansk.pl (files.cloudgdansk.pl)|153.19.238.147|:443... connected.
HTTP request sent, awaiting response... 200 OK
Length: 60 [text/plain]
Saving to: ‘/root/process_mining/announcements/data/11_05_2022/ann11.05.2022-15-00-01.json’

     0K                                                       100% 12.8M=0s

2022-05-11 15:00:02 (12.8 MB/s) - ‘/root/process_mining/announcements/data/11_05_2022/ann11.05.2022-15-00-01.json’ saved [60/60]

--2022-05-11 15:10:01--  https://files.cloudgdansk.pl/d/otwarte-dane/ztm/bsk.json
Resolving files.cloudgdansk.pl (files.cloudgdansk.pl)... 153.19.238.147
Connecting to files.cloudgdansk.pl (files.cloudgdansk.pl)|153.19.238.147|:443... connected.
HTTP request sent, awaiting response... 200 OK
Length: 60 [text/plain]
Saving to: ‘/root/process_mining/announcements/data/11_05_2022/ann11.05.2022-15-10-01.json’

     0K                                                       100% 11.4M=0s

2022-05-11 15:10:01 (11.4 MB/s) - ‘/root/process_mining/announcements/data/11_05_2022/ann11.05.2022-15-10-01.json’ saved [60/60]

--2022-05-11 15:20:02--  https://files.cloudgdansk.pl/d/otwarte-dane/ztm/bsk.json
Resolving files.cloudgdansk.pl (files.cloudgdansk.pl)... 153.19.238.147
Connecting to files.cloudgdansk.pl (files.cloudgdansk.pl)|153.19.238.147|:443... connected.
HTTP request sent, awaiting response... 200 OK
Length: 60 [text/plain]
Saving to: ‘/root/process_mining/announcements/data/11_05_2022/ann11.05.2022-15-20-02.json’

     0K                                                       100% 13.1M=0s

2022-05-11 15:20:02 (13.1 MB/s) - ‘/root/process_mining/announcements/data/11_05_2022/ann11.05.2022-15-20-02.json’ saved [60/60]

--2022-05-11 15:30:01--  https://files.cloudgdansk.pl/d/otwarte-dane/ztm/bsk.json
Resolving files.cloudgdansk.pl (files.cloudgdansk.pl)... 153.19.238.147
Connecting to files.cloudgdansk.pl (files.cloudgdansk.pl)|153.19.238.147|:443... connected.
HTTP request sent, awaiting response... 200 OK
Length: 60 [text/plain]
Saving to: ‘/root/process_mining/announcements/data/11_05_2022/ann11.05.2022-15-30-01.json’

     0K                                                       100% 10.4M=0s

2022-05-11 15:30:01 (10.4 MB/s) - ‘/root/process_mining/announcements/data/11_05_2022/ann11.05.2022-15-30-01.json’ saved [60/60]

--2022-05-11 15:40:01--  https://files.cloudgdansk.pl/d/otwarte-dane/ztm/bsk.json
Resolving files.cloudgdansk.pl (files.cloudgdansk.pl)... 153.19.238.147
Connecting to files.cloudgdansk.pl (files.cloudgdansk.pl)|153.19.238.147|:443... connected.
HTTP request sent, awaiting response... 200 OK
Length: 60 [text/plain]
Saving to: ‘/root/process_mining/announcements/data/11_05_2022/ann11.05.2022-15-40-01.json’

     0K                                                       100% 12.7M=0s

2022-05-11 15:40:01 (12.7 MB/s) - ‘/root/process_mining/announcements/data/11_05_2022/ann11.05.2022-15-40-01.json’ saved [60/60]

--2022-05-11 15:50:02--  https://files.cloudgdansk.pl/d/otwarte-dane/ztm/bsk.json
Resolving files.cloudgdansk.pl (files.cloudgdansk.pl)... 153.19.238.147
Connecting to files.cloudgdansk.pl (files.cloudgdansk.pl)|153.19.238.147|:443... connected.
HTTP request sent, awaiting response... 200 OK
Length: 60 [text/plain]
Saving to: ‘/root/process_mining/announcements/data/11_05_2022/ann11.05.2022-15-50-02.json’

     0K                                                       100% 12.9M=0s

2022-05-11 15:50:02 (12.9 MB/s) - ‘/root/process_mining/announcements/data/11_05_2022/ann11.05.2022-15-50-02.json’ saved [60/60]

--2022-05-11 16:00:01--  https://files.cloudgdansk.pl/d/otwarte-dane/ztm/bsk.json
Resolving files.cloudgdansk.pl (files.cloudgdansk.pl)... 153.19.238.147
Connecting to files.cloudgdansk.pl (files.cloudgdansk.pl)|153.19.238.147|:443... connected.
HTTP request sent, awaiting response... 200 OK
Length: 60 [text/plain]
Saving to: ‘/root/process_mining/announcements/data/11_05_2022/ann11.05.2022-16-00-01.json’

     0K                                                       100% 13.3M=0s

2022-05-11 16:00:02 (13.3 MB/s) - ‘/root/process_mining/announcements/data/11_05_2022/ann11.05.2022-16-00-01.json’ saved [60/60]

--2022-05-11 16:10:02--  https://files.cloudgdansk.pl/d/otwarte-dane/ztm/bsk.json
Resolving files.cloudgdansk.pl (files.cloudgdansk.pl)... 153.19.238.147
Connecting to files.cloudgdansk.pl (files.cloudgdansk.pl)|153.19.238.147|:443... connected.
HTTP request sent, awaiting response... 200 OK
Length: 60 [text/plain]
Saving to: ‘/root/process_mining/announcements/data/11_05_2022/ann11.05.2022-16-10-02.json’

     0K                                                       100% 11.7M=0s

2022-05-11 16:10:02 (11.7 MB/s) - ‘/root/process_mining/announcements/data/11_05_2022/ann11.05.2022-16-10-02.json’ saved [60/60]

--2022-05-11 16:20:01--  https://files.cloudgdansk.pl/d/otwarte-dane/ztm/bsk.json
Resolving files.cloudgdansk.pl (files.cloudgdansk.pl)... 153.19.238.147
Connecting to files.cloudgdansk.pl (files.cloudgdansk.pl)|153.19.238.147|:443... connected.
HTTP request sent, awaiting response... 200 OK
Length: 60 [text/plain]
Saving to: ‘/root/process_mining/announcements/data/11_05_2022/ann11.05.2022-16-20-01.json’

     0K                                                       100% 12.2M=0s

2022-05-11 16:20:01 (12.2 MB/s) - ‘/root/process_mining/announcements/data/11_05_2022/ann11.05.2022-16-20-01.json’ saved [60/60]

--2022-05-11 16:30:01--  https://files.cloudgdansk.pl/d/otwarte-dane/ztm/bsk.json
Resolving files.cloudgdansk.pl (files.cloudgdansk.pl)... 153.19.238.147
Connecting to files.cloudgdansk.pl (files.cloudgdansk.pl)|153.19.238.147|:443... connected.
HTTP request sent, awaiting response... 200 OK
Length: 60 [text/plain]
Saving to: ‘/root/process_mining/announcements/data/11_05_2022/ann11.05.2022-16-30-01.json’

     0K                                                       100% 11.4M=0s

2022-05-11 16:30:02 (11.4 MB/s) - ‘/root/process_mining/announcements/data/11_05_2022/ann11.05.2022-16-30-01.json’ saved [60/60]

--2022-05-11 16:40:01--  https://files.cloudgdansk.pl/d/otwarte-dane/ztm/bsk.json
Resolving files.cloudgdansk.pl (files.cloudgdansk.pl)... 153.19.238.147
Connecting to files.cloudgdansk.pl (files.cloudgdansk.pl)|153.19.238.147|:443... connected.
HTTP request sent, awaiting response... 200 OK
Length: 60 [text/plain]
Saving to: ‘/root/process_mining/announcements/data/11_05_2022/ann11.05.2022-16-40-01.json’

     0K                                                       100% 11.5M=0s

2022-05-11 16:40:01 (11.5 MB/s) - ‘/root/process_mining/announcements/data/11_05_2022/ann11.05.2022-16-40-01.json’ saved [60/60]

--2022-05-11 16:50:01--  https://files.cloudgdansk.pl/d/otwarte-dane/ztm/bsk.json
Resolving files.cloudgdansk.pl (files.cloudgdansk.pl)... 153.19.238.147
Connecting to files.cloudgdansk.pl (files.cloudgdansk.pl)|153.19.238.147|:443... connected.
HTTP request sent, awaiting response... 200 OK
Length: 60 [text/plain]
Saving to: ‘/root/process_mining/announcements/data/11_05_2022/ann11.05.2022-16-50-01.json’

     0K                                                       100% 12.6M=0s

2022-05-11 16:50:01 (12.6 MB/s) - ‘/root/process_mining/announcements/data/11_05_2022/ann11.05.2022-16-50-01.json’ saved [60/60]

--2022-05-11 17:00:01--  https://files.cloudgdansk.pl/d/otwarte-dane/ztm/bsk.json
Resolving files.cloudgdansk.pl (files.cloudgdansk.pl)... 153.19.238.147
Connecting to files.cloudgdansk.pl (files.cloudgdansk.pl)|153.19.238.147|:443... connected.
HTTP request sent, awaiting response... 200 OK
Length: 60 [text/plain]
Saving to: ‘/root/process_mining/announcements/data/11_05_2022/ann11.05.2022-17-00-01.json’

     0K                                                       100% 12.1M=0s

2022-05-11 17:00:01 (12.1 MB/s) - ‘/root/process_mining/announcements/data/11_05_2022/ann11.05.2022-17-00-01.json’ saved [60/60]

--2022-05-11 17:10:01--  https://files.cloudgdansk.pl/d/otwarte-dane/ztm/bsk.json
Resolving files.cloudgdansk.pl (files.cloudgdansk.pl)... 153.19.238.147
Connecting to files.cloudgdansk.pl (files.cloudgdansk.pl)|153.19.238.147|:443... connected.
HTTP request sent, awaiting response... 200 OK
Length: 60 [text/plain]
Saving to: ‘/root/process_mining/announcements/data/11_05_2022/ann11.05.2022-17-10-01.json’

     0K                                                       100% 12.5M=0s

2022-05-11 17:10:02 (12.5 MB/s) - ‘/root/process_mining/announcements/data/11_05_2022/ann11.05.2022-17-10-01.json’ saved [60/60]

--2022-05-11 17:20:01--  https://files.cloudgdansk.pl/d/otwarte-dane/ztm/bsk.json
Resolving files.cloudgdansk.pl (files.cloudgdansk.pl)... 153.19.238.147
Connecting to files.cloudgdansk.pl (files.cloudgdansk.pl)|153.19.238.147|:443... connected.
HTTP request sent, awaiting response... 200 OK
Length: 60 [text/plain]
Saving to: ‘/root/process_mining/announcements/data/11_05_2022/ann11.05.2022-17-20-01.json’

     0K                                                       100% 8.78M=0s

2022-05-11 17:20:01 (8.78 MB/s) - ‘/root/process_mining/announcements/data/11_05_2022/ann11.05.2022-17-20-01.json’ saved [60/60]

--2022-05-11 17:30:01--  https://files.cloudgdansk.pl/d/otwarte-dane/ztm/bsk.json
Resolving files.cloudgdansk.pl (files.cloudgdansk.pl)... 153.19.238.147
Connecting to files.cloudgdansk.pl (files.cloudgdansk.pl)|153.19.238.147|:443... connected.
HTTP request sent, awaiting response... 200 OK
Length: 60 [text/plain]
Saving to: ‘/root/process_mining/announcements/data/11_05_2022/ann11.05.2022-17-30-01.json’

     0K                                                       100% 11.8M=0s

2022-05-11 17:30:01 (11.8 MB/s) - ‘/root/process_mining/announcements/data/11_05_2022/ann11.05.2022-17-30-01.json’ saved [60/60]

--2022-05-11 17:40:01--  https://files.cloudgdansk.pl/d/otwarte-dane/ztm/bsk.json
Resolving files.cloudgdansk.pl (files.cloudgdansk.pl)... 153.19.238.147
Connecting to files.cloudgdansk.pl (files.cloudgdansk.pl)|153.19.238.147|:443... connected.
HTTP request sent, awaiting response... 200 OK
Length: 60 [text/plain]
Saving to: ‘/root/process_mining/announcements/data/11_05_2022/ann11.05.2022-17-40-01.json’

     0K                                                       100% 12.6M=0s

2022-05-11 17:40:02 (12.6 MB/s) - ‘/root/process_mining/announcements/data/11_05_2022/ann11.05.2022-17-40-01.json’ saved [60/60]

--2022-05-11 17:50:01--  https://files.cloudgdansk.pl/d/otwarte-dane/ztm/bsk.json
Resolving files.cloudgdansk.pl (files.cloudgdansk.pl)... 153.19.238.147
Connecting to files.cloudgdansk.pl (files.cloudgdansk.pl)|153.19.238.147|:443... connected.
HTTP request sent, awaiting response... 200 OK
Length: 60 [text/plain]
Saving to: ‘/root/process_mining/announcements/data/11_05_2022/ann11.05.2022-17-50-01.json’

     0K                                                       100% 11.9M=0s

2022-05-11 17:50:02 (11.9 MB/s) - ‘/root/process_mining/announcements/data/11_05_2022/ann11.05.2022-17-50-01.json’ saved [60/60]

--2022-05-11 18:00:01--  https://files.cloudgdansk.pl/d/otwarte-dane/ztm/bsk.json
Resolving files.cloudgdansk.pl (files.cloudgdansk.pl)... 153.19.238.147
Connecting to files.cloudgdansk.pl (files.cloudgdansk.pl)|153.19.238.147|:443... connected.
HTTP request sent, awaiting response... 200 OK
Length: 60 [text/plain]
Saving to: ‘/root/process_mining/announcements/data/11_05_2022/ann11.05.2022-18-00-01.json’

     0K                                                       100% 3.82M=0s

2022-05-11 18:00:01 (3.82 MB/s) - ‘/root/process_mining/announcements/data/11_05_2022/ann11.05.2022-18-00-01.json’ saved [60/60]

--2022-05-11 18:10:01--  https://files.cloudgdansk.pl/d/otwarte-dane/ztm/bsk.json
Resolving files.cloudgdansk.pl (files.cloudgdansk.pl)... 153.19.238.147
Connecting to files.cloudgdansk.pl (files.cloudgdansk.pl)|153.19.238.147|:443... connected.
HTTP request sent, awaiting response... 200 OK
Length: 60 [text/plain]
Saving to: ‘/root/process_mining/announcements/data/11_05_2022/ann11.05.2022-18-10-01.json’

     0K                                                       100% 11.8M=0s

2022-05-11 18:10:01 (11.8 MB/s) - ‘/root/process_mining/announcements/data/11_05_2022/ann11.05.2022-18-10-01.json’ saved [60/60]

--2022-05-11 18:20:01--  https://files.cloudgdansk.pl/d/otwarte-dane/ztm/bsk.json
Resolving files.cloudgdansk.pl (files.cloudgdansk.pl)... 153.19.238.147
Connecting to files.cloudgdansk.pl (files.cloudgdansk.pl)|153.19.238.147|:443... connected.
HTTP request sent, awaiting response... 200 OK
Length: 60 [text/plain]
Saving to: ‘/root/process_mining/announcements/data/11_05_2022/ann11.05.2022-18-20-01.json’

     0K                                                       100% 13.1M=0s

2022-05-11 18:20:02 (13.1 MB/s) - ‘/root/process_mining/announcements/data/11_05_2022/ann11.05.2022-18-20-01.json’ saved [60/60]

--2022-05-11 18:30:01--  https://files.cloudgdansk.pl/d/otwarte-dane/ztm/bsk.json
Resolving files.cloudgdansk.pl (files.cloudgdansk.pl)... 153.19.238.147
Connecting to files.cloudgdansk.pl (files.cloudgdansk.pl)|153.19.238.147|:443... connected.
HTTP request sent, awaiting response... 200 OK
Length: 60 [text/plain]
Saving to: ‘/root/process_mining/announcements/data/11_05_2022/ann11.05.2022-18-30-01.json’

     0K                                                       100% 12.3M=0s

2022-05-11 18:30:02 (12.3 MB/s) - ‘/root/process_mining/announcements/data/11_05_2022/ann11.05.2022-18-30-01.json’ saved [60/60]

--2022-05-11 18:40:01--  https://files.cloudgdansk.pl/d/otwarte-dane/ztm/bsk.json
Resolving files.cloudgdansk.pl (files.cloudgdansk.pl)... 153.19.238.147
Connecting to files.cloudgdansk.pl (files.cloudgdansk.pl)|153.19.238.147|:443... connected.
HTTP request sent, awaiting response... 200 OK
Length: 60 [text/plain]
Saving to: ‘/root/process_mining/announcements/data/11_05_2022/ann11.05.2022-18-40-01.json’

     0K                                                       100% 11.8M=0s

2022-05-11 18:40:01 (11.8 MB/s) - ‘/root/process_mining/announcements/data/11_05_2022/ann11.05.2022-18-40-01.json’ saved [60/60]

--2022-05-11 18:50:00--  https://files.cloudgdansk.pl/d/otwarte-dane/ztm/bsk.json
Resolving files.cloudgdansk.pl (files.cloudgdansk.pl)... 153.19.238.147
Connecting to files.cloudgdansk.pl (files.cloudgdansk.pl)|153.19.238.147|:443... connected.
HTTP request sent, awaiting response... 200 OK
Length: 60 [text/plain]
Saving to: ‘/root/process_mining/announcements/data/11_05_2022/ann11.05.2022-18-50-00.json’

     0K                                                       100% 12.1M=0s

2022-05-11 18:50:00 (12.1 MB/s) - ‘/root/process_mining/announcements/data/11_05_2022/ann11.05.2022-18-50-00.json’ saved [60/60]

--2022-05-11 19:00:01--  https://files.cloudgdansk.pl/d/otwarte-dane/ztm/bsk.json
Resolving files.cloudgdansk.pl (files.cloudgdansk.pl)... 153.19.238.147
Connecting to files.cloudgdansk.pl (files.cloudgdansk.pl)|153.19.238.147|:443... connected.
HTTP request sent, awaiting response... 200 OK
Length: 60 [text/plain]
Saving to: ‘/root/process_mining/announcements/data/11_05_2022/ann11.05.2022-19-00-01.json’

     0K                                                       100% 12.0M=0s

2022-05-11 19:00:02 (12.0 MB/s) - ‘/root/process_mining/announcements/data/11_05_2022/ann11.05.2022-19-00-01.json’ saved [60/60]

--2022-05-11 19:10:01--  https://files.cloudgdansk.pl/d/otwarte-dane/ztm/bsk.json
Resolving files.cloudgdansk.pl (files.cloudgdansk.pl)... 153.19.238.147
Connecting to files.cloudgdansk.pl (files.cloudgdansk.pl)|153.19.238.147|:443... connected.
HTTP request sent, awaiting response... 200 OK
Length: 60 [text/plain]
Saving to: ‘/root/process_mining/announcements/data/11_05_2022/ann11.05.2022-19-10-01.json’

     0K                                                       100% 12.9M=0s

2022-05-11 19:10:02 (12.9 MB/s) - ‘/root/process_mining/announcements/data/11_05_2022/ann11.05.2022-19-10-01.json’ saved [60/60]

--2022-05-11 19:20:01--  https://files.cloudgdansk.pl/d/otwarte-dane/ztm/bsk.json
Resolving files.cloudgdansk.pl (files.cloudgdansk.pl)... 153.19.238.147
Connecting to files.cloudgdansk.pl (files.cloudgdansk.pl)|153.19.238.147|:443... connected.
HTTP request sent, awaiting response... 200 OK
Length: 60 [text/plain]
Saving to: ‘/root/process_mining/announcements/data/11_05_2022/ann11.05.2022-19-20-01.json’

     0K                                                       100% 11.8M=0s

2022-05-11 19:20:02 (11.8 MB/s) - ‘/root/process_mining/announcements/data/11_05_2022/ann11.05.2022-19-20-01.json’ saved [60/60]

--2022-05-11 19:30:01--  https://files.cloudgdansk.pl/d/otwarte-dane/ztm/bsk.json
Resolving files.cloudgdansk.pl (files.cloudgdansk.pl)... 153.19.238.147
Connecting to files.cloudgdansk.pl (files.cloudgdansk.pl)|153.19.238.147|:443... connected.
HTTP request sent, awaiting response... 200 OK
Length: 60 [text/plain]
Saving to: ‘/root/process_mining/announcements/data/11_05_2022/ann11.05.2022-19-30-01.json’

     0K                                                       100% 11.2M=0s

2022-05-11 19:30:02 (11.2 MB/s) - ‘/root/process_mining/announcements/data/11_05_2022/ann11.05.2022-19-30-01.json’ saved [60/60]

--2022-05-11 19:40:01--  https://files.cloudgdansk.pl/d/otwarte-dane/ztm/bsk.json
Resolving files.cloudgdansk.pl (files.cloudgdansk.pl)... 153.19.238.147
Connecting to files.cloudgdansk.pl (files.cloudgdansk.pl)|153.19.238.147|:443... connected.
HTTP request sent, awaiting response... 200 OK
Length: 60 [text/plain]
Saving to: ‘/root/process_mining/announcements/data/11_05_2022/ann11.05.2022-19-40-01.json’

     0K                                                       100% 11.8M=0s

2022-05-11 19:40:01 (11.8 MB/s) - ‘/root/process_mining/announcements/data/11_05_2022/ann11.05.2022-19-40-01.json’ saved [60/60]

--2022-05-11 19:50:01--  https://files.cloudgdansk.pl/d/otwarte-dane/ztm/bsk.json
Resolving files.cloudgdansk.pl (files.cloudgdansk.pl)... 153.19.238.147
Connecting to files.cloudgdansk.pl (files.cloudgdansk.pl)|153.19.238.147|:443... connected.
HTTP request sent, awaiting response... 200 OK
Length: 60 [text/plain]
Saving to: ‘/root/process_mining/announcements/data/11_05_2022/ann11.05.2022-19-50-01.json’

     0K                                                       100% 11.3M=0s

2022-05-11 19:50:02 (11.3 MB/s) - ‘/root/process_mining/announcements/data/11_05_2022/ann11.05.2022-19-50-01.json’ saved [60/60]

--2022-05-11 20:00:01--  https://files.cloudgdansk.pl/d/otwarte-dane/ztm/bsk.json
Resolving files.cloudgdansk.pl (files.cloudgdansk.pl)... 153.19.238.147
Connecting to files.cloudgdansk.pl (files.cloudgdansk.pl)|153.19.238.147|:443... connected.
HTTP request sent, awaiting response... 200 OK
Length: 60 [text/plain]
Saving to: ‘/root/process_mining/announcements/data/11_05_2022/ann11.05.2022-20-00-01.json’

     0K                                                       100% 11.8M=0s

2022-05-11 20:00:01 (11.8 MB/s) - ‘/root/process_mining/announcements/data/11_05_2022/ann11.05.2022-20-00-01.json’ saved [60/60]

--2022-05-11 20:10:01--  https://files.cloudgdansk.pl/d/otwarte-dane/ztm/bsk.json
Resolving files.cloudgdansk.pl (files.cloudgdansk.pl)... 153.19.238.147
Connecting to files.cloudgdansk.pl (files.cloudgdansk.pl)|153.19.238.147|:443... connected.
HTTP request sent, awaiting response... 200 OK
Length: 60 [text/plain]
Saving to: ‘/root/process_mining/announcements/data/11_05_2022/ann11.05.2022-20-10-01.json’

     0K                                                       100% 12.2M=0s

2022-05-11 20:10:01 (12.2 MB/s) - ‘/root/process_mining/announcements/data/11_05_2022/ann11.05.2022-20-10-01.json’ saved [60/60]

--2022-05-11 20:20:01--  https://files.cloudgdansk.pl/d/otwarte-dane/ztm/bsk.json
Resolving files.cloudgdansk.pl (files.cloudgdansk.pl)... 153.19.238.147
Connecting to files.cloudgdansk.pl (files.cloudgdansk.pl)|153.19.238.147|:443... connected.
HTTP request sent, awaiting response... 200 OK
Length: 60 [text/plain]
Saving to: ‘/root/process_mining/announcements/data/11_05_2022/ann11.05.2022-20-20-01.json’

     0K                                                       100% 11.9M=0s

2022-05-11 20:20:01 (11.9 MB/s) - ‘/root/process_mining/announcements/data/11_05_2022/ann11.05.2022-20-20-01.json’ saved [60/60]

--2022-05-11 20:30:01--  https://files.cloudgdansk.pl/d/otwarte-dane/ztm/bsk.json
Resolving files.cloudgdansk.pl (files.cloudgdansk.pl)... 153.19.238.147
Connecting to files.cloudgdansk.pl (files.cloudgdansk.pl)|153.19.238.147|:443... connected.
HTTP request sent, awaiting response... 200 OK
Length: 60 [text/plain]
Saving to: ‘/root/process_mining/announcements/data/11_05_2022/ann11.05.2022-20-30-01.json’

     0K                                                       100% 12.2M=0s

2022-05-11 20:30:01 (12.2 MB/s) - ‘/root/process_mining/announcements/data/11_05_2022/ann11.05.2022-20-30-01.json’ saved [60/60]

--2022-05-11 20:40:01--  https://files.cloudgdansk.pl/d/otwarte-dane/ztm/bsk.json
Resolving files.cloudgdansk.pl (files.cloudgdansk.pl)... 153.19.238.147
Connecting to files.cloudgdansk.pl (files.cloudgdansk.pl)|153.19.238.147|:443... connected.
HTTP request sent, awaiting response... 200 OK
Length: 60 [text/plain]
Saving to: ‘/root/process_mining/announcements/data/11_05_2022/ann11.05.2022-20-40-01.json’

     0K                                                       100% 12.3M=0s

2022-05-11 20:40:01 (12.3 MB/s) - ‘/root/process_mining/announcements/data/11_05_2022/ann11.05.2022-20-40-01.json’ saved [60/60]

--2022-05-11 20:50:01--  https://files.cloudgdansk.pl/d/otwarte-dane/ztm/bsk.json
Resolving files.cloudgdansk.pl (files.cloudgdansk.pl)... 153.19.238.147
Connecting to files.cloudgdansk.pl (files.cloudgdansk.pl)|153.19.238.147|:443... connected.
HTTP request sent, awaiting response... 200 OK
Length: 60 [text/plain]
Saving to: ‘/root/process_mining/announcements/data/11_05_2022/ann11.05.2022-20-50-01.json’

     0K                                                       100% 12.0M=0s

2022-05-11 20:50:01 (12.0 MB/s) - ‘/root/process_mining/announcements/data/11_05_2022/ann11.05.2022-20-50-01.json’ saved [60/60]

--2022-05-11 21:00:01--  https://files.cloudgdansk.pl/d/otwarte-dane/ztm/bsk.json
Resolving files.cloudgdansk.pl (files.cloudgdansk.pl)... 153.19.238.147
Connecting to files.cloudgdansk.pl (files.cloudgdansk.pl)|153.19.238.147|:443... connected.
HTTP request sent, awaiting response... 200 OK
Length: 60 [text/plain]
Saving to: ‘/root/process_mining/announcements/data/11_05_2022/ann11.05.2022-21-00-01.json’

     0K                                                       100% 11.7M=0s

2022-05-11 21:00:01 (11.7 MB/s) - ‘/root/process_mining/announcements/data/11_05_2022/ann11.05.2022-21-00-01.json’ saved [60/60]

--2022-05-11 21:10:01--  https://files.cloudgdansk.pl/d/otwarte-dane/ztm/bsk.json
Resolving files.cloudgdansk.pl (files.cloudgdansk.pl)... 153.19.238.147
Connecting to files.cloudgdansk.pl (files.cloudgdansk.pl)|153.19.238.147|:443... connected.
HTTP request sent, awaiting response... 200 OK
Length: 60 [text/plain]
Saving to: ‘/root/process_mining/announcements/data/11_05_2022/ann11.05.2022-21-10-01.json’

     0K                                                       100% 9.55M=0s

2022-05-11 21:10:02 (9.55 MB/s) - ‘/root/process_mining/announcements/data/11_05_2022/ann11.05.2022-21-10-01.json’ saved [60/60]

--2022-05-11 21:20:00--  https://files.cloudgdansk.pl/d/otwarte-dane/ztm/bsk.json
Resolving files.cloudgdansk.pl (files.cloudgdansk.pl)... 153.19.238.147
Connecting to files.cloudgdansk.pl (files.cloudgdansk.pl)|153.19.238.147|:443... connected.
HTTP request sent, awaiting response... 200 OK
Length: 60 [text/plain]
Saving to: ‘/root/process_mining/announcements/data/11_05_2022/ann11.05.2022-21-20-00.json’

     0K                                                       100% 12.2M=0s

2022-05-11 21:20:00 (12.2 MB/s) - ‘/root/process_mining/announcements/data/11_05_2022/ann11.05.2022-21-20-00.json’ saved [60/60]

--2022-05-11 21:30:00--  https://files.cloudgdansk.pl/d/otwarte-dane/ztm/bsk.json
Resolving files.cloudgdansk.pl (files.cloudgdansk.pl)... 153.19.238.147
Connecting to files.cloudgdansk.pl (files.cloudgdansk.pl)|153.19.238.147|:443... connected.
HTTP request sent, awaiting response... 200 OK
Length: 60 [text/plain]
Saving to: ‘/root/process_mining/announcements/data/11_05_2022/ann11.05.2022-21-30-00.json’

     0K                                                       100% 11.7M=0s

2022-05-11 21:30:01 (11.7 MB/s) - ‘/root/process_mining/announcements/data/11_05_2022/ann11.05.2022-21-30-00.json’ saved [60/60]

--2022-05-11 21:40:01--  https://files.cloudgdansk.pl/d/otwarte-dane/ztm/bsk.json
Resolving files.cloudgdansk.pl (files.cloudgdansk.pl)... 153.19.238.147
Connecting to files.cloudgdansk.pl (files.cloudgdansk.pl)|153.19.238.147|:443... connected.
HTTP request sent, awaiting response... 200 OK
Length: 60 [text/plain]
Saving to: ‘/root/process_mining/announcements/data/11_05_2022/ann11.05.2022-21-40-01.json’

     0K                                                       100% 11.2M=0s

2022-05-11 21:40:01 (11.2 MB/s) - ‘/root/process_mining/announcements/data/11_05_2022/ann11.05.2022-21-40-01.json’ saved [60/60]

--2022-05-11 21:50:01--  https://files.cloudgdansk.pl/d/otwarte-dane/ztm/bsk.json
Resolving files.cloudgdansk.pl (files.cloudgdansk.pl)... 153.19.238.147
Connecting to files.cloudgdansk.pl (files.cloudgdansk.pl)|153.19.238.147|:443... connected.
HTTP request sent, awaiting response... 200 OK
Length: 60 [text/plain]
Saving to: ‘/root/process_mining/announcements/data/11_05_2022/ann11.05.2022-21-50-01.json’

     0K                                                       100% 12.4M=0s

2022-05-11 21:50:02 (12.4 MB/s) - ‘/root/process_mining/announcements/data/11_05_2022/ann11.05.2022-21-50-01.json’ saved [60/60]

--2022-05-11 22:00:01--  https://files.cloudgdansk.pl/d/otwarte-dane/ztm/bsk.json
Resolving files.cloudgdansk.pl (files.cloudgdansk.pl)... 153.19.238.147
Connecting to files.cloudgdansk.pl (files.cloudgdansk.pl)|153.19.238.147|:443... connected.
HTTP request sent, awaiting response... 200 OK
Length: 60 [text/plain]
Saving to: ‘/root/process_mining/announcements/data/11_05_2022/ann11.05.2022-22-00-01.json’

     0K                                                       100% 12.2M=0s

2022-05-11 22:00:02 (12.2 MB/s) - ‘/root/process_mining/announcements/data/11_05_2022/ann11.05.2022-22-00-01.json’ saved [60/60]

--2022-05-11 22:10:01--  https://files.cloudgdansk.pl/d/otwarte-dane/ztm/bsk.json
Resolving files.cloudgdansk.pl (files.cloudgdansk.pl)... 153.19.238.147
Connecting to files.cloudgdansk.pl (files.cloudgdansk.pl)|153.19.238.147|:443... connected.
HTTP request sent, awaiting response... 200 OK
Length: 60 [text/plain]
Saving to: ‘/root/process_mining/announcements/data/11_05_2022/ann11.05.2022-22-10-01.json’

     0K                                                       100% 11.9M=0s

2022-05-11 22:10:02 (11.9 MB/s) - ‘/root/process_mining/announcements/data/11_05_2022/ann11.05.2022-22-10-01.json’ saved [60/60]

--2022-05-11 22:20:01--  https://files.cloudgdansk.pl/d/otwarte-dane/ztm/bsk.json
Resolving files.cloudgdansk.pl (files.cloudgdansk.pl)... 153.19.238.147
Connecting to files.cloudgdansk.pl (files.cloudgdansk.pl)|153.19.238.147|:443... connected.
HTTP request sent, awaiting response... 200 OK
Length: 60 [text/plain]
Saving to: ‘/root/process_mining/announcements/data/11_05_2022/ann11.05.2022-22-20-01.json’

     0K                                                       100% 10.8M=0s

2022-05-11 22:20:02 (10.8 MB/s) - ‘/root/process_mining/announcements/data/11_05_2022/ann11.05.2022-22-20-01.json’ saved [60/60]

--2022-05-11 22:30:01--  https://files.cloudgdansk.pl/d/otwarte-dane/ztm/bsk.json
Resolving files.cloudgdansk.pl (files.cloudgdansk.pl)... 153.19.238.147
Connecting to files.cloudgdansk.pl (files.cloudgdansk.pl)|153.19.238.147|:443... connected.
HTTP request sent, awaiting response... 200 OK
Length: 60 [text/plain]
Saving to: ‘/root/process_mining/announcements/data/11_05_2022/ann11.05.2022-22-30-01.json’

     0K                                                       100% 12.3M=0s

2022-05-11 22:30:02 (12.3 MB/s) - ‘/root/process_mining/announcements/data/11_05_2022/ann11.05.2022-22-30-01.json’ saved [60/60]

--2022-05-11 22:40:01--  https://files.cloudgdansk.pl/d/otwarte-dane/ztm/bsk.json
Resolving files.cloudgdansk.pl (files.cloudgdansk.pl)... 153.19.238.147
Connecting to files.cloudgdansk.pl (files.cloudgdansk.pl)|153.19.238.147|:443... connected.
HTTP request sent, awaiting response... 200 OK
Length: 60 [text/plain]
Saving to: ‘/root/process_mining/announcements/data/11_05_2022/ann11.05.2022-22-40-01.json’

     0K                                                       100% 11.9M=0s

2022-05-11 22:40:02 (11.9 MB/s) - ‘/root/process_mining/announcements/data/11_05_2022/ann11.05.2022-22-40-01.json’ saved [60/60]

--2022-05-11 22:50:01--  https://files.cloudgdansk.pl/d/otwarte-dane/ztm/bsk.json
Resolving files.cloudgdansk.pl (files.cloudgdansk.pl)... 153.19.238.147
Connecting to files.cloudgdansk.pl (files.cloudgdansk.pl)|153.19.238.147|:443... connected.
HTTP request sent, awaiting response... 200 OK
Length: 60 [text/plain]
Saving to: ‘/root/process_mining/announcements/data/11_05_2022/ann11.05.2022-22-50-01.json’

     0K                                                       100% 12.4M=0s

2022-05-11 22:50:02 (12.4 MB/s) - ‘/root/process_mining/announcements/data/11_05_2022/ann11.05.2022-22-50-01.json’ saved [60/60]

--2022-05-11 23:00:01--  https://files.cloudgdansk.pl/d/otwarte-dane/ztm/bsk.json
Resolving files.cloudgdansk.pl (files.cloudgdansk.pl)... 153.19.238.147
Connecting to files.cloudgdansk.pl (files.cloudgdansk.pl)|153.19.238.147|:443... connected.
HTTP request sent, awaiting response... 200 OK
Length: 60 [text/plain]
Saving to: ‘/root/process_mining/announcements/data/11_05_2022/ann11.05.2022-23-00-01.json’

     0K                                                       100% 11.6M=0s

2022-05-11 23:00:02 (11.6 MB/s) - ‘/root/process_mining/announcements/data/11_05_2022/ann11.05.2022-23-00-01.json’ saved [60/60]

--2022-05-11 23:10:01--  https://files.cloudgdansk.pl/d/otwarte-dane/ztm/bsk.json
Resolving files.cloudgdansk.pl (files.cloudgdansk.pl)... 153.19.238.147
Connecting to files.cloudgdansk.pl (files.cloudgdansk.pl)|153.19.238.147|:443... connected.
HTTP request sent, awaiting response... 200 OK
Length: 60 [text/plain]
Saving to: ‘/root/process_mining/announcements/data/11_05_2022/ann11.05.2022-23-10-01.json’

     0K                                                       100% 12.0M=0s

2022-05-11 23:10:02 (12.0 MB/s) - ‘/root/process_mining/announcements/data/11_05_2022/ann11.05.2022-23-10-01.json’ saved [60/60]

--2022-05-11 23:20:01--  https://files.cloudgdansk.pl/d/otwarte-dane/ztm/bsk.json
Resolving files.cloudgdansk.pl (files.cloudgdansk.pl)... 153.19.238.147
Connecting to files.cloudgdansk.pl (files.cloudgdansk.pl)|153.19.238.147|:443... connected.
HTTP request sent, awaiting response... 200 OK
Length: 60 [text/plain]
Saving to: ‘/root/process_mining/announcements/data/11_05_2022/ann11.05.2022-23-20-01.json’

     0K                                                       100% 9.78M=0s

2022-05-11 23:20:01 (9.78 MB/s) - ‘/root/process_mining/announcements/data/11_05_2022/ann11.05.2022-23-20-01.json’ saved [60/60]

--2022-05-11 23:30:01--  https://files.cloudgdansk.pl/d/otwarte-dane/ztm/bsk.json
Resolving files.cloudgdansk.pl (files.cloudgdansk.pl)... 153.19.238.147
Connecting to files.cloudgdansk.pl (files.cloudgdansk.pl)|153.19.238.147|:443... connected.
HTTP request sent, awaiting response... 200 OK
Length: 60 [text/plain]
Saving to: ‘/root/process_mining/announcements/data/11_05_2022/ann11.05.2022-23-30-01.json’

     0K                                                       100% 12.2M=0s

2022-05-11 23:30:02 (12.2 MB/s) - ‘/root/process_mining/announcements/data/11_05_2022/ann11.05.2022-23-30-01.json’ saved [60/60]

--2022-05-11 23:40:01--  https://files.cloudgdansk.pl/d/otwarte-dane/ztm/bsk.json
Resolving files.cloudgdansk.pl (files.cloudgdansk.pl)... 153.19.238.147
Connecting to files.cloudgdansk.pl (files.cloudgdansk.pl)|153.19.238.147|:443... connected.
HTTP request sent, awaiting response... 200 OK
Length: 60 [text/plain]
Saving to: ‘/root/process_mining/announcements/data/11_05_2022/ann11.05.2022-23-40-01.json’

     0K                                                       100% 12.5M=0s

2022-05-11 23:40:02 (12.5 MB/s) - ‘/root/process_mining/announcements/data/11_05_2022/ann11.05.2022-23-40-01.json’ saved [60/60]

--2022-05-11 23:50:01--  https://files.cloudgdansk.pl/d/otwarte-dane/ztm/bsk.json
Resolving files.cloudgdansk.pl (files.cloudgdansk.pl)... 153.19.238.147
Connecting to files.cloudgdansk.pl (files.cloudgdansk.pl)|153.19.238.147|:443... connected.
HTTP request sent, awaiting response... 200 OK
Length: 60 [text/plain]
Saving to: ‘/root/process_mining/announcements/data/11_05_2022/ann11.05.2022-23-50-01.json’

     0K                                                       100% 12.5M=0s

2022-05-11 23:50:01 (12.5 MB/s) - ‘/root/process_mining/announcements/data/11_05_2022/ann11.05.2022-23-50-01.json’ saved [60/60]

