--2022-05-11 02:55:01--  https://ckan.multimediagdansk.pl/dataset/c24aa637-3619-4dc2-a171-a23eec8f2172/resource/3115d29d-b763-4af5-93f6-763b835967d6/download/stopsintrip.json
Resolving ckan.multimediagdansk.pl (ckan.multimediagdansk.pl)... 91.244.248.30
Connecting to ckan.multimediagdansk.pl (ckan.multimediagdansk.pl)|91.244.248.30|:443... connected.
HTTP request sent, awaiting response... 200 OK
Length: 21513157 (21M) [application/json]
Saving to: ‘/root/process_mining/trips_tracing/stopsintrip.json’

     0K .......... .......... .......... .......... ..........  0%  890K 24s
    50K .......... .......... .......... .......... ..........  0% 1.77M 18s
   100K .......... .......... .......... .......... ..........  0% 51.7M 12s
   150K .......... .......... .......... .......... ..........  0%  113M 9s
   200K .......... .......... .......... .......... ..........  1% 1.79M 9s
   250K .......... .......... .......... .......... ..........  1% 72.7M 8s
   300K .......... .......... .......... .......... ..........  1% 70.8M 7s
   350K .......... .......... .......... .......... ..........  1%  136M 6s
   400K .......... .......... .......... .......... ..........  2% 1.87M 6s
   450K .......... .......... .......... .......... ..........  2% 56.5M 6s
   500K .......... .......... .......... .......... ..........  2% 57.7M 5s
   550K .......... .......... .......... .......... ..........  2% 65.9M 5s
   600K .......... .......... .......... .......... ..........  3% 57.2M 4s
   650K .......... .......... .......... .......... ..........  3%  157M 4s
   700K .......... .......... .......... .......... ..........  3%  132M 4s
   750K .......... .......... .......... .......... ..........  3%  153M 4s
   800K .......... .......... .......... .......... ..........  4%  166M 3s
   850K .......... .......... .......... .......... ..........  4% 2.06M 4s
   900K .......... .......... .......... .......... ..........  4% 64.4M 4s
   950K .......... .......... .......... .......... ..........  4% 56.7M 3s
  1000K .......... .......... .......... .......... ..........  4% 67.5M 3s
  1050K .......... .......... .......... .......... ..........  5% 69.5M 3s
  1100K .......... .......... .......... .......... ..........  5% 51.3M 3s
  1150K .......... .......... .......... .......... ..........  5% 84.4M 3s
  1200K .......... .......... .......... .......... ..........  5% 82.8M 3s
  1250K .......... .......... .......... .......... ..........  6% 81.4M 3s
  1300K .......... .......... .......... .......... ..........  6% 97.0M 3s
  1350K .......... .......... .......... .......... ..........  6% 73.4M 2s
  1400K .......... .......... .......... .......... ..........  6% 94.7M 2s
  1450K .......... .......... .......... .......... ..........  7%  123M 2s
  1500K .......... .......... .......... .......... ..........  7%  160M 2s
  1550K .......... .......... .......... .......... ..........  7%  145M 2s
  1600K .......... .......... .......... .......... ..........  7%  133M 2s
  1650K .......... .......... .......... .......... ..........  8%  157M 2s
  1700K .......... .......... .......... .......... ..........  8% 2.66M 2s
  1750K .......... .......... .......... .......... ..........  8% 69.8M 2s
  1800K .......... .......... .......... .......... ..........  8% 64.7M 2s
  1850K .......... .......... .......... .......... ..........  9% 60.9M 2s
  1900K .......... .......... .......... .......... ..........  9% 82.1M 2s
  1950K .......... .......... .......... .......... ..........  9% 73.9M 2s
  2000K .......... .......... .......... .......... ..........  9% 84.5M 2s
  2050K .......... .......... .......... .......... ..........  9% 81.5M 2s
  2100K .......... .......... .......... .......... .......... 10% 85.6M 2s
  2150K .......... .......... .......... .......... .......... 10% 96.7M 2s
  2200K .......... .......... .......... .......... .......... 10% 74.0M 2s
  2250K .......... .......... .......... .......... .......... 10% 90.9M 2s
  2300K .......... .......... .......... .......... .......... 11%  107M 2s
  2350K .......... .......... .......... .......... .......... 11% 72.8M 2s
  2400K .......... .......... .......... .......... .......... 11%  118M 2s
  2450K .......... .......... .......... .......... .......... 11% 81.7M 2s
  2500K .......... .......... .......... .......... .......... 12% 88.1M 1s
  2550K .......... .......... .......... .......... .......... 12% 88.7M 1s
  2600K .......... .......... .......... .......... .......... 12% 73.3M 1s
  2650K .......... .......... .......... .......... .......... 12% 78.8M 1s
  2700K .......... .......... .......... .......... .......... 13% 70.9M 1s
  2750K .......... .......... .......... .......... .......... 13%  123M 1s
  2800K .......... .......... .......... .......... .......... 13% 82.5M 1s
  2850K .......... .......... .......... .......... .......... 13% 89.8M 1s
  2900K .......... .......... .......... .......... .......... 14% 93.9M 1s
  2950K .......... .......... .......... .......... .......... 14% 80.0M 1s
  3000K .......... .......... .......... .......... .......... 14%  116M 1s
  3050K .......... .......... .......... .......... .......... 14%  117M 1s
  3100K .......... .......... .......... .......... .......... 14%  104M 1s
  3150K .......... .......... .......... .......... .......... 15%  103M 1s
  3200K .......... .......... .......... .......... .......... 15%  103M 1s
  3250K .......... .......... .......... .......... .......... 15% 92.6M 1s
  3300K .......... .......... .......... .......... .......... 15%  153M 1s
  3350K .......... .......... .......... .......... .......... 16%  136M 1s
  3400K .......... .......... .......... .......... .......... 16%  150M 1s
  3450K .......... .......... .......... .......... .......... 16% 5.32M 1s
  3500K .......... .......... .......... .......... .......... 16% 62.5M 1s
  3550K .......... .......... .......... .......... .......... 17% 80.6M 1s
  3600K .......... .......... .......... .......... .......... 17% 75.1M 1s
  3650K .......... .......... .......... .......... .......... 17% 85.0M 1s
  3700K .......... .......... .......... .......... .......... 17% 78.4M 1s
  3750K .......... .......... .......... .......... .......... 18% 76.9M 1s
  3800K .......... .......... .......... .......... .......... 18% 81.9M 1s
  3850K .......... .......... .......... .......... .......... 18% 78.8M 1s
  3900K .......... .......... .......... .......... .......... 18% 83.0M 1s
  3950K .......... .......... .......... .......... .......... 19% 80.7M 1s
  4000K .......... .......... .......... .......... .......... 19% 78.7M 1s
  4050K .......... .......... .......... .......... .......... 19% 87.2M 1s
  4100K .......... .......... .......... .......... .......... 19% 76.3M 1s
  4150K .......... .......... .......... .......... .......... 19%  137M 1s
  4200K .......... .......... .......... .......... .......... 20%  119M 1s
  4250K .......... .......... .......... .......... .......... 20%  140M 1s
  4300K .......... .......... .......... .......... .......... 20%  148M 1s
  4350K .......... .......... .......... .......... .......... 20%  101M 1s
  4400K .......... .......... .......... .......... .......... 21% 43.8M 1s
  4450K .......... .......... .......... .......... .......... 21% 31.2M 1s
  4500K .......... .......... .......... .......... .......... 21% 36.9M 1s
  4550K .......... .......... .......... .......... .......... 21% 36.7M 1s
  4600K .......... .......... .......... .......... .......... 22% 30.0M 1s
  4650K .......... .......... .......... .......... .......... 22% 39.5M 1s
  4700K .......... .......... .......... .......... .......... 22% 32.6M 1s
  4750K .......... .......... .......... .......... .......... 22% 36.5M 1s
  4800K .......... .......... .......... .......... .......... 23% 38.1M 1s
  4850K .......... .......... .......... .......... .......... 23% 31.3M 1s
  4900K .......... .......... .......... .......... .......... 23% 39.9M 1s
  4950K .......... .......... .......... .......... .......... 23% 31.5M 1s
  5000K .......... .......... .......... .......... .......... 24% 36.8M 1s
  5050K .......... .......... .......... .......... .......... 24% 33.5M 1s
  5100K .......... .......... .......... .......... .......... 24% 31.0M 1s
  5150K .......... .......... .......... .......... .......... 24% 33.0M 1s
  5200K .......... .......... .......... .......... .......... 24% 30.2M 1s
  5250K .......... .......... .......... .......... .......... 25% 35.5M 1s
  5300K .......... .......... .......... .......... .......... 25% 27.5M 1s
  5350K .......... .......... .......... .......... .......... 25% 42.8M 1s
  5400K .......... .......... .......... .......... .......... 25% 37.0M 1s
  5450K .......... .......... .......... .......... .......... 26% 32.1M 1s
  5500K .......... .......... .......... .......... .......... 26% 37.4M 1s
  5550K .......... .......... .......... .......... .......... 26% 36.9M 1s
  5600K .......... .......... .......... .......... .......... 26% 31.5M 1s
  5650K .......... .......... .......... .......... .......... 27% 38.6M 1s
  5700K .......... .......... .......... .......... .......... 27% 31.8M 1s
  5750K .......... .......... .......... .......... .......... 27% 36.1M 1s
  5800K .......... .......... .......... .......... .......... 27% 37.2M 1s
  5850K .......... .......... .......... .......... .......... 28% 31.6M 1s
  5900K .......... .......... .......... .......... .......... 28% 37.4M 1s
  5950K .......... .......... .......... .......... .......... 28% 19.3M 1s
  6000K .......... .......... .......... .......... .......... 28%  115M 1s
  6050K .......... .......... .......... .......... .......... 29% 37.6M 1s
  6100K .......... .......... .......... .......... .......... 29% 31.9M 1s
  6150K .......... .......... .......... .......... .......... 29% 35.3M 1s
  6200K .......... .......... .......... .......... .......... 29% 31.4M 1s
  6250K .......... .......... .......... .......... .......... 29% 39.0M 1s
  6300K .......... .......... .......... .......... .......... 30% 35.8M 1s
  6350K .......... .......... .......... .......... .......... 30% 31.3M 1s
  6400K .......... .......... .......... .......... .......... 30% 38.8M 1s
  6450K .......... .......... .......... .......... .......... 30% 31.8M 1s
  6500K .......... .......... .......... .......... .......... 31% 37.1M 1s
  6550K .......... .......... .......... .......... .......... 31% 32.6M 1s
  6600K .......... .......... .......... .......... .......... 31% 31.3M 1s
  6650K .......... .......... .......... .......... .......... 31% 42.4M 1s
  6700K .......... .......... .......... .......... .......... 32% 31.9M 1s
  6750K .......... .......... .......... .......... .......... 32% 36.7M 1s
  6800K .......... .......... .......... .......... .......... 32% 37.5M 1s
  6850K .......... .......... .......... .......... .......... 32% 19.1M 1s
  6900K .......... .......... .......... .......... .......... 33%  124M 1s
  6950K .......... .......... .......... .......... .......... 33% 33.6M 1s
  7000K .......... .......... .......... .......... .......... 33% 34.3M 1s
  7050K .......... .......... .......... .......... .......... 33% 39.7M 1s
  7100K .......... .......... .......... .......... .......... 34% 30.8M 1s
  7150K .......... .......... .......... .......... .......... 34% 37.7M 1s
  7200K .......... .......... .......... .......... .......... 34% 32.3M 1s
  7250K .......... .......... .......... .......... .......... 34% 35.1M 1s
  7300K .......... .......... .......... .......... .......... 34% 37.3M 1s
  7350K .......... .......... .......... .......... .......... 35% 31.6M 1s
  7400K .......... .......... .......... .......... .......... 35% 36.4M 1s
  7450K .......... .......... .......... .......... .......... 35% 32.3M 1s
  7500K .......... .......... .......... .......... .......... 35% 35.8M 1s
  7550K .......... .......... .......... .......... .......... 36% 37.1M 1s
  7600K .......... .......... .......... .......... .......... 36% 32.5M 1s
  7650K .......... .......... .......... .......... .......... 36% 36.5M 1s
  7700K .......... .......... .......... .......... .......... 36% 32.0M 1s
  7750K .......... .......... .......... .......... .......... 37% 37.3M 1s
  7800K .......... .......... .......... .......... .......... 37% 36.3M 1s
  7850K .......... .......... .......... .......... .......... 37% 31.7M 1s
  7900K .......... .......... .......... .......... .......... 37% 37.1M 1s
  7950K .......... .......... .......... .......... .......... 38% 32.5M 1s
  8000K .......... .......... .......... .......... .......... 38% 36.7M 1s
  8050K .......... .......... .......... .......... .......... 38% 36.5M 1s
  8100K .......... .......... .......... .......... .......... 38% 32.5M 1s
  8150K .......... .......... .......... .......... .......... 39% 37.1M 1s
  8200K .......... .......... .......... .......... .......... 39% 31.6M 1s
  8250K .......... .......... .......... .......... .......... 39% 34.6M 1s
  8300K .......... .......... .......... .......... .......... 39% 37.7M 1s
  8350K .......... .......... .......... .......... .......... 39% 31.6M 1s
  8400K .......... .......... .......... .......... .......... 40% 36.5M 1s
  8450K .......... .......... .......... .......... .......... 40% 31.6M 1s
  8500K .......... .......... .......... .......... .......... 40% 38.2M 1s
  8550K .......... .......... .......... .......... .......... 40% 37.0M 1s
  8600K .......... .......... .......... .......... .......... 41% 31.2M 1s
  8650K .......... .......... .......... .......... .......... 41% 37.4M 1s
  8700K .......... .......... .......... .......... .......... 41% 31.7M 1s
  8750K .......... .......... .......... .......... .......... 41% 37.7M 0s
  8800K .......... .......... .......... .......... .......... 42% 36.4M 0s
  8850K .......... .......... .......... .......... .......... 42% 30.0M 0s
  8900K .......... .......... .......... .......... .......... 42% 37.1M 0s
  8950K .......... .......... .......... .......... .......... 42% 29.4M 0s
  9000K .......... .......... .......... .......... .......... 43% 36.3M 0s
  9050K .......... .......... .......... .......... .......... 43% 36.5M 0s
  9100K .......... .......... .......... .......... .......... 43% 28.8M 0s
  9150K .......... .......... .......... .......... .......... 43% 41.3M 0s
  9200K .......... .......... .......... .......... .......... 44% 31.1M 0s
  9250K .......... .......... .......... .......... .......... 44% 37.2M 0s
  9300K .......... .......... .......... .......... .......... 44% 36.8M 0s
  9350K .......... .......... .......... .......... .......... 44% 32.4M 0s
  9400K .......... .......... .......... .......... .......... 44% 33.7M 0s
  9450K .......... .......... .......... .......... .......... 45% 33.0M 0s
  9500K .......... .......... .......... .......... .......... 45% 33.2M 0s
  9550K .......... .......... .......... .......... .......... 45% 41.8M 0s
  9600K .......... .......... .......... .......... .......... 45% 32.6M 0s
  9650K .......... .......... .......... .......... .......... 46% 37.0M 0s
  9700K .......... .......... .......... .......... .......... 46% 29.8M 0s
  9750K .......... .......... .......... .......... .......... 46% 38.3M 0s
  9800K .......... .......... .......... .......... .......... 46% 36.0M 0s
  9850K .......... .......... .......... .......... .......... 47% 32.4M 0s
  9900K .......... .......... .......... .......... .......... 47% 37.3M 0s
  9950K .......... .......... .......... .......... .......... 47% 29.7M 0s
 10000K .......... .......... .......... .......... .......... 47% 38.3M 0s
 10050K .......... .......... .......... .......... .......... 48% 36.8M 0s
 10100K .......... .......... .......... .......... .......... 48% 31.3M 0s
 10150K .......... .......... .......... .......... .......... 48% 36.7M 0s
 10200K .......... .......... .......... .......... .......... 48% 31.4M 0s
 10250K .......... .......... .......... .......... .......... 49% 36.8M 0s
 10300K .......... .......... .......... .......... .......... 49% 37.5M 0s
 10350K .......... .......... .......... .......... .......... 49% 31.6M 0s
 10400K .......... .......... .......... .......... .......... 49% 36.5M 0s
 10450K .......... .......... .......... .......... .......... 49% 32.5M 0s
 10500K .......... .......... .......... .......... .......... 50% 38.0M 0s
 10550K .......... .......... .......... .......... .......... 50% 36.2M 0s
 10600K .......... .......... .......... .......... .......... 50% 33.0M 0s
 10650K .......... .......... .......... .......... .......... 50% 38.5M 0s
 10700K .......... .......... .......... .......... .......... 51% 31.0M 0s
 10750K .......... .......... .......... .......... .......... 51% 37.6M 0s
 10800K .......... .......... .......... .......... .......... 51% 36.7M 0s
 10850K .......... .......... .......... .......... .......... 51% 32.1M 0s
 10900K .......... .......... .......... .......... .......... 52% 37.4M 0s
 10950K .......... .......... .......... .......... .......... 52% 30.3M 0s
 11000K .......... .......... .......... .......... .......... 52% 38.2M 0s
 11050K .......... .......... .......... .......... .......... 52% 37.0M 0s
 11100K .......... .......... .......... .......... .......... 53% 31.2M 0s
 11150K .......... .......... .......... .......... .......... 53% 22.8M 0s
 11200K .......... .......... .......... .......... .......... 53% 75.9M 0s
 11250K .......... .......... .......... .......... .......... 53% 35.4M 0s
 11300K .......... .......... .......... .......... .......... 54% 31.3M 0s
 11350K .......... .......... .......... .......... .......... 54% 38.4M 0s
 11400K .......... .......... .......... .......... .......... 54% 37.1M 0s
 11450K .......... .......... .......... .......... .......... 54% 30.6M 0s
 11500K .......... .......... .......... .......... .......... 54% 40.3M 0s
 11550K .......... .......... .......... .......... .......... 55% 36.7M 0s
 11600K .......... .......... .......... .......... .......... 55% 32.3M 0s
 11650K .......... .......... .......... .......... .......... 55% 37.1M 0s
 11700K .......... .......... .......... .......... .......... 55% 32.2M 0s
 11750K .......... .......... .......... .......... .......... 56% 36.0M 0s
 11800K .......... .......... .......... .......... .......... 56% 38.2M 0s
 11850K .......... .......... .......... .......... .......... 56% 32.5M 0s
 11900K .......... .......... .......... .......... .......... 56% 35.9M 0s
 11950K .......... .......... .......... .......... .......... 57% 30.5M 0s
 12000K .......... .......... .......... .......... .......... 57% 41.9M 0s
 12050K .......... .......... .......... .......... .......... 57% 34.4M 0s
 12100K .......... .......... .......... .......... .......... 57% 32.0M 0s
 12150K .......... .......... .......... .......... .......... 58% 38.1M 0s
 12200K .......... .......... .......... .......... .......... 58% 32.8M 0s
 12250K .......... .......... .......... .......... .......... 58% 36.1M 0s
 12300K .......... .......... .......... .......... .......... 58% 37.3M 0s
 12350K .......... .......... .......... .......... .......... 59% 31.9M 0s
 12400K .......... .......... .......... .......... .......... 59% 38.6M 0s
 12450K .......... .......... .......... .......... .......... 59% 28.8M 0s
 12500K .......... .......... .......... .......... .......... 59% 41.2M 0s
 12550K .......... .......... .......... .......... .......... 59% 37.3M 0s
 12600K .......... .......... .......... .......... .......... 60% 31.1M 0s
 12650K .......... .......... .......... .......... .......... 60% 37.4M 0s
 12700K .......... .......... .......... .......... .......... 60% 24.6M 0s
 12750K .......... .......... .......... .......... .......... 60% 35.8M 0s
 12800K .......... .......... .......... .......... .......... 61% 59.8M 0s
 12850K .......... .......... .......... .......... .......... 61% 32.6M 0s
 12900K .......... .......... .......... .......... .......... 61% 37.2M 0s
 12950K .......... .......... .......... .......... .......... 61% 32.4M 0s
 13000K .......... .......... .......... .......... .......... 62% 37.5M 0s
 13050K .......... .......... .......... .......... .......... 62% 34.3M 0s
 13100K .......... .......... .......... .......... .......... 62% 33.7M 0s
 13150K .......... .......... .......... .......... .......... 62% 37.8M 0s
 13200K .......... .......... .......... .......... .......... 63% 31.5M 0s
 13250K .......... .......... .......... .......... .......... 63% 35.9M 0s
 13300K .......... .......... .......... .......... .......... 63% 33.2M 0s
 13350K .......... .......... .......... .......... .......... 63% 33.1M 0s
 13400K .......... .......... .......... .......... .......... 64% 41.0M 0s
 13450K .......... .......... .......... .......... .......... 64% 32.5M 0s
 13500K .......... .......... .......... .......... .......... 64% 38.1M 0s
 13550K .......... .......... .......... .......... .......... 64% 37.2M 0s
 13600K .......... .......... .......... .......... .......... 64% 31.8M 0s
 13650K .......... .......... .......... .......... .......... 65% 38.2M 0s
 13700K .......... .......... .......... .......... .......... 65% 30.7M 0s
 13750K .......... .......... .......... .......... .......... 65% 39.2M 0s
 13800K .......... .......... .......... .......... .......... 65% 31.6M 0s
 13850K .......... .......... .......... .......... .......... 66% 34.2M 0s
 13900K .......... .......... .......... .......... .......... 66% 40.1M 0s
 13950K .......... .......... .......... .......... .......... 66% 32.4M 0s
 14000K .......... .......... .......... .......... .......... 66% 33.6M 0s
 14050K .......... .......... .......... .......... .......... 67% 41.0M 0s
 14100K .......... .......... .......... .......... .......... 67% 27.4M 0s
 14150K .......... .......... .......... .......... .......... 67% 35.7M 0s
 14200K .......... .......... .......... .......... .......... 67% 32.5M 0s
 14250K .......... .......... .......... .......... .......... 68% 36.7M 0s
 14300K .......... .......... .......... .......... .......... 68% 37.3M 0s
 14350K .......... .......... .......... .......... .......... 68% 31.5M 0s
 14400K .......... .......... .......... .......... .......... 68% 31.3M 0s
 14450K .......... .......... .......... .......... .......... 69% 36.5M 0s
 14500K .......... .......... .......... .......... .......... 69% 36.4M 0s
 14550K .......... .......... .......... .......... .......... 69% 28.9M 0s
 14600K .......... .......... .......... .......... .......... 69% 40.9M 0s
 14650K .......... .......... .......... .......... .......... 69% 32.0M 0s
 14700K .......... .......... .......... .......... .......... 70% 37.9M 0s
 14750K .......... .......... .......... .......... .......... 70% 36.4M 0s
 14800K .......... .......... .......... .......... .......... 70% 30.5M 0s
 14850K .......... .......... .......... .......... .......... 70% 38.5M 0s
 14900K .......... .......... .......... .......... .......... 71% 37.6M 0s
 14950K .......... .......... .......... .......... .......... 71% 31.8M 0s
 15000K .......... .......... .......... .......... .......... 71% 33.4M 0s
 15050K .......... .......... .......... .......... .......... 71% 39.0M 0s
 15100K .......... .......... .......... .......... .......... 72% 27.9M 0s
 15150K .......... .......... .......... .......... .......... 72% 43.3M 0s
 15200K .......... .......... .......... .......... .......... 72% 23.7M 0s
 15250K .......... .......... .......... .......... .......... 72% 58.6M 0s
 15300K .......... .......... .......... .......... .......... 73% 36.8M 0s
 15350K .......... .......... .......... .......... .......... 73% 31.1M 0s
 15400K .......... .......... .......... .......... .......... 73% 37.6M 0s
 15450K .......... .......... .......... .......... .......... 73% 31.6M 0s
 15500K .......... .......... .......... .......... .......... 74% 37.1M 0s
 15550K .......... .......... .......... .......... .......... 74% 36.9M 0s
 15600K .......... .......... .......... .......... .......... 74% 32.0M 0s
 15650K .......... .......... .......... .......... .......... 74% 36.8M 0s
 15700K .......... .......... .......... .......... .......... 74% 30.4M 0s
 15750K .......... .......... .......... .......... .......... 75% 34.2M 0s
 15800K .......... .......... .......... .......... .......... 75% 39.2M 0s
 15850K .......... .......... .......... .......... .......... 75% 31.2M 0s
 15900K .......... .......... .......... .......... .......... 75% 36.3M 0s
 15950K .......... .......... .......... .......... .......... 76% 30.5M 0s
 16000K .......... .......... .......... .......... .......... 76% 27.1M 0s
 16050K .......... .......... .......... .......... .......... 76% 54.1M 0s
 16100K .......... .......... .......... .......... .......... 76% 30.7M 0s
 16150K .......... .......... .......... .......... .......... 77% 35.2M 0s
 16200K .......... .......... .......... .......... .......... 77% 31.7M 0s
 16250K .......... .......... .......... .......... .......... 77% 34.3M 0s
 16300K .......... .......... .......... .......... .......... 77% 36.0M 0s
 16350K .......... .......... .......... .......... .......... 78% 20.9M 0s
 16400K .......... .......... .......... .......... .......... 78% 31.4M 0s
 16450K .......... .......... .......... .......... .......... 78% 35.5M 0s
 16500K .......... .......... .......... .......... .......... 78% 36.7M 0s
 16550K .......... .......... .......... .......... .......... 79% 23.0M 0s
 16600K .......... .......... .......... .......... .......... 79% 37.9M 0s
 16650K .......... .......... .......... .......... .......... 79% 34.1M 0s
 16700K .......... .......... .......... .......... .......... 79% 33.3M 0s
 16750K .......... .......... .......... .......... .......... 79% 37.0M 0s
 16800K .......... .......... .......... .......... .......... 80% 23.6M 0s
 16850K .......... .......... .......... .......... .......... 80% 35.1M 0s
 16900K .......... .......... .......... .......... .......... 80% 37.2M 0s
 16950K .......... .......... .......... .......... .......... 80% 30.7M 0s
 17000K .......... .......... .......... .......... .......... 81% 28.3M 0s
 17050K .......... .......... .......... .......... .......... 81% 35.5M 0s
 17100K .......... .......... .......... .......... .......... 81% 32.2M 0s
 17150K .......... .......... .......... .......... .......... 81% 37.9M 0s
 17200K .......... .......... .......... .......... .......... 82% 32.3M 0s
 17250K .......... .......... .......... .......... .......... 82% 8.69M 0s
 17300K .......... .......... .......... .......... .......... 82% 36.7M 0s
 17350K .......... .......... .......... .......... .......... 82% 37.7M 0s
 17400K .......... .......... .......... .......... .......... 83% 30.6M 0s
 17450K .......... .......... .......... .......... .......... 83% 4.60M 0s
 17500K .......... .......... .......... .......... .......... 83% 37.7M 0s
 17550K .......... .......... .......... .......... .......... 83% 33.0M 0s
 17600K .......... .......... .......... .......... .......... 84% 35.2M 0s
 17650K .......... .......... .......... .......... .......... 84% 6.15M 0s
 17700K .......... .......... .......... .......... .......... 84% 36.8M 0s
 17750K .......... .......... .......... .......... .......... 84% 37.9M 0s
 17800K .......... .......... .......... .......... .......... 84% 31.4M 0s
 17850K .......... .......... .......... .......... .......... 85% 37.7M 0s
 17900K .......... .......... .......... .......... .......... 85% 5.01M 0s
 17950K .......... .......... .......... .......... .......... 85% 31.7M 0s
 18000K .......... .......... .......... .......... .......... 85% 33.9M 0s
 18050K .......... .......... .......... .......... .......... 86% 34.0M 0s
 18100K .......... .......... .......... .......... .......... 86% 6.20M 0s
 18150K .......... .......... .......... .......... .......... 86% 36.5M 0s
 18200K .......... .......... .......... .......... .......... 86% 30.2M 0s
 18250K .......... .......... .......... .......... .......... 87% 33.9M 0s
 18300K .......... .......... .......... .......... .......... 87% 34.3M 0s
 18350K .......... .......... .......... .......... .......... 87% 17.1M 0s
 18400K .......... .......... .......... .......... .......... 87% 37.1M 0s
 18450K .......... .......... .......... .......... .......... 88%  349K 0s
 18500K .......... .......... .......... .......... .......... 88%  115M 0s
 18550K .......... .......... .......... .......... .......... 88%  103M 0s
 18600K .......... .......... .......... .......... .......... 88%  131M 0s
 18650K .......... .......... .......... .......... .......... 89%  103M 0s
 18700K .......... .......... .......... .......... .......... 89%  139M 0s
 18750K .......... .......... .......... .......... .......... 89%  122M 0s
 18800K .......... .......... .......... .......... .......... 89%  134M 0s
 18850K .......... .......... .......... .......... .......... 89%  137M 0s
 18900K .......... .......... .......... .......... .......... 90%  116M 0s
 18950K .......... .......... .......... .......... .......... 90%  133M 0s
 19000K .......... .......... .......... .......... .......... 90%  103M 0s
 19050K .......... .......... .......... .......... .......... 90%  119M 0s
 19100K .......... .......... .......... .......... .......... 91%  125M 0s
 19150K .......... .......... .......... .......... .......... 91%  143M 0s
 19200K .......... .......... .......... .......... .......... 91%  136M 0s
 19250K .......... .......... .......... .......... .......... 91%  120M 0s
 19300K .......... .......... .......... .......... .......... 92%  135M 0s
 19350K .......... .......... .......... .......... .......... 92%  116M 0s
 19400K .......... .......... .......... .......... .......... 92%  144M 0s
 19450K .......... .......... .......... .......... .......... 92%  148M 0s
 19500K .......... .......... .......... .......... .......... 93%  110M 0s
 19550K .......... .......... .......... .......... .......... 93%  125M 0s
 19600K .......... .......... .......... .......... .......... 93%  135M 0s
 19650K .......... .......... .......... .......... .......... 93% 87.6M 0s
 19700K .......... .......... .......... .......... .......... 94%  143M 0s
 19750K .......... .......... .......... .......... .......... 94%  114M 0s
 19800K .......... .......... .......... .......... .......... 94%  128M 0s
 19850K .......... .......... .......... .......... .......... 94%  103M 0s
 19900K .......... .......... .......... .......... .......... 94%  125M 0s
 19950K .......... .......... .......... .......... .......... 95% 12.3M 0s
 20000K .......... .......... .......... .......... .......... 95% 17.3M 0s
 20050K .......... .......... .......... .......... .......... 95%  819K 0s
 20100K .......... .......... .......... .......... .......... 95%  156M 0s
 20150K .......... .......... .......... .......... .......... 96%  156M 0s
 20200K .......... .......... .......... .......... .......... 96%  123M 0s
 20250K .......... .......... .......... .......... .......... 96%  148M 0s
 20300K .......... .......... .......... .......... .......... 96%  150M 0s
 20350K .......... .......... .......... .......... .......... 97%  130M 0s
 20400K .......... .......... .......... .......... .......... 97%  158M 0s
 20450K .......... .......... .......... .......... .......... 97%  136M 0s
 20500K .......... .......... .......... .......... .......... 97%  142M 0s
 20550K .......... .......... .......... .......... .......... 98%  155M 0s
 20600K .......... .......... .......... .......... .......... 98%  129M 0s
 20650K .......... .......... .......... .......... .......... 98%  152M 0s
 20700K .......... .......... .......... .......... .......... 98%  147M 0s
 20750K .......... .......... .......... .......... .......... 99%  135M 0s
 20800K .......... .......... .......... .......... .......... 99% 19.5M 0s
 20850K .......... .......... .......... .......... .......... 99%  153M 0s
 20900K .......... .......... .......... .......... .......... 99% 5.73M 0s
 20950K .......... .......... .......... .......... .......... 99% 11.5M 0s
 21000K ........                                              100%  146M=0.9s

2022-05-11 02:55:02 (22.5 MB/s) - ‘/root/process_mining/trips_tracing/stopsintrip.json’ saved [21513157/21513157]

--2022-05-11 02:55:02--  https://ckan.multimediagdansk.pl/dataset/c24aa637-3619-4dc2-a171-a23eec8f2172/resource/4c4025f0-01bf-41f7-a39f-d156d201b82b/download/stops.json
Resolving ckan.multimediagdansk.pl (ckan.multimediagdansk.pl)... 91.244.248.30
Connecting to ckan.multimediagdansk.pl (ckan.multimediagdansk.pl)|91.244.248.30|:443... connected.
HTTP request sent, awaiting response... 200 OK
Length: 6322249 (6.0M) [application/json]
Saving to: ‘/root/process_mining/trips_tracing/stops.json’

     0K .......... .......... .......... .......... ..........  0%  879K 7s
    50K .......... .......... .......... .......... ..........  1% 1.45M 5s
   100K .......... .......... .......... .......... ..........  2%  118M 4s
   150K .......... .......... .......... .......... ..........  3%  139M 3s
   200K .......... .......... .......... .......... ..........  4% 2.12M 3s
   250K .......... .......... .......... .......... ..........  4% 77.3M 2s
   300K .......... .......... .......... .......... ..........  5% 81.9M 2s
   350K .......... .......... .......... .......... ..........  6%  116M 2s
   400K .......... .......... .......... .......... ..........  7% 1.86M 2s
   450K .......... .......... .......... .......... ..........  8% 63.4M 2s
   500K .......... .......... .......... .......... ..........  8% 72.3M 1s
   550K .......... .......... .......... .......... ..........  9% 75.1M 1s
   600K .......... .......... .......... .......... .......... 10% 82.8M 1s
   650K .......... .......... .......... .......... .......... 11% 57.5M 1s
   700K .......... .......... .......... .......... .......... 12%  145M 1s
   750K .......... .......... .......... .......... .......... 12%  141M 1s
   800K .......... .......... .......... .......... .......... 13% 25.0M 1s
   850K .......... .......... .......... .......... .......... 14% 2.16M 1s
   900K .......... .......... .......... .......... .......... 15% 81.4M 1s
   950K .......... .......... .......... .......... .......... 16% 71.4M 1s
  1000K .......... .......... .......... .......... .......... 17% 81.9M 1s
  1050K .......... .......... .......... .......... .......... 17% 64.7M 1s
  1100K .......... .......... .......... .......... .......... 18% 74.9M 1s
  1150K .......... .......... .......... .......... .......... 19% 78.7M 1s
  1200K .......... .......... .......... .......... .......... 20% 68.1M 1s
  1250K .......... .......... .......... .......... .......... 21% 74.9M 1s
  1300K .......... .......... .......... .......... .......... 21% 73.1M 1s
  1350K .......... .......... .......... .......... .......... 22% 68.6M 1s
  1400K .......... .......... .......... .......... .......... 23%  103M 1s
  1450K .......... .......... .......... .......... .......... 24%  161M 1s
  1500K .......... .......... .......... .......... .......... 25%  140M 1s
  1550K .......... .......... .......... .......... .......... 25%  108M 1s
  1600K .......... .......... .......... .......... .......... 26%  137M 0s
  1650K .......... .......... .......... .......... .......... 27%  163M 0s
  1700K .......... .......... .......... .......... .......... 28% 2.54M 1s
  1750K .......... .......... .......... .......... .......... 29% 73.9M 0s
  1800K .......... .......... .......... .......... .......... 29% 88.2M 0s
  1850K .......... .......... .......... .......... .......... 30% 91.9M 0s
  1900K .......... .......... .......... .......... .......... 31% 77.2M 0s
  1950K .......... .......... .......... .......... .......... 32% 98.7M 0s
  2000K .......... .......... .......... .......... .......... 33% 86.3M 0s
  2050K .......... .......... .......... .......... .......... 34% 78.8M 0s
  2100K .......... .......... .......... .......... .......... 34% 85.8M 0s
  2150K .......... .......... .......... .......... .......... 35% 82.3M 0s
  2200K .......... .......... .......... .......... .......... 36% 88.3M 0s
  2250K .......... .......... .......... .......... .......... 37% 99.7M 0s
  2300K .......... .......... .......... .......... .......... 38% 80.8M 0s
  2350K .......... .......... .......... .......... .......... 38% 85.4M 0s
  2400K .......... .......... .......... .......... .......... 39% 93.1M 0s
  2450K .......... .......... .......... .......... .......... 40% 73.6M 0s
  2500K .......... .......... .......... .......... .......... 41% 92.6M 0s
  2550K .......... .......... .......... .......... .......... 42% 92.3M 0s
  2600K .......... .......... .......... .......... .......... 42% 81.7M 0s
  2650K .......... .......... .......... .......... .......... 43% 84.4M 0s
  2700K .......... .......... .......... .......... .......... 44% 85.0M 0s
  2750K .......... .......... .......... .......... .......... 45%  126M 0s
  2800K .......... .......... .......... .......... .......... 46%  131M 0s
  2850K .......... .......... .......... .......... .......... 46%  112M 0s
  2900K .......... .......... .......... .......... .......... 47%  132M 0s
  2950K .......... .......... .......... .......... .......... 48%  119M 0s
  3000K .......... .......... .......... .......... .......... 49%  131M 0s
  3050K .......... .......... .......... .......... .......... 50%  133M 0s
  3100K .......... .......... .......... .......... .......... 51% 34.1M 0s
  3150K .......... .......... .......... .......... .......... 51% 33.9M 0s
  3200K .......... .......... .......... .......... .......... 52% 17.1M 0s
  3250K .......... .......... .......... .......... .......... 53% 37.8M 0s
  3300K .......... .......... .......... .......... .......... 54% 31.9M 0s
  3350K .......... .......... .......... .......... .......... 55% 18.4M 0s
  3400K .......... .......... .......... .......... .......... 55% 16.2M 0s
  3450K .......... .......... .......... .......... .......... 56% 82.8M 0s
  3500K .......... .......... .......... .......... .......... 57% 83.5M 0s
  3550K .......... .......... .......... .......... .......... 58% 8.75M 0s
  3600K .......... .......... .......... .......... .......... 59% 15.1M 0s
  3650K .......... .......... .......... .......... .......... 59%  116M 0s
  3700K .......... .......... .......... .......... .......... 60% 81.4M 0s
  3750K .......... .......... .......... .......... .......... 61% 37.6M 0s
  3800K .......... .......... .......... .......... .......... 62% 17.3M 0s
  3850K .......... .......... .......... .......... .......... 63% 37.5M 0s
  3900K .......... .......... .......... .......... .......... 63% 31.0M 0s
  3950K .......... .......... .......... .......... .......... 64% 30.0M 0s
  4000K .......... .......... .......... .......... .......... 65% 28.2M 0s
  4050K .......... .......... .......... .......... .......... 66% 28.1M 0s
  4100K .......... .......... .......... .......... .......... 67% 40.3M 0s
  4150K .......... .......... .......... .......... .......... 68% 26.1M 0s
  4200K .......... .......... .......... .......... .......... 68% 31.5M 0s
  4250K .......... .......... .......... .......... .......... 69% 20.8M 0s
  4300K .......... .......... .......... .......... .......... 70% 37.5M 0s
  4350K .......... .......... .......... .......... .......... 71% 31.5M 0s
  4400K .......... .......... .......... .......... .......... 72% 37.4M 0s
  4450K .......... .......... .......... .......... .......... 72% 31.1M 0s
  4500K .......... .......... .......... .......... .......... 73% 23.6M 0s
  4550K .......... .......... .......... .......... .......... 74% 35.5M 0s
  4600K .......... .......... .......... .......... .......... 75% 31.6M 0s
  4650K .......... .......... .......... .......... .......... 76% 36.6M 0s
  4700K .......... .......... .......... .......... .......... 76% 27.6M 0s
  4750K .......... .......... .......... .......... .......... 77% 32.2M 0s
  4800K .......... .......... .......... .......... .......... 78% 37.6M 0s
  4850K .......... .......... .......... .......... .......... 79% 31.1M 0s
  4900K .......... .......... .......... .......... .......... 80% 27.9M 0s
  4950K .......... .......... .......... .......... .......... 80% 30.3M 0s
  5000K .......... .......... .......... .......... .......... 81% 38.5M 0s
  5050K .......... .......... .......... .......... .......... 82% 32.8M 0s
  5100K .......... .......... .......... .......... .......... 83% 38.1M 0s
  5150K .......... .......... .......... .......... .......... 84% 10.5M 0s
  5200K .......... .......... .......... .......... .......... 85%  105M 0s
  5250K .......... .......... .......... .......... .......... 85%  130M 0s
  5300K .......... .......... .......... .......... .......... 86% 50.0M 0s
  5350K .......... .......... .......... .......... .......... 87% 38.2M 0s
  5400K .......... .......... .......... .......... .......... 88% 38.9M 0s
  5450K .......... .......... .......... .......... .......... 89% 30.8M 0s
  5500K .......... .......... .......... .......... .......... 89% 30.5M 0s
  5550K .......... .......... .......... .......... .......... 90% 34.0M 0s
  5600K .......... .......... .......... .......... .......... 91% 26.2M 0s
  5650K .......... .......... .......... .......... .......... 92% 38.3M 0s
  5700K .......... .......... .......... .......... .......... 93% 33.1M 0s
  5750K .......... .......... .......... .......... .......... 93% 38.5M 0s
  5800K .......... .......... .......... .......... .......... 94% 37.7M 0s
  5850K .......... .......... .......... .......... .......... 95% 23.8M 0s
  5900K .......... .......... .......... .......... .......... 96% 37.4M 0s
  5950K .......... .......... .......... .......... .......... 97% 38.4M 0s
  6000K .......... .......... .......... .......... .......... 97% 32.2M 0s
  6050K .......... .......... .......... .......... .......... 98% 32.3M 0s
  6100K .......... .......... .......... .......... .......... 99% 27.9M 0s
  6150K .......... .......... ....                            100% 37.5M=0.3s

2022-05-11 02:55:03 (19.2 MB/s) - ‘/root/process_mining/trips_tracing/stops.json’ saved [6322249/6322249]

--2022-05-11 02:55:03--  https://files.cloudgdansk.pl/d/otwarte-dane/ztm/baza-pojazdow.json?v=2
Resolving files.cloudgdansk.pl (files.cloudgdansk.pl)... 153.19.238.147
Connecting to files.cloudgdansk.pl (files.cloudgdansk.pl)|153.19.238.147|:443... connected.
HTTP request sent, awaiting response... 200 OK
Length: 279155 (273K) [application/json]
Saving to: ‘/root/process_mining/trips_tracing/baza-pojazdow.json’

     0K .......... .......... .......... .......... .......... 18% 1.72M 0s
    50K .......... .......... .......... .......... .......... 36% 1.73M 0s
   100K .......... .......... .......... .......... .......... 55% 1.72M 0s
   150K .......... .......... .......... .......... .......... 73% 1.73M 0s
   200K .......... .......... .......... .......... .......... 91%  221M 0s
   250K .......... .......... ..                              100%  188M=0.1s

2022-05-11 02:55:03 (2.34 MB/s) - ‘/root/process_mining/trips_tracing/baza-pojazdow.json’ saved [279155/279155]

