--2022-05-12 02:55:01--  https://ckan.multimediagdansk.pl/dataset/c24aa637-3619-4dc2-a171-a23eec8f2172/resource/3115d29d-b763-4af5-93f6-763b835967d6/download/stopsintrip.json
Resolving ckan.multimediagdansk.pl (ckan.multimediagdansk.pl)... 91.244.248.30
Connecting to ckan.multimediagdansk.pl (ckan.multimediagdansk.pl)|91.244.248.30|:443... connected.
HTTP request sent, awaiting response... 200 OK
Length: 17576398 (17M) [application/json]
Saving to: ‘/root/process_mining/trips_tracing/stopsintrip.json’

     0K .......... .......... .......... .......... ..........  0%  873K 20s
    50K .......... .......... .......... .......... ..........  0% 1.73M 15s
   100K .......... .......... .......... .......... ..........  0% 52.7M 10s
   150K .......... .......... .......... .......... ..........  1% 1.77M 10s
   200K .......... .......... .......... .......... ..........  1% 62.4M 8s
   250K .......... .......... .......... .......... ..........  1% 67.9M 6s
   300K .......... .......... .......... .......... ..........  2%  152M 6s
   350K .......... .......... .......... .......... ..........  2% 1.83M 6s
   400K .......... .......... .......... .......... ..........  2% 72.7M 5s
   450K .......... .......... .......... .......... ..........  2% 77.4M 5s
   500K .......... .......... .......... .......... ..........  3% 63.7M 4s
   550K .......... .......... .......... .......... ..........  3% 73.0M 4s
   600K .......... .......... .......... .......... ..........  3% 79.0M 4s
   650K .......... .......... .......... .......... ..........  4%  117M 3s
   700K .......... .......... .......... .......... ..........  4%  147M 3s
   750K .......... .......... .......... .......... ..........  4%  149M 3s
   800K .......... .......... .......... .......... ..........  4% 1.99M 3s
   850K .......... .......... .......... .......... ..........  5% 72.1M 3s
   900K .......... .......... .......... .......... ..........  5% 68.9M 3s
   950K .......... .......... .......... .......... ..........  5% 70.2M 3s
  1000K .......... .......... .......... .......... ..........  6% 71.2M 3s
  1050K .......... .......... .......... .......... ..........  6% 69.6M 3s
  1100K .......... .......... .......... .......... ..........  6% 86.3M 2s
  1150K .......... .......... .......... .......... ..........  6% 86.7M 2s
  1200K .......... .......... .......... .......... ..........  7% 64.5M 2s
  1250K .......... .......... .......... .......... ..........  7% 94.7M 2s
  1300K .......... .......... .......... .......... ..........  7% 72.5M 2s
  1350K .......... .......... .......... .......... ..........  8%  102M 2s
  1400K .......... .......... .......... .......... ..........  8%  159M 2s
  1450K .......... .......... .......... .......... ..........  8%  140M 2s
  1500K .......... .......... .......... .......... ..........  9%  138M 2s
  1550K .......... .......... .......... .......... ..........  9%  143M 2s
  1600K .......... .......... .......... .......... ..........  9% 2.47M 2s
  1650K .......... .......... .......... .......... ..........  9% 62.8M 2s
  1700K .......... .......... .......... .......... .......... 10% 96.5M 2s
  1750K .......... .......... .......... .......... .......... 10% 72.4M 2s
  1800K .......... .......... .......... .......... .......... 10% 80.1M 2s
  1850K .......... .......... .......... .......... .......... 11% 77.4M 2s
  1900K .......... .......... .......... .......... .......... 11% 65.9M 2s
  1950K .......... .......... .......... .......... .......... 11% 72.0M 2s
  2000K .......... .......... .......... .......... .......... 11% 76.2M 2s
  2050K .......... .......... .......... .......... .......... 12% 83.3M 1s
  2100K .......... .......... .......... .......... .......... 12% 91.9M 1s
  2150K .......... .......... .......... .......... .......... 12% 75.7M 1s
  2200K .......... .......... .......... .......... .......... 13% 87.3M 1s
  2250K .......... .......... .......... .......... .......... 13% 88.0M 1s
  2300K .......... .......... .......... .......... .......... 13% 74.7M 1s
  2350K .......... .......... .......... .......... .......... 13% 83.5M 1s
  2400K .......... .......... .......... .......... .......... 14% 90.1M 1s
  2450K .......... .......... .......... .......... .......... 14%  102M 1s
  2500K .......... .......... .......... .......... .......... 14%  142M 1s
  2550K .......... .......... .......... .......... .......... 15%  138M 1s
  2600K .......... .......... .......... .......... .......... 15%  112M 1s
  2650K .......... .......... .......... .......... .......... 15%  126M 1s
  2700K .......... .......... .......... .......... .......... 16%  122M 1s
  2750K .......... .......... .......... .......... .......... 16%  107M 1s
  2800K .......... .......... .......... .......... .......... 16%  124M 1s
  2850K .......... .......... .......... .......... .......... 16%  103M 1s
  2900K .......... .......... .......... .......... .......... 17% 28.1M 1s
  2950K .......... .......... .......... .......... .......... 17% 20.3M 1s
  3000K .......... .......... .......... .......... .......... 17% 61.5M 1s
  3050K .......... .......... .......... .......... .......... 18% 51.1M 1s
  3100K .......... .......... .......... .......... .......... 18% 11.1M 1s
  3150K .......... .......... .......... .......... .......... 18% 15.5M 1s
  3200K .......... .......... .......... .......... .......... 18% 43.2M 1s
  3250K .......... .......... .......... .......... .......... 19% 80.9M 1s
  3300K .......... .......... .......... .......... .......... 19% 90.2M 1s
  3350K .......... .......... .......... .......... .......... 19% 24.8M 1s
  3400K .......... .......... .......... .......... .......... 20% 29.7M 1s
  3450K .......... .......... .......... .......... .......... 20% 34.5M 1s
  3500K .......... .......... .......... .......... .......... 20% 34.1M 1s
  3550K .......... .......... .......... .......... .......... 20% 23.6M 1s
  3600K .......... .......... .......... .......... .......... 21% 35.5M 1s
  3650K .......... .......... .......... .......... .......... 21% 30.1M 1s
  3700K .......... .......... .......... .......... .......... 21% 33.2M 1s
  3750K .......... .......... .......... .......... .......... 22% 33.2M 1s
  3800K .......... .......... .......... .......... .......... 22% 26.5M 1s
  3850K .......... .......... .......... .......... .......... 22% 32.6M 1s
  3900K .......... .......... .......... .......... .......... 23% 21.9M 1s
  3950K .......... .......... .......... .......... .......... 23% 30.8M 1s
  4000K .......... .......... .......... .......... .......... 23% 31.1M 1s
  4050K .......... .......... .......... .......... .......... 23% 26.8M 1s
  4100K .......... .......... .......... .......... .......... 24% 33.2M 1s
  4150K .......... .......... .......... .......... .......... 24% 27.8M 1s
  4200K .......... .......... .......... .......... .......... 24% 36.5M 1s
  4250K .......... .......... .......... .......... .......... 25% 29.9M 1s
  4300K .......... .......... .......... .......... .......... 25% 26.2M 1s
  4350K .......... .......... .......... .......... .......... 25% 32.4M 1s
  4400K .......... .......... .......... .......... .......... 25% 26.6M 1s
  4450K .......... .......... .......... .......... .......... 26% 36.1M 1s
  4500K .......... .......... .......... .......... .......... 26% 4.21M 1s
  4550K .......... .......... .......... .......... .......... 26% 23.1M 1s
  4600K .......... .......... .......... .......... .......... 27% 26.8M 1s
  4650K .......... .......... .......... .......... .......... 27% 27.4M 1s
  4700K .......... .......... .......... .......... .......... 27% 22.1M 1s
  4750K .......... .......... .......... .......... .......... 27% 6.08M 1s
  4800K .......... .......... .......... .......... .......... 28% 23.7M 1s
  4850K .......... .......... .......... .......... .......... 28% 34.2M 1s
  4900K .......... .......... .......... .......... .......... 28% 36.0M 1s
  4950K .......... .......... .......... .......... .......... 29% 19.3M 1s
  5000K .......... .......... .......... .......... .......... 29% 36.2M 1s
  5050K .......... .......... .......... .......... .......... 29% 34.8M 1s
  5100K .......... .......... .......... .......... .......... 30% 32.3M 1s
  5150K .......... .......... .......... .......... .......... 30% 34.1M 1s
  5200K .......... .......... .......... .......... .......... 30% 12.9M 1s
  5250K .......... .......... .......... .......... .......... 30% 24.7M 1s
  5300K .......... .......... .......... .......... .......... 31% 29.9M 1s
  5350K .......... .......... .......... .......... .......... 31% 27.8M 1s
  5400K .......... .......... .......... .......... .......... 31% 8.23M 1s
  5450K .......... .......... .......... .......... .......... 32% 25.7M 1s
  5500K .......... .......... .......... .......... .......... 32% 26.8M 1s
  5550K .......... .......... .......... .......... .......... 32% 28.5M 1s
  5600K .......... .......... .......... .......... .......... 32% 29.6M 1s
  5650K .......... .......... .......... .......... .......... 33% 16.0M 1s
  5700K .......... .......... .......... .......... .......... 33% 26.3M 1s
  5750K .......... .......... .......... .......... .......... 33% 27.2M 1s
  5800K .......... .......... .......... .......... .......... 34% 28.3M 1s
  5850K .......... .......... .......... .......... .......... 34% 23.7M 1s
  5900K .......... .......... .......... .......... .......... 34% 28.6M 1s
  5950K .......... .......... .......... .......... .......... 34% 23.0M 1s
  6000K .......... .......... .......... .......... .......... 35% 25.9M 1s
  6050K .......... .......... .......... .......... .......... 35% 29.8M 1s
  6100K .......... .......... .......... .......... .......... 35% 21.2M 1s
  6150K .......... .......... .......... .......... .......... 36% 30.2M 1s
  6200K .......... .......... .......... .......... .......... 36% 25.9M 1s
  6250K .......... .......... .......... .......... .......... 36% 31.4M 1s
  6300K .......... .......... .......... .......... .......... 36% 5.67M 1s
  6350K .......... .......... .......... .......... .......... 37% 24.4M 1s
  6400K .......... .......... .......... .......... .......... 37% 31.6M 1s
  6450K .......... .......... .......... .......... .......... 37% 29.6M 1s
  6500K .......... .......... .......... .......... .......... 38% 25.0M 1s
  6550K .......... .......... .......... .......... .......... 38% 21.7M 1s
  6600K .......... .......... .......... .......... .......... 38% 28.8M 1s
  6650K .......... .......... .......... .......... .......... 39% 29.5M 1s
  6700K .......... .......... .......... .......... .......... 39% 32.5M 1s
  6750K .......... .......... .......... .......... .......... 39% 18.9M 1s
  6800K .......... .......... .......... .......... .......... 39% 31.5M 1s
  6850K .......... .......... .......... .......... .......... 40% 28.8M 1s
  6900K .......... .......... .......... .......... .......... 40% 28.1M 1s
  6950K .......... .......... .......... .......... .......... 40% 37.8M 1s
  7000K .......... .......... .......... .......... .......... 41% 26.3M 1s
  7050K .......... .......... .......... .......... .......... 41% 29.9M 1s
  7100K .......... .......... .......... .......... .......... 41% 37.1M 1s
  7150K .......... .......... .......... .......... .......... 41% 26.1M 1s
  7200K .......... .......... .......... .......... .......... 42% 21.4M 1s
  7250K .......... .......... .......... .......... .......... 42% 28.5M 1s
  7300K .......... .......... .......... .......... .......... 42% 27.5M 1s
  7350K .......... .......... .......... .......... .......... 43% 28.6M 1s
  7400K .......... .......... .......... .......... .......... 43% 29.3M 1s
  7450K .......... .......... .......... .......... .......... 43% 19.8M 1s
  7500K .......... .......... .......... .......... .......... 43% 27.3M 1s
  7550K .......... .......... .......... .......... .......... 44% 30.6M 1s
  7600K .......... .......... .......... .......... .......... 44% 28.3M 1s
  7650K .......... .......... .......... .......... .......... 44% 20.5M 1s
  7700K .......... .......... .......... .......... .......... 45% 28.4M 1s
  7750K .......... .......... .......... .......... .......... 45% 21.4M 0s
  7800K .......... .......... .......... .......... .......... 45% 44.0M 0s
  7850K .......... .......... .......... .......... .......... 46% 20.7M 0s
  7900K .......... .......... .......... .......... .......... 46% 22.5M 0s
  7950K .......... .......... .......... .......... .......... 46% 46.4M 0s
  8000K .......... .......... .......... .......... .......... 46% 27.4M 0s
  8050K .......... .......... .......... .......... .......... 47% 24.4M 0s
  8100K .......... .......... .......... .......... .......... 47% 24.9M 0s
  8150K .......... .......... .......... .......... .......... 47% 28.9M 0s
  8200K .......... .......... .......... .......... .......... 48% 31.0M 0s
  8250K .......... .......... .......... .......... .......... 48% 27.2M 0s
  8300K .......... .......... .......... .......... .......... 48% 29.0M 0s
  8350K .......... .......... .......... .......... .......... 48% 25.5M 0s
  8400K .......... .......... .......... .......... .......... 49% 29.8M 0s
  8450K .......... .......... .......... .......... .......... 49% 31.5M 0s
  8500K .......... .......... .......... .......... .......... 49% 26.4M 0s
  8550K .......... .......... .......... .......... .......... 50% 30.4M 0s
  8600K .......... .......... .......... .......... .......... 50% 26.8M 0s
  8650K .......... .......... .......... .......... .......... 50% 29.7M 0s
  8700K .......... .......... .......... .......... .......... 50% 32.1M 0s
  8750K .......... .......... .......... .......... .......... 51% 26.1M 0s
  8800K .......... .......... .......... .......... .......... 51% 29.2M 0s
  8850K .......... .......... .......... .......... .......... 51% 26.3M 0s
  8900K .......... .......... .......... .......... .......... 52% 32.2M 0s
  8950K .......... .......... .......... .......... .......... 52% 30.5M 0s
  9000K .......... .......... .......... .......... .......... 52% 25.6M 0s
  9050K .......... .......... .......... .......... .......... 53% 30.0M 0s
  9100K .......... .......... .......... .......... .......... 53% 22.1M 0s
  9150K .......... .......... .......... .......... .......... 53% 30.4M 0s
  9200K .......... .......... .......... .......... .......... 53% 28.7M 0s
  9250K .......... .......... .......... .......... .......... 54% 24.8M 0s
  9300K .......... .......... .......... .......... .......... 54% 32.5M 0s
  9350K .......... .......... .......... .......... .......... 54% 25.1M 0s
  9400K .......... .......... .......... .......... .......... 55% 28.7M 0s
  9450K .......... .......... .......... .......... .......... 55% 28.4M 0s
  9500K .......... .......... .......... .......... .......... 55% 26.3M 0s
  9550K .......... .......... .......... .......... .......... 55% 29.4M 0s
  9600K .......... .......... .......... .......... .......... 56% 26.0M 0s
  9650K .......... .......... .......... .......... .......... 56% 32.0M 0s
  9700K .......... .......... .......... .......... .......... 56% 30.9M 0s
  9750K .......... .......... .......... .......... .......... 57% 25.1M 0s
  9800K .......... .......... .......... .......... .......... 57% 31.6M 0s
  9850K .......... .......... .......... .......... .......... 57% 26.6M 0s
  9900K .......... .......... .......... .......... .......... 57% 31.1M 0s
  9950K .......... .......... .......... .......... .......... 58% 30.8M 0s
 10000K .......... .......... .......... .......... .......... 58% 26.0M 0s
 10050K .......... .......... .......... .......... .......... 58% 32.6M 0s
 10100K .......... .......... .......... .......... .......... 59% 27.8M 0s
 10150K .......... .......... .......... .......... .......... 59% 32.1M 0s
 10200K .......... .......... .......... .......... .......... 59% 31.8M 0s
 10250K .......... .......... .......... .......... .......... 60% 28.0M 0s
 10300K .......... .......... .......... .......... .......... 60% 32.3M 0s
 10350K .......... .......... .......... .......... .......... 60% 26.2M 0s
 10400K .......... .......... .......... .......... .......... 60% 31.0M 0s
 10450K .......... .......... .......... .......... .......... 61% 30.8M 0s
 10500K .......... .......... .......... .......... .......... 61% 26.5M 0s
 10550K .......... .......... .......... .......... .......... 61% 26.7M 0s
 10600K .......... .......... .......... .......... .......... 62% 29.8M 0s
 10650K .......... .......... .......... .......... .......... 62% 32.0M 0s
 10700K .......... .......... .......... .......... .......... 62% 29.8M 0s
 10750K .......... .......... .......... .......... .......... 62% 26.2M 0s
 10800K .......... .......... .......... .......... .......... 63% 27.0M 0s
 10850K .......... .......... .......... .......... .......... 63% 26.3M 0s
 10900K .......... .......... .......... .......... .......... 63% 29.4M 0s
 10950K .......... .......... .......... .......... .......... 64% 25.0M 0s
 11000K .......... .......... .......... .......... .......... 64% 31.8M 0s
 11050K .......... .......... .......... .......... .......... 64% 28.5M 0s
 11100K .......... .......... .......... .......... .......... 64% 24.4M 0s
 11150K .......... .......... .......... .......... .......... 65% 30.5M 0s
 11200K .......... .......... .......... .......... .......... 65% 28.5M 0s
 11250K .......... .......... .......... .......... .......... 65% 25.4M 0s
 11300K .......... .......... .......... .......... .......... 66% 28.7M 0s
 11350K .......... .......... .......... .......... .......... 66% 28.1M 0s
 11400K .......... .......... .......... .......... .......... 66% 28.4M 0s
 11450K .......... .......... .......... .......... .......... 66% 29.8M 0s
 11500K .......... .......... .......... .......... .......... 67% 26.5M 0s
 11550K .......... .......... .......... .......... .......... 67% 31.2M 0s
 11600K .......... .......... .......... .......... .......... 67% 28.1M 0s
 11650K .......... .......... .......... .......... .......... 68% 28.9M 0s
 11700K .......... .......... .......... .......... .......... 68% 28.6M 0s
 11750K .......... .......... .......... .......... .......... 68% 27.5M 0s
 11800K .......... .......... .......... .......... .......... 69% 25.4M 0s
 11850K .......... .......... .......... .......... .......... 69% 25.5M 0s
 11900K .......... .......... .......... .......... .......... 69% 30.0M 0s
 11950K .......... .......... .......... .......... .......... 69% 33.1M 0s
 12000K .......... .......... .......... .......... .......... 70% 24.3M 0s
 12050K .......... .......... .......... .......... .......... 70% 32.5M 0s
 12100K .......... .......... .......... .......... .......... 70% 25.3M 0s
 12150K .......... .......... .......... .......... .......... 71% 28.9M 0s
 12200K .......... .......... .......... .......... .......... 71% 32.0M 0s
 12250K .......... .......... .......... .......... .......... 71% 25.4M 0s
 12300K .......... .......... .......... .......... .......... 71% 29.2M 0s
 12350K .......... .......... .......... .......... .......... 72% 25.4M 0s
 12400K .......... .......... .......... .......... .......... 72% 27.5M 0s
 12450K .......... .......... .......... .......... .......... 72% 30.5M 0s
 12500K .......... .......... .......... .......... .......... 73% 15.9M 0s
 12550K .......... .......... .......... .......... .......... 73% 35.1M 0s
 12600K .......... .......... .......... .......... .......... 73% 31.2M 0s
 12650K .......... .......... .......... .......... .......... 73% 36.0M 0s
 12700K .......... .......... .......... .......... .......... 74% 36.0M 0s
 12750K .......... .......... .......... .......... .......... 74% 31.0M 0s
 12800K .......... .......... .......... .......... .......... 74% 35.7M 0s
 12850K .......... .......... .......... .......... .......... 75% 32.5M 0s
 12900K .......... .......... .......... .......... .......... 75% 34.1M 0s
 12950K .......... .......... .......... .......... .......... 75% 37.5M 0s
 13000K .......... .......... .......... .......... .......... 76% 31.8M 0s
 13050K .......... .......... .......... .......... .......... 76% 35.7M 0s
 13100K .......... .......... .......... .......... .......... 76% 32.0M 0s
 13150K .......... .......... .......... .......... .......... 76% 30.7M 0s
 13200K .......... .......... .......... .......... .......... 77% 39.7M 0s
 13250K .......... .......... .......... .......... .......... 77% 30.8M 0s
 13300K .......... .......... .......... .......... .......... 77% 35.3M 0s
 13350K .......... .......... .......... .......... .......... 78% 31.8M 0s
 13400K .......... .......... .......... .......... .......... 78% 37.1M 0s
 13450K .......... .......... .......... .......... .......... 78% 35.2M 0s
 13500K .......... .......... .......... .......... .......... 78% 30.6M 0s
 13550K .......... .......... .......... .......... .......... 79% 34.8M 0s
 13600K .......... .......... .......... .......... .......... 79% 30.7M 0s
 13650K .......... .......... .......... .......... .......... 79% 35.1M 0s
 13700K .......... .......... .......... .......... .......... 80% 36.1M 0s
 13750K .......... .......... .......... .......... .......... 80% 30.1M 0s
 13800K .......... .......... .......... .......... .......... 80% 38.2M 0s
 13850K .......... .......... .......... .......... .......... 80% 31.6M 0s
 13900K .......... .......... .......... .......... .......... 81% 34.3M 0s
 13950K .......... .......... .......... .......... .......... 81% 34.2M 0s
 14000K .......... .......... .......... .......... .......... 81% 29.5M 0s
 14050K .......... .......... .......... .......... .......... 82% 23.7M 0s
 14100K .......... .......... .......... .......... .......... 82% 48.9M 0s
 14150K .......... .......... .......... .......... .......... 82% 41.6M 0s
 14200K .......... .......... .......... .......... .......... 83% 34.7M 0s
 14250K .......... .......... .......... .......... .......... 83% 30.4M 0s
 14300K .......... .......... .......... .......... .......... 83% 35.5M 0s
 14350K .......... .......... .......... .......... .......... 83% 31.8M 0s
 14400K .......... .......... .......... .......... .......... 84% 34.7M 0s
 14450K .......... .......... .......... .......... .......... 84% 33.6M 0s
 14500K .......... .......... .......... .......... .......... 84% 31.5M 0s
 14550K .......... .......... .......... .......... .......... 85% 35.5M 0s
 14600K .......... .......... .......... .......... .......... 85% 30.8M 0s
 14650K .......... .......... .......... .......... .......... 85% 36.1M 0s
 14700K .......... .......... .......... .......... .......... 85% 37.4M 0s
 14750K .......... .......... .......... .......... .......... 86% 30.2M 0s
 14800K .......... .......... .......... .......... .......... 86% 34.9M 0s
 14850K .......... .......... .......... .......... .......... 86% 28.8M 0s
 14900K .......... .......... .......... .......... .......... 87% 35.7M 0s
 14950K .......... .......... .......... .......... .......... 87% 34.2M 0s
 15000K .......... .......... .......... .......... .......... 87% 18.7M 0s
 15050K .......... .......... .......... .......... .......... 87% 35.2M 0s
 15100K .......... .......... .......... .......... .......... 88% 31.1M 0s
 15150K .......... .......... .......... .......... .......... 88% 33.5M 0s
 15200K .......... .......... .......... .......... .......... 88% 27.6M 0s
 15250K .......... .......... .......... .......... .......... 89% 30.9M 0s
 15300K .......... .......... .......... .......... .......... 89% 37.7M 0s
 15350K .......... .......... .......... .......... .......... 89% 31.7M 0s
 15400K .......... .......... .......... .......... .......... 90% 36.7M 0s
 15450K .......... .......... .......... .......... .......... 90% 18.9M 0s
 15500K .......... .......... .......... .......... .......... 90% 35.8M 0s
 15550K .......... .......... .......... .......... .......... 90% 36.7M 0s
 15600K .......... .......... .......... .......... .......... 91% 31.3M 0s
 15650K .......... .......... .......... .......... .......... 91% 3.28M 0s
 15700K .......... .......... .......... .......... .......... 91% 36.5M 0s
 15750K .......... .......... .......... .......... .......... 92% 30.3M 0s
 15800K .......... .......... .......... .......... .......... 92% 37.6M 0s
 15850K .......... .......... .......... .......... .......... 92% 30.7M 0s
 15900K .......... .......... .......... .......... .......... 92% 3.80M 0s
 15950K .......... .......... .......... .......... .......... 93% 36.4M 0s
 16000K .......... .......... .......... .......... .......... 93% 32.6M 0s
 16050K .......... .......... .......... .......... .......... 93% 30.6M 0s
 16100K .......... .......... .......... .......... .......... 94% 30.1M 0s
 16150K .......... .......... .......... .......... .......... 94% 32.0M 0s
 16200K .......... .......... .......... .......... .......... 94% 38.4M 0s
 16250K .......... .......... .......... .......... .......... 94% 23.1M 0s
 16300K .......... .......... .......... .......... .......... 95% 54.7M 0s
 16350K .......... .......... .......... .......... .......... 95% 5.29M 0s
 16400K .......... .......... .......... .......... .......... 95% 29.4M 0s
 16450K .......... .......... .......... .......... .......... 96% 40.4M 0s
 16500K .......... .......... .......... .......... .......... 96% 36.7M 0s
 16550K .......... .......... .......... .......... .......... 96% 25.2M 0s
 16600K .......... .......... .......... .......... .......... 97% 35.9M 0s
 16650K .......... .......... .......... .......... .......... 97% 36.1M 0s
 16700K .......... .......... .......... .......... .......... 97% 31.5M 0s
 16750K .......... .......... .......... .......... .......... 97% 35.8M 0s
 16800K .......... .......... .......... .......... .......... 98% 27.3M 0s
 16850K .......... .......... .......... .......... .......... 98% 21.9M 0s
 16900K .......... .......... .......... .......... .......... 98% 69.1M 0s
 16950K .......... .......... .......... .......... .......... 99% 29.7M 0s
 17000K .......... .......... .......... .......... .......... 99% 27.2M 0s
 17050K .......... .......... .......... .......... .......... 99% 37.2M 0s
 17100K .......... .......... .......... .......... .......... 99% 32.8M 0s
 17150K .......... ....                                       100% 17.7M=0.8s

2022-05-12 02:55:02 (22.3 MB/s) - ‘/root/process_mining/trips_tracing/stopsintrip.json’ saved [17576398/17576398]

--2022-05-12 02:55:02--  https://ckan.multimediagdansk.pl/dataset/c24aa637-3619-4dc2-a171-a23eec8f2172/resource/4c4025f0-01bf-41f7-a39f-d156d201b82b/download/stops.json
Resolving ckan.multimediagdansk.pl (ckan.multimediagdansk.pl)... 91.244.248.30
Connecting to ckan.multimediagdansk.pl (ckan.multimediagdansk.pl)|91.244.248.30|:443... connected.
HTTP request sent, awaiting response... 200 OK
Length: 5255874 (5.0M) [application/json]
Saving to: ‘/root/process_mining/trips_tracing/stops.json’

     0K .......... .......... .......... .......... ..........  0%  894K 6s
    50K .......... .......... .......... .......... ..........  1% 1.76M 4s
   100K .......... .......... .......... .......... ..........  2% 51.6M 3s
   150K .......... .......... .......... .......... ..........  3% 1.81M 3s
   200K .......... .......... .......... .......... ..........  4% 74.9M 2s
   250K .......... .......... .......... .......... ..........  5% 94.4M 2s
   300K .......... .......... .......... .......... ..........  6% 87.6M 2s
   350K .......... .......... .......... .......... ..........  7% 39.1M 1s
   400K .......... .......... .......... .......... ..........  8% 1.91M 1s
   450K .......... .......... .......... .......... ..........  9% 66.8M 1s
   500K .......... .......... .......... .......... .......... 10% 87.3M 1s
   550K .......... .......... .......... .......... .......... 11% 73.2M 1s
   600K .......... .......... .......... .......... .......... 12% 73.6M 1s
   650K .......... .......... .......... .......... .......... 13% 82.6M 1s
   700K .......... .......... .......... .......... .......... 14%  132M 1s
   750K .......... .......... .......... .......... .......... 15%  116M 1s
   800K .......... .......... .......... .......... .......... 16%  164M 1s
   850K .......... .......... .......... .......... .......... 17% 2.03M 1s
   900K .......... .......... .......... .......... .......... 18% 76.1M 1s
   950K .......... .......... .......... .......... .......... 19% 73.0M 1s
  1000K .......... .......... .......... .......... .......... 20% 78.6M 1s
  1050K .......... .......... .......... .......... .......... 21% 78.9M 1s
  1100K .......... .......... .......... .......... .......... 22% 70.1M 1s
  1150K .......... .......... .......... .......... .......... 23% 98.8M 1s
  1200K .......... .......... .......... .......... .......... 24% 71.7M 1s
  1250K .......... .......... .......... .......... .......... 25% 93.2M 1s
  1300K .......... .......... .......... .......... .......... 26%  111M 0s
  1350K .......... .......... .......... .......... .......... 27% 87.1M 0s
  1400K .......... .......... .......... .......... .......... 28%  127M 0s
  1450K .......... .......... .......... .......... .......... 29% 94.2M 0s
  1500K .......... .......... .......... .......... .......... 30%  105M 0s
  1550K .......... .......... .......... .......... .......... 31%  135M 0s
  1600K .......... .......... .......... .......... .......... 32%  141M 0s
  1650K .......... .......... .......... .......... .......... 33%  155M 0s
  1700K .......... .......... .......... .......... .......... 34% 2.50M 0s
  1750K .......... .......... .......... .......... .......... 35% 83.3M 0s
  1800K .......... .......... .......... .......... .......... 36% 81.6M 0s
  1850K .......... .......... .......... .......... .......... 37% 77.2M 0s
  1900K .......... .......... .......... .......... .......... 37%  110M 0s
  1950K .......... .......... .......... .......... .......... 38% 84.7M 0s
  2000K .......... .......... .......... .......... .......... 39% 98.2M 0s
  2050K .......... .......... .......... .......... .......... 40% 93.4M 0s
  2100K .......... .......... .......... .......... .......... 41% 81.4M 0s
  2150K .......... .......... .......... .......... .......... 42%  100M 0s
  2200K .......... .......... .......... .......... .......... 43% 87.9M 0s
  2250K .......... .......... .......... .......... .......... 44% 98.0M 0s
  2300K .......... .......... .......... .......... .......... 45% 99.6M 0s
  2350K .......... .......... .......... .......... .......... 46% 79.8M 0s
  2400K .......... .......... .......... .......... .......... 47% 91.8M 0s
  2450K .......... .......... .......... .......... .......... 48% 82.0M 0s
  2500K .......... .......... .......... .......... .......... 49% 94.6M 0s
  2550K .......... .......... .......... .......... .......... 50%  102M 0s
  2600K .......... .......... .......... .......... .......... 51% 84.1M 0s
  2650K .......... .......... .......... .......... .......... 52% 99.7M 0s
  2700K .......... .......... .......... .......... .......... 53% 83.8M 0s
  2750K .......... .......... .......... .......... .......... 54% 97.9M 0s
  2800K .......... .......... .......... .......... .......... 55%  101M 0s
  2850K .......... .......... .......... .......... .......... 56% 80.5M 0s
  2900K .......... .......... .......... .......... .......... 57% 94.4M 0s
  2950K .......... .......... .......... .......... .......... 58% 83.4M 0s
  3000K .......... .......... .......... .......... .......... 59% 95.4M 0s
  3050K .......... .......... .......... .......... .......... 60% 93.4M 0s
  3100K .......... .......... .......... .......... .......... 61% 78.6M 0s
  3150K .......... .......... .......... .......... .......... 62% 98.8M 0s
  3200K .......... .......... .......... .......... .......... 63% 97.8M 0s
  3250K .......... .......... .......... .......... .......... 64%  153M 0s
  3300K .......... .......... .......... .......... .......... 65%  162M 0s
  3350K .......... .......... .......... .......... .......... 66%  141M 0s
  3400K .......... .......... .......... .......... .......... 67% 4.73M 0s
  3450K .......... .......... .......... .......... .......... 68% 57.4M 0s
  3500K .......... .......... .......... .......... .......... 69% 95.2M 0s
  3550K .......... .......... .......... .......... .......... 70% 99.0M 0s
  3600K .......... .......... .......... .......... .......... 71% 83.5M 0s
  3650K .......... .......... .......... .......... .......... 72% 95.2M 0s
  3700K .......... .......... .......... .......... .......... 73% 81.6M 0s
  3750K .......... .......... .......... .......... .......... 74% 95.8M 0s
  3800K .......... .......... .......... .......... .......... 75% 94.1M 0s
  3850K .......... .......... .......... .......... .......... 75% 86.0M 0s
  3900K .......... .......... .......... .......... .......... 76% 96.4M 0s
  3950K .......... .......... .......... .......... .......... 77% 79.0M 0s
  4000K .......... .......... .......... .......... .......... 78%  100M 0s
  4050K .......... .......... .......... .......... .......... 79%  111M 0s
  4100K .......... .......... .......... .......... .......... 80%  120M 0s
  4150K .......... .......... .......... .......... .......... 81%  142M 0s
  4200K .......... .......... .......... .......... .......... 82% 35.4M 0s
  4250K .......... .......... .......... .......... .......... 83% 36.3M 0s
  4300K .......... .......... .......... .......... .......... 84% 37.3M 0s
  4350K .......... .......... .......... .......... .......... 85% 30.6M 0s
  4400K .......... .......... .......... .......... .......... 86% 36.1M 0s
  4450K .......... .......... .......... .......... .......... 87% 31.1M 0s
  4500K .......... .......... .......... .......... .......... 88% 37.3M 0s
  4550K .......... .......... .......... .......... .......... 89% 37.2M 0s
  4600K .......... .......... .......... .......... .......... 90% 31.4M 0s
  4650K .......... .......... .......... .......... .......... 91% 37.4M 0s
  4700K .......... .......... .......... .......... .......... 92% 32.6M 0s
  4750K .......... .......... .......... .......... .......... 93% 37.9M 0s
  4800K .......... .......... .......... .......... .......... 94% 36.5M 0s
  4850K .......... .......... .......... .......... .......... 95% 32.6M 0s
  4900K .......... .......... .......... .......... .......... 96% 36.6M 0s
  4950K .......... .......... .......... .......... .......... 97% 31.9M 0s
  5000K .......... .......... .......... .......... .......... 98% 36.7M 0s
  5050K .......... .......... .......... .......... .......... 99% 35.2M 0s
  5100K .......... .......... .......... ..                   100% 33.1M=0.3s

2022-05-12 02:55:03 (19.4 MB/s) - ‘/root/process_mining/trips_tracing/stops.json’ saved [5255874/5255874]

--2022-05-12 02:55:03--  https://files.cloudgdansk.pl/d/otwarte-dane/ztm/baza-pojazdow.json?v=2
Resolving files.cloudgdansk.pl (files.cloudgdansk.pl)... 153.19.238.147
Connecting to files.cloudgdansk.pl (files.cloudgdansk.pl)|153.19.238.147|:443... connected.
HTTP request sent, awaiting response... 200 OK
Length: 279155 (273K) [application/json]
Saving to: ‘/root/process_mining/trips_tracing/baza-pojazdow.json’

     0K .......... .......... .......... .......... .......... 18% 1.73M 0s
    50K .......... .......... .......... .......... .......... 36% 1.69M 0s
   100K .......... .......... .......... .......... .......... 55% 85.7M 0s
   150K .......... .......... .......... .......... .......... 73%  116M 0s
   200K .......... .......... .......... .......... .......... 91% 1.79M 0s
   250K .......... .......... ..                              100%  182M=0.09s

2022-05-12 02:55:03 (3.11 MB/s) - ‘/root/process_mining/trips_tracing/baza-pojazdow.json’ saved [279155/279155]

