--2022-05-13 00:00:01--  https://files.cloudgdansk.pl/d/otwarte-dane/ztm/bsk.json
Resolving files.cloudgdansk.pl (files.cloudgdansk.pl)... 153.19.238.147
Connecting to files.cloudgdansk.pl (files.cloudgdansk.pl)|153.19.238.147|:443... connected.
HTTP request sent, awaiting response... 200 OK
Length: 60 [text/plain]
Saving to: ‘/root/process_mining/announcements/data/13_05_2022/ann13.05.2022-00-00-01.json’

     0K                                                       100% 12.9M=0s

2022-05-13 00:00:02 (12.9 MB/s) - ‘/root/process_mining/announcements/data/13_05_2022/ann13.05.2022-00-00-01.json’ saved [60/60]

--2022-05-13 00:10:00--  https://files.cloudgdansk.pl/d/otwarte-dane/ztm/bsk.json
Resolving files.cloudgdansk.pl (files.cloudgdansk.pl)... 153.19.238.147
Connecting to files.cloudgdansk.pl (files.cloudgdansk.pl)|153.19.238.147|:443... connected.
HTTP request sent, awaiting response... 200 OK
Length: 60 [text/plain]
Saving to: ‘/root/process_mining/announcements/data/13_05_2022/ann13.05.2022-00-10-00.json’

     0K                                                       100% 11.9M=0s

2022-05-13 00:10:00 (11.9 MB/s) - ‘/root/process_mining/announcements/data/13_05_2022/ann13.05.2022-00-10-00.json’ saved [60/60]

--2022-05-13 00:20:00--  https://files.cloudgdansk.pl/d/otwarte-dane/ztm/bsk.json
Resolving files.cloudgdansk.pl (files.cloudgdansk.pl)... 153.19.238.147
Connecting to files.cloudgdansk.pl (files.cloudgdansk.pl)|153.19.238.147|:443... connected.
HTTP request sent, awaiting response... 200 OK
Length: 60 [text/plain]
Saving to: ‘/root/process_mining/announcements/data/13_05_2022/ann13.05.2022-00-20-00.json’

     0K                                                       100% 10.9M=0s

2022-05-13 00:20:01 (10.9 MB/s) - ‘/root/process_mining/announcements/data/13_05_2022/ann13.05.2022-00-20-00.json’ saved [60/60]

--2022-05-13 00:30:01--  https://files.cloudgdansk.pl/d/otwarte-dane/ztm/bsk.json
Resolving files.cloudgdansk.pl (files.cloudgdansk.pl)... 153.19.238.147
Connecting to files.cloudgdansk.pl (files.cloudgdansk.pl)|153.19.238.147|:443... connected.
HTTP request sent, awaiting response... 200 OK
Length: 60 [text/plain]
Saving to: ‘/root/process_mining/announcements/data/13_05_2022/ann13.05.2022-00-30-01.json’

     0K                                                       100% 12.7M=0s

2022-05-13 00:30:02 (12.7 MB/s) - ‘/root/process_mining/announcements/data/13_05_2022/ann13.05.2022-00-30-01.json’ saved [60/60]

--2022-05-13 00:40:01--  https://files.cloudgdansk.pl/d/otwarte-dane/ztm/bsk.json
Resolving files.cloudgdansk.pl (files.cloudgdansk.pl)... 153.19.238.147
Connecting to files.cloudgdansk.pl (files.cloudgdansk.pl)|153.19.238.147|:443... connected.
HTTP request sent, awaiting response... 200 OK
Length: 60 [text/plain]
Saving to: ‘/root/process_mining/announcements/data/13_05_2022/ann13.05.2022-00-40-01.json’

     0K                                                       100% 3.50M=0s

2022-05-13 00:40:01 (3.50 MB/s) - ‘/root/process_mining/announcements/data/13_05_2022/ann13.05.2022-00-40-01.json’ saved [60/60]

--2022-05-13 00:50:01--  https://files.cloudgdansk.pl/d/otwarte-dane/ztm/bsk.json
Resolving files.cloudgdansk.pl (files.cloudgdansk.pl)... 153.19.238.147
Connecting to files.cloudgdansk.pl (files.cloudgdansk.pl)|153.19.238.147|:443... connected.
HTTP request sent, awaiting response... 200 OK
Length: 60 [text/plain]
Saving to: ‘/root/process_mining/announcements/data/13_05_2022/ann13.05.2022-00-50-01.json’

     0K                                                       100% 8.12M=0s

2022-05-13 00:50:01 (8.12 MB/s) - ‘/root/process_mining/announcements/data/13_05_2022/ann13.05.2022-00-50-01.json’ saved [60/60]

--2022-05-13 01:00:01--  https://files.cloudgdansk.pl/d/otwarte-dane/ztm/bsk.json
Resolving files.cloudgdansk.pl (files.cloudgdansk.pl)... 153.19.238.147
Connecting to files.cloudgdansk.pl (files.cloudgdansk.pl)|153.19.238.147|:443... connected.
HTTP request sent, awaiting response... 200 OK
Length: 60 [text/plain]
Saving to: ‘/root/process_mining/announcements/data/13_05_2022/ann13.05.2022-01-00-01.json’

     0K                                                       100% 11.9M=0s

2022-05-13 01:00:02 (11.9 MB/s) - ‘/root/process_mining/announcements/data/13_05_2022/ann13.05.2022-01-00-01.json’ saved [60/60]

--2022-05-13 01:10:01--  https://files.cloudgdansk.pl/d/otwarte-dane/ztm/bsk.json
Resolving files.cloudgdansk.pl (files.cloudgdansk.pl)... 153.19.238.147
Connecting to files.cloudgdansk.pl (files.cloudgdansk.pl)|153.19.238.147|:443... connected.
HTTP request sent, awaiting response... 200 OK
Length: 60 [text/plain]
Saving to: ‘/root/process_mining/announcements/data/13_05_2022/ann13.05.2022-01-10-01.json’

     0K                                                       100% 12.8M=0s

2022-05-13 01:10:01 (12.8 MB/s) - ‘/root/process_mining/announcements/data/13_05_2022/ann13.05.2022-01-10-01.json’ saved [60/60]

--2022-05-13 01:20:01--  https://files.cloudgdansk.pl/d/otwarte-dane/ztm/bsk.json
Resolving files.cloudgdansk.pl (files.cloudgdansk.pl)... 153.19.238.147
Connecting to files.cloudgdansk.pl (files.cloudgdansk.pl)|153.19.238.147|:443... connected.
HTTP request sent, awaiting response... 200 OK
Length: 60 [text/plain]
Saving to: ‘/root/process_mining/announcements/data/13_05_2022/ann13.05.2022-01-20-01.json’

     0K                                                       100% 11.4M=0s

2022-05-13 01:20:01 (11.4 MB/s) - ‘/root/process_mining/announcements/data/13_05_2022/ann13.05.2022-01-20-01.json’ saved [60/60]

--2022-05-13 01:30:01--  https://files.cloudgdansk.pl/d/otwarte-dane/ztm/bsk.json
Resolving files.cloudgdansk.pl (files.cloudgdansk.pl)... 153.19.238.147
Connecting to files.cloudgdansk.pl (files.cloudgdansk.pl)|153.19.238.147|:443... connected.
HTTP request sent, awaiting response... 200 OK
Length: 60 [text/plain]
Saving to: ‘/root/process_mining/announcements/data/13_05_2022/ann13.05.2022-01-30-01.json’

     0K                                                       100% 11.6M=0s

2022-05-13 01:30:02 (11.6 MB/s) - ‘/root/process_mining/announcements/data/13_05_2022/ann13.05.2022-01-30-01.json’ saved [60/60]

--2022-05-13 01:40:01--  https://files.cloudgdansk.pl/d/otwarte-dane/ztm/bsk.json
Resolving files.cloudgdansk.pl (files.cloudgdansk.pl)... 153.19.238.147
Connecting to files.cloudgdansk.pl (files.cloudgdansk.pl)|153.19.238.147|:443... connected.
HTTP request sent, awaiting response... 200 OK
Length: 60 [text/plain]
Saving to: ‘/root/process_mining/announcements/data/13_05_2022/ann13.05.2022-01-40-01.json’

     0K                                                       100% 11.0M=0s

2022-05-13 01:40:02 (11.0 MB/s) - ‘/root/process_mining/announcements/data/13_05_2022/ann13.05.2022-01-40-01.json’ saved [60/60]

--2022-05-13 01:50:01--  https://files.cloudgdansk.pl/d/otwarte-dane/ztm/bsk.json
Resolving files.cloudgdansk.pl (files.cloudgdansk.pl)... 153.19.238.147
Connecting to files.cloudgdansk.pl (files.cloudgdansk.pl)|153.19.238.147|:443... connected.
HTTP request sent, awaiting response... 200 OK
Length: 60 [text/plain]
Saving to: ‘/root/process_mining/announcements/data/13_05_2022/ann13.05.2022-01-50-01.json’

     0K                                                       100% 12.3M=0s

2022-05-13 01:50:02 (12.3 MB/s) - ‘/root/process_mining/announcements/data/13_05_2022/ann13.05.2022-01-50-01.json’ saved [60/60]

--2022-05-13 02:00:01--  https://files.cloudgdansk.pl/d/otwarte-dane/ztm/bsk.json
Resolving files.cloudgdansk.pl (files.cloudgdansk.pl)... 153.19.238.147
Connecting to files.cloudgdansk.pl (files.cloudgdansk.pl)|153.19.238.147|:443... connected.
HTTP request sent, awaiting response... 200 OK
Length: 60 [text/plain]
Saving to: ‘/root/process_mining/announcements/data/13_05_2022/ann13.05.2022-02-00-01.json’

     0K                                                       100% 12.0M=0s

2022-05-13 02:00:01 (12.0 MB/s) - ‘/root/process_mining/announcements/data/13_05_2022/ann13.05.2022-02-00-01.json’ saved [60/60]

--2022-05-13 02:10:01--  https://files.cloudgdansk.pl/d/otwarte-dane/ztm/bsk.json
Resolving files.cloudgdansk.pl (files.cloudgdansk.pl)... 153.19.238.147
Connecting to files.cloudgdansk.pl (files.cloudgdansk.pl)|153.19.238.147|:443... connected.
HTTP request sent, awaiting response... 200 OK
Length: 60 [text/plain]
Saving to: ‘/root/process_mining/announcements/data/13_05_2022/ann13.05.2022-02-10-01.json’

     0K                                                       100% 11.1M=0s

2022-05-13 02:10:02 (11.1 MB/s) - ‘/root/process_mining/announcements/data/13_05_2022/ann13.05.2022-02-10-01.json’ saved [60/60]

--2022-05-13 02:20:01--  https://files.cloudgdansk.pl/d/otwarte-dane/ztm/bsk.json
Resolving files.cloudgdansk.pl (files.cloudgdansk.pl)... 153.19.238.147
Connecting to files.cloudgdansk.pl (files.cloudgdansk.pl)|153.19.238.147|:443... connected.
HTTP request sent, awaiting response... 200 OK
Length: 60 [text/plain]
Saving to: ‘/root/process_mining/announcements/data/13_05_2022/ann13.05.2022-02-20-01.json’

     0K                                                       100% 12.2M=0s

2022-05-13 02:20:01 (12.2 MB/s) - ‘/root/process_mining/announcements/data/13_05_2022/ann13.05.2022-02-20-01.json’ saved [60/60]

--2022-05-13 02:30:01--  https://files.cloudgdansk.pl/d/otwarte-dane/ztm/bsk.json
Resolving files.cloudgdansk.pl (files.cloudgdansk.pl)... 153.19.238.147
Connecting to files.cloudgdansk.pl (files.cloudgdansk.pl)|153.19.238.147|:443... connected.
HTTP request sent, awaiting response... 200 OK
Length: 60 [text/plain]
Saving to: ‘/root/process_mining/announcements/data/13_05_2022/ann13.05.2022-02-30-01.json’

     0K                                                       100% 4.34M=0s

2022-05-13 02:30:02 (4.34 MB/s) - ‘/root/process_mining/announcements/data/13_05_2022/ann13.05.2022-02-30-01.json’ saved [60/60]

--2022-05-13 02:40:01--  https://files.cloudgdansk.pl/d/otwarte-dane/ztm/bsk.json
Resolving files.cloudgdansk.pl (files.cloudgdansk.pl)... 153.19.238.147
Connecting to files.cloudgdansk.pl (files.cloudgdansk.pl)|153.19.238.147|:443... connected.
HTTP request sent, awaiting response... 200 OK
Length: 60 [text/plain]
Saving to: ‘/root/process_mining/announcements/data/13_05_2022/ann13.05.2022-02-40-01.json’

     0K                                                       100% 11.2M=0s

2022-05-13 02:40:01 (11.2 MB/s) - ‘/root/process_mining/announcements/data/13_05_2022/ann13.05.2022-02-40-01.json’ saved [60/60]

--2022-05-13 02:50:01--  https://files.cloudgdansk.pl/d/otwarte-dane/ztm/bsk.json
Resolving files.cloudgdansk.pl (files.cloudgdansk.pl)... 153.19.238.147
Connecting to files.cloudgdansk.pl (files.cloudgdansk.pl)|153.19.238.147|:443... connected.
HTTP request sent, awaiting response... 200 OK
Length: 60 [text/plain]
Saving to: ‘/root/process_mining/announcements/data/13_05_2022/ann13.05.2022-02-50-01.json’

     0K                                                       100% 9.18M=0s

2022-05-13 02:50:02 (9.18 MB/s) - ‘/root/process_mining/announcements/data/13_05_2022/ann13.05.2022-02-50-01.json’ saved [60/60]

--2022-05-13 03:00:01--  https://files.cloudgdansk.pl/d/otwarte-dane/ztm/bsk.json
Resolving files.cloudgdansk.pl (files.cloudgdansk.pl)... 153.19.238.147
Connecting to files.cloudgdansk.pl (files.cloudgdansk.pl)|153.19.238.147|:443... connected.
HTTP request sent, awaiting response... 200 OK
Length: 60 [text/plain]
Saving to: ‘/root/process_mining/announcements/data/13_05_2022/ann13.05.2022-03-00-01.json’

     0K                                                       100% 8.52M=0s

2022-05-13 03:00:01 (8.52 MB/s) - ‘/root/process_mining/announcements/data/13_05_2022/ann13.05.2022-03-00-01.json’ saved [60/60]

--2022-05-13 03:10:01--  https://files.cloudgdansk.pl/d/otwarte-dane/ztm/bsk.json
Resolving files.cloudgdansk.pl (files.cloudgdansk.pl)... 153.19.238.147
Connecting to files.cloudgdansk.pl (files.cloudgdansk.pl)|153.19.238.147|:443... connected.
HTTP request sent, awaiting response... 200 OK
Length: 60 [text/plain]
Saving to: ‘/root/process_mining/announcements/data/13_05_2022/ann13.05.2022-03-10-01.json’

     0K                                                       100% 12.0M=0s

2022-05-13 03:10:01 (12.0 MB/s) - ‘/root/process_mining/announcements/data/13_05_2022/ann13.05.2022-03-10-01.json’ saved [60/60]

--2022-05-13 03:20:01--  https://files.cloudgdansk.pl/d/otwarte-dane/ztm/bsk.json
Resolving files.cloudgdansk.pl (files.cloudgdansk.pl)... 153.19.238.147
Connecting to files.cloudgdansk.pl (files.cloudgdansk.pl)|153.19.238.147|:443... connected.
HTTP request sent, awaiting response... 200 OK
Length: 60 [text/plain]
Saving to: ‘/root/process_mining/announcements/data/13_05_2022/ann13.05.2022-03-20-01.json’

     0K                                                       100% 11.1M=0s

2022-05-13 03:20:01 (11.1 MB/s) - ‘/root/process_mining/announcements/data/13_05_2022/ann13.05.2022-03-20-01.json’ saved [60/60]

--2022-05-13 03:30:01--  https://files.cloudgdansk.pl/d/otwarte-dane/ztm/bsk.json
Resolving files.cloudgdansk.pl (files.cloudgdansk.pl)... 153.19.238.147
Connecting to files.cloudgdansk.pl (files.cloudgdansk.pl)|153.19.238.147|:443... connected.
HTTP request sent, awaiting response... 200 OK
Length: 60 [text/plain]
Saving to: ‘/root/process_mining/announcements/data/13_05_2022/ann13.05.2022-03-30-01.json’

     0K                                                       100% 12.0M=0s

2022-05-13 03:30:01 (12.0 MB/s) - ‘/root/process_mining/announcements/data/13_05_2022/ann13.05.2022-03-30-01.json’ saved [60/60]

--2022-05-13 03:40:01--  https://files.cloudgdansk.pl/d/otwarte-dane/ztm/bsk.json
Resolving files.cloudgdansk.pl (files.cloudgdansk.pl)... 153.19.238.147
Connecting to files.cloudgdansk.pl (files.cloudgdansk.pl)|153.19.238.147|:443... connected.
HTTP request sent, awaiting response... 200 OK
Length: 60 [text/plain]
Saving to: ‘/root/process_mining/announcements/data/13_05_2022/ann13.05.2022-03-40-01.json’

     0K                                                       100% 11.9M=0s

2022-05-13 03:40:02 (11.9 MB/s) - ‘/root/process_mining/announcements/data/13_05_2022/ann13.05.2022-03-40-01.json’ saved [60/60]

--2022-05-13 03:50:01--  https://files.cloudgdansk.pl/d/otwarte-dane/ztm/bsk.json
Resolving files.cloudgdansk.pl (files.cloudgdansk.pl)... 153.19.238.147
Connecting to files.cloudgdansk.pl (files.cloudgdansk.pl)|153.19.238.147|:443... connected.
HTTP request sent, awaiting response... 200 OK
Length: 60 [text/plain]
Saving to: ‘/root/process_mining/announcements/data/13_05_2022/ann13.05.2022-03-50-01.json’

     0K                                                       100% 12.9M=0s

2022-05-13 03:50:02 (12.9 MB/s) - ‘/root/process_mining/announcements/data/13_05_2022/ann13.05.2022-03-50-01.json’ saved [60/60]

--2022-05-13 04:00:01--  https://files.cloudgdansk.pl/d/otwarte-dane/ztm/bsk.json
Resolving files.cloudgdansk.pl (files.cloudgdansk.pl)... 153.19.238.147
Connecting to files.cloudgdansk.pl (files.cloudgdansk.pl)|153.19.238.147|:443... connected.
HTTP request sent, awaiting response... 200 OK
Length: 60 [text/plain]
Saving to: ‘/root/process_mining/announcements/data/13_05_2022/ann13.05.2022-04-00-01.json’

     0K                                                       100% 8.00M=0s

2022-05-13 04:00:01 (8.00 MB/s) - ‘/root/process_mining/announcements/data/13_05_2022/ann13.05.2022-04-00-01.json’ saved [60/60]

--2022-05-13 04:10:01--  https://files.cloudgdansk.pl/d/otwarte-dane/ztm/bsk.json
Resolving files.cloudgdansk.pl (files.cloudgdansk.pl)... 153.19.238.147
Connecting to files.cloudgdansk.pl (files.cloudgdansk.pl)|153.19.238.147|:443... connected.
HTTP request sent, awaiting response... 200 OK
Length: 60 [text/plain]
Saving to: ‘/root/process_mining/announcements/data/13_05_2022/ann13.05.2022-04-10-01.json’

     0K                                                       100% 12.4M=0s

2022-05-13 04:10:01 (12.4 MB/s) - ‘/root/process_mining/announcements/data/13_05_2022/ann13.05.2022-04-10-01.json’ saved [60/60]

--2022-05-13 04:20:02--  https://files.cloudgdansk.pl/d/otwarte-dane/ztm/bsk.json
Resolving files.cloudgdansk.pl (files.cloudgdansk.pl)... 153.19.238.147
Connecting to files.cloudgdansk.pl (files.cloudgdansk.pl)|153.19.238.147|:443... connected.
HTTP request sent, awaiting response... 200 OK
Length: 60 [text/plain]
Saving to: ‘/root/process_mining/announcements/data/13_05_2022/ann13.05.2022-04-20-02.json’

     0K                                                       100% 11.3M=0s

2022-05-13 04:20:02 (11.3 MB/s) - ‘/root/process_mining/announcements/data/13_05_2022/ann13.05.2022-04-20-02.json’ saved [60/60]

--2022-05-13 04:30:01--  https://files.cloudgdansk.pl/d/otwarte-dane/ztm/bsk.json
Resolving files.cloudgdansk.pl (files.cloudgdansk.pl)... 153.19.238.147
Connecting to files.cloudgdansk.pl (files.cloudgdansk.pl)|153.19.238.147|:443... connected.
HTTP request sent, awaiting response... 200 OK
Length: 60 [text/plain]
Saving to: ‘/root/process_mining/announcements/data/13_05_2022/ann13.05.2022-04-30-01.json’

     0K                                                       100% 12.1M=0s

2022-05-13 04:30:02 (12.1 MB/s) - ‘/root/process_mining/announcements/data/13_05_2022/ann13.05.2022-04-30-01.json’ saved [60/60]

--2022-05-13 04:40:01--  https://files.cloudgdansk.pl/d/otwarte-dane/ztm/bsk.json
Resolving files.cloudgdansk.pl (files.cloudgdansk.pl)... 153.19.238.147
Connecting to files.cloudgdansk.pl (files.cloudgdansk.pl)|153.19.238.147|:443... connected.
HTTP request sent, awaiting response... 200 OK
Length: 60 [text/plain]
Saving to: ‘/root/process_mining/announcements/data/13_05_2022/ann13.05.2022-04-40-01.json’

     0K                                                       100% 12.6M=0s

2022-05-13 04:40:01 (12.6 MB/s) - ‘/root/process_mining/announcements/data/13_05_2022/ann13.05.2022-04-40-01.json’ saved [60/60]

--2022-05-13 04:50:01--  https://files.cloudgdansk.pl/d/otwarte-dane/ztm/bsk.json
Resolving files.cloudgdansk.pl (files.cloudgdansk.pl)... 153.19.238.147
Connecting to files.cloudgdansk.pl (files.cloudgdansk.pl)|153.19.238.147|:443... connected.
HTTP request sent, awaiting response... 200 OK
Length: 60 [text/plain]
Saving to: ‘/root/process_mining/announcements/data/13_05_2022/ann13.05.2022-04-50-01.json’

     0K                                                       100% 10.6M=0s

2022-05-13 04:50:01 (10.6 MB/s) - ‘/root/process_mining/announcements/data/13_05_2022/ann13.05.2022-04-50-01.json’ saved [60/60]

--2022-05-13 05:00:01--  https://files.cloudgdansk.pl/d/otwarte-dane/ztm/bsk.json
Resolving files.cloudgdansk.pl (files.cloudgdansk.pl)... 153.19.238.147
Connecting to files.cloudgdansk.pl (files.cloudgdansk.pl)|153.19.238.147|:443... connected.
HTTP request sent, awaiting response... 200 OK
Length: 60 [text/plain]
Saving to: ‘/root/process_mining/announcements/data/13_05_2022/ann13.05.2022-05-00-01.json’

     0K                                                       100% 11.2M=0s

2022-05-13 05:00:01 (11.2 MB/s) - ‘/root/process_mining/announcements/data/13_05_2022/ann13.05.2022-05-00-01.json’ saved [60/60]

--2022-05-13 05:10:01--  https://files.cloudgdansk.pl/d/otwarte-dane/ztm/bsk.json
Resolving files.cloudgdansk.pl (files.cloudgdansk.pl)... 153.19.238.147
Connecting to files.cloudgdansk.pl (files.cloudgdansk.pl)|153.19.238.147|:443... connected.
HTTP request sent, awaiting response... 200 OK
Length: 60 [text/plain]
Saving to: ‘/root/process_mining/announcements/data/13_05_2022/ann13.05.2022-05-10-01.json’

     0K                                                       100% 11.1M=0s

2022-05-13 05:10:02 (11.1 MB/s) - ‘/root/process_mining/announcements/data/13_05_2022/ann13.05.2022-05-10-01.json’ saved [60/60]

--2022-05-13 05:20:01--  https://files.cloudgdansk.pl/d/otwarte-dane/ztm/bsk.json
Resolving files.cloudgdansk.pl (files.cloudgdansk.pl)... 153.19.238.147
Connecting to files.cloudgdansk.pl (files.cloudgdansk.pl)|153.19.238.147|:443... connected.
HTTP request sent, awaiting response... 200 OK
Length: 60 [text/plain]
Saving to: ‘/root/process_mining/announcements/data/13_05_2022/ann13.05.2022-05-20-01.json’

     0K                                                       100% 11.5M=0s

2022-05-13 05:20:02 (11.5 MB/s) - ‘/root/process_mining/announcements/data/13_05_2022/ann13.05.2022-05-20-01.json’ saved [60/60]

--2022-05-13 05:30:01--  https://files.cloudgdansk.pl/d/otwarte-dane/ztm/bsk.json
Resolving files.cloudgdansk.pl (files.cloudgdansk.pl)... 153.19.238.147
Connecting to files.cloudgdansk.pl (files.cloudgdansk.pl)|153.19.238.147|:443... connected.
HTTP request sent, awaiting response... 200 OK
Length: 60 [text/plain]
Saving to: ‘/root/process_mining/announcements/data/13_05_2022/ann13.05.2022-05-30-01.json’

     0K                                                       100% 11.8M=0s

2022-05-13 05:30:01 (11.8 MB/s) - ‘/root/process_mining/announcements/data/13_05_2022/ann13.05.2022-05-30-01.json’ saved [60/60]

--2022-05-13 05:40:01--  https://files.cloudgdansk.pl/d/otwarte-dane/ztm/bsk.json
Resolving files.cloudgdansk.pl (files.cloudgdansk.pl)... 153.19.238.147
Connecting to files.cloudgdansk.pl (files.cloudgdansk.pl)|153.19.238.147|:443... connected.
HTTP request sent, awaiting response... 200 OK
Length: 60 [text/plain]
Saving to: ‘/root/process_mining/announcements/data/13_05_2022/ann13.05.2022-05-40-01.json’

     0K                                                       100% 13.0M=0s

2022-05-13 05:40:01 (13.0 MB/s) - ‘/root/process_mining/announcements/data/13_05_2022/ann13.05.2022-05-40-01.json’ saved [60/60]

--2022-05-13 05:50:01--  https://files.cloudgdansk.pl/d/otwarte-dane/ztm/bsk.json
Resolving files.cloudgdansk.pl (files.cloudgdansk.pl)... 153.19.238.147
Connecting to files.cloudgdansk.pl (files.cloudgdansk.pl)|153.19.238.147|:443... connected.
HTTP request sent, awaiting response... 200 OK
Length: 60 [text/plain]
Saving to: ‘/root/process_mining/announcements/data/13_05_2022/ann13.05.2022-05-50-01.json’

     0K                                                       100% 12.7M=0s

2022-05-13 05:50:02 (12.7 MB/s) - ‘/root/process_mining/announcements/data/13_05_2022/ann13.05.2022-05-50-01.json’ saved [60/60]

--2022-05-13 06:00:01--  https://files.cloudgdansk.pl/d/otwarte-dane/ztm/bsk.json
Resolving files.cloudgdansk.pl (files.cloudgdansk.pl)... 153.19.238.147
Connecting to files.cloudgdansk.pl (files.cloudgdansk.pl)|153.19.238.147|:443... connected.
HTTP request sent, awaiting response... 200 OK
Length: 60 [text/plain]
Saving to: ‘/root/process_mining/announcements/data/13_05_2022/ann13.05.2022-06-00-01.json’

     0K                                                       100% 11.7M=0s

2022-05-13 06:00:01 (11.7 MB/s) - ‘/root/process_mining/announcements/data/13_05_2022/ann13.05.2022-06-00-01.json’ saved [60/60]

--2022-05-13 06:10:01--  https://files.cloudgdansk.pl/d/otwarte-dane/ztm/bsk.json
Resolving files.cloudgdansk.pl (files.cloudgdansk.pl)... 153.19.238.147
Connecting to files.cloudgdansk.pl (files.cloudgdansk.pl)|153.19.238.147|:443... connected.
HTTP request sent, awaiting response... 200 OK
Length: 60 [text/plain]
Saving to: ‘/root/process_mining/announcements/data/13_05_2022/ann13.05.2022-06-10-01.json’

     0K                                                       100% 11.5M=0s

2022-05-13 06:10:01 (11.5 MB/s) - ‘/root/process_mining/announcements/data/13_05_2022/ann13.05.2022-06-10-01.json’ saved [60/60]

--2022-05-13 06:20:00--  https://files.cloudgdansk.pl/d/otwarte-dane/ztm/bsk.json
Resolving files.cloudgdansk.pl (files.cloudgdansk.pl)... 153.19.238.147
Connecting to files.cloudgdansk.pl (files.cloudgdansk.pl)|153.19.238.147|:443... connected.
HTTP request sent, awaiting response... 200 OK
Length: 60 [text/plain]
Saving to: ‘/root/process_mining/announcements/data/13_05_2022/ann13.05.2022-06-20-00.json’

     0K                                                       100% 10.4M=0s

2022-05-13 06:20:00 (10.4 MB/s) - ‘/root/process_mining/announcements/data/13_05_2022/ann13.05.2022-06-20-00.json’ saved [60/60]

--2022-05-13 06:30:01--  https://files.cloudgdansk.pl/d/otwarte-dane/ztm/bsk.json
Resolving files.cloudgdansk.pl (files.cloudgdansk.pl)... 153.19.238.147
Connecting to files.cloudgdansk.pl (files.cloudgdansk.pl)|153.19.238.147|:443... connected.
HTTP request sent, awaiting response... 200 OK
Length: 60 [text/plain]
Saving to: ‘/root/process_mining/announcements/data/13_05_2022/ann13.05.2022-06-30-01.json’

     0K                                                       100% 10.6M=0s

2022-05-13 06:30:01 (10.6 MB/s) - ‘/root/process_mining/announcements/data/13_05_2022/ann13.05.2022-06-30-01.json’ saved [60/60]

--2022-05-13 06:40:01--  https://files.cloudgdansk.pl/d/otwarte-dane/ztm/bsk.json
Resolving files.cloudgdansk.pl (files.cloudgdansk.pl)... 153.19.238.147
Connecting to files.cloudgdansk.pl (files.cloudgdansk.pl)|153.19.238.147|:443... connected.
HTTP request sent, awaiting response... 200 OK
Length: 60 [text/plain]
Saving to: ‘/root/process_mining/announcements/data/13_05_2022/ann13.05.2022-06-40-01.json’

     0K                                                       100% 12.2M=0s

2022-05-13 06:40:01 (12.2 MB/s) - ‘/root/process_mining/announcements/data/13_05_2022/ann13.05.2022-06-40-01.json’ saved [60/60]

--2022-05-13 06:50:01--  https://files.cloudgdansk.pl/d/otwarte-dane/ztm/bsk.json
Resolving files.cloudgdansk.pl (files.cloudgdansk.pl)... 153.19.238.147
Connecting to files.cloudgdansk.pl (files.cloudgdansk.pl)|153.19.238.147|:443... connected.
HTTP request sent, awaiting response... 200 OK
Length: 60 [text/plain]
Saving to: ‘/root/process_mining/announcements/data/13_05_2022/ann13.05.2022-06-50-01.json’

     0K                                                       100% 11.8M=0s

2022-05-13 06:50:01 (11.8 MB/s) - ‘/root/process_mining/announcements/data/13_05_2022/ann13.05.2022-06-50-01.json’ saved [60/60]

--2022-05-13 07:00:01--  https://files.cloudgdansk.pl/d/otwarte-dane/ztm/bsk.json
Resolving files.cloudgdansk.pl (files.cloudgdansk.pl)... 153.19.238.147
Connecting to files.cloudgdansk.pl (files.cloudgdansk.pl)|153.19.238.147|:443... connected.
HTTP request sent, awaiting response... 200 OK
Length: 60 [text/plain]
Saving to: ‘/root/process_mining/announcements/data/13_05_2022/ann13.05.2022-07-00-01.json’

     0K                                                       100% 12.4M=0s

2022-05-13 07:00:02 (12.4 MB/s) - ‘/root/process_mining/announcements/data/13_05_2022/ann13.05.2022-07-00-01.json’ saved [60/60]

--2022-05-13 07:10:01--  https://files.cloudgdansk.pl/d/otwarte-dane/ztm/bsk.json
Resolving files.cloudgdansk.pl (files.cloudgdansk.pl)... 153.19.238.147
Connecting to files.cloudgdansk.pl (files.cloudgdansk.pl)|153.19.238.147|:443... connected.
HTTP request sent, awaiting response... 200 OK
Length: 60 [text/plain]
Saving to: ‘/root/process_mining/announcements/data/13_05_2022/ann13.05.2022-07-10-01.json’

     0K                                                       100% 12.1M=0s

2022-05-13 07:10:01 (12.1 MB/s) - ‘/root/process_mining/announcements/data/13_05_2022/ann13.05.2022-07-10-01.json’ saved [60/60]

--2022-05-13 07:20:01--  https://files.cloudgdansk.pl/d/otwarte-dane/ztm/bsk.json
Resolving files.cloudgdansk.pl (files.cloudgdansk.pl)... 153.19.238.147
Connecting to files.cloudgdansk.pl (files.cloudgdansk.pl)|153.19.238.147|:443... connected.
HTTP request sent, awaiting response... 200 OK
Length: 60 [text/plain]
Saving to: ‘/root/process_mining/announcements/data/13_05_2022/ann13.05.2022-07-20-01.json’

     0K                                                       100% 11.7M=0s

2022-05-13 07:20:01 (11.7 MB/s) - ‘/root/process_mining/announcements/data/13_05_2022/ann13.05.2022-07-20-01.json’ saved [60/60]

--2022-05-13 07:30:01--  https://files.cloudgdansk.pl/d/otwarte-dane/ztm/bsk.json
Resolving files.cloudgdansk.pl (files.cloudgdansk.pl)... 153.19.238.147
Connecting to files.cloudgdansk.pl (files.cloudgdansk.pl)|153.19.238.147|:443... connected.
HTTP request sent, awaiting response... 200 OK
Length: 60 [text/plain]
Saving to: ‘/root/process_mining/announcements/data/13_05_2022/ann13.05.2022-07-30-01.json’

     0K                                                       100% 12.2M=0s

2022-05-13 07:30:02 (12.2 MB/s) - ‘/root/process_mining/announcements/data/13_05_2022/ann13.05.2022-07-30-01.json’ saved [60/60]

--2022-05-13 07:40:02--  https://files.cloudgdansk.pl/d/otwarte-dane/ztm/bsk.json
Resolving files.cloudgdansk.pl (files.cloudgdansk.pl)... 153.19.238.147
Connecting to files.cloudgdansk.pl (files.cloudgdansk.pl)|153.19.238.147|:443... connected.
HTTP request sent, awaiting response... 200 OK
Length: 60 [text/plain]
Saving to: ‘/root/process_mining/announcements/data/13_05_2022/ann13.05.2022-07-40-02.json’

     0K                                                       100% 8.22M=0s

2022-05-13 07:40:02 (8.22 MB/s) - ‘/root/process_mining/announcements/data/13_05_2022/ann13.05.2022-07-40-02.json’ saved [60/60]

--2022-05-13 07:50:01--  https://files.cloudgdansk.pl/d/otwarte-dane/ztm/bsk.json
Resolving files.cloudgdansk.pl (files.cloudgdansk.pl)... 153.19.238.147
Connecting to files.cloudgdansk.pl (files.cloudgdansk.pl)|153.19.238.147|:443... connected.
HTTP request sent, awaiting response... 200 OK
Length: 60 [text/plain]
Saving to: ‘/root/process_mining/announcements/data/13_05_2022/ann13.05.2022-07-50-01.json’

     0K                                                       100% 11.5M=0s

2022-05-13 07:50:02 (11.5 MB/s) - ‘/root/process_mining/announcements/data/13_05_2022/ann13.05.2022-07-50-01.json’ saved [60/60]

--2022-05-13 08:00:02--  https://files.cloudgdansk.pl/d/otwarte-dane/ztm/bsk.json
Resolving files.cloudgdansk.pl (files.cloudgdansk.pl)... 153.19.238.147
Connecting to files.cloudgdansk.pl (files.cloudgdansk.pl)|153.19.238.147|:443... connected.
HTTP request sent, awaiting response... 200 OK
Length: 679 [application/json]
Saving to: ‘/root/process_mining/announcements/data/13_05_2022/ann13.05.2022-08-00-02.json’

     0K                                                       100%  138M=0s

2022-05-13 08:00:02 (138 MB/s) - ‘/root/process_mining/announcements/data/13_05_2022/ann13.05.2022-08-00-02.json’ saved [679/679]

--2022-05-13 08:10:00--  https://files.cloudgdansk.pl/d/otwarte-dane/ztm/bsk.json
Resolving files.cloudgdansk.pl (files.cloudgdansk.pl)... 153.19.238.147
Connecting to files.cloudgdansk.pl (files.cloudgdansk.pl)|153.19.238.147|:443... connected.
HTTP request sent, awaiting response... 200 OK
Length: 679 [application/json]
Saving to: ‘/root/process_mining/announcements/data/13_05_2022/ann13.05.2022-08-10-00.json’

     0K                                                       100%  131M=0s

2022-05-13 08:10:00 (131 MB/s) - ‘/root/process_mining/announcements/data/13_05_2022/ann13.05.2022-08-10-00.json’ saved [679/679]

--2022-05-13 08:20:01--  https://files.cloudgdansk.pl/d/otwarte-dane/ztm/bsk.json
Resolving files.cloudgdansk.pl (files.cloudgdansk.pl)... 153.19.238.147
Connecting to files.cloudgdansk.pl (files.cloudgdansk.pl)|153.19.238.147|:443... connected.
HTTP request sent, awaiting response... 200 OK
Length: 679 [application/json]
Saving to: ‘/root/process_mining/announcements/data/13_05_2022/ann13.05.2022-08-20-01.json’

     0K                                                       100%  132M=0s

2022-05-13 08:20:01 (132 MB/s) - ‘/root/process_mining/announcements/data/13_05_2022/ann13.05.2022-08-20-01.json’ saved [679/679]

--2022-05-13 08:30:01--  https://files.cloudgdansk.pl/d/otwarte-dane/ztm/bsk.json
Resolving files.cloudgdansk.pl (files.cloudgdansk.pl)... 153.19.238.147
Connecting to files.cloudgdansk.pl (files.cloudgdansk.pl)|153.19.238.147|:443... connected.
HTTP request sent, awaiting response... 200 OK
Length: 679 [application/json]
Saving to: ‘/root/process_mining/announcements/data/13_05_2022/ann13.05.2022-08-30-01.json’

     0K                                                       100%  137M=0s

2022-05-13 08:30:01 (137 MB/s) - ‘/root/process_mining/announcements/data/13_05_2022/ann13.05.2022-08-30-01.json’ saved [679/679]

--2022-05-13 08:40:00--  https://files.cloudgdansk.pl/d/otwarte-dane/ztm/bsk.json
Resolving files.cloudgdansk.pl (files.cloudgdansk.pl)... 153.19.238.147
Connecting to files.cloudgdansk.pl (files.cloudgdansk.pl)|153.19.238.147|:443... connected.
HTTP request sent, awaiting response... 200 OK
Length: 679 [application/json]
Saving to: ‘/root/process_mining/announcements/data/13_05_2022/ann13.05.2022-08-40-00.json’

     0K                                                       100%  119M=0s

2022-05-13 08:40:00 (119 MB/s) - ‘/root/process_mining/announcements/data/13_05_2022/ann13.05.2022-08-40-00.json’ saved [679/679]

--2022-05-13 08:50:01--  https://files.cloudgdansk.pl/d/otwarte-dane/ztm/bsk.json
Resolving files.cloudgdansk.pl (files.cloudgdansk.pl)... 153.19.238.147
Connecting to files.cloudgdansk.pl (files.cloudgdansk.pl)|153.19.238.147|:443... connected.
HTTP request sent, awaiting response... 200 OK
Length: 679 [application/json]
Saving to: ‘/root/process_mining/announcements/data/13_05_2022/ann13.05.2022-08-50-01.json’

     0K                                                       100%  135M=0s

2022-05-13 08:50:02 (135 MB/s) - ‘/root/process_mining/announcements/data/13_05_2022/ann13.05.2022-08-50-01.json’ saved [679/679]

--2022-05-13 09:00:01--  https://files.cloudgdansk.pl/d/otwarte-dane/ztm/bsk.json
Resolving files.cloudgdansk.pl (files.cloudgdansk.pl)... 153.19.238.147
Connecting to files.cloudgdansk.pl (files.cloudgdansk.pl)|153.19.238.147|:443... connected.
HTTP request sent, awaiting response... 200 OK
Length: 1058 (1.0K) [application/json]
Saving to: ‘/root/process_mining/announcements/data/13_05_2022/ann13.05.2022-09-00-01.json’

     0K .                                                     100%  198M=0s

2022-05-13 09:00:02 (198 MB/s) - ‘/root/process_mining/announcements/data/13_05_2022/ann13.05.2022-09-00-01.json’ saved [1058/1058]

--2022-05-13 09:10:01--  https://files.cloudgdansk.pl/d/otwarte-dane/ztm/bsk.json
Resolving files.cloudgdansk.pl (files.cloudgdansk.pl)... 153.19.238.147
Connecting to files.cloudgdansk.pl (files.cloudgdansk.pl)|153.19.238.147|:443... connected.
HTTP request sent, awaiting response... 200 OK
Length: 1058 (1.0K) [application/json]
Saving to: ‘/root/process_mining/announcements/data/13_05_2022/ann13.05.2022-09-10-01.json’

     0K .                                                     100%  201M=0s

2022-05-13 09:10:01 (201 MB/s) - ‘/root/process_mining/announcements/data/13_05_2022/ann13.05.2022-09-10-01.json’ saved [1058/1058]

--2022-05-13 09:20:01--  https://files.cloudgdansk.pl/d/otwarte-dane/ztm/bsk.json
Resolving files.cloudgdansk.pl (files.cloudgdansk.pl)... 153.19.238.147
Connecting to files.cloudgdansk.pl (files.cloudgdansk.pl)|153.19.238.147|:443... connected.
HTTP request sent, awaiting response... 200 OK
Length: 1477 (1.4K) [application/json]
Saving to: ‘/root/process_mining/announcements/data/13_05_2022/ann13.05.2022-09-20-01.json’

     0K .                                                     100%  256M=0s

2022-05-13 09:20:02 (256 MB/s) - ‘/root/process_mining/announcements/data/13_05_2022/ann13.05.2022-09-20-01.json’ saved [1477/1477]

--2022-05-13 09:30:01--  https://files.cloudgdansk.pl/d/otwarte-dane/ztm/bsk.json
Resolving files.cloudgdansk.pl (files.cloudgdansk.pl)... 153.19.238.147
Connecting to files.cloudgdansk.pl (files.cloudgdansk.pl)|153.19.238.147|:443... connected.
HTTP request sent, awaiting response... 200 OK
Length: 1477 (1.4K) [application/json]
Saving to: ‘/root/process_mining/announcements/data/13_05_2022/ann13.05.2022-09-30-01.json’

     0K .                                                     100%  272M=0s

2022-05-13 09:30:01 (272 MB/s) - ‘/root/process_mining/announcements/data/13_05_2022/ann13.05.2022-09-30-01.json’ saved [1477/1477]

--2022-05-13 09:40:01--  https://files.cloudgdansk.pl/d/otwarte-dane/ztm/bsk.json
Resolving files.cloudgdansk.pl (files.cloudgdansk.pl)... 153.19.238.147
Connecting to files.cloudgdansk.pl (files.cloudgdansk.pl)|153.19.238.147|:443... connected.
HTTP request sent, awaiting response... 200 OK
Length: 1098 (1.1K) [application/json]
Saving to: ‘/root/process_mining/announcements/data/13_05_2022/ann13.05.2022-09-40-01.json’

     0K .                                                     100%  206M=0s

2022-05-13 09:40:01 (206 MB/s) - ‘/root/process_mining/announcements/data/13_05_2022/ann13.05.2022-09-40-01.json’ saved [1098/1098]

--2022-05-13 09:50:01--  https://files.cloudgdansk.pl/d/otwarte-dane/ztm/bsk.json
Resolving files.cloudgdansk.pl (files.cloudgdansk.pl)... 153.19.238.147
Connecting to files.cloudgdansk.pl (files.cloudgdansk.pl)|153.19.238.147|:443... connected.
HTTP request sent, awaiting response... 200 OK
Length: 1098 (1.1K) [application/json]
Saving to: ‘/root/process_mining/announcements/data/13_05_2022/ann13.05.2022-09-50-01.json’

     0K .                                                     100%  188M=0s

2022-05-13 09:50:02 (188 MB/s) - ‘/root/process_mining/announcements/data/13_05_2022/ann13.05.2022-09-50-01.json’ saved [1098/1098]

--2022-05-13 10:00:01--  https://files.cloudgdansk.pl/d/otwarte-dane/ztm/bsk.json
Resolving files.cloudgdansk.pl (files.cloudgdansk.pl)... 153.19.238.147
Connecting to files.cloudgdansk.pl (files.cloudgdansk.pl)|153.19.238.147|:443... connected.
HTTP request sent, awaiting response... 200 OK
Length: 1098 (1.1K) [application/json]
Saving to: ‘/root/process_mining/announcements/data/13_05_2022/ann13.05.2022-10-00-01.json’

     0K .                                                     100%  195M=0s

2022-05-13 10:00:01 (195 MB/s) - ‘/root/process_mining/announcements/data/13_05_2022/ann13.05.2022-10-00-01.json’ saved [1098/1098]

--2022-05-13 10:10:01--  https://files.cloudgdansk.pl/d/otwarte-dane/ztm/bsk.json
Resolving files.cloudgdansk.pl (files.cloudgdansk.pl)... 153.19.238.147
Connecting to files.cloudgdansk.pl (files.cloudgdansk.pl)|153.19.238.147|:443... connected.
HTTP request sent, awaiting response... 200 OK
Length: 1098 (1.1K) [application/json]
Saving to: ‘/root/process_mining/announcements/data/13_05_2022/ann13.05.2022-10-10-01.json’

     0K .                                                     100%  205M=0s

2022-05-13 10:10:02 (205 MB/s) - ‘/root/process_mining/announcements/data/13_05_2022/ann13.05.2022-10-10-01.json’ saved [1098/1098]

--2022-05-13 10:20:01--  https://files.cloudgdansk.pl/d/otwarte-dane/ztm/bsk.json
Resolving files.cloudgdansk.pl (files.cloudgdansk.pl)... 153.19.238.147
Connecting to files.cloudgdansk.pl (files.cloudgdansk.pl)|153.19.238.147|:443... connected.
HTTP request sent, awaiting response... 200 OK
Length: 60 [text/plain]
Saving to: ‘/root/process_mining/announcements/data/13_05_2022/ann13.05.2022-10-20-01.json’

     0K                                                       100% 11.7M=0s

2022-05-13 10:20:02 (11.7 MB/s) - ‘/root/process_mining/announcements/data/13_05_2022/ann13.05.2022-10-20-01.json’ saved [60/60]

--2022-05-13 10:30:01--  https://files.cloudgdansk.pl/d/otwarte-dane/ztm/bsk.json
Resolving files.cloudgdansk.pl (files.cloudgdansk.pl)... 153.19.238.147
Connecting to files.cloudgdansk.pl (files.cloudgdansk.pl)|153.19.238.147|:443... connected.
HTTP request sent, awaiting response... 200 OK
Length: 60 [text/plain]
Saving to: ‘/root/process_mining/announcements/data/13_05_2022/ann13.05.2022-10-30-01.json’

     0K                                                       100% 11.7M=0s

2022-05-13 10:30:02 (11.7 MB/s) - ‘/root/process_mining/announcements/data/13_05_2022/ann13.05.2022-10-30-01.json’ saved [60/60]

--2022-05-13 10:40:01--  https://files.cloudgdansk.pl/d/otwarte-dane/ztm/bsk.json
Resolving files.cloudgdansk.pl (files.cloudgdansk.pl)... 153.19.238.147
Connecting to files.cloudgdansk.pl (files.cloudgdansk.pl)|153.19.238.147|:443... connected.
HTTP request sent, awaiting response... 200 OK
Length: 60 [text/plain]
Saving to: ‘/root/process_mining/announcements/data/13_05_2022/ann13.05.2022-10-40-01.json’

     0K                                                       100% 12.5M=0s

2022-05-13 10:40:01 (12.5 MB/s) - ‘/root/process_mining/announcements/data/13_05_2022/ann13.05.2022-10-40-01.json’ saved [60/60]

--2022-05-13 10:50:02--  https://files.cloudgdansk.pl/d/otwarte-dane/ztm/bsk.json
Resolving files.cloudgdansk.pl (files.cloudgdansk.pl)... 153.19.238.147
Connecting to files.cloudgdansk.pl (files.cloudgdansk.pl)|153.19.238.147|:443... connected.
HTTP request sent, awaiting response... 200 OK
Length: 60 [text/plain]
Saving to: ‘/root/process_mining/announcements/data/13_05_2022/ann13.05.2022-10-50-02.json’

     0K                                                       100% 12.2M=0s

2022-05-13 10:50:02 (12.2 MB/s) - ‘/root/process_mining/announcements/data/13_05_2022/ann13.05.2022-10-50-02.json’ saved [60/60]

--2022-05-13 11:00:01--  https://files.cloudgdansk.pl/d/otwarte-dane/ztm/bsk.json
Resolving files.cloudgdansk.pl (files.cloudgdansk.pl)... 153.19.238.147
Connecting to files.cloudgdansk.pl (files.cloudgdansk.pl)|153.19.238.147|:443... connected.
HTTP request sent, awaiting response... 200 OK
Length: 60 [text/plain]
Saving to: ‘/root/process_mining/announcements/data/13_05_2022/ann13.05.2022-11-00-01.json’

     0K                                                       100% 11.6M=0s

2022-05-13 11:00:02 (11.6 MB/s) - ‘/root/process_mining/announcements/data/13_05_2022/ann13.05.2022-11-00-01.json’ saved [60/60]

--2022-05-13 11:10:02--  https://files.cloudgdansk.pl/d/otwarte-dane/ztm/bsk.json
Resolving files.cloudgdansk.pl (files.cloudgdansk.pl)... 153.19.238.147
Connecting to files.cloudgdansk.pl (files.cloudgdansk.pl)|153.19.238.147|:443... connected.
HTTP request sent, awaiting response... 200 OK
Length: 60 [text/plain]
Saving to: ‘/root/process_mining/announcements/data/13_05_2022/ann13.05.2022-11-10-02.json’

     0K                                                       100% 11.9M=0s

2022-05-13 11:10:02 (11.9 MB/s) - ‘/root/process_mining/announcements/data/13_05_2022/ann13.05.2022-11-10-02.json’ saved [60/60]

--2022-05-13 11:20:01--  https://files.cloudgdansk.pl/d/otwarte-dane/ztm/bsk.json
Resolving files.cloudgdansk.pl (files.cloudgdansk.pl)... 153.19.238.147
Connecting to files.cloudgdansk.pl (files.cloudgdansk.pl)|153.19.238.147|:443... connected.
HTTP request sent, awaiting response... 200 OK
Length: 60 [text/plain]
Saving to: ‘/root/process_mining/announcements/data/13_05_2022/ann13.05.2022-11-20-01.json’

     0K                                                       100% 11.4M=0s

2022-05-13 11:20:01 (11.4 MB/s) - ‘/root/process_mining/announcements/data/13_05_2022/ann13.05.2022-11-20-01.json’ saved [60/60]

--2022-05-13 11:30:01--  https://files.cloudgdansk.pl/d/otwarte-dane/ztm/bsk.json
Resolving files.cloudgdansk.pl (files.cloudgdansk.pl)... 153.19.238.147
Connecting to files.cloudgdansk.pl (files.cloudgdansk.pl)|153.19.238.147|:443... connected.
HTTP request sent, awaiting response... 200 OK
Length: 60 [text/plain]
Saving to: ‘/root/process_mining/announcements/data/13_05_2022/ann13.05.2022-11-30-01.json’

     0K                                                       100% 12.4M=0s

2022-05-13 11:30:02 (12.4 MB/s) - ‘/root/process_mining/announcements/data/13_05_2022/ann13.05.2022-11-30-01.json’ saved [60/60]

--2022-05-13 11:40:02--  https://files.cloudgdansk.pl/d/otwarte-dane/ztm/bsk.json
Resolving files.cloudgdansk.pl (files.cloudgdansk.pl)... 153.19.238.147
Connecting to files.cloudgdansk.pl (files.cloudgdansk.pl)|153.19.238.147|:443... connected.
HTTP request sent, awaiting response... 200 OK
Length: 60 [text/plain]
Saving to: ‘/root/process_mining/announcements/data/13_05_2022/ann13.05.2022-11-40-02.json’

     0K                                                       100% 11.7M=0s

2022-05-13 11:40:02 (11.7 MB/s) - ‘/root/process_mining/announcements/data/13_05_2022/ann13.05.2022-11-40-02.json’ saved [60/60]

--2022-05-13 11:50:01--  https://files.cloudgdansk.pl/d/otwarte-dane/ztm/bsk.json
Resolving files.cloudgdansk.pl (files.cloudgdansk.pl)... 153.19.238.147
Connecting to files.cloudgdansk.pl (files.cloudgdansk.pl)|153.19.238.147|:443... connected.
HTTP request sent, awaiting response... 200 OK
Length: 60 [text/plain]
Saving to: ‘/root/process_mining/announcements/data/13_05_2022/ann13.05.2022-11-50-01.json’

     0K                                                       100% 12.2M=0s

2022-05-13 11:50:01 (12.2 MB/s) - ‘/root/process_mining/announcements/data/13_05_2022/ann13.05.2022-11-50-01.json’ saved [60/60]

--2022-05-13 12:00:00--  https://files.cloudgdansk.pl/d/otwarte-dane/ztm/bsk.json
Resolving files.cloudgdansk.pl (files.cloudgdansk.pl)... 153.19.238.147
Connecting to files.cloudgdansk.pl (files.cloudgdansk.pl)|153.19.238.147|:443... connected.
HTTP request sent, awaiting response... 200 OK
Length: 60 [text/plain]
Saving to: ‘/root/process_mining/announcements/data/13_05_2022/ann13.05.2022-12-00-00.json’

     0K                                                       100% 11.8M=0s

2022-05-13 12:00:00 (11.8 MB/s) - ‘/root/process_mining/announcements/data/13_05_2022/ann13.05.2022-12-00-00.json’ saved [60/60]

--2022-05-13 12:10:01--  https://files.cloudgdansk.pl/d/otwarte-dane/ztm/bsk.json
Resolving files.cloudgdansk.pl (files.cloudgdansk.pl)... 153.19.238.147
Connecting to files.cloudgdansk.pl (files.cloudgdansk.pl)|153.19.238.147|:443... connected.
HTTP request sent, awaiting response... 200 OK
Length: 60 [text/plain]
Saving to: ‘/root/process_mining/announcements/data/13_05_2022/ann13.05.2022-12-10-01.json’

     0K                                                       100% 12.1M=0s

2022-05-13 12:10:01 (12.1 MB/s) - ‘/root/process_mining/announcements/data/13_05_2022/ann13.05.2022-12-10-01.json’ saved [60/60]

--2022-05-13 12:20:01--  https://files.cloudgdansk.pl/d/otwarte-dane/ztm/bsk.json
Resolving files.cloudgdansk.pl (files.cloudgdansk.pl)... 153.19.238.147
Connecting to files.cloudgdansk.pl (files.cloudgdansk.pl)|153.19.238.147|:443... connected.
HTTP request sent, awaiting response... 200 OK
Length: 60 [text/plain]
Saving to: ‘/root/process_mining/announcements/data/13_05_2022/ann13.05.2022-12-20-01.json’

     0K                                                       100% 11.2M=0s

2022-05-13 12:20:01 (11.2 MB/s) - ‘/root/process_mining/announcements/data/13_05_2022/ann13.05.2022-12-20-01.json’ saved [60/60]

--2022-05-13 12:30:01--  https://files.cloudgdansk.pl/d/otwarte-dane/ztm/bsk.json
Resolving files.cloudgdansk.pl (files.cloudgdansk.pl)... 153.19.238.147
Connecting to files.cloudgdansk.pl (files.cloudgdansk.pl)|153.19.238.147|:443... connected.
HTTP request sent, awaiting response... 200 OK
Length: 60 [text/plain]
Saving to: ‘/root/process_mining/announcements/data/13_05_2022/ann13.05.2022-12-30-01.json’

     0K                                                       100% 12.5M=0s

2022-05-13 12:30:02 (12.5 MB/s) - ‘/root/process_mining/announcements/data/13_05_2022/ann13.05.2022-12-30-01.json’ saved [60/60]

--2022-05-13 12:40:01--  https://files.cloudgdansk.pl/d/otwarte-dane/ztm/bsk.json
Resolving files.cloudgdansk.pl (files.cloudgdansk.pl)... 153.19.238.147
Connecting to files.cloudgdansk.pl (files.cloudgdansk.pl)|153.19.238.147|:443... connected.
HTTP request sent, awaiting response... 200 OK
Length: 60 [text/plain]
Saving to: ‘/root/process_mining/announcements/data/13_05_2022/ann13.05.2022-12-40-01.json’

     0K                                                       100% 12.4M=0s

2022-05-13 12:40:02 (12.4 MB/s) - ‘/root/process_mining/announcements/data/13_05_2022/ann13.05.2022-12-40-01.json’ saved [60/60]

--2022-05-13 12:50:01--  https://files.cloudgdansk.pl/d/otwarte-dane/ztm/bsk.json
Resolving files.cloudgdansk.pl (files.cloudgdansk.pl)... 153.19.238.147
Connecting to files.cloudgdansk.pl (files.cloudgdansk.pl)|153.19.238.147|:443... connected.
HTTP request sent, awaiting response... 200 OK
Length: 60 [text/plain]
Saving to: ‘/root/process_mining/announcements/data/13_05_2022/ann13.05.2022-12-50-01.json’

     0K                                                       100% 10.6M=0s

2022-05-13 12:50:02 (10.6 MB/s) - ‘/root/process_mining/announcements/data/13_05_2022/ann13.05.2022-12-50-01.json’ saved [60/60]

--2022-05-13 13:00:01--  https://files.cloudgdansk.pl/d/otwarte-dane/ztm/bsk.json
Resolving files.cloudgdansk.pl (files.cloudgdansk.pl)... 153.19.238.147
Connecting to files.cloudgdansk.pl (files.cloudgdansk.pl)|153.19.238.147|:443... connected.
HTTP request sent, awaiting response... 200 OK
Length: 60 [text/plain]
Saving to: ‘/root/process_mining/announcements/data/13_05_2022/ann13.05.2022-13-00-01.json’

     0K                                                       100% 12.3M=0s

2022-05-13 13:00:02 (12.3 MB/s) - ‘/root/process_mining/announcements/data/13_05_2022/ann13.05.2022-13-00-01.json’ saved [60/60]

--2022-05-13 13:10:01--  https://files.cloudgdansk.pl/d/otwarte-dane/ztm/bsk.json
Resolving files.cloudgdansk.pl (files.cloudgdansk.pl)... 153.19.238.147
Connecting to files.cloudgdansk.pl (files.cloudgdansk.pl)|153.19.238.147|:443... connected.
HTTP request sent, awaiting response... 200 OK
Length: 60 [text/plain]
Saving to: ‘/root/process_mining/announcements/data/13_05_2022/ann13.05.2022-13-10-01.json’

     0K                                                       100% 12.3M=0s

2022-05-13 13:10:02 (12.3 MB/s) - ‘/root/process_mining/announcements/data/13_05_2022/ann13.05.2022-13-10-01.json’ saved [60/60]

--2022-05-13 13:20:01--  https://files.cloudgdansk.pl/d/otwarte-dane/ztm/bsk.json
Resolving files.cloudgdansk.pl (files.cloudgdansk.pl)... 153.19.238.147
Connecting to files.cloudgdansk.pl (files.cloudgdansk.pl)|153.19.238.147|:443... connected.
HTTP request sent, awaiting response... 200 OK
Length: 60 [text/plain]
Saving to: ‘/root/process_mining/announcements/data/13_05_2022/ann13.05.2022-13-20-01.json’

     0K                                                       100% 10.5M=0s

2022-05-13 13:20:01 (10.5 MB/s) - ‘/root/process_mining/announcements/data/13_05_2022/ann13.05.2022-13-20-01.json’ saved [60/60]

--2022-05-13 13:30:01--  https://files.cloudgdansk.pl/d/otwarte-dane/ztm/bsk.json
Resolving files.cloudgdansk.pl (files.cloudgdansk.pl)... 153.19.238.147
Connecting to files.cloudgdansk.pl (files.cloudgdansk.pl)|153.19.238.147|:443... connected.
HTTP request sent, awaiting response... 200 OK
Length: 60 [text/plain]
Saving to: ‘/root/process_mining/announcements/data/13_05_2022/ann13.05.2022-13-30-01.json’

     0K                                                       100% 11.9M=0s

2022-05-13 13:30:02 (11.9 MB/s) - ‘/root/process_mining/announcements/data/13_05_2022/ann13.05.2022-13-30-01.json’ saved [60/60]

--2022-05-13 13:40:01--  https://files.cloudgdansk.pl/d/otwarte-dane/ztm/bsk.json
Resolving files.cloudgdansk.pl (files.cloudgdansk.pl)... 153.19.238.147
Connecting to files.cloudgdansk.pl (files.cloudgdansk.pl)|153.19.238.147|:443... connected.
HTTP request sent, awaiting response... 200 OK
Length: 60 [text/plain]
Saving to: ‘/root/process_mining/announcements/data/13_05_2022/ann13.05.2022-13-40-01.json’

     0K                                                       100% 11.3M=0s

2022-05-13 13:40:01 (11.3 MB/s) - ‘/root/process_mining/announcements/data/13_05_2022/ann13.05.2022-13-40-01.json’ saved [60/60]

--2022-05-13 13:50:01--  https://files.cloudgdansk.pl/d/otwarte-dane/ztm/bsk.json
Resolving files.cloudgdansk.pl (files.cloudgdansk.pl)... 153.19.238.147
Connecting to files.cloudgdansk.pl (files.cloudgdansk.pl)|153.19.238.147|:443... connected.
HTTP request sent, awaiting response... 200 OK
Length: 60 [text/plain]
Saving to: ‘/root/process_mining/announcements/data/13_05_2022/ann13.05.2022-13-50-01.json’

     0K                                                       100% 10.1M=0s

2022-05-13 13:50:02 (10.1 MB/s) - ‘/root/process_mining/announcements/data/13_05_2022/ann13.05.2022-13-50-01.json’ saved [60/60]

--2022-05-13 14:00:01--  https://files.cloudgdansk.pl/d/otwarte-dane/ztm/bsk.json
Resolving files.cloudgdansk.pl (files.cloudgdansk.pl)... 153.19.238.147
Connecting to files.cloudgdansk.pl (files.cloudgdansk.pl)|153.19.238.147|:443... connected.
HTTP request sent, awaiting response... 200 OK
Length: 60 [text/plain]
Saving to: ‘/root/process_mining/announcements/data/13_05_2022/ann13.05.2022-14-00-01.json’

     0K                                                       100% 13.2M=0s

2022-05-13 14:00:02 (13.2 MB/s) - ‘/root/process_mining/announcements/data/13_05_2022/ann13.05.2022-14-00-01.json’ saved [60/60]

--2022-05-13 14:10:01--  https://files.cloudgdansk.pl/d/otwarte-dane/ztm/bsk.json
Resolving files.cloudgdansk.pl (files.cloudgdansk.pl)... 153.19.238.147
Connecting to files.cloudgdansk.pl (files.cloudgdansk.pl)|153.19.238.147|:443... connected.
HTTP request sent, awaiting response... 200 OK
Length: 60 [text/plain]
Saving to: ‘/root/process_mining/announcements/data/13_05_2022/ann13.05.2022-14-10-01.json’

     0K                                                       100% 11.4M=0s

2022-05-13 14:10:02 (11.4 MB/s) - ‘/root/process_mining/announcements/data/13_05_2022/ann13.05.2022-14-10-01.json’ saved [60/60]

--2022-05-13 14:20:00--  https://files.cloudgdansk.pl/d/otwarte-dane/ztm/bsk.json
Resolving files.cloudgdansk.pl (files.cloudgdansk.pl)... 153.19.238.147
Connecting to files.cloudgdansk.pl (files.cloudgdansk.pl)|153.19.238.147|:443... connected.
HTTP request sent, awaiting response... 200 OK
Length: 60 [text/plain]
Saving to: ‘/root/process_mining/announcements/data/13_05_2022/ann13.05.2022-14-20-00.json’

     0K                                                       100% 12.4M=0s

2022-05-13 14:20:00 (12.4 MB/s) - ‘/root/process_mining/announcements/data/13_05_2022/ann13.05.2022-14-20-00.json’ saved [60/60]

--2022-05-13 14:30:01--  https://files.cloudgdansk.pl/d/otwarte-dane/ztm/bsk.json
Resolving files.cloudgdansk.pl (files.cloudgdansk.pl)... 153.19.238.147
Connecting to files.cloudgdansk.pl (files.cloudgdansk.pl)|153.19.238.147|:443... connected.
HTTP request sent, awaiting response... 200 OK
Length: 60 [text/plain]
Saving to: ‘/root/process_mining/announcements/data/13_05_2022/ann13.05.2022-14-30-01.json’

     0K                                                       100% 12.8M=0s

2022-05-13 14:30:02 (12.8 MB/s) - ‘/root/process_mining/announcements/data/13_05_2022/ann13.05.2022-14-30-01.json’ saved [60/60]

--2022-05-13 14:40:00--  https://files.cloudgdansk.pl/d/otwarte-dane/ztm/bsk.json
Resolving files.cloudgdansk.pl (files.cloudgdansk.pl)... 153.19.238.147
Connecting to files.cloudgdansk.pl (files.cloudgdansk.pl)|153.19.238.147|:443... connected.
HTTP request sent, awaiting response... 200 OK
Length: 60 [text/plain]
Saving to: ‘/root/process_mining/announcements/data/13_05_2022/ann13.05.2022-14-40-00.json’

     0K                                                       100% 12.0M=0s

2022-05-13 14:40:00 (12.0 MB/s) - ‘/root/process_mining/announcements/data/13_05_2022/ann13.05.2022-14-40-00.json’ saved [60/60]

--2022-05-13 14:50:01--  https://files.cloudgdansk.pl/d/otwarte-dane/ztm/bsk.json
Resolving files.cloudgdansk.pl (files.cloudgdansk.pl)... 153.19.238.147
Connecting to files.cloudgdansk.pl (files.cloudgdansk.pl)|153.19.238.147|:443... connected.
HTTP request sent, awaiting response... 200 OK
Length: 60 [text/plain]
Saving to: ‘/root/process_mining/announcements/data/13_05_2022/ann13.05.2022-14-50-01.json’

     0K                                                       100% 12.7M=0s

2022-05-13 14:50:04 (12.7 MB/s) - ‘/root/process_mining/announcements/data/13_05_2022/ann13.05.2022-14-50-01.json’ saved [60/60]

--2022-05-13 15:00:00--  https://files.cloudgdansk.pl/d/otwarte-dane/ztm/bsk.json
Resolving files.cloudgdansk.pl (files.cloudgdansk.pl)... 153.19.238.147
Connecting to files.cloudgdansk.pl (files.cloudgdansk.pl)|153.19.238.147|:443... connected.
HTTP request sent, awaiting response... 200 OK
Length: 60 [text/plain]
Saving to: ‘/root/process_mining/announcements/data/13_05_2022/ann13.05.2022-15-00-00.json’

     0K                                                       100% 12.7M=0s

2022-05-13 15:00:00 (12.7 MB/s) - ‘/root/process_mining/announcements/data/13_05_2022/ann13.05.2022-15-00-00.json’ saved [60/60]

--2022-05-13 15:10:00--  https://files.cloudgdansk.pl/d/otwarte-dane/ztm/bsk.json
Resolving files.cloudgdansk.pl (files.cloudgdansk.pl)... 153.19.238.147
Connecting to files.cloudgdansk.pl (files.cloudgdansk.pl)|153.19.238.147|:443... connected.
HTTP request sent, awaiting response... 200 OK
Length: 60 [text/plain]
Saving to: ‘/root/process_mining/announcements/data/13_05_2022/ann13.05.2022-15-10-00.json’

     0K                                                       100% 10.1M=0s

2022-05-13 15:10:00 (10.1 MB/s) - ‘/root/process_mining/announcements/data/13_05_2022/ann13.05.2022-15-10-00.json’ saved [60/60]

--2022-05-13 15:20:00--  https://files.cloudgdansk.pl/d/otwarte-dane/ztm/bsk.json
Resolving files.cloudgdansk.pl (files.cloudgdansk.pl)... 153.19.238.147
Connecting to files.cloudgdansk.pl (files.cloudgdansk.pl)|153.19.238.147|:443... connected.
HTTP request sent, awaiting response... 200 OK
Length: 60 [text/plain]
Saving to: ‘/root/process_mining/announcements/data/13_05_2022/ann13.05.2022-15-20-00.json’

     0K                                                       100% 10.9M=0s

2022-05-13 15:20:00 (10.9 MB/s) - ‘/root/process_mining/announcements/data/13_05_2022/ann13.05.2022-15-20-00.json’ saved [60/60]

--2022-05-13 15:30:00--  https://files.cloudgdansk.pl/d/otwarte-dane/ztm/bsk.json
Resolving files.cloudgdansk.pl (files.cloudgdansk.pl)... 153.19.238.147
Connecting to files.cloudgdansk.pl (files.cloudgdansk.pl)|153.19.238.147|:443... connected.
HTTP request sent, awaiting response... 200 OK
Length: 60 [text/plain]
Saving to: ‘/root/process_mining/announcements/data/13_05_2022/ann13.05.2022-15-30-00.json’

     0K                                                       100% 9.40M=0s

2022-05-13 15:30:00 (9.40 MB/s) - ‘/root/process_mining/announcements/data/13_05_2022/ann13.05.2022-15-30-00.json’ saved [60/60]

--2022-05-13 15:40:01--  https://files.cloudgdansk.pl/d/otwarte-dane/ztm/bsk.json
Resolving files.cloudgdansk.pl (files.cloudgdansk.pl)... 153.19.238.147
Connecting to files.cloudgdansk.pl (files.cloudgdansk.pl)|153.19.238.147|:443... connected.
HTTP request sent, awaiting response... 200 OK
Length: 60 [text/plain]
Saving to: ‘/root/process_mining/announcements/data/13_05_2022/ann13.05.2022-15-40-01.json’

     0K                                                       100% 11.9M=0s

2022-05-13 15:40:01 (11.9 MB/s) - ‘/root/process_mining/announcements/data/13_05_2022/ann13.05.2022-15-40-01.json’ saved [60/60]

--2022-05-13 15:50:01--  https://files.cloudgdansk.pl/d/otwarte-dane/ztm/bsk.json
Resolving files.cloudgdansk.pl (files.cloudgdansk.pl)... 153.19.238.147
Connecting to files.cloudgdansk.pl (files.cloudgdansk.pl)|153.19.238.147|:443... connected.
HTTP request sent, awaiting response... 200 OK
Length: 60 [text/plain]
Saving to: ‘/root/process_mining/announcements/data/13_05_2022/ann13.05.2022-15-50-01.json’

     0K                                                       100% 11.8M=0s

2022-05-13 15:50:01 (11.8 MB/s) - ‘/root/process_mining/announcements/data/13_05_2022/ann13.05.2022-15-50-01.json’ saved [60/60]

--2022-05-13 16:00:01--  https://files.cloudgdansk.pl/d/otwarte-dane/ztm/bsk.json
Resolving files.cloudgdansk.pl (files.cloudgdansk.pl)... 153.19.238.147
Connecting to files.cloudgdansk.pl (files.cloudgdansk.pl)|153.19.238.147|:443... connected.
HTTP request sent, awaiting response... 200 OK
Length: 60 [text/plain]
Saving to: ‘/root/process_mining/announcements/data/13_05_2022/ann13.05.2022-16-00-01.json’

     0K                                                       100% 12.3M=0s

2022-05-13 16:00:01 (12.3 MB/s) - ‘/root/process_mining/announcements/data/13_05_2022/ann13.05.2022-16-00-01.json’ saved [60/60]

--2022-05-13 16:10:01--  https://files.cloudgdansk.pl/d/otwarte-dane/ztm/bsk.json
Resolving files.cloudgdansk.pl (files.cloudgdansk.pl)... 153.19.238.147
Connecting to files.cloudgdansk.pl (files.cloudgdansk.pl)|153.19.238.147|:443... connected.
HTTP request sent, awaiting response... 200 OK
Length: 60 [text/plain]
Saving to: ‘/root/process_mining/announcements/data/13_05_2022/ann13.05.2022-16-10-01.json’

     0K                                                       100% 11.8M=0s

2022-05-13 16:10:02 (11.8 MB/s) - ‘/root/process_mining/announcements/data/13_05_2022/ann13.05.2022-16-10-01.json’ saved [60/60]

--2022-05-13 16:20:00--  https://files.cloudgdansk.pl/d/otwarte-dane/ztm/bsk.json
Resolving files.cloudgdansk.pl (files.cloudgdansk.pl)... 153.19.238.147
Connecting to files.cloudgdansk.pl (files.cloudgdansk.pl)|153.19.238.147|:443... connected.
HTTP request sent, awaiting response... 200 OK
Length: 60 [text/plain]
Saving to: ‘/root/process_mining/announcements/data/13_05_2022/ann13.05.2022-16-20-00.json’

     0K                                                       100% 11.6M=0s

2022-05-13 16:20:00 (11.6 MB/s) - ‘/root/process_mining/announcements/data/13_05_2022/ann13.05.2022-16-20-00.json’ saved [60/60]

--2022-05-13 16:30:01--  https://files.cloudgdansk.pl/d/otwarte-dane/ztm/bsk.json
Resolving files.cloudgdansk.pl (files.cloudgdansk.pl)... 153.19.238.147
Connecting to files.cloudgdansk.pl (files.cloudgdansk.pl)|153.19.238.147|:443... connected.
HTTP request sent, awaiting response... 200 OK
Length: 60 [text/plain]
Saving to: ‘/root/process_mining/announcements/data/13_05_2022/ann13.05.2022-16-30-01.json’

     0K                                                       100% 12.2M=0s

2022-05-13 16:30:01 (12.2 MB/s) - ‘/root/process_mining/announcements/data/13_05_2022/ann13.05.2022-16-30-01.json’ saved [60/60]

--2022-05-13 16:40:01--  https://files.cloudgdansk.pl/d/otwarte-dane/ztm/bsk.json
Resolving files.cloudgdansk.pl (files.cloudgdansk.pl)... 153.19.238.147
Connecting to files.cloudgdansk.pl (files.cloudgdansk.pl)|153.19.238.147|:443... connected.
HTTP request sent, awaiting response... 200 OK
Length: 60 [text/plain]
Saving to: ‘/root/process_mining/announcements/data/13_05_2022/ann13.05.2022-16-40-01.json’

     0K                                                       100% 9.52M=0s

2022-05-13 16:40:01 (9.52 MB/s) - ‘/root/process_mining/announcements/data/13_05_2022/ann13.05.2022-16-40-01.json’ saved [60/60]

--2022-05-13 16:50:01--  https://files.cloudgdansk.pl/d/otwarte-dane/ztm/bsk.json
Resolving files.cloudgdansk.pl (files.cloudgdansk.pl)... 153.19.238.147
Connecting to files.cloudgdansk.pl (files.cloudgdansk.pl)|153.19.238.147|:443... connected.
HTTP request sent, awaiting response... 200 OK
Length: 60 [text/plain]
Saving to: ‘/root/process_mining/announcements/data/13_05_2022/ann13.05.2022-16-50-01.json’

     0K                                                       100% 13.0M=0s

2022-05-13 16:50:01 (13.0 MB/s) - ‘/root/process_mining/announcements/data/13_05_2022/ann13.05.2022-16-50-01.json’ saved [60/60]

--2022-05-13 17:00:01--  https://files.cloudgdansk.pl/d/otwarte-dane/ztm/bsk.json
Resolving files.cloudgdansk.pl (files.cloudgdansk.pl)... 153.19.238.147
Connecting to files.cloudgdansk.pl (files.cloudgdansk.pl)|153.19.238.147|:443... connected.
HTTP request sent, awaiting response... 200 OK
Length: 60 [text/plain]
Saving to: ‘/root/process_mining/announcements/data/13_05_2022/ann13.05.2022-17-00-01.json’

     0K                                                       100% 13.0M=0s

2022-05-13 17:00:02 (13.0 MB/s) - ‘/root/process_mining/announcements/data/13_05_2022/ann13.05.2022-17-00-01.json’ saved [60/60]

--2022-05-13 17:10:01--  https://files.cloudgdansk.pl/d/otwarte-dane/ztm/bsk.json
Resolving files.cloudgdansk.pl (files.cloudgdansk.pl)... 153.19.238.147
Connecting to files.cloudgdansk.pl (files.cloudgdansk.pl)|153.19.238.147|:443... connected.
HTTP request sent, awaiting response... 200 OK
Length: 60 [text/plain]
Saving to: ‘/root/process_mining/announcements/data/13_05_2022/ann13.05.2022-17-10-01.json’

     0K                                                       100% 11.9M=0s

2022-05-13 17:10:02 (11.9 MB/s) - ‘/root/process_mining/announcements/data/13_05_2022/ann13.05.2022-17-10-01.json’ saved [60/60]

--2022-05-13 17:20:01--  https://files.cloudgdansk.pl/d/otwarte-dane/ztm/bsk.json
Resolving files.cloudgdansk.pl (files.cloudgdansk.pl)... 153.19.238.147
Connecting to files.cloudgdansk.pl (files.cloudgdansk.pl)|153.19.238.147|:443... connected.
HTTP request sent, awaiting response... 200 OK
Length: 60 [text/plain]
Saving to: ‘/root/process_mining/announcements/data/13_05_2022/ann13.05.2022-17-20-01.json’

     0K                                                       100% 13.4M=0s

2022-05-13 17:20:02 (13.4 MB/s) - ‘/root/process_mining/announcements/data/13_05_2022/ann13.05.2022-17-20-01.json’ saved [60/60]

--2022-05-13 17:30:01--  https://files.cloudgdansk.pl/d/otwarte-dane/ztm/bsk.json
Resolving files.cloudgdansk.pl (files.cloudgdansk.pl)... 153.19.238.147
Connecting to files.cloudgdansk.pl (files.cloudgdansk.pl)|153.19.238.147|:443... connected.
HTTP request sent, awaiting response... 200 OK
Length: 60 [text/plain]
Saving to: ‘/root/process_mining/announcements/data/13_05_2022/ann13.05.2022-17-30-01.json’

     0K                                                       100% 12.7M=0s

2022-05-13 17:30:02 (12.7 MB/s) - ‘/root/process_mining/announcements/data/13_05_2022/ann13.05.2022-17-30-01.json’ saved [60/60]

--2022-05-13 17:40:01--  https://files.cloudgdansk.pl/d/otwarte-dane/ztm/bsk.json
Resolving files.cloudgdansk.pl (files.cloudgdansk.pl)... 153.19.238.147
Connecting to files.cloudgdansk.pl (files.cloudgdansk.pl)|153.19.238.147|:443... connected.
HTTP request sent, awaiting response... 200 OK
Length: 60 [text/plain]
Saving to: ‘/root/process_mining/announcements/data/13_05_2022/ann13.05.2022-17-40-01.json’

     0K                                                       100% 10.2M=0s

2022-05-13 17:40:02 (10.2 MB/s) - ‘/root/process_mining/announcements/data/13_05_2022/ann13.05.2022-17-40-01.json’ saved [60/60]

--2022-05-13 17:50:01--  https://files.cloudgdansk.pl/d/otwarte-dane/ztm/bsk.json
Resolving files.cloudgdansk.pl (files.cloudgdansk.pl)... 153.19.238.147
Connecting to files.cloudgdansk.pl (files.cloudgdansk.pl)|153.19.238.147|:443... connected.
HTTP request sent, awaiting response... 200 OK
Length: 60 [text/plain]
Saving to: ‘/root/process_mining/announcements/data/13_05_2022/ann13.05.2022-17-50-01.json’

     0K                                                       100% 11.5M=0s

2022-05-13 17:50:02 (11.5 MB/s) - ‘/root/process_mining/announcements/data/13_05_2022/ann13.05.2022-17-50-01.json’ saved [60/60]

--2022-05-13 18:00:01--  https://files.cloudgdansk.pl/d/otwarte-dane/ztm/bsk.json
Resolving files.cloudgdansk.pl (files.cloudgdansk.pl)... 153.19.238.147
Connecting to files.cloudgdansk.pl (files.cloudgdansk.pl)|153.19.238.147|:443... connected.
HTTP request sent, awaiting response... 200 OK
Length: 60 [text/plain]
Saving to: ‘/root/process_mining/announcements/data/13_05_2022/ann13.05.2022-18-00-01.json’

     0K                                                       100% 11.5M=0s

2022-05-13 18:00:01 (11.5 MB/s) - ‘/root/process_mining/announcements/data/13_05_2022/ann13.05.2022-18-00-01.json’ saved [60/60]

--2022-05-13 18:10:01--  https://files.cloudgdansk.pl/d/otwarte-dane/ztm/bsk.json
Resolving files.cloudgdansk.pl (files.cloudgdansk.pl)... 153.19.238.147
Connecting to files.cloudgdansk.pl (files.cloudgdansk.pl)|153.19.238.147|:443... connected.
HTTP request sent, awaiting response... 200 OK
Length: 60 [text/plain]
Saving to: ‘/root/process_mining/announcements/data/13_05_2022/ann13.05.2022-18-10-01.json’

     0K                                                       100% 11.9M=0s

2022-05-13 18:10:01 (11.9 MB/s) - ‘/root/process_mining/announcements/data/13_05_2022/ann13.05.2022-18-10-01.json’ saved [60/60]

--2022-05-13 18:20:01--  https://files.cloudgdansk.pl/d/otwarte-dane/ztm/bsk.json
Resolving files.cloudgdansk.pl (files.cloudgdansk.pl)... 153.19.238.147
Connecting to files.cloudgdansk.pl (files.cloudgdansk.pl)|153.19.238.147|:443... connected.
HTTP request sent, awaiting response... 200 OK
Length: 60 [text/plain]
Saving to: ‘/root/process_mining/announcements/data/13_05_2022/ann13.05.2022-18-20-01.json’

     0K                                                       100% 7.89M=0s

2022-05-13 18:20:02 (7.89 MB/s) - ‘/root/process_mining/announcements/data/13_05_2022/ann13.05.2022-18-20-01.json’ saved [60/60]

--2022-05-13 18:30:01--  https://files.cloudgdansk.pl/d/otwarte-dane/ztm/bsk.json
Resolving files.cloudgdansk.pl (files.cloudgdansk.pl)... 153.19.238.147
Connecting to files.cloudgdansk.pl (files.cloudgdansk.pl)|153.19.238.147|:443... connected.
HTTP request sent, awaiting response... 200 OK
Length: 60 [text/plain]
Saving to: ‘/root/process_mining/announcements/data/13_05_2022/ann13.05.2022-18-30-01.json’

     0K                                                       100% 12.1M=0s

2022-05-13 18:30:02 (12.1 MB/s) - ‘/root/process_mining/announcements/data/13_05_2022/ann13.05.2022-18-30-01.json’ saved [60/60]

--2022-05-13 18:40:01--  https://files.cloudgdansk.pl/d/otwarte-dane/ztm/bsk.json
Resolving files.cloudgdansk.pl (files.cloudgdansk.pl)... 153.19.238.147
Connecting to files.cloudgdansk.pl (files.cloudgdansk.pl)|153.19.238.147|:443... connected.
HTTP request sent, awaiting response... 200 OK
Length: 60 [text/plain]
Saving to: ‘/root/process_mining/announcements/data/13_05_2022/ann13.05.2022-18-40-01.json’

     0K                                                       100% 11.3M=0s

2022-05-13 18:40:02 (11.3 MB/s) - ‘/root/process_mining/announcements/data/13_05_2022/ann13.05.2022-18-40-01.json’ saved [60/60]

--2022-05-13 18:50:00--  https://files.cloudgdansk.pl/d/otwarte-dane/ztm/bsk.json
Resolving files.cloudgdansk.pl (files.cloudgdansk.pl)... 153.19.238.147
Connecting to files.cloudgdansk.pl (files.cloudgdansk.pl)|153.19.238.147|:443... connected.
HTTP request sent, awaiting response... 200 OK
Length: 60 [text/plain]
Saving to: ‘/root/process_mining/announcements/data/13_05_2022/ann13.05.2022-18-50-00.json’

     0K                                                       100% 12.6M=0s

2022-05-13 18:50:00 (12.6 MB/s) - ‘/root/process_mining/announcements/data/13_05_2022/ann13.05.2022-18-50-00.json’ saved [60/60]

--2022-05-13 19:00:01--  https://files.cloudgdansk.pl/d/otwarte-dane/ztm/bsk.json
Resolving files.cloudgdansk.pl (files.cloudgdansk.pl)... 153.19.238.147
Connecting to files.cloudgdansk.pl (files.cloudgdansk.pl)|153.19.238.147|:443... connected.
HTTP request sent, awaiting response... 200 OK
Length: 60 [text/plain]
Saving to: ‘/root/process_mining/announcements/data/13_05_2022/ann13.05.2022-19-00-01.json’

     0K                                                       100% 12.1M=0s

2022-05-13 19:00:01 (12.1 MB/s) - ‘/root/process_mining/announcements/data/13_05_2022/ann13.05.2022-19-00-01.json’ saved [60/60]

--2022-05-13 19:10:01--  https://files.cloudgdansk.pl/d/otwarte-dane/ztm/bsk.json
Resolving files.cloudgdansk.pl (files.cloudgdansk.pl)... 153.19.238.147
Connecting to files.cloudgdansk.pl (files.cloudgdansk.pl)|153.19.238.147|:443... connected.
HTTP request sent, awaiting response... 200 OK
Length: 60 [text/plain]
Saving to: ‘/root/process_mining/announcements/data/13_05_2022/ann13.05.2022-19-10-01.json’

     0K                                                       100% 8.87M=0s

2022-05-13 19:10:02 (8.87 MB/s) - ‘/root/process_mining/announcements/data/13_05_2022/ann13.05.2022-19-10-01.json’ saved [60/60]

--2022-05-13 19:20:01--  https://files.cloudgdansk.pl/d/otwarte-dane/ztm/bsk.json
Resolving files.cloudgdansk.pl (files.cloudgdansk.pl)... 153.19.238.147
Connecting to files.cloudgdansk.pl (files.cloudgdansk.pl)|153.19.238.147|:443... connected.
HTTP request sent, awaiting response... 200 OK
Length: 60 [text/plain]
Saving to: ‘/root/process_mining/announcements/data/13_05_2022/ann13.05.2022-19-20-01.json’

     0K                                                       100% 10.2M=0s

2022-05-13 19:20:02 (10.2 MB/s) - ‘/root/process_mining/announcements/data/13_05_2022/ann13.05.2022-19-20-01.json’ saved [60/60]

--2022-05-13 19:30:00--  https://files.cloudgdansk.pl/d/otwarte-dane/ztm/bsk.json
Resolving files.cloudgdansk.pl (files.cloudgdansk.pl)... 153.19.238.147
Connecting to files.cloudgdansk.pl (files.cloudgdansk.pl)|153.19.238.147|:443... connected.
HTTP request sent, awaiting response... 200 OK
Length: 60 [text/plain]
Saving to: ‘/root/process_mining/announcements/data/13_05_2022/ann13.05.2022-19-30-00.json’

     0K                                                       100% 11.6M=0s

2022-05-13 19:30:00 (11.6 MB/s) - ‘/root/process_mining/announcements/data/13_05_2022/ann13.05.2022-19-30-00.json’ saved [60/60]

--2022-05-13 19:40:01--  https://files.cloudgdansk.pl/d/otwarte-dane/ztm/bsk.json
Resolving files.cloudgdansk.pl (files.cloudgdansk.pl)... 153.19.238.147
Connecting to files.cloudgdansk.pl (files.cloudgdansk.pl)|153.19.238.147|:443... connected.
HTTP request sent, awaiting response... 200 OK
Length: 60 [text/plain]
Saving to: ‘/root/process_mining/announcements/data/13_05_2022/ann13.05.2022-19-40-01.json’

     0K                                                       100% 12.0M=0s

2022-05-13 19:40:02 (12.0 MB/s) - ‘/root/process_mining/announcements/data/13_05_2022/ann13.05.2022-19-40-01.json’ saved [60/60]

--2022-05-13 19:50:00--  https://files.cloudgdansk.pl/d/otwarte-dane/ztm/bsk.json
Resolving files.cloudgdansk.pl (files.cloudgdansk.pl)... 153.19.238.147
Connecting to files.cloudgdansk.pl (files.cloudgdansk.pl)|153.19.238.147|:443... connected.
HTTP request sent, awaiting response... 200 OK
Length: 60 [text/plain]
Saving to: ‘/root/process_mining/announcements/data/13_05_2022/ann13.05.2022-19-50-00.json’

     0K                                                       100% 12.4M=0s

2022-05-13 19:50:00 (12.4 MB/s) - ‘/root/process_mining/announcements/data/13_05_2022/ann13.05.2022-19-50-00.json’ saved [60/60]

--2022-05-13 20:00:01--  https://files.cloudgdansk.pl/d/otwarte-dane/ztm/bsk.json
Resolving files.cloudgdansk.pl (files.cloudgdansk.pl)... 153.19.238.147
Connecting to files.cloudgdansk.pl (files.cloudgdansk.pl)|153.19.238.147|:443... connected.
HTTP request sent, awaiting response... 200 OK
Length: 60 [text/plain]
Saving to: ‘/root/process_mining/announcements/data/13_05_2022/ann13.05.2022-20-00-01.json’

     0K                                                       100% 12.6M=0s

2022-05-13 20:00:01 (12.6 MB/s) - ‘/root/process_mining/announcements/data/13_05_2022/ann13.05.2022-20-00-01.json’ saved [60/60]

--2022-05-13 20:10:00--  https://files.cloudgdansk.pl/d/otwarte-dane/ztm/bsk.json
Resolving files.cloudgdansk.pl (files.cloudgdansk.pl)... 153.19.238.147
Connecting to files.cloudgdansk.pl (files.cloudgdansk.pl)|153.19.238.147|:443... connected.
HTTP request sent, awaiting response... 200 OK
Length: 60 [text/plain]
Saving to: ‘/root/process_mining/announcements/data/13_05_2022/ann13.05.2022-20-10-00.json’

     0K                                                       100% 12.6M=0s

2022-05-13 20:10:00 (12.6 MB/s) - ‘/root/process_mining/announcements/data/13_05_2022/ann13.05.2022-20-10-00.json’ saved [60/60]

--2022-05-13 20:20:00--  https://files.cloudgdansk.pl/d/otwarte-dane/ztm/bsk.json
Resolving files.cloudgdansk.pl (files.cloudgdansk.pl)... 153.19.238.147
Connecting to files.cloudgdansk.pl (files.cloudgdansk.pl)|153.19.238.147|:443... connected.
HTTP request sent, awaiting response... 200 OK
Length: 60 [text/plain]
Saving to: ‘/root/process_mining/announcements/data/13_05_2022/ann13.05.2022-20-20-00.json’

     0K                                                       100% 12.5M=0s

2022-05-13 20:20:00 (12.5 MB/s) - ‘/root/process_mining/announcements/data/13_05_2022/ann13.05.2022-20-20-00.json’ saved [60/60]

--2022-05-13 20:30:00--  https://files.cloudgdansk.pl/d/otwarte-dane/ztm/bsk.json
Resolving files.cloudgdansk.pl (files.cloudgdansk.pl)... 153.19.238.147
Connecting to files.cloudgdansk.pl (files.cloudgdansk.pl)|153.19.238.147|:443... connected.
HTTP request sent, awaiting response... 200 OK
Length: 60 [text/plain]
Saving to: ‘/root/process_mining/announcements/data/13_05_2022/ann13.05.2022-20-30-00.json’

     0K                                                       100% 12.7M=0s

2022-05-13 20:30:01 (12.7 MB/s) - ‘/root/process_mining/announcements/data/13_05_2022/ann13.05.2022-20-30-00.json’ saved [60/60]

--2022-05-13 20:40:00--  https://files.cloudgdansk.pl/d/otwarte-dane/ztm/bsk.json
Resolving files.cloudgdansk.pl (files.cloudgdansk.pl)... 153.19.238.147
Connecting to files.cloudgdansk.pl (files.cloudgdansk.pl)|153.19.238.147|:443... connected.
HTTP request sent, awaiting response... 200 OK
Length: 60 [text/plain]
Saving to: ‘/root/process_mining/announcements/data/13_05_2022/ann13.05.2022-20-40-00.json’

     0K                                                       100% 12.4M=0s

2022-05-13 20:40:00 (12.4 MB/s) - ‘/root/process_mining/announcements/data/13_05_2022/ann13.05.2022-20-40-00.json’ saved [60/60]

--2022-05-13 20:50:02--  https://files.cloudgdansk.pl/d/otwarte-dane/ztm/bsk.json
Resolving files.cloudgdansk.pl (files.cloudgdansk.pl)... 153.19.238.147
Connecting to files.cloudgdansk.pl (files.cloudgdansk.pl)|153.19.238.147|:443... connected.
HTTP request sent, awaiting response... 200 OK
Length: 60 [text/plain]
Saving to: ‘/root/process_mining/announcements/data/13_05_2022/ann13.05.2022-20-50-02.json’

     0K                                                       100% 12.3M=0s

2022-05-13 20:50:02 (12.3 MB/s) - ‘/root/process_mining/announcements/data/13_05_2022/ann13.05.2022-20-50-02.json’ saved [60/60]

