--2022-04-17 00:00:01--  https://files.cloudgdansk.pl/d/otwarte-dane/ztm/bsk.json
Resolving files.cloudgdansk.pl (files.cloudgdansk.pl)... 153.19.238.147
Connecting to files.cloudgdansk.pl (files.cloudgdansk.pl)|153.19.238.147|:443... connected.
HTTP request sent, awaiting response... 200 OK
Length: 2779 (2.7K) [application/json]
Saving to: ‘/root/process_mining/announcements/data/17_04_2022/ann17.04.2022-00-00-01.json’

     0K ..                                                    100%  514M=0s

2022-04-17 00:00:02 (514 MB/s) - ‘/root/process_mining/announcements/data/17_04_2022/ann17.04.2022-00-00-01.json’ saved [2779/2779]

--2022-04-17 00:10:01--  https://files.cloudgdansk.pl/d/otwarte-dane/ztm/bsk.json
Resolving files.cloudgdansk.pl (files.cloudgdansk.pl)... 153.19.238.147
Connecting to files.cloudgdansk.pl (files.cloudgdansk.pl)|153.19.238.147|:443... connected.
HTTP request sent, awaiting response... 200 OK
Length: 2779 (2.7K) [application/json]
Saving to: ‘/root/process_mining/announcements/data/17_04_2022/ann17.04.2022-00-10-01.json’

     0K ..                                                    100%  482M=0s

2022-04-17 00:10:02 (482 MB/s) - ‘/root/process_mining/announcements/data/17_04_2022/ann17.04.2022-00-10-01.json’ saved [2779/2779]

--2022-04-17 00:20:01--  https://files.cloudgdansk.pl/d/otwarte-dane/ztm/bsk.json
Resolving files.cloudgdansk.pl (files.cloudgdansk.pl)... 153.19.238.147
Connecting to files.cloudgdansk.pl (files.cloudgdansk.pl)|153.19.238.147|:443... connected.
HTTP request sent, awaiting response... 200 OK
Length: 2779 (2.7K) [application/json]
Saving to: ‘/root/process_mining/announcements/data/17_04_2022/ann17.04.2022-00-20-01.json’

     0K ..                                                    100%  490M=0s

2022-04-17 00:20:02 (490 MB/s) - ‘/root/process_mining/announcements/data/17_04_2022/ann17.04.2022-00-20-01.json’ saved [2779/2779]

--2022-04-17 00:30:01--  https://files.cloudgdansk.pl/d/otwarte-dane/ztm/bsk.json
Resolving files.cloudgdansk.pl (files.cloudgdansk.pl)... 153.19.238.147
Connecting to files.cloudgdansk.pl (files.cloudgdansk.pl)|153.19.238.147|:443... connected.
HTTP request sent, awaiting response... 200 OK
Length: 2779 (2.7K) [application/json]
Saving to: ‘/root/process_mining/announcements/data/17_04_2022/ann17.04.2022-00-30-01.json’

     0K ..                                                    100%  518M=0s

2022-04-17 00:30:01 (518 MB/s) - ‘/root/process_mining/announcements/data/17_04_2022/ann17.04.2022-00-30-01.json’ saved [2779/2779]

--2022-04-17 00:40:01--  https://files.cloudgdansk.pl/d/otwarte-dane/ztm/bsk.json
Resolving files.cloudgdansk.pl (files.cloudgdansk.pl)... 153.19.238.147
Connecting to files.cloudgdansk.pl (files.cloudgdansk.pl)|153.19.238.147|:443... connected.
HTTP request sent, awaiting response... 200 OK
Length: 2779 (2.7K) [application/json]
Saving to: ‘/root/process_mining/announcements/data/17_04_2022/ann17.04.2022-00-40-01.json’

     0K ..                                                    100%  522M=0s

2022-04-17 00:40:01 (522 MB/s) - ‘/root/process_mining/announcements/data/17_04_2022/ann17.04.2022-00-40-01.json’ saved [2779/2779]

--2022-04-17 00:50:01--  https://files.cloudgdansk.pl/d/otwarte-dane/ztm/bsk.json
Resolving files.cloudgdansk.pl (files.cloudgdansk.pl)... 153.19.238.147
Connecting to files.cloudgdansk.pl (files.cloudgdansk.pl)|153.19.238.147|:443... connected.
HTTP request sent, awaiting response... 200 OK
Length: 2779 (2.7K) [application/json]
Saving to: ‘/root/process_mining/announcements/data/17_04_2022/ann17.04.2022-00-50-01.json’

     0K ..                                                    100%  517M=0s

2022-04-17 00:50:02 (517 MB/s) - ‘/root/process_mining/announcements/data/17_04_2022/ann17.04.2022-00-50-01.json’ saved [2779/2779]

--2022-04-17 01:00:01--  https://files.cloudgdansk.pl/d/otwarte-dane/ztm/bsk.json
Resolving files.cloudgdansk.pl (files.cloudgdansk.pl)... 153.19.238.147
Connecting to files.cloudgdansk.pl (files.cloudgdansk.pl)|153.19.238.147|:443... connected.
HTTP request sent, awaiting response... 200 OK
Length: 2779 (2.7K) [application/json]
Saving to: ‘/root/process_mining/announcements/data/17_04_2022/ann17.04.2022-01-00-01.json’

     0K ..                                                    100%  507M=0s

2022-04-17 01:00:01 (507 MB/s) - ‘/root/process_mining/announcements/data/17_04_2022/ann17.04.2022-01-00-01.json’ saved [2779/2779]

--2022-04-17 01:10:01--  https://files.cloudgdansk.pl/d/otwarte-dane/ztm/bsk.json
Resolving files.cloudgdansk.pl (files.cloudgdansk.pl)... 153.19.238.147
Connecting to files.cloudgdansk.pl (files.cloudgdansk.pl)|153.19.238.147|:443... connected.
HTTP request sent, awaiting response... 200 OK
Length: 2779 (2.7K) [application/json]
Saving to: ‘/root/process_mining/announcements/data/17_04_2022/ann17.04.2022-01-10-01.json’

     0K ..                                                    100%  443M=0s

2022-04-17 01:10:01 (443 MB/s) - ‘/root/process_mining/announcements/data/17_04_2022/ann17.04.2022-01-10-01.json’ saved [2779/2779]

--2022-04-17 01:20:01--  https://files.cloudgdansk.pl/d/otwarte-dane/ztm/bsk.json
Resolving files.cloudgdansk.pl (files.cloudgdansk.pl)... 153.19.238.147
Connecting to files.cloudgdansk.pl (files.cloudgdansk.pl)|153.19.238.147|:443... connected.
HTTP request sent, awaiting response... 200 OK
Length: 2779 (2.7K) [application/json]
Saving to: ‘/root/process_mining/announcements/data/17_04_2022/ann17.04.2022-01-20-01.json’

     0K ..                                                    100%  191M=0s

2022-04-17 01:20:02 (191 MB/s) - ‘/root/process_mining/announcements/data/17_04_2022/ann17.04.2022-01-20-01.json’ saved [2779/2779]

--2022-04-17 01:30:01--  https://files.cloudgdansk.pl/d/otwarte-dane/ztm/bsk.json
Resolving files.cloudgdansk.pl (files.cloudgdansk.pl)... 153.19.238.147
Connecting to files.cloudgdansk.pl (files.cloudgdansk.pl)|153.19.238.147|:443... connected.
HTTP request sent, awaiting response... 200 OK
Length: 2779 (2.7K) [application/json]
Saving to: ‘/root/process_mining/announcements/data/17_04_2022/ann17.04.2022-01-30-01.json’

     0K ..                                                    100%  509M=0s

2022-04-17 01:30:02 (509 MB/s) - ‘/root/process_mining/announcements/data/17_04_2022/ann17.04.2022-01-30-01.json’ saved [2779/2779]

--2022-04-17 01:40:01--  https://files.cloudgdansk.pl/d/otwarte-dane/ztm/bsk.json
Resolving files.cloudgdansk.pl (files.cloudgdansk.pl)... 153.19.238.147
Connecting to files.cloudgdansk.pl (files.cloudgdansk.pl)|153.19.238.147|:443... connected.
HTTP request sent, awaiting response... 200 OK
Length: 2779 (2.7K) [application/json]
Saving to: ‘/root/process_mining/announcements/data/17_04_2022/ann17.04.2022-01-40-01.json’

     0K ..                                                    100%  455M=0s

2022-04-17 01:40:01 (455 MB/s) - ‘/root/process_mining/announcements/data/17_04_2022/ann17.04.2022-01-40-01.json’ saved [2779/2779]

--2022-04-17 01:50:01--  https://files.cloudgdansk.pl/d/otwarte-dane/ztm/bsk.json
Resolving files.cloudgdansk.pl (files.cloudgdansk.pl)... 153.19.238.147
Connecting to files.cloudgdansk.pl (files.cloudgdansk.pl)|153.19.238.147|:443... connected.
HTTP request sent, awaiting response... 200 OK
Length: 2779 (2.7K) [application/json]
Saving to: ‘/root/process_mining/announcements/data/17_04_2022/ann17.04.2022-01-50-01.json’

     0K ..                                                    100%  497M=0s

2022-04-17 01:50:01 (497 MB/s) - ‘/root/process_mining/announcements/data/17_04_2022/ann17.04.2022-01-50-01.json’ saved [2779/2779]

--2022-04-17 02:00:01--  https://files.cloudgdansk.pl/d/otwarte-dane/ztm/bsk.json
Resolving files.cloudgdansk.pl (files.cloudgdansk.pl)... 153.19.238.147
Connecting to files.cloudgdansk.pl (files.cloudgdansk.pl)|153.19.238.147|:443... connected.
HTTP request sent, awaiting response... 200 OK
Length: 2779 (2.7K) [application/json]
Saving to: ‘/root/process_mining/announcements/data/17_04_2022/ann17.04.2022-02-00-01.json’

     0K ..                                                    100%  392M=0s

2022-04-17 02:00:02 (392 MB/s) - ‘/root/process_mining/announcements/data/17_04_2022/ann17.04.2022-02-00-01.json’ saved [2779/2779]

--2022-04-17 02:10:01--  https://files.cloudgdansk.pl/d/otwarte-dane/ztm/bsk.json
Resolving files.cloudgdansk.pl (files.cloudgdansk.pl)... 153.19.238.147
Connecting to files.cloudgdansk.pl (files.cloudgdansk.pl)|153.19.238.147|:443... connected.
HTTP request sent, awaiting response... 200 OK
Length: 2779 (2.7K) [application/json]
Saving to: ‘/root/process_mining/announcements/data/17_04_2022/ann17.04.2022-02-10-01.json’

     0K ..                                                    100%  455M=0s

2022-04-17 02:10:01 (455 MB/s) - ‘/root/process_mining/announcements/data/17_04_2022/ann17.04.2022-02-10-01.json’ saved [2779/2779]

--2022-04-17 02:20:01--  https://files.cloudgdansk.pl/d/otwarte-dane/ztm/bsk.json
Resolving files.cloudgdansk.pl (files.cloudgdansk.pl)... 153.19.238.147
Connecting to files.cloudgdansk.pl (files.cloudgdansk.pl)|153.19.238.147|:443... connected.
HTTP request sent, awaiting response... 200 OK
Length: 2779 (2.7K) [application/json]
Saving to: ‘/root/process_mining/announcements/data/17_04_2022/ann17.04.2022-02-20-01.json’

     0K ..                                                    100%  478M=0s

2022-04-17 02:20:01 (478 MB/s) - ‘/root/process_mining/announcements/data/17_04_2022/ann17.04.2022-02-20-01.json’ saved [2779/2779]

--2022-04-17 02:30:01--  https://files.cloudgdansk.pl/d/otwarte-dane/ztm/bsk.json
Resolving files.cloudgdansk.pl (files.cloudgdansk.pl)... 153.19.238.147
Connecting to files.cloudgdansk.pl (files.cloudgdansk.pl)|153.19.238.147|:443... connected.
HTTP request sent, awaiting response... 200 OK
Length: 2779 (2.7K) [application/json]
Saving to: ‘/root/process_mining/announcements/data/17_04_2022/ann17.04.2022-02-30-01.json’

     0K ..                                                    100%  465M=0s

2022-04-17 02:30:01 (465 MB/s) - ‘/root/process_mining/announcements/data/17_04_2022/ann17.04.2022-02-30-01.json’ saved [2779/2779]

--2022-04-17 02:40:01--  https://files.cloudgdansk.pl/d/otwarte-dane/ztm/bsk.json
Resolving files.cloudgdansk.pl (files.cloudgdansk.pl)... 153.19.238.147
Connecting to files.cloudgdansk.pl (files.cloudgdansk.pl)|153.19.238.147|:443... connected.
HTTP request sent, awaiting response... 200 OK
Length: 2779 (2.7K) [application/json]
Saving to: ‘/root/process_mining/announcements/data/17_04_2022/ann17.04.2022-02-40-01.json’

     0K ..                                                    100%  471M=0s

2022-04-17 02:40:02 (471 MB/s) - ‘/root/process_mining/announcements/data/17_04_2022/ann17.04.2022-02-40-01.json’ saved [2779/2779]

--2022-04-17 02:50:01--  https://files.cloudgdansk.pl/d/otwarte-dane/ztm/bsk.json
Resolving files.cloudgdansk.pl (files.cloudgdansk.pl)... 153.19.238.147
Connecting to files.cloudgdansk.pl (files.cloudgdansk.pl)|153.19.238.147|:443... connected.
HTTP request sent, awaiting response... 200 OK
Length: 2779 (2.7K) [application/json]
Saving to: ‘/root/process_mining/announcements/data/17_04_2022/ann17.04.2022-02-50-01.json’

     0K ..                                                    100%  463M=0s

2022-04-17 02:50:01 (463 MB/s) - ‘/root/process_mining/announcements/data/17_04_2022/ann17.04.2022-02-50-01.json’ saved [2779/2779]

--2022-04-17 03:00:01--  https://files.cloudgdansk.pl/d/otwarte-dane/ztm/bsk.json
Resolving files.cloudgdansk.pl (files.cloudgdansk.pl)... 153.19.238.147
Connecting to files.cloudgdansk.pl (files.cloudgdansk.pl)|153.19.238.147|:443... connected.
HTTP request sent, awaiting response... 200 OK
Length: 2779 (2.7K) [application/json]
Saving to: ‘/root/process_mining/announcements/data/17_04_2022/ann17.04.2022-03-00-01.json’

     0K ..                                                    100%  447M=0s

2022-04-17 03:00:01 (447 MB/s) - ‘/root/process_mining/announcements/data/17_04_2022/ann17.04.2022-03-00-01.json’ saved [2779/2779]

--2022-04-17 03:10:01--  https://files.cloudgdansk.pl/d/otwarte-dane/ztm/bsk.json
Resolving files.cloudgdansk.pl (files.cloudgdansk.pl)... 153.19.238.147
Connecting to files.cloudgdansk.pl (files.cloudgdansk.pl)|153.19.238.147|:443... connected.
HTTP request sent, awaiting response... 200 OK
Length: 2779 (2.7K) [application/json]
Saving to: ‘/root/process_mining/announcements/data/17_04_2022/ann17.04.2022-03-10-01.json’

     0K ..                                                    100%  401M=0s

2022-04-17 03:10:01 (401 MB/s) - ‘/root/process_mining/announcements/data/17_04_2022/ann17.04.2022-03-10-01.json’ saved [2779/2779]

--2022-04-17 03:20:01--  https://files.cloudgdansk.pl/d/otwarte-dane/ztm/bsk.json
Resolving files.cloudgdansk.pl (files.cloudgdansk.pl)... 153.19.238.147
Connecting to files.cloudgdansk.pl (files.cloudgdansk.pl)|153.19.238.147|:443... connected.
HTTP request sent, awaiting response... 200 OK
Length: 2779 (2.7K) [application/json]
Saving to: ‘/root/process_mining/announcements/data/17_04_2022/ann17.04.2022-03-20-01.json’

     0K ..                                                    100%  470M=0s

2022-04-17 03:20:01 (470 MB/s) - ‘/root/process_mining/announcements/data/17_04_2022/ann17.04.2022-03-20-01.json’ saved [2779/2779]

--2022-04-17 03:30:01--  https://files.cloudgdansk.pl/d/otwarte-dane/ztm/bsk.json
Resolving files.cloudgdansk.pl (files.cloudgdansk.pl)... 153.19.238.147
Connecting to files.cloudgdansk.pl (files.cloudgdansk.pl)|153.19.238.147|:443... connected.
HTTP request sent, awaiting response... 200 OK
Length: 2779 (2.7K) [application/json]
Saving to: ‘/root/process_mining/announcements/data/17_04_2022/ann17.04.2022-03-30-01.json’

     0K ..                                                    100%  493M=0s

2022-04-17 03:30:01 (493 MB/s) - ‘/root/process_mining/announcements/data/17_04_2022/ann17.04.2022-03-30-01.json’ saved [2779/2779]

--2022-04-17 03:40:01--  https://files.cloudgdansk.pl/d/otwarte-dane/ztm/bsk.json
Resolving files.cloudgdansk.pl (files.cloudgdansk.pl)... 153.19.238.147
Connecting to files.cloudgdansk.pl (files.cloudgdansk.pl)|153.19.238.147|:443... connected.
HTTP request sent, awaiting response... 200 OK
Length: 2779 (2.7K) [application/json]
Saving to: ‘/root/process_mining/announcements/data/17_04_2022/ann17.04.2022-03-40-01.json’

     0K ..                                                    100%  475M=0s

2022-04-17 03:40:01 (475 MB/s) - ‘/root/process_mining/announcements/data/17_04_2022/ann17.04.2022-03-40-01.json’ saved [2779/2779]

--2022-04-17 03:50:01--  https://files.cloudgdansk.pl/d/otwarte-dane/ztm/bsk.json
Resolving files.cloudgdansk.pl (files.cloudgdansk.pl)... 153.19.238.147
Connecting to files.cloudgdansk.pl (files.cloudgdansk.pl)|153.19.238.147|:443... connected.
HTTP request sent, awaiting response... 200 OK
Length: 2779 (2.7K) [application/json]
Saving to: ‘/root/process_mining/announcements/data/17_04_2022/ann17.04.2022-03-50-01.json’

     0K ..                                                    100%  518M=0s

2022-04-17 03:50:02 (518 MB/s) - ‘/root/process_mining/announcements/data/17_04_2022/ann17.04.2022-03-50-01.json’ saved [2779/2779]

--2022-04-17 04:00:01--  https://files.cloudgdansk.pl/d/otwarte-dane/ztm/bsk.json
Resolving files.cloudgdansk.pl (files.cloudgdansk.pl)... 153.19.238.147
Connecting to files.cloudgdansk.pl (files.cloudgdansk.pl)|153.19.238.147|:443... connected.
HTTP request sent, awaiting response... 200 OK
Length: 2779 (2.7K) [application/json]
Saving to: ‘/root/process_mining/announcements/data/17_04_2022/ann17.04.2022-04-00-01.json’

     0K ..                                                    100%  511M=0s

2022-04-17 04:00:02 (511 MB/s) - ‘/root/process_mining/announcements/data/17_04_2022/ann17.04.2022-04-00-01.json’ saved [2779/2779]

--2022-04-17 04:10:01--  https://files.cloudgdansk.pl/d/otwarte-dane/ztm/bsk.json
Resolving files.cloudgdansk.pl (files.cloudgdansk.pl)... 153.19.238.147
Connecting to files.cloudgdansk.pl (files.cloudgdansk.pl)|153.19.238.147|:443... connected.
HTTP request sent, awaiting response... 200 OK
Length: 2779 (2.7K) [application/json]
Saving to: ‘/root/process_mining/announcements/data/17_04_2022/ann17.04.2022-04-10-01.json’

     0K ..                                                    100%  485M=0s

2022-04-17 04:10:01 (485 MB/s) - ‘/root/process_mining/announcements/data/17_04_2022/ann17.04.2022-04-10-01.json’ saved [2779/2779]

--2022-04-17 04:20:01--  https://files.cloudgdansk.pl/d/otwarte-dane/ztm/bsk.json
Resolving files.cloudgdansk.pl (files.cloudgdansk.pl)... 153.19.238.147
Connecting to files.cloudgdansk.pl (files.cloudgdansk.pl)|153.19.238.147|:443... connected.
HTTP request sent, awaiting response... 200 OK
Length: 2779 (2.7K) [application/json]
Saving to: ‘/root/process_mining/announcements/data/17_04_2022/ann17.04.2022-04-20-01.json’

     0K ..                                                    100%  469M=0s

2022-04-17 04:20:01 (469 MB/s) - ‘/root/process_mining/announcements/data/17_04_2022/ann17.04.2022-04-20-01.json’ saved [2779/2779]

--2022-04-17 04:30:01--  https://files.cloudgdansk.pl/d/otwarte-dane/ztm/bsk.json
Resolving files.cloudgdansk.pl (files.cloudgdansk.pl)... 153.19.238.147
Connecting to files.cloudgdansk.pl (files.cloudgdansk.pl)|153.19.238.147|:443... connected.
HTTP request sent, awaiting response... 200 OK
Length: 2779 (2.7K) [application/json]
Saving to: ‘/root/process_mining/announcements/data/17_04_2022/ann17.04.2022-04-30-01.json’

     0K ..                                                    100%  497M=0s

2022-04-17 04:30:01 (497 MB/s) - ‘/root/process_mining/announcements/data/17_04_2022/ann17.04.2022-04-30-01.json’ saved [2779/2779]

--2022-04-17 04:40:01--  https://files.cloudgdansk.pl/d/otwarte-dane/ztm/bsk.json
Resolving files.cloudgdansk.pl (files.cloudgdansk.pl)... 153.19.238.147
Connecting to files.cloudgdansk.pl (files.cloudgdansk.pl)|153.19.238.147|:443... connected.
HTTP request sent, awaiting response... 200 OK
Length: 2779 (2.7K) [application/json]
Saving to: ‘/root/process_mining/announcements/data/17_04_2022/ann17.04.2022-04-40-01.json’

     0K ..                                                    100%  542M=0s

2022-04-17 04:40:02 (542 MB/s) - ‘/root/process_mining/announcements/data/17_04_2022/ann17.04.2022-04-40-01.json’ saved [2779/2779]

--2022-04-17 04:50:01--  https://files.cloudgdansk.pl/d/otwarte-dane/ztm/bsk.json
Resolving files.cloudgdansk.pl (files.cloudgdansk.pl)... 153.19.238.147
Connecting to files.cloudgdansk.pl (files.cloudgdansk.pl)|153.19.238.147|:443... connected.
HTTP request sent, awaiting response... 200 OK
Length: 2779 (2.7K) [application/json]
Saving to: ‘/root/process_mining/announcements/data/17_04_2022/ann17.04.2022-04-50-01.json’

     0K ..                                                    100%  482M=0s

2022-04-17 04:50:01 (482 MB/s) - ‘/root/process_mining/announcements/data/17_04_2022/ann17.04.2022-04-50-01.json’ saved [2779/2779]

--2022-04-17 05:00:01--  https://files.cloudgdansk.pl/d/otwarte-dane/ztm/bsk.json
Resolving files.cloudgdansk.pl (files.cloudgdansk.pl)... 153.19.238.147
Connecting to files.cloudgdansk.pl (files.cloudgdansk.pl)|153.19.238.147|:443... connected.
HTTP request sent, awaiting response... 200 OK
Length: 2779 (2.7K) [application/json]
Saving to: ‘/root/process_mining/announcements/data/17_04_2022/ann17.04.2022-05-00-01.json’

     0K ..                                                    100%  464M=0s

2022-04-17 05:00:01 (464 MB/s) - ‘/root/process_mining/announcements/data/17_04_2022/ann17.04.2022-05-00-01.json’ saved [2779/2779]

--2022-04-17 05:10:01--  https://files.cloudgdansk.pl/d/otwarte-dane/ztm/bsk.json
Resolving files.cloudgdansk.pl (files.cloudgdansk.pl)... 153.19.238.147
Connecting to files.cloudgdansk.pl (files.cloudgdansk.pl)|153.19.238.147|:443... connected.
HTTP request sent, awaiting response... 200 OK
Length: 2779 (2.7K) [application/json]
Saving to: ‘/root/process_mining/announcements/data/17_04_2022/ann17.04.2022-05-10-01.json’

     0K ..                                                    100%  462M=0s

2022-04-17 05:10:01 (462 MB/s) - ‘/root/process_mining/announcements/data/17_04_2022/ann17.04.2022-05-10-01.json’ saved [2779/2779]

--2022-04-17 05:20:01--  https://files.cloudgdansk.pl/d/otwarte-dane/ztm/bsk.json
Resolving files.cloudgdansk.pl (files.cloudgdansk.pl)... 153.19.238.147
Connecting to files.cloudgdansk.pl (files.cloudgdansk.pl)|153.19.238.147|:443... connected.
HTTP request sent, awaiting response... 200 OK
Length: 2779 (2.7K) [application/json]
Saving to: ‘/root/process_mining/announcements/data/17_04_2022/ann17.04.2022-05-20-01.json’

     0K ..                                                    100%  495M=0s

2022-04-17 05:20:02 (495 MB/s) - ‘/root/process_mining/announcements/data/17_04_2022/ann17.04.2022-05-20-01.json’ saved [2779/2779]

--2022-04-17 05:30:01--  https://files.cloudgdansk.pl/d/otwarte-dane/ztm/bsk.json
Resolving files.cloudgdansk.pl (files.cloudgdansk.pl)... 153.19.238.147
Connecting to files.cloudgdansk.pl (files.cloudgdansk.pl)|153.19.238.147|:443... connected.
HTTP request sent, awaiting response... 200 OK
Length: 2779 (2.7K) [application/json]
Saving to: ‘/root/process_mining/announcements/data/17_04_2022/ann17.04.2022-05-30-01.json’

     0K ..                                                    100%  527M=0s

2022-04-17 05:30:01 (527 MB/s) - ‘/root/process_mining/announcements/data/17_04_2022/ann17.04.2022-05-30-01.json’ saved [2779/2779]

--2022-04-17 05:40:01--  https://files.cloudgdansk.pl/d/otwarte-dane/ztm/bsk.json
Resolving files.cloudgdansk.pl (files.cloudgdansk.pl)... 153.19.238.147
Connecting to files.cloudgdansk.pl (files.cloudgdansk.pl)|153.19.238.147|:443... connected.
HTTP request sent, awaiting response... 200 OK
Length: 2779 (2.7K) [application/json]
Saving to: ‘/root/process_mining/announcements/data/17_04_2022/ann17.04.2022-05-40-01.json’

     0K ..                                                    100%  427M=0s

2022-04-17 05:40:01 (427 MB/s) - ‘/root/process_mining/announcements/data/17_04_2022/ann17.04.2022-05-40-01.json’ saved [2779/2779]

--2022-04-17 05:50:01--  https://files.cloudgdansk.pl/d/otwarte-dane/ztm/bsk.json
Resolving files.cloudgdansk.pl (files.cloudgdansk.pl)... 153.19.238.147
Connecting to files.cloudgdansk.pl (files.cloudgdansk.pl)|153.19.238.147|:443... connected.
HTTP request sent, awaiting response... 200 OK
Length: 2779 (2.7K) [application/json]
Saving to: ‘/root/process_mining/announcements/data/17_04_2022/ann17.04.2022-05-50-01.json’

     0K ..                                                    100%  503M=0s

2022-04-17 05:50:02 (503 MB/s) - ‘/root/process_mining/announcements/data/17_04_2022/ann17.04.2022-05-50-01.json’ saved [2779/2779]

--2022-04-17 06:00:01--  https://files.cloudgdansk.pl/d/otwarte-dane/ztm/bsk.json
Resolving files.cloudgdansk.pl (files.cloudgdansk.pl)... 153.19.238.147
Connecting to files.cloudgdansk.pl (files.cloudgdansk.pl)|153.19.238.147|:443... connected.
HTTP request sent, awaiting response... 200 OK
Length: 2779 (2.7K) [application/json]
Saving to: ‘/root/process_mining/announcements/data/17_04_2022/ann17.04.2022-06-00-01.json’

     0K ..                                                    100%  501M=0s

2022-04-17 06:00:01 (501 MB/s) - ‘/root/process_mining/announcements/data/17_04_2022/ann17.04.2022-06-00-01.json’ saved [2779/2779]

--2022-04-17 06:10:01--  https://files.cloudgdansk.pl/d/otwarte-dane/ztm/bsk.json
Resolving files.cloudgdansk.pl (files.cloudgdansk.pl)... 153.19.238.147
Connecting to files.cloudgdansk.pl (files.cloudgdansk.pl)|153.19.238.147|:443... connected.
HTTP request sent, awaiting response... 200 OK
Length: 2779 (2.7K) [application/json]
Saving to: ‘/root/process_mining/announcements/data/17_04_2022/ann17.04.2022-06-10-01.json’

     0K ..                                                    100%  505M=0s

2022-04-17 06:10:01 (505 MB/s) - ‘/root/process_mining/announcements/data/17_04_2022/ann17.04.2022-06-10-01.json’ saved [2779/2779]

--2022-04-17 06:20:01--  https://files.cloudgdansk.pl/d/otwarte-dane/ztm/bsk.json
Resolving files.cloudgdansk.pl (files.cloudgdansk.pl)... 153.19.238.147
Connecting to files.cloudgdansk.pl (files.cloudgdansk.pl)|153.19.238.147|:443... connected.
HTTP request sent, awaiting response... 200 OK
Length: 2779 (2.7K) [application/json]
Saving to: ‘/root/process_mining/announcements/data/17_04_2022/ann17.04.2022-06-20-01.json’

     0K ..                                                    100%  487M=0s

2022-04-17 06:20:01 (487 MB/s) - ‘/root/process_mining/announcements/data/17_04_2022/ann17.04.2022-06-20-01.json’ saved [2779/2779]

--2022-04-17 06:30:01--  https://files.cloudgdansk.pl/d/otwarte-dane/ztm/bsk.json
Resolving files.cloudgdansk.pl (files.cloudgdansk.pl)... 153.19.238.147
Connecting to files.cloudgdansk.pl (files.cloudgdansk.pl)|153.19.238.147|:443... connected.
HTTP request sent, awaiting response... 200 OK
Length: 2779 (2.7K) [application/json]
Saving to: ‘/root/process_mining/announcements/data/17_04_2022/ann17.04.2022-06-30-01.json’

     0K ..                                                    100%  492M=0s

2022-04-17 06:30:01 (492 MB/s) - ‘/root/process_mining/announcements/data/17_04_2022/ann17.04.2022-06-30-01.json’ saved [2779/2779]

--2022-04-17 06:40:01--  https://files.cloudgdansk.pl/d/otwarte-dane/ztm/bsk.json
Resolving files.cloudgdansk.pl (files.cloudgdansk.pl)... 153.19.238.147
Connecting to files.cloudgdansk.pl (files.cloudgdansk.pl)|153.19.238.147|:443... connected.
HTTP request sent, awaiting response... 200 OK
Length: 2779 (2.7K) [application/json]
Saving to: ‘/root/process_mining/announcements/data/17_04_2022/ann17.04.2022-06-40-01.json’

     0K ..                                                    100%  452M=0s

2022-04-17 06:40:02 (452 MB/s) - ‘/root/process_mining/announcements/data/17_04_2022/ann17.04.2022-06-40-01.json’ saved [2779/2779]

--2022-04-17 06:50:01--  https://files.cloudgdansk.pl/d/otwarte-dane/ztm/bsk.json
Resolving files.cloudgdansk.pl (files.cloudgdansk.pl)... 153.19.238.147
Connecting to files.cloudgdansk.pl (files.cloudgdansk.pl)|153.19.238.147|:443... connected.
HTTP request sent, awaiting response... 200 OK
Length: 2779 (2.7K) [application/json]
Saving to: ‘/root/process_mining/announcements/data/17_04_2022/ann17.04.2022-06-50-01.json’

     0K ..                                                    100%  356M=0s

2022-04-17 06:50:02 (356 MB/s) - ‘/root/process_mining/announcements/data/17_04_2022/ann17.04.2022-06-50-01.json’ saved [2779/2779]

--2022-04-17 07:00:01--  https://files.cloudgdansk.pl/d/otwarte-dane/ztm/bsk.json
Resolving files.cloudgdansk.pl (files.cloudgdansk.pl)... 153.19.238.147
Connecting to files.cloudgdansk.pl (files.cloudgdansk.pl)|153.19.238.147|:443... connected.
HTTP request sent, awaiting response... 200 OK
Length: 2779 (2.7K) [application/json]
Saving to: ‘/root/process_mining/announcements/data/17_04_2022/ann17.04.2022-07-00-01.json’

     0K ..                                                    100%  495M=0s

2022-04-17 07:00:01 (495 MB/s) - ‘/root/process_mining/announcements/data/17_04_2022/ann17.04.2022-07-00-01.json’ saved [2779/2779]

--2022-04-17 07:10:01--  https://files.cloudgdansk.pl/d/otwarte-dane/ztm/bsk.json
Resolving files.cloudgdansk.pl (files.cloudgdansk.pl)... 153.19.238.147
Connecting to files.cloudgdansk.pl (files.cloudgdansk.pl)|153.19.238.147|:443... connected.
HTTP request sent, awaiting response... 200 OK
Length: 2779 (2.7K) [application/json]
Saving to: ‘/root/process_mining/announcements/data/17_04_2022/ann17.04.2022-07-10-01.json’

     0K ..                                                    100%  496M=0s

2022-04-17 07:10:02 (496 MB/s) - ‘/root/process_mining/announcements/data/17_04_2022/ann17.04.2022-07-10-01.json’ saved [2779/2779]

--2022-04-17 07:20:01--  https://files.cloudgdansk.pl/d/otwarte-dane/ztm/bsk.json
Resolving files.cloudgdansk.pl (files.cloudgdansk.pl)... 153.19.238.147
Connecting to files.cloudgdansk.pl (files.cloudgdansk.pl)|153.19.238.147|:443... connected.
HTTP request sent, awaiting response... 200 OK
Length: 2779 (2.7K) [application/json]
Saving to: ‘/root/process_mining/announcements/data/17_04_2022/ann17.04.2022-07-20-01.json’

     0K ..                                                    100%  502M=0s

2022-04-17 07:20:01 (502 MB/s) - ‘/root/process_mining/announcements/data/17_04_2022/ann17.04.2022-07-20-01.json’ saved [2779/2779]

--2022-04-17 07:30:01--  https://files.cloudgdansk.pl/d/otwarte-dane/ztm/bsk.json
Resolving files.cloudgdansk.pl (files.cloudgdansk.pl)... 153.19.238.147
Connecting to files.cloudgdansk.pl (files.cloudgdansk.pl)|153.19.238.147|:443... connected.
HTTP request sent, awaiting response... 200 OK
Length: 2779 (2.7K) [application/json]
Saving to: ‘/root/process_mining/announcements/data/17_04_2022/ann17.04.2022-07-30-01.json’

     0K ..                                                    100%  487M=0s

2022-04-17 07:30:02 (487 MB/s) - ‘/root/process_mining/announcements/data/17_04_2022/ann17.04.2022-07-30-01.json’ saved [2779/2779]

--2022-04-17 07:40:01--  https://files.cloudgdansk.pl/d/otwarte-dane/ztm/bsk.json
Resolving files.cloudgdansk.pl (files.cloudgdansk.pl)... 153.19.238.147
Connecting to files.cloudgdansk.pl (files.cloudgdansk.pl)|153.19.238.147|:443... connected.
HTTP request sent, awaiting response... 200 OK
Length: 2779 (2.7K) [application/json]
Saving to: ‘/root/process_mining/announcements/data/17_04_2022/ann17.04.2022-07-40-01.json’

     0K ..                                                    100%  499M=0s

2022-04-17 07:40:02 (499 MB/s) - ‘/root/process_mining/announcements/data/17_04_2022/ann17.04.2022-07-40-01.json’ saved [2779/2779]

--2022-04-17 07:50:01--  https://files.cloudgdansk.pl/d/otwarte-dane/ztm/bsk.json
Resolving files.cloudgdansk.pl (files.cloudgdansk.pl)... 153.19.238.147
Connecting to files.cloudgdansk.pl (files.cloudgdansk.pl)|153.19.238.147|:443... connected.
HTTP request sent, awaiting response... 200 OK
Length: 2779 (2.7K) [application/json]
Saving to: ‘/root/process_mining/announcements/data/17_04_2022/ann17.04.2022-07-50-01.json’

     0K ..                                                    100%  387M=0s

2022-04-17 07:50:01 (387 MB/s) - ‘/root/process_mining/announcements/data/17_04_2022/ann17.04.2022-07-50-01.json’ saved [2779/2779]

--2022-04-17 08:00:01--  https://files.cloudgdansk.pl/d/otwarte-dane/ztm/bsk.json
Resolving files.cloudgdansk.pl (files.cloudgdansk.pl)... 153.19.238.147
Connecting to files.cloudgdansk.pl (files.cloudgdansk.pl)|153.19.238.147|:443... connected.
HTTP request sent, awaiting response... 200 OK
Length: 2779 (2.7K) [application/json]
Saving to: ‘/root/process_mining/announcements/data/17_04_2022/ann17.04.2022-08-00-01.json’

     0K ..                                                    100%  477M=0s

2022-04-17 08:00:02 (477 MB/s) - ‘/root/process_mining/announcements/data/17_04_2022/ann17.04.2022-08-00-01.json’ saved [2779/2779]

--2022-04-17 08:10:01--  https://files.cloudgdansk.pl/d/otwarte-dane/ztm/bsk.json
Resolving files.cloudgdansk.pl (files.cloudgdansk.pl)... 153.19.238.147
Connecting to files.cloudgdansk.pl (files.cloudgdansk.pl)|153.19.238.147|:443... connected.
HTTP request sent, awaiting response... 200 OK
Length: 2779 (2.7K) [application/json]
Saving to: ‘/root/process_mining/announcements/data/17_04_2022/ann17.04.2022-08-10-01.json’

     0K ..                                                    100%  527M=0s

2022-04-17 08:10:02 (527 MB/s) - ‘/root/process_mining/announcements/data/17_04_2022/ann17.04.2022-08-10-01.json’ saved [2779/2779]

--2022-04-17 08:20:01--  https://files.cloudgdansk.pl/d/otwarte-dane/ztm/bsk.json
Resolving files.cloudgdansk.pl (files.cloudgdansk.pl)... 153.19.238.147
Connecting to files.cloudgdansk.pl (files.cloudgdansk.pl)|153.19.238.147|:443... connected.
HTTP request sent, awaiting response... 200 OK
Length: 2779 (2.7K) [application/json]
Saving to: ‘/root/process_mining/announcements/data/17_04_2022/ann17.04.2022-08-20-01.json’

     0K ..                                                    100%  500M=0s

2022-04-17 08:20:02 (500 MB/s) - ‘/root/process_mining/announcements/data/17_04_2022/ann17.04.2022-08-20-01.json’ saved [2779/2779]

--2022-04-17 08:30:01--  https://files.cloudgdansk.pl/d/otwarte-dane/ztm/bsk.json
Resolving files.cloudgdansk.pl (files.cloudgdansk.pl)... 153.19.238.147
Connecting to files.cloudgdansk.pl (files.cloudgdansk.pl)|153.19.238.147|:443... connected.
HTTP request sent, awaiting response... 200 OK
Length: 2779 (2.7K) [application/json]
Saving to: ‘/root/process_mining/announcements/data/17_04_2022/ann17.04.2022-08-30-01.json’

     0K ..                                                    100%  523M=0s

2022-04-17 08:30:01 (523 MB/s) - ‘/root/process_mining/announcements/data/17_04_2022/ann17.04.2022-08-30-01.json’ saved [2779/2779]

--2022-04-17 08:40:01--  https://files.cloudgdansk.pl/d/otwarte-dane/ztm/bsk.json
Resolving files.cloudgdansk.pl (files.cloudgdansk.pl)... 153.19.238.147
Connecting to files.cloudgdansk.pl (files.cloudgdansk.pl)|153.19.238.147|:443... connected.
HTTP request sent, awaiting response... 200 OK
Length: 2779 (2.7K) [application/json]
Saving to: ‘/root/process_mining/announcements/data/17_04_2022/ann17.04.2022-08-40-01.json’

     0K ..                                                    100%  526M=0s

2022-04-17 08:40:02 (526 MB/s) - ‘/root/process_mining/announcements/data/17_04_2022/ann17.04.2022-08-40-01.json’ saved [2779/2779]

--2022-04-17 08:50:01--  https://files.cloudgdansk.pl/d/otwarte-dane/ztm/bsk.json
Resolving files.cloudgdansk.pl (files.cloudgdansk.pl)... 153.19.238.147
Connecting to files.cloudgdansk.pl (files.cloudgdansk.pl)|153.19.238.147|:443... connected.
HTTP request sent, awaiting response... 200 OK
Length: 2779 (2.7K) [application/json]
Saving to: ‘/root/process_mining/announcements/data/17_04_2022/ann17.04.2022-08-50-01.json’

     0K ..                                                    100%  479M=0s

2022-04-17 08:50:02 (479 MB/s) - ‘/root/process_mining/announcements/data/17_04_2022/ann17.04.2022-08-50-01.json’ saved [2779/2779]

--2022-04-17 09:00:01--  https://files.cloudgdansk.pl/d/otwarte-dane/ztm/bsk.json
Resolving files.cloudgdansk.pl (files.cloudgdansk.pl)... 153.19.238.147
Connecting to files.cloudgdansk.pl (files.cloudgdansk.pl)|153.19.238.147|:443... connected.
HTTP request sent, awaiting response... 200 OK
Length: 2779 (2.7K) [application/json]
Saving to: ‘/root/process_mining/announcements/data/17_04_2022/ann17.04.2022-09-00-01.json’

     0K ..                                                    100%  445M=0s

2022-04-17 09:00:01 (445 MB/s) - ‘/root/process_mining/announcements/data/17_04_2022/ann17.04.2022-09-00-01.json’ saved [2779/2779]

--2022-04-17 09:10:01--  https://files.cloudgdansk.pl/d/otwarte-dane/ztm/bsk.json
Resolving files.cloudgdansk.pl (files.cloudgdansk.pl)... 153.19.238.147
Connecting to files.cloudgdansk.pl (files.cloudgdansk.pl)|153.19.238.147|:443... connected.
HTTP request sent, awaiting response... 200 OK
Length: 2779 (2.7K) [application/json]
Saving to: ‘/root/process_mining/announcements/data/17_04_2022/ann17.04.2022-09-10-01.json’

     0K ..                                                    100%  482M=0s

2022-04-17 09:10:01 (482 MB/s) - ‘/root/process_mining/announcements/data/17_04_2022/ann17.04.2022-09-10-01.json’ saved [2779/2779]

--2022-04-17 09:20:01--  https://files.cloudgdansk.pl/d/otwarte-dane/ztm/bsk.json
Resolving files.cloudgdansk.pl (files.cloudgdansk.pl)... 153.19.238.147
Connecting to files.cloudgdansk.pl (files.cloudgdansk.pl)|153.19.238.147|:443... connected.
HTTP request sent, awaiting response... 200 OK
Length: 2779 (2.7K) [application/json]
Saving to: ‘/root/process_mining/announcements/data/17_04_2022/ann17.04.2022-09-20-01.json’

     0K ..                                                    100%  477M=0s

2022-04-17 09:20:02 (477 MB/s) - ‘/root/process_mining/announcements/data/17_04_2022/ann17.04.2022-09-20-01.json’ saved [2779/2779]

--2022-04-17 09:30:01--  https://files.cloudgdansk.pl/d/otwarte-dane/ztm/bsk.json
Resolving files.cloudgdansk.pl (files.cloudgdansk.pl)... 153.19.238.147
Connecting to files.cloudgdansk.pl (files.cloudgdansk.pl)|153.19.238.147|:443... connected.
HTTP request sent, awaiting response... 200 OK
Length: 2779 (2.7K) [application/json]
Saving to: ‘/root/process_mining/announcements/data/17_04_2022/ann17.04.2022-09-30-01.json’

     0K ..                                                    100%  504M=0s

2022-04-17 09:30:01 (504 MB/s) - ‘/root/process_mining/announcements/data/17_04_2022/ann17.04.2022-09-30-01.json’ saved [2779/2779]

--2022-04-17 09:40:01--  https://files.cloudgdansk.pl/d/otwarte-dane/ztm/bsk.json
Resolving files.cloudgdansk.pl (files.cloudgdansk.pl)... 153.19.238.147
Connecting to files.cloudgdansk.pl (files.cloudgdansk.pl)|153.19.238.147|:443... connected.
HTTP request sent, awaiting response... 200 OK
Length: 2779 (2.7K) [application/json]
Saving to: ‘/root/process_mining/announcements/data/17_04_2022/ann17.04.2022-09-40-01.json’

     0K ..                                                    100%  540M=0s

2022-04-17 09:40:01 (540 MB/s) - ‘/root/process_mining/announcements/data/17_04_2022/ann17.04.2022-09-40-01.json’ saved [2779/2779]

--2022-04-17 09:50:01--  https://files.cloudgdansk.pl/d/otwarte-dane/ztm/bsk.json
Resolving files.cloudgdansk.pl (files.cloudgdansk.pl)... 153.19.238.147
Connecting to files.cloudgdansk.pl (files.cloudgdansk.pl)|153.19.238.147|:443... connected.
HTTP request sent, awaiting response... 200 OK
Length: 2779 (2.7K) [application/json]
Saving to: ‘/root/process_mining/announcements/data/17_04_2022/ann17.04.2022-09-50-01.json’

     0K ..                                                    100%  525M=0s

2022-04-17 09:50:01 (525 MB/s) - ‘/root/process_mining/announcements/data/17_04_2022/ann17.04.2022-09-50-01.json’ saved [2779/2779]

--2022-04-17 10:00:01--  https://files.cloudgdansk.pl/d/otwarte-dane/ztm/bsk.json
Resolving files.cloudgdansk.pl (files.cloudgdansk.pl)... 153.19.238.147
Connecting to files.cloudgdansk.pl (files.cloudgdansk.pl)|153.19.238.147|:443... connected.
HTTP request sent, awaiting response... 200 OK
Length: 2779 (2.7K) [application/json]
Saving to: ‘/root/process_mining/announcements/data/17_04_2022/ann17.04.2022-10-00-01.json’

     0K ..                                                    100%  531M=0s

2022-04-17 10:00:01 (531 MB/s) - ‘/root/process_mining/announcements/data/17_04_2022/ann17.04.2022-10-00-01.json’ saved [2779/2779]

--2022-04-17 10:10:01--  https://files.cloudgdansk.pl/d/otwarte-dane/ztm/bsk.json
Resolving files.cloudgdansk.pl (files.cloudgdansk.pl)... 153.19.238.147
Connecting to files.cloudgdansk.pl (files.cloudgdansk.pl)|153.19.238.147|:443... connected.
HTTP request sent, awaiting response... 200 OK
Length: 2779 (2.7K) [application/json]
Saving to: ‘/root/process_mining/announcements/data/17_04_2022/ann17.04.2022-10-10-01.json’

     0K ..                                                    100%  460M=0s

2022-04-17 10:10:01 (460 MB/s) - ‘/root/process_mining/announcements/data/17_04_2022/ann17.04.2022-10-10-01.json’ saved [2779/2779]

--2022-04-17 10:20:01--  https://files.cloudgdansk.pl/d/otwarte-dane/ztm/bsk.json
Resolving files.cloudgdansk.pl (files.cloudgdansk.pl)... 153.19.238.147
Connecting to files.cloudgdansk.pl (files.cloudgdansk.pl)|153.19.238.147|:443... connected.
HTTP request sent, awaiting response... 200 OK
Length: 2779 (2.7K) [application/json]
Saving to: ‘/root/process_mining/announcements/data/17_04_2022/ann17.04.2022-10-20-01.json’

     0K ..                                                    100%  501M=0s

2022-04-17 10:20:01 (501 MB/s) - ‘/root/process_mining/announcements/data/17_04_2022/ann17.04.2022-10-20-01.json’ saved [2779/2779]

--2022-04-17 10:30:01--  https://files.cloudgdansk.pl/d/otwarte-dane/ztm/bsk.json
Resolving files.cloudgdansk.pl (files.cloudgdansk.pl)... 153.19.238.147
Connecting to files.cloudgdansk.pl (files.cloudgdansk.pl)|153.19.238.147|:443... connected.
HTTP request sent, awaiting response... 200 OK
Length: 2779 (2.7K) [application/json]
Saving to: ‘/root/process_mining/announcements/data/17_04_2022/ann17.04.2022-10-30-01.json’

     0K ..                                                    100%  482M=0s

2022-04-17 10:30:02 (482 MB/s) - ‘/root/process_mining/announcements/data/17_04_2022/ann17.04.2022-10-30-01.json’ saved [2779/2779]

--2022-04-17 10:40:01--  https://files.cloudgdansk.pl/d/otwarte-dane/ztm/bsk.json
Resolving files.cloudgdansk.pl (files.cloudgdansk.pl)... 153.19.238.147
Connecting to files.cloudgdansk.pl (files.cloudgdansk.pl)|153.19.238.147|:443... connected.
HTTP request sent, awaiting response... 200 OK
Length: 2779 (2.7K) [application/json]
Saving to: ‘/root/process_mining/announcements/data/17_04_2022/ann17.04.2022-10-40-01.json’

     0K ..                                                    100%  513M=0s

2022-04-17 10:40:01 (513 MB/s) - ‘/root/process_mining/announcements/data/17_04_2022/ann17.04.2022-10-40-01.json’ saved [2779/2779]

--2022-04-17 10:50:01--  https://files.cloudgdansk.pl/d/otwarte-dane/ztm/bsk.json
Resolving files.cloudgdansk.pl (files.cloudgdansk.pl)... 153.19.238.147
Connecting to files.cloudgdansk.pl (files.cloudgdansk.pl)|153.19.238.147|:443... connected.
HTTP request sent, awaiting response... 200 OK
Length: 2779 (2.7K) [application/json]
Saving to: ‘/root/process_mining/announcements/data/17_04_2022/ann17.04.2022-10-50-01.json’

     0K ..                                                    100%  499M=0s

2022-04-17 10:50:01 (499 MB/s) - ‘/root/process_mining/announcements/data/17_04_2022/ann17.04.2022-10-50-01.json’ saved [2779/2779]

--2022-04-17 11:00:01--  https://files.cloudgdansk.pl/d/otwarte-dane/ztm/bsk.json
Resolving files.cloudgdansk.pl (files.cloudgdansk.pl)... 153.19.238.147
Connecting to files.cloudgdansk.pl (files.cloudgdansk.pl)|153.19.238.147|:443... connected.
HTTP request sent, awaiting response... 200 OK
Length: 2779 (2.7K) [application/json]
Saving to: ‘/root/process_mining/announcements/data/17_04_2022/ann17.04.2022-11-00-01.json’

     0K ..                                                    100%  482M=0s

2022-04-17 11:00:01 (482 MB/s) - ‘/root/process_mining/announcements/data/17_04_2022/ann17.04.2022-11-00-01.json’ saved [2779/2779]

--2022-04-17 11:10:01--  https://files.cloudgdansk.pl/d/otwarte-dane/ztm/bsk.json
Resolving files.cloudgdansk.pl (files.cloudgdansk.pl)... 153.19.238.147
Connecting to files.cloudgdansk.pl (files.cloudgdansk.pl)|153.19.238.147|:443... connected.
HTTP request sent, awaiting response... 200 OK
Length: 2779 (2.7K) [application/json]
Saving to: ‘/root/process_mining/announcements/data/17_04_2022/ann17.04.2022-11-10-01.json’

     0K ..                                                    100%  566M=0s

2022-04-17 11:10:01 (566 MB/s) - ‘/root/process_mining/announcements/data/17_04_2022/ann17.04.2022-11-10-01.json’ saved [2779/2779]

--2022-04-17 11:20:01--  https://files.cloudgdansk.pl/d/otwarte-dane/ztm/bsk.json
Resolving files.cloudgdansk.pl (files.cloudgdansk.pl)... 153.19.238.147
Connecting to files.cloudgdansk.pl (files.cloudgdansk.pl)|153.19.238.147|:443... connected.
HTTP request sent, awaiting response... 200 OK
Length: 2779 (2.7K) [application/json]
Saving to: ‘/root/process_mining/announcements/data/17_04_2022/ann17.04.2022-11-20-01.json’

     0K ..                                                    100%  470M=0s

2022-04-17 11:20:01 (470 MB/s) - ‘/root/process_mining/announcements/data/17_04_2022/ann17.04.2022-11-20-01.json’ saved [2779/2779]

--2022-04-17 11:30:01--  https://files.cloudgdansk.pl/d/otwarte-dane/ztm/bsk.json
Resolving files.cloudgdansk.pl (files.cloudgdansk.pl)... 153.19.238.147
Connecting to files.cloudgdansk.pl (files.cloudgdansk.pl)|153.19.238.147|:443... connected.
HTTP request sent, awaiting response... 200 OK
Length: 2779 (2.7K) [application/json]
Saving to: ‘/root/process_mining/announcements/data/17_04_2022/ann17.04.2022-11-30-01.json’

     0K ..                                                    100%  522M=0s

2022-04-17 11:30:01 (522 MB/s) - ‘/root/process_mining/announcements/data/17_04_2022/ann17.04.2022-11-30-01.json’ saved [2779/2779]

--2022-04-17 11:40:01--  https://files.cloudgdansk.pl/d/otwarte-dane/ztm/bsk.json
Resolving files.cloudgdansk.pl (files.cloudgdansk.pl)... 153.19.238.147
Connecting to files.cloudgdansk.pl (files.cloudgdansk.pl)|153.19.238.147|:443... connected.
HTTP request sent, awaiting response... 200 OK
Length: 2779 (2.7K) [application/json]
Saving to: ‘/root/process_mining/announcements/data/17_04_2022/ann17.04.2022-11-40-01.json’

     0K ..                                                    100%  532M=0s

2022-04-17 11:40:01 (532 MB/s) - ‘/root/process_mining/announcements/data/17_04_2022/ann17.04.2022-11-40-01.json’ saved [2779/2779]

--2022-04-17 11:50:01--  https://files.cloudgdansk.pl/d/otwarte-dane/ztm/bsk.json
Resolving files.cloudgdansk.pl (files.cloudgdansk.pl)... 153.19.238.147
Connecting to files.cloudgdansk.pl (files.cloudgdansk.pl)|153.19.238.147|:443... connected.
HTTP request sent, awaiting response... 200 OK
Length: 2779 (2.7K) [application/json]
Saving to: ‘/root/process_mining/announcements/data/17_04_2022/ann17.04.2022-11-50-01.json’

     0K ..                                                    100%  494M=0s

2022-04-17 11:50:02 (494 MB/s) - ‘/root/process_mining/announcements/data/17_04_2022/ann17.04.2022-11-50-01.json’ saved [2779/2779]

--2022-04-17 12:00:01--  https://files.cloudgdansk.pl/d/otwarte-dane/ztm/bsk.json
Resolving files.cloudgdansk.pl (files.cloudgdansk.pl)... 153.19.238.147
Connecting to files.cloudgdansk.pl (files.cloudgdansk.pl)|153.19.238.147|:443... connected.
HTTP request sent, awaiting response... 200 OK
Length: 2779 (2.7K) [application/json]
Saving to: ‘/root/process_mining/announcements/data/17_04_2022/ann17.04.2022-12-00-01.json’

     0K ..                                                    100%  513M=0s

2022-04-17 12:00:02 (513 MB/s) - ‘/root/process_mining/announcements/data/17_04_2022/ann17.04.2022-12-00-01.json’ saved [2779/2779]

--2022-04-17 12:10:01--  https://files.cloudgdansk.pl/d/otwarte-dane/ztm/bsk.json
Resolving files.cloudgdansk.pl (files.cloudgdansk.pl)... 153.19.238.147
Connecting to files.cloudgdansk.pl (files.cloudgdansk.pl)|153.19.238.147|:443... connected.
HTTP request sent, awaiting response... 200 OK
Length: 2779 (2.7K) [application/json]
Saving to: ‘/root/process_mining/announcements/data/17_04_2022/ann17.04.2022-12-10-01.json’

     0K ..                                                    100%  503M=0s

2022-04-17 12:10:02 (503 MB/s) - ‘/root/process_mining/announcements/data/17_04_2022/ann17.04.2022-12-10-01.json’ saved [2779/2779]

--2022-04-17 12:20:01--  https://files.cloudgdansk.pl/d/otwarte-dane/ztm/bsk.json
Resolving files.cloudgdansk.pl (files.cloudgdansk.pl)... 153.19.238.147
Connecting to files.cloudgdansk.pl (files.cloudgdansk.pl)|153.19.238.147|:443... connected.
HTTP request sent, awaiting response... 200 OK
Length: 2779 (2.7K) [application/json]
Saving to: ‘/root/process_mining/announcements/data/17_04_2022/ann17.04.2022-12-20-01.json’

     0K ..                                                    100%  496M=0s

2022-04-17 12:20:01 (496 MB/s) - ‘/root/process_mining/announcements/data/17_04_2022/ann17.04.2022-12-20-01.json’ saved [2779/2779]

--2022-04-17 12:30:01--  https://files.cloudgdansk.pl/d/otwarte-dane/ztm/bsk.json
Resolving files.cloudgdansk.pl (files.cloudgdansk.pl)... 153.19.238.147
Connecting to files.cloudgdansk.pl (files.cloudgdansk.pl)|153.19.238.147|:443... connected.
HTTP request sent, awaiting response... 200 OK
Length: 2779 (2.7K) [application/json]
Saving to: ‘/root/process_mining/announcements/data/17_04_2022/ann17.04.2022-12-30-01.json’

     0K ..                                                    100%  516M=0s

2022-04-17 12:30:01 (516 MB/s) - ‘/root/process_mining/announcements/data/17_04_2022/ann17.04.2022-12-30-01.json’ saved [2779/2779]

--2022-04-17 12:40:01--  https://files.cloudgdansk.pl/d/otwarte-dane/ztm/bsk.json
Resolving files.cloudgdansk.pl (files.cloudgdansk.pl)... 153.19.238.147
Connecting to files.cloudgdansk.pl (files.cloudgdansk.pl)|153.19.238.147|:443... connected.
HTTP request sent, awaiting response... 200 OK
Length: 2779 (2.7K) [application/json]
Saving to: ‘/root/process_mining/announcements/data/17_04_2022/ann17.04.2022-12-40-01.json’

     0K ..                                                    100%  496M=0s

2022-04-17 12:40:01 (496 MB/s) - ‘/root/process_mining/announcements/data/17_04_2022/ann17.04.2022-12-40-01.json’ saved [2779/2779]

--2022-04-17 12:50:01--  https://files.cloudgdansk.pl/d/otwarte-dane/ztm/bsk.json
Resolving files.cloudgdansk.pl (files.cloudgdansk.pl)... 153.19.238.147
Connecting to files.cloudgdansk.pl (files.cloudgdansk.pl)|153.19.238.147|:443... connected.
HTTP request sent, awaiting response... 200 OK
Length: 2779 (2.7K) [application/json]
Saving to: ‘/root/process_mining/announcements/data/17_04_2022/ann17.04.2022-12-50-01.json’

     0K ..                                                    100%  428M=0s

2022-04-17 12:50:02 (428 MB/s) - ‘/root/process_mining/announcements/data/17_04_2022/ann17.04.2022-12-50-01.json’ saved [2779/2779]

--2022-04-17 13:00:01--  https://files.cloudgdansk.pl/d/otwarte-dane/ztm/bsk.json
Resolving files.cloudgdansk.pl (files.cloudgdansk.pl)... 153.19.238.147
Connecting to files.cloudgdansk.pl (files.cloudgdansk.pl)|153.19.238.147|:443... connected.
HTTP request sent, awaiting response... 200 OK
Length: 2779 (2.7K) [application/json]
Saving to: ‘/root/process_mining/announcements/data/17_04_2022/ann17.04.2022-13-00-01.json’

     0K ..                                                    100%  193M=0s

2022-04-17 13:00:02 (193 MB/s) - ‘/root/process_mining/announcements/data/17_04_2022/ann17.04.2022-13-00-01.json’ saved [2779/2779]

--2022-04-17 13:10:01--  https://files.cloudgdansk.pl/d/otwarte-dane/ztm/bsk.json
Resolving files.cloudgdansk.pl (files.cloudgdansk.pl)... 153.19.238.147
Connecting to files.cloudgdansk.pl (files.cloudgdansk.pl)|153.19.238.147|:443... connected.
HTTP request sent, awaiting response... 200 OK
Length: 2779 (2.7K) [application/json]
Saving to: ‘/root/process_mining/announcements/data/17_04_2022/ann17.04.2022-13-10-01.json’

     0K ..                                                    100%  435M=0s

2022-04-17 13:10:01 (435 MB/s) - ‘/root/process_mining/announcements/data/17_04_2022/ann17.04.2022-13-10-01.json’ saved [2779/2779]

--2022-04-17 13:20:01--  https://files.cloudgdansk.pl/d/otwarte-dane/ztm/bsk.json
Resolving files.cloudgdansk.pl (files.cloudgdansk.pl)... 153.19.238.147
Connecting to files.cloudgdansk.pl (files.cloudgdansk.pl)|153.19.238.147|:443... connected.
HTTP request sent, awaiting response... 200 OK
Length: 2779 (2.7K) [application/json]
Saving to: ‘/root/process_mining/announcements/data/17_04_2022/ann17.04.2022-13-20-01.json’

     0K ..                                                    100%  490M=0s

2022-04-17 13:20:01 (490 MB/s) - ‘/root/process_mining/announcements/data/17_04_2022/ann17.04.2022-13-20-01.json’ saved [2779/2779]

--2022-04-17 13:30:01--  https://files.cloudgdansk.pl/d/otwarte-dane/ztm/bsk.json
Resolving files.cloudgdansk.pl (files.cloudgdansk.pl)... 153.19.238.147
Connecting to files.cloudgdansk.pl (files.cloudgdansk.pl)|153.19.238.147|:443... connected.
HTTP request sent, awaiting response... 200 OK
Length: 2779 (2.7K) [application/json]
Saving to: ‘/root/process_mining/announcements/data/17_04_2022/ann17.04.2022-13-30-01.json’

     0K ..                                                    100%  478M=0s

2022-04-17 13:30:01 (478 MB/s) - ‘/root/process_mining/announcements/data/17_04_2022/ann17.04.2022-13-30-01.json’ saved [2779/2779]

--2022-04-17 13:40:01--  https://files.cloudgdansk.pl/d/otwarte-dane/ztm/bsk.json
Resolving files.cloudgdansk.pl (files.cloudgdansk.pl)... 153.19.238.147
Connecting to files.cloudgdansk.pl (files.cloudgdansk.pl)|153.19.238.147|:443... connected.
HTTP request sent, awaiting response... 200 OK
Length: 2779 (2.7K) [application/json]
Saving to: ‘/root/process_mining/announcements/data/17_04_2022/ann17.04.2022-13-40-01.json’

     0K ..                                                    100%  498M=0s

2022-04-17 13:40:01 (498 MB/s) - ‘/root/process_mining/announcements/data/17_04_2022/ann17.04.2022-13-40-01.json’ saved [2779/2779]

--2022-04-17 13:50:01--  https://files.cloudgdansk.pl/d/otwarte-dane/ztm/bsk.json
Resolving files.cloudgdansk.pl (files.cloudgdansk.pl)... 153.19.238.147
Connecting to files.cloudgdansk.pl (files.cloudgdansk.pl)|153.19.238.147|:443... connected.
HTTP request sent, awaiting response... 200 OK
Length: 2779 (2.7K) [application/json]
Saving to: ‘/root/process_mining/announcements/data/17_04_2022/ann17.04.2022-13-50-01.json’

     0K ..                                                    100%  532M=0s

2022-04-17 13:50:01 (532 MB/s) - ‘/root/process_mining/announcements/data/17_04_2022/ann17.04.2022-13-50-01.json’ saved [2779/2779]

--2022-04-17 14:00:01--  https://files.cloudgdansk.pl/d/otwarte-dane/ztm/bsk.json
Resolving files.cloudgdansk.pl (files.cloudgdansk.pl)... 153.19.238.147
Connecting to files.cloudgdansk.pl (files.cloudgdansk.pl)|153.19.238.147|:443... connected.
HTTP request sent, awaiting response... 200 OK
Length: 2779 (2.7K) [application/json]
Saving to: ‘/root/process_mining/announcements/data/17_04_2022/ann17.04.2022-14-00-01.json’

     0K ..                                                    100%  484M=0s

2022-04-17 14:00:01 (484 MB/s) - ‘/root/process_mining/announcements/data/17_04_2022/ann17.04.2022-14-00-01.json’ saved [2779/2779]

--2022-04-17 14:10:01--  https://files.cloudgdansk.pl/d/otwarte-dane/ztm/bsk.json
Resolving files.cloudgdansk.pl (files.cloudgdansk.pl)... 153.19.238.147
Connecting to files.cloudgdansk.pl (files.cloudgdansk.pl)|153.19.238.147|:443... connected.
HTTP request sent, awaiting response... 200 OK
Length: 2779 (2.7K) [application/json]
Saving to: ‘/root/process_mining/announcements/data/17_04_2022/ann17.04.2022-14-10-01.json’

     0K ..                                                    100%  454M=0s

2022-04-17 14:10:01 (454 MB/s) - ‘/root/process_mining/announcements/data/17_04_2022/ann17.04.2022-14-10-01.json’ saved [2779/2779]

--2022-04-17 14:20:01--  https://files.cloudgdansk.pl/d/otwarte-dane/ztm/bsk.json
Resolving files.cloudgdansk.pl (files.cloudgdansk.pl)... 153.19.238.147
Connecting to files.cloudgdansk.pl (files.cloudgdansk.pl)|153.19.238.147|:443... connected.
HTTP request sent, awaiting response... 200 OK
Length: 2779 (2.7K) [application/json]
Saving to: ‘/root/process_mining/announcements/data/17_04_2022/ann17.04.2022-14-20-01.json’

     0K ..                                                    100%  542M=0s

2022-04-17 14:20:01 (542 MB/s) - ‘/root/process_mining/announcements/data/17_04_2022/ann17.04.2022-14-20-01.json’ saved [2779/2779]

--2022-04-17 14:30:01--  https://files.cloudgdansk.pl/d/otwarte-dane/ztm/bsk.json
Resolving files.cloudgdansk.pl (files.cloudgdansk.pl)... 153.19.238.147
Connecting to files.cloudgdansk.pl (files.cloudgdansk.pl)|153.19.238.147|:443... connected.
HTTP request sent, awaiting response... 200 OK
Length: 2779 (2.7K) [application/json]
Saving to: ‘/root/process_mining/announcements/data/17_04_2022/ann17.04.2022-14-30-01.json’

     0K ..                                                    100%  556M=0s

2022-04-17 14:30:01 (556 MB/s) - ‘/root/process_mining/announcements/data/17_04_2022/ann17.04.2022-14-30-01.json’ saved [2779/2779]

--2022-04-17 14:40:01--  https://files.cloudgdansk.pl/d/otwarte-dane/ztm/bsk.json
Resolving files.cloudgdansk.pl (files.cloudgdansk.pl)... 153.19.238.147
Connecting to files.cloudgdansk.pl (files.cloudgdansk.pl)|153.19.238.147|:443... connected.
HTTP request sent, awaiting response... 200 OK
Length: 2779 (2.7K) [application/json]
Saving to: ‘/root/process_mining/announcements/data/17_04_2022/ann17.04.2022-14-40-01.json’

     0K ..                                                    100%  511M=0s

2022-04-17 14:40:02 (511 MB/s) - ‘/root/process_mining/announcements/data/17_04_2022/ann17.04.2022-14-40-01.json’ saved [2779/2779]

--2022-04-17 14:50:01--  https://files.cloudgdansk.pl/d/otwarte-dane/ztm/bsk.json
Resolving files.cloudgdansk.pl (files.cloudgdansk.pl)... 153.19.238.147
Connecting to files.cloudgdansk.pl (files.cloudgdansk.pl)|153.19.238.147|:443... connected.
HTTP request sent, awaiting response... 200 OK
Length: 2779 (2.7K) [application/json]
Saving to: ‘/root/process_mining/announcements/data/17_04_2022/ann17.04.2022-14-50-01.json’

     0K ..                                                    100%  475M=0s

2022-04-17 14:50:02 (475 MB/s) - ‘/root/process_mining/announcements/data/17_04_2022/ann17.04.2022-14-50-01.json’ saved [2779/2779]

--2022-04-17 15:00:01--  https://files.cloudgdansk.pl/d/otwarte-dane/ztm/bsk.json
Resolving files.cloudgdansk.pl (files.cloudgdansk.pl)... 153.19.238.147
Connecting to files.cloudgdansk.pl (files.cloudgdansk.pl)|153.19.238.147|:443... connected.
HTTP request sent, awaiting response... 200 OK
Length: 2779 (2.7K) [application/json]
Saving to: ‘/root/process_mining/announcements/data/17_04_2022/ann17.04.2022-15-00-01.json’

     0K ..                                                    100%  477M=0s

2022-04-17 15:00:01 (477 MB/s) - ‘/root/process_mining/announcements/data/17_04_2022/ann17.04.2022-15-00-01.json’ saved [2779/2779]

--2022-04-17 15:10:01--  https://files.cloudgdansk.pl/d/otwarte-dane/ztm/bsk.json
Resolving files.cloudgdansk.pl (files.cloudgdansk.pl)... 153.19.238.147
Connecting to files.cloudgdansk.pl (files.cloudgdansk.pl)|153.19.238.147|:443... connected.
HTTP request sent, awaiting response... 200 OK
Length: 2779 (2.7K) [application/json]
Saving to: ‘/root/process_mining/announcements/data/17_04_2022/ann17.04.2022-15-10-01.json’

     0K ..                                                    100%  494M=0s

2022-04-17 15:10:02 (494 MB/s) - ‘/root/process_mining/announcements/data/17_04_2022/ann17.04.2022-15-10-01.json’ saved [2779/2779]

--2022-04-17 15:20:01--  https://files.cloudgdansk.pl/d/otwarte-dane/ztm/bsk.json
Resolving files.cloudgdansk.pl (files.cloudgdansk.pl)... 153.19.238.147
Connecting to files.cloudgdansk.pl (files.cloudgdansk.pl)|153.19.238.147|:443... connected.
HTTP request sent, awaiting response... 200 OK
Length: 2779 (2.7K) [application/json]
Saving to: ‘/root/process_mining/announcements/data/17_04_2022/ann17.04.2022-15-20-01.json’

     0K ..                                                    100%  497M=0s

2022-04-17 15:20:02 (497 MB/s) - ‘/root/process_mining/announcements/data/17_04_2022/ann17.04.2022-15-20-01.json’ saved [2779/2779]

--2022-04-17 15:30:01--  https://files.cloudgdansk.pl/d/otwarte-dane/ztm/bsk.json
Resolving files.cloudgdansk.pl (files.cloudgdansk.pl)... 153.19.238.147
Connecting to files.cloudgdansk.pl (files.cloudgdansk.pl)|153.19.238.147|:443... connected.
HTTP request sent, awaiting response... 200 OK
Length: 2779 (2.7K) [application/json]
Saving to: ‘/root/process_mining/announcements/data/17_04_2022/ann17.04.2022-15-30-01.json’

     0K ..                                                    100%  479M=0s

2022-04-17 15:30:01 (479 MB/s) - ‘/root/process_mining/announcements/data/17_04_2022/ann17.04.2022-15-30-01.json’ saved [2779/2779]

--2022-04-17 15:40:01--  https://files.cloudgdansk.pl/d/otwarte-dane/ztm/bsk.json
Resolving files.cloudgdansk.pl (files.cloudgdansk.pl)... 153.19.238.147
Connecting to files.cloudgdansk.pl (files.cloudgdansk.pl)|153.19.238.147|:443... connected.
HTTP request sent, awaiting response... 200 OK
Length: 2779 (2.7K) [application/json]
Saving to: ‘/root/process_mining/announcements/data/17_04_2022/ann17.04.2022-15-40-01.json’

     0K ..                                                    100%  502M=0s

2022-04-17 15:40:01 (502 MB/s) - ‘/root/process_mining/announcements/data/17_04_2022/ann17.04.2022-15-40-01.json’ saved [2779/2779]

--2022-04-17 15:50:01--  https://files.cloudgdansk.pl/d/otwarte-dane/ztm/bsk.json
Resolving files.cloudgdansk.pl (files.cloudgdansk.pl)... 153.19.238.147
Connecting to files.cloudgdansk.pl (files.cloudgdansk.pl)|153.19.238.147|:443... connected.
HTTP request sent, awaiting response... 200 OK
Length: 2779 (2.7K) [application/json]
Saving to: ‘/root/process_mining/announcements/data/17_04_2022/ann17.04.2022-15-50-01.json’

     0K ..                                                    100%  428M=0s

2022-04-17 15:50:01 (428 MB/s) - ‘/root/process_mining/announcements/data/17_04_2022/ann17.04.2022-15-50-01.json’ saved [2779/2779]

--2022-04-17 16:00:01--  https://files.cloudgdansk.pl/d/otwarte-dane/ztm/bsk.json
Resolving files.cloudgdansk.pl (files.cloudgdansk.pl)... 153.19.238.147
Connecting to files.cloudgdansk.pl (files.cloudgdansk.pl)|153.19.238.147|:443... connected.
HTTP request sent, awaiting response... 200 OK
Length: 2779 (2.7K) [application/json]
Saving to: ‘/root/process_mining/announcements/data/17_04_2022/ann17.04.2022-16-00-01.json’

     0K ..                                                    100%  528M=0s

2022-04-17 16:00:02 (528 MB/s) - ‘/root/process_mining/announcements/data/17_04_2022/ann17.04.2022-16-00-01.json’ saved [2779/2779]

--2022-04-17 16:10:01--  https://files.cloudgdansk.pl/d/otwarte-dane/ztm/bsk.json
Resolving files.cloudgdansk.pl (files.cloudgdansk.pl)... 153.19.238.147
Connecting to files.cloudgdansk.pl (files.cloudgdansk.pl)|153.19.238.147|:443... connected.
HTTP request sent, awaiting response... 200 OK
Length: 2779 (2.7K) [application/json]
Saving to: ‘/root/process_mining/announcements/data/17_04_2022/ann17.04.2022-16-10-01.json’

     0K ..                                                    100%  527M=0s

2022-04-17 16:10:01 (527 MB/s) - ‘/root/process_mining/announcements/data/17_04_2022/ann17.04.2022-16-10-01.json’ saved [2779/2779]

--2022-04-17 16:20:01--  https://files.cloudgdansk.pl/d/otwarte-dane/ztm/bsk.json
Resolving files.cloudgdansk.pl (files.cloudgdansk.pl)... 153.19.238.147
Connecting to files.cloudgdansk.pl (files.cloudgdansk.pl)|153.19.238.147|:443... connected.
HTTP request sent, awaiting response... 200 OK
Length: 2779 (2.7K) [application/json]
Saving to: ‘/root/process_mining/announcements/data/17_04_2022/ann17.04.2022-16-20-01.json’

     0K ..                                                    100%  530M=0s

2022-04-17 16:20:02 (530 MB/s) - ‘/root/process_mining/announcements/data/17_04_2022/ann17.04.2022-16-20-01.json’ saved [2779/2779]

--2022-04-17 16:30:01--  https://files.cloudgdansk.pl/d/otwarte-dane/ztm/bsk.json
Resolving files.cloudgdansk.pl (files.cloudgdansk.pl)... 153.19.238.147
Connecting to files.cloudgdansk.pl (files.cloudgdansk.pl)|153.19.238.147|:443... connected.
HTTP request sent, awaiting response... 200 OK
Length: 2779 (2.7K) [application/json]
Saving to: ‘/root/process_mining/announcements/data/17_04_2022/ann17.04.2022-16-30-01.json’

     0K ..                                                    100%  516M=0s

2022-04-17 16:30:02 (516 MB/s) - ‘/root/process_mining/announcements/data/17_04_2022/ann17.04.2022-16-30-01.json’ saved [2779/2779]

--2022-04-17 16:40:01--  https://files.cloudgdansk.pl/d/otwarte-dane/ztm/bsk.json
Resolving files.cloudgdansk.pl (files.cloudgdansk.pl)... 153.19.238.147
Connecting to files.cloudgdansk.pl (files.cloudgdansk.pl)|153.19.238.147|:443... connected.
HTTP request sent, awaiting response... 200 OK
Length: 2779 (2.7K) [application/json]
Saving to: ‘/root/process_mining/announcements/data/17_04_2022/ann17.04.2022-16-40-01.json’

     0K ..                                                    100%  498M=0s

2022-04-17 16:40:01 (498 MB/s) - ‘/root/process_mining/announcements/data/17_04_2022/ann17.04.2022-16-40-01.json’ saved [2779/2779]

--2022-04-17 16:50:01--  https://files.cloudgdansk.pl/d/otwarte-dane/ztm/bsk.json
Resolving files.cloudgdansk.pl (files.cloudgdansk.pl)... 153.19.238.147
Connecting to files.cloudgdansk.pl (files.cloudgdansk.pl)|153.19.238.147|:443... connected.
HTTP request sent, awaiting response... 200 OK
Length: 2779 (2.7K) [application/json]
Saving to: ‘/root/process_mining/announcements/data/17_04_2022/ann17.04.2022-16-50-01.json’

     0K ..                                                    100%  455M=0s

2022-04-17 16:50:01 (455 MB/s) - ‘/root/process_mining/announcements/data/17_04_2022/ann17.04.2022-16-50-01.json’ saved [2779/2779]

--2022-04-17 17:00:01--  https://files.cloudgdansk.pl/d/otwarte-dane/ztm/bsk.json
Resolving files.cloudgdansk.pl (files.cloudgdansk.pl)... 153.19.238.147
Connecting to files.cloudgdansk.pl (files.cloudgdansk.pl)|153.19.238.147|:443... connected.
HTTP request sent, awaiting response... 200 OK
Length: 2779 (2.7K) [application/json]
Saving to: ‘/root/process_mining/announcements/data/17_04_2022/ann17.04.2022-17-00-01.json’

     0K ..                                                    100%  519M=0s

2022-04-17 17:00:01 (519 MB/s) - ‘/root/process_mining/announcements/data/17_04_2022/ann17.04.2022-17-00-01.json’ saved [2779/2779]

--2022-04-17 17:10:01--  https://files.cloudgdansk.pl/d/otwarte-dane/ztm/bsk.json
Resolving files.cloudgdansk.pl (files.cloudgdansk.pl)... 153.19.238.147
Connecting to files.cloudgdansk.pl (files.cloudgdansk.pl)|153.19.238.147|:443... connected.
HTTP request sent, awaiting response... 200 OK
Length: 2779 (2.7K) [application/json]
Saving to: ‘/root/process_mining/announcements/data/17_04_2022/ann17.04.2022-17-10-01.json’

     0K ..                                                    100%  522M=0s

2022-04-17 17:10:02 (522 MB/s) - ‘/root/process_mining/announcements/data/17_04_2022/ann17.04.2022-17-10-01.json’ saved [2779/2779]

--2022-04-17 17:20:01--  https://files.cloudgdansk.pl/d/otwarte-dane/ztm/bsk.json
Resolving files.cloudgdansk.pl (files.cloudgdansk.pl)... 153.19.238.147
Connecting to files.cloudgdansk.pl (files.cloudgdansk.pl)|153.19.238.147|:443... connected.
HTTP request sent, awaiting response... 200 OK
Length: 2779 (2.7K) [application/json]
Saving to: ‘/root/process_mining/announcements/data/17_04_2022/ann17.04.2022-17-20-01.json’

     0K ..                                                    100%  465M=0s

2022-04-17 17:20:02 (465 MB/s) - ‘/root/process_mining/announcements/data/17_04_2022/ann17.04.2022-17-20-01.json’ saved [2779/2779]

--2022-04-17 17:30:01--  https://files.cloudgdansk.pl/d/otwarte-dane/ztm/bsk.json
Resolving files.cloudgdansk.pl (files.cloudgdansk.pl)... 153.19.238.147
Connecting to files.cloudgdansk.pl (files.cloudgdansk.pl)|153.19.238.147|:443... connected.
HTTP request sent, awaiting response... 200 OK
Length: 2779 (2.7K) [application/json]
Saving to: ‘/root/process_mining/announcements/data/17_04_2022/ann17.04.2022-17-30-01.json’

     0K ..                                                    100%  479M=0s

2022-04-17 17:30:02 (479 MB/s) - ‘/root/process_mining/announcements/data/17_04_2022/ann17.04.2022-17-30-01.json’ saved [2779/2779]

--2022-04-17 17:40:01--  https://files.cloudgdansk.pl/d/otwarte-dane/ztm/bsk.json
Resolving files.cloudgdansk.pl (files.cloudgdansk.pl)... 153.19.238.147
Connecting to files.cloudgdansk.pl (files.cloudgdansk.pl)|153.19.238.147|:443... connected.
HTTP request sent, awaiting response... 200 OK
Length: 2779 (2.7K) [application/json]
Saving to: ‘/root/process_mining/announcements/data/17_04_2022/ann17.04.2022-17-40-01.json’

     0K ..                                                    100%  506M=0s

2022-04-17 17:40:01 (506 MB/s) - ‘/root/process_mining/announcements/data/17_04_2022/ann17.04.2022-17-40-01.json’ saved [2779/2779]

--2022-04-17 17:50:01--  https://files.cloudgdansk.pl/d/otwarte-dane/ztm/bsk.json
Resolving files.cloudgdansk.pl (files.cloudgdansk.pl)... 153.19.238.147
Connecting to files.cloudgdansk.pl (files.cloudgdansk.pl)|153.19.238.147|:443... connected.
HTTP request sent, awaiting response... 200 OK
Length: 2779 (2.7K) [application/json]
Saving to: ‘/root/process_mining/announcements/data/17_04_2022/ann17.04.2022-17-50-01.json’

     0K ..                                                    100%  448M=0s

2022-04-17 17:50:01 (448 MB/s) - ‘/root/process_mining/announcements/data/17_04_2022/ann17.04.2022-17-50-01.json’ saved [2779/2779]

--2022-04-17 18:00:01--  https://files.cloudgdansk.pl/d/otwarte-dane/ztm/bsk.json
Resolving files.cloudgdansk.pl (files.cloudgdansk.pl)... 153.19.238.147
Connecting to files.cloudgdansk.pl (files.cloudgdansk.pl)|153.19.238.147|:443... connected.
HTTP request sent, awaiting response... 200 OK
Length: 2779 (2.7K) [application/json]
Saving to: ‘/root/process_mining/announcements/data/17_04_2022/ann17.04.2022-18-00-01.json’

     0K ..                                                    100%  536M=0s

2022-04-17 18:00:01 (536 MB/s) - ‘/root/process_mining/announcements/data/17_04_2022/ann17.04.2022-18-00-01.json’ saved [2779/2779]

--2022-04-17 18:10:01--  https://files.cloudgdansk.pl/d/otwarte-dane/ztm/bsk.json
Resolving files.cloudgdansk.pl (files.cloudgdansk.pl)... 153.19.238.147
Connecting to files.cloudgdansk.pl (files.cloudgdansk.pl)|153.19.238.147|:443... connected.
HTTP request sent, awaiting response... 200 OK
Length: 2779 (2.7K) [application/json]
Saving to: ‘/root/process_mining/announcements/data/17_04_2022/ann17.04.2022-18-10-01.json’

     0K ..                                                    100%  514M=0s

2022-04-17 18:10:02 (514 MB/s) - ‘/root/process_mining/announcements/data/17_04_2022/ann17.04.2022-18-10-01.json’ saved [2779/2779]

--2022-04-17 18:20:01--  https://files.cloudgdansk.pl/d/otwarte-dane/ztm/bsk.json
Resolving files.cloudgdansk.pl (files.cloudgdansk.pl)... 153.19.238.147
Connecting to files.cloudgdansk.pl (files.cloudgdansk.pl)|153.19.238.147|:443... connected.
HTTP request sent, awaiting response... 200 OK
Length: 2779 (2.7K) [application/json]
Saving to: ‘/root/process_mining/announcements/data/17_04_2022/ann17.04.2022-18-20-01.json’

     0K ..                                                    100%  482M=0s

2022-04-17 18:20:01 (482 MB/s) - ‘/root/process_mining/announcements/data/17_04_2022/ann17.04.2022-18-20-01.json’ saved [2779/2779]

--2022-04-17 18:30:01--  https://files.cloudgdansk.pl/d/otwarte-dane/ztm/bsk.json
Resolving files.cloudgdansk.pl (files.cloudgdansk.pl)... 153.19.238.147
Connecting to files.cloudgdansk.pl (files.cloudgdansk.pl)|153.19.238.147|:443... connected.
HTTP request sent, awaiting response... 200 OK
Length: 2779 (2.7K) [application/json]
Saving to: ‘/root/process_mining/announcements/data/17_04_2022/ann17.04.2022-18-30-01.json’

     0K ..                                                    100%  527M=0s

2022-04-17 18:30:01 (527 MB/s) - ‘/root/process_mining/announcements/data/17_04_2022/ann17.04.2022-18-30-01.json’ saved [2779/2779]

--2022-04-17 18:40:01--  https://files.cloudgdansk.pl/d/otwarte-dane/ztm/bsk.json
Resolving files.cloudgdansk.pl (files.cloudgdansk.pl)... 153.19.238.147
Connecting to files.cloudgdansk.pl (files.cloudgdansk.pl)|153.19.238.147|:443... connected.
HTTP request sent, awaiting response... 200 OK
Length: 2779 (2.7K) [application/json]
Saving to: ‘/root/process_mining/announcements/data/17_04_2022/ann17.04.2022-18-40-01.json’

     0K ..                                                    100%  476M=0s

2022-04-17 18:40:01 (476 MB/s) - ‘/root/process_mining/announcements/data/17_04_2022/ann17.04.2022-18-40-01.json’ saved [2779/2779]

--2022-04-17 18:50:01--  https://files.cloudgdansk.pl/d/otwarte-dane/ztm/bsk.json
Resolving files.cloudgdansk.pl (files.cloudgdansk.pl)... 153.19.238.147
Connecting to files.cloudgdansk.pl (files.cloudgdansk.pl)|153.19.238.147|:443... connected.
HTTP request sent, awaiting response... 200 OK
Length: 2779 (2.7K) [application/json]
Saving to: ‘/root/process_mining/announcements/data/17_04_2022/ann17.04.2022-18-50-01.json’

     0K ..                                                    100%  504M=0s

2022-04-17 18:50:02 (504 MB/s) - ‘/root/process_mining/announcements/data/17_04_2022/ann17.04.2022-18-50-01.json’ saved [2779/2779]

--2022-04-17 19:00:01--  https://files.cloudgdansk.pl/d/otwarte-dane/ztm/bsk.json
Resolving files.cloudgdansk.pl (files.cloudgdansk.pl)... 153.19.238.147
Connecting to files.cloudgdansk.pl (files.cloudgdansk.pl)|153.19.238.147|:443... connected.
HTTP request sent, awaiting response... 200 OK
Length: 2779 (2.7K) [application/json]
Saving to: ‘/root/process_mining/announcements/data/17_04_2022/ann17.04.2022-19-00-01.json’

     0K ..                                                    100%  512M=0s

2022-04-17 19:00:02 (512 MB/s) - ‘/root/process_mining/announcements/data/17_04_2022/ann17.04.2022-19-00-01.json’ saved [2779/2779]

--2022-04-17 19:10:01--  https://files.cloudgdansk.pl/d/otwarte-dane/ztm/bsk.json
Resolving files.cloudgdansk.pl (files.cloudgdansk.pl)... 153.19.238.147
Connecting to files.cloudgdansk.pl (files.cloudgdansk.pl)|153.19.238.147|:443... connected.
HTTP request sent, awaiting response... 200 OK
Length: 2779 (2.7K) [application/json]
Saving to: ‘/root/process_mining/announcements/data/17_04_2022/ann17.04.2022-19-10-01.json’

     0K ..                                                    100%  441M=0s

2022-04-17 19:10:02 (441 MB/s) - ‘/root/process_mining/announcements/data/17_04_2022/ann17.04.2022-19-10-01.json’ saved [2779/2779]

--2022-04-17 19:20:01--  https://files.cloudgdansk.pl/d/otwarte-dane/ztm/bsk.json
Resolving files.cloudgdansk.pl (files.cloudgdansk.pl)... 153.19.238.147
Connecting to files.cloudgdansk.pl (files.cloudgdansk.pl)|153.19.238.147|:443... connected.
HTTP request sent, awaiting response... 200 OK
Length: 2779 (2.7K) [application/json]
Saving to: ‘/root/process_mining/announcements/data/17_04_2022/ann17.04.2022-19-20-01.json’

     0K ..                                                    100%  470M=0s

2022-04-17 19:20:01 (470 MB/s) - ‘/root/process_mining/announcements/data/17_04_2022/ann17.04.2022-19-20-01.json’ saved [2779/2779]

--2022-04-17 19:30:01--  https://files.cloudgdansk.pl/d/otwarte-dane/ztm/bsk.json
Resolving files.cloudgdansk.pl (files.cloudgdansk.pl)... 153.19.238.147
Connecting to files.cloudgdansk.pl (files.cloudgdansk.pl)|153.19.238.147|:443... connected.
HTTP request sent, awaiting response... 200 OK
Length: 2779 (2.7K) [application/json]
Saving to: ‘/root/process_mining/announcements/data/17_04_2022/ann17.04.2022-19-30-01.json’

     0K ..                                                    100%  520M=0s

2022-04-17 19:30:02 (520 MB/s) - ‘/root/process_mining/announcements/data/17_04_2022/ann17.04.2022-19-30-01.json’ saved [2779/2779]

--2022-04-17 19:40:01--  https://files.cloudgdansk.pl/d/otwarte-dane/ztm/bsk.json
Resolving files.cloudgdansk.pl (files.cloudgdansk.pl)... 153.19.238.147
Connecting to files.cloudgdansk.pl (files.cloudgdansk.pl)|153.19.238.147|:443... connected.
HTTP request sent, awaiting response... 200 OK
Length: 2779 (2.7K) [application/json]
Saving to: ‘/root/process_mining/announcements/data/17_04_2022/ann17.04.2022-19-40-01.json’

     0K ..                                                    100%  465M=0s

2022-04-17 19:40:02 (465 MB/s) - ‘/root/process_mining/announcements/data/17_04_2022/ann17.04.2022-19-40-01.json’ saved [2779/2779]

--2022-04-17 19:50:01--  https://files.cloudgdansk.pl/d/otwarte-dane/ztm/bsk.json
Resolving files.cloudgdansk.pl (files.cloudgdansk.pl)... 153.19.238.147
Connecting to files.cloudgdansk.pl (files.cloudgdansk.pl)|153.19.238.147|:443... connected.
HTTP request sent, awaiting response... 200 OK
Length: 2779 (2.7K) [application/json]
Saving to: ‘/root/process_mining/announcements/data/17_04_2022/ann17.04.2022-19-50-01.json’

     0K ..                                                    100%  514M=0s

2022-04-17 19:50:02 (514 MB/s) - ‘/root/process_mining/announcements/data/17_04_2022/ann17.04.2022-19-50-01.json’ saved [2779/2779]

--2022-04-17 20:00:01--  https://files.cloudgdansk.pl/d/otwarte-dane/ztm/bsk.json
Resolving files.cloudgdansk.pl (files.cloudgdansk.pl)... 153.19.238.147
Connecting to files.cloudgdansk.pl (files.cloudgdansk.pl)|153.19.238.147|:443... connected.
HTTP request sent, awaiting response... 200 OK
Length: 2779 (2.7K) [application/json]
Saving to: ‘/root/process_mining/announcements/data/17_04_2022/ann17.04.2022-20-00-01.json’

     0K ..                                                    100%  502M=0s

2022-04-17 20:00:01 (502 MB/s) - ‘/root/process_mining/announcements/data/17_04_2022/ann17.04.2022-20-00-01.json’ saved [2779/2779]

--2022-04-17 20:10:01--  https://files.cloudgdansk.pl/d/otwarte-dane/ztm/bsk.json
Resolving files.cloudgdansk.pl (files.cloudgdansk.pl)... 153.19.238.147
Connecting to files.cloudgdansk.pl (files.cloudgdansk.pl)|153.19.238.147|:443... connected.
HTTP request sent, awaiting response... 200 OK
Length: 2779 (2.7K) [application/json]
Saving to: ‘/root/process_mining/announcements/data/17_04_2022/ann17.04.2022-20-10-01.json’

     0K ..                                                    100%  513M=0s

2022-04-17 20:10:01 (513 MB/s) - ‘/root/process_mining/announcements/data/17_04_2022/ann17.04.2022-20-10-01.json’ saved [2779/2779]

--2022-04-17 20:20:01--  https://files.cloudgdansk.pl/d/otwarte-dane/ztm/bsk.json
Resolving files.cloudgdansk.pl (files.cloudgdansk.pl)... 153.19.238.147
Connecting to files.cloudgdansk.pl (files.cloudgdansk.pl)|153.19.238.147|:443... connected.
HTTP request sent, awaiting response... 200 OK
Length: 2779 (2.7K) [application/json]
Saving to: ‘/root/process_mining/announcements/data/17_04_2022/ann17.04.2022-20-20-01.json’

     0K ..                                                    100%  456M=0s

2022-04-17 20:20:01 (456 MB/s) - ‘/root/process_mining/announcements/data/17_04_2022/ann17.04.2022-20-20-01.json’ saved [2779/2779]

--2022-04-17 20:30:01--  https://files.cloudgdansk.pl/d/otwarte-dane/ztm/bsk.json
Resolving files.cloudgdansk.pl (files.cloudgdansk.pl)... 153.19.238.147
Connecting to files.cloudgdansk.pl (files.cloudgdansk.pl)|153.19.238.147|:443... connected.
HTTP request sent, awaiting response... 200 OK
Length: 3159 (3.1K) [application/json]
Saving to: ‘/root/process_mining/announcements/data/17_04_2022/ann17.04.2022-20-30-01.json’

     0K ...                                                   100%  600M=0s

2022-04-17 20:30:01 (600 MB/s) - ‘/root/process_mining/announcements/data/17_04_2022/ann17.04.2022-20-30-01.json’ saved [3159/3159]

--2022-04-17 20:40:01--  https://files.cloudgdansk.pl/d/otwarte-dane/ztm/bsk.json
Resolving files.cloudgdansk.pl (files.cloudgdansk.pl)... 153.19.238.147
Connecting to files.cloudgdansk.pl (files.cloudgdansk.pl)|153.19.238.147|:443... connected.
HTTP request sent, awaiting response... 200 OK
Length: 3159 (3.1K) [application/json]
Saving to: ‘/root/process_mining/announcements/data/17_04_2022/ann17.04.2022-20-40-01.json’

     0K ...                                                   100%  505M=0s

2022-04-17 20:40:01 (505 MB/s) - ‘/root/process_mining/announcements/data/17_04_2022/ann17.04.2022-20-40-01.json’ saved [3159/3159]

--2022-04-17 20:50:01--  https://files.cloudgdansk.pl/d/otwarte-dane/ztm/bsk.json
Resolving files.cloudgdansk.pl (files.cloudgdansk.pl)... 153.19.238.147
Connecting to files.cloudgdansk.pl (files.cloudgdansk.pl)|153.19.238.147|:443... connected.
HTTP request sent, awaiting response... 200 OK
Length: 3159 (3.1K) [application/json]
Saving to: ‘/root/process_mining/announcements/data/17_04_2022/ann17.04.2022-20-50-01.json’

     0K ...                                                   100%  561M=0s

2022-04-17 20:50:02 (561 MB/s) - ‘/root/process_mining/announcements/data/17_04_2022/ann17.04.2022-20-50-01.json’ saved [3159/3159]

--2022-04-17 21:00:01--  https://files.cloudgdansk.pl/d/otwarte-dane/ztm/bsk.json
Resolving files.cloudgdansk.pl (files.cloudgdansk.pl)... 153.19.238.147
Connecting to files.cloudgdansk.pl (files.cloudgdansk.pl)|153.19.238.147|:443... connected.
HTTP request sent, awaiting response... 200 OK
Length: 3159 (3.1K) [application/json]
Saving to: ‘/root/process_mining/announcements/data/17_04_2022/ann17.04.2022-21-00-01.json’

     0K ...                                                   100%  531M=0s

2022-04-17 21:00:01 (531 MB/s) - ‘/root/process_mining/announcements/data/17_04_2022/ann17.04.2022-21-00-01.json’ saved [3159/3159]

--2022-04-17 21:10:02--  https://files.cloudgdansk.pl/d/otwarte-dane/ztm/bsk.json
Resolving files.cloudgdansk.pl (files.cloudgdansk.pl)... 153.19.238.147
Connecting to files.cloudgdansk.pl (files.cloudgdansk.pl)|153.19.238.147|:443... connected.
HTTP request sent, awaiting response... 200 OK
Length: 3159 (3.1K) [application/json]
Saving to: ‘/root/process_mining/announcements/data/17_04_2022/ann17.04.2022-21-10-02.json’

     0K ...                                                   100%  573M=0s

2022-04-17 21:10:02 (573 MB/s) - ‘/root/process_mining/announcements/data/17_04_2022/ann17.04.2022-21-10-02.json’ saved [3159/3159]

--2022-04-17 21:20:01--  https://files.cloudgdansk.pl/d/otwarte-dane/ztm/bsk.json
Resolving files.cloudgdansk.pl (files.cloudgdansk.pl)... 153.19.238.147
Connecting to files.cloudgdansk.pl (files.cloudgdansk.pl)|153.19.238.147|:443... connected.
HTTP request sent, awaiting response... 200 OK
Length: 3159 (3.1K) [application/json]
Saving to: ‘/root/process_mining/announcements/data/17_04_2022/ann17.04.2022-21-20-01.json’

     0K ...                                                   100%  547M=0s

2022-04-17 21:20:02 (547 MB/s) - ‘/root/process_mining/announcements/data/17_04_2022/ann17.04.2022-21-20-01.json’ saved [3159/3159]

--2022-04-17 21:30:01--  https://files.cloudgdansk.pl/d/otwarte-dane/ztm/bsk.json
Resolving files.cloudgdansk.pl (files.cloudgdansk.pl)... 153.19.238.147
Connecting to files.cloudgdansk.pl (files.cloudgdansk.pl)|153.19.238.147|:443... connected.
HTTP request sent, awaiting response... 200 OK
Length: 3159 (3.1K) [application/json]
Saving to: ‘/root/process_mining/announcements/data/17_04_2022/ann17.04.2022-21-30-01.json’

     0K ...                                                   100%  558M=0s

2022-04-17 21:30:02 (558 MB/s) - ‘/root/process_mining/announcements/data/17_04_2022/ann17.04.2022-21-30-01.json’ saved [3159/3159]

--2022-04-17 21:40:01--  https://files.cloudgdansk.pl/d/otwarte-dane/ztm/bsk.json
Resolving files.cloudgdansk.pl (files.cloudgdansk.pl)... 153.19.238.147
Connecting to files.cloudgdansk.pl (files.cloudgdansk.pl)|153.19.238.147|:443... connected.
HTTP request sent, awaiting response... 200 OK
Length: 3159 (3.1K) [application/json]
Saving to: ‘/root/process_mining/announcements/data/17_04_2022/ann17.04.2022-21-40-01.json’

     0K ...                                                   100%  589M=0s

2022-04-17 21:40:01 (589 MB/s) - ‘/root/process_mining/announcements/data/17_04_2022/ann17.04.2022-21-40-01.json’ saved [3159/3159]

--2022-04-17 21:50:01--  https://files.cloudgdansk.pl/d/otwarte-dane/ztm/bsk.json
Resolving files.cloudgdansk.pl (files.cloudgdansk.pl)... 153.19.238.147
Connecting to files.cloudgdansk.pl (files.cloudgdansk.pl)|153.19.238.147|:443... connected.
HTTP request sent, awaiting response... 200 OK
Length: 3159 (3.1K) [application/json]
Saving to: ‘/root/process_mining/announcements/data/17_04_2022/ann17.04.2022-21-50-01.json’

     0K ...                                                   100%  604M=0s

2022-04-17 21:50:01 (604 MB/s) - ‘/root/process_mining/announcements/data/17_04_2022/ann17.04.2022-21-50-01.json’ saved [3159/3159]

--2022-04-17 22:00:02--  https://files.cloudgdansk.pl/d/otwarte-dane/ztm/bsk.json
Resolving files.cloudgdansk.pl (files.cloudgdansk.pl)... 153.19.238.147
Connecting to files.cloudgdansk.pl (files.cloudgdansk.pl)|153.19.238.147|:443... connected.
HTTP request sent, awaiting response... 200 OK
Length: 3159 (3.1K) [application/json]
Saving to: ‘/root/process_mining/announcements/data/17_04_2022/ann17.04.2022-22-00-02.json’

     0K ...                                                   100%  597M=0s

2022-04-17 22:00:02 (597 MB/s) - ‘/root/process_mining/announcements/data/17_04_2022/ann17.04.2022-22-00-02.json’ saved [3159/3159]

--2022-04-17 22:10:01--  https://files.cloudgdansk.pl/d/otwarte-dane/ztm/bsk.json
Resolving files.cloudgdansk.pl (files.cloudgdansk.pl)... 153.19.238.147
Connecting to files.cloudgdansk.pl (files.cloudgdansk.pl)|153.19.238.147|:443... connected.
HTTP request sent, awaiting response... 200 OK
Length: 3159 (3.1K) [application/json]
Saving to: ‘/root/process_mining/announcements/data/17_04_2022/ann17.04.2022-22-10-01.json’

     0K ...                                                   100%  579M=0s

2022-04-17 22:10:02 (579 MB/s) - ‘/root/process_mining/announcements/data/17_04_2022/ann17.04.2022-22-10-01.json’ saved [3159/3159]

--2022-04-17 22:20:01--  https://files.cloudgdansk.pl/d/otwarte-dane/ztm/bsk.json
Resolving files.cloudgdansk.pl (files.cloudgdansk.pl)... 153.19.238.147
Connecting to files.cloudgdansk.pl (files.cloudgdansk.pl)|153.19.238.147|:443... connected.
HTTP request sent, awaiting response... 200 OK
Length: 3159 (3.1K) [application/json]
Saving to: ‘/root/process_mining/announcements/data/17_04_2022/ann17.04.2022-22-20-01.json’

     0K ...                                                   100%  574M=0s

2022-04-17 22:20:01 (574 MB/s) - ‘/root/process_mining/announcements/data/17_04_2022/ann17.04.2022-22-20-01.json’ saved [3159/3159]

--2022-04-17 22:30:01--  https://files.cloudgdansk.pl/d/otwarte-dane/ztm/bsk.json
Resolving files.cloudgdansk.pl (files.cloudgdansk.pl)... 153.19.238.147
Connecting to files.cloudgdansk.pl (files.cloudgdansk.pl)|153.19.238.147|:443... connected.
HTTP request sent, awaiting response... 200 OK
Length: 3159 (3.1K) [application/json]
Saving to: ‘/root/process_mining/announcements/data/17_04_2022/ann17.04.2022-22-30-01.json’

     0K ...                                                   100%  550M=0s

2022-04-17 22:30:01 (550 MB/s) - ‘/root/process_mining/announcements/data/17_04_2022/ann17.04.2022-22-30-01.json’ saved [3159/3159]

--2022-04-17 22:40:01--  https://files.cloudgdansk.pl/d/otwarte-dane/ztm/bsk.json
Resolving files.cloudgdansk.pl (files.cloudgdansk.pl)... 153.19.238.147
Connecting to files.cloudgdansk.pl (files.cloudgdansk.pl)|153.19.238.147|:443... connected.
HTTP request sent, awaiting response... 200 OK
Length: 3159 (3.1K) [application/json]
Saving to: ‘/root/process_mining/announcements/data/17_04_2022/ann17.04.2022-22-40-01.json’

     0K ...                                                   100%  514M=0s

2022-04-17 22:40:02 (514 MB/s) - ‘/root/process_mining/announcements/data/17_04_2022/ann17.04.2022-22-40-01.json’ saved [3159/3159]

--2022-04-17 22:50:01--  https://files.cloudgdansk.pl/d/otwarte-dane/ztm/bsk.json
Resolving files.cloudgdansk.pl (files.cloudgdansk.pl)... 153.19.238.147
Connecting to files.cloudgdansk.pl (files.cloudgdansk.pl)|153.19.238.147|:443... connected.
HTTP request sent, awaiting response... 200 OK
Length: 3159 (3.1K) [application/json]
Saving to: ‘/root/process_mining/announcements/data/17_04_2022/ann17.04.2022-22-50-01.json’

     0K ...                                                   100%  508M=0s

2022-04-17 22:50:02 (508 MB/s) - ‘/root/process_mining/announcements/data/17_04_2022/ann17.04.2022-22-50-01.json’ saved [3159/3159]

--2022-04-17 23:00:01--  https://files.cloudgdansk.pl/d/otwarte-dane/ztm/bsk.json
Resolving files.cloudgdansk.pl (files.cloudgdansk.pl)... 153.19.238.147
Connecting to files.cloudgdansk.pl (files.cloudgdansk.pl)|153.19.238.147|:443... connected.
HTTP request sent, awaiting response... 200 OK
Length: 3159 (3.1K) [application/json]
Saving to: ‘/root/process_mining/announcements/data/17_04_2022/ann17.04.2022-23-00-01.json’

     0K ...                                                   100%  501M=0s

2022-04-17 23:00:02 (501 MB/s) - ‘/root/process_mining/announcements/data/17_04_2022/ann17.04.2022-23-00-01.json’ saved [3159/3159]

--2022-04-17 23:10:01--  https://files.cloudgdansk.pl/d/otwarte-dane/ztm/bsk.json
Resolving files.cloudgdansk.pl (files.cloudgdansk.pl)... 153.19.238.147
Connecting to files.cloudgdansk.pl (files.cloudgdansk.pl)|153.19.238.147|:443... connected.
HTTP request sent, awaiting response... 200 OK
Length: 3159 (3.1K) [application/json]
Saving to: ‘/root/process_mining/announcements/data/17_04_2022/ann17.04.2022-23-10-01.json’

     0K ...                                                   100%  573M=0s

2022-04-17 23:10:01 (573 MB/s) - ‘/root/process_mining/announcements/data/17_04_2022/ann17.04.2022-23-10-01.json’ saved [3159/3159]

--2022-04-17 23:20:01--  https://files.cloudgdansk.pl/d/otwarte-dane/ztm/bsk.json
Resolving files.cloudgdansk.pl (files.cloudgdansk.pl)... 153.19.238.147
Connecting to files.cloudgdansk.pl (files.cloudgdansk.pl)|153.19.238.147|:443... connected.
HTTP request sent, awaiting response... 200 OK
Length: 3159 (3.1K) [application/json]
Saving to: ‘/root/process_mining/announcements/data/17_04_2022/ann17.04.2022-23-20-01.json’

     0K ...                                                   100%  598M=0s

2022-04-17 23:20:01 (598 MB/s) - ‘/root/process_mining/announcements/data/17_04_2022/ann17.04.2022-23-20-01.json’ saved [3159/3159]

--2022-04-17 23:30:01--  https://files.cloudgdansk.pl/d/otwarte-dane/ztm/bsk.json
Resolving files.cloudgdansk.pl (files.cloudgdansk.pl)... 153.19.238.147
Connecting to files.cloudgdansk.pl (files.cloudgdansk.pl)|153.19.238.147|:443... connected.
HTTP request sent, awaiting response... 200 OK
Length: 3159 (3.1K) [application/json]
Saving to: ‘/root/process_mining/announcements/data/17_04_2022/ann17.04.2022-23-30-01.json’

     0K ...                                                   100%  569M=0s

2022-04-17 23:30:01 (569 MB/s) - ‘/root/process_mining/announcements/data/17_04_2022/ann17.04.2022-23-30-01.json’ saved [3159/3159]

--2022-04-17 23:40:01--  https://files.cloudgdansk.pl/d/otwarte-dane/ztm/bsk.json
Resolving files.cloudgdansk.pl (files.cloudgdansk.pl)... 153.19.238.147
Connecting to files.cloudgdansk.pl (files.cloudgdansk.pl)|153.19.238.147|:443... connected.
HTTP request sent, awaiting response... 200 OK
Length: 3159 (3.1K) [application/json]
Saving to: ‘/root/process_mining/announcements/data/17_04_2022/ann17.04.2022-23-40-01.json’

     0K ...                                                   100%  556M=0s

2022-04-17 23:40:01 (556 MB/s) - ‘/root/process_mining/announcements/data/17_04_2022/ann17.04.2022-23-40-01.json’ saved [3159/3159]

--2022-04-17 23:50:01--  https://files.cloudgdansk.pl/d/otwarte-dane/ztm/bsk.json
Resolving files.cloudgdansk.pl (files.cloudgdansk.pl)... 153.19.238.147
Connecting to files.cloudgdansk.pl (files.cloudgdansk.pl)|153.19.238.147|:443... connected.
HTTP request sent, awaiting response... 200 OK
Length: 3159 (3.1K) [application/json]
Saving to: ‘/root/process_mining/announcements/data/17_04_2022/ann17.04.2022-23-50-01.json’

     0K ...                                                   100%  531M=0s

2022-04-17 23:50:02 (531 MB/s) - ‘/root/process_mining/announcements/data/17_04_2022/ann17.04.2022-23-50-01.json’ saved [3159/3159]

