--2022-04-17 02:55:01--  https://ckan.multimediagdansk.pl/dataset/c24aa637-3619-4dc2-a171-a23eec8f2172/resource/3115d29d-b763-4af5-93f6-763b835967d6/download/stopsintrip.json
Resolving ckan.multimediagdansk.pl (ckan.multimediagdansk.pl)... 91.244.248.30
Connecting to ckan.multimediagdansk.pl (ckan.multimediagdansk.pl)|91.244.248.30|:443... connected.
HTTP request sent, awaiting response... 200 OK
Length: 32812338 (31M) [application/json]
Saving to: ‘/root/process_mining/trips_tracing/stopsintrip.json’

     0K .......... .......... .......... .......... ..........  0%  873K 37s
    50K .......... .......... .......... .......... ..........  0% 1.73M 27s
   100K .......... .......... .......... .......... ..........  0% 20.6M 19s
   150K .......... .......... .......... .......... ..........  0% 87.9M 14s
   200K .......... .......... .......... .......... ..........  0% 1.77M 15s
   250K .......... .......... .......... .......... ..........  0% 59.3M 12s
   300K .......... .......... .......... .......... ..........  1% 85.2M 11s
   350K .......... .......... .......... .......... ..........  1%  140M 9s
   400K .......... .......... .......... .......... ..........  1% 1.85M 10s
   450K .......... .......... .......... .......... ..........  1% 50.0M 9s
   500K .......... .......... .......... .......... ..........  1% 48.7M 8s
   550K .......... .......... .......... .......... ..........  1% 75.0M 8s
   600K .......... .......... .......... .......... ..........  2% 85.8M 7s
   650K .......... .......... .......... .......... ..........  2% 86.4M 7s
   700K .......... .......... .......... .......... ..........  2%  159M 6s
   750K .......... .......... .......... .......... ..........  2%  165M 6s
   800K .......... .......... .......... .......... ..........  2%  135M 5s
   850K .......... .......... .......... .......... ..........  2% 2.08M 6s
   900K .......... .......... .......... .......... ..........  2% 84.6M 6s
   950K .......... .......... .......... .......... ..........  3% 63.2M 5s
  1000K .......... .......... .......... .......... ..........  3% 68.4M 5s
  1050K .......... .......... .......... .......... ..........  3% 59.6M 5s
  1100K .......... .......... .......... .......... ..........  3%  134M 5s
  1150K .......... .......... .......... .......... ..........  3%  129M 5s
  1200K .......... .......... .......... .......... ..........  3% 89.6M 4s
  1250K .......... .......... .......... .......... ..........  4% 34.0M 4s
  1300K .......... .......... .......... .......... ..........  4% 17.9M 4s
  1350K .......... .......... .......... .......... ..........  4% 28.2M 4s
  1400K .......... .......... .......... .......... ..........  4% 32.9M 4s
  1450K .......... .......... .......... .......... ..........  4% 33.9M 4s
  1500K .......... .......... .......... .......... ..........  4% 26.9M 4s
  1550K .......... .......... .......... .......... ..........  4% 3.87M 4s
  1600K .......... .......... .......... .......... ..........  5% 27.2M 4s
  1650K .......... .......... .......... .......... ..........  5% 29.8M 4s
  1700K .......... .......... .......... .......... ..........  5% 32.5M 4s
  1750K .......... .......... .......... .......... ..........  5% 3.23M 4s
  1800K .......... .......... .......... .......... ..........  5% 33.3M 4s
  1850K .......... .......... .......... .......... ..........  5% 33.8M 4s
  1900K .......... .......... .......... .......... ..........  6% 27.5M 3s
  1950K .......... .......... .......... .......... ..........  6% 33.3M 3s
  2000K .......... .......... .......... .......... ..........  6% 3.13M 4s
  2050K .......... .......... .......... .......... ..........  6% 28.1M 3s
  2100K .......... .......... .......... .......... ..........  6% 32.2M 3s
  2150K .......... .......... .......... .......... ..........  6% 28.0M 3s
  2200K .......... .......... .......... .......... ..........  7% 12.1M 3s
  2250K .......... .......... .......... .......... ..........  7% 27.2M 3s
  2300K .......... .......... .......... .......... ..........  7% 23.0M 3s
  2350K .......... .......... .......... .......... ..........  7% 31.4M 3s
  2400K .......... .......... .......... .......... ..........  7% 33.0M 3s
  2450K .......... .......... .......... .......... ..........  7% 6.47M 3s
  2500K .......... .......... .......... .......... ..........  7% 32.6M 3s
  2550K .......... .......... .......... .......... ..........  8% 33.6M 3s
  2600K .......... .......... .......... .......... ..........  8% 25.7M 3s
  2650K .......... .......... .......... .......... ..........  8% 19.7M 3s
  2700K .......... .......... .......... .......... ..........  8% 27.4M 3s
  2750K .......... .......... .......... .......... ..........  8% 23.3M 3s
  2800K .......... .......... .......... .......... ..........  8% 33.1M 3s
  2850K .......... .......... .......... .......... ..........  9% 24.8M 3s
  2900K .......... .......... .......... .......... ..........  9% 21.4M 3s
  2950K .......... .......... .......... .......... ..........  9% 28.1M 3s
  3000K .......... .......... .......... .......... ..........  9% 23.3M 3s
  3050K .......... .......... .......... .......... ..........  9% 30.4M 3s
  3100K .......... .......... .......... .......... ..........  9% 18.1M 3s
  3150K .......... .......... .......... .......... ..........  9% 27.7M 3s
  3200K .......... .......... .......... .......... .......... 10% 29.0M 3s
  3250K .......... .......... .......... .......... .......... 10% 27.2M 3s
  3300K .......... .......... .......... .......... .......... 10% 23.4M 3s
  3350K .......... .......... .......... .......... .......... 10% 6.04M 3s
  3400K .......... .......... .......... .......... .......... 10% 23.4M 3s
  3450K .......... .......... .......... .......... .......... 10% 29.5M 3s
  3500K .......... .......... .......... .......... .......... 11% 24.7M 2s
  3550K .......... .......... .......... .......... .......... 11% 16.8M 2s
  3600K .......... .......... .......... .......... .......... 11% 26.8M 2s
  3650K .......... .......... .......... .......... .......... 11% 28.1M 2s
  3700K .......... .......... .......... .......... .......... 11% 24.7M 2s
  3750K .......... .......... .......... .......... .......... 11% 27.2M 2s
  3800K .......... .......... .......... .......... .......... 12% 12.2M 2s
  3850K .......... .......... .......... .......... .......... 12% 28.1M 2s
  3900K .......... .......... .......... .......... .......... 12% 33.7M 2s
  3950K .......... .......... .......... .......... .......... 12% 27.8M 2s
  4000K .......... .......... .......... .......... .......... 12% 19.8M 2s
  4050K .......... .......... .......... .......... .......... 12% 33.0M 2s
  4100K .......... .......... .......... .......... .......... 12% 27.8M 2s
  4150K .......... .......... .......... .......... .......... 13% 32.8M 2s
  4200K .......... .......... .......... .......... .......... 13% 32.1M 2s
  4250K .......... .......... .......... .......... .......... 13% 13.6M 2s
  4300K .......... .......... .......... .......... .......... 13% 31.4M 2s
  4350K .......... .......... .......... .......... .......... 13% 33.4M 2s
  4400K .......... .......... .......... .......... .......... 13% 27.9M 2s
  4450K .......... .......... .......... .......... .......... 14% 23.0M 2s
  4500K .......... .......... .......... .......... .......... 14% 32.9M 2s
  4550K .......... .......... .......... .......... .......... 14% 29.4M 2s
  4600K .......... .......... .......... .......... .......... 14% 31.8M 2s
  4650K .......... .......... .......... .......... .......... 14% 27.4M 2s
  4700K .......... .......... .......... .......... .......... 14% 22.2M 2s
  4750K .......... .......... .......... .......... .......... 14% 28.6M 2s
  4800K .......... .......... .......... .......... .......... 15% 28.6M 2s
  4850K .......... .......... .......... .......... .......... 15% 32.9M 2s
  4900K .......... .......... .......... .......... .......... 15% 13.4M 2s
  4950K .......... .......... .......... .......... .......... 15% 27.4M 2s
  5000K .......... .......... .......... .......... .......... 15% 32.1M 2s
  5050K .......... .......... .......... .......... .......... 15% 27.9M 2s
  5100K .......... .......... .......... .......... .......... 16% 25.6M 2s
  5150K .......... .......... .......... .......... .......... 16% 31.8M 2s
  5200K .......... .......... .......... .......... .......... 16% 27.3M 2s
  5250K .......... .......... .......... .......... .......... 16% 32.0M 2s
  5300K .......... .......... .......... .......... .......... 16% 22.7M 2s
  5350K .......... .......... .......... .......... .......... 16% 33.4M 2s
  5400K .......... .......... .......... .......... .......... 17% 31.4M 2s
  5450K .......... .......... .......... .......... .......... 17% 27.4M 2s
  5500K .......... .......... .......... .......... .......... 17% 21.2M 2s
  5550K .......... .......... .......... .......... .......... 17% 32.3M 2s
  5600K .......... .......... .......... .......... .......... 17% 27.1M 2s
  5650K .......... .......... .......... .......... .......... 17% 32.6M 2s
  5700K .......... .......... .......... .......... .......... 17% 33.6M 2s
  5750K .......... .......... .......... .......... .......... 18% 6.77M 2s
  5800K .......... .......... .......... .......... .......... 18% 31.9M 2s
  5850K .......... .......... .......... .......... .......... 18% 33.9M 2s
  5900K .......... .......... .......... .......... .......... 18% 26.7M 2s
  5950K .......... .......... .......... .......... .......... 18% 17.8M 2s
  6000K .......... .......... .......... .......... .......... 18% 32.1M 2s
  6050K .......... .......... .......... .......... .......... 19% 26.9M 2s
  6100K .......... .......... .......... .......... .......... 19% 32.2M 2s
  6150K .......... .......... .......... .......... .......... 19% 27.2M 2s
  6200K .......... .......... .......... .......... .......... 19% 19.9M 2s
  6250K .......... .......... .......... .......... .......... 19% 32.0M 2s
  6300K .......... .......... .......... .......... .......... 19% 27.3M 2s
  6350K .......... .......... .......... .......... .......... 19% 31.5M 2s
  6400K .......... .......... .......... .......... .......... 20% 23.3M 2s
  6450K .......... .......... .......... .......... .......... 20% 29.1M 2s
  6500K .......... .......... .......... .......... .......... 20% 33.9M 2s
  6550K .......... .......... .......... .......... .......... 20% 27.7M 2s
  6600K .......... .......... .......... .......... .......... 20% 33.3M 2s
  6650K .......... .......... .......... .......... .......... 20% 19.8M 2s
  6700K .......... .......... .......... .......... .......... 21% 26.7M 2s
  6750K .......... .......... .......... .......... .......... 21% 33.0M 2s
  6800K .......... .......... .......... .......... .......... 21% 27.2M 2s
  6850K .......... .......... .......... .......... .......... 21% 27.5M 2s
  6900K .......... .......... .......... .......... .......... 21% 32.4M 2s
  6950K .......... .......... .......... .......... .......... 21% 27.3M 2s
  7000K .......... .......... .......... .......... .......... 22% 26.6M 2s
  7050K .......... .......... .......... .......... .......... 22% 34.2M 2s
  7100K .......... .......... .......... .......... .......... 22% 27.3M 2s
  7150K .......... .......... .......... .......... .......... 22% 32.7M 2s
  7200K .......... .......... .......... .......... .......... 22% 27.4M 2s
  7250K .......... .......... .......... .......... .......... 22% 27.1M 2s
  7300K .......... .......... .......... .......... .......... 22% 32.0M 2s
  7350K .......... .......... .......... .......... .......... 23% 28.8M 2s
  7400K .......... .......... .......... .......... .......... 23% 32.2M 2s
  7450K .......... .......... .......... .......... .......... 23% 13.8M 2s
  7500K .......... .......... .......... .......... .......... 23% 31.9M 2s
  7550K .......... .......... .......... .......... .......... 23% 32.3M 1s
  7600K .......... .......... .......... .......... .......... 23% 26.5M 1s
  7650K .......... .......... .......... .......... .......... 24% 23.5M 1s
  7700K .......... .......... .......... .......... .......... 24% 31.7M 1s
  7750K .......... .......... .......... .......... .......... 24% 27.7M 1s
  7800K .......... .......... .......... .......... .......... 24% 32.2M 1s
  7850K .......... .......... .......... .......... .......... 24% 27.3M 1s
  7900K .......... .......... .......... .......... .......... 24% 24.4M 1s
  7950K .......... .......... .......... .......... .......... 24% 32.6M 1s
  8000K .......... .......... .......... .......... .......... 25% 27.8M 1s
  8050K .......... .......... .......... .......... .......... 25% 31.3M 1s
  8100K .......... .......... .......... .......... .......... 25% 20.8M 1s
  8150K .......... .......... .......... .......... .......... 25% 28.7M 1s
  8200K .......... .......... .......... .......... .......... 25% 33.2M 1s
  8250K .......... .......... .......... .......... .......... 25% 28.4M 1s
  8300K .......... .......... .......... .......... .......... 26% 32.2M 1s
  8350K .......... .......... .......... .......... .......... 26% 25.2M 1s
  8400K .......... .......... .......... .......... .......... 26% 28.4M 1s
  8450K .......... .......... .......... .......... .......... 26% 32.8M 1s
  8500K .......... .......... .......... .......... .......... 26% 32.6M 1s
  8550K .......... .......... .......... .......... .......... 26% 22.4M 1s
  8600K .......... .......... .......... .......... .......... 26% 31.9M 1s
  8650K .......... .......... .......... .......... .......... 27% 32.6M 1s
  8700K .......... .......... .......... .......... .......... 27% 27.6M 1s
  8750K .......... .......... .......... .......... .......... 27% 32.1M 1s
  8800K .......... .......... .......... .......... .......... 27% 24.3M 1s
  8850K .......... .......... .......... .......... .......... 27% 28.1M 1s
  8900K .......... .......... .......... .......... .......... 27% 32.4M 1s
  8950K .......... .......... .......... .......... .......... 28% 28.2M 1s
  9000K .......... .......... .......... .......... .......... 28% 24.9M 1s
  9050K .......... .......... .......... .......... .......... 28% 32.7M 1s
  9100K .......... .......... .......... .......... .......... 28% 27.0M 1s
  9150K .......... .......... .......... .......... .......... 28% 31.9M 1s
  9200K .......... .......... .......... .......... .......... 28% 32.9M 1s
  9250K .......... .......... .......... .......... .......... 29% 14.3M 1s
  9300K .......... .......... .......... .......... .......... 29% 32.1M 1s
  9350K .......... .......... .......... .......... .......... 29% 32.4M 1s
  9400K .......... .......... .......... .......... .......... 29% 28.1M 1s
  9450K .......... .......... .......... .......... .......... 29% 22.3M 1s
  9500K .......... .......... .......... .......... .......... 29% 31.0M 1s
  9550K .......... .......... .......... .......... .......... 29% 28.2M 1s
  9600K .......... .......... .......... .......... .......... 30% 32.7M 1s
  9650K .......... .......... .......... .......... .......... 30% 13.0M 1s
  9700K .......... .......... .......... .......... .......... 30% 26.8M 1s
  9750K .......... .......... .......... .......... .......... 30% 27.3M 1s
  9800K .......... .......... .......... .......... .......... 30% 26.1M 1s
  9850K .......... .......... .......... .......... .......... 30% 26.4M 1s
  9900K .......... .......... .......... .......... .......... 31% 14.2M 1s
  9950K .......... .......... .......... .......... .......... 31% 24.6M 1s
 10000K .......... .......... .......... .......... .......... 31% 27.6M 1s
 10050K .......... .......... .......... .......... .......... 31% 24.0M 1s
 10100K .......... .......... .......... .......... .......... 31% 2.57M 1s
 10150K .......... .......... .......... .......... .......... 31% 29.4M 1s
 10200K .......... .......... .......... .......... .......... 31% 25.3M 1s
 10250K .......... .......... .......... .......... .......... 32% 28.5M 1s
 10300K .......... .......... .......... .......... .......... 32% 27.1M 1s
 10350K .......... .......... .......... .......... .......... 32% 3.72M 1s
 10400K .......... .......... .......... .......... .......... 32% 33.1M 1s
 10450K .......... .......... .......... .......... .......... 32% 31.1M 1s
 10500K .......... .......... .......... .......... .......... 32% 29.6M 1s
 10550K .......... .......... .......... .......... .......... 33% 7.05M 1s
 10600K .......... .......... .......... .......... .......... 33% 27.2M 1s
 10650K .......... .......... .......... .......... .......... 33% 24.1M 1s
 10700K .......... .......... .......... .......... .......... 33% 31.4M 1s
 10750K .......... .......... .......... .......... .......... 33% 19.1M 1s
 10800K .......... .......... .......... .......... .......... 33% 25.6M 1s
 10850K .......... .......... .......... .......... .......... 34% 33.0M 1s
 10900K .......... .......... .......... .......... .......... 34% 28.5M 1s
 10950K .......... .......... .......... .......... .......... 34% 34.4M 1s
 11000K .......... .......... .......... .......... .......... 34% 25.3M 1s
 11050K .......... .......... .......... .......... .......... 34% 23.4M 1s
 11100K .......... .......... .......... .......... .......... 34% 24.9M 1s
 11150K .......... .......... .......... .......... .......... 34% 24.2M 1s
 11200K .......... .......... .......... .......... .......... 35% 25.1M 1s
 11250K .......... .......... .......... .......... .......... 35% 29.2M 1s
 11300K .......... .......... .......... .......... .......... 35% 32.7M 1s
 11350K .......... .......... .......... .......... .......... 35% 25.7M 1s
 11400K .......... .......... .......... .......... .......... 35% 27.5M 1s
 11450K .......... .......... .......... .......... .......... 35% 19.1M 1s
 11500K .......... .......... .......... .......... .......... 36% 25.6M 1s
 11550K .......... .......... .......... .......... .......... 36% 32.8M 1s
 11600K .......... .......... .......... .......... .......... 36% 31.1M 1s
 11650K .......... .......... .......... .......... .......... 36% 7.91M 1s
 11700K .......... .......... .......... .......... .......... 36% 31.4M 1s
 11750K .......... .......... .......... .......... .......... 36% 30.9M 1s
 11800K .......... .......... .......... .......... .......... 36% 27.4M 1s
 11850K .......... .......... .......... .......... .......... 37% 29.7M 1s
 11900K .......... .......... .......... .......... .......... 37% 18.3M 1s
 11950K .......... .......... .......... .......... .......... 37% 27.0M 1s
 12000K .......... .......... .......... .......... .......... 37% 32.0M 1s
 12050K .......... .......... .......... .......... .......... 37% 27.0M 1s
 12100K .......... .......... .......... .......... .......... 37% 23.8M 1s
 12150K .......... .......... .......... .......... .......... 38% 31.2M 1s
 12200K .......... .......... .......... .......... .......... 38% 27.9M 1s
 12250K .......... .......... .......... .......... .......... 38% 31.4M 1s
 12300K .......... .......... .......... .......... .......... 38% 25.9M 1s
 12350K .......... .......... .......... .......... .......... 38% 28.5M 1s
 12400K .......... .......... .......... .......... .......... 38% 33.3M 1s
 12450K .......... .......... .......... .......... .......... 39% 27.5M 1s
 12500K .......... .......... .......... .......... .......... 39% 25.5M 1s
 12550K .......... .......... .......... .......... .......... 39% 31.7M 1s
 12600K .......... .......... .......... .......... .......... 39% 26.5M 1s
 12650K .......... .......... .......... .......... .......... 39% 32.0M 1s
 12700K .......... .......... .......... .......... .......... 39% 24.2M 1s
 12750K .......... .......... .......... .......... .......... 39% 26.8M 1s
 12800K .......... .......... .......... .......... .......... 40% 31.6M 1s
 12850K .......... .......... .......... .......... .......... 40% 30.0M 1s
 12900K .......... .......... .......... .......... .......... 40% 27.7M 1s
 12950K .......... .......... .......... .......... .......... 40% 23.4M 1s
 13000K .......... .......... .......... .......... .......... 40% 27.4M 1s
 13050K .......... .......... .......... .......... .......... 40% 31.2M 1s
 13100K .......... .......... .......... .......... .......... 41% 32.1M 1s
 13150K .......... .......... .......... .......... .......... 41% 21.6M 1s
 13200K .......... .......... .......... .......... .......... 41% 31.7M 1s
 13250K .......... .......... .......... .......... .......... 41% 32.0M 1s
 13300K .......... .......... .......... .......... .......... 41% 27.7M 1s
 13350K .......... .......... .......... .......... .......... 41% 30.9M 1s
 13400K .......... .......... .......... .......... .......... 41% 24.5M 1s
 13450K .......... .......... .......... .......... .......... 42% 27.5M 1s
 13500K .......... .......... .......... .......... .......... 42% 31.4M 1s
 13550K .......... .......... .......... .......... .......... 42% 20.9M 1s
 13600K .......... .......... .......... .......... .......... 42% 22.0M 1s
 13650K .......... .......... .......... .......... .......... 42%  101M 1s
 13700K .......... .......... .......... .......... .......... 42% 26.0M 1s
 13750K .......... .......... .......... .......... .......... 43% 31.3M 1s
 13800K .......... .......... .......... .......... .......... 43% 26.7M 1s
 13850K .......... .......... .......... .......... .......... 43% 30.7M 1s
 13900K .......... .......... .......... .......... .......... 43% 31.1M 1s
 13950K .......... .......... .......... .......... .......... 43% 27.1M 1s
 14000K .......... .......... .......... .......... .......... 43% 30.4M 1s
 14050K .......... .......... .......... .......... .......... 44% 27.2M 1s
 14100K .......... .......... .......... .......... .......... 44% 32.7M 1s
 14150K .......... .......... .......... .......... .......... 44% 30.5M 1s
 14200K .......... .......... .......... .......... .......... 44% 27.5M 1s
 14250K .......... .......... .......... .......... .......... 44% 32.0M 1s
 14300K .......... .......... .......... .......... .......... 44% 27.6M 1s
 14350K .......... .......... .......... .......... .......... 44% 30.2M 1s
 14400K .......... .......... .......... .......... .......... 45% 32.5M 1s
 14450K .......... .......... .......... .......... .......... 45% 27.5M 1s
 14500K .......... .......... .......... .......... .......... 45% 30.5M 1s
 14550K .......... .......... .......... .......... .......... 45% 26.6M 1s
 14600K .......... .......... .......... .......... .......... 45% 31.6M 1s
 14650K .......... .......... .......... .......... .......... 45% 31.3M 1s
 14700K .......... .......... .......... .......... .......... 46% 26.6M 1s
 14750K .......... .......... .......... .......... .......... 46% 29.1M 1s
 14800K .......... .......... .......... .......... .......... 46% 27.0M 1s
 14850K .......... .......... .......... .......... .......... 46% 31.3M 1s
 14900K .......... .......... .......... .......... .......... 46% 30.9M 1s
 14950K .......... .......... .......... .......... .......... 46% 27.6M 1s
 15000K .......... .......... .......... .......... .......... 46% 31.4M 1s
 15050K .......... .......... .......... .......... .......... 47% 27.8M 1s
 15100K .......... .......... .......... .......... .......... 47% 31.5M 1s
 15150K .......... .......... .......... .......... .......... 47% 32.6M 1s
 15200K .......... .......... .......... .......... .......... 47% 26.2M 1s
 15250K .......... .......... .......... .......... .......... 47% 29.9M 1s
 15300K .......... .......... .......... .......... .......... 47% 27.4M 1s
 15350K .......... .......... .......... .......... .......... 48% 30.4M 1s
 15400K .......... .......... .......... .......... .......... 48% 32.1M 1s
 15450K .......... .......... .......... .......... .......... 48% 27.3M 1s
 15500K .......... .......... .......... .......... .......... 48% 31.1M 1s
 15550K .......... .......... .......... .......... .......... 48% 27.1M 1s
 15600K .......... .......... .......... .......... .......... 48% 30.8M 1s
 15650K .......... .......... .......... .......... .......... 48% 31.0M 1s
 15700K .......... .......... .......... .......... .......... 49% 27.3M 1s
 15750K .......... .......... .......... .......... .......... 49% 31.4M 1s
 15800K .......... .......... .......... .......... .......... 49% 26.5M 1s
 15850K .......... .......... .......... .......... .......... 49% 31.9M 1s
 15900K .......... .......... .......... .......... .......... 49% 30.6M 1s
 15950K .......... .......... .......... .......... .......... 49% 25.8M 1s
 16000K .......... .......... .......... .......... .......... 50% 31.4M 1s
 16050K .......... .......... .......... .......... .......... 50% 25.9M 1s
 16100K .......... .......... .......... .......... .......... 50% 31.1M 1s
 16150K .......... .......... .......... .......... .......... 50% 31.1M 1s
 16200K .......... .......... .......... .......... .......... 50% 26.6M 1s
 16250K .......... .......... .......... .......... .......... 50% 30.9M 1s
 16300K .......... .......... .......... .......... .......... 51% 26.1M 1s
 16350K .......... .......... .......... .......... .......... 51% 32.0M 1s
 16400K .......... .......... .......... .......... .......... 51% 31.5M 1s
 16450K .......... .......... .......... .......... .......... 51% 23.0M 1s
 16500K .......... .......... .......... .......... .......... 51% 36.1M 1s
 16550K .......... .......... .......... .......... .......... 51% 27.3M 1s
 16600K .......... .......... .......... .......... .......... 51% 32.4M 1s
 16650K .......... .......... .......... .......... .......... 52% 31.7M 1s
 16700K .......... .......... .......... .......... .......... 52% 26.4M 1s
 16750K .......... .......... .......... .......... .......... 52% 32.0M 1s
 16800K .......... .......... .......... .......... .......... 52% 27.0M 1s
 16850K .......... .......... .......... .......... .......... 52% 31.6M 1s
 16900K .......... .......... .......... .......... .......... 52% 31.9M 1s
 16950K .......... .......... .......... .......... .......... 53% 27.6M 1s
 17000K .......... .......... .......... .......... .......... 53% 31.7M 1s
 17050K .......... .......... .......... .......... .......... 53% 27.5M 1s
 17100K .......... .......... .......... .......... .......... 53% 31.6M 1s
 17150K .......... .......... .......... .......... .......... 53% 31.2M 1s
 17200K .......... .......... .......... .......... .......... 53% 26.8M 1s
 17250K .......... .......... .......... .......... .......... 53% 32.2M 1s
 17300K .......... .......... .......... .......... .......... 54% 27.8M 1s
 17350K .......... .......... .......... .......... .......... 54% 32.2M 1s
 17400K .......... .......... .......... .......... .......... 54% 29.3M 1s
 17450K .......... .......... .......... .......... .......... 54% 28.2M 1s
 17500K .......... .......... .......... .......... .......... 54% 29.7M 1s
 17550K .......... .......... .......... .......... .......... 54% 27.3M 1s
 17600K .......... .......... .......... .......... .......... 55% 31.4M 1s
 17650K .......... .......... .......... .......... .......... 55% 26.7M 1s
 17700K .......... .......... .......... .......... .......... 55% 31.7M 1s
 17750K .......... .......... .......... .......... .......... 55% 31.7M 1s
 17800K .......... .......... .......... .......... .......... 55% 26.6M 1s
 17850K .......... .......... .......... .......... .......... 55% 31.0M 1s
 17900K .......... .......... .......... .......... .......... 56% 30.9M 1s
 17950K .......... .......... .......... .......... .......... 56% 27.6M 1s
 18000K .......... .......... .......... .......... .......... 56% 30.6M 1s
 18050K .......... .......... .......... .......... .......... 56% 26.1M 1s
 18100K .......... .......... .......... .......... .......... 56% 30.9M 1s
 18150K .......... .......... .......... .......... .......... 56% 29.9M 1s
 18200K .......... .......... .......... .......... .......... 56% 26.9M 1s
 18250K .......... .......... .......... .......... .......... 57% 24.7M 1s
 18300K .......... .......... .......... .......... .......... 57% 34.4M 1s
 18350K .......... .......... .......... .......... .......... 57% 30.6M 1s
 18400K .......... .......... .......... .......... .......... 57% 31.5M 1s
 18450K .......... .......... .......... .......... .......... 57% 28.3M 1s
 18500K .......... .......... .......... .......... .......... 57% 29.4M 1s
 18550K .......... .......... .......... .......... .......... 58% 28.1M 1s
 18600K .......... .......... .......... .......... .......... 58% 30.6M 1s
 18650K .......... .......... .......... .......... .......... 58% 30.8M 1s
 18700K .......... .......... .......... .......... .......... 58% 27.8M 1s
 18750K .......... .......... .......... .......... .......... 58% 31.5M 1s
 18800K .......... .......... .......... .......... .......... 58% 26.8M 1s
 18850K .......... .......... .......... .......... .......... 58% 32.8M 1s
 18900K .......... .......... .......... .......... .......... 59% 31.9M 1s
 18950K .......... .......... .......... .......... .......... 59% 26.7M 1s
 19000K .......... .......... .......... .......... .......... 59% 31.9M 1s
 19050K .......... .......... .......... .......... .......... 59% 27.8M 1s
 19100K .......... .......... .......... .......... .......... 59% 30.7M 1s
 19150K .......... .......... .......... .......... .......... 59% 31.9M 1s
 19200K .......... .......... .......... .......... .......... 60% 26.5M 1s
 19250K .......... .......... .......... .......... .......... 60% 31.7M 1s
 19300K .......... .......... .......... .......... .......... 60% 27.4M 1s
 19350K .......... .......... .......... .......... .......... 60% 30.8M 1s
 19400K .......... .......... .......... .......... .......... 60% 28.0M 1s
 19450K .......... .......... .......... .......... .......... 60% 22.2M 1s
 19500K .......... .......... .......... .......... .......... 61% 38.9M 1s
 19550K .......... .......... .......... .......... .......... 61% 26.3M 1s
 19600K .......... .......... .......... .......... .......... 61% 31.8M 1s
 19650K .......... .......... .......... .......... .......... 61% 31.4M 1s
 19700K .......... .......... .......... .......... .......... 61% 27.1M 1s
 19750K .......... .......... .......... .......... .......... 61% 32.2M 1s
 19800K .......... .......... .......... .......... .......... 61% 26.0M 1s
 19850K .......... .......... .......... .......... .......... 62% 32.8M 1s
 19900K .......... .......... .......... .......... .......... 62% 30.2M 1s
 19950K .......... .......... .......... .......... .......... 62% 26.7M 1s
 20000K .......... .......... .......... .......... .......... 62% 31.5M 1s
 20050K .......... .......... .......... .......... .......... 62% 26.7M 1s
 20100K .......... .......... .......... .......... .......... 62% 30.5M 1s
 20150K .......... .......... .......... .......... .......... 63% 31.2M 1s
 20200K .......... .......... .......... .......... .......... 63% 27.8M 1s
 20250K .......... .......... .......... .......... .......... 63% 29.2M 1s
 20300K .......... .......... .......... .......... .......... 63% 25.9M 1s
 20350K .......... .......... .......... .......... .......... 63% 31.8M 1s
 20400K .......... .......... .......... .......... .......... 63% 31.2M 1s
 20450K .......... .......... .......... .......... .......... 63% 26.2M 1s
 20500K .......... .......... .......... .......... .......... 64% 31.2M 1s
 20550K .......... .......... .......... .......... .......... 64% 27.4M 1s
 20600K .......... .......... .......... .......... .......... 64% 30.9M 1s
 20650K .......... .......... .......... .......... .......... 64% 32.4M 1s
 20700K .......... .......... .......... .......... .......... 64% 26.8M 1s
 20750K .......... .......... .......... .......... .......... 64% 31.2M 1s
 20800K .......... .......... .......... .......... .......... 65% 27.8M 1s
 20850K .......... .......... .......... .......... .......... 65% 31.9M 1s
 20900K .......... .......... .......... .......... .......... 65% 33.3M 1s
 20950K .......... .......... .......... .......... .......... 65% 25.8M 1s
 21000K .......... .......... .......... .......... .......... 65% 31.9M 1s
 21050K .......... .......... .......... .......... .......... 65% 25.8M 1s
 21100K .......... .......... .......... .......... .......... 66% 30.9M 1s
 21150K .......... .......... .......... .......... .......... 66% 29.4M 0s
 21200K .......... .......... .......... .......... .......... 66% 27.6M 0s
 21250K .......... .......... .......... .......... .......... 66% 30.9M 0s
 21300K .......... .......... .......... .......... .......... 66% 26.3M 0s
 21350K .......... .......... .......... .......... .......... 66% 31.7M 0s
 21400K .......... .......... .......... .......... .......... 66% 29.8M 0s
 21450K .......... .......... .......... .......... .......... 67% 27.8M 0s
 21500K .......... .......... .......... .......... .......... 67% 31.4M 0s
 21550K .......... .......... .......... .......... .......... 67% 26.4M 0s
 21600K .......... .......... .......... .......... .......... 67% 31.7M 0s
 21650K .......... .......... .......... .......... .......... 67% 30.8M 0s
 21700K .......... .......... .......... .......... .......... 67% 26.9M 0s
 21750K .......... .......... .......... .......... .......... 68% 30.8M 0s
 21800K .......... .......... .......... .......... .......... 68% 27.5M 0s
 21850K .......... .......... .......... .......... .......... 68% 30.0M 0s
 21900K .......... .......... .......... .......... .......... 68% 30.3M 0s
 21950K .......... .......... .......... .......... .......... 68% 26.1M 0s
 22000K .......... .......... .......... .......... .......... 68% 32.4M 0s
 22050K .......... .......... .......... .......... .......... 68% 26.2M 0s
 22100K .......... .......... .......... .......... .......... 69% 31.0M 0s
 22150K .......... .......... .......... .......... .......... 69% 31.2M 0s
 22200K .......... .......... .......... .......... .......... 69% 27.2M 0s
 22250K .......... .......... .......... .......... .......... 69% 30.0M 0s
 22300K .......... .......... .......... .......... .......... 69% 27.0M 0s
 22350K .......... .......... .......... .......... .......... 69% 29.9M 0s
 22400K .......... .......... .......... .......... .......... 70%  488K 0s
 22450K .......... .......... .......... .......... .......... 70% 84.5M 0s
 22500K .......... .......... .......... .......... .......... 70%  108M 0s
 22550K .......... .......... .......... .......... .......... 70%  131M 0s
 22600K .......... .......... .......... .......... .......... 70%  128M 0s
 22650K .......... .......... .......... .......... .......... 70%  110M 0s
 22700K .......... .......... .......... .......... .......... 70%  122M 0s
 22750K .......... .......... .......... .......... .......... 71%  149M 0s
 22800K .......... .......... .......... .......... .......... 71%  129M 0s
 22850K .......... .......... .......... .......... .......... 71%  111M 0s
 22900K .......... .......... .......... .......... .......... 71%  151M 0s
 22950K .......... .......... .......... .......... .......... 71%  130M 0s
 23000K .......... .......... .......... .......... .......... 71%  119M 0s
 23050K .......... .......... .......... .......... .......... 72%  131M 0s
 23100K .......... .......... .......... .......... .......... 72%  151M 0s
 23150K .......... .......... .......... .......... .......... 72%  115M 0s
 23200K .......... .......... .......... .......... .......... 72%  122M 0s
 23250K .......... .......... .......... .......... .......... 72%  111M 0s
 23300K .......... .......... .......... .......... .......... 72%  129M 0s
 23350K .......... .......... .......... .......... .......... 73%  131M 0s
 23400K .......... .......... .......... .......... .......... 73% 26.5M 0s
 23450K .......... .......... .......... .......... .......... 73% 14.0M 0s
 23500K .......... .......... .......... .......... .......... 73% 14.9M 0s
 23550K .......... .......... .......... .......... .......... 73% 24.5M 0s
 23600K .......... .......... .......... .......... .......... 73% 17.7M 0s
 23650K .......... .......... .......... .......... .......... 73% 10.1M 0s
 23700K .......... .......... .......... .......... .......... 74% 17.3M 0s
 23750K .......... .......... .......... .......... .......... 74% 3.92M 0s
 23800K .......... .......... .......... .......... .......... 74% 15.0M 0s
 23850K .......... .......... .......... .......... .......... 74% 7.25M 0s
 23900K .......... .......... .......... .......... .......... 74% 33.4M 0s
 23950K .......... .......... .......... .......... .......... 74% 1.27M 0s
 24000K .......... .......... .......... .......... .......... 75%  121M 0s
 24050K .......... .......... .......... .......... .......... 75%  127M 0s
 24100K .......... .......... .......... .......... .......... 75%  132M 0s
 24150K .......... .......... .......... .......... .......... 75%  155M 0s
 24200K .......... .......... .......... .......... .......... 75%  121M 0s
 24250K .......... .......... .......... .......... .......... 75%  133M 0s
 24300K .......... .......... .......... .......... .......... 75%  137M 0s
 24350K .......... .......... .......... .......... .......... 76%  145M 0s
 24400K .......... .......... .......... .......... .......... 76% 24.9M 0s
 24450K .......... .......... .......... .......... .......... 76% 20.8M 0s
 24500K .......... .......... .......... .......... .......... 76% 8.28M 0s
 24550K .......... .......... .......... .......... .......... 76% 12.6M 0s
 24600K .......... .......... .......... .......... .......... 76% 21.7M 0s
 24650K .......... .......... .......... .......... .......... 77% 7.95M 0s
 24700K .......... .......... .......... .......... .......... 77% 32.3M 0s
 24750K .......... .......... .......... .......... .......... 77% 6.68M 0s
 24800K .......... .......... .......... .......... .......... 77% 11.4M 0s
 24850K .......... .......... .......... .......... .......... 77% 1.46M 0s
 24900K .......... .......... .......... .......... .......... 77%  140M 0s
 24950K .......... .......... .......... .......... .......... 78%  128M 0s
 25000K .......... .......... .......... .......... .......... 78%  118M 0s
 25050K .......... .......... .......... .......... .......... 78%  140M 0s
 25100K .......... .......... .......... .......... .......... 78% 2.42M 0s
 25150K .......... .......... .......... .......... .......... 78%  134M 0s
 25200K .......... .......... .......... .......... .......... 78%  113M 0s
 25250K .......... .......... .......... .......... .......... 78%  143M 0s
 25300K .......... .......... .......... .......... .......... 79%  135M 0s
 25350K .......... .......... .......... .......... .......... 79%  143M 0s
 25400K .......... .......... .......... .......... .......... 79%  153M 0s
 25450K .......... .......... .......... .......... .......... 79%  129M 0s
 25500K .......... .......... .......... .......... .......... 79%  150M 0s
 25550K .......... .......... .......... .......... .......... 79% 7.38M 0s
 25600K .......... .......... .......... .......... .......... 80% 20.2M 0s
 25650K .......... .......... .......... .......... .......... 80%  143M 0s
 25700K .......... .......... .......... .......... .......... 80% 6.02M 0s
 25750K .......... .......... .......... .......... .......... 80% 8.49M 0s
 25800K .......... .......... .......... .......... .......... 80% 7.34M 0s
 25850K .......... .......... .......... .......... .......... 80%  121M 0s
 25900K .......... .......... .......... .......... .......... 80%  154M 0s
 25950K .......... .......... .......... .......... .......... 81%  139M 0s
 26000K .......... .......... .......... .......... .......... 81%  134M 0s
 26050K .......... .......... .......... .......... .......... 81%  110M 0s
 26100K .......... .......... .......... .......... .......... 81%  163M 0s
 26150K .......... .......... .......... .......... .......... 81% 1.97M 0s
 26200K .......... .......... .......... .......... .......... 81% 6.45M 0s
 26250K .......... .......... .......... .......... .......... 82%  157M 0s
 26300K .......... .......... .......... .......... .......... 82%  139M 0s
 26350K .......... .......... .......... .......... .......... 82%  154M 0s
 26400K .......... .......... .......... .......... .......... 82%  154M 0s
 26450K .......... .......... .......... .......... .......... 82% 2.53M 0s
 26500K .......... .......... .......... .......... .......... 82%  131M 0s
 26550K .......... .......... .......... .......... .......... 83%  125M 0s
 26600K .......... .......... .......... .......... .......... 83%  133M 0s
 26650K .......... .......... .......... .......... .......... 83%  146M 0s
 26700K .......... .......... .......... .......... .......... 83%  126M 0s
 26750K .......... .......... .......... .......... .......... 83% 11.8M 0s
 26800K .......... .......... .......... .......... .......... 83% 5.39M 0s
 26850K .......... .......... .......... .......... .......... 83% 12.1M 0s
 26900K .......... .......... .......... .......... .......... 84% 8.91M 0s
 26950K .......... .......... .......... .......... .......... 84% 7.20M 0s
 27000K .......... .......... .......... .......... .......... 84% 15.7M 0s
 27050K .......... .......... .......... .......... .......... 84% 5.43M 0s
 27100K .......... .......... .......... .......... .......... 84% 11.7M 0s
 27150K .......... .......... .......... .......... .......... 84% 9.06M 0s
 27200K .......... .......... .......... .......... .......... 85% 4.45M 0s
 27250K .......... .......... .......... .......... .......... 85% 8.57M 0s
 27300K .......... .......... .......... .......... .......... 85% 23.6M 0s
 27350K .......... .......... .......... .......... .......... 85% 11.2M 0s
 27400K .......... .......... .......... .......... .......... 85% 9.30M 0s
 27450K .......... .......... .......... .......... .......... 85% 9.23M 0s
 27500K .......... .......... .......... .......... .......... 85% 4.23M 0s
 27550K .......... .......... .......... .......... .......... 86% 23.9M 0s
 27600K .......... .......... .......... .......... .......... 86% 10.9M 0s
 27650K .......... .......... .......... .......... .......... 86% 12.1M 0s
 27700K .......... .......... .......... .......... .......... 86% 7.69M 0s
 27750K .......... .......... .......... .......... .......... 86% 4.19M 0s
 27800K .......... .......... .......... .......... .......... 86% 20.9M 0s
 27850K .......... .......... .......... .......... .......... 87% 15.8M 0s
 27900K .......... .......... .......... .......... .......... 87% 9.89M 0s
 27950K .......... .......... .......... .......... .......... 87% 7.72M 0s
 28000K .......... .......... .......... .......... .......... 87% 4.12M 0s
 28050K .......... .......... .......... .......... .......... 87% 28.3M 0s
 28100K .......... .......... .......... .......... .......... 87% 13.6M 0s
 28150K .......... .......... .......... .......... .......... 88% 9.85M 0s
 28200K .......... .......... .......... .......... .......... 88% 7.65M 0s
 28250K .......... .......... .......... .......... .......... 88% 4.16M 0s
 28300K .......... .......... .......... .......... .......... 88% 28.4M 0s
 28350K .......... .......... .......... .......... .......... 88% 13.6M 0s
 28400K .......... .......... .......... .......... .......... 88% 9.90M 0s
 28450K .......... .......... .......... .......... .......... 88% 9.11M 0s
 28500K .......... .......... .......... .......... .......... 89% 3.80M 0s
 28550K .......... .......... .......... .......... .......... 89% 26.5M 0s
 28600K .......... .......... .......... .......... .......... 89% 14.3M 0s
 28650K .......... .......... .......... .......... .......... 89% 9.96M 0s
 28700K .......... .......... .......... .......... .......... 89% 9.12M 0s
 28750K .......... .......... .......... .......... .......... 89% 4.42M 0s
 28800K .......... .......... .......... .......... .......... 90% 12.2M 0s
 28850K .......... .......... .......... .......... .......... 90% 15.8M 0s
 28900K .......... .......... .......... .......... .......... 90% 12.8M 0s
 28950K .......... .......... .......... .......... .......... 90% 7.53M 0s
 29000K .......... .......... .......... .......... .......... 90% 4.47M 0s
 29050K .......... .......... .......... .......... .......... 90% 18.5M 0s
 29100K .......... .......... .......... .......... .......... 90% 10.8M 0s
 29150K .......... .......... .......... .......... .......... 91% 13.1M 0s
 29200K .......... .......... .......... .......... .......... 91% 7.47M 0s
 29250K .......... .......... .......... .......... .......... 91% 5.37M 0s
 29300K .......... .......... .......... .......... .......... 91% 11.1M 0s
 29350K .......... .......... .......... .......... .......... 91% 10.6M 0s
 29400K .......... .......... .......... .......... .......... 91% 12.6M 0s
 29450K .......... .......... .......... .......... .......... 92% 12.1M 0s
 29500K .......... .......... .......... .......... .......... 92% 4.24M 0s
 29550K .......... .......... .......... .......... .......... 92% 11.0M 0s
 29600K .......... .......... .......... .......... .......... 92% 10.6M 0s
 29650K .......... .......... .......... .......... .......... 92% 12.6M 0s
 29700K .......... .......... .......... .......... .......... 92% 7.66M 0s
 29750K .......... .......... .......... .......... .......... 92% 5.33M 0s
 29800K .......... .......... .......... .......... .......... 93% 11.1M 0s
 29850K .......... .......... .......... .......... .......... 93% 22.6M 0s
 29900K .......... .......... .......... .......... .......... 93% 10.1M 0s
 29950K .......... .......... .......... .......... .......... 93% 8.43M 0s
 30000K .......... .......... .......... .......... .......... 93% 9.31M 0s
 30050K .......... .......... .......... .......... .......... 93% 4.93M 0s
 30100K .......... .......... .......... .......... .......... 94% 19.6M 0s
 30150K .......... .......... .......... .......... .......... 94% 9.78M 0s
 30200K .......... .......... .......... .......... .......... 94% 11.6M 0s
 30250K .......... .......... .......... .......... .......... 94% 8.39M 0s
 30300K .......... .......... .......... .......... .......... 94% 5.33M 0s
 30350K .......... .......... .......... .......... .......... 94% 12.8M 0s
 30400K .......... .......... .......... .......... .......... 95% 14.0M 0s
 30450K .......... .......... .......... .......... .......... 95% 8.16M 0s
 30500K .......... .......... .......... .......... .......... 95% 11.4M 0s
 30550K .......... .......... .......... .......... .......... 95% 4.48M 0s
 30600K .......... .......... .......... .......... .......... 95% 23.2M 0s
 30650K .......... .......... .......... .......... .......... 95% 9.34M 0s
 30700K .......... .......... .......... .......... .......... 95% 22.0M 0s
 30750K .......... .......... .......... .......... .......... 96% 6.52M 0s
 30800K .......... .......... .......... .......... .......... 96% 4.36M 0s
 30850K .......... .......... .......... .......... .......... 96% 82.8M 0s
 30900K .......... .......... .......... .......... .......... 96% 7.12M 0s
 30950K .......... .......... .......... .......... .......... 96% 21.9M 0s
 31000K .......... .......... .......... .......... .......... 96% 6.57M 0s
 31050K .......... .......... .......... .......... .......... 97% 4.38M 0s
 31100K .......... .......... .......... .......... .......... 97% 72.4M 0s
 31150K .......... .......... .......... .......... .......... 97% 7.28M 0s
 31200K .......... .......... .......... .......... .......... 97% 21.1M 0s
 31250K .......... .......... .......... .......... .......... 97% 6.46M 0s
 31300K .......... .......... .......... .......... .......... 97% 22.5M 0s
 31350K .......... .......... .......... .......... .......... 97% 5.11M 0s
 31400K .......... .......... .......... .......... .......... 98% 7.28M 0s
 31450K .......... .......... .......... .......... .......... 98% 22.2M 0s
 31500K .......... .......... .......... .......... .......... 98% 10.6M 0s
 31550K .......... .......... .......... .......... .......... 98% 9.21M 0s
 31600K .......... .......... .......... .......... .......... 98% 5.18M 0s
 31650K .......... .......... .......... .......... .......... 98% 21.0M 0s
 31700K .......... .......... .......... .......... .......... 99% 8.92M 0s
 31750K .......... .......... .......... .......... .......... 99% 8.46M 0s
 31800K .......... .......... .......... .......... .......... 99% 13.2M 0s
 31850K .......... .......... .......... .......... .......... 99% 4.50M 0s
 31900K .......... .......... .......... .......... .......... 99% 42.7M 0s
 31950K .......... .......... .......... .......... .......... 99% 7.26M 0s
 32000K .......... .......... .......... .......... ...       100% 25.6M=2.0s

2022-04-17 02:55:03 (15.8 MB/s) - ‘/root/process_mining/trips_tracing/stopsintrip.json’ saved [32812338/32812338]

--2022-04-17 02:55:03--  https://ckan.multimediagdansk.pl/dataset/c24aa637-3619-4dc2-a171-a23eec8f2172/resource/4c4025f0-01bf-41f7-a39f-d156d201b82b/download/stops.json
Resolving ckan.multimediagdansk.pl (ckan.multimediagdansk.pl)... 91.244.248.30
Connecting to ckan.multimediagdansk.pl (ckan.multimediagdansk.pl)|91.244.248.30|:443... connected.
HTTP request sent, awaiting response... 200 OK
Length: 10293056 (9.8M) [application/json]
Saving to: ‘/root/process_mining/trips_tracing/stops.json’

     0K .......... .......... .......... .......... ..........  0%  894K 11s
    50K .......... .......... .......... .......... ..........  0% 1.73M 8s
   100K .......... .......... .......... .......... ..........  1% 42.9M 6s
   150K .......... .......... .......... .......... ..........  1% 1.77M 6s
   200K .......... .......... .......... .......... ..........  2% 46.3M 4s
   250K .......... .......... .......... .......... ..........  2% 81.4M 4s
   300K .......... .......... .......... .......... ..........  3%  158M 3s
   350K .......... .......... .......... .......... ..........  3% 1.84M 3s
   400K .......... .......... .......... .......... ..........  4% 55.9M 3s
   450K .......... .......... .......... .......... ..........  4% 74.2M 3s
   500K .......... .......... .......... .......... ..........  5% 83.1M 2s
   550K .......... .......... .......... .......... ..........  5% 88.5M 2s
   600K .......... .......... .......... .......... ..........  6% 72.5M 2s
   650K .......... .......... .......... .......... ..........  6%  145M 2s
   700K .......... .......... .......... .......... ..........  7%  104M 2s
   750K .......... .......... .......... .......... ..........  7%  156M 2s
   800K .......... .......... .......... .......... ..........  8% 2.00M 2s
   850K .......... .......... .......... .......... ..........  8% 70.2M 2s
   900K .......... .......... .......... .......... ..........  9% 85.1M 2s
   950K .......... .......... .......... .......... ..........  9% 64.1M 2s
  1000K .......... .......... .......... .......... .......... 10% 77.8M 1s
  1050K .......... .......... .......... .......... .......... 10% 63.8M 1s
  1100K .......... .......... .......... .......... .......... 11% 54.1M 1s
  1150K .......... .......... .......... .......... .......... 11% 78.4M 1s
  1200K .......... .......... .......... .......... .......... 12% 70.3M 1s
  1250K .......... .......... .......... .......... .......... 12% 72.5M 1s
  1300K .......... .......... .......... .......... .......... 13% 62.8M 1s
  1350K .......... .......... .......... .......... .......... 13% 82.6M 1s
  1400K .......... .......... .......... .......... .......... 14%  153M 1s
  1450K .......... .......... .......... .......... .......... 14%  123M 1s
  1500K .......... .......... .......... .......... .......... 15%  155M 1s
  1550K .......... .......... .......... .......... .......... 15%  156M 1s
  1600K .......... .......... .......... .......... .......... 16%  128M 1s
  1650K .......... .......... .......... .......... .......... 16% 2.39M 1s
  1700K .......... .......... .......... .......... .......... 17% 68.8M 1s
  1750K .......... .......... .......... .......... .......... 17% 61.8M 1s
  1800K .......... .......... .......... .......... .......... 18% 82.1M 1s
  1850K .......... .......... .......... .......... .......... 18% 82.9M 1s
  1900K .......... .......... .......... .......... .......... 19%  115M 1s
  1950K .......... .......... .......... .......... .......... 19% 77.7M 1s
  2000K .......... .......... .......... .......... .......... 20% 78.3M 1s
  2050K .......... .......... .......... .......... .......... 20% 88.1M 1s
  2100K .......... .......... .......... .......... .......... 21% 64.0M 1s
  2150K .......... .......... .......... .......... .......... 21% 82.0M 1s
  2200K .......... .......... .......... .......... .......... 22% 70.9M 1s
  2250K .......... .......... .......... .......... .......... 22% 74.2M 1s
  2300K .......... .......... .......... .......... .......... 23% 89.8M 1s
  2350K .......... .......... .......... .......... .......... 23% 67.2M 1s
  2400K .......... .......... .......... .......... .......... 24% 68.8M 1s
  2450K .......... .......... .......... .......... .......... 24% 73.7M 1s
  2500K .......... .......... .......... .......... .......... 25% 85.7M 1s
  2550K .......... .......... .......... .......... .......... 25% 86.4M 1s
  2600K .......... .......... .......... .......... .......... 26% 71.4M 1s
  2650K .......... .......... .......... .......... .......... 26%  116M 1s
  2700K .......... .......... .......... .......... .......... 27%  109M 1s
  2750K .......... .......... .......... .......... .......... 27%  135M 1s
  2800K .......... .......... .......... .......... .......... 28%  121M 1s
  2850K .......... .......... .......... .......... .......... 28%  113M 1s
  2900K .......... .......... .......... .......... .......... 29%  132M 1s
  2950K .......... .......... .......... .......... .......... 29%  111M 1s
  3000K .......... .......... .......... .......... .......... 30%  143M 0s
  3050K .......... .......... .......... .......... .......... 30%  128M 0s
  3100K .......... .......... .......... .......... .......... 31%  102M 0s
  3150K .......... .......... .......... .......... .......... 31%  136M 0s
  3200K .......... .......... .......... .......... .......... 32%  122M 0s
  3250K .......... .......... .......... .......... .......... 32% 28.6M 0s
  3300K .......... .......... .......... .......... .......... 33% 5.36M 0s
  3350K .......... .......... .......... .......... .......... 33% 76.1M 0s
  3400K .......... .......... .......... .......... .......... 34% 86.4M 0s
  3450K .......... .......... .......... .......... .......... 34% 73.6M 0s
  3500K .......... .......... .......... .......... .......... 35% 81.8M 0s
  3550K .......... .......... .......... .......... .......... 35% 81.9M 0s
  3600K .......... .......... .......... .......... .......... 36% 82.7M 0s
  3650K .......... .......... .......... .......... .......... 36%  131M 0s
  3700K .......... .......... .......... .......... .......... 37%  126M 0s
  3750K .......... .......... .......... .......... .......... 37% 56.9M 0s
  3800K .......... .......... .......... .......... .......... 38% 31.1M 0s
  3850K .......... .......... .......... .......... .......... 38% 26.9M 0s
  3900K .......... .......... .......... .......... .......... 39% 31.7M 0s
  3950K .......... .......... .......... .......... .......... 39% 26.6M 0s
  4000K .......... .......... .......... .......... .......... 40% 31.6M 0s
  4050K .......... .......... .......... .......... .......... 40% 32.4M 0s
  4100K .......... .......... .......... .......... .......... 41% 27.5M 0s
  4150K .......... .......... .......... .......... .......... 41% 32.4M 0s
  4200K .......... .......... .......... .......... .......... 42% 28.5M 0s
  4250K .......... .......... .......... .......... .......... 42% 30.5M 0s
  4300K .......... .......... .......... .......... .......... 43% 31.3M 0s
  4350K .......... .......... .......... .......... .......... 43% 29.0M 0s
  4400K .......... .......... .......... .......... .......... 44% 32.6M 0s
  4450K .......... .......... .......... .......... .......... 44% 28.3M 0s
  4500K .......... .......... .......... .......... .......... 45% 31.1M 0s
  4550K .......... .......... .......... .......... .......... 45% 33.0M 0s
  4600K .......... .......... .......... .......... .......... 46% 26.4M 0s
  4650K .......... .......... .......... .......... .......... 46% 31.4M 0s
  4700K .......... .......... .......... .......... .......... 47% 27.7M 0s
  4750K .......... .......... .......... .......... .......... 47% 31.3M 0s
  4800K .......... .......... .......... .......... .......... 48% 31.5M 0s
  4850K .......... .......... .......... .......... .......... 48% 28.5M 0s
  4900K .......... .......... .......... .......... .......... 49% 32.0M 0s
  4950K .......... .......... .......... .......... .......... 49% 28.0M 0s
  5000K .......... .......... .......... .......... .......... 50% 31.8M 0s
  5050K .......... .......... .......... .......... .......... 50% 31.6M 0s
  5100K .......... .......... .......... .......... .......... 51% 28.5M 0s
  5150K .......... .......... .......... .......... .......... 51% 31.7M 0s
  5200K .......... .......... .......... .......... .......... 52% 27.4M 0s
  5250K .......... .......... .......... .......... .......... 52% 33.0M 0s
  5300K .......... .......... .......... .......... .......... 53% 32.6M 0s
  5350K .......... .......... .......... .......... .......... 53% 28.3M 0s
  5400K .......... .......... .......... .......... .......... 54% 30.9M 0s
  5450K .......... .......... .......... .......... .......... 54% 28.2M 0s
  5500K .......... .......... .......... .......... .......... 55% 31.9M 0s
  5550K .......... .......... .......... .......... .......... 55% 32.4M 0s
  5600K .......... .......... .......... .......... .......... 56% 27.1M 0s
  5650K .......... .......... .......... .......... .......... 56% 31.7M 0s
  5700K .......... .......... .......... .......... .......... 57% 27.9M 0s
  5750K .......... .......... .......... .......... .......... 57% 31.6M 0s
  5800K .......... .......... .......... .......... .......... 58% 32.1M 0s
  5850K .......... .......... .......... .......... .......... 58% 26.2M 0s
  5900K .......... .......... .......... .......... .......... 59% 31.6M 0s
  5950K .......... .......... .......... .......... .......... 59% 27.7M 0s
  6000K .......... .......... .......... .......... .......... 60% 30.7M 0s
  6050K .......... .......... .......... .......... .......... 60% 32.7M 0s
  6100K .......... .......... .......... .......... .......... 61% 27.1M 0s
  6150K .......... .......... .......... .......... .......... 61% 33.5M 0s
  6200K .......... .......... .......... .......... .......... 62% 27.7M 0s
  6250K .......... .......... .......... .......... .......... 62% 32.6M 0s
  6300K .......... .......... .......... .......... .......... 63% 32.4M 0s
  6350K .......... .......... .......... .......... .......... 63% 27.8M 0s
  6400K .......... .......... .......... .......... .......... 64% 33.3M 0s
  6450K .......... .......... .......... .......... .......... 64% 26.4M 0s
  6500K .......... .......... .......... .......... .......... 65% 32.7M 0s
  6550K .......... .......... .......... .......... .......... 65% 32.3M 0s
  6600K .......... .......... .......... .......... .......... 66% 27.1M 0s
  6650K .......... .......... .......... .......... .......... 66% 30.9M 0s
  6700K .......... .......... .......... .......... .......... 67% 28.6M 0s
  6750K .......... .......... .......... .......... .......... 67% 32.1M 0s
  6800K .......... .......... .......... .......... .......... 68% 32.6M 0s
  6850K .......... .......... .......... .......... .......... 68% 26.9M 0s
  6900K .......... .......... .......... .......... .......... 69% 32.2M 0s
  6950K .......... .......... .......... .......... .......... 69% 28.2M 0s
  7000K .......... .......... .......... .......... .......... 70% 32.1M 0s
  7050K .......... .......... .......... .......... .......... 70% 31.4M 0s
  7100K .......... .......... .......... .......... .......... 71% 27.2M 0s
  7150K .......... .......... .......... .......... .......... 71% 31.4M 0s
  7200K .......... .......... .......... .......... .......... 72% 25.6M 0s
  7250K .......... .......... .......... .......... .......... 72% 30.0M 0s
  7300K .......... .......... .......... .......... .......... 73% 32.3M 0s
  7350K .......... .......... .......... .......... .......... 73% 26.6M 0s
  7400K .......... .......... .......... .......... .......... 74% 32.4M 0s
  7450K .......... .......... .......... .......... .......... 74% 27.1M 0s
  7500K .......... .......... .......... .......... .......... 75% 31.0M 0s
  7550K .......... .......... .......... .......... .......... 75% 31.1M 0s
  7600K .......... .......... .......... .......... .......... 76% 28.0M 0s
  7650K .......... .......... .......... .......... .......... 76% 33.3M 0s
  7700K .......... .......... .......... .......... .......... 77% 27.2M 0s
  7750K .......... .......... .......... .......... .......... 77% 32.7M 0s
  7800K .......... .......... .......... .......... .......... 78% 32.8M 0s
  7850K .......... .......... .......... .......... .......... 78% 27.6M 0s
  7900K .......... .......... .......... .......... .......... 79% 30.3M 0s
  7950K .......... .......... .......... .......... .......... 79% 28.4M 0s
  8000K .......... .......... .......... .......... .......... 80% 31.7M 0s
  8050K .......... .......... .......... .......... .......... 80% 31.6M 0s
  8100K .......... .......... .......... .......... .......... 81% 27.0M 0s
  8150K .......... .......... .......... .......... .......... 81% 32.4M 0s
  8200K .......... .......... .......... .......... .......... 82% 27.9M 0s
  8250K .......... .......... .......... .......... .......... 82% 32.0M 0s
  8300K .......... .......... .......... .......... .......... 83% 32.1M 0s
  8350K .......... .......... .......... .......... .......... 83% 26.4M 0s
  8400K .......... .......... .......... .......... .......... 84% 31.7M 0s
  8450K .......... .......... .......... .......... .......... 84% 27.5M 0s
  8500K .......... .......... .......... .......... .......... 85% 31.9M 0s
  8550K .......... .......... .......... .......... .......... 85% 32.6M 0s
  8600K .......... .......... .......... .......... .......... 86% 26.8M 0s
  8650K .......... .......... .......... .......... .......... 86% 33.3M 0s
  8700K .......... .......... .......... .......... .......... 87% 27.3M 0s
  8750K .......... .......... .......... .......... .......... 87% 33.0M 0s
  8800K .......... .......... .......... .......... .......... 88% 32.1M 0s
  8850K .......... .......... .......... .......... .......... 88% 27.5M 0s
  8900K .......... .......... .......... .......... .......... 89% 32.2M 0s
  8950K .......... .......... .......... .......... .......... 89% 28.0M 0s
  9000K .......... .......... .......... .......... .......... 90% 33.6M 0s
  9050K .......... .......... .......... .......... .......... 90% 33.2M 0s
  9100K .......... .......... .......... .......... .......... 91% 27.9M 0s
  9150K .......... .......... .......... .......... .......... 91% 33.0M 0s
  9200K .......... .......... .......... .......... .......... 92% 29.3M 0s
  9250K .......... .......... .......... .......... .......... 92% 34.0M 0s
  9300K .......... .......... .......... .......... .......... 93% 31.6M 0s
  9350K .......... .......... .......... .......... .......... 93% 28.2M 0s
  9400K .......... .......... .......... .......... .......... 94% 33.2M 0s
  9450K .......... .......... .......... .......... .......... 94% 27.2M 0s
  9500K .......... .......... .......... .......... .......... 95% 32.6M 0s
  9550K .......... .......... .......... .......... .......... 95% 32.8M 0s
  9600K .......... .......... .......... .......... .......... 96% 27.1M 0s
  9650K .......... .......... .......... .......... .......... 96% 31.5M 0s
  9700K .......... .......... .......... .......... .......... 96% 27.7M 0s
  9750K .......... .......... .......... .......... .......... 97% 33.1M 0s
  9800K .......... .......... .......... .......... .......... 97% 33.4M 0s
  9850K .......... .......... .......... .......... .......... 98% 28.4M 0s
  9900K .......... .......... .......... .......... .......... 98% 32.9M 0s
  9950K .......... .......... .......... .......... .......... 99% 26.9M 0s
 10000K .......... .......... .......... .......... .......... 99% 37.1M 0s
 10050K .                                                     100% 3457G=0.4s

2022-04-17 02:55:04 (22.5 MB/s) - ‘/root/process_mining/trips_tracing/stops.json’ saved [10293056/10293056]

--2022-04-17 02:55:04--  https://files.cloudgdansk.pl/d/otwarte-dane/ztm/baza-pojazdow.json?v=2
Resolving files.cloudgdansk.pl (files.cloudgdansk.pl)... 153.19.238.147
Connecting to files.cloudgdansk.pl (files.cloudgdansk.pl)|153.19.238.147|:443... connected.
HTTP request sent, awaiting response... 200 OK
Length: 279155 (273K) [application/json]
Saving to: ‘/root/process_mining/trips_tracing/baza-pojazdow.json’

     0K .......... .......... .......... .......... .......... 18% 1.72M 0s
    50K .......... .......... .......... .......... .......... 36% 1.75M 0s
   100K .......... .......... .......... .......... .......... 55% 85.6M 0s
   150K .......... .......... .......... .......... .......... 73%  199M 0s
   200K .......... .......... .......... .......... .......... 91% 1.76M 0s
   250K .......... .......... ..                              100%  196M=0.09s

2022-04-17 02:55:05 (3.13 MB/s) - ‘/root/process_mining/trips_tracing/baza-pojazdow.json’ saved [279155/279155]

