--2022-04-18 02:55:01--  https://ckan.multimediagdansk.pl/dataset/c24aa637-3619-4dc2-a171-a23eec8f2172/resource/3115d29d-b763-4af5-93f6-763b835967d6/download/stopsintrip.json
Resolving ckan.multimediagdansk.pl (ckan.multimediagdansk.pl)... 91.244.248.30
Connecting to ckan.multimediagdansk.pl (ckan.multimediagdansk.pl)|91.244.248.30|:443... connected.
HTTP request sent, awaiting response... 200 OK
Length: 30256581 (29M) [application/json]
Saving to: ‘/root/process_mining/trips_tracing/stopsintrip.json’

     0K .......... .......... .......... .......... ..........  0%  879K 34s
    50K .......... .......... .......... .......... ..........  0% 1.72M 25s
   100K .......... .......... .......... .......... ..........  0% 56.1M 17s
   150K .......... .......... .......... .......... ..........  0%  109M 13s
   200K .......... .......... .......... .......... ..........  0% 1.75M 13s
   250K .......... .......... .......... .......... ..........  1% 72.7M 11s
   300K .......... .......... .......... .......... ..........  1%  102M 10s
   350K .......... .......... .......... .......... ..........  1%  102M 8s
   400K .......... .......... .......... .......... ..........  1% 1.81M 9s
   450K .......... .......... .......... .......... ..........  1% 83.3M 8s
   500K .......... .......... .......... .......... ..........  1% 92.5M 8s
   550K .......... .......... .......... .......... ..........  2% 82.7M 7s
   600K .......... .......... .......... .......... ..........  2% 57.1M 6s
   650K .......... .......... .......... .......... ..........  2% 71.8M 6s
   700K .......... .......... .......... .......... ..........  2%  104M 6s
   750K .......... .......... .......... .......... ..........  2% 91.4M 5s
   800K .......... .......... .......... .......... ..........  2%  129M 5s
   850K .......... .......... .......... .......... ..........  3% 2.05M 5s
   900K .......... .......... .......... .......... ..........  3% 66.7M 5s
   950K .......... .......... .......... .......... ..........  3% 74.9M 5s
  1000K .......... .......... .......... .......... ..........  3% 70.2M 5s
  1050K .......... .......... .......... .......... ..........  3% 74.9M 5s
  1100K .......... .......... .......... .......... ..........  3%  104M 4s
  1150K .......... .......... .......... .......... ..........  4% 83.7M 4s
  1200K .......... .......... .......... .......... ..........  4% 67.8M 4s
  1250K .......... .......... .......... .......... ..........  4% 61.9M 4s
  1300K .......... .......... .......... .......... ..........  4% 71.9M 4s
  1350K .......... .......... .......... .......... ..........  4% 70.5M 4s
  1400K .......... .......... .......... .......... ..........  4% 45.4M 3s
  1450K .......... .......... .......... .......... ..........  5% 60.5M 3s
  1500K .......... .......... .......... .......... ..........  5%  151M 3s
  1550K .......... .......... .......... .......... ..........  5%  138M 3s
  1600K .......... .......... .......... .......... ..........  5%  152M 3s
  1650K .......... .......... .......... .......... ..........  5%  163M 3s
  1700K .......... .......... .......... .......... ..........  5%  144M 3s
  1750K .......... .......... .......... .......... ..........  6% 2.61M 3s
  1800K .......... .......... .......... .......... ..........  6% 75.5M 3s
  1850K .......... .......... .......... .......... ..........  6% 86.7M 3s
  1900K .......... .......... .......... .......... ..........  6% 86.4M 3s
  1950K .......... .......... .......... .......... ..........  6% 74.9M 3s
  2000K .......... .......... .......... .......... ..........  6% 87.5M 3s
  2050K .......... .......... .......... .......... ..........  7% 73.0M 3s
  2100K .......... .......... .......... .......... ..........  7%  110M 3s
  2150K .......... .......... .......... .......... ..........  7%  122M 3s
  2200K .......... .......... .......... .......... ..........  7% 96.0M 2s
  2250K .......... .......... .......... .......... ..........  7% 88.6M 2s
  2300K .......... .......... .......... .......... ..........  7% 86.7M 2s
  2350K .......... .......... .......... .......... ..........  8% 69.9M 2s
  2400K .......... .......... .......... .......... ..........  8% 90.8M 2s
  2450K .......... .......... .......... .......... ..........  8% 93.9M 2s
  2500K .......... .......... .......... .......... ..........  8% 68.7M 2s
  2550K .......... .......... .......... .......... ..........  8% 87.3M 2s
  2600K .......... .......... .......... .......... ..........  8% 73.3M 2s
  2650K .......... .......... .......... .......... ..........  9% 85.0M 2s
  2700K .......... .......... .......... .......... ..........  9%  128M 2s
  2750K .......... .......... .......... .......... ..........  9%  122M 2s
  2800K .......... .......... .......... .......... ..........  9%  133M 2s
  2850K .......... .......... .......... .......... ..........  9%  143M 2s
  2900K .......... .......... .......... .......... ..........  9% 62.0M 2s
  2950K .......... .......... .......... .......... .......... 10% 32.6M 2s
  3000K .......... .......... .......... .......... .......... 10% 23.2M 2s
  3050K .......... .......... .......... .......... .......... 10% 30.1M 2s
  3100K .......... .......... .......... .......... .......... 10% 32.5M 2s
  3150K .......... .......... .......... .......... .......... 10% 33.0M 2s
  3200K .......... .......... .......... .......... .......... 10% 27.2M 2s
  3250K .......... .......... .......... .......... .......... 11% 29.2M 2s
  3300K .......... .......... .......... .......... .......... 11% 34.5M 2s
  3350K .......... .......... .......... .......... .......... 11% 28.4M 2s
  3400K .......... .......... .......... .......... .......... 11% 14.8M 2s
  3450K .......... .......... .......... .......... .......... 11% 19.2M 2s
  3500K .......... .......... .......... .......... .......... 12% 20.1M 2s
  3550K .......... .......... .......... .......... .......... 12% 17.1M 2s
  3600K .......... .......... .......... .......... .......... 12% 19.8M 2s
  3650K .......... .......... .......... .......... .......... 12% 28.0M 2s
  3700K .......... .......... .......... .......... .......... 12% 22.3M 2s
  3750K .......... .......... .......... .......... .......... 12% 27.4M 2s
  3800K .......... .......... .......... .......... .......... 13% 20.8M 2s
  3850K .......... .......... .......... .......... .......... 13% 23.6M 2s
  3900K .......... .......... .......... .......... .......... 13% 28.4M 2s
  3950K .......... .......... .......... .......... .......... 13% 23.1M 2s
  4000K .......... .......... .......... .......... .......... 13% 25.5M 2s
  4050K .......... .......... .......... .......... .......... 13% 21.0M 2s
  4100K .......... .......... .......... .......... .......... 14% 29.6M 2s
  4150K .......... .......... .......... .......... .......... 14% 29.2M 2s
  4200K .......... .......... .......... .......... .......... 14% 24.5M 2s
  4250K .......... .......... .......... .......... .......... 14% 23.0M 2s
  4300K .......... .......... .......... .......... .......... 14% 27.1M 2s
  4350K .......... .......... .......... .......... .......... 14% 27.1M 2s
  4400K .......... .......... .......... .......... .......... 15% 28.1M 2s
  4450K .......... .......... .......... .......... .......... 15% 20.9M 2s
  4500K .......... .......... .......... .......... .......... 15% 28.3M 2s
  4550K .......... .......... .......... .......... .......... 15% 29.9M 2s
  4600K .......... .......... .......... .......... .......... 15% 21.2M 2s
  4650K .......... .......... .......... .......... .......... 15% 29.0M 1s
  4700K .......... .......... .......... .......... .......... 16% 14.9M 1s
  4750K .......... .......... .......... .......... .......... 16% 28.4M 1s
  4800K .......... .......... .......... .......... .......... 16% 24.1M 1s
  4850K .......... .......... .......... .......... .......... 16% 27.7M 1s
  4900K .......... .......... .......... .......... .......... 16% 3.84M 2s
  4950K .......... .......... .......... .......... .......... 16% 24.0M 2s
  5000K .......... .......... .......... .......... .......... 17% 27.9M 1s
  5050K .......... .......... .......... .......... .......... 17% 24.0M 1s
  5100K .......... .......... .......... .......... .......... 17% 28.4M 1s
  5150K .......... .......... .......... .......... .......... 17% 16.7M 1s
  5200K .......... .......... .......... .......... .......... 17% 24.0M 1s
  5250K .......... .......... .......... .......... .......... 17% 27.5M 1s
  5300K .......... .......... .......... .......... .......... 18% 28.7M 1s
  5350K .......... .......... .......... .......... .......... 18% 8.10M 1s
  5400K .......... .......... .......... .......... .......... 18% 3.58M 2s
  5450K .......... .......... .......... .......... .......... 18% 24.9M 1s
  5500K .......... .......... .......... .......... .......... 18% 21.1M 1s
  5550K .......... .......... .......... .......... .......... 18% 25.4M 1s
  5600K .......... .......... .......... .......... .......... 19% 25.8M 1s
  5650K .......... .......... .......... .......... .......... 19% 17.0M 1s
  5700K .......... .......... .......... .......... .......... 19% 32.2M 1s
  5750K .......... .......... .......... .......... .......... 19% 32.6M 1s
  5800K .......... .......... .......... .......... .......... 19% 22.4M 1s
  5850K .......... .......... .......... .......... .......... 19% 3.76M 1s
  5900K .......... .......... .......... .......... .......... 20% 23.2M 1s
  5950K .......... .......... .......... .......... .......... 20% 24.3M 1s
  6000K .......... .......... .......... .......... .......... 20% 26.5M 1s
  6050K .......... .......... .......... .......... .......... 20% 22.5M 1s
  6100K .......... .......... .......... .......... .......... 20% 2.73M 2s
  6150K .......... .......... .......... .......... .......... 20% 28.1M 1s
  6200K .......... .......... .......... .......... .......... 21% 29.4M 1s
  6250K .......... .......... .......... .......... .......... 21% 28.4M 1s
  6300K .......... .......... .......... .......... .......... 21% 22.3M 1s
  6350K .......... .......... .......... .......... .......... 21% 21.3M 1s
  6400K .......... .......... .......... .......... .......... 21% 25.3M 1s
  6450K .......... .......... .......... .......... .......... 21% 34.5M 1s
  6500K .......... .......... .......... .......... .......... 22% 33.7M 1s
  6550K .......... .......... .......... .......... .......... 22% 3.55M 1s
  6600K .......... .......... .......... .......... .......... 22% 39.6M 1s
  6650K .......... .......... .......... .......... .......... 22% 25.7M 1s
  6700K .......... .......... .......... .......... .......... 22% 21.8M 1s
  6750K .......... .......... .......... .......... .......... 23% 27.8M 1s
  6800K .......... .......... .......... .......... .......... 23% 18.0M 1s
  6850K .......... .......... .......... .......... .......... 23% 22.9M 1s
  6900K .......... .......... .......... .......... .......... 23% 26.3M 1s
  6950K .......... .......... .......... .......... .......... 23% 1.91M 1s
  7000K .......... .......... .......... .......... .......... 23% 19.1M 1s
  7050K .......... .......... .......... .......... .......... 24% 27.4M 1s
  7100K .......... .......... .......... .......... .......... 24% 28.2M 1s
  7150K .......... .......... .......... .......... .......... 24% 33.8M 1s
  7200K .......... .......... .......... .......... .......... 24% 33.0M 1s
  7250K .......... .......... .......... .......... .......... 24% 8.83M 1s
  7300K .......... .......... .......... .......... .......... 24% 27.1M 1s
  7350K .......... .......... .......... .......... .......... 25% 41.3M 1s
  7400K .......... .......... .......... .......... .......... 25% 15.8M 1s
  7450K .......... .......... .......... .......... .......... 25% 32.4M 1s
  7500K .......... .......... .......... .......... .......... 25% 22.3M 1s
  7550K .......... .......... .......... .......... .......... 25% 24.8M 1s
  7600K .......... .......... .......... .......... .......... 25% 23.0M 1s
  7650K .......... .......... .......... .......... .......... 26% 2.77M 1s
  7700K .......... .......... .......... .......... .......... 26% 37.7M 1s
  7750K .......... .......... .......... .......... .......... 26% 27.5M 1s
  7800K .......... .......... .......... .......... .......... 26% 23.2M 1s
  7850K .......... .......... .......... .......... .......... 26% 4.03M 1s
  7900K .......... .......... .......... .......... .......... 26% 30.1M 1s
  7950K .......... .......... .......... .......... .......... 27% 29.3M 1s
  8000K .......... .......... .......... .......... .......... 27% 30.8M 1s
  8050K .......... .......... .......... .......... .......... 27% 24.8M 1s
  8100K .......... .......... .......... .......... .......... 27% 15.2M 1s
  8150K .......... .......... .......... .......... .......... 27% 25.8M 1s
  8200K .......... .......... .......... .......... .......... 27% 31.1M 1s
  8250K .......... .......... .......... .......... .......... 28% 27.7M 1s
  8300K .......... .......... .......... .......... .......... 28% 19.6M 1s
  8350K .......... .......... .......... .......... .......... 28% 34.3M 1s
  8400K .......... .......... .......... .......... .......... 28% 28.3M 1s
  8450K .......... .......... .......... .......... .......... 28% 30.1M 1s
  8500K .......... .......... .......... .......... .......... 28% 28.6M 1s
  8550K .......... .......... .......... .......... .......... 29% 28.1M 1s
  8600K .......... .......... .......... .......... .......... 29% 39.8M 1s
  8650K .......... .......... .......... .......... .......... 29% 28.3M 1s
  8700K .......... .......... .......... .......... .......... 29% 22.9M 1s
  8750K .......... .......... .......... .......... .......... 29% 28.0M 1s
  8800K .......... .......... .......... .......... .......... 29% 33.2M 1s
  8850K .......... .......... .......... .......... .......... 30% 26.4M 1s
  8900K .......... .......... .......... .......... .......... 30% 34.3M 1s
  8950K .......... .......... .......... .......... .......... 30% 20.3M 1s
  9000K .......... .......... .......... .......... .......... 30% 20.1M 1s
  9050K .......... .......... .......... .......... .......... 30% 33.8M 1s
  9100K .......... .......... .......... .......... .......... 30% 30.5M 1s
  9150K .......... .......... .......... .......... .......... 31% 11.5M 1s
  9200K .......... .......... .......... .......... .......... 31% 31.4M 1s
  9250K .......... .......... .......... .......... .......... 31% 34.9M 1s
  9300K .......... .......... .......... .......... .......... 31% 29.2M 1s
  9350K .......... .......... .......... .......... .......... 31% 25.5M 1s
  9400K .......... .......... .......... .......... .......... 31% 13.5M 1s
  9450K .......... .......... .......... .......... .......... 32% 32.9M 1s
  9500K .......... .......... .......... .......... .......... 32% 28.5M 1s
  9550K .......... .......... .......... .......... .......... 32% 33.1M 1s
  9600K .......... .......... .......... .......... .......... 32% 25.5M 1s
  9650K .......... .......... .......... .......... .......... 32% 23.5M 1s
  9700K .......... .......... .......... .......... .......... 32% 28.8M 1s
  9750K .......... .......... .......... .......... .......... 33% 2.23M 1s
  9800K .......... .......... .......... .......... .......... 33% 32.4M 1s
  9850K .......... .......... .......... .......... .......... 33% 33.1M 1s
  9900K .......... .......... .......... .......... .......... 33% 26.8M 1s
  9950K .......... .......... .......... .......... .......... 33% 30.7M 1s
 10000K .......... .......... .......... .......... .......... 34% 3.65M 1s
 10050K .......... .......... .......... .......... .......... 34% 27.5M 1s
 10100K .......... .......... .......... .......... .......... 34% 33.0M 1s
 10150K .......... .......... .......... .......... .......... 34% 29.2M 1s
 10200K .......... .......... .......... .......... .......... 34% 2.82M 1s
 10250K .......... .......... .......... .......... .......... 34% 33.3M 1s
 10300K .......... .......... .......... .......... .......... 35% 28.7M 1s
 10350K .......... .......... .......... .......... .......... 35% 32.6M 1s
 10400K .......... .......... .......... .......... .......... 35% 30.6M 1s
 10450K .......... .......... .......... .......... .......... 35% 27.3M 1s
 10500K .......... .......... .......... .......... .......... 35% 3.84M 1s
 10550K .......... .......... .......... .......... .......... 35% 26.5M 1s
 10600K .......... .......... .......... .......... .......... 36% 32.6M 1s
 10650K .......... .......... .......... .......... .......... 36% 20.7M 1s
 10700K .......... .......... .......... .......... .......... 36% 32.9M 1s
 10750K .......... .......... .......... .......... .......... 36% 33.1M 1s
 10800K .......... .......... .......... .......... .......... 36% 27.3M 1s
 10850K .......... .......... .......... .......... .......... 36% 3.80M 1s
 10900K .......... .......... .......... .......... .......... 37% 33.4M 1s
 10950K .......... .......... .......... .......... .......... 37% 27.8M 1s
 11000K .......... .......... .......... .......... .......... 37% 33.5M 1s
 11050K .......... .......... .......... .......... .......... 37% 26.8M 1s
 11100K .......... .......... .......... .......... .......... 37% 23.7M 1s
 11150K .......... .......... .......... .......... .......... 37% 32.3M 1s
 11200K .......... .......... .......... .......... .......... 38% 26.6M 1s
 11250K .......... .......... .......... .......... .......... 38% 1.86M 1s
 11300K .......... .......... .......... .......... .......... 38% 20.9M 1s
 11350K .......... .......... .......... .......... .......... 38% 27.4M 1s
 11400K .......... .......... .......... .......... .......... 38% 34.0M 1s
 11450K .......... .......... .......... .......... .......... 38% 26.3M 1s
 11500K .......... .......... .......... .......... .......... 39% 40.2M 1s
 11550K .......... .......... .......... .......... .......... 39% 24.9M 1s
 11600K .......... .......... .......... .......... .......... 39% 28.9M 1s
 11650K .......... .......... .......... .......... .......... 39% 34.2M 1s
 11700K .......... .......... .......... .......... .......... 39% 33.5M 1s
 11750K .......... .......... .......... .......... .......... 39% 21.5M 1s
 11800K .......... .......... .......... .......... .......... 40% 30.7M 1s
 11850K .......... .......... .......... .......... .......... 40% 35.5M 1s
 11900K .......... .......... .......... .......... .......... 40% 28.4M 1s
 11950K .......... .......... .......... .......... .......... 40% 34.4M 1s
 12000K .......... .......... .......... .......... .......... 40% 3.90M 1s
 12050K .......... .......... .......... .......... .......... 40% 28.2M 1s
 12100K .......... .......... .......... .......... .......... 41% 32.1M 1s
 12150K .......... .......... .......... .......... .......... 41% 28.2M 1s
 12200K .......... .......... .......... .......... .......... 41% 4.95M 1s
 12250K .......... .......... .......... .......... .......... 41% 31.5M 1s
 12300K .......... .......... .......... .......... .......... 41% 28.4M 1s
 12350K .......... .......... .......... .......... .......... 41% 31.3M 1s
 12400K .......... .......... .......... .......... .......... 42% 33.9M 1s
 12450K .......... .......... .......... .......... .......... 42% 14.2M 1s
 12500K .......... .......... .......... .......... .......... 42% 32.7M 1s
 12550K .......... .......... .......... .......... .......... 42% 27.4M 1s
 12600K .......... .......... .......... .......... .......... 42% 33.5M 1s
 12650K .......... .......... .......... .......... .......... 42% 25.3M 1s
 12700K .......... .......... .......... .......... .......... 43% 9.35M 1s
 12750K .......... .......... .......... .......... .......... 43% 31.8M 1s
 12800K .......... .......... .......... .......... .......... 43% 9.58M 1s
 12850K .......... .......... .......... .......... .......... 43% 32.9M 1s
 12900K .......... .......... .......... .......... .......... 43% 26.9M 1s
 12950K .......... .......... .......... .......... .......... 43% 29.8M 1s
 13000K .......... .......... .......... .......... .......... 44% 25.7M 1s
 13050K .......... .......... .......... .......... .......... 44% 28.6M 1s
 13100K .......... .......... .......... .......... .......... 44% 33.6M 1s
 13150K .......... .......... .......... .......... .......... 44% 28.1M 1s
 13200K .......... .......... .......... .......... .......... 44% 22.8M 1s
 13250K .......... .......... .......... .......... .......... 45% 32.8M 1s
 13300K .......... .......... .......... .......... .......... 45% 27.8M 1s
 13350K .......... .......... .......... .......... .......... 45% 33.7M 1s
 13400K .......... .......... .......... .......... .......... 45% 31.1M 1s
 13450K .......... .......... .......... .......... .......... 45% 29.6M 1s
 13500K .......... .......... .......... .......... .......... 45% 25.5M 1s
 13550K .......... .......... .......... .......... .......... 46% 20.0M 1s
 13600K .......... .......... .......... .......... .......... 46% 33.6M 1s
 13650K .......... .......... .......... .......... .......... 46% 32.5M 1s
 13700K .......... .......... .......... .......... .......... 46% 28.0M 1s
 13750K .......... .......... .......... .......... .......... 46% 21.9M 1s
 13800K .......... .......... .......... .......... .......... 46% 30.2M 1s
 13850K .......... .......... .......... .......... .......... 47% 27.7M 1s
 13900K .......... .......... .......... .......... .......... 47% 32.2M 1s
 13950K .......... .......... .......... .......... .......... 47% 28.6M 1s
 14000K .......... .......... .......... .......... .......... 47% 31.9M 1s
 14050K .......... .......... .......... .......... .......... 47% 20.4M 1s
 14100K .......... .......... .......... .......... .......... 47% 32.6M 1s
 14150K .......... .......... .......... .......... .......... 48% 26.0M 1s
 14200K .......... .......... .......... .......... .......... 48% 35.7M 1s
 14250K .......... .......... .......... .......... .......... 48% 27.4M 1s
 14300K .......... .......... .......... .......... .......... 48% 4.37M 1s
 14350K .......... .......... .......... .......... .......... 48% 27.2M 1s
 14400K .......... .......... .......... .......... .......... 48% 34.0M 1s
 14450K .......... .......... .......... .......... .......... 49% 32.8M 1s
 14500K .......... .......... .......... .......... .......... 49% 27.4M 1s
 14550K .......... .......... .......... .......... .......... 49% 4.64M 1s
 14600K .......... .......... .......... .......... .......... 49% 33.7M 1s
 14650K .......... .......... .......... .......... .......... 49% 17.0M 1s
 14700K .......... .......... .......... .......... .......... 49% 18.0M 1s
 14750K .......... .......... .......... .......... .......... 50% 27.5M 1s
 14800K .......... .......... .......... .......... .......... 50% 34.2M 1s
 14850K .......... .......... .......... .......... .......... 50% 28.7M 1s
 14900K .......... .......... .......... .......... .......... 50% 28.3M 1s
 14950K .......... .......... .......... .......... .......... 50% 26.2M 1s
 15000K .......... .......... .......... .......... .......... 50% 25.1M 1s
 15050K .......... .......... .......... .......... .......... 51% 29.8M 1s
 15100K .......... .......... .......... .......... .......... 51% 25.6M 1s
 15150K .......... .......... .......... .......... .......... 51% 32.6M 1s
 15200K .......... .......... .......... .......... .......... 51% 32.7M 1s
 15250K .......... .......... .......... .......... .......... 51% 28.0M 1s
 15300K .......... .......... .......... .......... .......... 51% 33.8M 1s
 15350K .......... .......... .......... .......... .......... 52% 23.9M 1s
 15400K .......... .......... .......... .......... .......... 52% 23.1M 1s
 15450K .......... .......... .......... .......... .......... 52% 29.8M 1s
 15500K .......... .......... .......... .......... .......... 52% 27.9M 1s
 15550K .......... .......... .......... .......... .......... 52% 30.9M 1s
 15600K .......... .......... .......... .......... .......... 52% 26.4M 1s
 15650K .......... .......... .......... .......... .......... 53% 30.4M 1s
 15700K .......... .......... .......... .......... .......... 53% 32.9M 1s
 15750K .......... .......... .......... .......... .......... 53% 27.2M 1s
 15800K .......... .......... .......... .......... .......... 53% 30.7M 1s
 15850K .......... .......... .......... .......... .......... 53% 27.3M 1s
 15900K .......... .......... .......... .......... .......... 53% 31.0M 1s
 15950K .......... .......... .......... .......... .......... 54% 30.6M 1s
 16000K .......... .......... .......... .......... .......... 54% 26.8M 1s
 16050K .......... .......... .......... .......... .......... 54% 30.2M 1s
 16100K .......... .......... .......... .......... .......... 54% 27.1M 1s
 16150K .......... .......... .......... .......... .......... 54% 30.2M 1s
 16200K .......... .......... .......... .......... .......... 54% 31.9M 1s
 16250K .......... .......... .......... .......... .......... 55% 26.1M 1s
 16300K .......... .......... .......... .......... .......... 55% 32.5M 1s
 16350K .......... .......... .......... .......... .......... 55% 26.0M 1s
 16400K .......... .......... .......... .......... .......... 55% 29.2M 1s
 16450K .......... .......... .......... .......... .......... 55% 32.1M 1s
 16500K .......... .......... .......... .......... .......... 56% 26.7M 1s
 16550K .......... .......... .......... .......... .......... 56% 29.7M 1s
 16600K .......... .......... .......... .......... .......... 56% 26.9M 1s
 16650K .......... .......... .......... .......... .......... 56% 31.4M 1s
 16700K .......... .......... .......... .......... .......... 56% 31.2M 1s
 16750K .......... .......... .......... .......... .......... 56% 25.9M 1s
 16800K .......... .......... .......... .......... .......... 57% 30.9M 1s
 16850K .......... .......... .......... .......... .......... 57% 27.9M 1s
 16900K .......... .......... .......... .......... .......... 57% 31.8M 1s
 16950K .......... .......... .......... .......... .......... 57% 31.7M 1s
 17000K .......... .......... .......... .......... .......... 57% 26.9M 1s
 17050K .......... .......... .......... .......... .......... 57% 30.9M 1s
 17100K .......... .......... .......... .......... .......... 58% 27.3M 1s
 17150K .......... .......... .......... .......... .......... 58% 31.9M 1s
 17200K .......... .......... .......... .......... .......... 58% 31.5M 1s
 17250K .......... .......... .......... .......... .......... 58% 26.9M 1s
 17300K .......... .......... .......... .......... .......... 58% 31.3M 1s
 17350K .......... .......... .......... .......... .......... 58% 27.9M 1s
 17400K .......... .......... .......... .......... .......... 59% 31.8M 1s
 17450K .......... .......... .......... .......... .......... 59% 32.3M 1s
 17500K .......... .......... .......... .......... .......... 59% 26.3M 1s
 17550K .......... .......... .......... .......... .......... 59% 31.3M 1s
 17600K .......... .......... .......... .......... .......... 59% 27.2M 1s
 17650K .......... .......... .......... .......... .......... 59% 33.0M 1s
 17700K .......... .......... .......... .......... .......... 60% 30.7M 1s
 17750K .......... .......... .......... .......... .......... 60% 26.2M 1s
 17800K .......... .......... .......... .......... .......... 60% 31.9M 1s
 17850K .......... .......... .......... .......... .......... 60% 27.6M 1s
 17900K .......... .......... .......... .......... .......... 60% 29.7M 1s
 17950K .......... .......... .......... .......... .......... 60% 32.4M 1s
 18000K .......... .......... .......... .......... .......... 61% 26.7M 1s
 18050K .......... .......... .......... .......... .......... 61% 30.4M 1s
 18100K .......... .......... .......... .......... .......... 61% 27.7M 1s
 18150K .......... .......... .......... .......... .......... 61% 31.8M 1s
 18200K .......... .......... .......... .......... .......... 61% 31.5M 1s
 18250K .......... .......... .......... .......... .......... 61% 26.6M 1s
 18300K .......... .......... .......... .......... .......... 62% 31.9M 1s
 18350K .......... .......... .......... .......... .......... 62% 26.7M 1s
 18400K .......... .......... .......... .......... .......... 62% 32.1M 1s
 18450K .......... .......... .......... .......... .......... 62% 30.7M 1s
 18500K .......... .......... .......... .......... .......... 62% 26.1M 1s
 18550K .......... .......... .......... .......... .......... 62% 29.9M 1s
 18600K .......... .......... .......... .......... .......... 63% 27.0M 1s
 18650K .......... .......... .......... .......... .......... 63% 29.9M 1s
 18700K .......... .......... .......... .......... .......... 63% 31.6M 1s
 18750K .......... .......... .......... .......... .......... 63% 26.7M 1s
 18800K .......... .......... .......... .......... .......... 63% 31.0M 1s
 18850K .......... .......... .......... .......... .......... 63% 27.0M 1s
 18900K .......... .......... .......... .......... .......... 64% 29.7M 1s
 18950K .......... .......... .......... .......... .......... 64% 30.5M 1s
 19000K .......... .......... .......... .......... .......... 64% 27.5M 1s
 19050K .......... .......... .......... .......... .......... 64% 30.4M 1s
 19100K .......... .......... .......... .......... .......... 64% 26.9M 1s
 19150K .......... .......... .......... .......... .......... 64% 31.2M 1s
 19200K .......... .......... .......... .......... .......... 65% 31.0M 1s
 19250K .......... .......... .......... .......... .......... 65% 26.5M 1s
 19300K .......... .......... .......... .......... .......... 65% 30.6M 1s
 19350K .......... .......... .......... .......... .......... 65% 27.6M 1s
 19400K .......... .......... .......... .......... .......... 65% 31.3M 1s
 19450K .......... .......... .......... .......... .......... 65% 30.8M 1s
 19500K .......... .......... .......... .......... .......... 66% 26.5M 1s
 19550K .......... .......... .......... .......... .......... 66% 30.9M 1s
 19600K .......... .......... .......... .......... .......... 66% 26.6M 1s
 19650K .......... .......... .......... .......... .......... 66% 31.8M 1s
 19700K .......... .......... .......... .......... .......... 66% 30.7M 1s
 19750K .......... .......... .......... .......... .......... 67% 28.7M 1s
 19800K .......... .......... .......... .......... .......... 67% 31.3M 1s
 19850K .......... .......... .......... .......... .......... 67% 27.3M 1s
 19900K .......... .......... .......... .......... .......... 67% 32.3M 1s
 19950K .......... .......... .......... .......... .......... 67% 32.3M 1s
 20000K .......... .......... .......... .......... .......... 67% 26.5M 1s
 20050K .......... .......... .......... .......... .......... 68% 33.0M 1s
 20100K .......... .......... .......... .......... .......... 68% 27.7M 1s
 20150K .......... .......... .......... .......... .......... 68% 31.2M 1s
 20200K .......... .......... .......... .......... .......... 68% 31.4M 1s
 20250K .......... .......... .......... .......... .......... 68% 26.6M 0s
 20300K .......... .......... .......... .......... .......... 68% 32.8M 0s
 20350K .......... .......... .......... .......... .......... 69% 26.6M 0s
 20400K .......... .......... .......... .......... .......... 69% 28.8M 0s
 20450K .......... .......... .......... .......... .......... 69% 35.7M 0s
 20500K .......... .......... .......... .......... .......... 69% 28.0M 0s
 20550K .......... .......... .......... .......... .......... 69% 30.3M 0s
 20600K .......... .......... .......... .......... .......... 69% 28.0M 0s
 20650K .......... .......... .......... .......... .......... 70% 32.2M 0s
 20700K .......... .......... .......... .......... .......... 70% 32.6M 0s
 20750K .......... .......... .......... .......... .......... 70% 25.4M 0s
 20800K .......... .......... .......... .......... .......... 70% 33.1M 0s
 20850K .......... .......... .......... .......... .......... 70% 28.3M 0s
 20900K .......... .......... .......... .......... .......... 70% 31.8M 0s
 20950K .......... .......... .......... .......... .......... 71% 32.4M 0s
 21000K .......... .......... .......... .......... .......... 71% 27.4M 0s
 21050K .......... .......... .......... .......... .......... 71% 32.9M 0s
 21100K .......... .......... .......... .......... .......... 71% 25.8M 0s
 21150K .......... .......... .......... .......... .......... 71% 31.7M 0s
 21200K .......... .......... .......... .......... .......... 71% 30.4M 0s
 21250K .......... .......... .......... .......... .......... 72% 26.4M 0s
 21300K .......... .......... .......... .......... .......... 72% 29.3M 0s
 21350K .......... .......... .......... .......... .......... 72% 27.9M 0s
 21400K .......... .......... .......... .......... .......... 72% 31.0M 0s
 21450K .......... .......... .......... .......... .......... 72% 31.2M 0s
 21500K .......... .......... .......... .......... .......... 72% 26.5M 0s
 21550K .......... .......... .......... .......... .......... 73% 30.0M 0s
 21600K .......... .......... .......... .......... .......... 73% 27.4M 0s
 21650K .......... .......... .......... .......... .......... 73% 29.4M 0s
 21700K .......... .......... .......... .......... .......... 73% 32.8M 0s
 21750K .......... .......... .......... .......... .......... 73% 26.3M 0s
 21800K .......... .......... .......... .......... .......... 73% 31.3M 0s
 21850K .......... .......... .......... .......... .......... 74% 26.2M 0s
 21900K .......... .......... .......... .......... .......... 74% 31.1M 0s
 21950K .......... .......... .......... .......... .......... 74% 28.0M 0s
 22000K .......... .......... .......... .......... .......... 74% 27.5M 0s
 22050K .......... .......... .......... .......... .......... 74% 30.4M 0s
 22100K .......... .......... .......... .......... .......... 74% 27.7M 0s
 22150K .......... .......... .......... .......... .......... 75% 28.7M 0s
 22200K .......... .......... .......... .......... .......... 75% 32.7M 0s
 22250K .......... .......... .......... .......... .......... 75% 29.1M 0s
 22300K .......... .......... .......... .......... .......... 75% 30.7M 0s
 22350K .......... .......... .......... .......... .......... 75% 26.5M 0s
 22400K .......... .......... .......... .......... .......... 75% 32.4M 0s
 22450K .......... .......... .......... .......... .......... 76% 32.1M 0s
 22500K .......... .......... .......... .......... .......... 76% 27.4M 0s
 22550K .......... .......... .......... .......... .......... 76% 29.1M 0s
 22600K .......... .......... .......... .......... .......... 76% 29.5M 0s
 22650K .......... .......... .......... .......... .......... 76% 31.1M 0s
 22700K .......... .......... .......... .......... .......... 76% 31.7M 0s
 22750K .......... .......... .......... .......... .......... 77% 26.9M 0s
 22800K .......... .......... .......... .......... .......... 77% 24.7M 0s
 22850K .......... .......... .......... .......... .......... 77% 34.6M 0s
 22900K .......... .......... .......... .......... .......... 77% 30.2M 0s
 22950K .......... .......... .......... .......... .......... 77% 30.7M 0s
 23000K .......... .......... .......... .......... .......... 78% 26.4M 0s
 23050K .......... .......... .......... .......... .......... 78% 30.9M 0s
 23100K .......... .......... .......... .......... .......... 78% 24.2M 0s
 23150K .......... .......... .......... .......... .......... 78% 34.4M 0s
 23200K .......... .......... .......... .......... .......... 78% 30.1M 0s
 23250K .......... .......... .......... .......... .......... 78% 26.7M 0s
 23300K .......... .......... .......... .......... .......... 79% 31.8M 0s
 23350K .......... .......... .......... .......... .......... 79% 26.2M 0s
 23400K .......... .......... .......... .......... .......... 79% 31.7M 0s
 23450K .......... .......... .......... .......... .......... 79% 29.3M 0s
 23500K .......... .......... .......... .......... .......... 79% 19.2M 0s
 23550K .......... .......... .......... .......... .......... 79% 31.7M 0s
 23600K .......... .......... .......... .......... .......... 80% 26.5M 0s
 23650K .......... .......... .......... .......... .......... 80% 30.7M 0s
 23700K .......... .......... .......... .......... .......... 80% 31.7M 0s
 23750K .......... .......... .......... .......... .......... 80% 26.4M 0s
 23800K .......... .......... .......... .......... .......... 80% 31.3M 0s
 23850K .......... .......... .......... .......... .......... 80% 24.5M 0s
 23900K .......... .......... .......... .......... .......... 81% 31.3M 0s
 23950K .......... .......... .......... .......... .......... 81% 30.2M 0s
 24000K .......... .......... .......... .......... .......... 81% 26.2M 0s
 24050K .......... .......... .......... .......... .......... 81% 29.2M 0s
 24100K .......... .......... .......... .......... .......... 81% 27.6M 0s
 24150K .......... .......... .......... .......... .......... 81% 29.8M 0s
 24200K .......... .......... .......... .......... .......... 82% 32.0M 0s
 24250K .......... .......... .......... .......... .......... 82% 26.5M 0s
 24300K .......... .......... .......... .......... .......... 82% 30.3M 0s
 24350K .......... .......... .......... .......... .......... 82% 26.7M 0s
 24400K .......... .......... .......... .......... .......... 82% 30.5M 0s
 24450K .......... .......... .......... .......... .......... 82% 30.9M 0s
 24500K .......... .......... .......... .......... .......... 83% 27.4M 0s
 24550K .......... .......... .......... .......... .......... 83% 31.5M 0s
 24600K .......... .......... .......... .......... .......... 83% 26.5M 0s
 24650K .......... .......... .......... .......... .......... 83% 31.6M 0s
 24700K .......... .......... .......... .......... .......... 83% 31.7M 0s
 24750K .......... .......... .......... .......... .......... 83% 24.6M 0s
 24800K .......... .......... .......... .......... .......... 84% 32.1M 0s
 24850K .......... .......... .......... .......... .......... 84% 16.1M 0s
 24900K .......... .......... .......... .......... .......... 84% 32.1M 0s
 24950K .......... .......... .......... .......... .......... 84% 26.3M 0s
 25000K .......... .......... .......... .......... .......... 84% 31.3M 0s
 25050K .......... .......... .......... .......... .......... 84% 26.9M 0s
 25100K .......... .......... .......... .......... .......... 85% 31.2M 0s
 25150K .......... .......... .......... .......... .......... 85% 23.9M 0s
 25200K .......... .......... .......... .......... .......... 85% 27.0M 0s
 25250K .......... .......... .......... .......... .......... 85% 31.1M 0s
 25300K .......... .......... .......... .......... .......... 85% 28.2M 0s
 25350K .......... .......... .......... .......... .......... 85% 29.3M 0s
 25400K .......... .......... .......... .......... .......... 86% 32.1M 0s
 25450K .......... .......... .......... .......... .......... 86% 1.49M 0s
 25500K .......... .......... .......... .......... .......... 86% 53.6M 0s
 25550K .......... .......... .......... .......... .......... 86% 15.9M 0s
 25600K .......... .......... .......... .......... .......... 86% 19.2M 0s
 25650K .......... .......... .......... .......... .......... 86% 13.6M 0s
 25700K .......... .......... .......... .......... .......... 87% 48.4M 0s
 25750K .......... .......... .......... .......... .......... 87%  989K 0s
 25800K .......... .......... .......... .......... .......... 87%  133M 0s
 25850K .......... .......... .......... .......... .......... 87%  136M 0s
 25900K .......... .......... .......... .......... .......... 87%  133M 0s
 25950K .......... .......... .......... .......... .......... 87% 1.57M 0s
 26000K .......... .......... .......... .......... .......... 88%  134M 0s
 26050K .......... .......... .......... .......... .......... 88%  163M 0s
 26100K .......... .......... .......... .......... .......... 88%  108M 0s
 26150K .......... .......... .......... .......... .......... 88%  144M 0s
 26200K .......... .......... .......... .......... .......... 88%  140M 0s
 26250K .......... .......... .......... .......... .......... 89%  136M 0s
 26300K .......... .......... .......... .......... .......... 89%  140M 0s
 26350K .......... .......... .......... .......... .......... 89%  135M 0s
 26400K .......... .......... .......... .......... .......... 89%  143M 0s
 26450K .......... .......... .......... .......... .......... 89%  116M 0s
 26500K .......... .......... .......... .......... .......... 89%  128M 0s
 26550K .......... .......... .......... .......... .......... 90%  146M 0s
 26600K .......... .......... .......... .......... .......... 90%  134M 0s
 26650K .......... .......... .......... .......... .......... 90%  157M 0s
 26700K .......... .......... .......... .......... .......... 90% 9.40M 0s
 26750K .......... .......... .......... .......... .......... 90%  125M 0s
 26800K .......... .......... .......... .......... .......... 90% 5.27M 0s
 26850K .......... .......... .......... .......... .......... 91% 24.0M 0s
 26900K .......... .......... .......... .......... .......... 91% 1.35M 0s
 26950K .......... .......... .......... .......... .......... 91%  119M 0s
 27000K .......... .......... .......... .......... .......... 91%  146M 0s
 27050K .......... .......... .......... .......... .......... 91%  135M 0s
 27100K .......... .......... .......... .......... .......... 91% 4.10M 0s
 27150K .......... .......... .......... .......... .......... 92%  149M 0s
 27200K .......... .......... .......... .......... .......... 92%  131M 0s
 27250K .......... .......... .......... .......... .......... 92%  136M 0s
 27300K .......... .......... .......... .......... .......... 92%  156M 0s
 27350K .......... .......... .......... .......... .......... 92%  132M 0s
 27400K .......... .......... .......... .......... .......... 92%  150M 0s
 27450K .......... .......... .......... .......... .......... 93%  123M 0s
 27500K .......... .......... .......... .......... .......... 93%  144M 0s
 27550K .......... .......... .......... .......... .......... 93% 10.7M 0s
 27600K .......... .......... .......... .......... .......... 93% 10.9M 0s
 27650K .......... .......... .......... .......... .......... 93% 30.8M 0s
 27700K .......... .......... .......... .......... .......... 93% 5.88M 0s
 27750K .......... .......... .......... .......... .......... 94% 10.5M 0s
 27800K .......... .......... .......... .......... .......... 94%  133M 0s
 27850K .......... .......... .......... .......... .......... 94% 1.29M 0s
 27900K .......... .......... .......... .......... .......... 94%  153M 0s
 27950K .......... .......... .......... .......... .......... 94%  138M 0s
 28000K .......... .......... .......... .......... .......... 94%  137M 0s
 28050K .......... .......... .......... .......... .......... 95% 3.41M 0s
 28100K .......... .......... .......... .......... .......... 95%  138M 0s
 28150K .......... .......... .......... .......... .......... 95%  145M 0s
 28200K .......... .......... .......... .......... .......... 95% 3.00M 0s
 28250K .......... .......... .......... .......... .......... 95%  150M 0s
 28300K .......... .......... .......... .......... .......... 95% 14.5M 0s
 28350K .......... .......... .......... .......... .......... 96%  122M 0s
 28400K .......... .......... .......... .......... .......... 96% 6.83M 0s
 28450K .......... .......... .......... .......... .......... 96%  117M 0s
 28500K .......... .......... .......... .......... .......... 96%  150M 0s
 28550K .......... .......... .......... .......... .......... 96%  153M 0s
 28600K .......... .......... .......... .......... .......... 96% 3.67M 0s
 28650K .......... .......... .......... .......... .......... 97%  160M 0s
 28700K .......... .......... .......... .......... .......... 97%  134M 0s
 28750K .......... .......... .......... .......... .......... 97%  151M 0s
 28800K .......... .......... .......... .......... .......... 97%  154M 0s
 28850K .......... .......... .......... .......... .......... 97%  119M 0s
 28900K .......... .......... .......... .......... .......... 97% 48.9M 0s
 28950K .......... .......... .......... .......... .......... 98%  119M 0s
 29000K .......... .......... .......... .......... .......... 98%  157M 0s
 29050K .......... .......... .......... .......... .......... 98% 1.22M 0s
 29100K .......... .......... .......... .......... .......... 98%  133M 0s
 29150K .......... .......... .......... .......... .......... 98%  141M 0s
 29200K .......... .......... .......... .......... .......... 98%  136M 0s
 29250K .......... .......... .......... .......... .......... 99%  155M 0s
 29300K .......... .......... .......... .......... .......... 99%  150M 0s
 29350K .......... .......... .......... .......... .......... 99%  137M 0s
 29400K .......... .......... .......... .......... .......... 99%  159M 0s
 29450K .......... .......... .......... .......... .......... 99%  132M 0s
 29500K .......... .......... .......... .......... .......   100%  152M=1.6s

2022-04-18 02:55:03 (17.7 MB/s) - ‘/root/process_mining/trips_tracing/stopsintrip.json’ saved [30256581/30256581]

--2022-04-18 02:55:03--  https://ckan.multimediagdansk.pl/dataset/c24aa637-3619-4dc2-a171-a23eec8f2172/resource/4c4025f0-01bf-41f7-a39f-d156d201b82b/download/stops.json
Resolving ckan.multimediagdansk.pl (ckan.multimediagdansk.pl)... 91.244.248.30
Connecting to ckan.multimediagdansk.pl (ckan.multimediagdansk.pl)|91.244.248.30|:443... connected.
HTTP request sent, awaiting response... 200 OK
Length: 9319657 (8.9M) [application/json]
Saving to: ‘/root/process_mining/trips_tracing/stops.json’

     0K .......... .......... .......... .......... ..........  0%  888K 10s
    50K .......... .......... .......... .......... ..........  1% 1.75M 8s
   100K .......... .......... .......... .......... ..........  1% 54.8M 5s
   150K .......... .......... .......... .......... ..........  2% 77.4M 4s
   200K .......... .......... .......... .......... ..........  2% 1.74M 4s
   250K .......... .......... .......... .......... ..........  3% 67.8M 3s
   300K .......... .......... .......... .......... ..........  3% 76.1M 3s
   350K .......... .......... .......... .......... ..........  4%  137M 3s
   400K .......... .......... .......... .......... ..........  4% 1.89M 3s
   450K .......... .......... .......... .......... ..........  5% 67.4M 2s
   500K .......... .......... .......... .......... ..........  6% 83.3M 2s
   550K .......... .......... .......... .......... ..........  6% 81.2M 2s
   600K .......... .......... .......... .......... ..........  7% 74.1M 2s
   650K .......... .......... .......... .......... ..........  7% 95.3M 2s
   700K .......... .......... .......... .......... ..........  8% 82.8M 2s
   750K .......... .......... .......... .......... ..........  8%  159M 2s
   800K .......... .......... .......... .......... ..........  9%  165M 1s
   850K .......... .......... .......... .......... ..........  9% 2.05M 2s
   900K .......... .......... .......... .......... .......... 10% 92.1M 1s
   950K .......... .......... .......... .......... .......... 10% 58.8M 1s
  1000K .......... .......... .......... .......... .......... 11% 64.7M 1s
  1050K .......... .......... .......... .......... .......... 12% 80.9M 1s
  1100K .......... .......... .......... .......... .......... 12% 71.8M 1s
  1150K .......... .......... .......... .......... .......... 13% 79.9M 1s
  1200K .......... .......... .......... .......... .......... 13% 67.5M 1s
  1250K .......... .......... .......... .......... .......... 14% 84.0M 1s
  1300K .......... .......... .......... .......... .......... 14% 70.1M 1s
  1350K .......... .......... .......... .......... .......... 15% 70.9M 1s
  1400K .......... .......... .......... .......... .......... 15% 89.5M 1s
  1450K .......... .......... .......... .......... .......... 16% 82.8M 1s
  1500K .......... .......... .......... .......... .......... 17% 93.5M 1s
  1550K .......... .......... .......... .......... .......... 17%  150M 1s
  1600K .......... .......... .......... .......... .......... 18%  141M 1s
  1650K .......... .......... .......... .......... .......... 18%  156M 1s
  1700K .......... .......... .......... .......... .......... 19%  138M 1s
  1750K .......... .......... .......... .......... .......... 19% 2.58M 1s
  1800K .......... .......... .......... .......... .......... 20%  100M 1s
  1850K .......... .......... .......... .......... .......... 20% 80.0M 1s
  1900K .......... .......... .......... .......... .......... 21%  100M 1s
  1950K .......... .......... .......... .......... .......... 21% 81.4M 1s
  2000K .......... .......... .......... .......... .......... 22%  102M 1s
  2050K .......... .......... .......... .......... .......... 23%  115M 1s
  2100K .......... .......... .......... .......... .......... 23% 71.5M 1s
  2150K .......... .......... .......... .......... .......... 24% 90.5M 1s
  2200K .......... .......... .......... .......... .......... 24% 86.3M 1s
  2250K .......... .......... .......... .......... .......... 25% 88.4M 1s
  2300K .......... .......... .......... .......... .......... 25% 97.6M 1s
  2350K .......... .......... .......... .......... .......... 26% 78.5M 1s
  2400K .......... .......... .......... .......... .......... 26% 98.1M 1s
  2450K .......... .......... .......... .......... .......... 27% 75.5M 1s
  2500K .......... .......... .......... .......... .......... 28% 84.4M 1s
  2550K .......... .......... .......... .......... .......... 28% 98.1M 1s
  2600K .......... .......... .......... .......... .......... 29% 78.0M 1s
  2650K .......... .......... .......... .......... .......... 29% 95.8M 0s
  2700K .......... .......... .......... .......... .......... 30% 77.3M 0s
  2750K .......... .......... .......... .......... .......... 30% 90.3M 0s
  2800K .......... .......... .......... .......... .......... 31% 88.7M 0s
  2850K .......... .......... .......... .......... .......... 31% 59.2M 0s
  2900K .......... .......... .......... .......... .......... 32% 89.5M 0s
  2950K .......... .......... .......... .......... .......... 32%  127M 0s
  3000K .......... .......... .......... .......... .......... 33%  129M 0s
  3050K .......... .......... .......... .......... .......... 34%  142M 0s
  3100K .......... .......... .......... .......... .......... 34%  109M 0s
  3150K .......... .......... .......... .......... .......... 35%  134M 0s
  3200K .......... .......... .......... .......... .......... 35%  117M 0s
  3250K .......... .......... .......... .......... .......... 36% 37.9M 0s
  3300K .......... .......... .......... .......... .......... 36% 32.4M 0s
  3350K .......... .......... .......... .......... .......... 37% 27.3M 0s
  3400K .......... .......... .......... .......... .......... 37% 34.1M 0s
  3450K .......... .......... .......... .......... .......... 38% 17.3M 0s
  3500K .......... .......... .......... .......... .......... 39% 11.9M 0s
  3550K .......... .......... .......... .......... .......... 39% 92.0M 0s
  3600K .......... .......... .......... .......... .......... 40% 76.4M 0s
  3650K .......... .......... .......... .......... .......... 40%  103M 0s
  3700K .......... .......... .......... .......... .......... 41% 70.5M 0s
  3750K .......... .......... .......... .......... .......... 41% 27.4M 0s
  3800K .......... .......... .......... .......... .......... 42% 34.9M 0s
  3850K .......... .......... .......... .......... .......... 42% 28.3M 0s
  3900K .......... .......... .......... .......... .......... 43% 29.6M 0s
  3950K .......... .......... .......... .......... .......... 43% 26.2M 0s
  4000K .......... .......... .......... .......... .......... 44% 30.0M 0s
  4050K .......... .......... .......... .......... .......... 45% 30.4M 0s
  4100K .......... .......... .......... .......... .......... 45% 27.0M 0s
  4150K .......... .......... .......... .......... .......... 46% 30.4M 0s
  4200K .......... .......... .......... .......... .......... 46% 27.8M 0s
  4250K .......... .......... .......... .......... .......... 47% 30.6M 0s
  4300K .......... .......... .......... .......... .......... 47% 33.3M 0s
  4350K .......... .......... .......... .......... .......... 48% 28.1M 0s
  4400K .......... .......... .......... .......... .......... 48% 32.4M 0s
  4450K .......... .......... .......... .......... .......... 49% 28.1M 0s
  4500K .......... .......... .......... .......... .......... 49% 30.1M 0s
  4550K .......... .......... .......... .......... .......... 50% 30.4M 0s
  4600K .......... .......... .......... .......... .......... 51% 26.6M 0s
  4650K .......... .......... .......... .......... .......... 51% 31.6M 0s
  4700K .......... .......... .......... .......... .......... 52% 27.0M 0s
  4750K .......... .......... .......... .......... .......... 52% 29.6M 0s
  4800K .......... .......... .......... .......... .......... 53% 31.0M 0s
  4850K .......... .......... .......... .......... .......... 53% 26.2M 0s
  4900K .......... .......... .......... .......... .......... 54% 29.8M 0s
  4950K .......... .......... .......... .......... .......... 54% 23.9M 0s
  5000K .......... .......... .......... .......... .......... 55% 29.6M 0s
  5050K .......... .......... .......... .......... .......... 56% 29.9M 0s
  5100K .......... .......... .......... .......... .......... 56% 27.1M 0s
  5150K .......... .......... .......... .......... .......... 57% 28.9M 0s
  5200K .......... .......... .......... .......... .......... 57% 25.1M 0s
  5250K .......... .......... .......... .......... .......... 58% 30.6M 0s
  5300K .......... .......... .......... .......... .......... 58% 29.6M 0s
  5350K .......... .......... .......... .......... .......... 59% 25.8M 0s
  5400K .......... .......... .......... .......... .......... 59% 30.4M 0s
  5450K .......... .......... .......... .......... .......... 60% 26.1M 0s
  5500K .......... .......... .......... .......... .......... 60% 31.7M 0s
  5550K .......... .......... .......... .......... .......... 61% 30.7M 0s
  5600K .......... .......... .......... .......... .......... 62% 22.8M 0s
  5650K .......... .......... .......... .......... .......... 62% 34.5M 0s
  5700K .......... .......... .......... .......... .......... 63% 25.7M 0s
  5750K .......... .......... .......... .......... .......... 63% 31.0M 0s
  5800K .......... .......... .......... .......... .......... 64% 30.4M 0s
  5850K .......... .......... .......... .......... .......... 64% 28.6M 0s
  5900K .......... .......... .......... .......... .......... 65% 32.1M 0s
  5950K .......... .......... .......... .......... .......... 65% 24.4M 0s
  6000K .......... .......... .......... .......... .......... 66% 37.2M 0s
  6050K .......... .......... .......... .......... .......... 67% 33.5M 0s
  6100K .......... .......... .......... .......... .......... 67% 27.5M 0s
  6150K .......... .......... .......... .......... .......... 68% 31.6M 0s
  6200K .......... .......... .......... .......... .......... 68% 28.9M 0s
  6250K .......... .......... .......... .......... .......... 69% 32.9M 0s
  6300K .......... .......... .......... .......... .......... 69% 30.4M 0s
  6350K .......... .......... .......... .......... .......... 70% 29.5M 0s
  6400K .......... .......... .......... .......... .......... 70% 31.0M 0s
  6450K .......... .......... .......... .......... .......... 71% 28.8M 0s
  6500K .......... .......... .......... .......... .......... 71% 30.6M 0s
  6550K .......... .......... .......... .......... .......... 72% 30.8M 0s
  6600K .......... .......... .......... .......... .......... 73% 28.6M 0s
  6650K .......... .......... .......... .......... .......... 73% 28.6M 0s
  6700K .......... .......... .......... .......... .......... 74% 29.3M 0s
  6750K .......... .......... .......... .......... .......... 74% 32.7M 0s
  6800K .......... .......... .......... .......... .......... 75% 30.8M 0s
  6850K .......... .......... .......... .......... .......... 75% 27.2M 0s
  6900K .......... .......... .......... .......... .......... 76% 32.2M 0s
  6950K .......... .......... .......... .......... .......... 76% 26.5M 0s
  7000K .......... .......... .......... .......... .......... 77% 33.9M 0s
  7050K .......... .......... .......... .......... .......... 78% 31.6M 0s
  7100K .......... .......... .......... .......... .......... 78% 28.3M 0s
  7150K .......... .......... .......... .......... .......... 79% 32.6M 0s
  7200K .......... .......... .......... .......... .......... 79% 27.8M 0s
  7250K .......... .......... .......... .......... .......... 80% 31.4M 0s
  7300K .......... .......... .......... .......... .......... 80% 32.1M 0s
  7350K .......... .......... .......... .......... .......... 81% 28.3M 0s
  7400K .......... .......... .......... .......... .......... 81% 31.9M 0s
  7450K .......... .......... .......... .......... .......... 82% 26.7M 0s
  7500K .......... .......... .......... .......... .......... 82% 32.2M 0s
  7550K .......... .......... .......... .......... .......... 83% 32.1M 0s
  7600K .......... .......... .......... .......... .......... 84% 24.2M 0s
  7650K .......... .......... .......... .......... .......... 84% 35.5M 0s
  7700K .......... .......... .......... .......... .......... 85% 28.1M 0s
  7750K .......... .......... .......... .......... .......... 85% 28.4M 0s
  7800K .......... .......... .......... .......... .......... 86% 33.7M 0s
  7850K .......... .......... .......... .......... .......... 86% 25.7M 0s
  7900K .......... .......... .......... .......... .......... 87% 31.8M 0s
  7950K .......... .......... .......... .......... .......... 87% 26.6M 0s
  8000K .......... .......... .......... .......... .......... 88% 31.1M 0s
  8050K .......... .......... .......... .......... .......... 88% 29.8M 0s
  8100K .......... .......... .......... .......... .......... 89% 27.0M 0s
  8150K .......... .......... .......... .......... .......... 90% 31.1M 0s
  8200K .......... .......... .......... .......... .......... 90% 25.5M 0s
  8250K .......... .......... .......... .......... .......... 91% 32.2M 0s
  8300K .......... .......... .......... .......... .......... 91% 31.0M 0s
  8350K .......... .......... .......... .......... .......... 92% 26.0M 0s
  8400K .......... .......... .......... .......... .......... 92% 29.8M 0s
  8450K .......... .......... .......... .......... .......... 93% 26.5M 0s
  8500K .......... .......... .......... .......... .......... 93% 32.0M 0s
  8550K .......... .......... .......... .......... .......... 94% 31.7M 0s
  8600K .......... .......... .......... .......... .......... 95% 26.9M 0s
  8650K .......... .......... .......... .......... .......... 95% 31.5M 0s
  8700K .......... .......... .......... .......... .......... 96% 27.6M 0s
  8750K .......... .......... .......... .......... .......... 96% 32.5M 0s
  8800K .......... .......... .......... .......... .......... 97% 31.9M 0s
  8850K .......... .......... .......... .......... .......... 97% 27.6M 0s
  8900K .......... .......... .......... .......... .......... 98% 32.4M 0s
  8950K .......... .......... .......... .......... .......... 98% 27.8M 0s
  9000K .......... .......... .......... .......... .......... 99% 32.8M 0s
  9050K .......... .......... .......... .......... .......... 99% 30.3M 0s
  9100K .                                                     100% 2341G=0.4s

2022-04-18 02:55:04 (21.9 MB/s) - ‘/root/process_mining/trips_tracing/stops.json’ saved [9319657/9319657]

--2022-04-18 02:55:04--  https://files.cloudgdansk.pl/d/otwarte-dane/ztm/baza-pojazdow.json?v=2
Resolving files.cloudgdansk.pl (files.cloudgdansk.pl)... 153.19.238.147
Connecting to files.cloudgdansk.pl (files.cloudgdansk.pl)|153.19.238.147|:443... connected.
HTTP request sent, awaiting response... 200 OK
Length: 279155 (273K) [application/json]
Saving to: ‘/root/process_mining/trips_tracing/baza-pojazdow.json’

     0K .......... .......... .......... .......... .......... 18% 1.71M 0s
    50K .......... .......... .......... .......... .......... 36% 1.71M 0s
   100K .......... .......... .......... .......... .......... 55% 1.70M 0s
   150K .......... .......... .......... .......... .......... 73% 1.70M 0s
   200K .......... .......... .......... .......... .......... 91%  177M 0s
   250K .......... .......... ..                              100%  179M=0.1s

2022-04-18 02:55:04 (2.31 MB/s) - ‘/root/process_mining/trips_tracing/baza-pojazdow.json’ saved [279155/279155]

