--2022-04-18 00:00:01--  https://files.cloudgdansk.pl/d/otwarte-dane/ztm/bsk.json
Resolving files.cloudgdansk.pl (files.cloudgdansk.pl)... 153.19.238.147
Connecting to files.cloudgdansk.pl (files.cloudgdansk.pl)|153.19.238.147|:443... connected.
HTTP request sent, awaiting response... 200 OK
Length: 3159 (3.1K) [application/json]
Saving to: ‘/root/process_mining/announcements/data/18_04_2022/ann18.04.2022-00-00-01.json’

     0K ...                                                   100%  586M=0s

2022-04-18 00:00:01 (586 MB/s) - ‘/root/process_mining/announcements/data/18_04_2022/ann18.04.2022-00-00-01.json’ saved [3159/3159]

--2022-04-18 00:10:01--  https://files.cloudgdansk.pl/d/otwarte-dane/ztm/bsk.json
Resolving files.cloudgdansk.pl (files.cloudgdansk.pl)... 153.19.238.147
Connecting to files.cloudgdansk.pl (files.cloudgdansk.pl)|153.19.238.147|:443... connected.
HTTP request sent, awaiting response... 200 OK
Length: 3159 (3.1K) [application/json]
Saving to: ‘/root/process_mining/announcements/data/18_04_2022/ann18.04.2022-00-10-01.json’

     0K ...                                                   100%  570M=0s

2022-04-18 00:10:01 (570 MB/s) - ‘/root/process_mining/announcements/data/18_04_2022/ann18.04.2022-00-10-01.json’ saved [3159/3159]

--2022-04-18 00:20:01--  https://files.cloudgdansk.pl/d/otwarte-dane/ztm/bsk.json
Resolving files.cloudgdansk.pl (files.cloudgdansk.pl)... 153.19.238.147
Connecting to files.cloudgdansk.pl (files.cloudgdansk.pl)|153.19.238.147|:443... connected.
HTTP request sent, awaiting response... 200 OK
Length: 3159 (3.1K) [application/json]
Saving to: ‘/root/process_mining/announcements/data/18_04_2022/ann18.04.2022-00-20-01.json’

     0K ...                                                   100%  535M=0s

2022-04-18 00:20:02 (535 MB/s) - ‘/root/process_mining/announcements/data/18_04_2022/ann18.04.2022-00-20-01.json’ saved [3159/3159]

--2022-04-18 00:30:01--  https://files.cloudgdansk.pl/d/otwarte-dane/ztm/bsk.json
Resolving files.cloudgdansk.pl (files.cloudgdansk.pl)... 153.19.238.147
Connecting to files.cloudgdansk.pl (files.cloudgdansk.pl)|153.19.238.147|:443... connected.
HTTP request sent, awaiting response... 200 OK
Length: 3159 (3.1K) [application/json]
Saving to: ‘/root/process_mining/announcements/data/18_04_2022/ann18.04.2022-00-30-01.json’

     0K ...                                                   100%  527M=0s

2022-04-18 00:30:01 (527 MB/s) - ‘/root/process_mining/announcements/data/18_04_2022/ann18.04.2022-00-30-01.json’ saved [3159/3159]

--2022-04-18 00:40:01--  https://files.cloudgdansk.pl/d/otwarte-dane/ztm/bsk.json
Resolving files.cloudgdansk.pl (files.cloudgdansk.pl)... 153.19.238.147
Connecting to files.cloudgdansk.pl (files.cloudgdansk.pl)|153.19.238.147|:443... connected.
HTTP request sent, awaiting response... 200 OK
Length: 3159 (3.1K) [application/json]
Saving to: ‘/root/process_mining/announcements/data/18_04_2022/ann18.04.2022-00-40-01.json’

     0K ...                                                   100%  564M=0s

2022-04-18 00:40:02 (564 MB/s) - ‘/root/process_mining/announcements/data/18_04_2022/ann18.04.2022-00-40-01.json’ saved [3159/3159]

--2022-04-18 00:50:01--  https://files.cloudgdansk.pl/d/otwarte-dane/ztm/bsk.json
Resolving files.cloudgdansk.pl (files.cloudgdansk.pl)... 153.19.238.147
Connecting to files.cloudgdansk.pl (files.cloudgdansk.pl)|153.19.238.147|:443... connected.
HTTP request sent, awaiting response... 200 OK
Length: 3159 (3.1K) [application/json]
Saving to: ‘/root/process_mining/announcements/data/18_04_2022/ann18.04.2022-00-50-01.json’

     0K ...                                                   100%  582M=0s

2022-04-18 00:50:01 (582 MB/s) - ‘/root/process_mining/announcements/data/18_04_2022/ann18.04.2022-00-50-01.json’ saved [3159/3159]

--2022-04-18 01:00:01--  https://files.cloudgdansk.pl/d/otwarte-dane/ztm/bsk.json
Resolving files.cloudgdansk.pl (files.cloudgdansk.pl)... 153.19.238.147
Connecting to files.cloudgdansk.pl (files.cloudgdansk.pl)|153.19.238.147|:443... connected.
HTTP request sent, awaiting response... 200 OK
Length: 3159 (3.1K) [application/json]
Saving to: ‘/root/process_mining/announcements/data/18_04_2022/ann18.04.2022-01-00-01.json’

     0K ...                                                   100%  609M=0s

2022-04-18 01:00:02 (609 MB/s) - ‘/root/process_mining/announcements/data/18_04_2022/ann18.04.2022-01-00-01.json’ saved [3159/3159]

--2022-04-18 01:10:01--  https://files.cloudgdansk.pl/d/otwarte-dane/ztm/bsk.json
Resolving files.cloudgdansk.pl (files.cloudgdansk.pl)... 153.19.238.147
Connecting to files.cloudgdansk.pl (files.cloudgdansk.pl)|153.19.238.147|:443... connected.
HTTP request sent, awaiting response... 200 OK
Length: 3159 (3.1K) [application/json]
Saving to: ‘/root/process_mining/announcements/data/18_04_2022/ann18.04.2022-01-10-01.json’

     0K ...                                                   100%  520M=0s

2022-04-18 01:10:02 (520 MB/s) - ‘/root/process_mining/announcements/data/18_04_2022/ann18.04.2022-01-10-01.json’ saved [3159/3159]

--2022-04-18 01:20:01--  https://files.cloudgdansk.pl/d/otwarte-dane/ztm/bsk.json
Resolving files.cloudgdansk.pl (files.cloudgdansk.pl)... 153.19.238.147
Connecting to files.cloudgdansk.pl (files.cloudgdansk.pl)|153.19.238.147|:443... connected.
HTTP request sent, awaiting response... 200 OK
Length: 3159 (3.1K) [application/json]
Saving to: ‘/root/process_mining/announcements/data/18_04_2022/ann18.04.2022-01-20-01.json’

     0K ...                                                   100%  561M=0s

2022-04-18 01:20:01 (561 MB/s) - ‘/root/process_mining/announcements/data/18_04_2022/ann18.04.2022-01-20-01.json’ saved [3159/3159]

--2022-04-18 01:30:01--  https://files.cloudgdansk.pl/d/otwarte-dane/ztm/bsk.json
Resolving files.cloudgdansk.pl (files.cloudgdansk.pl)... 153.19.238.147
Connecting to files.cloudgdansk.pl (files.cloudgdansk.pl)|153.19.238.147|:443... connected.
HTTP request sent, awaiting response... 200 OK
Length: 3159 (3.1K) [application/json]
Saving to: ‘/root/process_mining/announcements/data/18_04_2022/ann18.04.2022-01-30-01.json’

     0K ...                                                   100%  606M=0s

2022-04-18 01:30:01 (606 MB/s) - ‘/root/process_mining/announcements/data/18_04_2022/ann18.04.2022-01-30-01.json’ saved [3159/3159]

--2022-04-18 01:40:01--  https://files.cloudgdansk.pl/d/otwarte-dane/ztm/bsk.json
Resolving files.cloudgdansk.pl (files.cloudgdansk.pl)... 153.19.238.147
Connecting to files.cloudgdansk.pl (files.cloudgdansk.pl)|153.19.238.147|:443... connected.
HTTP request sent, awaiting response... 200 OK
Length: 3159 (3.1K) [application/json]
Saving to: ‘/root/process_mining/announcements/data/18_04_2022/ann18.04.2022-01-40-01.json’

     0K ...                                                   100%  573M=0s

2022-04-18 01:40:01 (573 MB/s) - ‘/root/process_mining/announcements/data/18_04_2022/ann18.04.2022-01-40-01.json’ saved [3159/3159]

--2022-04-18 01:50:01--  https://files.cloudgdansk.pl/d/otwarte-dane/ztm/bsk.json
Resolving files.cloudgdansk.pl (files.cloudgdansk.pl)... 153.19.238.147
Connecting to files.cloudgdansk.pl (files.cloudgdansk.pl)|153.19.238.147|:443... connected.
HTTP request sent, awaiting response... 200 OK
Length: 3159 (3.1K) [application/json]
Saving to: ‘/root/process_mining/announcements/data/18_04_2022/ann18.04.2022-01-50-01.json’

     0K ...                                                   100%  574M=0s

2022-04-18 01:50:02 (574 MB/s) - ‘/root/process_mining/announcements/data/18_04_2022/ann18.04.2022-01-50-01.json’ saved [3159/3159]

--2022-04-18 02:00:01--  https://files.cloudgdansk.pl/d/otwarte-dane/ztm/bsk.json
Resolving files.cloudgdansk.pl (files.cloudgdansk.pl)... 153.19.238.147
Connecting to files.cloudgdansk.pl (files.cloudgdansk.pl)|153.19.238.147|:443... connected.
HTTP request sent, awaiting response... 200 OK
Length: 3159 (3.1K) [application/json]
Saving to: ‘/root/process_mining/announcements/data/18_04_2022/ann18.04.2022-02-00-01.json’

     0K ...                                                   100%  541M=0s

2022-04-18 02:00:01 (541 MB/s) - ‘/root/process_mining/announcements/data/18_04_2022/ann18.04.2022-02-00-01.json’ saved [3159/3159]

--2022-04-18 02:10:01--  https://files.cloudgdansk.pl/d/otwarte-dane/ztm/bsk.json
Resolving files.cloudgdansk.pl (files.cloudgdansk.pl)... 153.19.238.147
Connecting to files.cloudgdansk.pl (files.cloudgdansk.pl)|153.19.238.147|:443... connected.
HTTP request sent, awaiting response... 200 OK
Length: 3159 (3.1K) [application/json]
Saving to: ‘/root/process_mining/announcements/data/18_04_2022/ann18.04.2022-02-10-01.json’

     0K ...                                                   100%  572M=0s

2022-04-18 02:10:02 (572 MB/s) - ‘/root/process_mining/announcements/data/18_04_2022/ann18.04.2022-02-10-01.json’ saved [3159/3159]

--2022-04-18 02:20:01--  https://files.cloudgdansk.pl/d/otwarte-dane/ztm/bsk.json
Resolving files.cloudgdansk.pl (files.cloudgdansk.pl)... 153.19.238.147
Connecting to files.cloudgdansk.pl (files.cloudgdansk.pl)|153.19.238.147|:443... connected.
HTTP request sent, awaiting response... 200 OK
Length: 3159 (3.1K) [application/json]
Saving to: ‘/root/process_mining/announcements/data/18_04_2022/ann18.04.2022-02-20-01.json’

     0K ...                                                   100%  457M=0s

2022-04-18 02:20:01 (457 MB/s) - ‘/root/process_mining/announcements/data/18_04_2022/ann18.04.2022-02-20-01.json’ saved [3159/3159]

--2022-04-18 02:30:01--  https://files.cloudgdansk.pl/d/otwarte-dane/ztm/bsk.json
Resolving files.cloudgdansk.pl (files.cloudgdansk.pl)... 153.19.238.147
Connecting to files.cloudgdansk.pl (files.cloudgdansk.pl)|153.19.238.147|:443... connected.
HTTP request sent, awaiting response... 200 OK
Length: 3159 (3.1K) [application/json]
Saving to: ‘/root/process_mining/announcements/data/18_04_2022/ann18.04.2022-02-30-01.json’

     0K ...                                                   100%  539M=0s

2022-04-18 02:30:02 (539 MB/s) - ‘/root/process_mining/announcements/data/18_04_2022/ann18.04.2022-02-30-01.json’ saved [3159/3159]

--2022-04-18 02:40:01--  https://files.cloudgdansk.pl/d/otwarte-dane/ztm/bsk.json
Resolving files.cloudgdansk.pl (files.cloudgdansk.pl)... 153.19.238.147
Connecting to files.cloudgdansk.pl (files.cloudgdansk.pl)|153.19.238.147|:443... connected.
HTTP request sent, awaiting response... 200 OK
Length: 3159 (3.1K) [application/json]
Saving to: ‘/root/process_mining/announcements/data/18_04_2022/ann18.04.2022-02-40-01.json’

     0K ...                                                   100%  588M=0s

2022-04-18 02:40:01 (588 MB/s) - ‘/root/process_mining/announcements/data/18_04_2022/ann18.04.2022-02-40-01.json’ saved [3159/3159]

--2022-04-18 02:50:01--  https://files.cloudgdansk.pl/d/otwarte-dane/ztm/bsk.json
Resolving files.cloudgdansk.pl (files.cloudgdansk.pl)... 153.19.238.147
Connecting to files.cloudgdansk.pl (files.cloudgdansk.pl)|153.19.238.147|:443... connected.
HTTP request sent, awaiting response... 200 OK
Length: 3159 (3.1K) [application/json]
Saving to: ‘/root/process_mining/announcements/data/18_04_2022/ann18.04.2022-02-50-01.json’

     0K ...                                                   100%  548M=0s

2022-04-18 02:50:02 (548 MB/s) - ‘/root/process_mining/announcements/data/18_04_2022/ann18.04.2022-02-50-01.json’ saved [3159/3159]

--2022-04-18 03:00:01--  https://files.cloudgdansk.pl/d/otwarte-dane/ztm/bsk.json
Resolving files.cloudgdansk.pl (files.cloudgdansk.pl)... 153.19.238.147
Connecting to files.cloudgdansk.pl (files.cloudgdansk.pl)|153.19.238.147|:443... connected.
HTTP request sent, awaiting response... 200 OK
Length: 3159 (3.1K) [application/json]
Saving to: ‘/root/process_mining/announcements/data/18_04_2022/ann18.04.2022-03-00-01.json’

     0K ...                                                   100%  574M=0s

2022-04-18 03:00:02 (574 MB/s) - ‘/root/process_mining/announcements/data/18_04_2022/ann18.04.2022-03-00-01.json’ saved [3159/3159]

--2022-04-18 03:10:01--  https://files.cloudgdansk.pl/d/otwarte-dane/ztm/bsk.json
Resolving files.cloudgdansk.pl (files.cloudgdansk.pl)... 153.19.238.147
Connecting to files.cloudgdansk.pl (files.cloudgdansk.pl)|153.19.238.147|:443... connected.
HTTP request sent, awaiting response... 200 OK
Length: 3159 (3.1K) [application/json]
Saving to: ‘/root/process_mining/announcements/data/18_04_2022/ann18.04.2022-03-10-01.json’

     0K ...                                                   100%  587M=0s

2022-04-18 03:10:01 (587 MB/s) - ‘/root/process_mining/announcements/data/18_04_2022/ann18.04.2022-03-10-01.json’ saved [3159/3159]

--2022-04-18 03:20:01--  https://files.cloudgdansk.pl/d/otwarte-dane/ztm/bsk.json
Resolving files.cloudgdansk.pl (files.cloudgdansk.pl)... 153.19.238.147
Connecting to files.cloudgdansk.pl (files.cloudgdansk.pl)|153.19.238.147|:443... connected.
HTTP request sent, awaiting response... 200 OK
Length: 3159 (3.1K) [application/json]
Saving to: ‘/root/process_mining/announcements/data/18_04_2022/ann18.04.2022-03-20-01.json’

     0K ...                                                   100%  217M=0s

2022-04-18 03:20:01 (217 MB/s) - ‘/root/process_mining/announcements/data/18_04_2022/ann18.04.2022-03-20-01.json’ saved [3159/3159]

--2022-04-18 03:30:01--  https://files.cloudgdansk.pl/d/otwarte-dane/ztm/bsk.json
Resolving files.cloudgdansk.pl (files.cloudgdansk.pl)... 153.19.238.147
Connecting to files.cloudgdansk.pl (files.cloudgdansk.pl)|153.19.238.147|:443... connected.
HTTP request sent, awaiting response... 200 OK
Length: 3159 (3.1K) [application/json]
Saving to: ‘/root/process_mining/announcements/data/18_04_2022/ann18.04.2022-03-30-01.json’

     0K ...                                                   100%  562M=0s

2022-04-18 03:30:02 (562 MB/s) - ‘/root/process_mining/announcements/data/18_04_2022/ann18.04.2022-03-30-01.json’ saved [3159/3159]

--2022-04-18 03:40:01--  https://files.cloudgdansk.pl/d/otwarte-dane/ztm/bsk.json
Resolving files.cloudgdansk.pl (files.cloudgdansk.pl)... 153.19.238.147
Connecting to files.cloudgdansk.pl (files.cloudgdansk.pl)|153.19.238.147|:443... connected.
HTTP request sent, awaiting response... 200 OK
Length: 3159 (3.1K) [application/json]
Saving to: ‘/root/process_mining/announcements/data/18_04_2022/ann18.04.2022-03-40-01.json’

     0K ...                                                   100%  557M=0s

2022-04-18 03:40:01 (557 MB/s) - ‘/root/process_mining/announcements/data/18_04_2022/ann18.04.2022-03-40-01.json’ saved [3159/3159]

--2022-04-18 03:50:01--  https://files.cloudgdansk.pl/d/otwarte-dane/ztm/bsk.json
Resolving files.cloudgdansk.pl (files.cloudgdansk.pl)... 153.19.238.147
Connecting to files.cloudgdansk.pl (files.cloudgdansk.pl)|153.19.238.147|:443... connected.
HTTP request sent, awaiting response... 200 OK
Length: 3159 (3.1K) [application/json]
Saving to: ‘/root/process_mining/announcements/data/18_04_2022/ann18.04.2022-03-50-01.json’

     0K ...                                                   100%  562M=0s

2022-04-18 03:50:01 (562 MB/s) - ‘/root/process_mining/announcements/data/18_04_2022/ann18.04.2022-03-50-01.json’ saved [3159/3159]

--2022-04-18 04:00:02--  https://files.cloudgdansk.pl/d/otwarte-dane/ztm/bsk.json
Resolving files.cloudgdansk.pl (files.cloudgdansk.pl)... 153.19.238.147
Connecting to files.cloudgdansk.pl (files.cloudgdansk.pl)|153.19.238.147|:443... connected.
HTTP request sent, awaiting response... 200 OK
Length: 3159 (3.1K) [application/json]
Saving to: ‘/root/process_mining/announcements/data/18_04_2022/ann18.04.2022-04-00-02.json’

     0K ...                                                   100%  614M=0s

2022-04-18 04:00:02 (614 MB/s) - ‘/root/process_mining/announcements/data/18_04_2022/ann18.04.2022-04-00-02.json’ saved [3159/3159]

--2022-04-18 04:10:01--  https://files.cloudgdansk.pl/d/otwarte-dane/ztm/bsk.json
Resolving files.cloudgdansk.pl (files.cloudgdansk.pl)... 153.19.238.147
Connecting to files.cloudgdansk.pl (files.cloudgdansk.pl)|153.19.238.147|:443... connected.
HTTP request sent, awaiting response... 200 OK
Length: 3159 (3.1K) [application/json]
Saving to: ‘/root/process_mining/announcements/data/18_04_2022/ann18.04.2022-04-10-01.json’

     0K ...                                                   100%  528M=0s

2022-04-18 04:10:01 (528 MB/s) - ‘/root/process_mining/announcements/data/18_04_2022/ann18.04.2022-04-10-01.json’ saved [3159/3159]

--2022-04-18 04:20:01--  https://files.cloudgdansk.pl/d/otwarte-dane/ztm/bsk.json
Resolving files.cloudgdansk.pl (files.cloudgdansk.pl)... 153.19.238.147
Connecting to files.cloudgdansk.pl (files.cloudgdansk.pl)|153.19.238.147|:443... connected.
HTTP request sent, awaiting response... 200 OK
Length: 3159 (3.1K) [application/json]
Saving to: ‘/root/process_mining/announcements/data/18_04_2022/ann18.04.2022-04-20-01.json’

     0K ...                                                   100%  566M=0s

2022-04-18 04:20:01 (566 MB/s) - ‘/root/process_mining/announcements/data/18_04_2022/ann18.04.2022-04-20-01.json’ saved [3159/3159]

--2022-04-18 04:30:01--  https://files.cloudgdansk.pl/d/otwarte-dane/ztm/bsk.json
Resolving files.cloudgdansk.pl (files.cloudgdansk.pl)... 153.19.238.147
Connecting to files.cloudgdansk.pl (files.cloudgdansk.pl)|153.19.238.147|:443... connected.
HTTP request sent, awaiting response... 200 OK
Length: 3159 (3.1K) [application/json]
Saving to: ‘/root/process_mining/announcements/data/18_04_2022/ann18.04.2022-04-30-01.json’

     0K ...                                                   100%  555M=0s

2022-04-18 04:30:01 (555 MB/s) - ‘/root/process_mining/announcements/data/18_04_2022/ann18.04.2022-04-30-01.json’ saved [3159/3159]

--2022-04-18 04:40:01--  https://files.cloudgdansk.pl/d/otwarte-dane/ztm/bsk.json
Resolving files.cloudgdansk.pl (files.cloudgdansk.pl)... 153.19.238.147
Connecting to files.cloudgdansk.pl (files.cloudgdansk.pl)|153.19.238.147|:443... connected.
HTTP request sent, awaiting response... 200 OK
Length: 3159 (3.1K) [application/json]
Saving to: ‘/root/process_mining/announcements/data/18_04_2022/ann18.04.2022-04-40-01.json’

     0K ...                                                   100%  452M=0s

2022-04-18 04:40:01 (452 MB/s) - ‘/root/process_mining/announcements/data/18_04_2022/ann18.04.2022-04-40-01.json’ saved [3159/3159]

--2022-04-18 04:50:01--  https://files.cloudgdansk.pl/d/otwarte-dane/ztm/bsk.json
Resolving files.cloudgdansk.pl (files.cloudgdansk.pl)... 153.19.238.147
Connecting to files.cloudgdansk.pl (files.cloudgdansk.pl)|153.19.238.147|:443... connected.
HTTP request sent, awaiting response... 200 OK
Length: 3159 (3.1K) [application/json]
Saving to: ‘/root/process_mining/announcements/data/18_04_2022/ann18.04.2022-04-50-01.json’

     0K ...                                                   100%  571M=0s

2022-04-18 04:50:01 (571 MB/s) - ‘/root/process_mining/announcements/data/18_04_2022/ann18.04.2022-04-50-01.json’ saved [3159/3159]

--2022-04-18 05:00:01--  https://files.cloudgdansk.pl/d/otwarte-dane/ztm/bsk.json
Resolving files.cloudgdansk.pl (files.cloudgdansk.pl)... 153.19.238.147
Connecting to files.cloudgdansk.pl (files.cloudgdansk.pl)|153.19.238.147|:443... connected.
HTTP request sent, awaiting response... 200 OK
Length: 2779 (2.7K) [application/json]
Saving to: ‘/root/process_mining/announcements/data/18_04_2022/ann18.04.2022-05-00-01.json’

     0K ..                                                    100%  475M=0s

2022-04-18 05:00:01 (475 MB/s) - ‘/root/process_mining/announcements/data/18_04_2022/ann18.04.2022-05-00-01.json’ saved [2779/2779]

--2022-04-18 05:10:01--  https://files.cloudgdansk.pl/d/otwarte-dane/ztm/bsk.json
Resolving files.cloudgdansk.pl (files.cloudgdansk.pl)... 153.19.238.147
Connecting to files.cloudgdansk.pl (files.cloudgdansk.pl)|153.19.238.147|:443... connected.
HTTP request sent, awaiting response... 200 OK
Length: 2779 (2.7K) [application/json]
Saving to: ‘/root/process_mining/announcements/data/18_04_2022/ann18.04.2022-05-10-01.json’

     0K ..                                                    100%  530M=0s

2022-04-18 05:10:02 (530 MB/s) - ‘/root/process_mining/announcements/data/18_04_2022/ann18.04.2022-05-10-01.json’ saved [2779/2779]

--2022-04-18 05:20:01--  https://files.cloudgdansk.pl/d/otwarte-dane/ztm/bsk.json
Resolving files.cloudgdansk.pl (files.cloudgdansk.pl)... 153.19.238.147
Connecting to files.cloudgdansk.pl (files.cloudgdansk.pl)|153.19.238.147|:443... connected.
HTTP request sent, awaiting response... 200 OK
Length: 2779 (2.7K) [application/json]
Saving to: ‘/root/process_mining/announcements/data/18_04_2022/ann18.04.2022-05-20-01.json’

     0K ..                                                    100%  509M=0s

2022-04-18 05:20:01 (509 MB/s) - ‘/root/process_mining/announcements/data/18_04_2022/ann18.04.2022-05-20-01.json’ saved [2779/2779]

--2022-04-18 05:30:01--  https://files.cloudgdansk.pl/d/otwarte-dane/ztm/bsk.json
Resolving files.cloudgdansk.pl (files.cloudgdansk.pl)... 153.19.238.147
Connecting to files.cloudgdansk.pl (files.cloudgdansk.pl)|153.19.238.147|:443... connected.
HTTP request sent, awaiting response... 200 OK
Length: 2779 (2.7K) [application/json]
Saving to: ‘/root/process_mining/announcements/data/18_04_2022/ann18.04.2022-05-30-01.json’

     0K ..                                                    100%  468M=0s

2022-04-18 05:30:02 (468 MB/s) - ‘/root/process_mining/announcements/data/18_04_2022/ann18.04.2022-05-30-01.json’ saved [2779/2779]

--2022-04-18 05:40:01--  https://files.cloudgdansk.pl/d/otwarte-dane/ztm/bsk.json
Resolving files.cloudgdansk.pl (files.cloudgdansk.pl)... 153.19.238.147
Connecting to files.cloudgdansk.pl (files.cloudgdansk.pl)|153.19.238.147|:443... connected.
HTTP request sent, awaiting response... 200 OK
Length: 2779 (2.7K) [application/json]
Saving to: ‘/root/process_mining/announcements/data/18_04_2022/ann18.04.2022-05-40-01.json’

     0K ..                                                    100%  492M=0s

2022-04-18 05:40:01 (492 MB/s) - ‘/root/process_mining/announcements/data/18_04_2022/ann18.04.2022-05-40-01.json’ saved [2779/2779]

--2022-04-18 05:50:01--  https://files.cloudgdansk.pl/d/otwarte-dane/ztm/bsk.json
Resolving files.cloudgdansk.pl (files.cloudgdansk.pl)... 153.19.238.147
Connecting to files.cloudgdansk.pl (files.cloudgdansk.pl)|153.19.238.147|:443... connected.
HTTP request sent, awaiting response... 200 OK
Length: 2779 (2.7K) [application/json]
Saving to: ‘/root/process_mining/announcements/data/18_04_2022/ann18.04.2022-05-50-01.json’

     0K ..                                                    100%  499M=0s

2022-04-18 05:50:02 (499 MB/s) - ‘/root/process_mining/announcements/data/18_04_2022/ann18.04.2022-05-50-01.json’ saved [2779/2779]

--2022-04-18 06:00:01--  https://files.cloudgdansk.pl/d/otwarte-dane/ztm/bsk.json
Resolving files.cloudgdansk.pl (files.cloudgdansk.pl)... 153.19.238.147
Connecting to files.cloudgdansk.pl (files.cloudgdansk.pl)|153.19.238.147|:443... connected.
HTTP request sent, awaiting response... 200 OK
Length: 2779 (2.7K) [application/json]
Saving to: ‘/root/process_mining/announcements/data/18_04_2022/ann18.04.2022-06-00-01.json’

     0K ..                                                    100%  552M=0s

2022-04-18 06:00:02 (552 MB/s) - ‘/root/process_mining/announcements/data/18_04_2022/ann18.04.2022-06-00-01.json’ saved [2779/2779]

--2022-04-18 06:10:01--  https://files.cloudgdansk.pl/d/otwarte-dane/ztm/bsk.json
Resolving files.cloudgdansk.pl (files.cloudgdansk.pl)... 153.19.238.147
Connecting to files.cloudgdansk.pl (files.cloudgdansk.pl)|153.19.238.147|:443... connected.
HTTP request sent, awaiting response... 200 OK
Length: 2779 (2.7K) [application/json]
Saving to: ‘/root/process_mining/announcements/data/18_04_2022/ann18.04.2022-06-10-01.json’

     0K ..                                                    100%  465M=0s

2022-04-18 06:10:02 (465 MB/s) - ‘/root/process_mining/announcements/data/18_04_2022/ann18.04.2022-06-10-01.json’ saved [2779/2779]

--2022-04-18 06:20:01--  https://files.cloudgdansk.pl/d/otwarte-dane/ztm/bsk.json
Resolving files.cloudgdansk.pl (files.cloudgdansk.pl)... 153.19.238.147
Connecting to files.cloudgdansk.pl (files.cloudgdansk.pl)|153.19.238.147|:443... connected.
HTTP request sent, awaiting response... 200 OK
Length: 2779 (2.7K) [application/json]
Saving to: ‘/root/process_mining/announcements/data/18_04_2022/ann18.04.2022-06-20-01.json’

     0K ..                                                    100%  401M=0s

2022-04-18 06:20:01 (401 MB/s) - ‘/root/process_mining/announcements/data/18_04_2022/ann18.04.2022-06-20-01.json’ saved [2779/2779]

--2022-04-18 06:30:01--  https://files.cloudgdansk.pl/d/otwarte-dane/ztm/bsk.json
Resolving files.cloudgdansk.pl (files.cloudgdansk.pl)... 153.19.238.147
Connecting to files.cloudgdansk.pl (files.cloudgdansk.pl)|153.19.238.147|:443... connected.
HTTP request sent, awaiting response... 200 OK
Length: 2779 (2.7K) [application/json]
Saving to: ‘/root/process_mining/announcements/data/18_04_2022/ann18.04.2022-06-30-01.json’

     0K ..                                                    100%  507M=0s

2022-04-18 06:30:01 (507 MB/s) - ‘/root/process_mining/announcements/data/18_04_2022/ann18.04.2022-06-30-01.json’ saved [2779/2779]

--2022-04-18 06:40:01--  https://files.cloudgdansk.pl/d/otwarte-dane/ztm/bsk.json
Resolving files.cloudgdansk.pl (files.cloudgdansk.pl)... 153.19.238.147
Connecting to files.cloudgdansk.pl (files.cloudgdansk.pl)|153.19.238.147|:443... connected.
HTTP request sent, awaiting response... 200 OK
Length: 2779 (2.7K) [application/json]
Saving to: ‘/root/process_mining/announcements/data/18_04_2022/ann18.04.2022-06-40-01.json’

     0K ..                                                    100%  516M=0s

2022-04-18 06:40:02 (516 MB/s) - ‘/root/process_mining/announcements/data/18_04_2022/ann18.04.2022-06-40-01.json’ saved [2779/2779]

--2022-04-18 06:50:01--  https://files.cloudgdansk.pl/d/otwarte-dane/ztm/bsk.json
Resolving files.cloudgdansk.pl (files.cloudgdansk.pl)... 153.19.238.147
Connecting to files.cloudgdansk.pl (files.cloudgdansk.pl)|153.19.238.147|:443... connected.
HTTP request sent, awaiting response... 200 OK
Length: 2779 (2.7K) [application/json]
Saving to: ‘/root/process_mining/announcements/data/18_04_2022/ann18.04.2022-06-50-01.json’

     0K ..                                                    100%  501M=0s

2022-04-18 06:50:02 (501 MB/s) - ‘/root/process_mining/announcements/data/18_04_2022/ann18.04.2022-06-50-01.json’ saved [2779/2779]

--2022-04-18 07:00:01--  https://files.cloudgdansk.pl/d/otwarte-dane/ztm/bsk.json
Resolving files.cloudgdansk.pl (files.cloudgdansk.pl)... 153.19.238.147
Connecting to files.cloudgdansk.pl (files.cloudgdansk.pl)|153.19.238.147|:443... connected.
HTTP request sent, awaiting response... 200 OK
Length: 2779 (2.7K) [application/json]
Saving to: ‘/root/process_mining/announcements/data/18_04_2022/ann18.04.2022-07-00-01.json’

     0K ..                                                    100%  507M=0s

2022-04-18 07:00:01 (507 MB/s) - ‘/root/process_mining/announcements/data/18_04_2022/ann18.04.2022-07-00-01.json’ saved [2779/2779]

--2022-04-18 07:10:01--  https://files.cloudgdansk.pl/d/otwarte-dane/ztm/bsk.json
Resolving files.cloudgdansk.pl (files.cloudgdansk.pl)... 153.19.238.147
Connecting to files.cloudgdansk.pl (files.cloudgdansk.pl)|153.19.238.147|:443... connected.
HTTP request sent, awaiting response... 200 OK
Length: 2779 (2.7K) [application/json]
Saving to: ‘/root/process_mining/announcements/data/18_04_2022/ann18.04.2022-07-10-01.json’

     0K ..                                                    100%  552M=0s

2022-04-18 07:10:02 (552 MB/s) - ‘/root/process_mining/announcements/data/18_04_2022/ann18.04.2022-07-10-01.json’ saved [2779/2779]

--2022-04-18 07:20:01--  https://files.cloudgdansk.pl/d/otwarte-dane/ztm/bsk.json
Resolving files.cloudgdansk.pl (files.cloudgdansk.pl)... 153.19.238.147
Connecting to files.cloudgdansk.pl (files.cloudgdansk.pl)|153.19.238.147|:443... connected.
HTTP request sent, awaiting response... 200 OK
Length: 2779 (2.7K) [application/json]
Saving to: ‘/root/process_mining/announcements/data/18_04_2022/ann18.04.2022-07-20-01.json’

     0K ..                                                    100%  473M=0s

2022-04-18 07:20:02 (473 MB/s) - ‘/root/process_mining/announcements/data/18_04_2022/ann18.04.2022-07-20-01.json’ saved [2779/2779]

--2022-04-18 07:30:01--  https://files.cloudgdansk.pl/d/otwarte-dane/ztm/bsk.json
Resolving files.cloudgdansk.pl (files.cloudgdansk.pl)... 153.19.238.147
Connecting to files.cloudgdansk.pl (files.cloudgdansk.pl)|153.19.238.147|:443... connected.
HTTP request sent, awaiting response... 200 OK
Length: 2779 (2.7K) [application/json]
Saving to: ‘/root/process_mining/announcements/data/18_04_2022/ann18.04.2022-07-30-01.json’

     0K ..                                                    100%  521M=0s

2022-04-18 07:30:01 (521 MB/s) - ‘/root/process_mining/announcements/data/18_04_2022/ann18.04.2022-07-30-01.json’ saved [2779/2779]

--2022-04-18 07:40:01--  https://files.cloudgdansk.pl/d/otwarte-dane/ztm/bsk.json
Resolving files.cloudgdansk.pl (files.cloudgdansk.pl)... 153.19.238.147
Connecting to files.cloudgdansk.pl (files.cloudgdansk.pl)|153.19.238.147|:443... connected.
HTTP request sent, awaiting response... 200 OK
Length: 2779 (2.7K) [application/json]
Saving to: ‘/root/process_mining/announcements/data/18_04_2022/ann18.04.2022-07-40-01.json’

     0K ..                                                    100%  520M=0s

2022-04-18 07:40:02 (520 MB/s) - ‘/root/process_mining/announcements/data/18_04_2022/ann18.04.2022-07-40-01.json’ saved [2779/2779]

--2022-04-18 07:50:01--  https://files.cloudgdansk.pl/d/otwarte-dane/ztm/bsk.json
Resolving files.cloudgdansk.pl (files.cloudgdansk.pl)... 153.19.238.147
Connecting to files.cloudgdansk.pl (files.cloudgdansk.pl)|153.19.238.147|:443... connected.
HTTP request sent, awaiting response... 200 OK
Length: 2779 (2.7K) [application/json]
Saving to: ‘/root/process_mining/announcements/data/18_04_2022/ann18.04.2022-07-50-01.json’

     0K ..                                                    100%  505M=0s

2022-04-18 07:50:02 (505 MB/s) - ‘/root/process_mining/announcements/data/18_04_2022/ann18.04.2022-07-50-01.json’ saved [2779/2779]

--2022-04-18 08:00:01--  https://files.cloudgdansk.pl/d/otwarte-dane/ztm/bsk.json
Resolving files.cloudgdansk.pl (files.cloudgdansk.pl)... 153.19.238.147
Connecting to files.cloudgdansk.pl (files.cloudgdansk.pl)|153.19.238.147|:443... connected.
HTTP request sent, awaiting response... 200 OK
Length: 2779 (2.7K) [application/json]
Saving to: ‘/root/process_mining/announcements/data/18_04_2022/ann18.04.2022-08-00-01.json’

     0K ..                                                    100%  507M=0s

2022-04-18 08:00:02 (507 MB/s) - ‘/root/process_mining/announcements/data/18_04_2022/ann18.04.2022-08-00-01.json’ saved [2779/2779]

--2022-04-18 08:10:01--  https://files.cloudgdansk.pl/d/otwarte-dane/ztm/bsk.json
Resolving files.cloudgdansk.pl (files.cloudgdansk.pl)... 153.19.238.147
Connecting to files.cloudgdansk.pl (files.cloudgdansk.pl)|153.19.238.147|:443... connected.
HTTP request sent, awaiting response... 200 OK
Length: 2779 (2.7K) [application/json]
Saving to: ‘/root/process_mining/announcements/data/18_04_2022/ann18.04.2022-08-10-01.json’

     0K ..                                                    100%  534M=0s

2022-04-18 08:10:02 (534 MB/s) - ‘/root/process_mining/announcements/data/18_04_2022/ann18.04.2022-08-10-01.json’ saved [2779/2779]

--2022-04-18 08:20:01--  https://files.cloudgdansk.pl/d/otwarte-dane/ztm/bsk.json
Resolving files.cloudgdansk.pl (files.cloudgdansk.pl)... 153.19.238.147
Connecting to files.cloudgdansk.pl (files.cloudgdansk.pl)|153.19.238.147|:443... connected.
HTTP request sent, awaiting response... 200 OK
Length: 2779 (2.7K) [application/json]
Saving to: ‘/root/process_mining/announcements/data/18_04_2022/ann18.04.2022-08-20-01.json’

     0K ..                                                    100%  524M=0s

2022-04-18 08:20:02 (524 MB/s) - ‘/root/process_mining/announcements/data/18_04_2022/ann18.04.2022-08-20-01.json’ saved [2779/2779]

--2022-04-18 08:30:01--  https://files.cloudgdansk.pl/d/otwarte-dane/ztm/bsk.json
Resolving files.cloudgdansk.pl (files.cloudgdansk.pl)... 153.19.238.147
Connecting to files.cloudgdansk.pl (files.cloudgdansk.pl)|153.19.238.147|:443... connected.
HTTP request sent, awaiting response... 200 OK
Length: 2779 (2.7K) [application/json]
Saving to: ‘/root/process_mining/announcements/data/18_04_2022/ann18.04.2022-08-30-01.json’

     0K ..                                                    100%  494M=0s

2022-04-18 08:30:01 (494 MB/s) - ‘/root/process_mining/announcements/data/18_04_2022/ann18.04.2022-08-30-01.json’ saved [2779/2779]

--2022-04-18 08:40:01--  https://files.cloudgdansk.pl/d/otwarte-dane/ztm/bsk.json
Resolving files.cloudgdansk.pl (files.cloudgdansk.pl)... 153.19.238.147
Connecting to files.cloudgdansk.pl (files.cloudgdansk.pl)|153.19.238.147|:443... connected.
HTTP request sent, awaiting response... 200 OK
Length: 2779 (2.7K) [application/json]
Saving to: ‘/root/process_mining/announcements/data/18_04_2022/ann18.04.2022-08-40-01.json’

     0K ..                                                    100%  513M=0s

2022-04-18 08:40:01 (513 MB/s) - ‘/root/process_mining/announcements/data/18_04_2022/ann18.04.2022-08-40-01.json’ saved [2779/2779]

--2022-04-18 08:50:01--  https://files.cloudgdansk.pl/d/otwarte-dane/ztm/bsk.json
Resolving files.cloudgdansk.pl (files.cloudgdansk.pl)... 153.19.238.147
Connecting to files.cloudgdansk.pl (files.cloudgdansk.pl)|153.19.238.147|:443... connected.
HTTP request sent, awaiting response... 200 OK
Length: 2779 (2.7K) [application/json]
Saving to: ‘/root/process_mining/announcements/data/18_04_2022/ann18.04.2022-08-50-01.json’

     0K ..                                                    100%  547M=0s

2022-04-18 08:50:02 (547 MB/s) - ‘/root/process_mining/announcements/data/18_04_2022/ann18.04.2022-08-50-01.json’ saved [2779/2779]

--2022-04-18 09:00:01--  https://files.cloudgdansk.pl/d/otwarte-dane/ztm/bsk.json
Resolving files.cloudgdansk.pl (files.cloudgdansk.pl)... 153.19.238.147
Connecting to files.cloudgdansk.pl (files.cloudgdansk.pl)|153.19.238.147|:443... connected.
HTTP request sent, awaiting response... 200 OK
Length: 2779 (2.7K) [application/json]
Saving to: ‘/root/process_mining/announcements/data/18_04_2022/ann18.04.2022-09-00-01.json’

     0K ..                                                    100%  502M=0s

2022-04-18 09:00:01 (502 MB/s) - ‘/root/process_mining/announcements/data/18_04_2022/ann18.04.2022-09-00-01.json’ saved [2779/2779]

--2022-04-18 09:10:01--  https://files.cloudgdansk.pl/d/otwarte-dane/ztm/bsk.json
Resolving files.cloudgdansk.pl (files.cloudgdansk.pl)... 153.19.238.147
Connecting to files.cloudgdansk.pl (files.cloudgdansk.pl)|153.19.238.147|:443... connected.
HTTP request sent, awaiting response... 200 OK
Length: 2779 (2.7K) [application/json]
Saving to: ‘/root/process_mining/announcements/data/18_04_2022/ann18.04.2022-09-10-01.json’

     0K ..                                                    100%  493M=0s

2022-04-18 09:10:02 (493 MB/s) - ‘/root/process_mining/announcements/data/18_04_2022/ann18.04.2022-09-10-01.json’ saved [2779/2779]

--2022-04-18 09:20:01--  https://files.cloudgdansk.pl/d/otwarte-dane/ztm/bsk.json
Resolving files.cloudgdansk.pl (files.cloudgdansk.pl)... 153.19.238.147
Connecting to files.cloudgdansk.pl (files.cloudgdansk.pl)|153.19.238.147|:443... connected.
HTTP request sent, awaiting response... 200 OK
Length: 2779 (2.7K) [application/json]
Saving to: ‘/root/process_mining/announcements/data/18_04_2022/ann18.04.2022-09-20-01.json’

     0K ..                                                    100%  501M=0s

2022-04-18 09:20:01 (501 MB/s) - ‘/root/process_mining/announcements/data/18_04_2022/ann18.04.2022-09-20-01.json’ saved [2779/2779]

--2022-04-18 09:30:02--  https://files.cloudgdansk.pl/d/otwarte-dane/ztm/bsk.json
Resolving files.cloudgdansk.pl (files.cloudgdansk.pl)... 153.19.238.147
Connecting to files.cloudgdansk.pl (files.cloudgdansk.pl)|153.19.238.147|:443... connected.
HTTP request sent, awaiting response... 200 OK
Length: 2779 (2.7K) [application/json]
Saving to: ‘/root/process_mining/announcements/data/18_04_2022/ann18.04.2022-09-30-02.json’

     0K ..                                                    100%  397M=0s

2022-04-18 09:30:02 (397 MB/s) - ‘/root/process_mining/announcements/data/18_04_2022/ann18.04.2022-09-30-02.json’ saved [2779/2779]

--2022-04-18 09:40:01--  https://files.cloudgdansk.pl/d/otwarte-dane/ztm/bsk.json
Resolving files.cloudgdansk.pl (files.cloudgdansk.pl)... 153.19.238.147
Connecting to files.cloudgdansk.pl (files.cloudgdansk.pl)|153.19.238.147|:443... connected.
HTTP request sent, awaiting response... 200 OK
Length: 2779 (2.7K) [application/json]
Saving to: ‘/root/process_mining/announcements/data/18_04_2022/ann18.04.2022-09-40-01.json’

     0K ..                                                    100%  523M=0s

2022-04-18 09:40:02 (523 MB/s) - ‘/root/process_mining/announcements/data/18_04_2022/ann18.04.2022-09-40-01.json’ saved [2779/2779]

--2022-04-18 09:50:01--  https://files.cloudgdansk.pl/d/otwarte-dane/ztm/bsk.json
Resolving files.cloudgdansk.pl (files.cloudgdansk.pl)... 153.19.238.147
Connecting to files.cloudgdansk.pl (files.cloudgdansk.pl)|153.19.238.147|:443... connected.
HTTP request sent, awaiting response... 200 OK
Length: 2779 (2.7K) [application/json]
Saving to: ‘/root/process_mining/announcements/data/18_04_2022/ann18.04.2022-09-50-01.json’

     0K ..                                                    100%  518M=0s

2022-04-18 09:50:01 (518 MB/s) - ‘/root/process_mining/announcements/data/18_04_2022/ann18.04.2022-09-50-01.json’ saved [2779/2779]

--2022-04-18 10:00:01--  https://files.cloudgdansk.pl/d/otwarte-dane/ztm/bsk.json
Resolving files.cloudgdansk.pl (files.cloudgdansk.pl)... 153.19.238.147
Connecting to files.cloudgdansk.pl (files.cloudgdansk.pl)|153.19.238.147|:443... connected.
HTTP request sent, awaiting response... 200 OK
Length: 2779 (2.7K) [application/json]
Saving to: ‘/root/process_mining/announcements/data/18_04_2022/ann18.04.2022-10-00-01.json’

     0K ..                                                    100%  487M=0s

2022-04-18 10:00:02 (487 MB/s) - ‘/root/process_mining/announcements/data/18_04_2022/ann18.04.2022-10-00-01.json’ saved [2779/2779]

--2022-04-18 10:10:01--  https://files.cloudgdansk.pl/d/otwarte-dane/ztm/bsk.json
Resolving files.cloudgdansk.pl (files.cloudgdansk.pl)... 153.19.238.147
Connecting to files.cloudgdansk.pl (files.cloudgdansk.pl)|153.19.238.147|:443... connected.
HTTP request sent, awaiting response... 200 OK
Length: 2779 (2.7K) [application/json]
Saving to: ‘/root/process_mining/announcements/data/18_04_2022/ann18.04.2022-10-10-01.json’

     0K ..                                                    100%  515M=0s

2022-04-18 10:10:01 (515 MB/s) - ‘/root/process_mining/announcements/data/18_04_2022/ann18.04.2022-10-10-01.json’ saved [2779/2779]

--2022-04-18 10:20:01--  https://files.cloudgdansk.pl/d/otwarte-dane/ztm/bsk.json
Resolving files.cloudgdansk.pl (files.cloudgdansk.pl)... 153.19.238.147
Connecting to files.cloudgdansk.pl (files.cloudgdansk.pl)|153.19.238.147|:443... connected.
HTTP request sent, awaiting response... 200 OK
Length: 2779 (2.7K) [application/json]
Saving to: ‘/root/process_mining/announcements/data/18_04_2022/ann18.04.2022-10-20-01.json’

     0K ..                                                    100%  481M=0s

2022-04-18 10:20:02 (481 MB/s) - ‘/root/process_mining/announcements/data/18_04_2022/ann18.04.2022-10-20-01.json’ saved [2779/2779]

--2022-04-18 10:30:01--  https://files.cloudgdansk.pl/d/otwarte-dane/ztm/bsk.json
Resolving files.cloudgdansk.pl (files.cloudgdansk.pl)... 153.19.238.147
Connecting to files.cloudgdansk.pl (files.cloudgdansk.pl)|153.19.238.147|:443... connected.
HTTP request sent, awaiting response... 200 OK
Length: 2779 (2.7K) [application/json]
Saving to: ‘/root/process_mining/announcements/data/18_04_2022/ann18.04.2022-10-30-01.json’

     0K ..                                                    100%  426M=0s

2022-04-18 10:30:01 (426 MB/s) - ‘/root/process_mining/announcements/data/18_04_2022/ann18.04.2022-10-30-01.json’ saved [2779/2779]

--2022-04-18 10:40:02--  https://files.cloudgdansk.pl/d/otwarte-dane/ztm/bsk.json
Resolving files.cloudgdansk.pl (files.cloudgdansk.pl)... 153.19.238.147
Connecting to files.cloudgdansk.pl (files.cloudgdansk.pl)|153.19.238.147|:443... connected.
HTTP request sent, awaiting response... 200 OK
Length: 2779 (2.7K) [application/json]
Saving to: ‘/root/process_mining/announcements/data/18_04_2022/ann18.04.2022-10-40-02.json’

     0K ..                                                    100%  506M=0s

2022-04-18 10:40:02 (506 MB/s) - ‘/root/process_mining/announcements/data/18_04_2022/ann18.04.2022-10-40-02.json’ saved [2779/2779]

--2022-04-18 10:50:01--  https://files.cloudgdansk.pl/d/otwarte-dane/ztm/bsk.json
Resolving files.cloudgdansk.pl (files.cloudgdansk.pl)... 153.19.238.147
Connecting to files.cloudgdansk.pl (files.cloudgdansk.pl)|153.19.238.147|:443... connected.
HTTP request sent, awaiting response... 200 OK
Length: 2779 (2.7K) [application/json]
Saving to: ‘/root/process_mining/announcements/data/18_04_2022/ann18.04.2022-10-50-01.json’

     0K ..                                                    100%  449M=0s

2022-04-18 10:50:01 (449 MB/s) - ‘/root/process_mining/announcements/data/18_04_2022/ann18.04.2022-10-50-01.json’ saved [2779/2779]

--2022-04-18 11:00:01--  https://files.cloudgdansk.pl/d/otwarte-dane/ztm/bsk.json
Resolving files.cloudgdansk.pl (files.cloudgdansk.pl)... 153.19.238.147
Connecting to files.cloudgdansk.pl (files.cloudgdansk.pl)|153.19.238.147|:443... connected.
HTTP request sent, awaiting response... 200 OK
Length: 2779 (2.7K) [application/json]
Saving to: ‘/root/process_mining/announcements/data/18_04_2022/ann18.04.2022-11-00-01.json’

     0K ..                                                    100%  509M=0s

2022-04-18 11:00:02 (509 MB/s) - ‘/root/process_mining/announcements/data/18_04_2022/ann18.04.2022-11-00-01.json’ saved [2779/2779]

--2022-04-18 11:10:01--  https://files.cloudgdansk.pl/d/otwarte-dane/ztm/bsk.json
Resolving files.cloudgdansk.pl (files.cloudgdansk.pl)... 153.19.238.147
Connecting to files.cloudgdansk.pl (files.cloudgdansk.pl)|153.19.238.147|:443... connected.
HTTP request sent, awaiting response... 200 OK
Length: 2779 (2.7K) [application/json]
Saving to: ‘/root/process_mining/announcements/data/18_04_2022/ann18.04.2022-11-10-01.json’

     0K ..                                                    100%  545M=0s

2022-04-18 11:10:02 (545 MB/s) - ‘/root/process_mining/announcements/data/18_04_2022/ann18.04.2022-11-10-01.json’ saved [2779/2779]

--2022-04-18 11:20:01--  https://files.cloudgdansk.pl/d/otwarte-dane/ztm/bsk.json
Resolving files.cloudgdansk.pl (files.cloudgdansk.pl)... 153.19.238.147
Connecting to files.cloudgdansk.pl (files.cloudgdansk.pl)|153.19.238.147|:443... connected.
HTTP request sent, awaiting response... 200 OK
Length: 2779 (2.7K) [application/json]
Saving to: ‘/root/process_mining/announcements/data/18_04_2022/ann18.04.2022-11-20-01.json’

     0K ..                                                    100%  485M=0s

2022-04-18 11:20:02 (485 MB/s) - ‘/root/process_mining/announcements/data/18_04_2022/ann18.04.2022-11-20-01.json’ saved [2779/2779]

--2022-04-18 11:30:01--  https://files.cloudgdansk.pl/d/otwarte-dane/ztm/bsk.json
Resolving files.cloudgdansk.pl (files.cloudgdansk.pl)... 153.19.238.147
Connecting to files.cloudgdansk.pl (files.cloudgdansk.pl)|153.19.238.147|:443... connected.
HTTP request sent, awaiting response... 200 OK
Length: 2779 (2.7K) [application/json]
Saving to: ‘/root/process_mining/announcements/data/18_04_2022/ann18.04.2022-11-30-01.json’

     0K ..                                                    100%  489M=0s

2022-04-18 11:30:01 (489 MB/s) - ‘/root/process_mining/announcements/data/18_04_2022/ann18.04.2022-11-30-01.json’ saved [2779/2779]

--2022-04-18 11:40:01--  https://files.cloudgdansk.pl/d/otwarte-dane/ztm/bsk.json
Resolving files.cloudgdansk.pl (files.cloudgdansk.pl)... 153.19.238.147
Connecting to files.cloudgdansk.pl (files.cloudgdansk.pl)|153.19.238.147|:443... connected.
HTTP request sent, awaiting response... 200 OK
Length: 2779 (2.7K) [application/json]
Saving to: ‘/root/process_mining/announcements/data/18_04_2022/ann18.04.2022-11-40-01.json’

     0K ..                                                    100%  502M=0s

2022-04-18 11:40:02 (502 MB/s) - ‘/root/process_mining/announcements/data/18_04_2022/ann18.04.2022-11-40-01.json’ saved [2779/2779]

--2022-04-18 11:50:01--  https://files.cloudgdansk.pl/d/otwarte-dane/ztm/bsk.json
Resolving files.cloudgdansk.pl (files.cloudgdansk.pl)... 153.19.238.147
Connecting to files.cloudgdansk.pl (files.cloudgdansk.pl)|153.19.238.147|:443... connected.
HTTP request sent, awaiting response... 200 OK
Length: 2779 (2.7K) [application/json]
Saving to: ‘/root/process_mining/announcements/data/18_04_2022/ann18.04.2022-11-50-01.json’

     0K ..                                                    100%  541M=0s

2022-04-18 11:50:02 (541 MB/s) - ‘/root/process_mining/announcements/data/18_04_2022/ann18.04.2022-11-50-01.json’ saved [2779/2779]

--2022-04-18 12:00:01--  https://files.cloudgdansk.pl/d/otwarte-dane/ztm/bsk.json
Resolving files.cloudgdansk.pl (files.cloudgdansk.pl)... 153.19.238.147
Connecting to files.cloudgdansk.pl (files.cloudgdansk.pl)|153.19.238.147|:443... connected.
HTTP request sent, awaiting response... 200 OK
Length: 2779 (2.7K) [application/json]
Saving to: ‘/root/process_mining/announcements/data/18_04_2022/ann18.04.2022-12-00-01.json’

     0K ..                                                    100%  510M=0s

2022-04-18 12:00:01 (510 MB/s) - ‘/root/process_mining/announcements/data/18_04_2022/ann18.04.2022-12-00-01.json’ saved [2779/2779]

--2022-04-18 12:10:01--  https://files.cloudgdansk.pl/d/otwarte-dane/ztm/bsk.json
Resolving files.cloudgdansk.pl (files.cloudgdansk.pl)... 153.19.238.147
Connecting to files.cloudgdansk.pl (files.cloudgdansk.pl)|153.19.238.147|:443... connected.
HTTP request sent, awaiting response... 200 OK
Length: 2779 (2.7K) [application/json]
Saving to: ‘/root/process_mining/announcements/data/18_04_2022/ann18.04.2022-12-10-01.json’

     0K ..                                                    100%  411M=0s

2022-04-18 12:10:01 (411 MB/s) - ‘/root/process_mining/announcements/data/18_04_2022/ann18.04.2022-12-10-01.json’ saved [2779/2779]

--2022-04-18 12:20:01--  https://files.cloudgdansk.pl/d/otwarte-dane/ztm/bsk.json
Resolving files.cloudgdansk.pl (files.cloudgdansk.pl)... 153.19.238.147
Connecting to files.cloudgdansk.pl (files.cloudgdansk.pl)|153.19.238.147|:443... connected.
HTTP request sent, awaiting response... 200 OK
Length: 2779 (2.7K) [application/json]
Saving to: ‘/root/process_mining/announcements/data/18_04_2022/ann18.04.2022-12-20-01.json’

     0K ..                                                    100%  492M=0s

2022-04-18 12:20:01 (492 MB/s) - ‘/root/process_mining/announcements/data/18_04_2022/ann18.04.2022-12-20-01.json’ saved [2779/2779]

--2022-04-18 12:30:01--  https://files.cloudgdansk.pl/d/otwarte-dane/ztm/bsk.json
Resolving files.cloudgdansk.pl (files.cloudgdansk.pl)... 153.19.238.147
Connecting to files.cloudgdansk.pl (files.cloudgdansk.pl)|153.19.238.147|:443... connected.
HTTP request sent, awaiting response... 200 OK
Length: 2779 (2.7K) [application/json]
Saving to: ‘/root/process_mining/announcements/data/18_04_2022/ann18.04.2022-12-30-01.json’

     0K ..                                                    100%  510M=0s

2022-04-18 12:30:01 (510 MB/s) - ‘/root/process_mining/announcements/data/18_04_2022/ann18.04.2022-12-30-01.json’ saved [2779/2779]

--2022-04-18 12:40:01--  https://files.cloudgdansk.pl/d/otwarte-dane/ztm/bsk.json
Resolving files.cloudgdansk.pl (files.cloudgdansk.pl)... 153.19.238.147
Connecting to files.cloudgdansk.pl (files.cloudgdansk.pl)|153.19.238.147|:443... connected.
HTTP request sent, awaiting response... 200 OK
Length: 2779 (2.7K) [application/json]
Saving to: ‘/root/process_mining/announcements/data/18_04_2022/ann18.04.2022-12-40-01.json’

     0K ..                                                    100%  506M=0s

2022-04-18 12:40:01 (506 MB/s) - ‘/root/process_mining/announcements/data/18_04_2022/ann18.04.2022-12-40-01.json’ saved [2779/2779]

--2022-04-18 12:50:01--  https://files.cloudgdansk.pl/d/otwarte-dane/ztm/bsk.json
Resolving files.cloudgdansk.pl (files.cloudgdansk.pl)... 153.19.238.147
Connecting to files.cloudgdansk.pl (files.cloudgdansk.pl)|153.19.238.147|:443... connected.
HTTP request sent, awaiting response... 200 OK
Length: 2779 (2.7K) [application/json]
Saving to: ‘/root/process_mining/announcements/data/18_04_2022/ann18.04.2022-12-50-01.json’

     0K ..                                                    100%  455M=0s

2022-04-18 12:50:01 (455 MB/s) - ‘/root/process_mining/announcements/data/18_04_2022/ann18.04.2022-12-50-01.json’ saved [2779/2779]

--2022-04-18 13:00:01--  https://files.cloudgdansk.pl/d/otwarte-dane/ztm/bsk.json
Resolving files.cloudgdansk.pl (files.cloudgdansk.pl)... 153.19.238.147
Connecting to files.cloudgdansk.pl (files.cloudgdansk.pl)|153.19.238.147|:443... connected.
HTTP request sent, awaiting response... 200 OK
Length: 2779 (2.7K) [application/json]
Saving to: ‘/root/process_mining/announcements/data/18_04_2022/ann18.04.2022-13-00-01.json’

     0K ..                                                    100%  431M=0s

2022-04-18 13:00:01 (431 MB/s) - ‘/root/process_mining/announcements/data/18_04_2022/ann18.04.2022-13-00-01.json’ saved [2779/2779]

--2022-04-18 13:10:01--  https://files.cloudgdansk.pl/d/otwarte-dane/ztm/bsk.json
Resolving files.cloudgdansk.pl (files.cloudgdansk.pl)... 153.19.238.147
Connecting to files.cloudgdansk.pl (files.cloudgdansk.pl)|153.19.238.147|:443... connected.
HTTP request sent, awaiting response... 200 OK
Length: 2779 (2.7K) [application/json]
Saving to: ‘/root/process_mining/announcements/data/18_04_2022/ann18.04.2022-13-10-01.json’

     0K ..                                                    100%  417M=0s

2022-04-18 13:10:01 (417 MB/s) - ‘/root/process_mining/announcements/data/18_04_2022/ann18.04.2022-13-10-01.json’ saved [2779/2779]

--2022-04-18 13:20:01--  https://files.cloudgdansk.pl/d/otwarte-dane/ztm/bsk.json
Resolving files.cloudgdansk.pl (files.cloudgdansk.pl)... 153.19.238.147
Connecting to files.cloudgdansk.pl (files.cloudgdansk.pl)|153.19.238.147|:443... connected.
HTTP request sent, awaiting response... 200 OK
Length: 2779 (2.7K) [application/json]
Saving to: ‘/root/process_mining/announcements/data/18_04_2022/ann18.04.2022-13-20-01.json’

     0K ..                                                    100%  535M=0s

2022-04-18 13:20:02 (535 MB/s) - ‘/root/process_mining/announcements/data/18_04_2022/ann18.04.2022-13-20-01.json’ saved [2779/2779]

--2022-04-18 13:30:01--  https://files.cloudgdansk.pl/d/otwarte-dane/ztm/bsk.json
Resolving files.cloudgdansk.pl (files.cloudgdansk.pl)... 153.19.238.147
Connecting to files.cloudgdansk.pl (files.cloudgdansk.pl)|153.19.238.147|:443... connected.
HTTP request sent, awaiting response... 200 OK
Length: 2779 (2.7K) [application/json]
Saving to: ‘/root/process_mining/announcements/data/18_04_2022/ann18.04.2022-13-30-01.json’

     0K ..                                                    100%  488M=0s

2022-04-18 13:30:01 (488 MB/s) - ‘/root/process_mining/announcements/data/18_04_2022/ann18.04.2022-13-30-01.json’ saved [2779/2779]

--2022-04-18 13:40:01--  https://files.cloudgdansk.pl/d/otwarte-dane/ztm/bsk.json
Resolving files.cloudgdansk.pl (files.cloudgdansk.pl)... 153.19.238.147
Connecting to files.cloudgdansk.pl (files.cloudgdansk.pl)|153.19.238.147|:443... connected.
HTTP request sent, awaiting response... 200 OK
Length: 2779 (2.7K) [application/json]
Saving to: ‘/root/process_mining/announcements/data/18_04_2022/ann18.04.2022-13-40-01.json’

     0K ..                                                    100%  509M=0s

2022-04-18 13:40:01 (509 MB/s) - ‘/root/process_mining/announcements/data/18_04_2022/ann18.04.2022-13-40-01.json’ saved [2779/2779]

--2022-04-18 13:50:01--  https://files.cloudgdansk.pl/d/otwarte-dane/ztm/bsk.json
Resolving files.cloudgdansk.pl (files.cloudgdansk.pl)... 153.19.238.147
Connecting to files.cloudgdansk.pl (files.cloudgdansk.pl)|153.19.238.147|:443... connected.
HTTP request sent, awaiting response... 200 OK
Length: 2779 (2.7K) [application/json]
Saving to: ‘/root/process_mining/announcements/data/18_04_2022/ann18.04.2022-13-50-01.json’

     0K ..                                                    100%  516M=0s

2022-04-18 13:50:02 (516 MB/s) - ‘/root/process_mining/announcements/data/18_04_2022/ann18.04.2022-13-50-01.json’ saved [2779/2779]

--2022-04-18 14:00:01--  https://files.cloudgdansk.pl/d/otwarte-dane/ztm/bsk.json
Resolving files.cloudgdansk.pl (files.cloudgdansk.pl)... 153.19.238.147
Connecting to files.cloudgdansk.pl (files.cloudgdansk.pl)|153.19.238.147|:443... connected.
HTTP request sent, awaiting response... 200 OK
Length: 2779 (2.7K) [application/json]
Saving to: ‘/root/process_mining/announcements/data/18_04_2022/ann18.04.2022-14-00-01.json’

     0K ..                                                    100%  512M=0s

2022-04-18 14:00:01 (512 MB/s) - ‘/root/process_mining/announcements/data/18_04_2022/ann18.04.2022-14-00-01.json’ saved [2779/2779]

--2022-04-18 14:10:01--  https://files.cloudgdansk.pl/d/otwarte-dane/ztm/bsk.json
Resolving files.cloudgdansk.pl (files.cloudgdansk.pl)... 153.19.238.147
Connecting to files.cloudgdansk.pl (files.cloudgdansk.pl)|153.19.238.147|:443... connected.
HTTP request sent, awaiting response... 200 OK
Length: 2779 (2.7K) [application/json]
Saving to: ‘/root/process_mining/announcements/data/18_04_2022/ann18.04.2022-14-10-01.json’

     0K ..                                                    100%  477M=0s

2022-04-18 14:10:02 (477 MB/s) - ‘/root/process_mining/announcements/data/18_04_2022/ann18.04.2022-14-10-01.json’ saved [2779/2779]

--2022-04-18 14:20:01--  https://files.cloudgdansk.pl/d/otwarte-dane/ztm/bsk.json
Resolving files.cloudgdansk.pl (files.cloudgdansk.pl)... 153.19.238.147
Connecting to files.cloudgdansk.pl (files.cloudgdansk.pl)|153.19.238.147|:443... connected.
HTTP request sent, awaiting response... 200 OK
Length: 2779 (2.7K) [application/json]
Saving to: ‘/root/process_mining/announcements/data/18_04_2022/ann18.04.2022-14-20-01.json’

     0K ..                                                    100%  506M=0s

2022-04-18 14:20:02 (506 MB/s) - ‘/root/process_mining/announcements/data/18_04_2022/ann18.04.2022-14-20-01.json’ saved [2779/2779]

--2022-04-18 14:30:01--  https://files.cloudgdansk.pl/d/otwarte-dane/ztm/bsk.json
Resolving files.cloudgdansk.pl (files.cloudgdansk.pl)... 153.19.238.147
Connecting to files.cloudgdansk.pl (files.cloudgdansk.pl)|153.19.238.147|:443... connected.
HTTP request sent, awaiting response... 200 OK
Length: 2779 (2.7K) [application/json]
Saving to: ‘/root/process_mining/announcements/data/18_04_2022/ann18.04.2022-14-30-01.json’

     0K ..                                                    100%  465M=0s

2022-04-18 14:30:02 (465 MB/s) - ‘/root/process_mining/announcements/data/18_04_2022/ann18.04.2022-14-30-01.json’ saved [2779/2779]

--2022-04-18 14:40:01--  https://files.cloudgdansk.pl/d/otwarte-dane/ztm/bsk.json
Resolving files.cloudgdansk.pl (files.cloudgdansk.pl)... 153.19.238.147
Connecting to files.cloudgdansk.pl (files.cloudgdansk.pl)|153.19.238.147|:443... connected.
HTTP request sent, awaiting response... 200 OK
Length: 2779 (2.7K) [application/json]
Saving to: ‘/root/process_mining/announcements/data/18_04_2022/ann18.04.2022-14-40-01.json’

     0K ..                                                    100%  374M=0s

2022-04-18 14:40:02 (374 MB/s) - ‘/root/process_mining/announcements/data/18_04_2022/ann18.04.2022-14-40-01.json’ saved [2779/2779]

--2022-04-18 14:50:01--  https://files.cloudgdansk.pl/d/otwarte-dane/ztm/bsk.json
Resolving files.cloudgdansk.pl (files.cloudgdansk.pl)... 153.19.238.147
Connecting to files.cloudgdansk.pl (files.cloudgdansk.pl)|153.19.238.147|:443... connected.
HTTP request sent, awaiting response... 200 OK
Length: 2779 (2.7K) [application/json]
Saving to: ‘/root/process_mining/announcements/data/18_04_2022/ann18.04.2022-14-50-01.json’

     0K ..                                                    100%  510M=0s

2022-04-18 14:50:01 (510 MB/s) - ‘/root/process_mining/announcements/data/18_04_2022/ann18.04.2022-14-50-01.json’ saved [2779/2779]

--2022-04-18 15:00:01--  https://files.cloudgdansk.pl/d/otwarte-dane/ztm/bsk.json
Resolving files.cloudgdansk.pl (files.cloudgdansk.pl)... 153.19.238.147
Connecting to files.cloudgdansk.pl (files.cloudgdansk.pl)|153.19.238.147|:443... connected.
HTTP request sent, awaiting response... 200 OK
Length: 2779 (2.7K) [application/json]
Saving to: ‘/root/process_mining/announcements/data/18_04_2022/ann18.04.2022-15-00-01.json’

     0K ..                                                    100%  215M=0s

2022-04-18 15:00:02 (215 MB/s) - ‘/root/process_mining/announcements/data/18_04_2022/ann18.04.2022-15-00-01.json’ saved [2779/2779]

--2022-04-18 15:10:01--  https://files.cloudgdansk.pl/d/otwarte-dane/ztm/bsk.json
Resolving files.cloudgdansk.pl (files.cloudgdansk.pl)... 153.19.238.147
Connecting to files.cloudgdansk.pl (files.cloudgdansk.pl)|153.19.238.147|:443... connected.
HTTP request sent, awaiting response... 200 OK
Length: 2779 (2.7K) [application/json]
Saving to: ‘/root/process_mining/announcements/data/18_04_2022/ann18.04.2022-15-10-01.json’

     0K ..                                                    100%  452M=0s

2022-04-18 15:10:02 (452 MB/s) - ‘/root/process_mining/announcements/data/18_04_2022/ann18.04.2022-15-10-01.json’ saved [2779/2779]

--2022-04-18 15:20:01--  https://files.cloudgdansk.pl/d/otwarte-dane/ztm/bsk.json
Resolving files.cloudgdansk.pl (files.cloudgdansk.pl)... 153.19.238.147
Connecting to files.cloudgdansk.pl (files.cloudgdansk.pl)|153.19.238.147|:443... connected.
HTTP request sent, awaiting response... 200 OK
Length: 2779 (2.7K) [application/json]
Saving to: ‘/root/process_mining/announcements/data/18_04_2022/ann18.04.2022-15-20-01.json’

     0K ..                                                    100%  498M=0s

2022-04-18 15:20:01 (498 MB/s) - ‘/root/process_mining/announcements/data/18_04_2022/ann18.04.2022-15-20-01.json’ saved [2779/2779]

--2022-04-18 15:30:01--  https://files.cloudgdansk.pl/d/otwarte-dane/ztm/bsk.json
Resolving files.cloudgdansk.pl (files.cloudgdansk.pl)... 153.19.238.147
Connecting to files.cloudgdansk.pl (files.cloudgdansk.pl)|153.19.238.147|:443... connected.
HTTP request sent, awaiting response... 200 OK
Length: 2779 (2.7K) [application/json]
Saving to: ‘/root/process_mining/announcements/data/18_04_2022/ann18.04.2022-15-30-01.json’

     0K ..                                                    100%  530M=0s

2022-04-18 15:30:01 (530 MB/s) - ‘/root/process_mining/announcements/data/18_04_2022/ann18.04.2022-15-30-01.json’ saved [2779/2779]

--2022-04-18 15:40:01--  https://files.cloudgdansk.pl/d/otwarte-dane/ztm/bsk.json
Resolving files.cloudgdansk.pl (files.cloudgdansk.pl)... 153.19.238.147
Connecting to files.cloudgdansk.pl (files.cloudgdansk.pl)|153.19.238.147|:443... connected.
HTTP request sent, awaiting response... 200 OK
Length: 2779 (2.7K) [application/json]
Saving to: ‘/root/process_mining/announcements/data/18_04_2022/ann18.04.2022-15-40-01.json’

     0K ..                                                    100%  509M=0s

2022-04-18 15:40:01 (509 MB/s) - ‘/root/process_mining/announcements/data/18_04_2022/ann18.04.2022-15-40-01.json’ saved [2779/2779]

--2022-04-18 15:50:01--  https://files.cloudgdansk.pl/d/otwarte-dane/ztm/bsk.json
Resolving files.cloudgdansk.pl (files.cloudgdansk.pl)... 153.19.238.147
Connecting to files.cloudgdansk.pl (files.cloudgdansk.pl)|153.19.238.147|:443... connected.
HTTP request sent, awaiting response... 200 OK
Length: 2779 (2.7K) [application/json]
Saving to: ‘/root/process_mining/announcements/data/18_04_2022/ann18.04.2022-15-50-01.json’

     0K ..                                                    100%  474M=0s

2022-04-18 15:50:01 (474 MB/s) - ‘/root/process_mining/announcements/data/18_04_2022/ann18.04.2022-15-50-01.json’ saved [2779/2779]

--2022-04-18 16:00:02--  https://files.cloudgdansk.pl/d/otwarte-dane/ztm/bsk.json
Resolving files.cloudgdansk.pl (files.cloudgdansk.pl)... 153.19.238.147
Connecting to files.cloudgdansk.pl (files.cloudgdansk.pl)|153.19.238.147|:443... connected.
HTTP request sent, awaiting response... 200 OK
Length: 2779 (2.7K) [application/json]
Saving to: ‘/root/process_mining/announcements/data/18_04_2022/ann18.04.2022-16-00-02.json’

     0K ..                                                    100%  486M=0s

2022-04-18 16:00:02 (486 MB/s) - ‘/root/process_mining/announcements/data/18_04_2022/ann18.04.2022-16-00-02.json’ saved [2779/2779]

--2022-04-18 16:10:01--  https://files.cloudgdansk.pl/d/otwarte-dane/ztm/bsk.json
Resolving files.cloudgdansk.pl (files.cloudgdansk.pl)... 153.19.238.147
Connecting to files.cloudgdansk.pl (files.cloudgdansk.pl)|153.19.238.147|:443... connected.
HTTP request sent, awaiting response... 200 OK
Length: 2779 (2.7K) [application/json]
Saving to: ‘/root/process_mining/announcements/data/18_04_2022/ann18.04.2022-16-10-01.json’

     0K ..                                                    100%  490M=0s

2022-04-18 16:10:01 (490 MB/s) - ‘/root/process_mining/announcements/data/18_04_2022/ann18.04.2022-16-10-01.json’ saved [2779/2779]

--2022-04-18 16:20:01--  https://files.cloudgdansk.pl/d/otwarte-dane/ztm/bsk.json
Resolving files.cloudgdansk.pl (files.cloudgdansk.pl)... 153.19.238.147
Connecting to files.cloudgdansk.pl (files.cloudgdansk.pl)|153.19.238.147|:443... connected.
HTTP request sent, awaiting response... 200 OK
Length: 2779 (2.7K) [application/json]
Saving to: ‘/root/process_mining/announcements/data/18_04_2022/ann18.04.2022-16-20-01.json’

     0K ..                                                    100%  444M=0s

2022-04-18 16:20:01 (444 MB/s) - ‘/root/process_mining/announcements/data/18_04_2022/ann18.04.2022-16-20-01.json’ saved [2779/2779]

--2022-04-18 16:30:01--  https://files.cloudgdansk.pl/d/otwarte-dane/ztm/bsk.json
Resolving files.cloudgdansk.pl (files.cloudgdansk.pl)... 153.19.238.147
Connecting to files.cloudgdansk.pl (files.cloudgdansk.pl)|153.19.238.147|:443... connected.
HTTP request sent, awaiting response... 200 OK
Length: 2779 (2.7K) [application/json]
Saving to: ‘/root/process_mining/announcements/data/18_04_2022/ann18.04.2022-16-30-01.json’

     0K ..                                                    100%  402M=0s

2022-04-18 16:30:01 (402 MB/s) - ‘/root/process_mining/announcements/data/18_04_2022/ann18.04.2022-16-30-01.json’ saved [2779/2779]

--2022-04-18 16:40:01--  https://files.cloudgdansk.pl/d/otwarte-dane/ztm/bsk.json
Resolving files.cloudgdansk.pl (files.cloudgdansk.pl)... 153.19.238.147
Connecting to files.cloudgdansk.pl (files.cloudgdansk.pl)|153.19.238.147|:443... connected.
HTTP request sent, awaiting response... 200 OK
Length: 2779 (2.7K) [application/json]
Saving to: ‘/root/process_mining/announcements/data/18_04_2022/ann18.04.2022-16-40-01.json’

     0K ..                                                    100%  475M=0s

2022-04-18 16:40:02 (475 MB/s) - ‘/root/process_mining/announcements/data/18_04_2022/ann18.04.2022-16-40-01.json’ saved [2779/2779]

--2022-04-18 16:50:01--  https://files.cloudgdansk.pl/d/otwarte-dane/ztm/bsk.json
Resolving files.cloudgdansk.pl (files.cloudgdansk.pl)... 153.19.238.147
Connecting to files.cloudgdansk.pl (files.cloudgdansk.pl)|153.19.238.147|:443... connected.
HTTP request sent, awaiting response... 200 OK
Length: 2779 (2.7K) [application/json]
Saving to: ‘/root/process_mining/announcements/data/18_04_2022/ann18.04.2022-16-50-01.json’

     0K ..                                                    100%  347M=0s

2022-04-18 16:50:01 (347 MB/s) - ‘/root/process_mining/announcements/data/18_04_2022/ann18.04.2022-16-50-01.json’ saved [2779/2779]

--2022-04-18 17:00:01--  https://files.cloudgdansk.pl/d/otwarte-dane/ztm/bsk.json
Resolving files.cloudgdansk.pl (files.cloudgdansk.pl)... 153.19.238.147
Connecting to files.cloudgdansk.pl (files.cloudgdansk.pl)|153.19.238.147|:443... connected.
HTTP request sent, awaiting response... 200 OK
Length: 2779 (2.7K) [application/json]
Saving to: ‘/root/process_mining/announcements/data/18_04_2022/ann18.04.2022-17-00-01.json’

     0K ..                                                    100%  169M=0s

2022-04-18 17:00:02 (169 MB/s) - ‘/root/process_mining/announcements/data/18_04_2022/ann18.04.2022-17-00-01.json’ saved [2779/2779]

--2022-04-18 17:10:01--  https://files.cloudgdansk.pl/d/otwarte-dane/ztm/bsk.json
Resolving files.cloudgdansk.pl (files.cloudgdansk.pl)... 153.19.238.147
Connecting to files.cloudgdansk.pl (files.cloudgdansk.pl)|153.19.238.147|:443... connected.
HTTP request sent, awaiting response... 200 OK
Length: 2779 (2.7K) [application/json]
Saving to: ‘/root/process_mining/announcements/data/18_04_2022/ann18.04.2022-17-10-01.json’

     0K ..                                                    100%  508M=0s

2022-04-18 17:10:02 (508 MB/s) - ‘/root/process_mining/announcements/data/18_04_2022/ann18.04.2022-17-10-01.json’ saved [2779/2779]

--2022-04-18 17:20:01--  https://files.cloudgdansk.pl/d/otwarte-dane/ztm/bsk.json
Resolving files.cloudgdansk.pl (files.cloudgdansk.pl)... 153.19.238.147
Connecting to files.cloudgdansk.pl (files.cloudgdansk.pl)|153.19.238.147|:443... connected.
HTTP request sent, awaiting response... 200 OK
Length: 2779 (2.7K) [application/json]
Saving to: ‘/root/process_mining/announcements/data/18_04_2022/ann18.04.2022-17-20-01.json’

     0K ..                                                    100%  463M=0s

2022-04-18 17:20:02 (463 MB/s) - ‘/root/process_mining/announcements/data/18_04_2022/ann18.04.2022-17-20-01.json’ saved [2779/2779]

--2022-04-18 17:30:01--  https://files.cloudgdansk.pl/d/otwarte-dane/ztm/bsk.json
Resolving files.cloudgdansk.pl (files.cloudgdansk.pl)... 153.19.238.147
Connecting to files.cloudgdansk.pl (files.cloudgdansk.pl)|153.19.238.147|:443... connected.
HTTP request sent, awaiting response... 200 OK
Length: 2779 (2.7K) [application/json]
Saving to: ‘/root/process_mining/announcements/data/18_04_2022/ann18.04.2022-17-30-01.json’

     0K ..                                                    100%  517M=0s

2022-04-18 17:30:01 (517 MB/s) - ‘/root/process_mining/announcements/data/18_04_2022/ann18.04.2022-17-30-01.json’ saved [2779/2779]

--2022-04-18 17:40:01--  https://files.cloudgdansk.pl/d/otwarte-dane/ztm/bsk.json
Resolving files.cloudgdansk.pl (files.cloudgdansk.pl)... 153.19.238.147
Connecting to files.cloudgdansk.pl (files.cloudgdansk.pl)|153.19.238.147|:443... connected.
HTTP request sent, awaiting response... 200 OK
Length: 2779 (2.7K) [application/json]
Saving to: ‘/root/process_mining/announcements/data/18_04_2022/ann18.04.2022-17-40-01.json’

     0K ..                                                    100%  278M=0s

2022-04-18 17:40:02 (278 MB/s) - ‘/root/process_mining/announcements/data/18_04_2022/ann18.04.2022-17-40-01.json’ saved [2779/2779]

--2022-04-18 17:50:01--  https://files.cloudgdansk.pl/d/otwarte-dane/ztm/bsk.json
Resolving files.cloudgdansk.pl (files.cloudgdansk.pl)... 153.19.238.147
Connecting to files.cloudgdansk.pl (files.cloudgdansk.pl)|153.19.238.147|:443... connected.
HTTP request sent, awaiting response... 200 OK
Length: 2779 (2.7K) [application/json]
Saving to: ‘/root/process_mining/announcements/data/18_04_2022/ann18.04.2022-17-50-01.json’

     0K ..                                                    100%  491M=0s

2022-04-18 17:50:01 (491 MB/s) - ‘/root/process_mining/announcements/data/18_04_2022/ann18.04.2022-17-50-01.json’ saved [2779/2779]

--2022-04-18 18:00:01--  https://files.cloudgdansk.pl/d/otwarte-dane/ztm/bsk.json
Resolving files.cloudgdansk.pl (files.cloudgdansk.pl)... 153.19.238.147
Connecting to files.cloudgdansk.pl (files.cloudgdansk.pl)|153.19.238.147|:443... connected.
HTTP request sent, awaiting response... 200 OK
Length: 2779 (2.7K) [application/json]
Saving to: ‘/root/process_mining/announcements/data/18_04_2022/ann18.04.2022-18-00-01.json’

     0K ..                                                    100%  438M=0s

2022-04-18 18:00:01 (438 MB/s) - ‘/root/process_mining/announcements/data/18_04_2022/ann18.04.2022-18-00-01.json’ saved [2779/2779]

--2022-04-18 18:10:01--  https://files.cloudgdansk.pl/d/otwarte-dane/ztm/bsk.json
Resolving files.cloudgdansk.pl (files.cloudgdansk.pl)... 153.19.238.147
Connecting to files.cloudgdansk.pl (files.cloudgdansk.pl)|153.19.238.147|:443... connected.
HTTP request sent, awaiting response... 200 OK
Length: 2779 (2.7K) [application/json]
Saving to: ‘/root/process_mining/announcements/data/18_04_2022/ann18.04.2022-18-10-01.json’

     0K ..                                                    100%  471M=0s

2022-04-18 18:10:02 (471 MB/s) - ‘/root/process_mining/announcements/data/18_04_2022/ann18.04.2022-18-10-01.json’ saved [2779/2779]

--2022-04-18 18:20:01--  https://files.cloudgdansk.pl/d/otwarte-dane/ztm/bsk.json
Resolving files.cloudgdansk.pl (files.cloudgdansk.pl)... 153.19.238.147
Connecting to files.cloudgdansk.pl (files.cloudgdansk.pl)|153.19.238.147|:443... connected.
HTTP request sent, awaiting response... 200 OK
Length: 2779 (2.7K) [application/json]
Saving to: ‘/root/process_mining/announcements/data/18_04_2022/ann18.04.2022-18-20-01.json’

     0K ..                                                    100%  504M=0s

2022-04-18 18:20:01 (504 MB/s) - ‘/root/process_mining/announcements/data/18_04_2022/ann18.04.2022-18-20-01.json’ saved [2779/2779]

--2022-04-18 18:30:01--  https://files.cloudgdansk.pl/d/otwarte-dane/ztm/bsk.json
Resolving files.cloudgdansk.pl (files.cloudgdansk.pl)... 153.19.238.147
Connecting to files.cloudgdansk.pl (files.cloudgdansk.pl)|153.19.238.147|:443... connected.
HTTP request sent, awaiting response... 200 OK
Length: 2779 (2.7K) [application/json]
Saving to: ‘/root/process_mining/announcements/data/18_04_2022/ann18.04.2022-18-30-01.json’

     0K ..                                                    100%  515M=0s

2022-04-18 18:30:02 (515 MB/s) - ‘/root/process_mining/announcements/data/18_04_2022/ann18.04.2022-18-30-01.json’ saved [2779/2779]

--2022-04-18 18:40:01--  https://files.cloudgdansk.pl/d/otwarte-dane/ztm/bsk.json
Resolving files.cloudgdansk.pl (files.cloudgdansk.pl)... 153.19.238.147
Connecting to files.cloudgdansk.pl (files.cloudgdansk.pl)|153.19.238.147|:443... connected.
HTTP request sent, awaiting response... 200 OK
Length: 2779 (2.7K) [application/json]
Saving to: ‘/root/process_mining/announcements/data/18_04_2022/ann18.04.2022-18-40-01.json’

     0K ..                                                    100%  452M=0s

2022-04-18 18:40:02 (452 MB/s) - ‘/root/process_mining/announcements/data/18_04_2022/ann18.04.2022-18-40-01.json’ saved [2779/2779]

--2022-04-18 18:50:01--  https://files.cloudgdansk.pl/d/otwarte-dane/ztm/bsk.json
Resolving files.cloudgdansk.pl (files.cloudgdansk.pl)... 153.19.238.147
Connecting to files.cloudgdansk.pl (files.cloudgdansk.pl)|153.19.238.147|:443... connected.
HTTP request sent, awaiting response... 200 OK
Length: 2779 (2.7K) [application/json]
Saving to: ‘/root/process_mining/announcements/data/18_04_2022/ann18.04.2022-18-50-01.json’

     0K ..                                                    100%  425M=0s

2022-04-18 18:50:01 (425 MB/s) - ‘/root/process_mining/announcements/data/18_04_2022/ann18.04.2022-18-50-01.json’ saved [2779/2779]

--2022-04-18 19:00:01--  https://files.cloudgdansk.pl/d/otwarte-dane/ztm/bsk.json
Resolving files.cloudgdansk.pl (files.cloudgdansk.pl)... 153.19.238.147
Connecting to files.cloudgdansk.pl (files.cloudgdansk.pl)|153.19.238.147|:443... connected.
HTTP request sent, awaiting response... 200 OK
Length: 2779 (2.7K) [application/json]
Saving to: ‘/root/process_mining/announcements/data/18_04_2022/ann18.04.2022-19-00-01.json’

     0K ..                                                    100%  458M=0s

2022-04-18 19:00:02 (458 MB/s) - ‘/root/process_mining/announcements/data/18_04_2022/ann18.04.2022-19-00-01.json’ saved [2779/2779]

--2022-04-18 19:10:01--  https://files.cloudgdansk.pl/d/otwarte-dane/ztm/bsk.json
Resolving files.cloudgdansk.pl (files.cloudgdansk.pl)... 153.19.238.147
Connecting to files.cloudgdansk.pl (files.cloudgdansk.pl)|153.19.238.147|:443... connected.
HTTP request sent, awaiting response... 200 OK
Length: 2779 (2.7K) [application/json]
Saving to: ‘/root/process_mining/announcements/data/18_04_2022/ann18.04.2022-19-10-01.json’

     0K ..                                                    100%  519M=0s

2022-04-18 19:10:02 (519 MB/s) - ‘/root/process_mining/announcements/data/18_04_2022/ann18.04.2022-19-10-01.json’ saved [2779/2779]

--2022-04-18 19:20:01--  https://files.cloudgdansk.pl/d/otwarte-dane/ztm/bsk.json
Resolving files.cloudgdansk.pl (files.cloudgdansk.pl)... 153.19.238.147
Connecting to files.cloudgdansk.pl (files.cloudgdansk.pl)|153.19.238.147|:443... connected.
HTTP request sent, awaiting response... 200 OK
Length: 2779 (2.7K) [application/json]
Saving to: ‘/root/process_mining/announcements/data/18_04_2022/ann18.04.2022-19-20-01.json’

     0K ..                                                    100%  543M=0s

2022-04-18 19:20:01 (543 MB/s) - ‘/root/process_mining/announcements/data/18_04_2022/ann18.04.2022-19-20-01.json’ saved [2779/2779]

--2022-04-18 19:30:01--  https://files.cloudgdansk.pl/d/otwarte-dane/ztm/bsk.json
Resolving files.cloudgdansk.pl (files.cloudgdansk.pl)... 153.19.238.147
Connecting to files.cloudgdansk.pl (files.cloudgdansk.pl)|153.19.238.147|:443... connected.
HTTP request sent, awaiting response... 200 OK
Length: 2779 (2.7K) [application/json]
Saving to: ‘/root/process_mining/announcements/data/18_04_2022/ann18.04.2022-19-30-01.json’

     0K ..                                                    100%  513M=0s

2022-04-18 19:30:02 (513 MB/s) - ‘/root/process_mining/announcements/data/18_04_2022/ann18.04.2022-19-30-01.json’ saved [2779/2779]

--2022-04-18 19:40:01--  https://files.cloudgdansk.pl/d/otwarte-dane/ztm/bsk.json
Resolving files.cloudgdansk.pl (files.cloudgdansk.pl)... 153.19.238.147
Connecting to files.cloudgdansk.pl (files.cloudgdansk.pl)|153.19.238.147|:443... connected.
HTTP request sent, awaiting response... 200 OK
Length: 2779 (2.7K) [application/json]
Saving to: ‘/root/process_mining/announcements/data/18_04_2022/ann18.04.2022-19-40-01.json’

     0K ..                                                    100%  511M=0s

2022-04-18 19:40:01 (511 MB/s) - ‘/root/process_mining/announcements/data/18_04_2022/ann18.04.2022-19-40-01.json’ saved [2779/2779]

--2022-04-18 19:50:01--  https://files.cloudgdansk.pl/d/otwarte-dane/ztm/bsk.json
Resolving files.cloudgdansk.pl (files.cloudgdansk.pl)... 153.19.238.147
Connecting to files.cloudgdansk.pl (files.cloudgdansk.pl)|153.19.238.147|:443... connected.
HTTP request sent, awaiting response... 200 OK
Length: 2779 (2.7K) [application/json]
Saving to: ‘/root/process_mining/announcements/data/18_04_2022/ann18.04.2022-19-50-01.json’

     0K ..                                                    100%  498M=0s

2022-04-18 19:50:01 (498 MB/s) - ‘/root/process_mining/announcements/data/18_04_2022/ann18.04.2022-19-50-01.json’ saved [2779/2779]

--2022-04-18 20:00:01--  https://files.cloudgdansk.pl/d/otwarte-dane/ztm/bsk.json
Resolving files.cloudgdansk.pl (files.cloudgdansk.pl)... 153.19.238.147
Connecting to files.cloudgdansk.pl (files.cloudgdansk.pl)|153.19.238.147|:443... connected.
HTTP request sent, awaiting response... 200 OK
Length: 2779 (2.7K) [application/json]
Saving to: ‘/root/process_mining/announcements/data/18_04_2022/ann18.04.2022-20-00-01.json’

     0K ..                                                    100%  487M=0s

2022-04-18 20:00:01 (487 MB/s) - ‘/root/process_mining/announcements/data/18_04_2022/ann18.04.2022-20-00-01.json’ saved [2779/2779]

--2022-04-18 20:10:01--  https://files.cloudgdansk.pl/d/otwarte-dane/ztm/bsk.json
Resolving files.cloudgdansk.pl (files.cloudgdansk.pl)... 153.19.238.147
Connecting to files.cloudgdansk.pl (files.cloudgdansk.pl)|153.19.238.147|:443... connected.
HTTP request sent, awaiting response... 200 OK
Length: 2779 (2.7K) [application/json]
Saving to: ‘/root/process_mining/announcements/data/18_04_2022/ann18.04.2022-20-10-01.json’

     0K ..                                                    100%  507M=0s

2022-04-18 20:10:02 (507 MB/s) - ‘/root/process_mining/announcements/data/18_04_2022/ann18.04.2022-20-10-01.json’ saved [2779/2779]

--2022-04-18 20:20:01--  https://files.cloudgdansk.pl/d/otwarte-dane/ztm/bsk.json
Resolving files.cloudgdansk.pl (files.cloudgdansk.pl)... 153.19.238.147
Connecting to files.cloudgdansk.pl (files.cloudgdansk.pl)|153.19.238.147|:443... connected.
HTTP request sent, awaiting response... 200 OK
Length: 2779 (2.7K) [application/json]
Saving to: ‘/root/process_mining/announcements/data/18_04_2022/ann18.04.2022-20-20-01.json’

     0K ..                                                    100%  483M=0s

2022-04-18 20:20:01 (483 MB/s) - ‘/root/process_mining/announcements/data/18_04_2022/ann18.04.2022-20-20-01.json’ saved [2779/2779]

--2022-04-18 20:30:01--  https://files.cloudgdansk.pl/d/otwarte-dane/ztm/bsk.json
Resolving files.cloudgdansk.pl (files.cloudgdansk.pl)... 153.19.238.147
Connecting to files.cloudgdansk.pl (files.cloudgdansk.pl)|153.19.238.147|:443... connected.
HTTP request sent, awaiting response... 200 OK
Length: 2779 (2.7K) [application/json]
Saving to: ‘/root/process_mining/announcements/data/18_04_2022/ann18.04.2022-20-30-01.json’

     0K ..                                                    100%  484M=0s

2022-04-18 20:30:02 (484 MB/s) - ‘/root/process_mining/announcements/data/18_04_2022/ann18.04.2022-20-30-01.json’ saved [2779/2779]

--2022-04-18 20:40:01--  https://files.cloudgdansk.pl/d/otwarte-dane/ztm/bsk.json
Resolving files.cloudgdansk.pl (files.cloudgdansk.pl)... 153.19.238.147
Connecting to files.cloudgdansk.pl (files.cloudgdansk.pl)|153.19.238.147|:443... connected.
HTTP request sent, awaiting response... 200 OK
Length: 2779 (2.7K) [application/json]
Saving to: ‘/root/process_mining/announcements/data/18_04_2022/ann18.04.2022-20-40-01.json’

     0K ..                                                    100%  531M=0s

2022-04-18 20:40:01 (531 MB/s) - ‘/root/process_mining/announcements/data/18_04_2022/ann18.04.2022-20-40-01.json’ saved [2779/2779]

--2022-04-18 20:50:02--  https://files.cloudgdansk.pl/d/otwarte-dane/ztm/bsk.json
Resolving files.cloudgdansk.pl (files.cloudgdansk.pl)... 153.19.238.147
Connecting to files.cloudgdansk.pl (files.cloudgdansk.pl)|153.19.238.147|:443... connected.
HTTP request sent, awaiting response... 200 OK
Length: 2779 (2.7K) [application/json]
Saving to: ‘/root/process_mining/announcements/data/18_04_2022/ann18.04.2022-20-50-02.json’

     0K ..                                                    100%  478M=0s

2022-04-18 20:50:02 (478 MB/s) - ‘/root/process_mining/announcements/data/18_04_2022/ann18.04.2022-20-50-02.json’ saved [2779/2779]

--2022-04-18 21:00:01--  https://files.cloudgdansk.pl/d/otwarte-dane/ztm/bsk.json
Resolving files.cloudgdansk.pl (files.cloudgdansk.pl)... 153.19.238.147
Connecting to files.cloudgdansk.pl (files.cloudgdansk.pl)|153.19.238.147|:443... connected.
HTTP request sent, awaiting response... 200 OK
Length: 2779 (2.7K) [application/json]
Saving to: ‘/root/process_mining/announcements/data/18_04_2022/ann18.04.2022-21-00-01.json’

     0K ..                                                    100%  448M=0s

2022-04-18 21:00:01 (448 MB/s) - ‘/root/process_mining/announcements/data/18_04_2022/ann18.04.2022-21-00-01.json’ saved [2779/2779]

--2022-04-18 21:10:01--  https://files.cloudgdansk.pl/d/otwarte-dane/ztm/bsk.json
Resolving files.cloudgdansk.pl (files.cloudgdansk.pl)... 153.19.238.147
Connecting to files.cloudgdansk.pl (files.cloudgdansk.pl)|153.19.238.147|:443... connected.
HTTP request sent, awaiting response... 200 OK
Length: 2779 (2.7K) [application/json]
Saving to: ‘/root/process_mining/announcements/data/18_04_2022/ann18.04.2022-21-10-01.json’

     0K ..                                                    100%  511M=0s

2022-04-18 21:10:02 (511 MB/s) - ‘/root/process_mining/announcements/data/18_04_2022/ann18.04.2022-21-10-01.json’ saved [2779/2779]

--2022-04-18 21:20:01--  https://files.cloudgdansk.pl/d/otwarte-dane/ztm/bsk.json
Resolving files.cloudgdansk.pl (files.cloudgdansk.pl)... 153.19.238.147
Connecting to files.cloudgdansk.pl (files.cloudgdansk.pl)|153.19.238.147|:443... connected.
HTTP request sent, awaiting response... 200 OK
Length: 2779 (2.7K) [application/json]
Saving to: ‘/root/process_mining/announcements/data/18_04_2022/ann18.04.2022-21-20-01.json’

     0K ..                                                    100%  501M=0s

2022-04-18 21:20:02 (501 MB/s) - ‘/root/process_mining/announcements/data/18_04_2022/ann18.04.2022-21-20-01.json’ saved [2779/2779]

--2022-04-18 21:30:01--  https://files.cloudgdansk.pl/d/otwarte-dane/ztm/bsk.json
Resolving files.cloudgdansk.pl (files.cloudgdansk.pl)... 153.19.238.147
Connecting to files.cloudgdansk.pl (files.cloudgdansk.pl)|153.19.238.147|:443... connected.
HTTP request sent, awaiting response... 200 OK
Length: 2779 (2.7K) [application/json]
Saving to: ‘/root/process_mining/announcements/data/18_04_2022/ann18.04.2022-21-30-01.json’

     0K ..                                                    100%  393M=0s

2022-04-18 21:30:01 (393 MB/s) - ‘/root/process_mining/announcements/data/18_04_2022/ann18.04.2022-21-30-01.json’ saved [2779/2779]

--2022-04-18 21:40:01--  https://files.cloudgdansk.pl/d/otwarte-dane/ztm/bsk.json
Resolving files.cloudgdansk.pl (files.cloudgdansk.pl)... 153.19.238.147
Connecting to files.cloudgdansk.pl (files.cloudgdansk.pl)|153.19.238.147|:443... connected.
HTTP request sent, awaiting response... 200 OK
Length: 2779 (2.7K) [application/json]
Saving to: ‘/root/process_mining/announcements/data/18_04_2022/ann18.04.2022-21-40-01.json’

     0K ..                                                    100%  525M=0s

2022-04-18 21:40:02 (525 MB/s) - ‘/root/process_mining/announcements/data/18_04_2022/ann18.04.2022-21-40-01.json’ saved [2779/2779]

--2022-04-18 21:50:01--  https://files.cloudgdansk.pl/d/otwarte-dane/ztm/bsk.json
Resolving files.cloudgdansk.pl (files.cloudgdansk.pl)... 153.19.238.147
Connecting to files.cloudgdansk.pl (files.cloudgdansk.pl)|153.19.238.147|:443... connected.
HTTP request sent, awaiting response... 200 OK
Length: 2779 (2.7K) [application/json]
Saving to: ‘/root/process_mining/announcements/data/18_04_2022/ann18.04.2022-21-50-01.json’

     0K ..                                                    100%  470M=0s

2022-04-18 21:50:02 (470 MB/s) - ‘/root/process_mining/announcements/data/18_04_2022/ann18.04.2022-21-50-01.json’ saved [2779/2779]

--2022-04-18 22:00:01--  https://files.cloudgdansk.pl/d/otwarte-dane/ztm/bsk.json
Resolving files.cloudgdansk.pl (files.cloudgdansk.pl)... 153.19.238.147
Connecting to files.cloudgdansk.pl (files.cloudgdansk.pl)|153.19.238.147|:443... connected.
HTTP request sent, awaiting response... 200 OK
Length: 2779 (2.7K) [application/json]
Saving to: ‘/root/process_mining/announcements/data/18_04_2022/ann18.04.2022-22-00-01.json’

     0K ..                                                    100%  499M=0s

2022-04-18 22:00:02 (499 MB/s) - ‘/root/process_mining/announcements/data/18_04_2022/ann18.04.2022-22-00-01.json’ saved [2779/2779]

--2022-04-18 22:10:01--  https://files.cloudgdansk.pl/d/otwarte-dane/ztm/bsk.json
Resolving files.cloudgdansk.pl (files.cloudgdansk.pl)... 153.19.238.147
Connecting to files.cloudgdansk.pl (files.cloudgdansk.pl)|153.19.238.147|:443... connected.
HTTP request sent, awaiting response... 200 OK
Length: 2779 (2.7K) [application/json]
Saving to: ‘/root/process_mining/announcements/data/18_04_2022/ann18.04.2022-22-10-01.json’

     0K ..                                                    100%  525M=0s

2022-04-18 22:10:01 (525 MB/s) - ‘/root/process_mining/announcements/data/18_04_2022/ann18.04.2022-22-10-01.json’ saved [2779/2779]

--2022-04-18 22:20:01--  https://files.cloudgdansk.pl/d/otwarte-dane/ztm/bsk.json
Resolving files.cloudgdansk.pl (files.cloudgdansk.pl)... 153.19.238.147
Connecting to files.cloudgdansk.pl (files.cloudgdansk.pl)|153.19.238.147|:443... connected.
HTTP request sent, awaiting response... 200 OK
Length: 2779 (2.7K) [application/json]
Saving to: ‘/root/process_mining/announcements/data/18_04_2022/ann18.04.2022-22-20-01.json’

     0K ..                                                    100%  545M=0s

2022-04-18 22:20:01 (545 MB/s) - ‘/root/process_mining/announcements/data/18_04_2022/ann18.04.2022-22-20-01.json’ saved [2779/2779]

--2022-04-18 22:30:01--  https://files.cloudgdansk.pl/d/otwarte-dane/ztm/bsk.json
Resolving files.cloudgdansk.pl (files.cloudgdansk.pl)... 153.19.238.147
Connecting to files.cloudgdansk.pl (files.cloudgdansk.pl)|153.19.238.147|:443... connected.
HTTP request sent, awaiting response... 200 OK
Length: 2779 (2.7K) [application/json]
Saving to: ‘/root/process_mining/announcements/data/18_04_2022/ann18.04.2022-22-30-01.json’

     0K ..                                                    100%  477M=0s

2022-04-18 22:30:02 (477 MB/s) - ‘/root/process_mining/announcements/data/18_04_2022/ann18.04.2022-22-30-01.json’ saved [2779/2779]

--2022-04-18 22:40:01--  https://files.cloudgdansk.pl/d/otwarte-dane/ztm/bsk.json
Resolving files.cloudgdansk.pl (files.cloudgdansk.pl)... 153.19.238.147
Connecting to files.cloudgdansk.pl (files.cloudgdansk.pl)|153.19.238.147|:443... connected.
HTTP request sent, awaiting response... 200 OK
Length: 2779 (2.7K) [application/json]
Saving to: ‘/root/process_mining/announcements/data/18_04_2022/ann18.04.2022-22-40-01.json’

     0K ..                                                    100%  465M=0s

2022-04-18 22:40:01 (465 MB/s) - ‘/root/process_mining/announcements/data/18_04_2022/ann18.04.2022-22-40-01.json’ saved [2779/2779]

--2022-04-18 22:50:02--  https://files.cloudgdansk.pl/d/otwarte-dane/ztm/bsk.json
Resolving files.cloudgdansk.pl (files.cloudgdansk.pl)... 153.19.238.147
Connecting to files.cloudgdansk.pl (files.cloudgdansk.pl)|153.19.238.147|:443... connected.
HTTP request sent, awaiting response... 200 OK
Length: 2779 (2.7K) [application/json]
Saving to: ‘/root/process_mining/announcements/data/18_04_2022/ann18.04.2022-22-50-02.json’

     0K ..                                                    100%  525M=0s

2022-04-18 22:50:02 (525 MB/s) - ‘/root/process_mining/announcements/data/18_04_2022/ann18.04.2022-22-50-02.json’ saved [2779/2779]

--2022-04-18 23:00:01--  https://files.cloudgdansk.pl/d/otwarte-dane/ztm/bsk.json
Resolving files.cloudgdansk.pl (files.cloudgdansk.pl)... 153.19.238.147
Connecting to files.cloudgdansk.pl (files.cloudgdansk.pl)|153.19.238.147|:443... connected.
HTTP request sent, awaiting response... 200 OK
Length: 2779 (2.7K) [application/json]
Saving to: ‘/root/process_mining/announcements/data/18_04_2022/ann18.04.2022-23-00-01.json’

     0K ..                                                    100%  522M=0s

2022-04-18 23:00:01 (522 MB/s) - ‘/root/process_mining/announcements/data/18_04_2022/ann18.04.2022-23-00-01.json’ saved [2779/2779]

--2022-04-18 23:10:01--  https://files.cloudgdansk.pl/d/otwarte-dane/ztm/bsk.json
Resolving files.cloudgdansk.pl (files.cloudgdansk.pl)... 153.19.238.147
Connecting to files.cloudgdansk.pl (files.cloudgdansk.pl)|153.19.238.147|:443... connected.
HTTP request sent, awaiting response... 200 OK
Length: 2779 (2.7K) [application/json]
Saving to: ‘/root/process_mining/announcements/data/18_04_2022/ann18.04.2022-23-10-01.json’

     0K ..                                                    100%  468M=0s

2022-04-18 23:10:02 (468 MB/s) - ‘/root/process_mining/announcements/data/18_04_2022/ann18.04.2022-23-10-01.json’ saved [2779/2779]

--2022-04-18 23:20:01--  https://files.cloudgdansk.pl/d/otwarte-dane/ztm/bsk.json
Resolving files.cloudgdansk.pl (files.cloudgdansk.pl)... 153.19.238.147
Connecting to files.cloudgdansk.pl (files.cloudgdansk.pl)|153.19.238.147|:443... connected.
HTTP request sent, awaiting response... 200 OK
Length: 2779 (2.7K) [application/json]
Saving to: ‘/root/process_mining/announcements/data/18_04_2022/ann18.04.2022-23-20-01.json’

     0K ..                                                    100%  468M=0s

2022-04-18 23:20:02 (468 MB/s) - ‘/root/process_mining/announcements/data/18_04_2022/ann18.04.2022-23-20-01.json’ saved [2779/2779]

--2022-04-18 23:30:01--  https://files.cloudgdansk.pl/d/otwarte-dane/ztm/bsk.json
Resolving files.cloudgdansk.pl (files.cloudgdansk.pl)... 153.19.238.147
Connecting to files.cloudgdansk.pl (files.cloudgdansk.pl)|153.19.238.147|:443... connected.
HTTP request sent, awaiting response... 200 OK
Length: 2779 (2.7K) [application/json]
Saving to: ‘/root/process_mining/announcements/data/18_04_2022/ann18.04.2022-23-30-01.json’

     0K ..                                                    100%  530M=0s

2022-04-18 23:30:02 (530 MB/s) - ‘/root/process_mining/announcements/data/18_04_2022/ann18.04.2022-23-30-01.json’ saved [2779/2779]

--2022-04-18 23:40:01--  https://files.cloudgdansk.pl/d/otwarte-dane/ztm/bsk.json
Resolving files.cloudgdansk.pl (files.cloudgdansk.pl)... 153.19.238.147
Connecting to files.cloudgdansk.pl (files.cloudgdansk.pl)|153.19.238.147|:443... connected.
HTTP request sent, awaiting response... 200 OK
Length: 2779 (2.7K) [application/json]
Saving to: ‘/root/process_mining/announcements/data/18_04_2022/ann18.04.2022-23-40-01.json’

     0K ..                                                    100%  538M=0s

2022-04-18 23:40:02 (538 MB/s) - ‘/root/process_mining/announcements/data/18_04_2022/ann18.04.2022-23-40-01.json’ saved [2779/2779]

--2022-04-18 23:50:01--  https://files.cloudgdansk.pl/d/otwarte-dane/ztm/bsk.json
Resolving files.cloudgdansk.pl (files.cloudgdansk.pl)... 153.19.238.147
Connecting to files.cloudgdansk.pl (files.cloudgdansk.pl)|153.19.238.147|:443... connected.
HTTP request sent, awaiting response... 200 OK
Length: 2779 (2.7K) [application/json]
Saving to: ‘/root/process_mining/announcements/data/18_04_2022/ann18.04.2022-23-50-01.json’

     0K ..                                                    100%  541M=0s

2022-04-18 23:50:02 (541 MB/s) - ‘/root/process_mining/announcements/data/18_04_2022/ann18.04.2022-23-50-01.json’ saved [2779/2779]

