--2022-04-19 02:55:01--  https://ckan.multimediagdansk.pl/dataset/c24aa637-3619-4dc2-a171-a23eec8f2172/resource/3115d29d-b763-4af5-93f6-763b835967d6/download/stopsintrip.json
Resolving ckan.multimediagdansk.pl (ckan.multimediagdansk.pl)... 91.244.248.30
Connecting to ckan.multimediagdansk.pl (ckan.multimediagdansk.pl)|91.244.248.30|:443... connected.
HTTP request sent, awaiting response... 200 OK
Length: 27759467 (26M) [application/json]
Saving to: ‘/root/process_mining/trips_tracing/stopsintrip.json’

     0K .......... .......... .......... .......... ..........  0% 1.52M 17s
    50K .......... .......... .......... .......... ..........  0% 1.70M 16s
   100K .......... .......... .......... .......... ..........  0% 46.5M 11s
   150K .......... .......... .......... .......... ..........  0%  100M 8s
   200K .......... .......... .......... .......... ..........  0% 1.71M 10s
   250K .......... .......... .......... .......... ..........  1% 53.0M 8s
   300K .......... .......... .......... .......... ..........  1%  125M 7s
   350K .......... .......... .......... .......... ..........  1%  104M 6s
   400K .......... .......... .......... .......... ..........  1% 1.83M 7s
   450K .......... .......... .......... .......... ..........  1% 74.9M 6s
   500K .......... .......... .......... .......... ..........  2% 65.8M 6s
   550K .......... .......... .......... .......... ..........  2% 45.6M 5s
   600K .......... .......... .......... .......... ..........  2% 47.7M 5s
   650K .......... .......... .......... .......... ..........  2% 66.0M 5s
   700K .......... .......... .......... .......... ..........  2%  118M 4s
   750K .......... .......... .......... .......... ..........  2%  112M 4s
   800K .......... .......... .......... .......... ..........  3%  103M 4s
   850K .......... .......... .......... .......... ..........  3% 2.09M 4s
   900K .......... .......... .......... .......... ..........  3%  111M 4s
   950K .......... .......... .......... .......... ..........  3% 26.2M 4s
  1000K .......... .......... .......... .......... ..........  3% 71.8M 4s
  1050K .......... .......... .......... .......... ..........  4% 53.3M 4s
  1100K .......... .......... .......... .......... ..........  4% 66.6M 3s
  1150K .......... .......... .......... .......... ..........  4% 57.3M 3s
  1200K .......... .......... .......... .......... ..........  4% 67.2M 3s
  1250K .......... .......... .......... .......... ..........  4% 66.2M 3s
  1300K .......... .......... .......... .......... ..........  4% 61.9M 3s
  1350K .......... .......... .......... .......... ..........  5% 81.0M 3s
  1400K .......... .......... .......... .......... ..........  5% 77.3M 3s
  1450K .......... .......... .......... .......... ..........  5%  153M 3s
  1500K .......... .......... .......... .......... ..........  5%  134M 3s
  1550K .......... .......... .......... .......... ..........  5%  134M 3s
  1600K .......... .......... .......... .......... ..........  6%  154M 2s
  1650K .......... .......... .......... .......... ..........  6%  148M 2s
  1700K .......... .......... .......... .......... ..........  6%  129M 2s
  1750K .......... .......... .......... .......... ..........  6% 2.72M 2s
  1800K .......... .......... .......... .......... ..........  6% 64.6M 2s
  1850K .......... .......... .......... .......... ..........  7% 52.4M 2s
  1900K .......... .......... .......... .......... ..........  7% 82.6M 2s
  1950K .......... .......... .......... .......... ..........  7% 73.9M 2s
  2000K .......... .......... .......... .......... ..........  7% 98.6M 2s
  2050K .......... .......... .......... .......... ..........  7% 78.5M 2s
  2100K .......... .......... .......... .......... ..........  7% 79.3M 2s
  2150K .......... .......... .......... .......... ..........  8% 93.1M 2s
  2200K .......... .......... .......... .......... ..........  8% 85.1M 2s
  2250K .......... .......... .......... .......... ..........  8%  115M 2s
  2300K .......... .......... .......... .......... ..........  8%  114M 2s
  2350K .......... .......... .......... .......... ..........  8% 94.3M 2s
  2400K .......... .......... .......... .......... ..........  9% 88.1M 2s
  2450K .......... .......... .......... .......... ..........  9% 85.0M 2s
  2500K .......... .......... .......... .......... ..........  9% 89.2M 2s
  2550K .......... .......... .......... .......... ..........  9% 80.0M 2s
  2600K .......... .......... .......... .......... ..........  9% 92.4M 2s
  2650K .......... .......... .......... .......... ..........  9% 94.0M 2s
  2700K .......... .......... .......... .......... .......... 10% 77.1M 2s
  2750K .......... .......... .......... .......... .......... 10% 69.6M 2s
  2800K .......... .......... .......... .......... .......... 10% 77.2M 2s
  2850K .......... .......... .......... .......... .......... 10%  119M 2s
  2900K .......... .......... .......... .......... .......... 10%  135M 2s
  2950K .......... .......... .......... .......... .......... 11%  110M 2s
  3000K .......... .......... .......... .......... .......... 11% 35.0M 2s
  3050K .......... .......... .......... .......... .......... 11% 26.1M 2s
  3100K .......... .......... .......... .......... .......... 11% 37.1M 1s
  3150K .......... .......... .......... .......... .......... 11% 28.8M 1s
  3200K .......... .......... .......... .......... .......... 11% 32.6M 1s
  3250K .......... .......... .......... .......... .......... 12% 24.3M 1s
  3300K .......... .......... .......... .......... .......... 12% 28.6M 1s
  3350K .......... .......... .......... .......... .......... 12% 34.0M 1s
  3400K .......... .......... .......... .......... .......... 12% 32.9M 1s
  3450K .......... .......... .......... .......... .......... 12% 17.1M 1s
  3500K .......... .......... .......... .......... .......... 13% 18.3M 1s
  3550K .......... .......... .......... .......... .......... 13% 16.3M 1s
  3600K .......... .......... .......... .......... .......... 13% 18.3M 1s
  3650K .......... .......... .......... .......... .......... 13% 17.3M 1s
  3700K .......... .......... .......... .......... .......... 13% 23.8M 1s
  3750K .......... .......... .......... .......... .......... 14% 26.7M 1s
  3800K .......... .......... .......... .......... .......... 14% 19.2M 1s
  3850K .......... .......... .......... .......... .......... 14% 25.2M 1s
  3900K .......... .......... .......... .......... .......... 14% 28.8M 1s
  3950K .......... .......... .......... .......... .......... 14% 22.5M 1s
  4000K .......... .......... .......... .......... .......... 14% 20.4M 1s
  4050K .......... .......... .......... .......... .......... 15% 24.7M 1s
  4100K .......... .......... .......... .......... .......... 15% 28.9M 1s
  4150K .......... .......... .......... .......... .......... 15% 27.7M 1s
  4200K .......... .......... .......... .......... .......... 15% 24.4M 1s
  4250K .......... .......... .......... .......... .......... 15% 20.4M 1s
  4300K .......... .......... .......... .......... .......... 16% 30.3M 1s
  4350K .......... .......... .......... .......... .......... 16% 31.2M 1s
  4400K .......... .......... .......... .......... .......... 16% 20.7M 1s
  4450K .......... .......... .......... .......... .......... 16% 22.2M 1s
  4500K .......... .......... .......... .......... .......... 16% 22.0M 1s
  4550K .......... .......... .......... .......... .......... 16% 29.6M 1s
  4600K .......... .......... .......... .......... .......... 17% 25.9M 1s
  4650K .......... .......... .......... .......... .......... 17% 18.2M 1s
  4700K .......... .......... .......... .......... .......... 17% 26.3M 1s
  4750K .......... .......... .......... .......... .......... 17% 23.7M 1s
  4800K .......... .......... .......... .......... .......... 17% 28.5M 1s
  4850K .......... .......... .......... .......... .......... 18% 18.3M 1s
  4900K .......... .......... .......... .......... .......... 18% 27.2M 1s
  4950K .......... .......... .......... .......... .......... 18% 26.8M 1s
  5000K .......... .......... .......... .......... .......... 18% 20.9M 1s
  5050K .......... .......... .......... .......... .......... 18% 22.2M 1s
  5100K .......... .......... .......... .......... .......... 18% 23.0M 1s
  5150K .......... .......... .......... .......... .......... 19% 29.2M 1s
  5200K .......... .......... .......... .......... .......... 19% 22.9M 1s
  5250K .......... .......... .......... .......... .......... 19% 19.8M 1s
  5300K .......... .......... .......... .......... .......... 19% 28.4M 1s
  5350K .......... .......... .......... .......... .......... 19% 23.5M 1s
  5400K .......... .......... .......... .......... .......... 20% 25.5M 1s
  5450K .......... .......... .......... .......... .......... 20% 17.6M 1s
  5500K .......... .......... .......... .......... .......... 20% 27.0M 1s
  5550K .......... .......... .......... .......... .......... 20% 26.8M 1s
  5600K .......... .......... .......... .......... .......... 20% 23.0M 1s
  5650K .......... .......... .......... .......... .......... 21% 22.1M 1s
  5700K .......... .......... .......... .......... .......... 21% 23.9M 1s
  5750K .......... .......... .......... .......... .......... 21% 27.3M 1s
  5800K .......... .......... .......... .......... .......... 21% 26.0M 1s
  5850K .......... .......... .......... .......... .......... 21% 18.5M 1s
  5900K .......... .......... .......... .......... .......... 21% 27.4M 1s
  5950K .......... .......... .......... .......... .......... 22% 23.4M 1s
  6000K .......... .......... .......... .......... .......... 22% 28.3M 1s
  6050K .......... .......... .......... .......... .......... 22% 19.3M 1s
  6100K .......... .......... .......... .......... .......... 22% 26.7M 1s
  6150K .......... .......... .......... .......... .......... 22% 24.2M 1s
  6200K .......... .......... .......... .......... .......... 23% 26.7M 1s
  6250K .......... .......... .......... .......... .......... 23% 22.5M 1s
  6300K .......... .......... .......... .......... .......... 23% 19.6M 1s
  6350K .......... .......... .......... .......... .......... 23% 29.2M 1s
  6400K .......... .......... .......... .......... .......... 23% 23.8M 1s
  6450K .......... .......... .......... .......... .......... 23% 25.2M 1s
  6500K .......... .......... .......... .......... .......... 24% 20.0M 1s
  6550K .......... .......... .......... .......... .......... 24% 27.8M 1s
  6600K .......... .......... .......... .......... .......... 24% 26.8M 1s
  6650K .......... .......... .......... .......... .......... 24% 21.9M 1s
  6700K .......... .......... .......... .......... .......... 24% 21.2M 1s
  6750K .......... .......... .......... .......... .......... 25% 25.6M 1s
  6800K .......... .......... .......... .......... .......... 25% 27.3M 1s
  6850K .......... .......... .......... .......... .......... 25% 23.5M 1s
  6900K .......... .......... .......... .......... .......... 25% 23.2M 1s
  6950K .......... .......... .......... .......... .......... 25% 27.7M 1s
  7000K .......... .......... .......... .......... .......... 26% 24.8M 1s
  7050K .......... .......... .......... .......... .......... 26% 27.6M 1s
  7100K .......... .......... .......... .......... .......... 26% 18.0M 1s
  7150K .......... .......... .......... .......... .......... 26% 28.2M 1s
  7200K .......... .......... .......... .......... .......... 26% 24.2M 1s
  7250K .......... .......... .......... .......... .......... 26% 26.0M 1s
  7300K .......... .......... .......... .......... .......... 27% 31.1M 1s
  7350K .......... .......... .......... .......... .......... 27% 17.7M 1s
  7400K .......... .......... .......... .......... .......... 27% 28.7M 1s
  7450K .......... .......... .......... .......... .......... 27% 28.6M 1s
  7500K .......... .......... .......... .......... .......... 27% 23.1M 1s
  7550K .......... .......... .......... .......... .......... 28% 13.8M 1s
  7600K .......... .......... .......... .......... .......... 28% 26.0M 1s
  7650K .......... .......... .......... .......... .......... 28% 23.9M 1s
  7700K .......... .......... .......... .......... .......... 28% 25.3M 1s
  7750K .......... .......... .......... .......... .......... 28% 17.6M 1s
  7800K .......... .......... .......... .......... .......... 28% 28.4M 1s
  7850K .......... .......... .......... .......... .......... 29% 29.1M 1s
  7900K .......... .......... .......... .......... .......... 29% 21.2M 1s
  7950K .......... .......... .......... .......... .......... 29% 25.8M 1s
  8000K .......... .......... .......... .......... .......... 29% 16.9M 1s
  8050K .......... .......... .......... .......... .......... 29% 27.2M 1s
  8100K .......... .......... .......... .......... .......... 30% 21.9M 1s
  8150K .......... .......... .......... .......... .......... 30% 26.6M 1s
  8200K .......... .......... .......... .......... .......... 30% 17.2M 1s
  8250K .......... .......... .......... .......... .......... 30% 24.0M 1s
  8300K .......... .......... .......... .......... .......... 30% 25.6M 1s
  8350K .......... .......... .......... .......... .......... 30% 23.4M 1s
  8400K .......... .......... .......... .......... .......... 31% 3.53M 1s
  8450K .......... .......... .......... .......... .......... 31% 27.6M 1s
  8500K .......... .......... .......... .......... .......... 31% 23.7M 1s
  8550K .......... .......... .......... .......... .......... 31% 26.4M 1s
  8600K .......... .......... .......... .......... .......... 31% 26.9M 1s
  8650K .......... .......... .......... .......... .......... 32% 18.5M 1s
  8700K .......... .......... .......... .......... .......... 32% 28.7M 1s
  8750K .......... .......... .......... .......... .......... 32% 27.2M 1s
  8800K .......... .......... .......... .......... .......... 32% 22.5M 1s
  8850K .......... .......... .......... .......... .......... 32% 21.5M 1s
  8900K .......... .......... .......... .......... .......... 33% 33.0M 1s
  8950K .......... .......... .......... .......... .......... 33% 28.3M 1s
  9000K .......... .......... .......... .......... .......... 33% 32.5M 1s
  9050K .......... .......... .......... .......... .......... 33% 26.7M 1s
  9100K .......... .......... .......... .......... .......... 33% 18.6M 1s
  9150K .......... .......... .......... .......... .......... 33% 31.5M 1s
  9200K .......... .......... .......... .......... .......... 34% 23.4M 1s
  9250K .......... .......... .......... .......... .......... 34% 27.7M 1s
  9300K .......... .......... .......... .......... .......... 34% 18.3M 1s
  9350K .......... .......... .......... .......... .......... 34% 22.8M 1s
  9400K .......... .......... .......... .......... .......... 34% 28.0M 1s
  9450K .......... .......... .......... .......... .......... 35% 25.2M 1s
  9500K .......... .......... .......... .......... .......... 35% 22.3M 1s
  9550K .......... .......... .......... .......... .......... 35% 20.0M 1s
  9600K .......... .......... .......... .......... .......... 35% 21.8M 1s
  9650K .......... .......... .......... .......... .......... 35% 25.3M 1s
  9700K .......... .......... .......... .......... .......... 35% 24.0M 1s
  9750K .......... .......... .......... .......... .......... 36% 16.8M 1s
  9800K .......... .......... .......... .......... .......... 36% 27.7M 1s
  9850K .......... .......... .......... .......... .......... 36% 25.2M 1s
  9900K .......... .......... .......... .......... .......... 36% 22.7M 1s
  9950K .......... .......... .......... .......... .......... 36% 25.6M 1s
 10000K .......... .......... .......... .......... .......... 37% 16.7M 1s
 10050K .......... .......... .......... .......... .......... 37% 23.3M 1s
 10100K .......... .......... .......... .......... .......... 37% 26.5M 1s
 10150K .......... .......... .......... .......... .......... 37% 22.8M 1s
 10200K .......... .......... .......... .......... .......... 37% 18.4M 1s
 10250K .......... .......... .......... .......... .......... 37% 24.3M 1s
 10300K .......... .......... .......... .......... .......... 38% 24.1M 1s
 10350K .......... .......... .......... .......... .......... 38% 26.9M 1s
 10400K .......... .......... .......... .......... .......... 38% 27.5M 1s
 10450K .......... .......... .......... .......... .......... 38% 15.7M 1s
 10500K .......... .......... .......... .......... .......... 38% 25.7M 1s
 10550K .......... .......... .......... .......... .......... 39% 25.4M 1s
 10600K .......... .......... .......... .......... .......... 39% 20.0M 1s
 10650K .......... .......... .......... .......... .......... 39% 21.1M 1s
 10700K .......... .......... .......... .......... .......... 39% 27.8M 1s
 10750K .......... .......... .......... .......... .......... 39% 22.3M 1s
 10800K .......... .......... .......... .......... .......... 40% 25.8M 1s
 10850K .......... .......... .......... .......... .......... 40% 20.5M 1s
 10900K .......... .......... .......... .......... .......... 40% 5.36M 1s
 10950K .......... .......... .......... .......... .......... 40% 28.0M 1s
 11000K .......... .......... .......... .......... .......... 40% 21.6M 1s
 11050K .......... .......... .......... .......... .......... 40% 25.9M 1s
 11100K .......... .......... .......... .......... .......... 41% 1.71M 1s
 11150K .......... .......... .......... .......... .......... 41% 25.6M 1s
 11200K .......... .......... .......... .......... .......... 41% 32.6M 1s
 11250K .......... .......... .......... .......... .......... 41% 30.9M 1s
 11300K .......... .......... .......... .......... .......... 41% 26.2M 1s
 11350K .......... .......... .......... .......... .......... 42% 3.93M 1s
 11400K .......... .......... .......... .......... .......... 42% 25.7M 1s
 11450K .......... .......... .......... .......... .......... 42% 30.5M 1s
 11500K .......... .......... .......... .......... .......... 42% 30.4M 1s
 11550K .......... .......... .......... .......... .......... 42% 6.89M 1s
 11600K .......... .......... .......... .......... .......... 42% 24.2M 1s
 11650K .......... .......... .......... .......... .......... 43% 23.8M 1s
 11700K .......... .......... .......... .......... .......... 43% 25.5M 1s
 11750K .......... .......... .......... .......... .......... 43% 3.70M 1s
 11800K .......... .......... .......... .......... .......... 43% 19.0M 1s
 11850K .......... .......... .......... .......... .......... 43% 26.1M 1s
 11900K .......... .......... .......... .......... .......... 44% 30.7M 1s
 11950K .......... .......... .......... .......... .......... 44% 26.6M 1s
 12000K .......... .......... .......... .......... .......... 44% 4.31M 1s
 12050K .......... .......... .......... .......... .......... 44% 31.0M 1s
 12100K .......... .......... .......... .......... .......... 44% 28.2M 1s
 12150K .......... .......... .......... .......... .......... 45% 31.4M 1s
 12200K .......... .......... .......... .......... .......... 45% 30.6M 1s
 12250K .......... .......... .......... .......... .......... 45% 5.49M 1s
 12300K .......... .......... .......... .......... .......... 45% 31.2M 1s
 12350K .......... .......... .......... .......... .......... 45% 31.4M 1s
 12400K .......... .......... .......... .......... .......... 45% 28.7M 1s
 12450K .......... .......... .......... .......... .......... 46% 24.8M 1s
 12500K .......... .......... .......... .......... .......... 46% 34.1M 1s
 12550K .......... .......... .......... .......... .......... 46% 28.9M 1s
 12600K .......... .......... .......... .......... .......... 46% 32.9M 1s
 12650K .......... .......... .......... .......... .......... 46% 21.5M 1s
 12700K .......... .......... .......... .......... .......... 47% 25.5M 1s
 12750K .......... .......... .......... .......... .......... 47% 30.4M 1s
 12800K .......... .......... .......... .......... .......... 47% 27.0M 1s
 12850K .......... .......... .......... .......... .......... 47% 22.0M 1s
 12900K .......... .......... .......... .......... .......... 47% 33.7M 1s
 12950K .......... .......... .......... .......... .......... 47% 31.1M 1s
 13000K .......... .......... .......... .......... .......... 48% 31.3M 1s
 13050K .......... .......... .......... .......... .......... 48% 34.1M 1s
 13100K .......... .......... .......... .......... .......... 48% 20.0M 1s
 13150K .......... .......... .......... .......... .......... 48% 30.6M 1s
 13200K .......... .......... .......... .......... .......... 48% 30.8M 1s
 13250K .......... .......... .......... .......... .......... 49% 26.7M 1s
 13300K .......... .......... .......... .......... .......... 49% 19.9M 1s
 13350K .......... .......... .......... .......... .......... 49% 27.4M 1s
 13400K .......... .......... .......... .......... .......... 49% 27.2M 1s
 13450K .......... .......... .......... .......... .......... 49% 27.6M 1s
 13500K .......... .......... .......... .......... .......... 49% 23.6M 1s
 13550K .......... .......... .......... .......... .......... 50% 29.7M 1s
 13600K .......... .......... .......... .......... .......... 50% 26.9M 1s
 13650K .......... .......... .......... .......... .......... 50% 30.2M 1s
 13700K .......... .......... .......... .......... .......... 50% 31.0M 1s
 13750K .......... .......... .......... .......... .......... 50% 21.0M 1s
 13800K .......... .......... .......... .......... .......... 51% 32.2M 1s
 13850K .......... .......... .......... .......... .......... 51% 32.1M 1s
 13900K .......... .......... .......... .......... .......... 51% 27.1M 1s
 13950K .......... .......... .......... .......... .......... 51% 19.7M 1s
 14000K .......... .......... .......... .......... .......... 51% 31.2M 1s
 14050K .......... .......... .......... .......... .......... 52% 25.8M 1s
 14100K .......... .......... .......... .......... .......... 52% 32.7M 1s
 14150K .......... .......... .......... .......... .......... 52% 25.7M 1s
 14200K .......... .......... .......... .......... .......... 52% 7.62M 1s
 14250K .......... .......... .......... .......... .......... 52% 31.8M 1s
 14300K .......... .......... .......... .......... .......... 52% 25.2M 1s
 14350K .......... .......... .......... .......... .......... 53% 31.2M 1s
 14400K .......... .......... .......... .......... .......... 53% 24.1M 1s
 14450K .......... .......... .......... .......... .......... 53% 26.7M 1s
 14500K .......... .......... .......... .......... .......... 53% 32.3M 1s
 14550K .......... .......... .......... .......... .......... 53% 26.6M 1s
 14600K .......... .......... .......... .......... .......... 54% 31.8M 1s
 14650K .......... .......... .......... .......... .......... 54% 18.3M 1s
 14700K .......... .......... .......... .......... .......... 54% 27.1M 1s
 14750K .......... .......... .......... .......... .......... 54% 31.0M 1s
 14800K .......... .......... .......... .......... .......... 54% 31.9M 1s
 14850K .......... .......... .......... .......... .......... 54% 17.8M 1s
 14900K .......... .......... .......... .......... .......... 55% 33.9M 1s
 14950K .......... .......... .......... .......... .......... 55% 33.3M 1s
 15000K .......... .......... .......... .......... .......... 55% 23.5M 1s
 15050K .......... .......... .......... .......... .......... 55% 33.2M 1s
 15100K .......... .......... .......... .......... .......... 55% 4.10M 1s
 15150K .......... .......... .......... .......... .......... 56% 26.4M 1s
 15200K .......... .......... .......... .......... .......... 56% 30.6M 1s
 15250K .......... .......... .......... .......... .......... 56% 25.7M 1s
 15300K .......... .......... .......... .......... .......... 56% 3.71M 1s
 15350K .......... .......... .......... .......... .......... 56% 33.4M 1s
 15400K .......... .......... .......... .......... .......... 56% 26.2M 1s
 15450K .......... .......... .......... .......... .......... 57% 34.1M 1s
 15500K .......... .......... .......... .......... .......... 57% 31.4M 1s
 15550K .......... .......... .......... .......... .......... 57% 5.07M 1s
 15600K .......... .......... .......... .......... .......... 57% 30.8M 1s
 15650K .......... .......... .......... .......... .......... 57% 32.5M 1s
 15700K .......... .......... .......... .......... .......... 58% 27.5M 1s
 15750K .......... .......... .......... .......... .......... 58% 7.21M 1s
 15800K .......... .......... .......... .......... .......... 58% 30.7M 1s
 15850K .......... .......... .......... .......... .......... 58% 28.3M 1s
 15900K .......... .......... .......... .......... .......... 58% 32.1M 1s
 15950K .......... .......... .......... .......... .......... 59% 31.0M 1s
 16000K .......... .......... .......... .......... .......... 59% 23.4M 1s
 16050K .......... .......... .......... .......... .......... 59% 33.6M 1s
 16100K .......... .......... .......... .......... .......... 59% 28.7M 1s
 16150K .......... .......... .......... .......... .......... 59% 34.2M 1s
 16200K .......... .......... .......... .......... .......... 59% 21.9M 1s
 16250K .......... .......... .......... .......... .......... 60% 28.2M 1s
 16300K .......... .......... .......... .......... .......... 60% 32.1M 1s
 16350K .......... .......... .......... .......... .......... 60% 28.7M 1s
 16400K .......... .......... .......... .......... .......... 60% 25.5M 1s
 16450K .......... .......... .......... .......... .......... 60% 32.5M 1s
 16500K .......... .......... .......... .......... .......... 61% 29.4M 1s
 16550K .......... .......... .......... .......... .......... 61% 32.2M 1s
 16600K .......... .......... .......... .......... .......... 61% 33.1M 1s
 16650K .......... .......... .......... .......... .......... 61% 22.5M 1s
 16700K .......... .......... .......... .......... .......... 61% 33.4M 1s
 16750K .......... .......... .......... .......... .......... 61% 33.0M 1s
 16800K .......... .......... .......... .......... .......... 62% 28.2M 1s
 16850K .......... .......... .......... .......... .......... 62% 25.7M 1s
 16900K .......... .......... .......... .......... .......... 62% 33.7M 1s
 16950K .......... .......... .......... .......... .......... 62% 28.8M 1s
 17000K .......... .......... .......... .......... .......... 62% 33.2M 1s
 17050K .......... .......... .......... .......... .......... 63% 29.1M 1s
 17100K .......... .......... .......... .......... .......... 63% 25.3M 1s
 17150K .......... .......... .......... .......... .......... 63% 32.7M 0s
 17200K .......... .......... .......... .......... .......... 63% 29.0M 0s
 17250K .......... .......... .......... .......... .......... 63% 33.0M 0s
 17300K .......... .......... .......... .......... .......... 64% 23.3M 0s
 17350K .......... .......... .......... .......... .......... 64% 34.4M 0s
 17400K .......... .......... .......... .......... .......... 64% 28.0M 0s
 17450K .......... .......... .......... .......... .......... 64% 32.7M 0s
 17500K .......... .......... .......... .......... .......... 64% 27.7M 0s
 17550K .......... .......... .......... .......... .......... 64% 29.0M 0s
 17600K .......... .......... .......... .......... .......... 65% 33.3M 0s
 17650K .......... .......... .......... .......... .......... 65% 28.4M 0s
 17700K .......... .......... .......... .......... .......... 65% 27.1M 0s
 17750K .......... .......... .......... .......... .......... 65% 29.0M 0s
 17800K .......... .......... .......... .......... .......... 65% 32.6M 0s
 17850K .......... .......... .......... .......... .......... 66% 29.0M 0s
 17900K .......... .......... .......... .......... .......... 66% 32.1M 0s
 17950K .......... .......... .......... .......... .......... 66% 24.7M 0s
 18000K .......... .......... .......... .......... .......... 66% 29.3M 0s
 18050K .......... .......... .......... .......... .......... 66% 32.7M 0s
 18100K .......... .......... .......... .......... .......... 66% 33.4M 0s
 18150K .......... .......... .......... .......... .......... 67% 23.0M 0s
 18200K .......... .......... .......... .......... .......... 67% 32.2M 0s
 18250K .......... .......... .......... .......... .......... 67% 27.6M 0s
 18300K .......... .......... .......... .......... .......... 67% 32.9M 0s
 18350K .......... .......... .......... .......... .......... 67% 23.6M 0s
 18400K .......... .......... .......... .......... .......... 68% 32.6M 0s
 18450K .......... .......... .......... .......... .......... 68% 33.6M 0s
 18500K .......... .......... .......... .......... .......... 68% 28.4M 0s
 18550K .......... .......... .......... .......... .......... 68% 27.6M 0s
 18600K .......... .......... .......... .......... .......... 68% 27.5M 0s
 18650K .......... .......... .......... .......... .......... 68% 31.9M 0s
 18700K .......... .......... .......... .......... .......... 69% 33.1M 0s
 18750K .......... .......... .......... .......... .......... 69% 23.1M 0s
 18800K .......... .......... .......... .......... .......... 69% 33.4M 0s
 18850K .......... .......... .......... .......... .......... 69% 28.1M 0s
 18900K .......... .......... .......... .......... .......... 69% 33.3M 0s
 18950K .......... .......... .......... .......... .......... 70% 24.2M 0s
 19000K .......... .......... .......... .......... .......... 70% 33.3M 0s
 19050K .......... .......... .......... .......... .......... 70% 33.7M 0s
 19100K .......... .......... .......... .......... .......... 70% 27.9M 0s
 19150K .......... .......... .......... .......... .......... 70% 34.4M 0s
 19200K .......... .......... .......... .......... .......... 71% 23.4M 0s
 19250K .......... .......... .......... .......... .......... 71% 32.7M 0s
 19300K .......... .......... .......... .......... .......... 71% 29.3M 0s
 19350K .......... .......... .......... .......... .......... 71% 27.5M 0s
 19400K .......... .......... .......... .......... .......... 71% 32.6M 0s
 19450K .......... .......... .......... .......... .......... 71% 28.5M 0s
 19500K .......... .......... .......... .......... .......... 72% 33.0M 0s
 19550K .......... .......... .......... .......... .......... 72% 27.8M 0s
 19600K .......... .......... .......... .......... .......... 72% 21.5M 0s
 19650K .......... .......... .......... .......... .......... 72% 40.4M 0s
 19700K .......... .......... .......... .......... .......... 72% 31.8M 0s
 19750K .......... .......... .......... .......... .......... 73% 27.7M 0s
 19800K .......... .......... .......... .......... .......... 73% 25.4M 0s
 19850K .......... .......... .......... .......... .......... 73% 33.3M 0s
 19900K .......... .......... .......... .......... .......... 73% 28.8M 0s
 19950K .......... .......... .......... .......... .......... 73% 32.4M 0s
 20000K .......... .......... .......... .......... .......... 73% 33.0M 0s
 20050K .......... .......... .......... .......... .......... 74% 21.5M 0s
 20100K .......... .......... .......... .......... .......... 74% 33.6M 0s
 20150K .......... .......... .......... .......... .......... 74% 32.9M 0s
 20200K .......... .......... .......... .......... .......... 74% 29.1M 0s
 20250K .......... .......... .......... .......... .......... 74% 25.9M 0s
 20300K .......... .......... .......... .......... .......... 75% 30.5M 0s
 20350K .......... .......... .......... .......... .......... 75% 27.9M 0s
 20400K .......... .......... .......... .......... .......... 75% 32.7M 0s
 20450K .......... .......... .......... .......... .......... 75% 27.8M 0s
 20500K .......... .......... .......... .......... .......... 75% 25.4M 0s
 20550K .......... .......... .......... .......... .......... 75% 33.8M 0s
 20600K .......... .......... .......... .......... .......... 76% 27.8M 0s
 20650K .......... .......... .......... .......... .......... 76% 32.7M 0s
 20700K .......... .......... .......... .......... .......... 76% 23.7M 0s
 20750K .......... .......... .......... .......... .......... 76% 29.0M 0s
 20800K .......... .......... .......... .......... .......... 76% 32.7M 0s
 20850K .......... .......... .......... .......... .......... 77% 32.4M 0s
 20900K .......... .......... .......... .......... .......... 77% 29.5M 0s
 20950K .......... .......... .......... .......... .......... 77% 24.6M 0s
 21000K .......... .......... .......... .......... .......... 77% 29.2M 0s
 21050K .......... .......... .......... .......... .......... 77% 33.9M 0s
 21100K .......... .......... .......... .......... .......... 78% 33.4M 0s
 21150K .......... .......... .......... .......... .......... 78% 21.3M 0s
 21200K .......... .......... .......... .......... .......... 78% 33.0M 0s
 21250K .......... .......... .......... .......... .......... 78% 32.3M 0s
 21300K .......... .......... .......... .......... .......... 78% 28.0M 0s
 21350K .......... .......... .......... .......... .......... 78% 33.0M 0s
 21400K .......... .......... .......... .......... .......... 79% 24.5M 0s
 21450K .......... .......... .......... .......... .......... 79% 28.1M 0s
 21500K .......... .......... .......... .......... .......... 79% 33.8M 0s
 21550K .......... .......... .......... .......... .......... 79% 27.7M 0s
 21600K .......... .......... .......... .......... .......... 79% 21.7M 0s
 21650K .......... .......... .......... .......... .......... 80% 33.1M 0s
 21700K .......... .......... .......... .......... .......... 80% 28.6M 0s
 21750K .......... .......... .......... .......... .......... 80% 32.9M 0s
 21800K .......... .......... .......... .......... .......... 80% 33.1M 0s
 21850K .......... .......... .......... .......... .......... 80% 21.4M 0s
 21900K .......... .......... .......... .......... .......... 80% 32.1M 0s
 21950K .......... .......... .......... .......... .......... 81% 32.8M 0s
 22000K .......... .......... .......... .......... .......... 81% 28.0M 0s
 22050K .......... .......... .......... .......... .......... 81% 25.6M 0s
 22100K .......... .......... .......... .......... .......... 81% 25.8M 0s
 22150K .......... .......... .......... .......... .......... 81% 30.5M 0s
 22200K .......... .......... .......... .......... .......... 82% 32.1M 0s
 22250K .......... .......... .......... .......... .......... 82% 22.2M 0s
 22300K .......... .......... .......... .......... .......... 82% 32.0M 0s
 22350K .......... .......... .......... .......... .......... 82% 28.6M 0s
 22400K .......... .......... .......... .......... .......... 82% 32.7M 0s
 22450K .......... .......... .......... .......... .......... 82% 21.9M 0s
 22500K .......... .......... .......... .......... .......... 83% 31.8M 0s
 22550K .......... .......... .......... .......... .......... 83% 33.4M 0s
 22600K .......... .......... .......... .......... .......... 83% 28.1M 0s
 22650K .......... .......... .......... .......... .......... 83% 32.1M 0s
 22700K .......... .......... .......... .......... .......... 83% 25.2M 0s
 22750K .......... .......... .......... .......... .......... 84% 28.3M 0s
 22800K .......... .......... .......... .......... .......... 84% 33.0M 0s
 22850K .......... .......... .......... .......... .......... 84% 27.8M 0s
 22900K .......... .......... .......... .......... .......... 84% 22.4M 0s
 22950K .......... .......... .......... .......... .......... 84% 32.4M 0s
 23000K .......... .......... .......... .......... .......... 85% 27.9M 0s
 23050K .......... .......... .......... .......... .......... 85% 30.8M 0s
 23100K .......... .......... .......... .......... .......... 85% 2.46M 0s
 23150K .......... .......... .......... .......... .......... 85% 19.8M 0s
 23200K .......... .......... .......... .......... .......... 85% 27.7M 0s
 23250K .......... .......... .......... .......... .......... 85% 34.1M 0s
 23300K .......... .......... .......... .......... .......... 86% 27.6M 0s
 23350K .......... .......... .......... .......... .......... 86% 24.1M 0s
 23400K .......... .......... .......... .......... .......... 86% 30.6M 0s
 23450K .......... .......... .......... .......... .......... 86% 28.3M 0s
 23500K .......... .......... .......... .......... .......... 86% 33.5M 0s
 23550K .......... .......... .......... .......... .......... 87% 29.2M 0s
 23600K .......... .......... .......... .......... .......... 87% 25.2M 0s
 23650K .......... .......... .......... .......... .......... 87% 33.2M 0s
 23700K .......... .......... .......... .......... .......... 87% 30.0M 0s
 23750K .......... .......... .......... .......... .......... 87% 32.0M 0s
 23800K .......... .......... .......... .......... .......... 87% 22.8M 0s
 23850K .......... .......... .......... .......... .......... 88%  506K 0s
 23900K .......... .......... .......... .......... .......... 88%  134M 0s
 23950K .......... .......... .......... .......... .......... 88%  120M 0s
 24000K .......... .......... .......... .......... .......... 88%  120M 0s
 24050K .......... .......... .......... .......... .......... 88%  147M 0s
 24100K .......... .......... .......... .......... .......... 89% 79.0M 0s
 24150K .......... .......... .......... .......... .......... 89%  151M 0s
 24200K .......... .......... .......... .......... .......... 89%  123M 0s
 24250K .......... .......... .......... .......... .......... 89%  133M 0s
 24300K .......... .......... .......... .......... .......... 89%  149M 0s
 24350K .......... .......... .......... .......... .......... 90%  101M 0s
 24400K .......... .......... .......... .......... .......... 90%  127M 0s
 24450K .......... .......... .......... .......... .......... 90%  111M 0s
 24500K .......... .......... .......... .......... .......... 90%  113M 0s
 24550K .......... .......... .......... .......... .......... 90% 1.70M 0s
 24600K .......... .......... .......... .......... .......... 90%  117M 0s
 24650K .......... .......... .......... .......... .......... 91%  153M 0s
 24700K .......... .......... .......... .......... .......... 91%  109M 0s
 24750K .......... .......... .......... .......... .......... 91%  162M 0s
 24800K .......... .......... .......... .......... .......... 91% 80.8M 0s
 24850K .......... .......... .......... .......... .......... 91%  126M 0s
 24900K .......... .......... .......... .......... .......... 92%  141M 0s
 24950K .......... .......... .......... .......... .......... 92% 2.99M 0s
 25000K .......... .......... .......... .......... .......... 92%  141M 0s
 25050K .......... .......... .......... .......... .......... 92%  151M 0s
 25100K .......... .......... .......... .......... .......... 92%  133M 0s
 25150K .......... .......... .......... .......... .......... 92%  141M 0s
 25200K .......... .......... .......... .......... .......... 93%  117M 0s
 25250K .......... .......... .......... .......... .......... 93%  163M 0s
 25300K .......... .......... .......... .......... .......... 93% 17.5M 0s
 25350K .......... .......... .......... .......... .......... 93% 24.1M 0s
 25400K .......... .......... .......... .......... .......... 93% 18.1M 0s
 25450K .......... .......... .......... .......... .......... 94% 5.63M 0s
 25500K .......... .......... .......... .......... .......... 94% 24.0M 0s
 25550K .......... .......... .......... .......... .......... 94%  138M 0s
 25600K .......... .......... .......... .......... .......... 94% 7.13M 0s
 25650K .......... .......... .......... .......... .......... 94% 1.56M 0s
 25700K .......... .......... .......... .......... .......... 94%  111M 0s
 25750K .......... .......... .......... .......... .......... 95%  122M 0s
 25800K .......... .......... .......... .......... .......... 95%  148M 0s
 25850K .......... .......... .......... .......... .......... 95%  156M 0s
 25900K .......... .......... .......... .......... .......... 95%  129M 0s
 25950K .......... .......... .......... .......... .......... 95% 2.14M 0s
 26000K .......... .......... .......... .......... .......... 96%  145M 0s
 26050K .......... .......... .......... .......... .......... 96%  100M 0s
 26100K .......... .......... .......... .......... .......... 96%  151M 0s
 26150K .......... .......... .......... .......... .......... 96%  139M 0s
 26200K .......... .......... .......... .......... .......... 96%  135M 0s
 26250K .......... .......... .......... .......... .......... 97%  107M 0s
 26300K .......... .......... .......... .......... .......... 97%  127M 0s
 26350K .......... .......... .......... .......... .......... 97% 9.96M 0s
 26400K .......... .......... .......... .......... .......... 97% 12.5M 0s
 26450K .......... .......... .......... .......... .......... 97% 9.60M 0s
 26500K .......... .......... .......... .......... .......... 97% 21.6M 0s
 26550K .......... .......... .......... .......... .......... 98%  154M 0s
 26600K .......... .......... .......... .......... .......... 98% 7.35M 0s
 26650K .......... .......... .......... .......... .......... 98% 1.33M 0s
 26700K .......... .......... .......... .......... .......... 98%  146M 0s
 26750K .......... .......... .......... .......... .......... 98%  124M 0s
 26800K .......... .......... .......... .......... .......... 99%  159M 0s
 26850K .......... .......... .......... .......... .......... 99%  134M 0s
 26900K .......... .......... .......... .......... .......... 99%  146M 0s
 26950K .......... .......... .......... .......... .......... 99%  149M 0s
 27000K .......... .......... .......... .......... .......... 99%  114M 0s
 27050K .......... .......... .......... .......... .......... 99%  161M 0s
 27100K ........                                              100%  117M=1.4s

2022-04-19 02:55:02 (18.8 MB/s) - ‘/root/process_mining/trips_tracing/stopsintrip.json’ saved [27759467/27759467]

--2022-04-19 02:55:03--  https://ckan.multimediagdansk.pl/dataset/c24aa637-3619-4dc2-a171-a23eec8f2172/resource/4c4025f0-01bf-41f7-a39f-d156d201b82b/download/stops.json
Resolving ckan.multimediagdansk.pl (ckan.multimediagdansk.pl)... 91.244.248.30
Connecting to ckan.multimediagdansk.pl (ckan.multimediagdansk.pl)|91.244.248.30|:443... connected.
HTTP request sent, awaiting response... 200 OK
Length: 8352641 (8.0M) [application/json]
Saving to: ‘/root/process_mining/trips_tracing/stops.json’

     0K .......... .......... .......... .......... ..........  0%  868K 9s
    50K .......... .......... .......... .......... ..........  1% 1.75M 7s
   100K .......... .......... .......... .......... ..........  1% 52.7M 5s
   150K .......... .......... .......... .......... ..........  2% 1.78M 5s
   200K .......... .......... .......... .......... ..........  3% 62.7M 4s
   250K .......... .......... .......... .......... ..........  3% 73.0M 3s
   300K .......... .......... .......... .......... ..........  4%  115M 3s
   350K .......... .......... .......... .......... ..........  4% 1.88M 3s
   400K .......... .......... .......... .......... ..........  5% 70.7M 2s
   450K .......... .......... .......... .......... ..........  6% 72.3M 2s
   500K .......... .......... .......... .......... ..........  6% 73.7M 2s
   550K .......... .......... .......... .......... ..........  7% 81.4M 2s
   600K .......... .......... .......... .......... ..........  7% 66.5M 2s
   650K .......... .......... .......... .......... ..........  8%  100M 2s
   700K .......... .......... .......... .......... ..........  9%  141M 1s
   750K .......... .......... .......... .......... ..........  9%  159M 1s
   800K .......... .......... .......... .......... .......... 10% 2.04M 1s
   850K .......... .......... .......... .......... .......... 11% 65.5M 1s
   900K .......... .......... .......... .......... .......... 11% 73.2M 1s
   950K .......... .......... .......... .......... .......... 12% 63.0M 1s
  1000K .......... .......... .......... .......... .......... 12% 64.9M 1s
  1050K .......... .......... .......... .......... .......... 13% 70.8M 1s
  1100K .......... .......... .......... .......... .......... 14% 57.9M 1s
  1150K .......... .......... .......... .......... .......... 14% 82.8M 1s
  1200K .......... .......... .......... .......... .......... 15% 56.7M 1s
  1250K .......... .......... .......... .......... .......... 15% 84.8M 1s
  1300K .......... .......... .......... .......... .......... 16% 68.3M 1s
  1350K .......... .......... .......... .......... .......... 17% 93.9M 1s
  1400K .......... .......... .......... .......... .......... 17%  119M 1s
  1450K .......... .......... .......... .......... .......... 18%  126M 1s
  1500K .......... .......... .......... .......... .......... 19%  148M 1s
  1550K .......... .......... .......... .......... .......... 19%  134M 1s
  1600K .......... .......... .......... .......... .......... 20%  130M 1s
  1650K .......... .......... .......... .......... .......... 20% 2.57M 1s
  1700K .......... .......... .......... .......... .......... 21% 79.8M 1s
  1750K .......... .......... .......... .......... .......... 22% 91.6M 1s
  1800K .......... .......... .......... .......... .......... 22% 99.8M 1s
  1850K .......... .......... .......... .......... .......... 23% 86.2M 1s
  1900K .......... .......... .......... .......... .......... 23%  121M 1s
  1950K .......... .......... .......... .......... .......... 24% 67.6M 1s
  2000K .......... .......... .......... .......... .......... 25% 89.3M 1s
  2050K .......... .......... .......... .......... .......... 25% 93.7M 1s
  2100K .......... .......... .......... .......... .......... 26% 78.9M 1s
  2150K .......... .......... .......... .......... .......... 26% 97.2M 1s
  2200K .......... .......... .......... .......... .......... 27% 85.9M 1s
  2250K .......... .......... .......... .......... .......... 28% 94.0M 1s
  2300K .......... .......... .......... .......... .......... 28% 95.5M 1s
  2350K .......... .......... .......... .......... .......... 29% 80.8M 0s
  2400K .......... .......... .......... .......... .......... 30% 98.5M 0s
  2450K .......... .......... .......... .......... .......... 30% 81.1M 0s
  2500K .......... .......... .......... .......... .......... 31% 94.8M 0s
  2550K .......... .......... .......... .......... .......... 31%  104M 0s
  2600K .......... .......... .......... .......... .......... 32% 77.9M 0s
  2650K .......... .......... .......... .......... .......... 33%  110M 0s
  2700K .......... .......... .......... .......... .......... 33% 82.3M 0s
  2750K .......... .......... .......... .......... .......... 34%  124M 0s
  2800K .......... .......... .......... .......... .......... 34%  129M 0s
  2850K .......... .......... .......... .......... .......... 35%  113M 0s
  2900K .......... .......... .......... .......... .......... 36% 51.4M 0s
  2950K .......... .......... .......... .......... .......... 36% 28.9M 0s
  3000K .......... .......... .......... .......... .......... 37% 32.3M 0s
  3050K .......... .......... .......... .......... .......... 38% 28.8M 0s
  3100K .......... .......... .......... .......... .......... 38% 34.6M 0s
  3150K .......... .......... .......... .......... .......... 39% 33.3M 0s
  3200K .......... .......... .......... .......... .......... 39% 28.9M 0s
  3250K .......... .......... .......... .......... .......... 40% 9.55M 0s
  3300K .......... .......... .......... .......... .......... 41% 94.4M 0s
  3350K .......... .......... .......... .......... .......... 41%  101M 0s
  3400K .......... .......... .......... .......... .......... 42% 54.2M 0s
  3450K .......... .......... .......... .......... .......... 42% 15.6M 0s
  3500K .......... .......... .......... .......... .......... 43% 18.8M 0s
  3550K .......... .......... .......... .......... .......... 44% 18.5M 0s
  3600K .......... .......... .......... .......... .......... 44% 19.3M 0s
  3650K .......... .......... .......... .......... .......... 45% 24.5M 0s
  3700K .......... .......... .......... .......... .......... 45% 22.2M 0s
  3750K .......... .......... .......... .......... .......... 46% 28.6M 0s
  3800K .......... .......... .......... .......... .......... 47% 25.5M 0s
  3850K .......... .......... .......... .......... .......... 47% 22.4M 0s
  3900K .......... .......... .......... .......... .......... 48% 33.4M 0s
  3950K .......... .......... .......... .......... .......... 49% 28.0M 0s
  4000K .......... .......... .......... .......... .......... 49% 31.9M 0s
  4050K .......... .......... .......... .......... .......... 50% 25.1M 0s
  4100K .......... .......... .......... .......... .......... 50% 26.2M 0s
  4150K .......... .......... .......... .......... .......... 51% 29.8M 0s
  4200K .......... .......... .......... .......... .......... 52% 24.8M 0s
  4250K .......... .......... .......... .......... .......... 52% 8.22M 0s
  4300K .......... .......... .......... .......... .......... 53%  139M 0s
  4350K .......... .......... .......... .......... .......... 53%  116M 0s
  4400K .......... .......... .......... .......... .......... 54% 34.0M 0s
  4450K .......... .......... .......... .......... .......... 55% 47.5M 0s
  4500K .......... .......... .......... .......... .......... 55% 29.5M 0s
  4550K .......... .......... .......... .......... .......... 56% 33.1M 0s
  4600K .......... .......... .......... .......... .......... 57% 35.2M 0s
  4650K .......... .......... .......... .......... .......... 57% 32.8M 0s
  4700K .......... .......... .......... .......... .......... 58% 27.9M 0s
  4750K .......... .......... .......... .......... .......... 58% 31.8M 0s
  4800K .......... .......... .......... .......... .......... 59% 32.1M 0s
  4850K .......... .......... .......... .......... .......... 60% 27.4M 0s
  4900K .......... .......... .......... .......... .......... 60% 30.9M 0s
  4950K .......... .......... .......... .......... .......... 61% 26.4M 0s
  5000K .......... .......... .......... .......... .......... 61% 32.8M 0s
  5050K .......... .......... .......... .......... .......... 62% 30.8M 0s
  5100K .......... .......... .......... .......... .......... 63% 28.8M 0s
  5150K .......... .......... .......... .......... .......... 63% 33.1M 0s
  5200K .......... .......... .......... .......... .......... 64% 28.4M 0s
  5250K .......... .......... .......... .......... .......... 64% 30.8M 0s
  5300K .......... .......... .......... .......... .......... 65% 29.2M 0s
  5350K .......... .......... .......... .......... .......... 66% 27.4M 0s
  5400K .......... .......... .......... .......... .......... 66% 33.3M 0s
  5450K .......... .......... .......... .......... .......... 67% 27.2M 0s
  5500K .......... .......... .......... .......... .......... 68% 32.6M 0s
  5550K .......... .......... .......... .......... .......... 68% 31.3M 0s
  5600K .......... .......... .......... .......... .......... 69% 27.5M 0s
  5650K .......... .......... .......... .......... .......... 69% 29.2M 0s
  5700K .......... .......... .......... .......... .......... 70% 29.7M 0s
  5750K .......... .......... .......... .......... .......... 71% 29.6M 0s
  5800K .......... .......... .......... .......... .......... 71% 31.2M 0s
  5850K .......... .......... .......... .......... .......... 72% 26.7M 0s
  5900K .......... .......... .......... .......... .......... 72% 31.4M 0s
  5950K .......... .......... .......... .......... .......... 73% 28.4M 0s
  6000K .......... .......... .......... .......... .......... 74% 30.8M 0s
  6050K .......... .......... .......... .......... .......... 74% 30.6M 0s
  6100K .......... .......... .......... .......... .......... 75% 27.5M 0s
  6150K .......... .......... .......... .......... .......... 76% 29.1M 0s
  6200K .......... .......... .......... .......... .......... 76% 27.7M 0s
  6250K .......... .......... .......... .......... .......... 77% 33.1M 0s
  6300K .......... .......... .......... .......... .......... 77% 30.0M 0s
  6350K .......... .......... .......... .......... .......... 78% 26.6M 0s
  6400K .......... .......... .......... .......... .......... 79% 30.0M 0s
  6450K .......... .......... .......... .......... .......... 79% 27.1M 0s
  6500K .......... .......... .......... .......... .......... 80% 32.1M 0s
  6550K .......... .......... .......... .......... .......... 80% 30.6M 0s
  6600K .......... .......... .......... .......... .......... 81% 26.7M 0s
  6650K .......... .......... .......... .......... .......... 82% 30.9M 0s
  6700K .......... .......... .......... .......... .......... 82% 27.4M 0s
  6750K .......... .......... .......... .......... .......... 83% 29.4M 0s
  6800K .......... .......... .......... .......... .......... 83% 32.2M 0s
  6850K .......... .......... .......... .......... .......... 84% 27.4M 0s
  6900K .......... .......... .......... .......... .......... 85% 30.3M 0s
  6950K .......... .......... .......... .......... .......... 85% 27.8M 0s
  7000K .......... .......... .......... .......... .......... 86% 31.5M 0s
  7050K .......... .......... .......... .......... .......... 87% 30.9M 0s
  7100K .......... .......... .......... .......... .......... 87% 26.9M 0s
  7150K .......... .......... .......... .......... .......... 88% 27.6M 0s
  7200K .......... .......... .......... .......... .......... 88% 29.0M 0s
  7250K .......... .......... .......... .......... .......... 89% 28.6M 0s
  7300K .......... .......... .......... .......... .......... 90% 31.6M 0s
  7350K .......... .......... .......... .......... .......... 90% 25.9M 0s
  7400K .......... .......... .......... .......... .......... 91% 30.6M 0s
  7450K .......... .......... .......... .......... .......... 91% 27.0M 0s
  7500K .......... .......... .......... .......... .......... 92% 30.0M 0s
  7550K .......... .......... .......... .......... .......... 93% 21.8M 0s
  7600K .......... .......... .......... .......... .......... 93% 43.0M 0s
  7650K .......... .......... .......... .......... .......... 94% 30.6M 0s
  7700K .......... .......... .......... .......... .......... 95% 19.1M 0s
  7750K .......... .......... .......... .......... .......... 95% 57.9M 0s
  7800K .......... .......... .......... .......... .......... 96% 32.0M 0s
  7850K .......... .......... .......... .......... .......... 96% 27.0M 0s
  7900K .......... .......... .......... .......... .......... 97% 29.3M 0s
  7950K .......... .......... .......... .......... .......... 98% 27.8M 0s
  8000K .......... .......... .......... .......... .......... 98% 28.6M 0s
  8050K .......... .......... .......... .......... .......... 99% 30.2M 0s
  8100K .......... .......... .......... .......... .......... 99% 26.8M 0s
  8150K ......                                                100% 51.6M=0.4s

2022-04-19 02:55:03 (20.3 MB/s) - ‘/root/process_mining/trips_tracing/stops.json’ saved [8352641/8352641]

--2022-04-19 02:55:03--  https://files.cloudgdansk.pl/d/otwarte-dane/ztm/baza-pojazdow.json?v=2
Resolving files.cloudgdansk.pl (files.cloudgdansk.pl)... 153.19.238.147
Connecting to files.cloudgdansk.pl (files.cloudgdansk.pl)|153.19.238.147|:443... connected.
HTTP request sent, awaiting response... 200 OK
Length: 279155 (273K) [application/json]
Saving to: ‘/root/process_mining/trips_tracing/baza-pojazdow.json’

     0K .......... .......... .......... .......... .......... 18% 1.71M 0s
    50K .......... .......... .......... .......... .......... 36% 1.71M 0s
   100K .......... .......... .......... .......... .......... 55%  131M 0s
   150K .......... .......... .......... .......... .......... 73%  145M 0s
   200K .......... .......... .......... .......... .......... 91% 1.73M 0s
   250K .......... .......... ..                              100%  173M=0.09s

2022-04-19 02:55:04 (3.09 MB/s) - ‘/root/process_mining/trips_tracing/baza-pojazdow.json’ saved [279155/279155]

