--2022-04-19 00:00:01--  https://files.cloudgdansk.pl/d/otwarte-dane/ztm/bsk.json
Resolving files.cloudgdansk.pl (files.cloudgdansk.pl)... 153.19.238.147
Connecting to files.cloudgdansk.pl (files.cloudgdansk.pl)|153.19.238.147|:443... connected.
HTTP request sent, awaiting response... 200 OK
Length: 2779 (2.7K) [application/json]
Saving to: ‘/root/process_mining/announcements/data/19_04_2022/ann19.04.2022-00-00-01.json’

     0K ..                                                    100%  471M=0s

2022-04-19 00:00:01 (471 MB/s) - ‘/root/process_mining/announcements/data/19_04_2022/ann19.04.2022-00-00-01.json’ saved [2779/2779]

--2022-04-19 00:10:01--  https://files.cloudgdansk.pl/d/otwarte-dane/ztm/bsk.json
Resolving files.cloudgdansk.pl (files.cloudgdansk.pl)... 153.19.238.147
Connecting to files.cloudgdansk.pl (files.cloudgdansk.pl)|153.19.238.147|:443... connected.
HTTP request sent, awaiting response... 200 OK
Length: 2779 (2.7K) [application/json]
Saving to: ‘/root/process_mining/announcements/data/19_04_2022/ann19.04.2022-00-10-01.json’

     0K ..                                                    100%  508M=0s

2022-04-19 00:10:02 (508 MB/s) - ‘/root/process_mining/announcements/data/19_04_2022/ann19.04.2022-00-10-01.json’ saved [2779/2779]

--2022-04-19 00:20:01--  https://files.cloudgdansk.pl/d/otwarte-dane/ztm/bsk.json
Resolving files.cloudgdansk.pl (files.cloudgdansk.pl)... 153.19.238.147
Connecting to files.cloudgdansk.pl (files.cloudgdansk.pl)|153.19.238.147|:443... connected.
HTTP request sent, awaiting response... 200 OK
Length: 2779 (2.7K) [application/json]
Saving to: ‘/root/process_mining/announcements/data/19_04_2022/ann19.04.2022-00-20-01.json’

     0K ..                                                    100%  498M=0s

2022-04-19 00:20:01 (498 MB/s) - ‘/root/process_mining/announcements/data/19_04_2022/ann19.04.2022-00-20-01.json’ saved [2779/2779]

--2022-04-19 00:30:01--  https://files.cloudgdansk.pl/d/otwarte-dane/ztm/bsk.json
Resolving files.cloudgdansk.pl (files.cloudgdansk.pl)... 153.19.238.147
Connecting to files.cloudgdansk.pl (files.cloudgdansk.pl)|153.19.238.147|:443... connected.
HTTP request sent, awaiting response... 200 OK
Length: 2779 (2.7K) [application/json]
Saving to: ‘/root/process_mining/announcements/data/19_04_2022/ann19.04.2022-00-30-01.json’

     0K ..                                                    100%  529M=0s

2022-04-19 00:30:02 (529 MB/s) - ‘/root/process_mining/announcements/data/19_04_2022/ann19.04.2022-00-30-01.json’ saved [2779/2779]

--2022-04-19 00:40:01--  https://files.cloudgdansk.pl/d/otwarte-dane/ztm/bsk.json
Resolving files.cloudgdansk.pl (files.cloudgdansk.pl)... 153.19.238.147
Connecting to files.cloudgdansk.pl (files.cloudgdansk.pl)|153.19.238.147|:443... connected.
HTTP request sent, awaiting response... 200 OK
Length: 2779 (2.7K) [application/json]
Saving to: ‘/root/process_mining/announcements/data/19_04_2022/ann19.04.2022-00-40-01.json’

     0K ..                                                    100%  477M=0s

2022-04-19 00:40:01 (477 MB/s) - ‘/root/process_mining/announcements/data/19_04_2022/ann19.04.2022-00-40-01.json’ saved [2779/2779]

--2022-04-19 00:50:01--  https://files.cloudgdansk.pl/d/otwarte-dane/ztm/bsk.json
Resolving files.cloudgdansk.pl (files.cloudgdansk.pl)... 153.19.238.147
Connecting to files.cloudgdansk.pl (files.cloudgdansk.pl)|153.19.238.147|:443... connected.
HTTP request sent, awaiting response... 200 OK
Length: 2779 (2.7K) [application/json]
Saving to: ‘/root/process_mining/announcements/data/19_04_2022/ann19.04.2022-00-50-01.json’

     0K ..                                                    100%  484M=0s

2022-04-19 00:50:02 (484 MB/s) - ‘/root/process_mining/announcements/data/19_04_2022/ann19.04.2022-00-50-01.json’ saved [2779/2779]

--2022-04-19 01:00:01--  https://files.cloudgdansk.pl/d/otwarte-dane/ztm/bsk.json
Resolving files.cloudgdansk.pl (files.cloudgdansk.pl)... 153.19.238.147
Connecting to files.cloudgdansk.pl (files.cloudgdansk.pl)|153.19.238.147|:443... connected.
HTTP request sent, awaiting response... 200 OK
Length: 2779 (2.7K) [application/json]
Saving to: ‘/root/process_mining/announcements/data/19_04_2022/ann19.04.2022-01-00-01.json’

     0K ..                                                    100%  511M=0s

2022-04-19 01:00:02 (511 MB/s) - ‘/root/process_mining/announcements/data/19_04_2022/ann19.04.2022-01-00-01.json’ saved [2779/2779]

--2022-04-19 01:10:01--  https://files.cloudgdansk.pl/d/otwarte-dane/ztm/bsk.json
Resolving files.cloudgdansk.pl (files.cloudgdansk.pl)... 153.19.238.147
Connecting to files.cloudgdansk.pl (files.cloudgdansk.pl)|153.19.238.147|:443... connected.
HTTP request sent, awaiting response... 200 OK
Length: 2779 (2.7K) [application/json]
Saving to: ‘/root/process_mining/announcements/data/19_04_2022/ann19.04.2022-01-10-01.json’

     0K ..                                                    100%  504M=0s

2022-04-19 01:10:01 (504 MB/s) - ‘/root/process_mining/announcements/data/19_04_2022/ann19.04.2022-01-10-01.json’ saved [2779/2779]

--2022-04-19 01:20:01--  https://files.cloudgdansk.pl/d/otwarte-dane/ztm/bsk.json
Resolving files.cloudgdansk.pl (files.cloudgdansk.pl)... 153.19.238.147
Connecting to files.cloudgdansk.pl (files.cloudgdansk.pl)|153.19.238.147|:443... connected.
HTTP request sent, awaiting response... 200 OK
Length: 2779 (2.7K) [application/json]
Saving to: ‘/root/process_mining/announcements/data/19_04_2022/ann19.04.2022-01-20-01.json’

     0K ..                                                    100%  424M=0s

2022-04-19 01:20:02 (424 MB/s) - ‘/root/process_mining/announcements/data/19_04_2022/ann19.04.2022-01-20-01.json’ saved [2779/2779]

--2022-04-19 01:30:01--  https://files.cloudgdansk.pl/d/otwarte-dane/ztm/bsk.json
Resolving files.cloudgdansk.pl (files.cloudgdansk.pl)... 153.19.238.147
Connecting to files.cloudgdansk.pl (files.cloudgdansk.pl)|153.19.238.147|:443... connected.
HTTP request sent, awaiting response... 200 OK
Length: 2779 (2.7K) [application/json]
Saving to: ‘/root/process_mining/announcements/data/19_04_2022/ann19.04.2022-01-30-01.json’

     0K ..                                                    100%  504M=0s

2022-04-19 01:30:01 (504 MB/s) - ‘/root/process_mining/announcements/data/19_04_2022/ann19.04.2022-01-30-01.json’ saved [2779/2779]

--2022-04-19 01:40:01--  https://files.cloudgdansk.pl/d/otwarte-dane/ztm/bsk.json
Resolving files.cloudgdansk.pl (files.cloudgdansk.pl)... 153.19.238.147
Connecting to files.cloudgdansk.pl (files.cloudgdansk.pl)|153.19.238.147|:443... connected.
HTTP request sent, awaiting response... 200 OK
Length: 2779 (2.7K) [application/json]
Saving to: ‘/root/process_mining/announcements/data/19_04_2022/ann19.04.2022-01-40-01.json’

     0K ..                                                    100%  465M=0s

2022-04-19 01:40:01 (465 MB/s) - ‘/root/process_mining/announcements/data/19_04_2022/ann19.04.2022-01-40-01.json’ saved [2779/2779]

--2022-04-19 01:50:01--  https://files.cloudgdansk.pl/d/otwarte-dane/ztm/bsk.json
Resolving files.cloudgdansk.pl (files.cloudgdansk.pl)... 153.19.238.147
Connecting to files.cloudgdansk.pl (files.cloudgdansk.pl)|153.19.238.147|:443... connected.
HTTP request sent, awaiting response... 200 OK
Length: 2779 (2.7K) [application/json]
Saving to: ‘/root/process_mining/announcements/data/19_04_2022/ann19.04.2022-01-50-01.json’

     0K ..                                                    100%  517M=0s

2022-04-19 01:50:02 (517 MB/s) - ‘/root/process_mining/announcements/data/19_04_2022/ann19.04.2022-01-50-01.json’ saved [2779/2779]

--2022-04-19 02:00:01--  https://files.cloudgdansk.pl/d/otwarte-dane/ztm/bsk.json
Resolving files.cloudgdansk.pl (files.cloudgdansk.pl)... 153.19.238.147
Connecting to files.cloudgdansk.pl (files.cloudgdansk.pl)|153.19.238.147|:443... connected.
HTTP request sent, awaiting response... 200 OK
Length: 2779 (2.7K) [application/json]
Saving to: ‘/root/process_mining/announcements/data/19_04_2022/ann19.04.2022-02-00-01.json’

     0K ..                                                    100%  467M=0s

2022-04-19 02:00:01 (467 MB/s) - ‘/root/process_mining/announcements/data/19_04_2022/ann19.04.2022-02-00-01.json’ saved [2779/2779]

--2022-04-19 02:10:01--  https://files.cloudgdansk.pl/d/otwarte-dane/ztm/bsk.json
Resolving files.cloudgdansk.pl (files.cloudgdansk.pl)... 153.19.238.147
Connecting to files.cloudgdansk.pl (files.cloudgdansk.pl)|153.19.238.147|:443... connected.
HTTP request sent, awaiting response... 200 OK
Length: 2779 (2.7K) [application/json]
Saving to: ‘/root/process_mining/announcements/data/19_04_2022/ann19.04.2022-02-10-01.json’

     0K ..                                                    100%  538M=0s

2022-04-19 02:10:02 (538 MB/s) - ‘/root/process_mining/announcements/data/19_04_2022/ann19.04.2022-02-10-01.json’ saved [2779/2779]

--2022-04-19 02:20:01--  https://files.cloudgdansk.pl/d/otwarte-dane/ztm/bsk.json
Resolving files.cloudgdansk.pl (files.cloudgdansk.pl)... 153.19.238.147
Connecting to files.cloudgdansk.pl (files.cloudgdansk.pl)|153.19.238.147|:443... connected.
HTTP request sent, awaiting response... 200 OK
Length: 2779 (2.7K) [application/json]
Saving to: ‘/root/process_mining/announcements/data/19_04_2022/ann19.04.2022-02-20-01.json’

     0K ..                                                    100%  484M=0s

2022-04-19 02:20:01 (484 MB/s) - ‘/root/process_mining/announcements/data/19_04_2022/ann19.04.2022-02-20-01.json’ saved [2779/2779]

--2022-04-19 02:30:01--  https://files.cloudgdansk.pl/d/otwarte-dane/ztm/bsk.json
Resolving files.cloudgdansk.pl (files.cloudgdansk.pl)... 153.19.238.147
Connecting to files.cloudgdansk.pl (files.cloudgdansk.pl)|153.19.238.147|:443... connected.
HTTP request sent, awaiting response... 200 OK
Length: 2779 (2.7K) [application/json]
Saving to: ‘/root/process_mining/announcements/data/19_04_2022/ann19.04.2022-02-30-01.json’

     0K ..                                                    100%  480M=0s

2022-04-19 02:30:02 (480 MB/s) - ‘/root/process_mining/announcements/data/19_04_2022/ann19.04.2022-02-30-01.json’ saved [2779/2779]

--2022-04-19 02:40:01--  https://files.cloudgdansk.pl/d/otwarte-dane/ztm/bsk.json
Resolving files.cloudgdansk.pl (files.cloudgdansk.pl)... 153.19.238.147
Connecting to files.cloudgdansk.pl (files.cloudgdansk.pl)|153.19.238.147|:443... connected.
HTTP request sent, awaiting response... 200 OK
Length: 2779 (2.7K) [application/json]
Saving to: ‘/root/process_mining/announcements/data/19_04_2022/ann19.04.2022-02-40-01.json’

     0K ..                                                    100%  495M=0s

2022-04-19 02:40:01 (495 MB/s) - ‘/root/process_mining/announcements/data/19_04_2022/ann19.04.2022-02-40-01.json’ saved [2779/2779]

--2022-04-19 02:50:01--  https://files.cloudgdansk.pl/d/otwarte-dane/ztm/bsk.json
Resolving files.cloudgdansk.pl (files.cloudgdansk.pl)... 153.19.238.147
Connecting to files.cloudgdansk.pl (files.cloudgdansk.pl)|153.19.238.147|:443... connected.
HTTP request sent, awaiting response... 200 OK
Length: 2779 (2.7K) [application/json]
Saving to: ‘/root/process_mining/announcements/data/19_04_2022/ann19.04.2022-02-50-01.json’

     0K ..                                                    100%  494M=0s

2022-04-19 02:50:02 (494 MB/s) - ‘/root/process_mining/announcements/data/19_04_2022/ann19.04.2022-02-50-01.json’ saved [2779/2779]

--2022-04-19 03:00:01--  https://files.cloudgdansk.pl/d/otwarte-dane/ztm/bsk.json
Resolving files.cloudgdansk.pl (files.cloudgdansk.pl)... 153.19.238.147
Connecting to files.cloudgdansk.pl (files.cloudgdansk.pl)|153.19.238.147|:443... connected.
HTTP request sent, awaiting response... 200 OK
Length: 2779 (2.7K) [application/json]
Saving to: ‘/root/process_mining/announcements/data/19_04_2022/ann19.04.2022-03-00-01.json’

     0K ..                                                    100%  508M=0s

2022-04-19 03:00:01 (508 MB/s) - ‘/root/process_mining/announcements/data/19_04_2022/ann19.04.2022-03-00-01.json’ saved [2779/2779]

--2022-04-19 03:10:01--  https://files.cloudgdansk.pl/d/otwarte-dane/ztm/bsk.json
Resolving files.cloudgdansk.pl (files.cloudgdansk.pl)... 153.19.238.147
Connecting to files.cloudgdansk.pl (files.cloudgdansk.pl)|153.19.238.147|:443... connected.
HTTP request sent, awaiting response... 200 OK
Length: 2779 (2.7K) [application/json]
Saving to: ‘/root/process_mining/announcements/data/19_04_2022/ann19.04.2022-03-10-01.json’

     0K ..                                                    100%  532M=0s

2022-04-19 03:10:02 (532 MB/s) - ‘/root/process_mining/announcements/data/19_04_2022/ann19.04.2022-03-10-01.json’ saved [2779/2779]

--2022-04-19 03:20:01--  https://files.cloudgdansk.pl/d/otwarte-dane/ztm/bsk.json
Resolving files.cloudgdansk.pl (files.cloudgdansk.pl)... 153.19.238.147
Connecting to files.cloudgdansk.pl (files.cloudgdansk.pl)|153.19.238.147|:443... connected.
HTTP request sent, awaiting response... 200 OK
Length: 2779 (2.7K) [application/json]
Saving to: ‘/root/process_mining/announcements/data/19_04_2022/ann19.04.2022-03-20-01.json’

     0K ..                                                    100%  482M=0s

2022-04-19 03:20:02 (482 MB/s) - ‘/root/process_mining/announcements/data/19_04_2022/ann19.04.2022-03-20-01.json’ saved [2779/2779]

--2022-04-19 03:30:01--  https://files.cloudgdansk.pl/d/otwarte-dane/ztm/bsk.json
Resolving files.cloudgdansk.pl (files.cloudgdansk.pl)... 153.19.238.147
Connecting to files.cloudgdansk.pl (files.cloudgdansk.pl)|153.19.238.147|:443... connected.
HTTP request sent, awaiting response... 200 OK
Length: 2779 (2.7K) [application/json]
Saving to: ‘/root/process_mining/announcements/data/19_04_2022/ann19.04.2022-03-30-01.json’

     0K ..                                                    100%  534M=0s

2022-04-19 03:30:01 (534 MB/s) - ‘/root/process_mining/announcements/data/19_04_2022/ann19.04.2022-03-30-01.json’ saved [2779/2779]

--2022-04-19 03:40:01--  https://files.cloudgdansk.pl/d/otwarte-dane/ztm/bsk.json
Resolving files.cloudgdansk.pl (files.cloudgdansk.pl)... 153.19.238.147
Connecting to files.cloudgdansk.pl (files.cloudgdansk.pl)|153.19.238.147|:443... connected.
HTTP request sent, awaiting response... 200 OK
Length: 2779 (2.7K) [application/json]
Saving to: ‘/root/process_mining/announcements/data/19_04_2022/ann19.04.2022-03-40-01.json’

     0K ..                                                    100%  532M=0s

2022-04-19 03:40:01 (532 MB/s) - ‘/root/process_mining/announcements/data/19_04_2022/ann19.04.2022-03-40-01.json’ saved [2779/2779]

--2022-04-19 03:50:01--  https://files.cloudgdansk.pl/d/otwarte-dane/ztm/bsk.json
Resolving files.cloudgdansk.pl (files.cloudgdansk.pl)... 153.19.238.147
Connecting to files.cloudgdansk.pl (files.cloudgdansk.pl)|153.19.238.147|:443... connected.
HTTP request sent, awaiting response... 200 OK
Length: 2779 (2.7K) [application/json]
Saving to: ‘/root/process_mining/announcements/data/19_04_2022/ann19.04.2022-03-50-01.json’

     0K ..                                                    100%  495M=0s

2022-04-19 03:50:01 (495 MB/s) - ‘/root/process_mining/announcements/data/19_04_2022/ann19.04.2022-03-50-01.json’ saved [2779/2779]

--2022-04-19 04:00:01--  https://files.cloudgdansk.pl/d/otwarte-dane/ztm/bsk.json
Resolving files.cloudgdansk.pl (files.cloudgdansk.pl)... 153.19.238.147
Connecting to files.cloudgdansk.pl (files.cloudgdansk.pl)|153.19.238.147|:443... connected.
HTTP request sent, awaiting response... 200 OK
Length: 2779 (2.7K) [application/json]
Saving to: ‘/root/process_mining/announcements/data/19_04_2022/ann19.04.2022-04-00-01.json’

     0K ..                                                    100%  466M=0s

2022-04-19 04:00:02 (466 MB/s) - ‘/root/process_mining/announcements/data/19_04_2022/ann19.04.2022-04-00-01.json’ saved [2779/2779]

--2022-04-19 04:10:01--  https://files.cloudgdansk.pl/d/otwarte-dane/ztm/bsk.json
Resolving files.cloudgdansk.pl (files.cloudgdansk.pl)... 153.19.238.147
Connecting to files.cloudgdansk.pl (files.cloudgdansk.pl)|153.19.238.147|:443... connected.
HTTP request sent, awaiting response... 200 OK
Length: 2779 (2.7K) [application/json]
Saving to: ‘/root/process_mining/announcements/data/19_04_2022/ann19.04.2022-04-10-01.json’

     0K ..                                                    100%  395M=0s

2022-04-19 04:10:02 (395 MB/s) - ‘/root/process_mining/announcements/data/19_04_2022/ann19.04.2022-04-10-01.json’ saved [2779/2779]

--2022-04-19 04:20:01--  https://files.cloudgdansk.pl/d/otwarte-dane/ztm/bsk.json
Resolving files.cloudgdansk.pl (files.cloudgdansk.pl)... 153.19.238.147
Connecting to files.cloudgdansk.pl (files.cloudgdansk.pl)|153.19.238.147|:443... connected.
HTTP request sent, awaiting response... 200 OK
Length: 2779 (2.7K) [application/json]
Saving to: ‘/root/process_mining/announcements/data/19_04_2022/ann19.04.2022-04-20-01.json’

     0K ..                                                    100%  342M=0s

2022-04-19 04:20:01 (342 MB/s) - ‘/root/process_mining/announcements/data/19_04_2022/ann19.04.2022-04-20-01.json’ saved [2779/2779]

--2022-04-19 04:30:01--  https://files.cloudgdansk.pl/d/otwarte-dane/ztm/bsk.json
Resolving files.cloudgdansk.pl (files.cloudgdansk.pl)... 153.19.238.147
Connecting to files.cloudgdansk.pl (files.cloudgdansk.pl)|153.19.238.147|:443... connected.
HTTP request sent, awaiting response... 200 OK
Length: 2779 (2.7K) [application/json]
Saving to: ‘/root/process_mining/announcements/data/19_04_2022/ann19.04.2022-04-30-01.json’

     0K ..                                                    100%  462M=0s

2022-04-19 04:30:01 (462 MB/s) - ‘/root/process_mining/announcements/data/19_04_2022/ann19.04.2022-04-30-01.json’ saved [2779/2779]

--2022-04-19 04:40:01--  https://files.cloudgdansk.pl/d/otwarte-dane/ztm/bsk.json
Resolving files.cloudgdansk.pl (files.cloudgdansk.pl)... 153.19.238.147
Connecting to files.cloudgdansk.pl (files.cloudgdansk.pl)|153.19.238.147|:443... connected.
HTTP request sent, awaiting response... 200 OK
Length: 2779 (2.7K) [application/json]
Saving to: ‘/root/process_mining/announcements/data/19_04_2022/ann19.04.2022-04-40-01.json’

     0K ..                                                    100%  473M=0s

2022-04-19 04:40:02 (473 MB/s) - ‘/root/process_mining/announcements/data/19_04_2022/ann19.04.2022-04-40-01.json’ saved [2779/2779]

--2022-04-19 04:50:01--  https://files.cloudgdansk.pl/d/otwarte-dane/ztm/bsk.json
Resolving files.cloudgdansk.pl (files.cloudgdansk.pl)... 153.19.238.147
Connecting to files.cloudgdansk.pl (files.cloudgdansk.pl)|153.19.238.147|:443... connected.
HTTP request sent, awaiting response... 200 OK
Length: 2779 (2.7K) [application/json]
Saving to: ‘/root/process_mining/announcements/data/19_04_2022/ann19.04.2022-04-50-01.json’

     0K ..                                                    100%  496M=0s

2022-04-19 04:50:02 (496 MB/s) - ‘/root/process_mining/announcements/data/19_04_2022/ann19.04.2022-04-50-01.json’ saved [2779/2779]

--2022-04-19 05:00:01--  https://files.cloudgdansk.pl/d/otwarte-dane/ztm/bsk.json
Resolving files.cloudgdansk.pl (files.cloudgdansk.pl)... 153.19.238.147
Connecting to files.cloudgdansk.pl (files.cloudgdansk.pl)|153.19.238.147|:443... connected.
HTTP request sent, awaiting response... 200 OK
Length: 2779 (2.7K) [application/json]
Saving to: ‘/root/process_mining/announcements/data/19_04_2022/ann19.04.2022-05-00-01.json’

     0K ..                                                    100%  520M=0s

2022-04-19 05:00:02 (520 MB/s) - ‘/root/process_mining/announcements/data/19_04_2022/ann19.04.2022-05-00-01.json’ saved [2779/2779]

--2022-04-19 05:10:01--  https://files.cloudgdansk.pl/d/otwarte-dane/ztm/bsk.json
Resolving files.cloudgdansk.pl (files.cloudgdansk.pl)... 153.19.238.147
Connecting to files.cloudgdansk.pl (files.cloudgdansk.pl)|153.19.238.147|:443... connected.
HTTP request sent, awaiting response... 200 OK
Length: 2779 (2.7K) [application/json]
Saving to: ‘/root/process_mining/announcements/data/19_04_2022/ann19.04.2022-05-10-01.json’

     0K ..                                                    100%  517M=0s

2022-04-19 05:10:02 (517 MB/s) - ‘/root/process_mining/announcements/data/19_04_2022/ann19.04.2022-05-10-01.json’ saved [2779/2779]

--2022-04-19 05:20:01--  https://files.cloudgdansk.pl/d/otwarte-dane/ztm/bsk.json
Resolving files.cloudgdansk.pl (files.cloudgdansk.pl)... 153.19.238.147
Connecting to files.cloudgdansk.pl (files.cloudgdansk.pl)|153.19.238.147|:443... connected.
HTTP request sent, awaiting response... 200 OK
Length: 2779 (2.7K) [application/json]
Saving to: ‘/root/process_mining/announcements/data/19_04_2022/ann19.04.2022-05-20-01.json’

     0K ..                                                    100%  492M=0s

2022-04-19 05:20:02 (492 MB/s) - ‘/root/process_mining/announcements/data/19_04_2022/ann19.04.2022-05-20-01.json’ saved [2779/2779]

--2022-04-19 05:30:02--  https://files.cloudgdansk.pl/d/otwarte-dane/ztm/bsk.json
Resolving files.cloudgdansk.pl (files.cloudgdansk.pl)... 153.19.238.147
Connecting to files.cloudgdansk.pl (files.cloudgdansk.pl)|153.19.238.147|:443... connected.
HTTP request sent, awaiting response... 200 OK
Length: 2779 (2.7K) [application/json]
Saving to: ‘/root/process_mining/announcements/data/19_04_2022/ann19.04.2022-05-30-02.json’

     0K ..                                                    100%  497M=0s

2022-04-19 05:30:02 (497 MB/s) - ‘/root/process_mining/announcements/data/19_04_2022/ann19.04.2022-05-30-02.json’ saved [2779/2779]

--2022-04-19 05:40:01--  https://files.cloudgdansk.pl/d/otwarte-dane/ztm/bsk.json
Resolving files.cloudgdansk.pl (files.cloudgdansk.pl)... 153.19.238.147
Connecting to files.cloudgdansk.pl (files.cloudgdansk.pl)|153.19.238.147|:443... connected.
HTTP request sent, awaiting response... 200 OK
Length: 2779 (2.7K) [application/json]
Saving to: ‘/root/process_mining/announcements/data/19_04_2022/ann19.04.2022-05-40-01.json’

     0K ..                                                    100%  490M=0s

2022-04-19 05:40:01 (490 MB/s) - ‘/root/process_mining/announcements/data/19_04_2022/ann19.04.2022-05-40-01.json’ saved [2779/2779]

--2022-04-19 05:50:01--  https://files.cloudgdansk.pl/d/otwarte-dane/ztm/bsk.json
Resolving files.cloudgdansk.pl (files.cloudgdansk.pl)... 153.19.238.147
Connecting to files.cloudgdansk.pl (files.cloudgdansk.pl)|153.19.238.147|:443... connected.
HTTP request sent, awaiting response... 200 OK
Length: 2779 (2.7K) [application/json]
Saving to: ‘/root/process_mining/announcements/data/19_04_2022/ann19.04.2022-05-50-01.json’

     0K ..                                                    100%  536M=0s

2022-04-19 05:50:01 (536 MB/s) - ‘/root/process_mining/announcements/data/19_04_2022/ann19.04.2022-05-50-01.json’ saved [2779/2779]

--2022-04-19 06:00:01--  https://files.cloudgdansk.pl/d/otwarte-dane/ztm/bsk.json
Resolving files.cloudgdansk.pl (files.cloudgdansk.pl)... 153.19.238.147
Connecting to files.cloudgdansk.pl (files.cloudgdansk.pl)|153.19.238.147|:443... connected.
HTTP request sent, awaiting response... 200 OK
Length: 3160 (3.1K) [application/json]
Saving to: ‘/root/process_mining/announcements/data/19_04_2022/ann19.04.2022-06-00-01.json’

     0K ...                                                   100%  505M=0s

2022-04-19 06:00:02 (505 MB/s) - ‘/root/process_mining/announcements/data/19_04_2022/ann19.04.2022-06-00-01.json’ saved [3160/3160]

--2022-04-19 06:10:01--  https://files.cloudgdansk.pl/d/otwarte-dane/ztm/bsk.json
Resolving files.cloudgdansk.pl (files.cloudgdansk.pl)... 153.19.238.147
Connecting to files.cloudgdansk.pl (files.cloudgdansk.pl)|153.19.238.147|:443... connected.
HTTP request sent, awaiting response... 200 OK
Length: 3160 (3.1K) [application/json]
Saving to: ‘/root/process_mining/announcements/data/19_04_2022/ann19.04.2022-06-10-01.json’

     0K ...                                                   100%  449M=0s

2022-04-19 06:10:01 (449 MB/s) - ‘/root/process_mining/announcements/data/19_04_2022/ann19.04.2022-06-10-01.json’ saved [3160/3160]

--2022-04-19 06:20:01--  https://files.cloudgdansk.pl/d/otwarte-dane/ztm/bsk.json
Resolving files.cloudgdansk.pl (files.cloudgdansk.pl)... 153.19.238.147
Connecting to files.cloudgdansk.pl (files.cloudgdansk.pl)|153.19.238.147|:443... connected.
HTTP request sent, awaiting response... 200 OK
Length: 3160 (3.1K) [application/json]
Saving to: ‘/root/process_mining/announcements/data/19_04_2022/ann19.04.2022-06-20-01.json’

     0K ...                                                   100%  525M=0s

2022-04-19 06:20:01 (525 MB/s) - ‘/root/process_mining/announcements/data/19_04_2022/ann19.04.2022-06-20-01.json’ saved [3160/3160]

--2022-04-19 06:30:01--  https://files.cloudgdansk.pl/d/otwarte-dane/ztm/bsk.json
Resolving files.cloudgdansk.pl (files.cloudgdansk.pl)... 153.19.238.147
Connecting to files.cloudgdansk.pl (files.cloudgdansk.pl)|153.19.238.147|:443... connected.
HTTP request sent, awaiting response... 200 OK
Length: 3160 (3.1K) [application/json]
Saving to: ‘/root/process_mining/announcements/data/19_04_2022/ann19.04.2022-06-30-01.json’

     0K ...                                                   100%  579M=0s

2022-04-19 06:30:02 (579 MB/s) - ‘/root/process_mining/announcements/data/19_04_2022/ann19.04.2022-06-30-01.json’ saved [3160/3160]

--2022-04-19 06:40:01--  https://files.cloudgdansk.pl/d/otwarte-dane/ztm/bsk.json
Resolving files.cloudgdansk.pl (files.cloudgdansk.pl)... 153.19.238.147
Connecting to files.cloudgdansk.pl (files.cloudgdansk.pl)|153.19.238.147|:443... connected.
HTTP request sent, awaiting response... 200 OK
Length: 2779 (2.7K) [application/json]
Saving to: ‘/root/process_mining/announcements/data/19_04_2022/ann19.04.2022-06-40-01.json’

     0K ..                                                    100%  488M=0s

2022-04-19 06:40:01 (488 MB/s) - ‘/root/process_mining/announcements/data/19_04_2022/ann19.04.2022-06-40-01.json’ saved [2779/2779]

--2022-04-19 06:50:01--  https://files.cloudgdansk.pl/d/otwarte-dane/ztm/bsk.json
Resolving files.cloudgdansk.pl (files.cloudgdansk.pl)... 153.19.238.147
Connecting to files.cloudgdansk.pl (files.cloudgdansk.pl)|153.19.238.147|:443... connected.
HTTP request sent, awaiting response... 200 OK
Length: 2779 (2.7K) [application/json]
Saving to: ‘/root/process_mining/announcements/data/19_04_2022/ann19.04.2022-06-50-01.json’

     0K ..                                                    100%  482M=0s

2022-04-19 06:50:01 (482 MB/s) - ‘/root/process_mining/announcements/data/19_04_2022/ann19.04.2022-06-50-01.json’ saved [2779/2779]

--2022-04-19 07:00:01--  https://files.cloudgdansk.pl/d/otwarte-dane/ztm/bsk.json
Resolving files.cloudgdansk.pl (files.cloudgdansk.pl)... 153.19.238.147
Connecting to files.cloudgdansk.pl (files.cloudgdansk.pl)|153.19.238.147|:443... connected.
HTTP request sent, awaiting response... 200 OK
Length: 2779 (2.7K) [application/json]
Saving to: ‘/root/process_mining/announcements/data/19_04_2022/ann19.04.2022-07-00-01.json’

     0K ..                                                    100%  518M=0s

2022-04-19 07:00:02 (518 MB/s) - ‘/root/process_mining/announcements/data/19_04_2022/ann19.04.2022-07-00-01.json’ saved [2779/2779]

--2022-04-19 07:10:01--  https://files.cloudgdansk.pl/d/otwarte-dane/ztm/bsk.json
Resolving files.cloudgdansk.pl (files.cloudgdansk.pl)... 153.19.238.147
Connecting to files.cloudgdansk.pl (files.cloudgdansk.pl)|153.19.238.147|:443... connected.
HTTP request sent, awaiting response... 200 OK
Length: 2779 (2.7K) [application/json]
Saving to: ‘/root/process_mining/announcements/data/19_04_2022/ann19.04.2022-07-10-01.json’

     0K ..                                                    100%  526M=0s

2022-04-19 07:10:02 (526 MB/s) - ‘/root/process_mining/announcements/data/19_04_2022/ann19.04.2022-07-10-01.json’ saved [2779/2779]

--2022-04-19 07:20:01--  https://files.cloudgdansk.pl/d/otwarte-dane/ztm/bsk.json
Resolving files.cloudgdansk.pl (files.cloudgdansk.pl)... 153.19.238.147
Connecting to files.cloudgdansk.pl (files.cloudgdansk.pl)|153.19.238.147|:443... connected.
HTTP request sent, awaiting response... 200 OK
Length: 2779 (2.7K) [application/json]
Saving to: ‘/root/process_mining/announcements/data/19_04_2022/ann19.04.2022-07-20-01.json’

     0K ..                                                    100%  413M=0s

2022-04-19 07:20:02 (413 MB/s) - ‘/root/process_mining/announcements/data/19_04_2022/ann19.04.2022-07-20-01.json’ saved [2779/2779]

--2022-04-19 07:30:01--  https://files.cloudgdansk.pl/d/otwarte-dane/ztm/bsk.json
Resolving files.cloudgdansk.pl (files.cloudgdansk.pl)... 153.19.238.147
Connecting to files.cloudgdansk.pl (files.cloudgdansk.pl)|153.19.238.147|:443... connected.
HTTP request sent, awaiting response... 200 OK
Length: 2779 (2.7K) [application/json]
Saving to: ‘/root/process_mining/announcements/data/19_04_2022/ann19.04.2022-07-30-01.json’

     0K ..                                                    100%  500M=0s

2022-04-19 07:30:01 (500 MB/s) - ‘/root/process_mining/announcements/data/19_04_2022/ann19.04.2022-07-30-01.json’ saved [2779/2779]

--2022-04-19 07:40:01--  https://files.cloudgdansk.pl/d/otwarte-dane/ztm/bsk.json
Resolving files.cloudgdansk.pl (files.cloudgdansk.pl)... 153.19.238.147
Connecting to files.cloudgdansk.pl (files.cloudgdansk.pl)|153.19.238.147|:443... connected.
HTTP request sent, awaiting response... 200 OK
Length: 60 [text/plain]
Saving to: ‘/root/process_mining/announcements/data/19_04_2022/ann19.04.2022-07-40-01.json’

     0K                                                       100% 9.70M=0s

2022-04-19 07:40:01 (9.70 MB/s) - ‘/root/process_mining/announcements/data/19_04_2022/ann19.04.2022-07-40-01.json’ saved [60/60]

--2022-04-19 07:50:01--  https://files.cloudgdansk.pl/d/otwarte-dane/ztm/bsk.json
Resolving files.cloudgdansk.pl (files.cloudgdansk.pl)... 153.19.238.147
Connecting to files.cloudgdansk.pl (files.cloudgdansk.pl)|153.19.238.147|:443... connected.
HTTP request sent, awaiting response... 200 OK
Length: 60 [text/plain]
Saving to: ‘/root/process_mining/announcements/data/19_04_2022/ann19.04.2022-07-50-01.json’

     0K                                                       100% 11.5M=0s

2022-04-19 07:50:01 (11.5 MB/s) - ‘/root/process_mining/announcements/data/19_04_2022/ann19.04.2022-07-50-01.json’ saved [60/60]

--2022-04-19 08:00:01--  https://files.cloudgdansk.pl/d/otwarte-dane/ztm/bsk.json
Resolving files.cloudgdansk.pl (files.cloudgdansk.pl)... 153.19.238.147
Connecting to files.cloudgdansk.pl (files.cloudgdansk.pl)|153.19.238.147|:443... connected.
HTTP request sent, awaiting response... 200 OK
Length: 60 [text/plain]
Saving to: ‘/root/process_mining/announcements/data/19_04_2022/ann19.04.2022-08-00-01.json’

     0K                                                       100% 12.5M=0s

2022-04-19 08:00:02 (12.5 MB/s) - ‘/root/process_mining/announcements/data/19_04_2022/ann19.04.2022-08-00-01.json’ saved [60/60]

--2022-04-19 08:10:01--  https://files.cloudgdansk.pl/d/otwarte-dane/ztm/bsk.json
Resolving files.cloudgdansk.pl (files.cloudgdansk.pl)... 153.19.238.147
Connecting to files.cloudgdansk.pl (files.cloudgdansk.pl)|153.19.238.147|:443... connected.
HTTP request sent, awaiting response... 200 OK
Length: 60 [text/plain]
Saving to: ‘/root/process_mining/announcements/data/19_04_2022/ann19.04.2022-08-10-01.json’

     0K                                                       100% 10.7M=0s

2022-04-19 08:10:02 (10.7 MB/s) - ‘/root/process_mining/announcements/data/19_04_2022/ann19.04.2022-08-10-01.json’ saved [60/60]

--2022-04-19 08:20:01--  https://files.cloudgdansk.pl/d/otwarte-dane/ztm/bsk.json
Resolving files.cloudgdansk.pl (files.cloudgdansk.pl)... 153.19.238.147
Connecting to files.cloudgdansk.pl (files.cloudgdansk.pl)|153.19.238.147|:443... connected.
HTTP request sent, awaiting response... 200 OK
Length: 60 [text/plain]
Saving to: ‘/root/process_mining/announcements/data/19_04_2022/ann19.04.2022-08-20-01.json’

     0K                                                       100% 11.8M=0s

2022-04-19 08:20:01 (11.8 MB/s) - ‘/root/process_mining/announcements/data/19_04_2022/ann19.04.2022-08-20-01.json’ saved [60/60]

--2022-04-19 08:30:01--  https://files.cloudgdansk.pl/d/otwarte-dane/ztm/bsk.json
Resolving files.cloudgdansk.pl (files.cloudgdansk.pl)... 153.19.238.147
Connecting to files.cloudgdansk.pl (files.cloudgdansk.pl)|153.19.238.147|:443... connected.
HTTP request sent, awaiting response... 200 OK
Length: 60 [text/plain]
Saving to: ‘/root/process_mining/announcements/data/19_04_2022/ann19.04.2022-08-30-01.json’

     0K                                                       100% 12.2M=0s

2022-04-19 08:30:01 (12.2 MB/s) - ‘/root/process_mining/announcements/data/19_04_2022/ann19.04.2022-08-30-01.json’ saved [60/60]

--2022-04-19 08:40:01--  https://files.cloudgdansk.pl/d/otwarte-dane/ztm/bsk.json
Resolving files.cloudgdansk.pl (files.cloudgdansk.pl)... 153.19.238.147
Connecting to files.cloudgdansk.pl (files.cloudgdansk.pl)|153.19.238.147|:443... connected.
HTTP request sent, awaiting response... 200 OK
Length: 60 [text/plain]
Saving to: ‘/root/process_mining/announcements/data/19_04_2022/ann19.04.2022-08-40-01.json’

     0K                                                       100% 11.8M=0s

2022-04-19 08:40:02 (11.8 MB/s) - ‘/root/process_mining/announcements/data/19_04_2022/ann19.04.2022-08-40-01.json’ saved [60/60]

--2022-04-19 08:50:02--  https://files.cloudgdansk.pl/d/otwarte-dane/ztm/bsk.json
Resolving files.cloudgdansk.pl (files.cloudgdansk.pl)... 153.19.238.147
Connecting to files.cloudgdansk.pl (files.cloudgdansk.pl)|153.19.238.147|:443... connected.
HTTP request sent, awaiting response... 200 OK
Length: 60 [text/plain]
Saving to: ‘/root/process_mining/announcements/data/19_04_2022/ann19.04.2022-08-50-02.json’

     0K                                                       100% 12.8M=0s

2022-04-19 08:50:02 (12.8 MB/s) - ‘/root/process_mining/announcements/data/19_04_2022/ann19.04.2022-08-50-02.json’ saved [60/60]

--2022-04-19 09:00:01--  https://files.cloudgdansk.pl/d/otwarte-dane/ztm/bsk.json
Resolving files.cloudgdansk.pl (files.cloudgdansk.pl)... 153.19.238.147
Connecting to files.cloudgdansk.pl (files.cloudgdansk.pl)|153.19.238.147|:443... connected.
HTTP request sent, awaiting response... 200 OK
Length: 60 [text/plain]
Saving to: ‘/root/process_mining/announcements/data/19_04_2022/ann19.04.2022-09-00-01.json’

     0K                                                       100% 13.0M=0s

2022-04-19 09:00:02 (13.0 MB/s) - ‘/root/process_mining/announcements/data/19_04_2022/ann19.04.2022-09-00-01.json’ saved [60/60]

--2022-04-19 09:10:01--  https://files.cloudgdansk.pl/d/otwarte-dane/ztm/bsk.json
Resolving files.cloudgdansk.pl (files.cloudgdansk.pl)... 153.19.238.147
Connecting to files.cloudgdansk.pl (files.cloudgdansk.pl)|153.19.238.147|:443... connected.
HTTP request sent, awaiting response... 200 OK
Length: 60 [text/plain]
Saving to: ‘/root/process_mining/announcements/data/19_04_2022/ann19.04.2022-09-10-01.json’

     0K                                                       100% 12.5M=0s

2022-04-19 09:10:01 (12.5 MB/s) - ‘/root/process_mining/announcements/data/19_04_2022/ann19.04.2022-09-10-01.json’ saved [60/60]

--2022-04-19 09:20:01--  https://files.cloudgdansk.pl/d/otwarte-dane/ztm/bsk.json
Resolving files.cloudgdansk.pl (files.cloudgdansk.pl)... 153.19.238.147
Connecting to files.cloudgdansk.pl (files.cloudgdansk.pl)|153.19.238.147|:443... connected.
HTTP request sent, awaiting response... 200 OK
Length: 60 [text/plain]
Saving to: ‘/root/process_mining/announcements/data/19_04_2022/ann19.04.2022-09-20-01.json’

     0K                                                       100% 11.7M=0s

2022-04-19 09:20:01 (11.7 MB/s) - ‘/root/process_mining/announcements/data/19_04_2022/ann19.04.2022-09-20-01.json’ saved [60/60]

--2022-04-19 09:30:01--  https://files.cloudgdansk.pl/d/otwarte-dane/ztm/bsk.json
Resolving files.cloudgdansk.pl (files.cloudgdansk.pl)... 153.19.238.147
Connecting to files.cloudgdansk.pl (files.cloudgdansk.pl)|153.19.238.147|:443... connected.
HTTP request sent, awaiting response... 200 OK
Length: 60 [text/plain]
Saving to: ‘/root/process_mining/announcements/data/19_04_2022/ann19.04.2022-09-30-01.json’

     0K                                                       100% 11.6M=0s

2022-04-19 09:30:01 (11.6 MB/s) - ‘/root/process_mining/announcements/data/19_04_2022/ann19.04.2022-09-30-01.json’ saved [60/60]

--2022-04-19 09:40:02--  https://files.cloudgdansk.pl/d/otwarte-dane/ztm/bsk.json
Resolving files.cloudgdansk.pl (files.cloudgdansk.pl)... 153.19.238.147
Connecting to files.cloudgdansk.pl (files.cloudgdansk.pl)|153.19.238.147|:443... connected.
HTTP request sent, awaiting response... 200 OK
Length: 60 [text/plain]
Saving to: ‘/root/process_mining/announcements/data/19_04_2022/ann19.04.2022-09-40-02.json’

     0K                                                       100% 11.7M=0s

2022-04-19 09:40:02 (11.7 MB/s) - ‘/root/process_mining/announcements/data/19_04_2022/ann19.04.2022-09-40-02.json’ saved [60/60]

--2022-04-19 09:50:01--  https://files.cloudgdansk.pl/d/otwarte-dane/ztm/bsk.json
Resolving files.cloudgdansk.pl (files.cloudgdansk.pl)... 153.19.238.147
Connecting to files.cloudgdansk.pl (files.cloudgdansk.pl)|153.19.238.147|:443... connected.
HTTP request sent, awaiting response... 200 OK
Length: 60 [text/plain]
Saving to: ‘/root/process_mining/announcements/data/19_04_2022/ann19.04.2022-09-50-01.json’

     0K                                                       100% 12.1M=0s

2022-04-19 09:50:02 (12.1 MB/s) - ‘/root/process_mining/announcements/data/19_04_2022/ann19.04.2022-09-50-01.json’ saved [60/60]

--2022-04-19 10:00:01--  https://files.cloudgdansk.pl/d/otwarte-dane/ztm/bsk.json
Resolving files.cloudgdansk.pl (files.cloudgdansk.pl)... 153.19.238.147
Connecting to files.cloudgdansk.pl (files.cloudgdansk.pl)|153.19.238.147|:443... connected.
HTTP request sent, awaiting response... 200 OK
Length: 60 [text/plain]
Saving to: ‘/root/process_mining/announcements/data/19_04_2022/ann19.04.2022-10-00-01.json’

     0K                                                       100% 13.4M=0s

2022-04-19 10:00:04 (13.4 MB/s) - ‘/root/process_mining/announcements/data/19_04_2022/ann19.04.2022-10-00-01.json’ saved [60/60]

--2022-04-19 10:10:01--  https://files.cloudgdansk.pl/d/otwarte-dane/ztm/bsk.json
Resolving files.cloudgdansk.pl (files.cloudgdansk.pl)... 153.19.238.147
Connecting to files.cloudgdansk.pl (files.cloudgdansk.pl)|153.19.238.147|:443... connected.
HTTP request sent, awaiting response... 200 OK
Length: 60 [text/plain]
Saving to: ‘/root/process_mining/announcements/data/19_04_2022/ann19.04.2022-10-10-01.json’

     0K                                                       100% 12.2M=0s

2022-04-19 10:10:02 (12.2 MB/s) - ‘/root/process_mining/announcements/data/19_04_2022/ann19.04.2022-10-10-01.json’ saved [60/60]

--2022-04-19 10:20:01--  https://files.cloudgdansk.pl/d/otwarte-dane/ztm/bsk.json
Resolving files.cloudgdansk.pl (files.cloudgdansk.pl)... 153.19.238.147
Connecting to files.cloudgdansk.pl (files.cloudgdansk.pl)|153.19.238.147|:443... connected.
HTTP request sent, awaiting response... 200 OK
Length: 60 [text/plain]
Saving to: ‘/root/process_mining/announcements/data/19_04_2022/ann19.04.2022-10-20-01.json’

     0K                                                       100% 12.8M=0s

2022-04-19 10:20:02 (12.8 MB/s) - ‘/root/process_mining/announcements/data/19_04_2022/ann19.04.2022-10-20-01.json’ saved [60/60]

--2022-04-19 10:30:01--  https://files.cloudgdansk.pl/d/otwarte-dane/ztm/bsk.json
Resolving files.cloudgdansk.pl (files.cloudgdansk.pl)... 153.19.238.147
Connecting to files.cloudgdansk.pl (files.cloudgdansk.pl)|153.19.238.147|:443... connected.
HTTP request sent, awaiting response... 200 OK
Length: 60 [text/plain]
Saving to: ‘/root/process_mining/announcements/data/19_04_2022/ann19.04.2022-10-30-01.json’

     0K                                                       100% 11.7M=0s

2022-04-19 10:30:02 (11.7 MB/s) - ‘/root/process_mining/announcements/data/19_04_2022/ann19.04.2022-10-30-01.json’ saved [60/60]

--2022-04-19 10:40:01--  https://files.cloudgdansk.pl/d/otwarte-dane/ztm/bsk.json
Resolving files.cloudgdansk.pl (files.cloudgdansk.pl)... 153.19.238.147
Connecting to files.cloudgdansk.pl (files.cloudgdansk.pl)|153.19.238.147|:443... connected.
HTTP request sent, awaiting response... 200 OK
Length: 60 [text/plain]
Saving to: ‘/root/process_mining/announcements/data/19_04_2022/ann19.04.2022-10-40-01.json’

     0K                                                       100% 12.3M=0s

2022-04-19 10:40:01 (12.3 MB/s) - ‘/root/process_mining/announcements/data/19_04_2022/ann19.04.2022-10-40-01.json’ saved [60/60]

--2022-04-19 10:50:01--  https://files.cloudgdansk.pl/d/otwarte-dane/ztm/bsk.json
Resolving files.cloudgdansk.pl (files.cloudgdansk.pl)... 153.19.238.147
Connecting to files.cloudgdansk.pl (files.cloudgdansk.pl)|153.19.238.147|:443... connected.
HTTP request sent, awaiting response... 200 OK
Length: 60 [text/plain]
Saving to: ‘/root/process_mining/announcements/data/19_04_2022/ann19.04.2022-10-50-01.json’

     0K                                                       100% 10.8M=0s

2022-04-19 10:50:03 (10.8 MB/s) - ‘/root/process_mining/announcements/data/19_04_2022/ann19.04.2022-10-50-01.json’ saved [60/60]

--2022-04-19 11:00:01--  https://files.cloudgdansk.pl/d/otwarte-dane/ztm/bsk.json
Resolving files.cloudgdansk.pl (files.cloudgdansk.pl)... 153.19.238.147
Connecting to files.cloudgdansk.pl (files.cloudgdansk.pl)|153.19.238.147|:443... connected.
HTTP request sent, awaiting response... 200 OK
Length: 60 [text/plain]
Saving to: ‘/root/process_mining/announcements/data/19_04_2022/ann19.04.2022-11-00-01.json’

     0K                                                       100% 3.94M=0s

2022-04-19 11:00:02 (3.94 MB/s) - ‘/root/process_mining/announcements/data/19_04_2022/ann19.04.2022-11-00-01.json’ saved [60/60]

--2022-04-19 11:10:01--  https://files.cloudgdansk.pl/d/otwarte-dane/ztm/bsk.json
Resolving files.cloudgdansk.pl (files.cloudgdansk.pl)... 153.19.238.147
Connecting to files.cloudgdansk.pl (files.cloudgdansk.pl)|153.19.238.147|:443... connected.
HTTP request sent, awaiting response... 200 OK
Length: 60 [text/plain]
Saving to: ‘/root/process_mining/announcements/data/19_04_2022/ann19.04.2022-11-10-01.json’

     0K                                                       100% 12.7M=0s

2022-04-19 11:10:03 (12.7 MB/s) - ‘/root/process_mining/announcements/data/19_04_2022/ann19.04.2022-11-10-01.json’ saved [60/60]

--2022-04-19 11:20:01--  https://files.cloudgdansk.pl/d/otwarte-dane/ztm/bsk.json
Resolving files.cloudgdansk.pl (files.cloudgdansk.pl)... 153.19.238.147
Connecting to files.cloudgdansk.pl (files.cloudgdansk.pl)|153.19.238.147|:443... connected.
HTTP request sent, awaiting response... 200 OK
Length: 60 [text/plain]
Saving to: ‘/root/process_mining/announcements/data/19_04_2022/ann19.04.2022-11-20-01.json’

     0K                                                       100% 10.9M=0s

2022-04-19 11:20:02 (10.9 MB/s) - ‘/root/process_mining/announcements/data/19_04_2022/ann19.04.2022-11-20-01.json’ saved [60/60]

--2022-04-19 11:30:01--  https://files.cloudgdansk.pl/d/otwarte-dane/ztm/bsk.json
Resolving files.cloudgdansk.pl (files.cloudgdansk.pl)... 153.19.238.147
Connecting to files.cloudgdansk.pl (files.cloudgdansk.pl)|153.19.238.147|:443... connected.
HTTP request sent, awaiting response... 200 OK
Length: 60 [text/plain]
Saving to: ‘/root/process_mining/announcements/data/19_04_2022/ann19.04.2022-11-30-01.json’

     0K                                                       100% 12.6M=0s

2022-04-19 11:30:02 (12.6 MB/s) - ‘/root/process_mining/announcements/data/19_04_2022/ann19.04.2022-11-30-01.json’ saved [60/60]

--2022-04-19 11:40:01--  https://files.cloudgdansk.pl/d/otwarte-dane/ztm/bsk.json
Resolving files.cloudgdansk.pl (files.cloudgdansk.pl)... 153.19.238.147
Connecting to files.cloudgdansk.pl (files.cloudgdansk.pl)|153.19.238.147|:443... connected.
HTTP request sent, awaiting response... 200 OK
Length: 574 [application/json]
Saving to: ‘/root/process_mining/announcements/data/19_04_2022/ann19.04.2022-11-40-01.json’

     0K                                                       100%  117M=0s

2022-04-19 11:40:01 (117 MB/s) - ‘/root/process_mining/announcements/data/19_04_2022/ann19.04.2022-11-40-01.json’ saved [574/574]

--2022-04-19 11:50:01--  https://files.cloudgdansk.pl/d/otwarte-dane/ztm/bsk.json
Resolving files.cloudgdansk.pl (files.cloudgdansk.pl)... 153.19.238.147
Connecting to files.cloudgdansk.pl (files.cloudgdansk.pl)|153.19.238.147|:443... connected.
HTTP request sent, awaiting response... 200 OK
Length: 574 [application/json]
Saving to: ‘/root/process_mining/announcements/data/19_04_2022/ann19.04.2022-11-50-01.json’

     0K                                                       100%  116M=0s

2022-04-19 11:50:02 (116 MB/s) - ‘/root/process_mining/announcements/data/19_04_2022/ann19.04.2022-11-50-01.json’ saved [574/574]

--2022-04-19 12:00:01--  https://files.cloudgdansk.pl/d/otwarte-dane/ztm/bsk.json
Resolving files.cloudgdansk.pl (files.cloudgdansk.pl)... 153.19.238.147
Connecting to files.cloudgdansk.pl (files.cloudgdansk.pl)|153.19.238.147|:443... connected.
HTTP request sent, awaiting response... 200 OK
Length: 837 [application/json]
Saving to: ‘/root/process_mining/announcements/data/19_04_2022/ann19.04.2022-12-00-01.json’

     0K                                                       100%  168M=0s

2022-04-19 12:00:02 (168 MB/s) - ‘/root/process_mining/announcements/data/19_04_2022/ann19.04.2022-12-00-01.json’ saved [837/837]

--2022-04-19 12:10:01--  https://files.cloudgdansk.pl/d/otwarte-dane/ztm/bsk.json
Resolving files.cloudgdansk.pl (files.cloudgdansk.pl)... 153.19.238.147
Connecting to files.cloudgdansk.pl (files.cloudgdansk.pl)|153.19.238.147|:443... connected.
HTTP request sent, awaiting response... 200 OK
Length: 837 [application/json]
Saving to: ‘/root/process_mining/announcements/data/19_04_2022/ann19.04.2022-12-10-01.json’

     0K                                                       100%  162M=0s

2022-04-19 12:10:09 (162 MB/s) - ‘/root/process_mining/announcements/data/19_04_2022/ann19.04.2022-12-10-01.json’ saved [837/837]

--2022-04-19 12:20:01--  https://files.cloudgdansk.pl/d/otwarte-dane/ztm/bsk.json
Resolving files.cloudgdansk.pl (files.cloudgdansk.pl)... 153.19.238.147
Connecting to files.cloudgdansk.pl (files.cloudgdansk.pl)|153.19.238.147|:443... connected.
HTTP request sent, awaiting response... 200 OK
Length: 905 [application/json]
Saving to: ‘/root/process_mining/announcements/data/19_04_2022/ann19.04.2022-12-20-01.json’

     0K                                                       100%  175M=0s

2022-04-19 12:20:01 (175 MB/s) - ‘/root/process_mining/announcements/data/19_04_2022/ann19.04.2022-12-20-01.json’ saved [905/905]

--2022-04-19 12:30:01--  https://files.cloudgdansk.pl/d/otwarte-dane/ztm/bsk.json
Resolving files.cloudgdansk.pl (files.cloudgdansk.pl)... 153.19.238.147
Connecting to files.cloudgdansk.pl (files.cloudgdansk.pl)|153.19.238.147|:443... connected.
HTTP request sent, awaiting response... 200 OK
Length: 905 [application/json]
Saving to: ‘/root/process_mining/announcements/data/19_04_2022/ann19.04.2022-12-30-01.json’

     0K                                                       100%  168M=0s

2022-04-19 12:30:02 (168 MB/s) - ‘/root/process_mining/announcements/data/19_04_2022/ann19.04.2022-12-30-01.json’ saved [905/905]

--2022-04-19 12:40:01--  https://files.cloudgdansk.pl/d/otwarte-dane/ztm/bsk.json
Resolving files.cloudgdansk.pl (files.cloudgdansk.pl)... 153.19.238.147
Connecting to files.cloudgdansk.pl (files.cloudgdansk.pl)|153.19.238.147|:443... connected.
HTTP request sent, awaiting response... 200 OK
Length: 913 [application/json]
Saving to: ‘/root/process_mining/announcements/data/19_04_2022/ann19.04.2022-12-40-01.json’

     0K                                                       100%  179M=0s

2022-04-19 12:40:01 (179 MB/s) - ‘/root/process_mining/announcements/data/19_04_2022/ann19.04.2022-12-40-01.json’ saved [913/913]

--2022-04-19 12:50:01--  https://files.cloudgdansk.pl/d/otwarte-dane/ztm/bsk.json
Resolving files.cloudgdansk.pl (files.cloudgdansk.pl)... 153.19.238.147
Connecting to files.cloudgdansk.pl (files.cloudgdansk.pl)|153.19.238.147|:443... connected.
HTTP request sent, awaiting response... 200 OK
Length: 913 [application/json]
Saving to: ‘/root/process_mining/announcements/data/19_04_2022/ann19.04.2022-12-50-01.json’

     0K                                                       100% 57.9M=0s

2022-04-19 12:50:01 (57.9 MB/s) - ‘/root/process_mining/announcements/data/19_04_2022/ann19.04.2022-12-50-01.json’ saved [913/913]

--2022-04-19 13:00:01--  https://files.cloudgdansk.pl/d/otwarte-dane/ztm/bsk.json
Resolving files.cloudgdansk.pl (files.cloudgdansk.pl)... 153.19.238.147
Connecting to files.cloudgdansk.pl (files.cloudgdansk.pl)|153.19.238.147|:443... connected.
HTTP request sent, awaiting response... 200 OK
Length: 913 [application/json]
Saving to: ‘/root/process_mining/announcements/data/19_04_2022/ann19.04.2022-13-00-01.json’

     0K                                                       100%  165M=0s

2022-04-19 13:00:01 (165 MB/s) - ‘/root/process_mining/announcements/data/19_04_2022/ann19.04.2022-13-00-01.json’ saved [913/913]

--2022-04-19 13:10:01--  https://files.cloudgdansk.pl/d/otwarte-dane/ztm/bsk.json
Resolving files.cloudgdansk.pl (files.cloudgdansk.pl)... 153.19.238.147
Connecting to files.cloudgdansk.pl (files.cloudgdansk.pl)|153.19.238.147|:443... connected.
HTTP request sent, awaiting response... 200 OK
Length: 913 [application/json]
Saving to: ‘/root/process_mining/announcements/data/19_04_2022/ann19.04.2022-13-10-01.json’

     0K                                                       100%  180M=0s

2022-04-19 13:10:03 (180 MB/s) - ‘/root/process_mining/announcements/data/19_04_2022/ann19.04.2022-13-10-01.json’ saved [913/913]

--2022-04-19 13:20:01--  https://files.cloudgdansk.pl/d/otwarte-dane/ztm/bsk.json
Resolving files.cloudgdansk.pl (files.cloudgdansk.pl)... 153.19.238.147
Connecting to files.cloudgdansk.pl (files.cloudgdansk.pl)|153.19.238.147|:443... connected.
HTTP request sent, awaiting response... 200 OK
Length: 913 [application/json]
Saving to: ‘/root/process_mining/announcements/data/19_04_2022/ann19.04.2022-13-20-01.json’

     0K                                                       100%  148M=0s

2022-04-19 13:20:02 (148 MB/s) - ‘/root/process_mining/announcements/data/19_04_2022/ann19.04.2022-13-20-01.json’ saved [913/913]

--2022-04-19 13:30:01--  https://files.cloudgdansk.pl/d/otwarte-dane/ztm/bsk.json
Resolving files.cloudgdansk.pl (files.cloudgdansk.pl)... 153.19.238.147
Connecting to files.cloudgdansk.pl (files.cloudgdansk.pl)|153.19.238.147|:443... connected.
HTTP request sent, awaiting response... 200 OK
Length: 913 [application/json]
Saving to: ‘/root/process_mining/announcements/data/19_04_2022/ann19.04.2022-13-30-01.json’

     0K                                                       100%  157M=0s

2022-04-19 13:30:02 (157 MB/s) - ‘/root/process_mining/announcements/data/19_04_2022/ann19.04.2022-13-30-01.json’ saved [913/913]

--2022-04-19 13:40:01--  https://files.cloudgdansk.pl/d/otwarte-dane/ztm/bsk.json
Resolving files.cloudgdansk.pl (files.cloudgdansk.pl)... 153.19.238.147
Connecting to files.cloudgdansk.pl (files.cloudgdansk.pl)|153.19.238.147|:443... connected.
HTTP request sent, awaiting response... 200 OK
Length: 913 [application/json]
Saving to: ‘/root/process_mining/announcements/data/19_04_2022/ann19.04.2022-13-40-01.json’

     0K                                                       100%  171M=0s

2022-04-19 13:40:01 (171 MB/s) - ‘/root/process_mining/announcements/data/19_04_2022/ann19.04.2022-13-40-01.json’ saved [913/913]

--2022-04-19 13:50:01--  https://files.cloudgdansk.pl/d/otwarte-dane/ztm/bsk.json
Resolving files.cloudgdansk.pl (files.cloudgdansk.pl)... 153.19.238.147
Connecting to files.cloudgdansk.pl (files.cloudgdansk.pl)|153.19.238.147|:443... connected.
HTTP request sent, awaiting response... 200 OK
Length: 1348 (1.3K) [application/json]
Saving to: ‘/root/process_mining/announcements/data/19_04_2022/ann19.04.2022-13-50-01.json’

     0K .                                                     100%  242M=0s

2022-04-19 13:50:02 (242 MB/s) - ‘/root/process_mining/announcements/data/19_04_2022/ann19.04.2022-13-50-01.json’ saved [1348/1348]

--2022-04-19 14:00:02--  https://files.cloudgdansk.pl/d/otwarte-dane/ztm/bsk.json
Resolving files.cloudgdansk.pl (files.cloudgdansk.pl)... 153.19.238.147
Connecting to files.cloudgdansk.pl (files.cloudgdansk.pl)|153.19.238.147|:443... connected.
HTTP request sent, awaiting response... 200 OK
Length: 1348 (1.3K) [application/json]
Saving to: ‘/root/process_mining/announcements/data/19_04_2022/ann19.04.2022-14-00-02.json’

     0K .                                                     100%  261M=0s

2022-04-19 14:00:02 (261 MB/s) - ‘/root/process_mining/announcements/data/19_04_2022/ann19.04.2022-14-00-02.json’ saved [1348/1348]

--2022-04-19 14:10:01--  https://files.cloudgdansk.pl/d/otwarte-dane/ztm/bsk.json
Resolving files.cloudgdansk.pl (files.cloudgdansk.pl)... 153.19.238.147
Connecting to files.cloudgdansk.pl (files.cloudgdansk.pl)|153.19.238.147|:443... connected.
HTTP request sent, awaiting response... 200 OK
Length: 1348 (1.3K) [application/json]
Saving to: ‘/root/process_mining/announcements/data/19_04_2022/ann19.04.2022-14-10-01.json’

     0K .                                                     100%  250M=0s

2022-04-19 14:10:02 (250 MB/s) - ‘/root/process_mining/announcements/data/19_04_2022/ann19.04.2022-14-10-01.json’ saved [1348/1348]

--2022-04-19 14:20:01--  https://files.cloudgdansk.pl/d/otwarte-dane/ztm/bsk.json
Resolving files.cloudgdansk.pl (files.cloudgdansk.pl)... 153.19.238.147
Connecting to files.cloudgdansk.pl (files.cloudgdansk.pl)|153.19.238.147|:443... connected.
HTTP request sent, awaiting response... 200 OK
Length: 913 [application/json]
Saving to: ‘/root/process_mining/announcements/data/19_04_2022/ann19.04.2022-14-20-01.json’

     0K                                                       100%  171M=0s

2022-04-19 14:20:01 (171 MB/s) - ‘/root/process_mining/announcements/data/19_04_2022/ann19.04.2022-14-20-01.json’ saved [913/913]

--2022-04-19 14:30:01--  https://files.cloudgdansk.pl/d/otwarte-dane/ztm/bsk.json
Resolving files.cloudgdansk.pl (files.cloudgdansk.pl)... 153.19.238.147
Connecting to files.cloudgdansk.pl (files.cloudgdansk.pl)|153.19.238.147|:443... connected.
HTTP request sent, awaiting response... 200 OK
Length: 913 [application/json]
Saving to: ‘/root/process_mining/announcements/data/19_04_2022/ann19.04.2022-14-30-01.json’

     0K                                                       100%  172M=0s

2022-04-19 14:30:01 (172 MB/s) - ‘/root/process_mining/announcements/data/19_04_2022/ann19.04.2022-14-30-01.json’ saved [913/913]

--2022-04-19 14:40:02--  https://files.cloudgdansk.pl/d/otwarte-dane/ztm/bsk.json
Resolving files.cloudgdansk.pl (files.cloudgdansk.pl)... 153.19.238.147
Connecting to files.cloudgdansk.pl (files.cloudgdansk.pl)|153.19.238.147|:443... connected.
HTTP request sent, awaiting response... 200 OK
Length: 1149 (1.1K) [application/json]
Saving to: ‘/root/process_mining/announcements/data/19_04_2022/ann19.04.2022-14-40-02.json’

     0K .                                                     100%  214M=0s

2022-04-19 14:40:02 (214 MB/s) - ‘/root/process_mining/announcements/data/19_04_2022/ann19.04.2022-14-40-02.json’ saved [1149/1149]

--2022-04-19 14:50:01--  https://files.cloudgdansk.pl/d/otwarte-dane/ztm/bsk.json
Resolving files.cloudgdansk.pl (files.cloudgdansk.pl)... 153.19.238.147
Connecting to files.cloudgdansk.pl (files.cloudgdansk.pl)|153.19.238.147|:443... connected.
HTTP request sent, awaiting response... 200 OK
Length: 1149 (1.1K) [application/json]
Saving to: ‘/root/process_mining/announcements/data/19_04_2022/ann19.04.2022-14-50-01.json’

     0K .                                                     100%  219M=0s

2022-04-19 14:50:02 (219 MB/s) - ‘/root/process_mining/announcements/data/19_04_2022/ann19.04.2022-14-50-01.json’ saved [1149/1149]

--2022-04-19 15:00:01--  https://files.cloudgdansk.pl/d/otwarte-dane/ztm/bsk.json
Resolving files.cloudgdansk.pl (files.cloudgdansk.pl)... 153.19.238.147
Connecting to files.cloudgdansk.pl (files.cloudgdansk.pl)|153.19.238.147|:443... connected.
HTTP request sent, awaiting response... 200 OK
Length: 1149 (1.1K) [application/json]
Saving to: ‘/root/process_mining/announcements/data/19_04_2022/ann19.04.2022-15-00-01.json’

     0K .                                                     100%  231M=0s

2022-04-19 15:00:02 (231 MB/s) - ‘/root/process_mining/announcements/data/19_04_2022/ann19.04.2022-15-00-01.json’ saved [1149/1149]

--2022-04-19 15:10:01--  https://files.cloudgdansk.pl/d/otwarte-dane/ztm/bsk.json
Resolving files.cloudgdansk.pl (files.cloudgdansk.pl)... 153.19.238.147
Connecting to files.cloudgdansk.pl (files.cloudgdansk.pl)|153.19.238.147|:443... connected.
HTTP request sent, awaiting response... 200 OK
Length: 1149 (1.1K) [application/json]
Saving to: ‘/root/process_mining/announcements/data/19_04_2022/ann19.04.2022-15-10-01.json’

     0K .                                                     100%  219M=0s

2022-04-19 15:10:01 (219 MB/s) - ‘/root/process_mining/announcements/data/19_04_2022/ann19.04.2022-15-10-01.json’ saved [1149/1149]

--2022-04-19 15:20:01--  https://files.cloudgdansk.pl/d/otwarte-dane/ztm/bsk.json
Resolving files.cloudgdansk.pl (files.cloudgdansk.pl)... 153.19.238.147
Connecting to files.cloudgdansk.pl (files.cloudgdansk.pl)|153.19.238.147|:443... connected.
HTTP request sent, awaiting response... 200 OK
Length: 1146 (1.1K) [application/json]
Saving to: ‘/root/process_mining/announcements/data/19_04_2022/ann19.04.2022-15-20-01.json’

     0K .                                                     100%  218M=0s

2022-04-19 15:20:02 (218 MB/s) - ‘/root/process_mining/announcements/data/19_04_2022/ann19.04.2022-15-20-01.json’ saved [1146/1146]

--2022-04-19 15:30:01--  https://files.cloudgdansk.pl/d/otwarte-dane/ztm/bsk.json
Resolving files.cloudgdansk.pl (files.cloudgdansk.pl)... 153.19.238.147
Connecting to files.cloudgdansk.pl (files.cloudgdansk.pl)|153.19.238.147|:443... connected.
HTTP request sent, awaiting response... 200 OK
Length: 1146 (1.1K) [application/json]
Saving to: ‘/root/process_mining/announcements/data/19_04_2022/ann19.04.2022-15-30-01.json’

     0K .                                                     100%  204M=0s

2022-04-19 15:30:02 (204 MB/s) - ‘/root/process_mining/announcements/data/19_04_2022/ann19.04.2022-15-30-01.json’ saved [1146/1146]

--2022-04-19 15:40:02--  https://files.cloudgdansk.pl/d/otwarte-dane/ztm/bsk.json
Resolving files.cloudgdansk.pl (files.cloudgdansk.pl)... 153.19.238.147
Connecting to files.cloudgdansk.pl (files.cloudgdansk.pl)|153.19.238.147|:443... connected.
HTTP request sent, awaiting response... 200 OK
Length: 60 [text/plain]
Saving to: ‘/root/process_mining/announcements/data/19_04_2022/ann19.04.2022-15-40-02.json’

     0K                                                       100% 11.3M=0s

2022-04-19 15:40:02 (11.3 MB/s) - ‘/root/process_mining/announcements/data/19_04_2022/ann19.04.2022-15-40-02.json’ saved [60/60]

--2022-04-19 15:50:01--  https://files.cloudgdansk.pl/d/otwarte-dane/ztm/bsk.json
Resolving files.cloudgdansk.pl (files.cloudgdansk.pl)... 153.19.238.147
Connecting to files.cloudgdansk.pl (files.cloudgdansk.pl)|153.19.238.147|:443... connected.
HTTP request sent, awaiting response... 200 OK
Length: 60 [text/plain]
Saving to: ‘/root/process_mining/announcements/data/19_04_2022/ann19.04.2022-15-50-01.json’

     0K                                                       100% 11.5M=0s

2022-04-19 15:50:01 (11.5 MB/s) - ‘/root/process_mining/announcements/data/19_04_2022/ann19.04.2022-15-50-01.json’ saved [60/60]

--2022-04-19 16:00:01--  https://files.cloudgdansk.pl/d/otwarte-dane/ztm/bsk.json
Resolving files.cloudgdansk.pl (files.cloudgdansk.pl)... 153.19.238.147
Connecting to files.cloudgdansk.pl (files.cloudgdansk.pl)|153.19.238.147|:443... connected.
HTTP request sent, awaiting response... 200 OK
Length: 60 [text/plain]
Saving to: ‘/root/process_mining/announcements/data/19_04_2022/ann19.04.2022-16-00-01.json’

     0K                                                       100% 12.3M=0s

2022-04-19 16:00:01 (12.3 MB/s) - ‘/root/process_mining/announcements/data/19_04_2022/ann19.04.2022-16-00-01.json’ saved [60/60]

--2022-04-19 16:10:01--  https://files.cloudgdansk.pl/d/otwarte-dane/ztm/bsk.json
Resolving files.cloudgdansk.pl (files.cloudgdansk.pl)... 153.19.238.147
Connecting to files.cloudgdansk.pl (files.cloudgdansk.pl)|153.19.238.147|:443... connected.
HTTP request sent, awaiting response... 200 OK
Length: 60 [text/plain]
Saving to: ‘/root/process_mining/announcements/data/19_04_2022/ann19.04.2022-16-10-01.json’

     0K                                                       100% 12.1M=0s

2022-04-19 16:10:02 (12.1 MB/s) - ‘/root/process_mining/announcements/data/19_04_2022/ann19.04.2022-16-10-01.json’ saved [60/60]

--2022-04-19 16:20:01--  https://files.cloudgdansk.pl/d/otwarte-dane/ztm/bsk.json
Resolving files.cloudgdansk.pl (files.cloudgdansk.pl)... 153.19.238.147
Connecting to files.cloudgdansk.pl (files.cloudgdansk.pl)|153.19.238.147|:443... connected.
HTTP request sent, awaiting response... 200 OK
Length: 60 [text/plain]
Saving to: ‘/root/process_mining/announcements/data/19_04_2022/ann19.04.2022-16-20-01.json’

     0K                                                       100% 11.9M=0s

2022-04-19 16:20:02 (11.9 MB/s) - ‘/root/process_mining/announcements/data/19_04_2022/ann19.04.2022-16-20-01.json’ saved [60/60]

--2022-04-19 16:30:01--  https://files.cloudgdansk.pl/d/otwarte-dane/ztm/bsk.json
Resolving files.cloudgdansk.pl (files.cloudgdansk.pl)... 153.19.238.147
Connecting to files.cloudgdansk.pl (files.cloudgdansk.pl)|153.19.238.147|:443... connected.
HTTP request sent, awaiting response... 200 OK
Length: 60 [text/plain]
Saving to: ‘/root/process_mining/announcements/data/19_04_2022/ann19.04.2022-16-30-01.json’

     0K                                                       100% 11.4M=0s

2022-04-19 16:30:02 (11.4 MB/s) - ‘/root/process_mining/announcements/data/19_04_2022/ann19.04.2022-16-30-01.json’ saved [60/60]

--2022-04-19 16:40:01--  https://files.cloudgdansk.pl/d/otwarte-dane/ztm/bsk.json
Resolving files.cloudgdansk.pl (files.cloudgdansk.pl)... 153.19.238.147
Connecting to files.cloudgdansk.pl (files.cloudgdansk.pl)|153.19.238.147|:443... connected.
HTTP request sent, awaiting response... 200 OK
Length: 60 [text/plain]
Saving to: ‘/root/process_mining/announcements/data/19_04_2022/ann19.04.2022-16-40-01.json’

     0K                                                       100% 11.9M=0s

2022-04-19 16:40:02 (11.9 MB/s) - ‘/root/process_mining/announcements/data/19_04_2022/ann19.04.2022-16-40-01.json’ saved [60/60]

--2022-04-19 16:50:01--  https://files.cloudgdansk.pl/d/otwarte-dane/ztm/bsk.json
Resolving files.cloudgdansk.pl (files.cloudgdansk.pl)... 153.19.238.147
Connecting to files.cloudgdansk.pl (files.cloudgdansk.pl)|153.19.238.147|:443... connected.
HTTP request sent, awaiting response... 200 OK
Length: 60 [text/plain]
Saving to: ‘/root/process_mining/announcements/data/19_04_2022/ann19.04.2022-16-50-01.json’

     0K                                                       100% 12.3M=0s

2022-04-19 16:50:02 (12.3 MB/s) - ‘/root/process_mining/announcements/data/19_04_2022/ann19.04.2022-16-50-01.json’ saved [60/60]

--2022-04-19 17:00:01--  https://files.cloudgdansk.pl/d/otwarte-dane/ztm/bsk.json
Resolving files.cloudgdansk.pl (files.cloudgdansk.pl)... 153.19.238.147
Connecting to files.cloudgdansk.pl (files.cloudgdansk.pl)|153.19.238.147|:443... connected.
HTTP request sent, awaiting response... 200 OK
Length: 60 [text/plain]
Saving to: ‘/root/process_mining/announcements/data/19_04_2022/ann19.04.2022-17-00-01.json’

     0K                                                       100% 12.6M=0s

2022-04-19 17:00:02 (12.6 MB/s) - ‘/root/process_mining/announcements/data/19_04_2022/ann19.04.2022-17-00-01.json’ saved [60/60]

--2022-04-19 17:10:01--  https://files.cloudgdansk.pl/d/otwarte-dane/ztm/bsk.json
Resolving files.cloudgdansk.pl (files.cloudgdansk.pl)... 153.19.238.147
Connecting to files.cloudgdansk.pl (files.cloudgdansk.pl)|153.19.238.147|:443... connected.
HTTP request sent, awaiting response... 200 OK
Length: 60 [text/plain]
Saving to: ‘/root/process_mining/announcements/data/19_04_2022/ann19.04.2022-17-10-01.json’

     0K                                                       100% 12.7M=0s

2022-04-19 17:10:02 (12.7 MB/s) - ‘/root/process_mining/announcements/data/19_04_2022/ann19.04.2022-17-10-01.json’ saved [60/60]

--2022-04-19 17:20:01--  https://files.cloudgdansk.pl/d/otwarte-dane/ztm/bsk.json
Resolving files.cloudgdansk.pl (files.cloudgdansk.pl)... 153.19.238.147
Connecting to files.cloudgdansk.pl (files.cloudgdansk.pl)|153.19.238.147|:443... connected.
HTTP request sent, awaiting response... 200 OK
Length: 60 [text/plain]
Saving to: ‘/root/process_mining/announcements/data/19_04_2022/ann19.04.2022-17-20-01.json’

     0K                                                       100% 10.7M=0s

2022-04-19 17:20:02 (10.7 MB/s) - ‘/root/process_mining/announcements/data/19_04_2022/ann19.04.2022-17-20-01.json’ saved [60/60]

--2022-04-19 17:30:01--  https://files.cloudgdansk.pl/d/otwarte-dane/ztm/bsk.json
Resolving files.cloudgdansk.pl (files.cloudgdansk.pl)... 153.19.238.147
Connecting to files.cloudgdansk.pl (files.cloudgdansk.pl)|153.19.238.147|:443... connected.
HTTP request sent, awaiting response... 200 OK
Length: 60 [text/plain]
Saving to: ‘/root/process_mining/announcements/data/19_04_2022/ann19.04.2022-17-30-01.json’

     0K                                                       100% 12.2M=0s

2022-04-19 17:30:01 (12.2 MB/s) - ‘/root/process_mining/announcements/data/19_04_2022/ann19.04.2022-17-30-01.json’ saved [60/60]

--2022-04-19 17:40:01--  https://files.cloudgdansk.pl/d/otwarte-dane/ztm/bsk.json
Resolving files.cloudgdansk.pl (files.cloudgdansk.pl)... 153.19.238.147
Connecting to files.cloudgdansk.pl (files.cloudgdansk.pl)|153.19.238.147|:443... connected.
HTTP request sent, awaiting response... 200 OK
Length: 60 [text/plain]
Saving to: ‘/root/process_mining/announcements/data/19_04_2022/ann19.04.2022-17-40-01.json’

     0K                                                       100% 12.2M=0s

2022-04-19 17:40:01 (12.2 MB/s) - ‘/root/process_mining/announcements/data/19_04_2022/ann19.04.2022-17-40-01.json’ saved [60/60]

--2022-04-19 17:50:01--  https://files.cloudgdansk.pl/d/otwarte-dane/ztm/bsk.json
Resolving files.cloudgdansk.pl (files.cloudgdansk.pl)... 153.19.238.147
Connecting to files.cloudgdansk.pl (files.cloudgdansk.pl)|153.19.238.147|:443... connected.
HTTP request sent, awaiting response... 200 OK
Length: 60 [text/plain]
Saving to: ‘/root/process_mining/announcements/data/19_04_2022/ann19.04.2022-17-50-01.json’

     0K                                                       100% 13.3M=0s

2022-04-19 17:50:02 (13.3 MB/s) - ‘/root/process_mining/announcements/data/19_04_2022/ann19.04.2022-17-50-01.json’ saved [60/60]

--2022-04-19 18:00:01--  https://files.cloudgdansk.pl/d/otwarte-dane/ztm/bsk.json
Resolving files.cloudgdansk.pl (files.cloudgdansk.pl)... 153.19.238.147
Connecting to files.cloudgdansk.pl (files.cloudgdansk.pl)|153.19.238.147|:443... connected.
HTTP request sent, awaiting response... 200 OK
Length: 60 [text/plain]
Saving to: ‘/root/process_mining/announcements/data/19_04_2022/ann19.04.2022-18-00-01.json’

     0K                                                       100% 10.1M=0s

2022-04-19 18:00:01 (10.1 MB/s) - ‘/root/process_mining/announcements/data/19_04_2022/ann19.04.2022-18-00-01.json’ saved [60/60]

--2022-04-19 18:10:01--  https://files.cloudgdansk.pl/d/otwarte-dane/ztm/bsk.json
Resolving files.cloudgdansk.pl (files.cloudgdansk.pl)... 153.19.238.147
Connecting to files.cloudgdansk.pl (files.cloudgdansk.pl)|153.19.238.147|:443... connected.
HTTP request sent, awaiting response... 200 OK
Length: 60 [text/plain]
Saving to: ‘/root/process_mining/announcements/data/19_04_2022/ann19.04.2022-18-10-01.json’

     0K                                                       100% 12.0M=0s

2022-04-19 18:10:01 (12.0 MB/s) - ‘/root/process_mining/announcements/data/19_04_2022/ann19.04.2022-18-10-01.json’ saved [60/60]

--2022-04-19 18:20:01--  https://files.cloudgdansk.pl/d/otwarte-dane/ztm/bsk.json
Resolving files.cloudgdansk.pl (files.cloudgdansk.pl)... 153.19.238.147
Connecting to files.cloudgdansk.pl (files.cloudgdansk.pl)|153.19.238.147|:443... connected.
HTTP request sent, awaiting response... 200 OK
Length: 60 [text/plain]
Saving to: ‘/root/process_mining/announcements/data/19_04_2022/ann19.04.2022-18-20-01.json’

     0K                                                       100% 12.3M=0s

2022-04-19 18:20:02 (12.3 MB/s) - ‘/root/process_mining/announcements/data/19_04_2022/ann19.04.2022-18-20-01.json’ saved [60/60]

--2022-04-19 18:30:01--  https://files.cloudgdansk.pl/d/otwarte-dane/ztm/bsk.json
Resolving files.cloudgdansk.pl (files.cloudgdansk.pl)... 153.19.238.147
Connecting to files.cloudgdansk.pl (files.cloudgdansk.pl)|153.19.238.147|:443... connected.
HTTP request sent, awaiting response... 200 OK
Length: 60 [text/plain]
Saving to: ‘/root/process_mining/announcements/data/19_04_2022/ann19.04.2022-18-30-01.json’

     0K                                                       100% 12.3M=0s

2022-04-19 18:30:01 (12.3 MB/s) - ‘/root/process_mining/announcements/data/19_04_2022/ann19.04.2022-18-30-01.json’ saved [60/60]

--2022-04-19 18:40:01--  https://files.cloudgdansk.pl/d/otwarte-dane/ztm/bsk.json
Resolving files.cloudgdansk.pl (files.cloudgdansk.pl)... 153.19.238.147
Connecting to files.cloudgdansk.pl (files.cloudgdansk.pl)|153.19.238.147|:443... connected.
HTTP request sent, awaiting response... 200 OK
Length: 60 [text/plain]
Saving to: ‘/root/process_mining/announcements/data/19_04_2022/ann19.04.2022-18-40-01.json’

     0K                                                       100% 12.5M=0s

2022-04-19 18:40:02 (12.5 MB/s) - ‘/root/process_mining/announcements/data/19_04_2022/ann19.04.2022-18-40-01.json’ saved [60/60]

--2022-04-19 18:50:01--  https://files.cloudgdansk.pl/d/otwarte-dane/ztm/bsk.json
Resolving files.cloudgdansk.pl (files.cloudgdansk.pl)... 153.19.238.147
Connecting to files.cloudgdansk.pl (files.cloudgdansk.pl)|153.19.238.147|:443... connected.
HTTP request sent, awaiting response... 200 OK
Length: 60 [text/plain]
Saving to: ‘/root/process_mining/announcements/data/19_04_2022/ann19.04.2022-18-50-01.json’

     0K                                                       100% 13.1M=0s

2022-04-19 18:50:01 (13.1 MB/s) - ‘/root/process_mining/announcements/data/19_04_2022/ann19.04.2022-18-50-01.json’ saved [60/60]

--2022-04-19 19:00:01--  https://files.cloudgdansk.pl/d/otwarte-dane/ztm/bsk.json
Resolving files.cloudgdansk.pl (files.cloudgdansk.pl)... 153.19.238.147
Connecting to files.cloudgdansk.pl (files.cloudgdansk.pl)|153.19.238.147|:443... connected.
HTTP request sent, awaiting response... 200 OK
Length: 60 [text/plain]
Saving to: ‘/root/process_mining/announcements/data/19_04_2022/ann19.04.2022-19-00-01.json’

     0K                                                       100% 11.1M=0s

2022-04-19 19:00:02 (11.1 MB/s) - ‘/root/process_mining/announcements/data/19_04_2022/ann19.04.2022-19-00-01.json’ saved [60/60]

--2022-04-19 19:10:01--  https://files.cloudgdansk.pl/d/otwarte-dane/ztm/bsk.json
Resolving files.cloudgdansk.pl (files.cloudgdansk.pl)... 153.19.238.147
Connecting to files.cloudgdansk.pl (files.cloudgdansk.pl)|153.19.238.147|:443... connected.
HTTP request sent, awaiting response... 200 OK
Length: 60 [text/plain]
Saving to: ‘/root/process_mining/announcements/data/19_04_2022/ann19.04.2022-19-10-01.json’

     0K                                                       100% 11.4M=0s

2022-04-19 19:10:02 (11.4 MB/s) - ‘/root/process_mining/announcements/data/19_04_2022/ann19.04.2022-19-10-01.json’ saved [60/60]

--2022-04-19 19:20:01--  https://files.cloudgdansk.pl/d/otwarte-dane/ztm/bsk.json
Resolving files.cloudgdansk.pl (files.cloudgdansk.pl)... 153.19.238.147
Connecting to files.cloudgdansk.pl (files.cloudgdansk.pl)|153.19.238.147|:443... connected.
HTTP request sent, awaiting response... 200 OK
Length: 60 [text/plain]
Saving to: ‘/root/process_mining/announcements/data/19_04_2022/ann19.04.2022-19-20-01.json’

     0K                                                       100% 12.2M=0s

2022-04-19 19:20:02 (12.2 MB/s) - ‘/root/process_mining/announcements/data/19_04_2022/ann19.04.2022-19-20-01.json’ saved [60/60]

--2022-04-19 19:30:01--  https://files.cloudgdansk.pl/d/otwarte-dane/ztm/bsk.json
Resolving files.cloudgdansk.pl (files.cloudgdansk.pl)... 153.19.238.147
Connecting to files.cloudgdansk.pl (files.cloudgdansk.pl)|153.19.238.147|:443... connected.
HTTP request sent, awaiting response... 200 OK
Length: 60 [text/plain]
Saving to: ‘/root/process_mining/announcements/data/19_04_2022/ann19.04.2022-19-30-01.json’

     0K                                                       100% 10.9M=0s

2022-04-19 19:30:02 (10.9 MB/s) - ‘/root/process_mining/announcements/data/19_04_2022/ann19.04.2022-19-30-01.json’ saved [60/60]

--2022-04-19 19:40:01--  https://files.cloudgdansk.pl/d/otwarte-dane/ztm/bsk.json
Resolving files.cloudgdansk.pl (files.cloudgdansk.pl)... 153.19.238.147
Connecting to files.cloudgdansk.pl (files.cloudgdansk.pl)|153.19.238.147|:443... connected.
HTTP request sent, awaiting response... 200 OK
Length: 60 [text/plain]
Saving to: ‘/root/process_mining/announcements/data/19_04_2022/ann19.04.2022-19-40-01.json’

     0K                                                       100% 11.7M=0s

2022-04-19 19:40:01 (11.7 MB/s) - ‘/root/process_mining/announcements/data/19_04_2022/ann19.04.2022-19-40-01.json’ saved [60/60]

--2022-04-19 19:50:01--  https://files.cloudgdansk.pl/d/otwarte-dane/ztm/bsk.json
Resolving files.cloudgdansk.pl (files.cloudgdansk.pl)... 153.19.238.147
Connecting to files.cloudgdansk.pl (files.cloudgdansk.pl)|153.19.238.147|:443... connected.
HTTP request sent, awaiting response... 200 OK
Length: 60 [text/plain]
Saving to: ‘/root/process_mining/announcements/data/19_04_2022/ann19.04.2022-19-50-01.json’

     0K                                                       100% 12.4M=0s

2022-04-19 19:50:02 (12.4 MB/s) - ‘/root/process_mining/announcements/data/19_04_2022/ann19.04.2022-19-50-01.json’ saved [60/60]

--2022-04-19 20:00:01--  https://files.cloudgdansk.pl/d/otwarte-dane/ztm/bsk.json
Resolving files.cloudgdansk.pl (files.cloudgdansk.pl)... 153.19.238.147
Connecting to files.cloudgdansk.pl (files.cloudgdansk.pl)|153.19.238.147|:443... connected.
HTTP request sent, awaiting response... 200 OK
Length: 60 [text/plain]
Saving to: ‘/root/process_mining/announcements/data/19_04_2022/ann19.04.2022-20-00-01.json’

     0K                                                       100% 11.6M=0s

2022-04-19 20:00:02 (11.6 MB/s) - ‘/root/process_mining/announcements/data/19_04_2022/ann19.04.2022-20-00-01.json’ saved [60/60]

--2022-04-19 20:10:01--  https://files.cloudgdansk.pl/d/otwarte-dane/ztm/bsk.json
Resolving files.cloudgdansk.pl (files.cloudgdansk.pl)... 153.19.238.147
Connecting to files.cloudgdansk.pl (files.cloudgdansk.pl)|153.19.238.147|:443... connected.
HTTP request sent, awaiting response... 200 OK
Length: 60 [text/plain]
Saving to: ‘/root/process_mining/announcements/data/19_04_2022/ann19.04.2022-20-10-01.json’

     0K                                                       100% 12.1M=0s

2022-04-19 20:10:02 (12.1 MB/s) - ‘/root/process_mining/announcements/data/19_04_2022/ann19.04.2022-20-10-01.json’ saved [60/60]

--2022-04-19 20:20:01--  https://files.cloudgdansk.pl/d/otwarte-dane/ztm/bsk.json
Resolving files.cloudgdansk.pl (files.cloudgdansk.pl)... 153.19.238.147
Connecting to files.cloudgdansk.pl (files.cloudgdansk.pl)|153.19.238.147|:443... connected.
HTTP request sent, awaiting response... 200 OK
Length: 60 [text/plain]
Saving to: ‘/root/process_mining/announcements/data/19_04_2022/ann19.04.2022-20-20-01.json’

     0K                                                       100% 11.5M=0s

2022-04-19 20:20:02 (11.5 MB/s) - ‘/root/process_mining/announcements/data/19_04_2022/ann19.04.2022-20-20-01.json’ saved [60/60]

--2022-04-19 20:30:01--  https://files.cloudgdansk.pl/d/otwarte-dane/ztm/bsk.json
Resolving files.cloudgdansk.pl (files.cloudgdansk.pl)... 153.19.238.147
Connecting to files.cloudgdansk.pl (files.cloudgdansk.pl)|153.19.238.147|:443... connected.
HTTP request sent, awaiting response... 200 OK
Length: 60 [text/plain]
Saving to: ‘/root/process_mining/announcements/data/19_04_2022/ann19.04.2022-20-30-01.json’

     0K                                                       100% 11.7M=0s

2022-04-19 20:30:01 (11.7 MB/s) - ‘/root/process_mining/announcements/data/19_04_2022/ann19.04.2022-20-30-01.json’ saved [60/60]

--2022-04-19 20:40:01--  https://files.cloudgdansk.pl/d/otwarte-dane/ztm/bsk.json
Resolving files.cloudgdansk.pl (files.cloudgdansk.pl)... 153.19.238.147
Connecting to files.cloudgdansk.pl (files.cloudgdansk.pl)|153.19.238.147|:443... connected.
HTTP request sent, awaiting response... 200 OK
Length: 60 [text/plain]
Saving to: ‘/root/process_mining/announcements/data/19_04_2022/ann19.04.2022-20-40-01.json’

     0K                                                       100% 12.3M=0s

2022-04-19 20:40:01 (12.3 MB/s) - ‘/root/process_mining/announcements/data/19_04_2022/ann19.04.2022-20-40-01.json’ saved [60/60]

--2022-04-19 20:50:01--  https://files.cloudgdansk.pl/d/otwarte-dane/ztm/bsk.json
Resolving files.cloudgdansk.pl (files.cloudgdansk.pl)... 153.19.238.147
Connecting to files.cloudgdansk.pl (files.cloudgdansk.pl)|153.19.238.147|:443... connected.
HTTP request sent, awaiting response... 200 OK
Length: 60 [text/plain]
Saving to: ‘/root/process_mining/announcements/data/19_04_2022/ann19.04.2022-20-50-01.json’

     0K                                                       100% 11.6M=0s

2022-04-19 20:50:02 (11.6 MB/s) - ‘/root/process_mining/announcements/data/19_04_2022/ann19.04.2022-20-50-01.json’ saved [60/60]

--2022-04-19 21:00:01--  https://files.cloudgdansk.pl/d/otwarte-dane/ztm/bsk.json
Resolving files.cloudgdansk.pl (files.cloudgdansk.pl)... 153.19.238.147
Connecting to files.cloudgdansk.pl (files.cloudgdansk.pl)|153.19.238.147|:443... connected.
HTTP request sent, awaiting response... 200 OK
Length: 60 [text/plain]
Saving to: ‘/root/process_mining/announcements/data/19_04_2022/ann19.04.2022-21-00-01.json’

     0K                                                       100% 10.5M=0s

2022-04-19 21:00:02 (10.5 MB/s) - ‘/root/process_mining/announcements/data/19_04_2022/ann19.04.2022-21-00-01.json’ saved [60/60]

--2022-04-19 21:10:01--  https://files.cloudgdansk.pl/d/otwarte-dane/ztm/bsk.json
Resolving files.cloudgdansk.pl (files.cloudgdansk.pl)... 153.19.238.147
Connecting to files.cloudgdansk.pl (files.cloudgdansk.pl)|153.19.238.147|:443... connected.
HTTP request sent, awaiting response... 200 OK
Length: 60 [text/plain]
Saving to: ‘/root/process_mining/announcements/data/19_04_2022/ann19.04.2022-21-10-01.json’

     0K                                                       100% 11.8M=0s

2022-04-19 21:10:02 (11.8 MB/s) - ‘/root/process_mining/announcements/data/19_04_2022/ann19.04.2022-21-10-01.json’ saved [60/60]

--2022-04-19 21:20:01--  https://files.cloudgdansk.pl/d/otwarte-dane/ztm/bsk.json
Resolving files.cloudgdansk.pl (files.cloudgdansk.pl)... 153.19.238.147
Connecting to files.cloudgdansk.pl (files.cloudgdansk.pl)|153.19.238.147|:443... connected.
HTTP request sent, awaiting response... 200 OK
Length: 60 [text/plain]
Saving to: ‘/root/process_mining/announcements/data/19_04_2022/ann19.04.2022-21-20-01.json’

     0K                                                       100% 12.3M=0s

2022-04-19 21:20:02 (12.3 MB/s) - ‘/root/process_mining/announcements/data/19_04_2022/ann19.04.2022-21-20-01.json’ saved [60/60]

--2022-04-19 21:30:02--  https://files.cloudgdansk.pl/d/otwarte-dane/ztm/bsk.json
Resolving files.cloudgdansk.pl (files.cloudgdansk.pl)... 153.19.238.147
Connecting to files.cloudgdansk.pl (files.cloudgdansk.pl)|153.19.238.147|:443... connected.
HTTP request sent, awaiting response... 200 OK
Length: 60 [text/plain]
Saving to: ‘/root/process_mining/announcements/data/19_04_2022/ann19.04.2022-21-30-02.json’

     0K                                                       100% 12.8M=0s

2022-04-19 21:30:02 (12.8 MB/s) - ‘/root/process_mining/announcements/data/19_04_2022/ann19.04.2022-21-30-02.json’ saved [60/60]

--2022-04-19 21:40:02--  https://files.cloudgdansk.pl/d/otwarte-dane/ztm/bsk.json
Resolving files.cloudgdansk.pl (files.cloudgdansk.pl)... 153.19.238.147
Connecting to files.cloudgdansk.pl (files.cloudgdansk.pl)|153.19.238.147|:443... connected.
HTTP request sent, awaiting response... 200 OK
Length: 60 [text/plain]
Saving to: ‘/root/process_mining/announcements/data/19_04_2022/ann19.04.2022-21-40-02.json’

     0K                                                       100% 11.9M=0s

2022-04-19 21:40:02 (11.9 MB/s) - ‘/root/process_mining/announcements/data/19_04_2022/ann19.04.2022-21-40-02.json’ saved [60/60]

--2022-04-19 21:50:01--  https://files.cloudgdansk.pl/d/otwarte-dane/ztm/bsk.json
Resolving files.cloudgdansk.pl (files.cloudgdansk.pl)... 153.19.238.147
Connecting to files.cloudgdansk.pl (files.cloudgdansk.pl)|153.19.238.147|:443... connected.
HTTP request sent, awaiting response... 200 OK
Length: 60 [text/plain]
Saving to: ‘/root/process_mining/announcements/data/19_04_2022/ann19.04.2022-21-50-01.json’

     0K                                                       100% 12.4M=0s

2022-04-19 21:50:02 (12.4 MB/s) - ‘/root/process_mining/announcements/data/19_04_2022/ann19.04.2022-21-50-01.json’ saved [60/60]

--2022-04-19 22:00:01--  https://files.cloudgdansk.pl/d/otwarte-dane/ztm/bsk.json
Resolving files.cloudgdansk.pl (files.cloudgdansk.pl)... 153.19.238.147
Connecting to files.cloudgdansk.pl (files.cloudgdansk.pl)|153.19.238.147|:443... connected.
HTTP request sent, awaiting response... 200 OK
Length: 60 [text/plain]
Saving to: ‘/root/process_mining/announcements/data/19_04_2022/ann19.04.2022-22-00-01.json’

     0K                                                       100% 12.9M=0s

2022-04-19 22:00:02 (12.9 MB/s) - ‘/root/process_mining/announcements/data/19_04_2022/ann19.04.2022-22-00-01.json’ saved [60/60]

--2022-04-19 22:10:01--  https://files.cloudgdansk.pl/d/otwarte-dane/ztm/bsk.json
Resolving files.cloudgdansk.pl (files.cloudgdansk.pl)... 153.19.238.147
Connecting to files.cloudgdansk.pl (files.cloudgdansk.pl)|153.19.238.147|:443... connected.
HTTP request sent, awaiting response... 200 OK
Length: 60 [text/plain]
Saving to: ‘/root/process_mining/announcements/data/19_04_2022/ann19.04.2022-22-10-01.json’

     0K                                                       100% 12.0M=0s

2022-04-19 22:10:02 (12.0 MB/s) - ‘/root/process_mining/announcements/data/19_04_2022/ann19.04.2022-22-10-01.json’ saved [60/60]

--2022-04-19 22:20:01--  https://files.cloudgdansk.pl/d/otwarte-dane/ztm/bsk.json
Resolving files.cloudgdansk.pl (files.cloudgdansk.pl)... 153.19.238.147
Connecting to files.cloudgdansk.pl (files.cloudgdansk.pl)|153.19.238.147|:443... connected.
HTTP request sent, awaiting response... 200 OK
Length: 60 [text/plain]
Saving to: ‘/root/process_mining/announcements/data/19_04_2022/ann19.04.2022-22-20-01.json’

     0K                                                       100% 12.3M=0s

2022-04-19 22:20:01 (12.3 MB/s) - ‘/root/process_mining/announcements/data/19_04_2022/ann19.04.2022-22-20-01.json’ saved [60/60]

--2022-04-19 22:30:01--  https://files.cloudgdansk.pl/d/otwarte-dane/ztm/bsk.json
Resolving files.cloudgdansk.pl (files.cloudgdansk.pl)... 153.19.238.147
Connecting to files.cloudgdansk.pl (files.cloudgdansk.pl)|153.19.238.147|:443... connected.
HTTP request sent, awaiting response... 200 OK
Length: 60 [text/plain]
Saving to: ‘/root/process_mining/announcements/data/19_04_2022/ann19.04.2022-22-30-01.json’

     0K                                                       100% 13.2M=0s

2022-04-19 22:30:02 (13.2 MB/s) - ‘/root/process_mining/announcements/data/19_04_2022/ann19.04.2022-22-30-01.json’ saved [60/60]

--2022-04-19 22:40:01--  https://files.cloudgdansk.pl/d/otwarte-dane/ztm/bsk.json
Resolving files.cloudgdansk.pl (files.cloudgdansk.pl)... 153.19.238.147
Connecting to files.cloudgdansk.pl (files.cloudgdansk.pl)|153.19.238.147|:443... connected.
HTTP request sent, awaiting response... 200 OK
Length: 60 [text/plain]
Saving to: ‘/root/process_mining/announcements/data/19_04_2022/ann19.04.2022-22-40-01.json’

     0K                                                       100% 12.0M=0s

2022-04-19 22:40:01 (12.0 MB/s) - ‘/root/process_mining/announcements/data/19_04_2022/ann19.04.2022-22-40-01.json’ saved [60/60]

--2022-04-19 22:50:01--  https://files.cloudgdansk.pl/d/otwarte-dane/ztm/bsk.json
Resolving files.cloudgdansk.pl (files.cloudgdansk.pl)... 153.19.238.147
Connecting to files.cloudgdansk.pl (files.cloudgdansk.pl)|153.19.238.147|:443... connected.
HTTP request sent, awaiting response... 200 OK
Length: 60 [text/plain]
Saving to: ‘/root/process_mining/announcements/data/19_04_2022/ann19.04.2022-22-50-01.json’

     0K                                                       100% 12.1M=0s

2022-04-19 22:50:02 (12.1 MB/s) - ‘/root/process_mining/announcements/data/19_04_2022/ann19.04.2022-22-50-01.json’ saved [60/60]

--2022-04-19 23:00:01--  https://files.cloudgdansk.pl/d/otwarte-dane/ztm/bsk.json
Resolving files.cloudgdansk.pl (files.cloudgdansk.pl)... 153.19.238.147
Connecting to files.cloudgdansk.pl (files.cloudgdansk.pl)|153.19.238.147|:443... connected.
HTTP request sent, awaiting response... 200 OK
Length: 60 [text/plain]
Saving to: ‘/root/process_mining/announcements/data/19_04_2022/ann19.04.2022-23-00-01.json’

     0K                                                       100% 11.9M=0s

2022-04-19 23:00:01 (11.9 MB/s) - ‘/root/process_mining/announcements/data/19_04_2022/ann19.04.2022-23-00-01.json’ saved [60/60]

--2022-04-19 23:10:01--  https://files.cloudgdansk.pl/d/otwarte-dane/ztm/bsk.json
Resolving files.cloudgdansk.pl (files.cloudgdansk.pl)... 153.19.238.147
Connecting to files.cloudgdansk.pl (files.cloudgdansk.pl)|153.19.238.147|:443... connected.
HTTP request sent, awaiting response... 200 OK
Length: 60 [text/plain]
Saving to: ‘/root/process_mining/announcements/data/19_04_2022/ann19.04.2022-23-10-01.json’

     0K                                                       100% 10.6M=0s

2022-04-19 23:10:02 (10.6 MB/s) - ‘/root/process_mining/announcements/data/19_04_2022/ann19.04.2022-23-10-01.json’ saved [60/60]

--2022-04-19 23:20:01--  https://files.cloudgdansk.pl/d/otwarte-dane/ztm/bsk.json
Resolving files.cloudgdansk.pl (files.cloudgdansk.pl)... 153.19.238.147
Connecting to files.cloudgdansk.pl (files.cloudgdansk.pl)|153.19.238.147|:443... connected.
HTTP request sent, awaiting response... 200 OK
Length: 60 [text/plain]
Saving to: ‘/root/process_mining/announcements/data/19_04_2022/ann19.04.2022-23-20-01.json’

     0K                                                       100% 12.5M=0s

2022-04-19 23:20:01 (12.5 MB/s) - ‘/root/process_mining/announcements/data/19_04_2022/ann19.04.2022-23-20-01.json’ saved [60/60]

--2022-04-19 23:30:01--  https://files.cloudgdansk.pl/d/otwarte-dane/ztm/bsk.json
Resolving files.cloudgdansk.pl (files.cloudgdansk.pl)... 153.19.238.147
Connecting to files.cloudgdansk.pl (files.cloudgdansk.pl)|153.19.238.147|:443... connected.
HTTP request sent, awaiting response... 200 OK
Length: 60 [text/plain]
Saving to: ‘/root/process_mining/announcements/data/19_04_2022/ann19.04.2022-23-30-01.json’

     0K                                                       100% 11.6M=0s

2022-04-19 23:30:01 (11.6 MB/s) - ‘/root/process_mining/announcements/data/19_04_2022/ann19.04.2022-23-30-01.json’ saved [60/60]

--2022-04-19 23:40:01--  https://files.cloudgdansk.pl/d/otwarte-dane/ztm/bsk.json
Resolving files.cloudgdansk.pl (files.cloudgdansk.pl)... 153.19.238.147
Connecting to files.cloudgdansk.pl (files.cloudgdansk.pl)|153.19.238.147|:443... connected.
HTTP request sent, awaiting response... 200 OK
Length: 60 [text/plain]
Saving to: ‘/root/process_mining/announcements/data/19_04_2022/ann19.04.2022-23-40-01.json’

     0K                                                       100% 12.4M=0s

2022-04-19 23:40:01 (12.4 MB/s) - ‘/root/process_mining/announcements/data/19_04_2022/ann19.04.2022-23-40-01.json’ saved [60/60]

--2022-04-19 23:50:01--  https://files.cloudgdansk.pl/d/otwarte-dane/ztm/bsk.json
Resolving files.cloudgdansk.pl (files.cloudgdansk.pl)... 153.19.238.147
Connecting to files.cloudgdansk.pl (files.cloudgdansk.pl)|153.19.238.147|:443... connected.
HTTP request sent, awaiting response... 200 OK
Length: 60 [text/plain]
Saving to: ‘/root/process_mining/announcements/data/19_04_2022/ann19.04.2022-23-50-01.json’

     0K                                                       100% 13.1M=0s

2022-04-19 23:50:01 (13.1 MB/s) - ‘/root/process_mining/announcements/data/19_04_2022/ann19.04.2022-23-50-01.json’ saved [60/60]

