--2022-04-20 00:00:02--  https://files.cloudgdansk.pl/d/otwarte-dane/ztm/bsk.json
Resolving files.cloudgdansk.pl (files.cloudgdansk.pl)... 153.19.238.147
Connecting to files.cloudgdansk.pl (files.cloudgdansk.pl)|153.19.238.147|:443... connected.
HTTP request sent, awaiting response... 200 OK
Length: 60 [text/plain]
Saving to: ‘/root/process_mining/announcements/data/20_04_2022/ann20.04.2022-00-00-02.json’

     0K                                                       100% 12.0M=0s

2022-04-20 00:00:02 (12.0 MB/s) - ‘/root/process_mining/announcements/data/20_04_2022/ann20.04.2022-00-00-02.json’ saved [60/60]

--2022-04-20 00:10:01--  https://files.cloudgdansk.pl/d/otwarte-dane/ztm/bsk.json
Resolving files.cloudgdansk.pl (files.cloudgdansk.pl)... 153.19.238.147
Connecting to files.cloudgdansk.pl (files.cloudgdansk.pl)|153.19.238.147|:443... connected.
HTTP request sent, awaiting response... 200 OK
Length: 60 [text/plain]
Saving to: ‘/root/process_mining/announcements/data/20_04_2022/ann20.04.2022-00-10-01.json’

     0K                                                       100% 10.6M=0s

2022-04-20 00:10:01 (10.6 MB/s) - ‘/root/process_mining/announcements/data/20_04_2022/ann20.04.2022-00-10-01.json’ saved [60/60]

--2022-04-20 00:20:01--  https://files.cloudgdansk.pl/d/otwarte-dane/ztm/bsk.json
Resolving files.cloudgdansk.pl (files.cloudgdansk.pl)... 153.19.238.147
Connecting to files.cloudgdansk.pl (files.cloudgdansk.pl)|153.19.238.147|:443... connected.
HTTP request sent, awaiting response... 200 OK
Length: 60 [text/plain]
Saving to: ‘/root/process_mining/announcements/data/20_04_2022/ann20.04.2022-00-20-01.json’

     0K                                                       100% 12.2M=0s

2022-04-20 00:20:01 (12.2 MB/s) - ‘/root/process_mining/announcements/data/20_04_2022/ann20.04.2022-00-20-01.json’ saved [60/60]

--2022-04-20 00:30:01--  https://files.cloudgdansk.pl/d/otwarte-dane/ztm/bsk.json
Resolving files.cloudgdansk.pl (files.cloudgdansk.pl)... 153.19.238.147
Connecting to files.cloudgdansk.pl (files.cloudgdansk.pl)|153.19.238.147|:443... connected.
HTTP request sent, awaiting response... 200 OK
Length: 60 [text/plain]
Saving to: ‘/root/process_mining/announcements/data/20_04_2022/ann20.04.2022-00-30-01.json’

     0K                                                       100% 11.0M=0s

2022-04-20 00:30:02 (11.0 MB/s) - ‘/root/process_mining/announcements/data/20_04_2022/ann20.04.2022-00-30-01.json’ saved [60/60]

--2022-04-20 00:40:01--  https://files.cloudgdansk.pl/d/otwarte-dane/ztm/bsk.json
Resolving files.cloudgdansk.pl (files.cloudgdansk.pl)... 153.19.238.147
Connecting to files.cloudgdansk.pl (files.cloudgdansk.pl)|153.19.238.147|:443... connected.
HTTP request sent, awaiting response... 200 OK
Length: 60 [text/plain]
Saving to: ‘/root/process_mining/announcements/data/20_04_2022/ann20.04.2022-00-40-01.json’

     0K                                                       100% 12.2M=0s

2022-04-20 00:40:02 (12.2 MB/s) - ‘/root/process_mining/announcements/data/20_04_2022/ann20.04.2022-00-40-01.json’ saved [60/60]

--2022-04-20 00:50:01--  https://files.cloudgdansk.pl/d/otwarte-dane/ztm/bsk.json
Resolving files.cloudgdansk.pl (files.cloudgdansk.pl)... 153.19.238.147
Connecting to files.cloudgdansk.pl (files.cloudgdansk.pl)|153.19.238.147|:443... connected.
HTTP request sent, awaiting response... 200 OK
Length: 60 [text/plain]
Saving to: ‘/root/process_mining/announcements/data/20_04_2022/ann20.04.2022-00-50-01.json’

     0K                                                       100% 13.1M=0s

2022-04-20 00:50:02 (13.1 MB/s) - ‘/root/process_mining/announcements/data/20_04_2022/ann20.04.2022-00-50-01.json’ saved [60/60]

--2022-04-20 01:00:02--  https://files.cloudgdansk.pl/d/otwarte-dane/ztm/bsk.json
Resolving files.cloudgdansk.pl (files.cloudgdansk.pl)... 153.19.238.147
Connecting to files.cloudgdansk.pl (files.cloudgdansk.pl)|153.19.238.147|:443... connected.
HTTP request sent, awaiting response... 200 OK
Length: 60 [text/plain]
Saving to: ‘/root/process_mining/announcements/data/20_04_2022/ann20.04.2022-01-00-02.json’

     0K                                                       100% 11.0M=0s

2022-04-20 01:00:02 (11.0 MB/s) - ‘/root/process_mining/announcements/data/20_04_2022/ann20.04.2022-01-00-02.json’ saved [60/60]

--2022-04-20 01:10:01--  https://files.cloudgdansk.pl/d/otwarte-dane/ztm/bsk.json
Resolving files.cloudgdansk.pl (files.cloudgdansk.pl)... 153.19.238.147
Connecting to files.cloudgdansk.pl (files.cloudgdansk.pl)|153.19.238.147|:443... connected.
HTTP request sent, awaiting response... 200 OK
Length: 60 [text/plain]
Saving to: ‘/root/process_mining/announcements/data/20_04_2022/ann20.04.2022-01-10-01.json’

     0K                                                       100% 11.4M=0s

2022-04-20 01:10:02 (11.4 MB/s) - ‘/root/process_mining/announcements/data/20_04_2022/ann20.04.2022-01-10-01.json’ saved [60/60]

--2022-04-20 01:20:01--  https://files.cloudgdansk.pl/d/otwarte-dane/ztm/bsk.json
Resolving files.cloudgdansk.pl (files.cloudgdansk.pl)... 153.19.238.147
Connecting to files.cloudgdansk.pl (files.cloudgdansk.pl)|153.19.238.147|:443... connected.
HTTP request sent, awaiting response... 200 OK
Length: 60 [text/plain]
Saving to: ‘/root/process_mining/announcements/data/20_04_2022/ann20.04.2022-01-20-01.json’

     0K                                                       100% 12.4M=0s

2022-04-20 01:20:01 (12.4 MB/s) - ‘/root/process_mining/announcements/data/20_04_2022/ann20.04.2022-01-20-01.json’ saved [60/60]

--2022-04-20 01:30:01--  https://files.cloudgdansk.pl/d/otwarte-dane/ztm/bsk.json
Resolving files.cloudgdansk.pl (files.cloudgdansk.pl)... 153.19.238.147
Connecting to files.cloudgdansk.pl (files.cloudgdansk.pl)|153.19.238.147|:443... connected.
HTTP request sent, awaiting response... 200 OK
Length: 60 [text/plain]
Saving to: ‘/root/process_mining/announcements/data/20_04_2022/ann20.04.2022-01-30-01.json’

     0K                                                       100% 11.7M=0s

2022-04-20 01:30:02 (11.7 MB/s) - ‘/root/process_mining/announcements/data/20_04_2022/ann20.04.2022-01-30-01.json’ saved [60/60]

--2022-04-20 01:40:01--  https://files.cloudgdansk.pl/d/otwarte-dane/ztm/bsk.json
Resolving files.cloudgdansk.pl (files.cloudgdansk.pl)... 153.19.238.147
Connecting to files.cloudgdansk.pl (files.cloudgdansk.pl)|153.19.238.147|:443... connected.
HTTP request sent, awaiting response... 200 OK
Length: 60 [text/plain]
Saving to: ‘/root/process_mining/announcements/data/20_04_2022/ann20.04.2022-01-40-01.json’

     0K                                                       100% 11.9M=0s

2022-04-20 01:40:01 (11.9 MB/s) - ‘/root/process_mining/announcements/data/20_04_2022/ann20.04.2022-01-40-01.json’ saved [60/60]

--2022-04-20 01:50:01--  https://files.cloudgdansk.pl/d/otwarte-dane/ztm/bsk.json
Resolving files.cloudgdansk.pl (files.cloudgdansk.pl)... 153.19.238.147
Connecting to files.cloudgdansk.pl (files.cloudgdansk.pl)|153.19.238.147|:443... connected.
HTTP request sent, awaiting response... 200 OK
Length: 60 [text/plain]
Saving to: ‘/root/process_mining/announcements/data/20_04_2022/ann20.04.2022-01-50-01.json’

     0K                                                       100% 11.4M=0s

2022-04-20 01:50:01 (11.4 MB/s) - ‘/root/process_mining/announcements/data/20_04_2022/ann20.04.2022-01-50-01.json’ saved [60/60]

--2022-04-20 02:00:01--  https://files.cloudgdansk.pl/d/otwarte-dane/ztm/bsk.json
Resolving files.cloudgdansk.pl (files.cloudgdansk.pl)... 153.19.238.147
Connecting to files.cloudgdansk.pl (files.cloudgdansk.pl)|153.19.238.147|:443... connected.
HTTP request sent, awaiting response... 200 OK
Length: 60 [text/plain]
Saving to: ‘/root/process_mining/announcements/data/20_04_2022/ann20.04.2022-02-00-01.json’

     0K                                                       100% 11.5M=0s

2022-04-20 02:00:01 (11.5 MB/s) - ‘/root/process_mining/announcements/data/20_04_2022/ann20.04.2022-02-00-01.json’ saved [60/60]

--2022-04-20 02:10:01--  https://files.cloudgdansk.pl/d/otwarte-dane/ztm/bsk.json
Resolving files.cloudgdansk.pl (files.cloudgdansk.pl)... 153.19.238.147
Connecting to files.cloudgdansk.pl (files.cloudgdansk.pl)|153.19.238.147|:443... connected.
HTTP request sent, awaiting response... 200 OK
Length: 60 [text/plain]
Saving to: ‘/root/process_mining/announcements/data/20_04_2022/ann20.04.2022-02-10-01.json’

     0K                                                       100% 12.0M=0s

2022-04-20 02:10:02 (12.0 MB/s) - ‘/root/process_mining/announcements/data/20_04_2022/ann20.04.2022-02-10-01.json’ saved [60/60]

--2022-04-20 02:20:01--  https://files.cloudgdansk.pl/d/otwarte-dane/ztm/bsk.json
Resolving files.cloudgdansk.pl (files.cloudgdansk.pl)... 153.19.238.147
Connecting to files.cloudgdansk.pl (files.cloudgdansk.pl)|153.19.238.147|:443... connected.
HTTP request sent, awaiting response... 200 OK
Length: 60 [text/plain]
Saving to: ‘/root/process_mining/announcements/data/20_04_2022/ann20.04.2022-02-20-01.json’

     0K                                                       100% 12.3M=0s

2022-04-20 02:20:01 (12.3 MB/s) - ‘/root/process_mining/announcements/data/20_04_2022/ann20.04.2022-02-20-01.json’ saved [60/60]

--2022-04-20 02:30:01--  https://files.cloudgdansk.pl/d/otwarte-dane/ztm/bsk.json
Resolving files.cloudgdansk.pl (files.cloudgdansk.pl)... 153.19.238.147
Connecting to files.cloudgdansk.pl (files.cloudgdansk.pl)|153.19.238.147|:443... connected.
HTTP request sent, awaiting response... 200 OK
Length: 60 [text/plain]
Saving to: ‘/root/process_mining/announcements/data/20_04_2022/ann20.04.2022-02-30-01.json’

     0K                                                       100% 12.6M=0s

2022-04-20 02:30:02 (12.6 MB/s) - ‘/root/process_mining/announcements/data/20_04_2022/ann20.04.2022-02-30-01.json’ saved [60/60]

--2022-04-20 02:40:01--  https://files.cloudgdansk.pl/d/otwarte-dane/ztm/bsk.json
Resolving files.cloudgdansk.pl (files.cloudgdansk.pl)... 153.19.238.147
Connecting to files.cloudgdansk.pl (files.cloudgdansk.pl)|153.19.238.147|:443... connected.
HTTP request sent, awaiting response... 200 OK
Length: 60 [text/plain]
Saving to: ‘/root/process_mining/announcements/data/20_04_2022/ann20.04.2022-02-40-01.json’

     0K                                                       100% 12.1M=0s

2022-04-20 02:40:01 (12.1 MB/s) - ‘/root/process_mining/announcements/data/20_04_2022/ann20.04.2022-02-40-01.json’ saved [60/60]

--2022-04-20 02:50:01--  https://files.cloudgdansk.pl/d/otwarte-dane/ztm/bsk.json
Resolving files.cloudgdansk.pl (files.cloudgdansk.pl)... 153.19.238.147
Connecting to files.cloudgdansk.pl (files.cloudgdansk.pl)|153.19.238.147|:443... connected.
HTTP request sent, awaiting response... 200 OK
Length: 60 [text/plain]
Saving to: ‘/root/process_mining/announcements/data/20_04_2022/ann20.04.2022-02-50-01.json’

     0K                                                       100% 9.81M=0s

2022-04-20 02:50:02 (9.81 MB/s) - ‘/root/process_mining/announcements/data/20_04_2022/ann20.04.2022-02-50-01.json’ saved [60/60]

--2022-04-20 03:00:01--  https://files.cloudgdansk.pl/d/otwarte-dane/ztm/bsk.json
Resolving files.cloudgdansk.pl (files.cloudgdansk.pl)... 153.19.238.147
Connecting to files.cloudgdansk.pl (files.cloudgdansk.pl)|153.19.238.147|:443... connected.
HTTP request sent, awaiting response... 200 OK
Length: 60 [text/plain]
Saving to: ‘/root/process_mining/announcements/data/20_04_2022/ann20.04.2022-03-00-01.json’

     0K                                                       100% 10.9M=0s

2022-04-20 03:00:02 (10.9 MB/s) - ‘/root/process_mining/announcements/data/20_04_2022/ann20.04.2022-03-00-01.json’ saved [60/60]

--2022-04-20 03:10:01--  https://files.cloudgdansk.pl/d/otwarte-dane/ztm/bsk.json
Resolving files.cloudgdansk.pl (files.cloudgdansk.pl)... 153.19.238.147
Connecting to files.cloudgdansk.pl (files.cloudgdansk.pl)|153.19.238.147|:443... connected.
HTTP request sent, awaiting response... 200 OK
Length: 60 [text/plain]
Saving to: ‘/root/process_mining/announcements/data/20_04_2022/ann20.04.2022-03-10-01.json’

     0K                                                       100% 11.5M=0s

2022-04-20 03:10:01 (11.5 MB/s) - ‘/root/process_mining/announcements/data/20_04_2022/ann20.04.2022-03-10-01.json’ saved [60/60]

--2022-04-20 03:20:01--  https://files.cloudgdansk.pl/d/otwarte-dane/ztm/bsk.json
Resolving files.cloudgdansk.pl (files.cloudgdansk.pl)... 153.19.238.147
Connecting to files.cloudgdansk.pl (files.cloudgdansk.pl)|153.19.238.147|:443... connected.
HTTP request sent, awaiting response... 200 OK
Length: 60 [text/plain]
Saving to: ‘/root/process_mining/announcements/data/20_04_2022/ann20.04.2022-03-20-01.json’

     0K                                                       100% 12.0M=0s

2022-04-20 03:20:02 (12.0 MB/s) - ‘/root/process_mining/announcements/data/20_04_2022/ann20.04.2022-03-20-01.json’ saved [60/60]

--2022-04-20 03:30:01--  https://files.cloudgdansk.pl/d/otwarte-dane/ztm/bsk.json
Resolving files.cloudgdansk.pl (files.cloudgdansk.pl)... 153.19.238.147
Connecting to files.cloudgdansk.pl (files.cloudgdansk.pl)|153.19.238.147|:443... connected.
HTTP request sent, awaiting response... 200 OK
Length: 60 [text/plain]
Saving to: ‘/root/process_mining/announcements/data/20_04_2022/ann20.04.2022-03-30-01.json’

     0K                                                       100% 11.2M=0s

2022-04-20 03:30:02 (11.2 MB/s) - ‘/root/process_mining/announcements/data/20_04_2022/ann20.04.2022-03-30-01.json’ saved [60/60]

--2022-04-20 03:40:01--  https://files.cloudgdansk.pl/d/otwarte-dane/ztm/bsk.json
Resolving files.cloudgdansk.pl (files.cloudgdansk.pl)... 153.19.238.147
Connecting to files.cloudgdansk.pl (files.cloudgdansk.pl)|153.19.238.147|:443... connected.
HTTP request sent, awaiting response... 200 OK
Length: 60 [text/plain]
Saving to: ‘/root/process_mining/announcements/data/20_04_2022/ann20.04.2022-03-40-01.json’

     0K                                                       100% 11.4M=0s

2022-04-20 03:40:02 (11.4 MB/s) - ‘/root/process_mining/announcements/data/20_04_2022/ann20.04.2022-03-40-01.json’ saved [60/60]

--2022-04-20 03:50:01--  https://files.cloudgdansk.pl/d/otwarte-dane/ztm/bsk.json
Resolving files.cloudgdansk.pl (files.cloudgdansk.pl)... 153.19.238.147
Connecting to files.cloudgdansk.pl (files.cloudgdansk.pl)|153.19.238.147|:443... connected.
HTTP request sent, awaiting response... 200 OK
Length: 60 [text/plain]
Saving to: ‘/root/process_mining/announcements/data/20_04_2022/ann20.04.2022-03-50-01.json’

     0K                                                       100% 12.2M=0s

2022-04-20 03:50:02 (12.2 MB/s) - ‘/root/process_mining/announcements/data/20_04_2022/ann20.04.2022-03-50-01.json’ saved [60/60]

--2022-04-20 04:00:01--  https://files.cloudgdansk.pl/d/otwarte-dane/ztm/bsk.json
Resolving files.cloudgdansk.pl (files.cloudgdansk.pl)... 153.19.238.147
Connecting to files.cloudgdansk.pl (files.cloudgdansk.pl)|153.19.238.147|:443... connected.
HTTP request sent, awaiting response... 200 OK
Length: 60 [text/plain]
Saving to: ‘/root/process_mining/announcements/data/20_04_2022/ann20.04.2022-04-00-01.json’

     0K                                                       100% 11.7M=0s

2022-04-20 04:00:02 (11.7 MB/s) - ‘/root/process_mining/announcements/data/20_04_2022/ann20.04.2022-04-00-01.json’ saved [60/60]

--2022-04-20 04:10:01--  https://files.cloudgdansk.pl/d/otwarte-dane/ztm/bsk.json
Resolving files.cloudgdansk.pl (files.cloudgdansk.pl)... 153.19.238.147
Connecting to files.cloudgdansk.pl (files.cloudgdansk.pl)|153.19.238.147|:443... connected.
HTTP request sent, awaiting response... 200 OK
Length: 60 [text/plain]
Saving to: ‘/root/process_mining/announcements/data/20_04_2022/ann20.04.2022-04-10-01.json’

     0K                                                       100% 12.7M=0s

2022-04-20 04:10:02 (12.7 MB/s) - ‘/root/process_mining/announcements/data/20_04_2022/ann20.04.2022-04-10-01.json’ saved [60/60]

--2022-04-20 04:20:01--  https://files.cloudgdansk.pl/d/otwarte-dane/ztm/bsk.json
Resolving files.cloudgdansk.pl (files.cloudgdansk.pl)... 153.19.238.147
Connecting to files.cloudgdansk.pl (files.cloudgdansk.pl)|153.19.238.147|:443... connected.
HTTP request sent, awaiting response... 200 OK
Length: 60 [text/plain]
Saving to: ‘/root/process_mining/announcements/data/20_04_2022/ann20.04.2022-04-20-01.json’

     0K                                                       100% 11.8M=0s

2022-04-20 04:20:01 (11.8 MB/s) - ‘/root/process_mining/announcements/data/20_04_2022/ann20.04.2022-04-20-01.json’ saved [60/60]

--2022-04-20 04:30:01--  https://files.cloudgdansk.pl/d/otwarte-dane/ztm/bsk.json
Resolving files.cloudgdansk.pl (files.cloudgdansk.pl)... 153.19.238.147
Connecting to files.cloudgdansk.pl (files.cloudgdansk.pl)|153.19.238.147|:443... connected.
HTTP request sent, awaiting response... 200 OK
Length: 60 [text/plain]
Saving to: ‘/root/process_mining/announcements/data/20_04_2022/ann20.04.2022-04-30-01.json’

     0K                                                       100% 11.7M=0s

2022-04-20 04:30:01 (11.7 MB/s) - ‘/root/process_mining/announcements/data/20_04_2022/ann20.04.2022-04-30-01.json’ saved [60/60]

--2022-04-20 04:40:01--  https://files.cloudgdansk.pl/d/otwarte-dane/ztm/bsk.json
Resolving files.cloudgdansk.pl (files.cloudgdansk.pl)... 153.19.238.147
Connecting to files.cloudgdansk.pl (files.cloudgdansk.pl)|153.19.238.147|:443... connected.
HTTP request sent, awaiting response... 200 OK
Length: 60 [text/plain]
Saving to: ‘/root/process_mining/announcements/data/20_04_2022/ann20.04.2022-04-40-01.json’

     0K                                                       100% 11.4M=0s

2022-04-20 04:40:02 (11.4 MB/s) - ‘/root/process_mining/announcements/data/20_04_2022/ann20.04.2022-04-40-01.json’ saved [60/60]

--2022-04-20 04:50:01--  https://files.cloudgdansk.pl/d/otwarte-dane/ztm/bsk.json
Resolving files.cloudgdansk.pl (files.cloudgdansk.pl)... 153.19.238.147
Connecting to files.cloudgdansk.pl (files.cloudgdansk.pl)|153.19.238.147|:443... connected.
HTTP request sent, awaiting response... 200 OK
Length: 60 [text/plain]
Saving to: ‘/root/process_mining/announcements/data/20_04_2022/ann20.04.2022-04-50-01.json’

     0K                                                       100% 12.1M=0s

2022-04-20 04:50:01 (12.1 MB/s) - ‘/root/process_mining/announcements/data/20_04_2022/ann20.04.2022-04-50-01.json’ saved [60/60]

--2022-04-20 05:00:01--  https://files.cloudgdansk.pl/d/otwarte-dane/ztm/bsk.json
Resolving files.cloudgdansk.pl (files.cloudgdansk.pl)... 153.19.238.147
Connecting to files.cloudgdansk.pl (files.cloudgdansk.pl)|153.19.238.147|:443... connected.
HTTP request sent, awaiting response... 200 OK
Length: 60 [text/plain]
Saving to: ‘/root/process_mining/announcements/data/20_04_2022/ann20.04.2022-05-00-01.json’

     0K                                                       100% 11.6M=0s

2022-04-20 05:00:02 (11.6 MB/s) - ‘/root/process_mining/announcements/data/20_04_2022/ann20.04.2022-05-00-01.json’ saved [60/60]

--2022-04-20 05:10:01--  https://files.cloudgdansk.pl/d/otwarte-dane/ztm/bsk.json
Resolving files.cloudgdansk.pl (files.cloudgdansk.pl)... 153.19.238.147
Connecting to files.cloudgdansk.pl (files.cloudgdansk.pl)|153.19.238.147|:443... connected.
HTTP request sent, awaiting response... 200 OK
Length: 60 [text/plain]
Saving to: ‘/root/process_mining/announcements/data/20_04_2022/ann20.04.2022-05-10-01.json’

     0K                                                       100% 8.53M=0s

2022-04-20 05:10:02 (8.53 MB/s) - ‘/root/process_mining/announcements/data/20_04_2022/ann20.04.2022-05-10-01.json’ saved [60/60]

--2022-04-20 05:20:01--  https://files.cloudgdansk.pl/d/otwarte-dane/ztm/bsk.json
Resolving files.cloudgdansk.pl (files.cloudgdansk.pl)... 153.19.238.147
Connecting to files.cloudgdansk.pl (files.cloudgdansk.pl)|153.19.238.147|:443... connected.
HTTP request sent, awaiting response... 200 OK
Length: 60 [text/plain]
Saving to: ‘/root/process_mining/announcements/data/20_04_2022/ann20.04.2022-05-20-01.json’

     0K                                                       100% 10.7M=0s

2022-04-20 05:20:02 (10.7 MB/s) - ‘/root/process_mining/announcements/data/20_04_2022/ann20.04.2022-05-20-01.json’ saved [60/60]

--2022-04-20 05:30:01--  https://files.cloudgdansk.pl/d/otwarte-dane/ztm/bsk.json
Resolving files.cloudgdansk.pl (files.cloudgdansk.pl)... 153.19.238.147
Connecting to files.cloudgdansk.pl (files.cloudgdansk.pl)|153.19.238.147|:443... connected.
HTTP request sent, awaiting response... 200 OK
Length: 60 [text/plain]
Saving to: ‘/root/process_mining/announcements/data/20_04_2022/ann20.04.2022-05-30-01.json’

     0K                                                       100% 12.2M=0s

2022-04-20 05:30:02 (12.2 MB/s) - ‘/root/process_mining/announcements/data/20_04_2022/ann20.04.2022-05-30-01.json’ saved [60/60]

--2022-04-20 05:40:01--  https://files.cloudgdansk.pl/d/otwarte-dane/ztm/bsk.json
Resolving files.cloudgdansk.pl (files.cloudgdansk.pl)... 153.19.238.147
Connecting to files.cloudgdansk.pl (files.cloudgdansk.pl)|153.19.238.147|:443... connected.
HTTP request sent, awaiting response... 200 OK
Length: 60 [text/plain]
Saving to: ‘/root/process_mining/announcements/data/20_04_2022/ann20.04.2022-05-40-01.json’

     0K                                                       100% 12.5M=0s

2022-04-20 05:40:01 (12.5 MB/s) - ‘/root/process_mining/announcements/data/20_04_2022/ann20.04.2022-05-40-01.json’ saved [60/60]

--2022-04-20 05:50:01--  https://files.cloudgdansk.pl/d/otwarte-dane/ztm/bsk.json
Resolving files.cloudgdansk.pl (files.cloudgdansk.pl)... 153.19.238.147
Connecting to files.cloudgdansk.pl (files.cloudgdansk.pl)|153.19.238.147|:443... connected.
HTTP request sent, awaiting response... 200 OK
Length: 60 [text/plain]
Saving to: ‘/root/process_mining/announcements/data/20_04_2022/ann20.04.2022-05-50-01.json’

     0K                                                       100% 12.7M=0s

2022-04-20 05:50:01 (12.7 MB/s) - ‘/root/process_mining/announcements/data/20_04_2022/ann20.04.2022-05-50-01.json’ saved [60/60]

--2022-04-20 06:00:01--  https://files.cloudgdansk.pl/d/otwarte-dane/ztm/bsk.json
Resolving files.cloudgdansk.pl (files.cloudgdansk.pl)... 153.19.238.147
Connecting to files.cloudgdansk.pl (files.cloudgdansk.pl)|153.19.238.147|:443... connected.
HTTP request sent, awaiting response... 200 OK
Length: 60 [text/plain]
Saving to: ‘/root/process_mining/announcements/data/20_04_2022/ann20.04.2022-06-00-01.json’

     0K                                                       100% 12.0M=0s

2022-04-20 06:00:02 (12.0 MB/s) - ‘/root/process_mining/announcements/data/20_04_2022/ann20.04.2022-06-00-01.json’ saved [60/60]

--2022-04-20 06:10:01--  https://files.cloudgdansk.pl/d/otwarte-dane/ztm/bsk.json
Resolving files.cloudgdansk.pl (files.cloudgdansk.pl)... 153.19.238.147
Connecting to files.cloudgdansk.pl (files.cloudgdansk.pl)|153.19.238.147|:443... connected.
HTTP request sent, awaiting response... 200 OK
Length: 60 [text/plain]
Saving to: ‘/root/process_mining/announcements/data/20_04_2022/ann20.04.2022-06-10-01.json’

     0K                                                       100% 9.94M=0s

2022-04-20 06:10:01 (9.94 MB/s) - ‘/root/process_mining/announcements/data/20_04_2022/ann20.04.2022-06-10-01.json’ saved [60/60]

--2022-04-20 06:20:01--  https://files.cloudgdansk.pl/d/otwarte-dane/ztm/bsk.json
Resolving files.cloudgdansk.pl (files.cloudgdansk.pl)... 153.19.238.147
Connecting to files.cloudgdansk.pl (files.cloudgdansk.pl)|153.19.238.147|:443... connected.
HTTP request sent, awaiting response... 200 OK
Length: 60 [text/plain]
Saving to: ‘/root/process_mining/announcements/data/20_04_2022/ann20.04.2022-06-20-01.json’

     0K                                                       100% 11.9M=0s

2022-04-20 06:20:01 (11.9 MB/s) - ‘/root/process_mining/announcements/data/20_04_2022/ann20.04.2022-06-20-01.json’ saved [60/60]

--2022-04-20 06:30:00--  https://files.cloudgdansk.pl/d/otwarte-dane/ztm/bsk.json
Resolving files.cloudgdansk.pl (files.cloudgdansk.pl)... 153.19.238.147
Connecting to files.cloudgdansk.pl (files.cloudgdansk.pl)|153.19.238.147|:443... connected.
HTTP request sent, awaiting response... 200 OK
Length: 60 [text/plain]
Saving to: ‘/root/process_mining/announcements/data/20_04_2022/ann20.04.2022-06-30-00.json’

     0K                                                       100% 12.5M=0s

2022-04-20 06:30:00 (12.5 MB/s) - ‘/root/process_mining/announcements/data/20_04_2022/ann20.04.2022-06-30-00.json’ saved [60/60]

--2022-04-20 06:40:00--  https://files.cloudgdansk.pl/d/otwarte-dane/ztm/bsk.json
Resolving files.cloudgdansk.pl (files.cloudgdansk.pl)... 153.19.238.147
Connecting to files.cloudgdansk.pl (files.cloudgdansk.pl)|153.19.238.147|:443... connected.
HTTP request sent, awaiting response... 200 OK
Length: 60 [text/plain]
Saving to: ‘/root/process_mining/announcements/data/20_04_2022/ann20.04.2022-06-40-00.json’

     0K                                                       100% 11.7M=0s

2022-04-20 06:40:00 (11.7 MB/s) - ‘/root/process_mining/announcements/data/20_04_2022/ann20.04.2022-06-40-00.json’ saved [60/60]

--2022-04-20 06:50:01--  https://files.cloudgdansk.pl/d/otwarte-dane/ztm/bsk.json
Resolving files.cloudgdansk.pl (files.cloudgdansk.pl)... 153.19.238.147
Connecting to files.cloudgdansk.pl (files.cloudgdansk.pl)|153.19.238.147|:443... connected.
HTTP request sent, awaiting response... 200 OK
Length: 60 [text/plain]
Saving to: ‘/root/process_mining/announcements/data/20_04_2022/ann20.04.2022-06-50-01.json’

     0K                                                       100% 12.8M=0s

2022-04-20 06:50:01 (12.8 MB/s) - ‘/root/process_mining/announcements/data/20_04_2022/ann20.04.2022-06-50-01.json’ saved [60/60]

--2022-04-20 07:00:01--  https://files.cloudgdansk.pl/d/otwarte-dane/ztm/bsk.json
Resolving files.cloudgdansk.pl (files.cloudgdansk.pl)... 153.19.238.147
Connecting to files.cloudgdansk.pl (files.cloudgdansk.pl)|153.19.238.147|:443... connected.
HTTP request sent, awaiting response... 200 OK
Length: 60 [text/plain]
Saving to: ‘/root/process_mining/announcements/data/20_04_2022/ann20.04.2022-07-00-01.json’

     0K                                                       100% 11.3M=0s

2022-04-20 07:00:02 (11.3 MB/s) - ‘/root/process_mining/announcements/data/20_04_2022/ann20.04.2022-07-00-01.json’ saved [60/60]

--2022-04-20 07:10:01--  https://files.cloudgdansk.pl/d/otwarte-dane/ztm/bsk.json
Resolving files.cloudgdansk.pl (files.cloudgdansk.pl)... 153.19.238.147
Connecting to files.cloudgdansk.pl (files.cloudgdansk.pl)|153.19.238.147|:443... connected.
HTTP request sent, awaiting response... 200 OK
Length: 60 [text/plain]
Saving to: ‘/root/process_mining/announcements/data/20_04_2022/ann20.04.2022-07-10-01.json’

     0K                                                       100% 11.7M=0s

2022-04-20 07:10:02 (11.7 MB/s) - ‘/root/process_mining/announcements/data/20_04_2022/ann20.04.2022-07-10-01.json’ saved [60/60]

--2022-04-20 07:20:01--  https://files.cloudgdansk.pl/d/otwarte-dane/ztm/bsk.json
Resolving files.cloudgdansk.pl (files.cloudgdansk.pl)... 153.19.238.147
Connecting to files.cloudgdansk.pl (files.cloudgdansk.pl)|153.19.238.147|:443... connected.
HTTP request sent, awaiting response... 200 OK
Length: 60 [text/plain]
Saving to: ‘/root/process_mining/announcements/data/20_04_2022/ann20.04.2022-07-20-01.json’

     0K                                                       100% 12.0M=0s

2022-04-20 07:20:02 (12.0 MB/s) - ‘/root/process_mining/announcements/data/20_04_2022/ann20.04.2022-07-20-01.json’ saved [60/60]

--2022-04-20 07:30:01--  https://files.cloudgdansk.pl/d/otwarte-dane/ztm/bsk.json
Resolving files.cloudgdansk.pl (files.cloudgdansk.pl)... 153.19.238.147
Connecting to files.cloudgdansk.pl (files.cloudgdansk.pl)|153.19.238.147|:443... connected.
HTTP request sent, awaiting response... 200 OK
Length: 60 [text/plain]
Saving to: ‘/root/process_mining/announcements/data/20_04_2022/ann20.04.2022-07-30-01.json’

     0K                                                       100% 11.4M=0s

2022-04-20 07:30:02 (11.4 MB/s) - ‘/root/process_mining/announcements/data/20_04_2022/ann20.04.2022-07-30-01.json’ saved [60/60]

--2022-04-20 07:40:01--  https://files.cloudgdansk.pl/d/otwarte-dane/ztm/bsk.json
Resolving files.cloudgdansk.pl (files.cloudgdansk.pl)... 153.19.238.147
Connecting to files.cloudgdansk.pl (files.cloudgdansk.pl)|153.19.238.147|:443... connected.
HTTP request sent, awaiting response... 200 OK
Length: 60 [text/plain]
Saving to: ‘/root/process_mining/announcements/data/20_04_2022/ann20.04.2022-07-40-01.json’

     0K                                                       100% 12.5M=0s

2022-04-20 07:40:01 (12.5 MB/s) - ‘/root/process_mining/announcements/data/20_04_2022/ann20.04.2022-07-40-01.json’ saved [60/60]

--2022-04-20 07:50:01--  https://files.cloudgdansk.pl/d/otwarte-dane/ztm/bsk.json
Resolving files.cloudgdansk.pl (files.cloudgdansk.pl)... 153.19.238.147
Connecting to files.cloudgdansk.pl (files.cloudgdansk.pl)|153.19.238.147|:443... connected.
HTTP request sent, awaiting response... 200 OK
Length: 60 [text/plain]
Saving to: ‘/root/process_mining/announcements/data/20_04_2022/ann20.04.2022-07-50-01.json’

     0K                                                       100% 12.8M=0s

2022-04-20 07:50:01 (12.8 MB/s) - ‘/root/process_mining/announcements/data/20_04_2022/ann20.04.2022-07-50-01.json’ saved [60/60]

--2022-04-20 08:00:01--  https://files.cloudgdansk.pl/d/otwarte-dane/ztm/bsk.json
Resolving files.cloudgdansk.pl (files.cloudgdansk.pl)... 153.19.238.147
Connecting to files.cloudgdansk.pl (files.cloudgdansk.pl)|153.19.238.147|:443... connected.
HTTP request sent, awaiting response... 200 OK
Length: 60 [text/plain]
Saving to: ‘/root/process_mining/announcements/data/20_04_2022/ann20.04.2022-08-00-01.json’

     0K                                                       100% 11.3M=0s

2022-04-20 08:00:03 (11.3 MB/s) - ‘/root/process_mining/announcements/data/20_04_2022/ann20.04.2022-08-00-01.json’ saved [60/60]

--2022-04-20 08:10:01--  https://files.cloudgdansk.pl/d/otwarte-dane/ztm/bsk.json
Resolving files.cloudgdansk.pl (files.cloudgdansk.pl)... 153.19.238.147
Connecting to files.cloudgdansk.pl (files.cloudgdansk.pl)|153.19.238.147|:443... connected.
HTTP request sent, awaiting response... 200 OK
Length: 60 [text/plain]
Saving to: ‘/root/process_mining/announcements/data/20_04_2022/ann20.04.2022-08-10-01.json’

     0K                                                       100% 12.2M=0s

2022-04-20 08:10:01 (12.2 MB/s) - ‘/root/process_mining/announcements/data/20_04_2022/ann20.04.2022-08-10-01.json’ saved [60/60]

--2022-04-20 08:20:00--  https://files.cloudgdansk.pl/d/otwarte-dane/ztm/bsk.json
Resolving files.cloudgdansk.pl (files.cloudgdansk.pl)... 153.19.238.147
Connecting to files.cloudgdansk.pl (files.cloudgdansk.pl)|153.19.238.147|:443... connected.
HTTP request sent, awaiting response... 200 OK
Length: 60 [text/plain]
Saving to: ‘/root/process_mining/announcements/data/20_04_2022/ann20.04.2022-08-20-00.json’

     0K                                                       100% 12.2M=0s

2022-04-20 08:20:02 (12.2 MB/s) - ‘/root/process_mining/announcements/data/20_04_2022/ann20.04.2022-08-20-00.json’ saved [60/60]

--2022-04-20 08:30:01--  https://files.cloudgdansk.pl/d/otwarte-dane/ztm/bsk.json
Resolving files.cloudgdansk.pl (files.cloudgdansk.pl)... 153.19.238.147
Connecting to files.cloudgdansk.pl (files.cloudgdansk.pl)|153.19.238.147|:443... connected.
HTTP request sent, awaiting response... 200 OK
Length: 60 [text/plain]
Saving to: ‘/root/process_mining/announcements/data/20_04_2022/ann20.04.2022-08-30-01.json’

     0K                                                       100% 11.9M=0s

2022-04-20 08:30:01 (11.9 MB/s) - ‘/root/process_mining/announcements/data/20_04_2022/ann20.04.2022-08-30-01.json’ saved [60/60]

--2022-04-20 08:40:01--  https://files.cloudgdansk.pl/d/otwarte-dane/ztm/bsk.json
Resolving files.cloudgdansk.pl (files.cloudgdansk.pl)... 153.19.238.147
Connecting to files.cloudgdansk.pl (files.cloudgdansk.pl)|153.19.238.147|:443... connected.
HTTP request sent, awaiting response... 200 OK
Length: 60 [text/plain]
Saving to: ‘/root/process_mining/announcements/data/20_04_2022/ann20.04.2022-08-40-01.json’

     0K                                                       100% 11.8M=0s

2022-04-20 08:40:02 (11.8 MB/s) - ‘/root/process_mining/announcements/data/20_04_2022/ann20.04.2022-08-40-01.json’ saved [60/60]

--2022-04-20 08:50:01--  https://files.cloudgdansk.pl/d/otwarte-dane/ztm/bsk.json
Resolving files.cloudgdansk.pl (files.cloudgdansk.pl)... 153.19.238.147
Connecting to files.cloudgdansk.pl (files.cloudgdansk.pl)|153.19.238.147|:443... connected.
HTTP request sent, awaiting response... 200 OK
Length: 60 [text/plain]
Saving to: ‘/root/process_mining/announcements/data/20_04_2022/ann20.04.2022-08-50-01.json’

     0K                                                       100% 11.8M=0s

2022-04-20 08:50:01 (11.8 MB/s) - ‘/root/process_mining/announcements/data/20_04_2022/ann20.04.2022-08-50-01.json’ saved [60/60]

--2022-04-20 09:00:01--  https://files.cloudgdansk.pl/d/otwarte-dane/ztm/bsk.json
Resolving files.cloudgdansk.pl (files.cloudgdansk.pl)... 153.19.238.147
Connecting to files.cloudgdansk.pl (files.cloudgdansk.pl)|153.19.238.147|:443... connected.
HTTP request sent, awaiting response... 200 OK
Length: 60 [text/plain]
Saving to: ‘/root/process_mining/announcements/data/20_04_2022/ann20.04.2022-09-00-01.json’

     0K                                                       100% 12.3M=0s

2022-04-20 09:00:01 (12.3 MB/s) - ‘/root/process_mining/announcements/data/20_04_2022/ann20.04.2022-09-00-01.json’ saved [60/60]

--2022-04-20 09:10:01--  https://files.cloudgdansk.pl/d/otwarte-dane/ztm/bsk.json
Resolving files.cloudgdansk.pl (files.cloudgdansk.pl)... 153.19.238.147
Connecting to files.cloudgdansk.pl (files.cloudgdansk.pl)|153.19.238.147|:443... connected.
HTTP request sent, awaiting response... 200 OK
Length: 60 [text/plain]
Saving to: ‘/root/process_mining/announcements/data/20_04_2022/ann20.04.2022-09-10-01.json’

     0K                                                       100% 11.9M=0s

2022-04-20 09:10:01 (11.9 MB/s) - ‘/root/process_mining/announcements/data/20_04_2022/ann20.04.2022-09-10-01.json’ saved [60/60]

--2022-04-20 09:20:01--  https://files.cloudgdansk.pl/d/otwarte-dane/ztm/bsk.json
Resolving files.cloudgdansk.pl (files.cloudgdansk.pl)... 153.19.238.147
Connecting to files.cloudgdansk.pl (files.cloudgdansk.pl)|153.19.238.147|:443... connected.
HTTP request sent, awaiting response... 200 OK
Length: 60 [text/plain]
Saving to: ‘/root/process_mining/announcements/data/20_04_2022/ann20.04.2022-09-20-01.json’

     0K                                                       100% 12.2M=0s

2022-04-20 09:20:02 (12.2 MB/s) - ‘/root/process_mining/announcements/data/20_04_2022/ann20.04.2022-09-20-01.json’ saved [60/60]

--2022-04-20 09:30:01--  https://files.cloudgdansk.pl/d/otwarte-dane/ztm/bsk.json
Resolving files.cloudgdansk.pl (files.cloudgdansk.pl)... 153.19.238.147
Connecting to files.cloudgdansk.pl (files.cloudgdansk.pl)|153.19.238.147|:443... connected.
HTTP request sent, awaiting response... 200 OK
Length: 60 [text/plain]
Saving to: ‘/root/process_mining/announcements/data/20_04_2022/ann20.04.2022-09-30-01.json’

     0K                                                       100% 12.2M=0s

2022-04-20 09:30:01 (12.2 MB/s) - ‘/root/process_mining/announcements/data/20_04_2022/ann20.04.2022-09-30-01.json’ saved [60/60]

--2022-04-20 09:40:01--  https://files.cloudgdansk.pl/d/otwarte-dane/ztm/bsk.json
Resolving files.cloudgdansk.pl (files.cloudgdansk.pl)... 153.19.238.147
Connecting to files.cloudgdansk.pl (files.cloudgdansk.pl)|153.19.238.147|:443... connected.
HTTP request sent, awaiting response... 200 OK
Length: 60 [text/plain]
Saving to: ‘/root/process_mining/announcements/data/20_04_2022/ann20.04.2022-09-40-01.json’

     0K                                                       100% 12.3M=0s

2022-04-20 09:40:01 (12.3 MB/s) - ‘/root/process_mining/announcements/data/20_04_2022/ann20.04.2022-09-40-01.json’ saved [60/60]

--2022-04-20 09:50:01--  https://files.cloudgdansk.pl/d/otwarte-dane/ztm/bsk.json
Resolving files.cloudgdansk.pl (files.cloudgdansk.pl)... 153.19.238.147
Connecting to files.cloudgdansk.pl (files.cloudgdansk.pl)|153.19.238.147|:443... connected.
HTTP request sent, awaiting response... 200 OK
Length: 60 [text/plain]
Saving to: ‘/root/process_mining/announcements/data/20_04_2022/ann20.04.2022-09-50-01.json’

     0K                                                       100% 12.1M=0s

2022-04-20 09:50:01 (12.1 MB/s) - ‘/root/process_mining/announcements/data/20_04_2022/ann20.04.2022-09-50-01.json’ saved [60/60]

--2022-04-20 10:00:01--  https://files.cloudgdansk.pl/d/otwarte-dane/ztm/bsk.json
Resolving files.cloudgdansk.pl (files.cloudgdansk.pl)... 153.19.238.147
Connecting to files.cloudgdansk.pl (files.cloudgdansk.pl)|153.19.238.147|:443... connected.
HTTP request sent, awaiting response... 200 OK
Length: 60 [text/plain]
Saving to: ‘/root/process_mining/announcements/data/20_04_2022/ann20.04.2022-10-00-01.json’

     0K                                                       100% 11.9M=0s

2022-04-20 10:00:01 (11.9 MB/s) - ‘/root/process_mining/announcements/data/20_04_2022/ann20.04.2022-10-00-01.json’ saved [60/60]

--2022-04-20 10:10:01--  https://files.cloudgdansk.pl/d/otwarte-dane/ztm/bsk.json
Resolving files.cloudgdansk.pl (files.cloudgdansk.pl)... 153.19.238.147
Connecting to files.cloudgdansk.pl (files.cloudgdansk.pl)|153.19.238.147|:443... connected.
HTTP request sent, awaiting response... 200 OK
Length: 60 [text/plain]
Saving to: ‘/root/process_mining/announcements/data/20_04_2022/ann20.04.2022-10-10-01.json’

     0K                                                       100% 11.6M=0s

2022-04-20 10:10:02 (11.6 MB/s) - ‘/root/process_mining/announcements/data/20_04_2022/ann20.04.2022-10-10-01.json’ saved [60/60]

--2022-04-20 10:20:01--  https://files.cloudgdansk.pl/d/otwarte-dane/ztm/bsk.json
Resolving files.cloudgdansk.pl (files.cloudgdansk.pl)... 153.19.238.147
Connecting to files.cloudgdansk.pl (files.cloudgdansk.pl)|153.19.238.147|:443... connected.
HTTP request sent, awaiting response... 200 OK
Length: 60 [text/plain]
Saving to: ‘/root/process_mining/announcements/data/20_04_2022/ann20.04.2022-10-20-01.json’

     0K                                                       100% 12.4M=0s

2022-04-20 10:20:02 (12.4 MB/s) - ‘/root/process_mining/announcements/data/20_04_2022/ann20.04.2022-10-20-01.json’ saved [60/60]

--2022-04-20 10:30:01--  https://files.cloudgdansk.pl/d/otwarte-dane/ztm/bsk.json
Resolving files.cloudgdansk.pl (files.cloudgdansk.pl)... 153.19.238.147
Connecting to files.cloudgdansk.pl (files.cloudgdansk.pl)|153.19.238.147|:443... connected.
HTTP request sent, awaiting response... 200 OK
Length: 60 [text/plain]
Saving to: ‘/root/process_mining/announcements/data/20_04_2022/ann20.04.2022-10-30-01.json’

     0K                                                       100% 13.0M=0s

2022-04-20 10:30:03 (13.0 MB/s) - ‘/root/process_mining/announcements/data/20_04_2022/ann20.04.2022-10-30-01.json’ saved [60/60]

--2022-04-20 10:40:01--  https://files.cloudgdansk.pl/d/otwarte-dane/ztm/bsk.json
Resolving files.cloudgdansk.pl (files.cloudgdansk.pl)... 153.19.238.147
Connecting to files.cloudgdansk.pl (files.cloudgdansk.pl)|153.19.238.147|:443... connected.
HTTP request sent, awaiting response... 200 OK
Length: 60 [text/plain]
Saving to: ‘/root/process_mining/announcements/data/20_04_2022/ann20.04.2022-10-40-01.json’

     0K                                                       100% 12.3M=0s

2022-04-20 10:40:02 (12.3 MB/s) - ‘/root/process_mining/announcements/data/20_04_2022/ann20.04.2022-10-40-01.json’ saved [60/60]

--2022-04-20 10:50:01--  https://files.cloudgdansk.pl/d/otwarte-dane/ztm/bsk.json
Resolving files.cloudgdansk.pl (files.cloudgdansk.pl)... 153.19.238.147
Connecting to files.cloudgdansk.pl (files.cloudgdansk.pl)|153.19.238.147|:443... connected.
HTTP request sent, awaiting response... 200 OK
Length: 60 [text/plain]
Saving to: ‘/root/process_mining/announcements/data/20_04_2022/ann20.04.2022-10-50-01.json’

     0K                                                       100% 12.3M=0s

2022-04-20 10:50:01 (12.3 MB/s) - ‘/root/process_mining/announcements/data/20_04_2022/ann20.04.2022-10-50-01.json’ saved [60/60]

--2022-04-20 11:00:01--  https://files.cloudgdansk.pl/d/otwarte-dane/ztm/bsk.json
Resolving files.cloudgdansk.pl (files.cloudgdansk.pl)... 153.19.238.147
Connecting to files.cloudgdansk.pl (files.cloudgdansk.pl)|153.19.238.147|:443... connected.
HTTP request sent, awaiting response... 200 OK
Length: 60 [text/plain]
Saving to: ‘/root/process_mining/announcements/data/20_04_2022/ann20.04.2022-11-00-01.json’

     0K                                                       100% 8.20M=0s

2022-04-20 11:00:01 (8.20 MB/s) - ‘/root/process_mining/announcements/data/20_04_2022/ann20.04.2022-11-00-01.json’ saved [60/60]

--2022-04-20 11:10:01--  https://files.cloudgdansk.pl/d/otwarte-dane/ztm/bsk.json
Resolving files.cloudgdansk.pl (files.cloudgdansk.pl)... 153.19.238.147
Connecting to files.cloudgdansk.pl (files.cloudgdansk.pl)|153.19.238.147|:443... connected.
HTTP request sent, awaiting response... 200 OK
Length: 60 [text/plain]
Saving to: ‘/root/process_mining/announcements/data/20_04_2022/ann20.04.2022-11-10-01.json’

     0K                                                       100% 11.4M=0s

2022-04-20 11:10:02 (11.4 MB/s) - ‘/root/process_mining/announcements/data/20_04_2022/ann20.04.2022-11-10-01.json’ saved [60/60]

--2022-04-20 11:20:01--  https://files.cloudgdansk.pl/d/otwarte-dane/ztm/bsk.json
Resolving files.cloudgdansk.pl (files.cloudgdansk.pl)... 153.19.238.147
Connecting to files.cloudgdansk.pl (files.cloudgdansk.pl)|153.19.238.147|:443... connected.
HTTP request sent, awaiting response... 200 OK
Length: 60 [text/plain]
Saving to: ‘/root/process_mining/announcements/data/20_04_2022/ann20.04.2022-11-20-01.json’

     0K                                                       100% 11.8M=0s

2022-04-20 11:20:02 (11.8 MB/s) - ‘/root/process_mining/announcements/data/20_04_2022/ann20.04.2022-11-20-01.json’ saved [60/60]

--2022-04-20 11:30:01--  https://files.cloudgdansk.pl/d/otwarte-dane/ztm/bsk.json
Resolving files.cloudgdansk.pl (files.cloudgdansk.pl)... 153.19.238.147
Connecting to files.cloudgdansk.pl (files.cloudgdansk.pl)|153.19.238.147|:443... connected.
HTTP request sent, awaiting response... 200 OK
Length: 60 [text/plain]
Saving to: ‘/root/process_mining/announcements/data/20_04_2022/ann20.04.2022-11-30-01.json’

     0K                                                       100% 12.0M=0s

2022-04-20 11:30:02 (12.0 MB/s) - ‘/root/process_mining/announcements/data/20_04_2022/ann20.04.2022-11-30-01.json’ saved [60/60]

--2022-04-20 11:40:01--  https://files.cloudgdansk.pl/d/otwarte-dane/ztm/bsk.json
Resolving files.cloudgdansk.pl (files.cloudgdansk.pl)... 153.19.238.147
Connecting to files.cloudgdansk.pl (files.cloudgdansk.pl)|153.19.238.147|:443... connected.
HTTP request sent, awaiting response... 200 OK
Length: 60 [text/plain]
Saving to: ‘/root/process_mining/announcements/data/20_04_2022/ann20.04.2022-11-40-01.json’

     0K                                                       100% 12.4M=0s

2022-04-20 11:40:01 (12.4 MB/s) - ‘/root/process_mining/announcements/data/20_04_2022/ann20.04.2022-11-40-01.json’ saved [60/60]

--2022-04-20 11:50:01--  https://files.cloudgdansk.pl/d/otwarte-dane/ztm/bsk.json
Resolving files.cloudgdansk.pl (files.cloudgdansk.pl)... 153.19.238.147
Connecting to files.cloudgdansk.pl (files.cloudgdansk.pl)|153.19.238.147|:443... connected.
HTTP request sent, awaiting response... 200 OK
Length: 60 [text/plain]
Saving to: ‘/root/process_mining/announcements/data/20_04_2022/ann20.04.2022-11-50-01.json’

     0K                                                       100% 12.1M=0s

2022-04-20 11:50:02 (12.1 MB/s) - ‘/root/process_mining/announcements/data/20_04_2022/ann20.04.2022-11-50-01.json’ saved [60/60]

--2022-04-20 12:00:02--  https://files.cloudgdansk.pl/d/otwarte-dane/ztm/bsk.json
Resolving files.cloudgdansk.pl (files.cloudgdansk.pl)... 153.19.238.147
Connecting to files.cloudgdansk.pl (files.cloudgdansk.pl)|153.19.238.147|:443... connected.
HTTP request sent, awaiting response... 200 OK
Length: 60 [text/plain]
Saving to: ‘/root/process_mining/announcements/data/20_04_2022/ann20.04.2022-12-00-02.json’

     0K                                                       100% 11.5M=0s

2022-04-20 12:00:02 (11.5 MB/s) - ‘/root/process_mining/announcements/data/20_04_2022/ann20.04.2022-12-00-02.json’ saved [60/60]

--2022-04-20 12:10:01--  https://files.cloudgdansk.pl/d/otwarte-dane/ztm/bsk.json
Resolving files.cloudgdansk.pl (files.cloudgdansk.pl)... 153.19.238.147
Connecting to files.cloudgdansk.pl (files.cloudgdansk.pl)|153.19.238.147|:443... connected.
HTTP request sent, awaiting response... 200 OK
Length: 60 [text/plain]
Saving to: ‘/root/process_mining/announcements/data/20_04_2022/ann20.04.2022-12-10-01.json’

     0K                                                       100% 11.8M=0s

2022-04-20 12:10:01 (11.8 MB/s) - ‘/root/process_mining/announcements/data/20_04_2022/ann20.04.2022-12-10-01.json’ saved [60/60]

--2022-04-20 12:20:01--  https://files.cloudgdansk.pl/d/otwarte-dane/ztm/bsk.json
Resolving files.cloudgdansk.pl (files.cloudgdansk.pl)... 153.19.238.147
Connecting to files.cloudgdansk.pl (files.cloudgdansk.pl)|153.19.238.147|:443... connected.
HTTP request sent, awaiting response... 200 OK
Length: 60 [text/plain]
Saving to: ‘/root/process_mining/announcements/data/20_04_2022/ann20.04.2022-12-20-01.json’

     0K                                                       100% 12.3M=0s

2022-04-20 12:20:01 (12.3 MB/s) - ‘/root/process_mining/announcements/data/20_04_2022/ann20.04.2022-12-20-01.json’ saved [60/60]

--2022-04-20 12:30:01--  https://files.cloudgdansk.pl/d/otwarte-dane/ztm/bsk.json
Resolving files.cloudgdansk.pl (files.cloudgdansk.pl)... 153.19.238.147
Connecting to files.cloudgdansk.pl (files.cloudgdansk.pl)|153.19.238.147|:443... connected.
HTTP request sent, awaiting response... 200 OK
Length: 60 [text/plain]
Saving to: ‘/root/process_mining/announcements/data/20_04_2022/ann20.04.2022-12-30-01.json’

     0K                                                       100% 11.6M=0s

2022-04-20 12:30:02 (11.6 MB/s) - ‘/root/process_mining/announcements/data/20_04_2022/ann20.04.2022-12-30-01.json’ saved [60/60]

--2022-04-20 12:40:01--  https://files.cloudgdansk.pl/d/otwarte-dane/ztm/bsk.json
Resolving files.cloudgdansk.pl (files.cloudgdansk.pl)... 153.19.238.147
Connecting to files.cloudgdansk.pl (files.cloudgdansk.pl)|153.19.238.147|:443... connected.
HTTP request sent, awaiting response... 200 OK
Length: 60 [text/plain]
Saving to: ‘/root/process_mining/announcements/data/20_04_2022/ann20.04.2022-12-40-01.json’

     0K                                                       100% 12.5M=0s

2022-04-20 12:40:02 (12.5 MB/s) - ‘/root/process_mining/announcements/data/20_04_2022/ann20.04.2022-12-40-01.json’ saved [60/60]

--2022-04-20 12:50:01--  https://files.cloudgdansk.pl/d/otwarte-dane/ztm/bsk.json
Resolving files.cloudgdansk.pl (files.cloudgdansk.pl)... 153.19.238.147
Connecting to files.cloudgdansk.pl (files.cloudgdansk.pl)|153.19.238.147|:443... connected.
HTTP request sent, awaiting response... 200 OK
Length: 60 [text/plain]
Saving to: ‘/root/process_mining/announcements/data/20_04_2022/ann20.04.2022-12-50-01.json’

     0K                                                       100% 12.1M=0s

2022-04-20 12:50:02 (12.1 MB/s) - ‘/root/process_mining/announcements/data/20_04_2022/ann20.04.2022-12-50-01.json’ saved [60/60]

--2022-04-20 13:00:02--  https://files.cloudgdansk.pl/d/otwarte-dane/ztm/bsk.json
Resolving files.cloudgdansk.pl (files.cloudgdansk.pl)... 153.19.238.147
Connecting to files.cloudgdansk.pl (files.cloudgdansk.pl)|153.19.238.147|:443... connected.
HTTP request sent, awaiting response... 200 OK
Length: 60 [text/plain]
Saving to: ‘/root/process_mining/announcements/data/20_04_2022/ann20.04.2022-13-00-02.json’

     0K                                                       100% 12.1M=0s

2022-04-20 13:00:02 (12.1 MB/s) - ‘/root/process_mining/announcements/data/20_04_2022/ann20.04.2022-13-00-02.json’ saved [60/60]

--2022-04-20 13:10:01--  https://files.cloudgdansk.pl/d/otwarte-dane/ztm/bsk.json
Resolving files.cloudgdansk.pl (files.cloudgdansk.pl)... 153.19.238.147
Connecting to files.cloudgdansk.pl (files.cloudgdansk.pl)|153.19.238.147|:443... connected.
HTTP request sent, awaiting response... 200 OK
Length: 60 [text/plain]
Saving to: ‘/root/process_mining/announcements/data/20_04_2022/ann20.04.2022-13-10-01.json’

     0K                                                       100% 12.3M=0s

2022-04-20 13:10:02 (12.3 MB/s) - ‘/root/process_mining/announcements/data/20_04_2022/ann20.04.2022-13-10-01.json’ saved [60/60]

--2022-04-20 13:20:01--  https://files.cloudgdansk.pl/d/otwarte-dane/ztm/bsk.json
Resolving files.cloudgdansk.pl (files.cloudgdansk.pl)... 153.19.238.147
Connecting to files.cloudgdansk.pl (files.cloudgdansk.pl)|153.19.238.147|:443... connected.
HTTP request sent, awaiting response... 200 OK
Length: 60 [text/plain]
Saving to: ‘/root/process_mining/announcements/data/20_04_2022/ann20.04.2022-13-20-01.json’

     0K                                                       100% 12.3M=0s

2022-04-20 13:20:02 (12.3 MB/s) - ‘/root/process_mining/announcements/data/20_04_2022/ann20.04.2022-13-20-01.json’ saved [60/60]

--2022-04-20 13:30:01--  https://files.cloudgdansk.pl/d/otwarte-dane/ztm/bsk.json
Resolving files.cloudgdansk.pl (files.cloudgdansk.pl)... 153.19.238.147
Connecting to files.cloudgdansk.pl (files.cloudgdansk.pl)|153.19.238.147|:443... connected.
HTTP request sent, awaiting response... 200 OK
Length: 60 [text/plain]
Saving to: ‘/root/process_mining/announcements/data/20_04_2022/ann20.04.2022-13-30-01.json’

     0K                                                       100% 11.8M=0s

2022-04-20 13:30:02 (11.8 MB/s) - ‘/root/process_mining/announcements/data/20_04_2022/ann20.04.2022-13-30-01.json’ saved [60/60]

--2022-04-20 13:40:01--  https://files.cloudgdansk.pl/d/otwarte-dane/ztm/bsk.json
Resolving files.cloudgdansk.pl (files.cloudgdansk.pl)... 153.19.238.147
Connecting to files.cloudgdansk.pl (files.cloudgdansk.pl)|153.19.238.147|:443... connected.
HTTP request sent, awaiting response... 200 OK
Length: 60 [text/plain]
Saving to: ‘/root/process_mining/announcements/data/20_04_2022/ann20.04.2022-13-40-01.json’

     0K                                                       100% 12.1M=0s

2022-04-20 13:40:01 (12.1 MB/s) - ‘/root/process_mining/announcements/data/20_04_2022/ann20.04.2022-13-40-01.json’ saved [60/60]

--2022-04-20 13:50:01--  https://files.cloudgdansk.pl/d/otwarte-dane/ztm/bsk.json
Resolving files.cloudgdansk.pl (files.cloudgdansk.pl)... 153.19.238.147
Connecting to files.cloudgdansk.pl (files.cloudgdansk.pl)|153.19.238.147|:443... connected.
HTTP request sent, awaiting response... 200 OK
Length: 60 [text/plain]
Saving to: ‘/root/process_mining/announcements/data/20_04_2022/ann20.04.2022-13-50-01.json’

     0K                                                       100% 12.2M=0s

2022-04-20 13:50:01 (12.2 MB/s) - ‘/root/process_mining/announcements/data/20_04_2022/ann20.04.2022-13-50-01.json’ saved [60/60]

--2022-04-20 14:00:00--  https://files.cloudgdansk.pl/d/otwarte-dane/ztm/bsk.json
Resolving files.cloudgdansk.pl (files.cloudgdansk.pl)... 153.19.238.147
Connecting to files.cloudgdansk.pl (files.cloudgdansk.pl)|153.19.238.147|:443... connected.
HTTP request sent, awaiting response... 200 OK
Length: 60 [text/plain]
Saving to: ‘/root/process_mining/announcements/data/20_04_2022/ann20.04.2022-14-00-00.json’

     0K                                                       100% 12.0M=0s

2022-04-20 14:00:01 (12.0 MB/s) - ‘/root/process_mining/announcements/data/20_04_2022/ann20.04.2022-14-00-00.json’ saved [60/60]

--2022-04-20 14:10:01--  https://files.cloudgdansk.pl/d/otwarte-dane/ztm/bsk.json
Resolving files.cloudgdansk.pl (files.cloudgdansk.pl)... 153.19.238.147
Connecting to files.cloudgdansk.pl (files.cloudgdansk.pl)|153.19.238.147|:443... connected.
HTTP request sent, awaiting response... 200 OK
Length: 60 [text/plain]
Saving to: ‘/root/process_mining/announcements/data/20_04_2022/ann20.04.2022-14-10-01.json’

     0K                                                       100% 12.4M=0s

2022-04-20 14:10:02 (12.4 MB/s) - ‘/root/process_mining/announcements/data/20_04_2022/ann20.04.2022-14-10-01.json’ saved [60/60]

--2022-04-20 14:20:01--  https://files.cloudgdansk.pl/d/otwarte-dane/ztm/bsk.json
Resolving files.cloudgdansk.pl (files.cloudgdansk.pl)... 153.19.238.147
Connecting to files.cloudgdansk.pl (files.cloudgdansk.pl)|153.19.238.147|:443... connected.
HTTP request sent, awaiting response... 200 OK
Length: 60 [text/plain]
Saving to: ‘/root/process_mining/announcements/data/20_04_2022/ann20.04.2022-14-20-01.json’

     0K                                                       100% 8.50M=0s

2022-04-20 14:20:01 (8.50 MB/s) - ‘/root/process_mining/announcements/data/20_04_2022/ann20.04.2022-14-20-01.json’ saved [60/60]

--2022-04-20 14:30:02--  https://files.cloudgdansk.pl/d/otwarte-dane/ztm/bsk.json
Resolving files.cloudgdansk.pl (files.cloudgdansk.pl)... 153.19.238.147
Connecting to files.cloudgdansk.pl (files.cloudgdansk.pl)|153.19.238.147|:443... connected.
HTTP request sent, awaiting response... 200 OK
Length: 60 [text/plain]
Saving to: ‘/root/process_mining/announcements/data/20_04_2022/ann20.04.2022-14-30-02.json’

     0K                                                       100% 12.8M=0s

2022-04-20 14:30:02 (12.8 MB/s) - ‘/root/process_mining/announcements/data/20_04_2022/ann20.04.2022-14-30-02.json’ saved [60/60]

--2022-04-20 14:40:01--  https://files.cloudgdansk.pl/d/otwarte-dane/ztm/bsk.json
Resolving files.cloudgdansk.pl (files.cloudgdansk.pl)... 153.19.238.147
Connecting to files.cloudgdansk.pl (files.cloudgdansk.pl)|153.19.238.147|:443... connected.
HTTP request sent, awaiting response... 200 OK
Length: 60 [text/plain]
Saving to: ‘/root/process_mining/announcements/data/20_04_2022/ann20.04.2022-14-40-01.json’

     0K                                                       100% 12.8M=0s

2022-04-20 14:40:01 (12.8 MB/s) - ‘/root/process_mining/announcements/data/20_04_2022/ann20.04.2022-14-40-01.json’ saved [60/60]

--2022-04-20 14:50:01--  https://files.cloudgdansk.pl/d/otwarte-dane/ztm/bsk.json
Resolving files.cloudgdansk.pl (files.cloudgdansk.pl)... 153.19.238.147
Connecting to files.cloudgdansk.pl (files.cloudgdansk.pl)|153.19.238.147|:443... connected.
HTTP request sent, awaiting response... 200 OK
Length: 60 [text/plain]
Saving to: ‘/root/process_mining/announcements/data/20_04_2022/ann20.04.2022-14-50-01.json’

     0K                                                       100% 11.2M=0s

2022-04-20 14:50:02 (11.2 MB/s) - ‘/root/process_mining/announcements/data/20_04_2022/ann20.04.2022-14-50-01.json’ saved [60/60]

--2022-04-20 15:00:00--  https://files.cloudgdansk.pl/d/otwarte-dane/ztm/bsk.json
Resolving files.cloudgdansk.pl (files.cloudgdansk.pl)... 153.19.238.147
Connecting to files.cloudgdansk.pl (files.cloudgdansk.pl)|153.19.238.147|:443... connected.
HTTP request sent, awaiting response... 200 OK
Length: 60 [text/plain]
Saving to: ‘/root/process_mining/announcements/data/20_04_2022/ann20.04.2022-15-00-00.json’

     0K                                                       100% 12.6M=0s

2022-04-20 15:00:02 (12.6 MB/s) - ‘/root/process_mining/announcements/data/20_04_2022/ann20.04.2022-15-00-00.json’ saved [60/60]

--2022-04-20 15:10:01--  https://files.cloudgdansk.pl/d/otwarte-dane/ztm/bsk.json
Resolving files.cloudgdansk.pl (files.cloudgdansk.pl)... 153.19.238.147
Connecting to files.cloudgdansk.pl (files.cloudgdansk.pl)|153.19.238.147|:443... connected.
HTTP request sent, awaiting response... 200 OK
Length: 60 [text/plain]
Saving to: ‘/root/process_mining/announcements/data/20_04_2022/ann20.04.2022-15-10-01.json’

     0K                                                       100% 9.95M=0s

2022-04-20 15:10:02 (9.95 MB/s) - ‘/root/process_mining/announcements/data/20_04_2022/ann20.04.2022-15-10-01.json’ saved [60/60]

--2022-04-20 15:20:01--  https://files.cloudgdansk.pl/d/otwarte-dane/ztm/bsk.json
Resolving files.cloudgdansk.pl (files.cloudgdansk.pl)... 153.19.238.147
Connecting to files.cloudgdansk.pl (files.cloudgdansk.pl)|153.19.238.147|:443... connected.
HTTP request sent, awaiting response... 200 OK
Length: 60 [text/plain]
Saving to: ‘/root/process_mining/announcements/data/20_04_2022/ann20.04.2022-15-20-01.json’

     0K                                                       100% 13.0M=0s

2022-04-20 15:20:02 (13.0 MB/s) - ‘/root/process_mining/announcements/data/20_04_2022/ann20.04.2022-15-20-01.json’ saved [60/60]

--2022-04-20 15:30:01--  https://files.cloudgdansk.pl/d/otwarte-dane/ztm/bsk.json
Resolving files.cloudgdansk.pl (files.cloudgdansk.pl)... 153.19.238.147
Connecting to files.cloudgdansk.pl (files.cloudgdansk.pl)|153.19.238.147|:443... connected.
HTTP request sent, awaiting response... 200 OK
Length: 60 [text/plain]
Saving to: ‘/root/process_mining/announcements/data/20_04_2022/ann20.04.2022-15-30-01.json’

     0K                                                       100% 10.6M=0s

2022-04-20 15:30:02 (10.6 MB/s) - ‘/root/process_mining/announcements/data/20_04_2022/ann20.04.2022-15-30-01.json’ saved [60/60]

--2022-04-20 15:40:01--  https://files.cloudgdansk.pl/d/otwarte-dane/ztm/bsk.json
Resolving files.cloudgdansk.pl (files.cloudgdansk.pl)... 153.19.238.147
Connecting to files.cloudgdansk.pl (files.cloudgdansk.pl)|153.19.238.147|:443... connected.
HTTP request sent, awaiting response... 200 OK
Length: 876 [application/json]
Saving to: ‘/root/process_mining/announcements/data/20_04_2022/ann20.04.2022-15-40-01.json’

     0K                                                       100%  182M=0s

2022-04-20 15:40:02 (182 MB/s) - ‘/root/process_mining/announcements/data/20_04_2022/ann20.04.2022-15-40-01.json’ saved [876/876]

--2022-04-20 15:50:01--  https://files.cloudgdansk.pl/d/otwarte-dane/ztm/bsk.json
Resolving files.cloudgdansk.pl (files.cloudgdansk.pl)... 153.19.238.147
Connecting to files.cloudgdansk.pl (files.cloudgdansk.pl)|153.19.238.147|:443... connected.
HTTP request sent, awaiting response... 200 OK
Length: 1562 (1.5K) [application/json]
Saving to: ‘/root/process_mining/announcements/data/20_04_2022/ann20.04.2022-15-50-01.json’

     0K .                                                     100%  277M=0s

2022-04-20 15:50:02 (277 MB/s) - ‘/root/process_mining/announcements/data/20_04_2022/ann20.04.2022-15-50-01.json’ saved [1562/1562]

--2022-04-20 16:00:01--  https://files.cloudgdansk.pl/d/otwarte-dane/ztm/bsk.json
Resolving files.cloudgdansk.pl (files.cloudgdansk.pl)... 153.19.238.147
Connecting to files.cloudgdansk.pl (files.cloudgdansk.pl)|153.19.238.147|:443... connected.
HTTP request sent, awaiting response... 200 OK
Length: 1891 (1.8K) [application/json]
Saving to: ‘/root/process_mining/announcements/data/20_04_2022/ann20.04.2022-16-00-01.json’

     0K .                                                     100%  337M=0s

2022-04-20 16:00:02 (337 MB/s) - ‘/root/process_mining/announcements/data/20_04_2022/ann20.04.2022-16-00-01.json’ saved [1891/1891]

--2022-04-20 16:10:01--  https://files.cloudgdansk.pl/d/otwarte-dane/ztm/bsk.json
Resolving files.cloudgdansk.pl (files.cloudgdansk.pl)... 153.19.238.147
Connecting to files.cloudgdansk.pl (files.cloudgdansk.pl)|153.19.238.147|:443... connected.
HTTP request sent, awaiting response... 200 OK
Length: 1965 (1.9K) [application/json]
Saving to: ‘/root/process_mining/announcements/data/20_04_2022/ann20.04.2022-16-10-01.json’

     0K .                                                     100%  375M=0s

2022-04-20 16:10:02 (375 MB/s) - ‘/root/process_mining/announcements/data/20_04_2022/ann20.04.2022-16-10-01.json’ saved [1965/1965]

--2022-04-20 16:20:01--  https://files.cloudgdansk.pl/d/otwarte-dane/ztm/bsk.json
Resolving files.cloudgdansk.pl (files.cloudgdansk.pl)... 153.19.238.147
Connecting to files.cloudgdansk.pl (files.cloudgdansk.pl)|153.19.238.147|:443... connected.
HTTP request sent, awaiting response... 200 OK
Length: 1965 (1.9K) [application/json]
Saving to: ‘/root/process_mining/announcements/data/20_04_2022/ann20.04.2022-16-20-01.json’

     0K .                                                     100%  315M=0s

2022-04-20 16:20:01 (315 MB/s) - ‘/root/process_mining/announcements/data/20_04_2022/ann20.04.2022-16-20-01.json’ saved [1965/1965]

--2022-04-20 16:30:01--  https://files.cloudgdansk.pl/d/otwarte-dane/ztm/bsk.json
Resolving files.cloudgdansk.pl (files.cloudgdansk.pl)... 153.19.238.147
Connecting to files.cloudgdansk.pl (files.cloudgdansk.pl)|153.19.238.147|:443... connected.
HTTP request sent, awaiting response... 200 OK
Length: 2170 (2.1K) [application/json]
Saving to: ‘/root/process_mining/announcements/data/20_04_2022/ann20.04.2022-16-30-01.json’

     0K ..                                                    100%  391M=0s

2022-04-20 16:30:02 (391 MB/s) - ‘/root/process_mining/announcements/data/20_04_2022/ann20.04.2022-16-30-01.json’ saved [2170/2170]

--2022-04-20 16:40:00--  https://files.cloudgdansk.pl/d/otwarte-dane/ztm/bsk.json
Resolving files.cloudgdansk.pl (files.cloudgdansk.pl)... 153.19.238.147
Connecting to files.cloudgdansk.pl (files.cloudgdansk.pl)|153.19.238.147|:443... connected.
HTTP request sent, awaiting response... 200 OK
Length: 2170 (2.1K) [application/json]
Saving to: ‘/root/process_mining/announcements/data/20_04_2022/ann20.04.2022-16-40-00.json’

     0K ..                                                    100%  392M=0s

2022-04-20 16:40:00 (392 MB/s) - ‘/root/process_mining/announcements/data/20_04_2022/ann20.04.2022-16-40-00.json’ saved [2170/2170]

--2022-04-20 16:50:01--  https://files.cloudgdansk.pl/d/otwarte-dane/ztm/bsk.json
Resolving files.cloudgdansk.pl (files.cloudgdansk.pl)... 153.19.238.147
Connecting to files.cloudgdansk.pl (files.cloudgdansk.pl)|153.19.238.147|:443... connected.
HTTP request sent, awaiting response... 200 OK
Length: 2170 (2.1K) [application/json]
Saving to: ‘/root/process_mining/announcements/data/20_04_2022/ann20.04.2022-16-50-01.json’

     0K ..                                                    100%  279M=0s

2022-04-20 16:50:02 (279 MB/s) - ‘/root/process_mining/announcements/data/20_04_2022/ann20.04.2022-16-50-01.json’ saved [2170/2170]

--2022-04-20 17:00:01--  https://files.cloudgdansk.pl/d/otwarte-dane/ztm/bsk.json
Resolving files.cloudgdansk.pl (files.cloudgdansk.pl)... 153.19.238.147
Connecting to files.cloudgdansk.pl (files.cloudgdansk.pl)|153.19.238.147|:443... connected.
HTTP request sent, awaiting response... 200 OK
Length: 2170 (2.1K) [application/json]
Saving to: ‘/root/process_mining/announcements/data/20_04_2022/ann20.04.2022-17-00-01.json’

     0K ..                                                    100%  388M=0s

2022-04-20 17:00:01 (388 MB/s) - ‘/root/process_mining/announcements/data/20_04_2022/ann20.04.2022-17-00-01.json’ saved [2170/2170]

--2022-04-20 17:10:00--  https://files.cloudgdansk.pl/d/otwarte-dane/ztm/bsk.json
Resolving files.cloudgdansk.pl (files.cloudgdansk.pl)... 153.19.238.147
Connecting to files.cloudgdansk.pl (files.cloudgdansk.pl)|153.19.238.147|:443... connected.
HTTP request sent, awaiting response... 200 OK
Length: 2170 (2.1K) [application/json]
Saving to: ‘/root/process_mining/announcements/data/20_04_2022/ann20.04.2022-17-10-00.json’

     0K ..                                                    100%  421M=0s

2022-04-20 17:10:00 (421 MB/s) - ‘/root/process_mining/announcements/data/20_04_2022/ann20.04.2022-17-10-00.json’ saved [2170/2170]

--2022-04-20 17:20:00--  https://files.cloudgdansk.pl/d/otwarte-dane/ztm/bsk.json
Resolving files.cloudgdansk.pl (files.cloudgdansk.pl)... 153.19.238.147
Connecting to files.cloudgdansk.pl (files.cloudgdansk.pl)|153.19.238.147|:443... connected.
HTTP request sent, awaiting response... 200 OK
Length: 2170 (2.1K) [application/json]
Saving to: ‘/root/process_mining/announcements/data/20_04_2022/ann20.04.2022-17-20-00.json’

     0K ..                                                    100%  395M=0s

2022-04-20 17:20:00 (395 MB/s) - ‘/root/process_mining/announcements/data/20_04_2022/ann20.04.2022-17-20-00.json’ saved [2170/2170]

--2022-04-20 17:30:01--  https://files.cloudgdansk.pl/d/otwarte-dane/ztm/bsk.json
Resolving files.cloudgdansk.pl (files.cloudgdansk.pl)... 153.19.238.147
Connecting to files.cloudgdansk.pl (files.cloudgdansk.pl)|153.19.238.147|:443... connected.
HTTP request sent, awaiting response... 200 OK
Length: 2170 (2.1K) [application/json]
Saving to: ‘/root/process_mining/announcements/data/20_04_2022/ann20.04.2022-17-30-01.json’

     0K ..                                                    100%  429M=0s

2022-04-20 17:30:02 (429 MB/s) - ‘/root/process_mining/announcements/data/20_04_2022/ann20.04.2022-17-30-01.json’ saved [2170/2170]

--2022-04-20 17:40:00--  https://files.cloudgdansk.pl/d/otwarte-dane/ztm/bsk.json
Resolving files.cloudgdansk.pl (files.cloudgdansk.pl)... 153.19.238.147
Connecting to files.cloudgdansk.pl (files.cloudgdansk.pl)|153.19.238.147|:443... connected.
HTTP request sent, awaiting response... 200 OK
Length: 2170 (2.1K) [application/json]
Saving to: ‘/root/process_mining/announcements/data/20_04_2022/ann20.04.2022-17-40-00.json’

     0K ..                                                    100%  355M=0s

2022-04-20 17:40:00 (355 MB/s) - ‘/root/process_mining/announcements/data/20_04_2022/ann20.04.2022-17-40-00.json’ saved [2170/2170]

--2022-04-20 17:50:01--  https://files.cloudgdansk.pl/d/otwarte-dane/ztm/bsk.json
Resolving files.cloudgdansk.pl (files.cloudgdansk.pl)... 153.19.238.147
Connecting to files.cloudgdansk.pl (files.cloudgdansk.pl)|153.19.238.147|:443... connected.
HTTP request sent, awaiting response... 200 OK
Length: 2170 (2.1K) [application/json]
Saving to: ‘/root/process_mining/announcements/data/20_04_2022/ann20.04.2022-17-50-01.json’

     0K ..                                                    100%  394M=0s

2022-04-20 17:50:02 (394 MB/s) - ‘/root/process_mining/announcements/data/20_04_2022/ann20.04.2022-17-50-01.json’ saved [2170/2170]

--2022-04-20 18:00:00--  https://files.cloudgdansk.pl/d/otwarte-dane/ztm/bsk.json
Resolving files.cloudgdansk.pl (files.cloudgdansk.pl)... 153.19.238.147
Connecting to files.cloudgdansk.pl (files.cloudgdansk.pl)|153.19.238.147|:443... connected.
HTTP request sent, awaiting response... 200 OK
Length: 2170 (2.1K) [application/json]
Saving to: ‘/root/process_mining/announcements/data/20_04_2022/ann20.04.2022-18-00-00.json’

     0K ..                                                    100%  401M=0s

2022-04-20 18:00:00 (401 MB/s) - ‘/root/process_mining/announcements/data/20_04_2022/ann20.04.2022-18-00-00.json’ saved [2170/2170]

--2022-04-20 18:10:01--  https://files.cloudgdansk.pl/d/otwarte-dane/ztm/bsk.json
Resolving files.cloudgdansk.pl (files.cloudgdansk.pl)... 153.19.238.147
Connecting to files.cloudgdansk.pl (files.cloudgdansk.pl)|153.19.238.147|:443... connected.
HTTP request sent, awaiting response... 200 OK
Length: 2170 (2.1K) [application/json]
Saving to: ‘/root/process_mining/announcements/data/20_04_2022/ann20.04.2022-18-10-01.json’

     0K ..                                                    100%  397M=0s

2022-04-20 18:10:01 (397 MB/s) - ‘/root/process_mining/announcements/data/20_04_2022/ann20.04.2022-18-10-01.json’ saved [2170/2170]

--2022-04-20 18:20:01--  https://files.cloudgdansk.pl/d/otwarte-dane/ztm/bsk.json
Resolving files.cloudgdansk.pl (files.cloudgdansk.pl)... 153.19.238.147
Connecting to files.cloudgdansk.pl (files.cloudgdansk.pl)|153.19.238.147|:443... connected.
HTTP request sent, awaiting response... 200 OK
Length: 2170 (2.1K) [application/json]
Saving to: ‘/root/process_mining/announcements/data/20_04_2022/ann20.04.2022-18-20-01.json’

     0K ..                                                    100%  376M=0s

2022-04-20 18:20:02 (376 MB/s) - ‘/root/process_mining/announcements/data/20_04_2022/ann20.04.2022-18-20-01.json’ saved [2170/2170]

--2022-04-20 18:30:01--  https://files.cloudgdansk.pl/d/otwarte-dane/ztm/bsk.json
Resolving files.cloudgdansk.pl (files.cloudgdansk.pl)... 153.19.238.147
Connecting to files.cloudgdansk.pl (files.cloudgdansk.pl)|153.19.238.147|:443... connected.
HTTP request sent, awaiting response... 200 OK
Length: 2170 (2.1K) [application/json]
Saving to: ‘/root/process_mining/announcements/data/20_04_2022/ann20.04.2022-18-30-01.json’

     0K ..                                                    100%  407M=0s

2022-04-20 18:30:01 (407 MB/s) - ‘/root/process_mining/announcements/data/20_04_2022/ann20.04.2022-18-30-01.json’ saved [2170/2170]

--2022-04-20 18:40:01--  https://files.cloudgdansk.pl/d/otwarte-dane/ztm/bsk.json
Resolving files.cloudgdansk.pl (files.cloudgdansk.pl)... 153.19.238.147
Connecting to files.cloudgdansk.pl (files.cloudgdansk.pl)|153.19.238.147|:443... connected.
HTTP request sent, awaiting response... 200 OK
Length: 60 [text/plain]
Saving to: ‘/root/process_mining/announcements/data/20_04_2022/ann20.04.2022-18-40-01.json’

     0K                                                       100% 11.7M=0s

2022-04-20 18:40:02 (11.7 MB/s) - ‘/root/process_mining/announcements/data/20_04_2022/ann20.04.2022-18-40-01.json’ saved [60/60]

--2022-04-20 18:50:01--  https://files.cloudgdansk.pl/d/otwarte-dane/ztm/bsk.json
Resolving files.cloudgdansk.pl (files.cloudgdansk.pl)... 153.19.238.147
Connecting to files.cloudgdansk.pl (files.cloudgdansk.pl)|153.19.238.147|:443... connected.
HTTP request sent, awaiting response... 200 OK
Length: 60 [text/plain]
Saving to: ‘/root/process_mining/announcements/data/20_04_2022/ann20.04.2022-18-50-01.json’

     0K                                                       100% 12.4M=0s

2022-04-20 18:50:02 (12.4 MB/s) - ‘/root/process_mining/announcements/data/20_04_2022/ann20.04.2022-18-50-01.json’ saved [60/60]

--2022-04-20 19:00:01--  https://files.cloudgdansk.pl/d/otwarte-dane/ztm/bsk.json
Resolving files.cloudgdansk.pl (files.cloudgdansk.pl)... 153.19.238.147
Connecting to files.cloudgdansk.pl (files.cloudgdansk.pl)|153.19.238.147|:443... connected.
HTTP request sent, awaiting response... 200 OK
Length: 60 [text/plain]
Saving to: ‘/root/process_mining/announcements/data/20_04_2022/ann20.04.2022-19-00-01.json’

     0K                                                       100% 11.4M=0s

2022-04-20 19:00:02 (11.4 MB/s) - ‘/root/process_mining/announcements/data/20_04_2022/ann20.04.2022-19-00-01.json’ saved [60/60]

--2022-04-20 19:10:01--  https://files.cloudgdansk.pl/d/otwarte-dane/ztm/bsk.json
Resolving files.cloudgdansk.pl (files.cloudgdansk.pl)... 153.19.238.147
Connecting to files.cloudgdansk.pl (files.cloudgdansk.pl)|153.19.238.147|:443... connected.
HTTP request sent, awaiting response... 200 OK
Length: 60 [text/plain]
Saving to: ‘/root/process_mining/announcements/data/20_04_2022/ann20.04.2022-19-10-01.json’

     0K                                                       100% 12.2M=0s

2022-04-20 19:10:01 (12.2 MB/s) - ‘/root/process_mining/announcements/data/20_04_2022/ann20.04.2022-19-10-01.json’ saved [60/60]

--2022-04-20 19:20:01--  https://files.cloudgdansk.pl/d/otwarte-dane/ztm/bsk.json
Resolving files.cloudgdansk.pl (files.cloudgdansk.pl)... 153.19.238.147
Connecting to files.cloudgdansk.pl (files.cloudgdansk.pl)|153.19.238.147|:443... connected.
HTTP request sent, awaiting response... 200 OK
Length: 60 [text/plain]
Saving to: ‘/root/process_mining/announcements/data/20_04_2022/ann20.04.2022-19-20-01.json’

     0K                                                       100% 12.8M=0s

2022-04-20 19:20:01 (12.8 MB/s) - ‘/root/process_mining/announcements/data/20_04_2022/ann20.04.2022-19-20-01.json’ saved [60/60]

--2022-04-20 19:30:01--  https://files.cloudgdansk.pl/d/otwarte-dane/ztm/bsk.json
Resolving files.cloudgdansk.pl (files.cloudgdansk.pl)... 153.19.238.147
Connecting to files.cloudgdansk.pl (files.cloudgdansk.pl)|153.19.238.147|:443... connected.
HTTP request sent, awaiting response... 200 OK
Length: 60 [text/plain]
Saving to: ‘/root/process_mining/announcements/data/20_04_2022/ann20.04.2022-19-30-01.json’

     0K                                                       100% 9.64M=0s

2022-04-20 19:30:01 (9.64 MB/s) - ‘/root/process_mining/announcements/data/20_04_2022/ann20.04.2022-19-30-01.json’ saved [60/60]

--2022-04-20 19:40:01--  https://files.cloudgdansk.pl/d/otwarte-dane/ztm/bsk.json
Resolving files.cloudgdansk.pl (files.cloudgdansk.pl)... 153.19.238.147
Connecting to files.cloudgdansk.pl (files.cloudgdansk.pl)|153.19.238.147|:443... connected.
HTTP request sent, awaiting response... 200 OK
Length: 60 [text/plain]
Saving to: ‘/root/process_mining/announcements/data/20_04_2022/ann20.04.2022-19-40-01.json’

     0K                                                       100% 12.2M=0s

2022-04-20 19:40:02 (12.2 MB/s) - ‘/root/process_mining/announcements/data/20_04_2022/ann20.04.2022-19-40-01.json’ saved [60/60]

--2022-04-20 19:50:00--  https://files.cloudgdansk.pl/d/otwarte-dane/ztm/bsk.json
Resolving files.cloudgdansk.pl (files.cloudgdansk.pl)... 153.19.238.147
Connecting to files.cloudgdansk.pl (files.cloudgdansk.pl)|153.19.238.147|:443... connected.
HTTP request sent, awaiting response... 200 OK
Length: 60 [text/plain]
Saving to: ‘/root/process_mining/announcements/data/20_04_2022/ann20.04.2022-19-50-00.json’

     0K                                                       100% 12.6M=0s

2022-04-20 19:50:00 (12.6 MB/s) - ‘/root/process_mining/announcements/data/20_04_2022/ann20.04.2022-19-50-00.json’ saved [60/60]

--2022-04-20 20:00:01--  https://files.cloudgdansk.pl/d/otwarte-dane/ztm/bsk.json
Resolving files.cloudgdansk.pl (files.cloudgdansk.pl)... 153.19.238.147
Connecting to files.cloudgdansk.pl (files.cloudgdansk.pl)|153.19.238.147|:443... connected.
HTTP request sent, awaiting response... 200 OK
Length: 60 [text/plain]
Saving to: ‘/root/process_mining/announcements/data/20_04_2022/ann20.04.2022-20-00-01.json’

     0K                                                       100% 12.2M=0s

2022-04-20 20:00:01 (12.2 MB/s) - ‘/root/process_mining/announcements/data/20_04_2022/ann20.04.2022-20-00-01.json’ saved [60/60]

--2022-04-20 20:10:01--  https://files.cloudgdansk.pl/d/otwarte-dane/ztm/bsk.json
Resolving files.cloudgdansk.pl (files.cloudgdansk.pl)... 153.19.238.147
Connecting to files.cloudgdansk.pl (files.cloudgdansk.pl)|153.19.238.147|:443... connected.
HTTP request sent, awaiting response... 200 OK
Length: 60 [text/plain]
Saving to: ‘/root/process_mining/announcements/data/20_04_2022/ann20.04.2022-20-10-01.json’

     0K                                                       100% 12.7M=0s

2022-04-20 20:10:02 (12.7 MB/s) - ‘/root/process_mining/announcements/data/20_04_2022/ann20.04.2022-20-10-01.json’ saved [60/60]

--2022-04-20 20:20:01--  https://files.cloudgdansk.pl/d/otwarte-dane/ztm/bsk.json
Resolving files.cloudgdansk.pl (files.cloudgdansk.pl)... 153.19.238.147
Connecting to files.cloudgdansk.pl (files.cloudgdansk.pl)|153.19.238.147|:443... connected.
HTTP request sent, awaiting response... 200 OK
Length: 60 [text/plain]
Saving to: ‘/root/process_mining/announcements/data/20_04_2022/ann20.04.2022-20-20-01.json’

     0K                                                       100% 12.0M=0s

2022-04-20 20:20:02 (12.0 MB/s) - ‘/root/process_mining/announcements/data/20_04_2022/ann20.04.2022-20-20-01.json’ saved [60/60]

--2022-04-20 20:30:00--  https://files.cloudgdansk.pl/d/otwarte-dane/ztm/bsk.json
Resolving files.cloudgdansk.pl (files.cloudgdansk.pl)... 153.19.238.147
Connecting to files.cloudgdansk.pl (files.cloudgdansk.pl)|153.19.238.147|:443... connected.
HTTP request sent, awaiting response... 200 OK
Length: 60 [text/plain]
Saving to: ‘/root/process_mining/announcements/data/20_04_2022/ann20.04.2022-20-30-00.json’

     0K                                                       100% 13.8M=0s

2022-04-20 20:30:01 (13.8 MB/s) - ‘/root/process_mining/announcements/data/20_04_2022/ann20.04.2022-20-30-00.json’ saved [60/60]

--2022-04-20 20:40:01--  https://files.cloudgdansk.pl/d/otwarte-dane/ztm/bsk.json
Resolving files.cloudgdansk.pl (files.cloudgdansk.pl)... 153.19.238.147
Connecting to files.cloudgdansk.pl (files.cloudgdansk.pl)|153.19.238.147|:443... connected.
HTTP request sent, awaiting response... 200 OK
Length: 60 [text/plain]
Saving to: ‘/root/process_mining/announcements/data/20_04_2022/ann20.04.2022-20-40-01.json’

     0K                                                       100% 11.9M=0s

2022-04-20 20:40:01 (11.9 MB/s) - ‘/root/process_mining/announcements/data/20_04_2022/ann20.04.2022-20-40-01.json’ saved [60/60]

--2022-04-20 20:50:01--  https://files.cloudgdansk.pl/d/otwarte-dane/ztm/bsk.json
Resolving files.cloudgdansk.pl (files.cloudgdansk.pl)... 153.19.238.147
Connecting to files.cloudgdansk.pl (files.cloudgdansk.pl)|153.19.238.147|:443... connected.
HTTP request sent, awaiting response... 200 OK
Length: 60 [text/plain]
Saving to: ‘/root/process_mining/announcements/data/20_04_2022/ann20.04.2022-20-50-01.json’

     0K                                                       100% 12.3M=0s

2022-04-20 20:50:01 (12.3 MB/s) - ‘/root/process_mining/announcements/data/20_04_2022/ann20.04.2022-20-50-01.json’ saved [60/60]

--2022-04-20 21:00:01--  https://files.cloudgdansk.pl/d/otwarte-dane/ztm/bsk.json
Resolving files.cloudgdansk.pl (files.cloudgdansk.pl)... 153.19.238.147
Connecting to files.cloudgdansk.pl (files.cloudgdansk.pl)|153.19.238.147|:443... connected.
HTTP request sent, awaiting response... 200 OK
Length: 60 [text/plain]
Saving to: ‘/root/process_mining/announcements/data/20_04_2022/ann20.04.2022-21-00-01.json’

     0K                                                       100% 11.9M=0s

2022-04-20 21:00:02 (11.9 MB/s) - ‘/root/process_mining/announcements/data/20_04_2022/ann20.04.2022-21-00-01.json’ saved [60/60]

--2022-04-20 21:10:01--  https://files.cloudgdansk.pl/d/otwarte-dane/ztm/bsk.json
Resolving files.cloudgdansk.pl (files.cloudgdansk.pl)... 153.19.238.147
Connecting to files.cloudgdansk.pl (files.cloudgdansk.pl)|153.19.238.147|:443... connected.
HTTP request sent, awaiting response... 200 OK
Length: 60 [text/plain]
Saving to: ‘/root/process_mining/announcements/data/20_04_2022/ann20.04.2022-21-10-01.json’

     0K                                                       100% 11.4M=0s

2022-04-20 21:10:01 (11.4 MB/s) - ‘/root/process_mining/announcements/data/20_04_2022/ann20.04.2022-21-10-01.json’ saved [60/60]

--2022-04-20 21:20:01--  https://files.cloudgdansk.pl/d/otwarte-dane/ztm/bsk.json
Resolving files.cloudgdansk.pl (files.cloudgdansk.pl)... 153.19.238.147
Connecting to files.cloudgdansk.pl (files.cloudgdansk.pl)|153.19.238.147|:443... connected.
HTTP request sent, awaiting response... 200 OK
Length: 60 [text/plain]
Saving to: ‘/root/process_mining/announcements/data/20_04_2022/ann20.04.2022-21-20-01.json’

     0K                                                       100% 13.0M=0s

2022-04-20 21:20:01 (13.0 MB/s) - ‘/root/process_mining/announcements/data/20_04_2022/ann20.04.2022-21-20-01.json’ saved [60/60]

--2022-04-20 21:30:01--  https://files.cloudgdansk.pl/d/otwarte-dane/ztm/bsk.json
Resolving files.cloudgdansk.pl (files.cloudgdansk.pl)... 153.19.238.147
Connecting to files.cloudgdansk.pl (files.cloudgdansk.pl)|153.19.238.147|:443... connected.
HTTP request sent, awaiting response... 200 OK
Length: 60 [text/plain]
Saving to: ‘/root/process_mining/announcements/data/20_04_2022/ann20.04.2022-21-30-01.json’

     0K                                                       100% 11.7M=0s

2022-04-20 21:30:01 (11.7 MB/s) - ‘/root/process_mining/announcements/data/20_04_2022/ann20.04.2022-21-30-01.json’ saved [60/60]

--2022-04-20 21:40:01--  https://files.cloudgdansk.pl/d/otwarte-dane/ztm/bsk.json
Resolving files.cloudgdansk.pl (files.cloudgdansk.pl)... 153.19.238.147
Connecting to files.cloudgdansk.pl (files.cloudgdansk.pl)|153.19.238.147|:443... connected.
HTTP request sent, awaiting response... 200 OK
Length: 60 [text/plain]
Saving to: ‘/root/process_mining/announcements/data/20_04_2022/ann20.04.2022-21-40-01.json’

     0K                                                       100% 11.3M=0s

2022-04-20 21:40:02 (11.3 MB/s) - ‘/root/process_mining/announcements/data/20_04_2022/ann20.04.2022-21-40-01.json’ saved [60/60]

--2022-04-20 21:50:01--  https://files.cloudgdansk.pl/d/otwarte-dane/ztm/bsk.json
Resolving files.cloudgdansk.pl (files.cloudgdansk.pl)... 153.19.238.147
Connecting to files.cloudgdansk.pl (files.cloudgdansk.pl)|153.19.238.147|:443... connected.
HTTP request sent, awaiting response... 200 OK
Length: 60 [text/plain]
Saving to: ‘/root/process_mining/announcements/data/20_04_2022/ann20.04.2022-21-50-01.json’

     0K                                                       100% 8.77M=0s

2022-04-20 21:50:01 (8.77 MB/s) - ‘/root/process_mining/announcements/data/20_04_2022/ann20.04.2022-21-50-01.json’ saved [60/60]

--2022-04-20 22:00:01--  https://files.cloudgdansk.pl/d/otwarte-dane/ztm/bsk.json
Resolving files.cloudgdansk.pl (files.cloudgdansk.pl)... 153.19.238.147
Connecting to files.cloudgdansk.pl (files.cloudgdansk.pl)|153.19.238.147|:443... connected.
HTTP request sent, awaiting response... 200 OK
Length: 60 [text/plain]
Saving to: ‘/root/process_mining/announcements/data/20_04_2022/ann20.04.2022-22-00-01.json’

     0K                                                       100% 10.3M=0s

2022-04-20 22:00:01 (10.3 MB/s) - ‘/root/process_mining/announcements/data/20_04_2022/ann20.04.2022-22-00-01.json’ saved [60/60]

--2022-04-20 22:10:02--  https://files.cloudgdansk.pl/d/otwarte-dane/ztm/bsk.json
Resolving files.cloudgdansk.pl (files.cloudgdansk.pl)... 153.19.238.147
Connecting to files.cloudgdansk.pl (files.cloudgdansk.pl)|153.19.238.147|:443... connected.
HTTP request sent, awaiting response... 200 OK
Length: 60 [text/plain]
Saving to: ‘/root/process_mining/announcements/data/20_04_2022/ann20.04.2022-22-10-02.json’

     0K                                                       100% 9.61M=0s

2022-04-20 22:10:02 (9.61 MB/s) - ‘/root/process_mining/announcements/data/20_04_2022/ann20.04.2022-22-10-02.json’ saved [60/60]

--2022-04-20 22:20:01--  https://files.cloudgdansk.pl/d/otwarte-dane/ztm/bsk.json
Resolving files.cloudgdansk.pl (files.cloudgdansk.pl)... 153.19.238.147
Connecting to files.cloudgdansk.pl (files.cloudgdansk.pl)|153.19.238.147|:443... connected.
HTTP request sent, awaiting response... 200 OK
Length: 60 [text/plain]
Saving to: ‘/root/process_mining/announcements/data/20_04_2022/ann20.04.2022-22-20-01.json’

     0K                                                       100% 11.3M=0s

2022-04-20 22:20:01 (11.3 MB/s) - ‘/root/process_mining/announcements/data/20_04_2022/ann20.04.2022-22-20-01.json’ saved [60/60]

--2022-04-20 22:30:00--  https://files.cloudgdansk.pl/d/otwarte-dane/ztm/bsk.json
Resolving files.cloudgdansk.pl (files.cloudgdansk.pl)... 153.19.238.147
Connecting to files.cloudgdansk.pl (files.cloudgdansk.pl)|153.19.238.147|:443... connected.
HTTP request sent, awaiting response... 200 OK
Length: 60 [text/plain]
Saving to: ‘/root/process_mining/announcements/data/20_04_2022/ann20.04.2022-22-30-00.json’

     0K                                                       100% 12.1M=0s

2022-04-20 22:30:00 (12.1 MB/s) - ‘/root/process_mining/announcements/data/20_04_2022/ann20.04.2022-22-30-00.json’ saved [60/60]

--2022-04-20 22:40:00--  https://files.cloudgdansk.pl/d/otwarte-dane/ztm/bsk.json
Resolving files.cloudgdansk.pl (files.cloudgdansk.pl)... 153.19.238.147
Connecting to files.cloudgdansk.pl (files.cloudgdansk.pl)|153.19.238.147|:443... connected.
HTTP request sent, awaiting response... 200 OK
Length: 60 [text/plain]
Saving to: ‘/root/process_mining/announcements/data/20_04_2022/ann20.04.2022-22-40-00.json’

     0K                                                       100% 12.2M=0s

2022-04-20 22:40:00 (12.2 MB/s) - ‘/root/process_mining/announcements/data/20_04_2022/ann20.04.2022-22-40-00.json’ saved [60/60]

--2022-04-20 22:50:01--  https://files.cloudgdansk.pl/d/otwarte-dane/ztm/bsk.json
Resolving files.cloudgdansk.pl (files.cloudgdansk.pl)... 153.19.238.147
Connecting to files.cloudgdansk.pl (files.cloudgdansk.pl)|153.19.238.147|:443... connected.
HTTP request sent, awaiting response... 200 OK
Length: 60 [text/plain]
Saving to: ‘/root/process_mining/announcements/data/20_04_2022/ann20.04.2022-22-50-01.json’

     0K                                                       100% 11.9M=0s

2022-04-20 22:50:02 (11.9 MB/s) - ‘/root/process_mining/announcements/data/20_04_2022/ann20.04.2022-22-50-01.json’ saved [60/60]

--2022-04-20 23:00:00--  https://files.cloudgdansk.pl/d/otwarte-dane/ztm/bsk.json
Resolving files.cloudgdansk.pl (files.cloudgdansk.pl)... 153.19.238.147
Connecting to files.cloudgdansk.pl (files.cloudgdansk.pl)|153.19.238.147|:443... connected.
HTTP request sent, awaiting response... 200 OK
Length: 60 [text/plain]
Saving to: ‘/root/process_mining/announcements/data/20_04_2022/ann20.04.2022-23-00-00.json’

     0K                                                       100% 12.0M=0s

2022-04-20 23:00:01 (12.0 MB/s) - ‘/root/process_mining/announcements/data/20_04_2022/ann20.04.2022-23-00-00.json’ saved [60/60]

--2022-04-20 23:10:00--  https://files.cloudgdansk.pl/d/otwarte-dane/ztm/bsk.json
Resolving files.cloudgdansk.pl (files.cloudgdansk.pl)... 153.19.238.147
Connecting to files.cloudgdansk.pl (files.cloudgdansk.pl)|153.19.238.147|:443... connected.
HTTP request sent, awaiting response... 200 OK
Length: 60 [text/plain]
Saving to: ‘/root/process_mining/announcements/data/20_04_2022/ann20.04.2022-23-10-00.json’

     0K                                                       100% 11.8M=0s

2022-04-20 23:10:00 (11.8 MB/s) - ‘/root/process_mining/announcements/data/20_04_2022/ann20.04.2022-23-10-00.json’ saved [60/60]

--2022-04-20 23:20:00--  https://files.cloudgdansk.pl/d/otwarte-dane/ztm/bsk.json
Resolving files.cloudgdansk.pl (files.cloudgdansk.pl)... 153.19.238.147
Connecting to files.cloudgdansk.pl (files.cloudgdansk.pl)|153.19.238.147|:443... connected.
HTTP request sent, awaiting response... 200 OK
Length: 60 [text/plain]
Saving to: ‘/root/process_mining/announcements/data/20_04_2022/ann20.04.2022-23-20-00.json’

     0K                                                       100% 12.3M=0s

2022-04-20 23:20:00 (12.3 MB/s) - ‘/root/process_mining/announcements/data/20_04_2022/ann20.04.2022-23-20-00.json’ saved [60/60]

--2022-04-20 23:30:00--  https://files.cloudgdansk.pl/d/otwarte-dane/ztm/bsk.json
Resolving files.cloudgdansk.pl (files.cloudgdansk.pl)... 153.19.238.147
Connecting to files.cloudgdansk.pl (files.cloudgdansk.pl)|153.19.238.147|:443... connected.
HTTP request sent, awaiting response... 200 OK
Length: 60 [text/plain]
Saving to: ‘/root/process_mining/announcements/data/20_04_2022/ann20.04.2022-23-30-00.json’

     0K                                                       100% 12.1M=0s

2022-04-20 23:30:01 (12.1 MB/s) - ‘/root/process_mining/announcements/data/20_04_2022/ann20.04.2022-23-30-00.json’ saved [60/60]

--2022-04-20 23:40:01--  https://files.cloudgdansk.pl/d/otwarte-dane/ztm/bsk.json
Resolving files.cloudgdansk.pl (files.cloudgdansk.pl)... 153.19.238.147
Connecting to files.cloudgdansk.pl (files.cloudgdansk.pl)|153.19.238.147|:443... connected.
HTTP request sent, awaiting response... 200 OK
Length: 60 [text/plain]
Saving to: ‘/root/process_mining/announcements/data/20_04_2022/ann20.04.2022-23-40-01.json’

     0K                                                       100% 10.2M=0s

2022-04-20 23:40:01 (10.2 MB/s) - ‘/root/process_mining/announcements/data/20_04_2022/ann20.04.2022-23-40-01.json’ saved [60/60]

--2022-04-20 23:50:01--  https://files.cloudgdansk.pl/d/otwarte-dane/ztm/bsk.json
Resolving files.cloudgdansk.pl (files.cloudgdansk.pl)... 153.19.238.147
Connecting to files.cloudgdansk.pl (files.cloudgdansk.pl)|153.19.238.147|:443... connected.
HTTP request sent, awaiting response... 200 OK
Length: 60 [text/plain]
Saving to: ‘/root/process_mining/announcements/data/20_04_2022/ann20.04.2022-23-50-01.json’

     0K                                                       100% 11.6M=0s

2022-04-20 23:50:01 (11.6 MB/s) - ‘/root/process_mining/announcements/data/20_04_2022/ann20.04.2022-23-50-01.json’ saved [60/60]

