--2022-04-21 02:55:01--  https://ckan.multimediagdansk.pl/dataset/c24aa637-3619-4dc2-a171-a23eec8f2172/resource/3115d29d-b763-4af5-93f6-763b835967d6/download/stopsintrip.json
Resolving ckan.multimediagdansk.pl (ckan.multimediagdansk.pl)... 91.244.248.30
Connecting to ckan.multimediagdansk.pl (ckan.multimediagdansk.pl)|91.244.248.30|:443... connected.
HTTP request sent, awaiting response... 200 OK
Length: 26667476 (25M) [application/json]
Saving to: ‘/root/process_mining/trips_tracing/stopsintrip.json’

     0K .......... .......... .......... .......... ..........  0%  891K 29s
    50K .......... .......... .......... .......... ..........  0% 1.76M 22s
   100K .......... .......... .......... .......... ..........  0% 56.3M 15s
   150K .......... .......... .......... .......... ..........  0% 75.0M 11s
   200K .......... .......... .......... .......... ..........  0% 1.78M 12s
   250K .......... .......... .......... .......... ..........  1% 63.0M 10s
   300K .......... .......... .......... .......... ..........  1%  113M 8s
   350K .......... .......... .......... .......... ..........  1%  130M 7s
   400K .......... .......... .......... .......... ..........  1% 1.87M 8s
   450K .......... .......... .......... .......... ..........  1% 72.1M 7s
   500K .......... .......... .......... .......... ..........  2% 75.0M 7s
   550K .......... .......... .......... .......... ..........  2% 99.5M 6s
   600K .......... .......... .......... .......... ..........  2%  104M 6s
   650K .......... .......... .......... .......... ..........  2% 55.1M 5s
   700K .......... .......... .......... .......... ..........  2% 70.6M 5s
   750K .......... .......... .......... .......... ..........  3%  132M 5s
   800K .......... .......... .......... .......... ..........  3%  115M 4s
   850K .......... .......... .......... .......... ..........  3% 2.06M 5s
   900K .......... .......... .......... .......... ..........  3% 72.0M 4s
   950K .......... .......... .......... .......... ..........  3% 59.5M 4s
  1000K .......... .......... .......... .......... ..........  4% 72.3M 4s
  1050K .......... .......... .......... .......... ..........  4% 60.8M 4s
  1100K .......... .......... .......... .......... ..........  4% 83.2M 4s
  1150K .......... .......... .......... .......... ..........  4% 99.8M 4s
  1200K .......... .......... .......... .......... ..........  4% 94.5M 3s
  1250K .......... .......... .......... .......... ..........  4% 84.3M 3s
  1300K .......... .......... .......... .......... ..........  5% 79.8M 3s
  1350K .......... .......... .......... .......... ..........  5% 77.3M 3s
  1400K .......... .......... .......... .......... ..........  5% 73.0M 3s
  1450K .......... .......... .......... .......... ..........  5% 86.5M 3s
  1500K .......... .......... .......... .......... ..........  5% 81.0M 3s
  1550K .......... .......... .......... .......... ..........  6%  132M 3s
  1600K .......... .......... .......... .......... ..........  6%  134M 3s
  1650K .......... .......... .......... .......... ..........  6%  145M 3s
  1700K .......... .......... .......... .......... ..........  6% 2.66M 3s
  1750K .......... .......... .......... .......... ..........  6% 60.1M 3s
  1800K .......... .......... .......... .......... ..........  7% 56.6M 3s
  1850K .......... .......... .......... .......... ..........  7% 72.6M 3s
  1900K .......... .......... .......... .......... ..........  7% 78.5M 2s
  1950K .......... .......... .......... .......... ..........  7%  112M 2s
  2000K .......... .......... .......... .......... ..........  7%  104M 2s
  2050K .......... .......... .......... .......... ..........  8%  102M 2s
  2100K .......... .......... .......... .......... ..........  8% 91.0M 2s
  2150K .......... .......... .......... .......... ..........  8% 1.65M 3s
  2200K .......... .......... .......... .......... ..........  8% 43.7M 2s
  2250K .......... .......... .......... .......... ..........  8% 63.9M 2s
  2300K .......... .......... .......... .......... ..........  9%  111M 2s
  2350K .......... .......... .......... .......... ..........  9% 86.2M 2s
  2400K .......... .......... .......... .......... ..........  9% 49.3M 2s
  2450K .......... .......... .......... .......... ..........  9% 92.2M 2s
  2500K .......... .......... .......... .......... ..........  9%  106M 2s
  2550K .......... .......... .......... .......... ..........  9%  121M 2s
  2600K .......... .......... .......... .......... .......... 10%  113M 2s
  2650K .......... .......... .......... .......... .......... 10%  103M 2s
  2700K .......... .......... .......... .......... .......... 10%  130M 2s
  2750K .......... .......... .......... .......... .......... 10%  108M 2s
  2800K .......... .......... .......... .......... .......... 10%  105M 2s
  2850K .......... .......... .......... .......... .......... 11%  113M 2s
  2900K .......... .......... .......... .......... .......... 11%  101M 2s
  2950K .......... .......... .......... .......... .......... 11%  125M 2s
  3000K .......... .......... .......... .......... .......... 11%  126M 2s
  3050K .......... .......... .......... .......... .......... 11%  114M 2s
  3100K .......... .......... .......... .......... .......... 12%  124M 2s
  3150K .......... .......... .......... .......... .......... 12%  104M 2s
  3200K .......... .......... .......... .......... .......... 12%  127M 2s
  3250K .......... .......... .......... .......... .......... 12%  111M 2s
  3300K .......... .......... .......... .......... .......... 12%  123M 2s
  3350K .......... .......... .......... .......... .......... 13%  121M 2s
  3400K .......... .......... .......... .......... .......... 13% 98.6M 2s
  3450K .......... .......... .......... .......... .......... 13%  127M 2s
  3500K .......... .......... .......... .......... .......... 13% 97.2M 2s
  3550K .......... .......... .......... .......... .......... 13%  112M 2s
  3600K .......... .......... .......... .......... .......... 14%  110M 2s
  3650K .......... .......... .......... .......... .......... 14%  108M 1s
  3700K .......... .......... .......... .......... .......... 14%  137M 1s
  3750K .......... .......... .......... .......... .......... 14% 99.2M 1s
  3800K .......... .......... .......... .......... .......... 14%  133M 1s
  3850K .......... .......... .......... .......... .......... 14% 27.1M 1s
  3900K .......... .......... .......... .......... .......... 15% 33.5M 1s
  3950K .......... .......... .......... .......... .......... 15% 32.1M 1s
  4000K .......... .......... .......... .......... .......... 15% 28.2M 1s
  4050K .......... .......... .......... .......... .......... 15% 23.0M 1s
  4100K .......... .......... .......... .......... .......... 15% 33.4M 1s
  4150K .......... .......... .......... .......... .......... 16% 23.6M 1s
  4200K .......... .......... .......... .......... .......... 16% 24.4M 1s
  4250K .......... .......... .......... .......... .......... 16% 17.9M 1s
  4300K .......... .......... .......... .......... .......... 16% 18.4M 1s
  4350K .......... .......... .......... .......... .......... 16% 27.9M 1s
  4400K .......... .......... .......... .......... .......... 17% 23.6M 1s
  4450K .......... .......... .......... .......... .......... 17% 28.2M 1s
  4500K .......... .......... .......... .......... .......... 17% 20.6M 1s
  4550K .......... .......... .......... .......... .......... 17% 26.1M 1s
  4600K .......... .......... .......... .......... .......... 17% 27.4M 1s
  4650K .......... .......... .......... .......... .......... 18% 23.6M 1s
  4700K .......... .......... .......... .......... .......... 18% 21.7M 1s
  4750K .......... .......... .......... .......... .......... 18% 30.6M 1s
  4800K .......... .......... .......... .......... .......... 18% 24.3M 1s
  4850K .......... .......... .......... .......... .......... 18% 29.7M 1s
  4900K .......... .......... .......... .......... .......... 19% 19.7M 1s
  4950K .......... .......... .......... .......... .......... 19% 30.1M 1s
  5000K .......... .......... .......... .......... .......... 19% 25.5M 1s
  5050K .......... .......... .......... .......... .......... 19% 23.3M 1s
  5100K .......... .......... .......... .......... .......... 19% 28.6M 1s
  5150K .......... .......... .......... .......... .......... 19% 22.0M 1s
  5200K .......... .......... .......... .......... .......... 20% 34.6M 1s
  5250K .......... .......... .......... .......... .......... 20% 24.0M 1s
  5300K .......... .......... .......... .......... .......... 20% 20.9M 1s
  5350K .......... .......... .......... .......... .......... 20% 28.7M 1s
  5400K .......... .......... .......... .......... .......... 20% 28.6M 1s
  5450K .......... .......... .......... .......... .......... 21% 30.1M 1s
  5500K .......... .......... .......... .......... .......... 21% 19.8M 1s
  5550K .......... .......... .......... .......... .......... 21% 23.9M 1s
  5600K .......... .......... .......... .......... .......... 21% 28.9M 1s
  5650K .......... .......... .......... .......... .......... 21% 25.3M 1s
  5700K .......... .......... .......... .......... .......... 22% 22.6M 1s
  5750K .......... .......... .......... .......... .......... 22% 27.4M 1s
  5800K .......... .......... .......... .......... .......... 22% 28.3M 1s
  5850K .......... .......... .......... .......... .......... 22% 22.9M 1s
  5900K .......... .......... .......... .......... .......... 22% 24.2M 1s
  5950K .......... .......... .......... .......... .......... 23% 29.2M 1s
  6000K .......... .......... .......... .......... .......... 23% 28.8M 1s
  6050K .......... .......... .......... .......... .......... 23% 20.4M 1s
  6100K .......... .......... .......... .......... .......... 23% 30.0M 1s
  6150K .......... .......... .......... .......... .......... 23% 24.6M 1s
  6200K .......... .......... .......... .......... .......... 23% 29.9M 1s
  6250K .......... .......... .......... .......... .......... 24% 28.5M 1s
  6300K .......... .......... .......... .......... .......... 24% 18.8M 1s
  6350K .......... .......... .......... .......... .......... 24% 27.9M 1s
  6400K .......... .......... .......... .......... .......... 24% 25.8M 1s
  6450K .......... .......... .......... .......... .......... 24% 22.7M 1s
  6500K .......... .......... .......... .......... .......... 25% 23.9M 1s
  6550K .......... .......... .......... .......... .......... 25% 27.6M 1s
  6600K .......... .......... .......... .......... .......... 25% 30.4M 1s
  6650K .......... .......... .......... .......... .......... 25% 21.0M 1s
  6700K .......... .......... .......... .......... .......... 25% 29.1M 1s
  6750K .......... .......... .......... .......... .......... 26% 24.3M 1s
  6800K .......... .......... .......... .......... .......... 26% 29.5M 1s
  6850K .......... .......... .......... .......... .......... 26% 27.0M 1s
  6900K .......... .......... .......... .......... .......... 26% 20.1M 1s
  6950K .......... .......... .......... .......... .......... 26% 25.1M 1s
  7000K .......... .......... .......... .......... .......... 27% 30.2M 1s
  7050K .......... .......... .......... .......... .......... 27% 24.4M 1s
  7100K .......... .......... .......... .......... .......... 27% 23.5M 1s
  7150K .......... .......... .......... .......... .......... 27% 27.7M 1s
  7200K .......... .......... .......... .......... .......... 27% 25.8M 1s
  7250K .......... .......... .......... .......... .......... 28% 29.1M 1s
  7300K .......... .......... .......... .......... .......... 28% 21.0M 1s
  7350K .......... .......... .......... .......... .......... 28% 27.7M 1s
  7400K .......... .......... .......... .......... .......... 28% 29.0M 1s
  7450K .......... .......... .......... .......... .......... 28% 19.0M 1s
  7500K .......... .......... .......... .......... .......... 28% 28.2M 1s
  7550K .......... .......... .......... .......... .......... 29% 24.1M 1s
  7600K .......... .......... .......... .......... .......... 29% 34.3M 1s
  7650K .......... .......... .......... .......... .......... 29% 22.8M 1s
  7700K .......... .......... .......... .......... .......... 29% 24.3M 1s
  7750K .......... .......... .......... .......... .......... 29% 28.5M 1s
  7800K .......... .......... .......... .......... .......... 30% 25.5M 1s
  7850K .......... .......... .......... .......... .......... 30% 28.4M 1s
  7900K .......... .......... .......... .......... .......... 30% 20.0M 1s
  7950K .......... .......... .......... .......... .......... 30% 28.6M 1s
  8000K .......... .......... .......... .......... .......... 30% 24.5M 1s
  8050K .......... .......... .......... .......... .......... 31% 29.5M 1s
  8100K .......... .......... .......... .......... .......... 31% 19.3M 1s
  8150K .......... .......... .......... .......... .......... 31% 24.4M 1s
  8200K .......... .......... .......... .......... .......... 31% 27.2M 1s
  8250K .......... .......... .......... .......... .......... 31% 21.2M 1s
  8300K .......... .......... .......... .......... .......... 32% 30.1M 1s
  8350K .......... .......... .......... .......... .......... 32% 20.7M 1s
  8400K .......... .......... .......... .......... .......... 32% 24.1M 1s
  8450K .......... .......... .......... .......... .......... 32% 24.8M 1s
  8500K .......... .......... .......... .......... .......... 32% 28.6M 1s
  8550K .......... .......... .......... .......... .......... 33% 20.3M 1s
  8600K .......... .......... .......... .......... .......... 33% 29.5M 1s
  8650K .......... .......... .......... .......... .......... 33% 22.8M 1s
  8700K .......... .......... .......... .......... .......... 33% 8.20M 1s
  8750K .......... .......... .......... .......... .......... 33% 20.2M 1s
  8800K .......... .......... .......... .......... .......... 33% 26.9M 1s
  8850K .......... .......... .......... .......... .......... 34% 31.6M 1s
  8900K .......... .......... .......... .......... .......... 34% 22.9M 1s
  8950K .......... .......... .......... .......... .......... 34% 16.8M 1s
  9000K .......... .......... .......... .......... .......... 34% 28.3M 1s
  9050K .......... .......... .......... .......... .......... 34% 23.1M 1s
  9100K .......... .......... .......... .......... .......... 35% 29.8M 1s
  9150K .......... .......... .......... .......... .......... 35% 3.12M 1s
  9200K .......... .......... .......... .......... .......... 35% 7.97M 1s
  9250K .......... .......... .......... .......... .......... 35% 28.7M 1s
  9300K .......... .......... .......... .......... .......... 35% 22.5M 1s
  9350K .......... .......... .......... .......... .......... 36% 27.2M 1s
  9400K .......... .......... .......... .......... .......... 36% 18.1M 1s
  9450K .......... .......... .......... .......... .......... 36% 23.0M 1s
  9500K .......... .......... .......... .......... .......... 36% 32.7M 1s
  9550K .......... .......... .......... .......... .......... 36% 28.1M 1s
  9600K .......... .......... .......... .......... .......... 37% 33.4M 1s
  9650K .......... .......... .......... .......... .......... 37% 11.4M 1s
  9700K .......... .......... .......... .......... .......... 37% 28.0M 1s
  9750K .......... .......... .......... .......... .......... 37% 27.7M 1s
  9800K .......... .......... .......... .......... .......... 37% 29.7M 1s
  9850K .......... .......... .......... .......... .......... 38% 33.8M 1s
  9900K .......... .......... .......... .......... .......... 38% 22.3M 1s
  9950K .......... .......... .......... .......... .......... 38% 20.1M 1s
 10000K .......... .......... .......... .......... .......... 38% 28.3M 1s
 10050K .......... .......... .......... .......... .......... 38% 25.3M 1s
 10100K .......... .......... .......... .......... .......... 38% 2.24M 1s
 10150K .......... .......... .......... .......... .......... 39% 29.6M 1s
 10200K .......... .......... .......... .......... .......... 39% 23.6M 1s
 10250K .......... .......... .......... .......... .......... 39% 29.9M 1s
 10300K .......... .......... .......... .......... .......... 39% 26.5M 1s
 10350K .......... .......... .......... .......... .......... 39% 15.8M 1s
 10400K .......... .......... .......... .......... .......... 40% 33.5M 1s
 10450K .......... .......... .......... .......... .......... 40% 33.9M 1s
 10500K .......... .......... .......... .......... .......... 40% 29.1M 1s
 10550K .......... .......... .......... .......... .......... 40% 23.0M 1s
 10600K .......... .......... .......... .......... .......... 40% 32.7M 1s
 10650K .......... .......... .......... .......... .......... 41% 28.2M 1s
 10700K .......... .......... .......... .......... .......... 41% 33.2M 1s
 10750K .......... .......... .......... .......... .......... 41% 29.2M 1s
 10800K .......... .......... .......... .......... .......... 41% 24.7M 1s
 10850K .......... .......... .......... .......... .......... 41% 33.6M 1s
 10900K .......... .......... .......... .......... .......... 42% 25.8M 1s
 10950K .......... .......... .......... .......... .......... 42% 27.4M 1s
 11000K .......... .......... .......... .......... .......... 42% 23.5M 1s
 11050K .......... .......... .......... .......... .......... 42% 7.64M 1s
 11100K .......... .......... .......... .......... .......... 42% 32.8M 1s
 11150K .......... .......... .......... .......... .......... 43% 26.0M 1s
 11200K .......... .......... .......... .......... .......... 43% 31.8M 1s
 11250K .......... .......... .......... .......... .......... 43% 2.72M 1s
 11300K .......... .......... .......... .......... .......... 43% 24.4M 1s
 11350K .......... .......... .......... .......... .......... 43% 50.3M 1s
 11400K .......... .......... .......... .......... .......... 43% 27.7M 1s
 11450K .......... .......... .......... .......... .......... 44% 9.99M 1s
 11500K .......... .......... .......... .......... .......... 44% 24.6M 1s
 11550K .......... .......... .......... .......... .......... 44% 8.86M 1s
 11600K .......... .......... .......... .......... .......... 44% 32.7M 1s
 11650K .......... .......... .......... .......... .......... 44% 32.1M 1s
 11700K .......... .......... .......... .......... .......... 45% 28.7M 1s
 11750K .......... .......... .......... .......... .......... 45% 32.9M 1s
 11800K .......... .......... .......... .......... .......... 45% 3.51M 1s
 11850K .......... .......... .......... .......... .......... 45% 24.9M 1s
 11900K .......... .......... .......... .......... .......... 45% 31.6M 1s
 11950K .......... .......... .......... .......... .......... 46% 29.3M 1s
 12000K .......... .......... .......... .......... .......... 46% 4.27M 1s
 12050K .......... .......... .......... .......... .......... 46% 3.38M 1s
 12100K .......... .......... .......... .......... .......... 46% 30.2M 1s
 12150K .......... .......... .......... .......... .......... 46% 26.3M 1s
 12200K .......... .......... .......... .......... .......... 47% 31.1M 1s
 12250K .......... .......... .......... .......... .......... 47% 29.1M 1s
 12300K .......... .......... .......... .......... .......... 47% 3.87M 1s
 12350K .......... .......... .......... .......... .......... 47% 2.74M 1s
 12400K .......... .......... .......... .......... .......... 47% 32.9M 1s
 12450K .......... .......... .......... .......... .......... 47% 28.2M 1s
 12500K .......... .......... .......... .......... .......... 48% 27.1M 1s
 12550K .......... .......... .......... .......... .......... 48% 33.3M 1s
 12600K .......... .......... .......... .......... .......... 48% 6.84M 1s
 12650K .......... .......... .......... .......... .......... 48% 33.4M 1s
 12700K .......... .......... .......... .......... .......... 48% 28.4M 1s
 12750K .......... .......... .......... .......... .......... 49% 33.4M 1s
 12800K .......... .......... .......... .......... .......... 49% 5.59M 1s
 12850K .......... .......... .......... .......... .......... 49% 26.7M 1s
 12900K .......... .......... .......... .......... .......... 49% 31.7M 1s
 12950K .......... .......... .......... .......... .......... 49% 26.2M 1s
 13000K .......... .......... .......... .......... .......... 50% 30.3M 1s
 13050K .......... .......... .......... .......... .......... 50% 2.02M 1s
 13100K .......... .......... .......... .......... .......... 50% 27.5M 1s
 13150K .......... .......... .......... .......... .......... 50% 32.0M 1s
 13200K .......... .......... .......... .......... .......... 50% 32.6M 1s
 13250K .......... .......... .......... .......... .......... 51% 25.6M 1s
 13300K .......... .......... .......... .......... .......... 51% 3.18M 1s
 13350K .......... .......... .......... .......... .......... 51% 27.2M 1s
 13400K .......... .......... .......... .......... .......... 51% 34.1M 1s
 13450K .......... .......... .......... .......... .......... 51% 28.0M 1s
 13500K .......... .......... .......... .......... .......... 52% 20.5M 1s
 13550K .......... .......... .......... .......... .......... 52% 31.3M 1s
 13600K .......... .......... .......... .......... .......... 52% 25.0M 1s
 13650K .......... .......... .......... .......... .......... 52% 36.4M 1s
 13700K .......... .......... .......... .......... .......... 52% 32.3M 1s
 13750K .......... .......... .......... .......... .......... 52% 5.36M 1s
 13800K .......... .......... .......... .......... .......... 53% 31.1M 1s
 13850K .......... .......... .......... .......... .......... 53% 35.3M 1s
 13900K .......... .......... .......... .......... .......... 53% 27.3M 1s
 13950K .......... .......... .......... .......... .......... 53% 3.96M 1s
 14000K .......... .......... .......... .......... .......... 53% 9.15M 1s
 14050K .......... .......... .......... .......... .......... 54% 32.3M 1s
 14100K .......... .......... .......... .......... .......... 54% 27.2M 1s
 14150K .......... .......... .......... .......... .......... 54% 31.5M 1s
 14200K .......... .......... .......... .......... .......... 54% 18.0M 1s
 14250K .......... .......... .......... .......... .......... 54% 2.04M 1s
 14300K .......... .......... .......... .......... .......... 55% 25.1M 1s
 14350K .......... .......... .......... .......... .......... 55% 30.6M 1s
 14400K .......... .......... .......... .......... .......... 55% 21.1M 1s
 14450K .......... .......... .......... .......... .......... 55% 32.6M 1s
 14500K .......... .......... .......... .......... .......... 55% 28.5M 1s
 14550K .......... .......... .......... .......... .......... 56% 33.4M 1s
 14600K .......... .......... .......... .......... .......... 56% 23.8M 1s
 14650K .......... .......... .......... .......... .......... 56% 28.0M 1s
 14700K .......... .......... .......... .......... .......... 56% 31.9M 1s
 14750K .......... .......... .......... .......... .......... 56% 29.5M 1s
 14800K .......... .......... .......... .......... .......... 57% 17.2M 1s
 14850K .......... .......... .......... .......... .......... 57% 31.2M 1s
 14900K .......... .......... .......... .......... .......... 57% 27.9M 1s
 14950K .......... .......... .......... .......... .......... 57% 34.3M 1s
 15000K .......... .......... .......... .......... .......... 57% 32.3M 1s
 15050K .......... .......... .......... .......... .......... 57% 13.1M 1s
 15100K .......... .......... .......... .......... .......... 58% 31.9M 1s
 15150K .......... .......... .......... .......... .......... 58% 30.8M 1s
 15200K .......... .......... .......... .......... .......... 58% 27.4M 1s
 15250K .......... .......... .......... .......... .......... 58% 22.3M 1s
 15300K .......... .......... .......... .......... .......... 58% 33.5M 1s
 15350K .......... .......... .......... .......... .......... 59% 28.9M 1s
 15400K .......... .......... .......... .......... .......... 59% 31.5M 1s
 15450K .......... .......... .......... .......... .......... 59% 20.8M 1s
 15500K .......... .......... .......... .......... .......... 59% 34.6M 1s
 15550K .......... .......... .......... .......... .......... 59% 34.0M 1s
 15600K .......... .......... .......... .......... .......... 60% 26.9M 1s
 15650K .......... .......... .......... .......... .......... 60% 36.0M 1s
 15700K .......... .......... .......... .......... .......... 60% 24.2M 1s
 15750K .......... .......... .......... .......... .......... 60% 27.6M 1s
 15800K .......... .......... .......... .......... .......... 60% 29.8M 1s
 15850K .......... .......... .......... .......... .......... 61% 32.5M 1s
 15900K .......... .......... .......... .......... .......... 61% 28.8M 1s
 15950K .......... .......... .......... .......... .......... 61% 19.7M 1s
 16000K .......... .......... .......... .......... .......... 61% 28.6M 1s
 16050K .......... .......... .......... .......... .......... 61% 31.1M 1s
 16100K .......... .......... .......... .......... .......... 62% 33.3M 1s
 16150K .......... .......... .......... .......... .......... 62% 22.2M 1s
 16200K .......... .......... .......... .......... .......... 62% 32.7M 1s
 16250K .......... .......... .......... .......... .......... 62% 32.4M 1s
 16300K .......... .......... .......... .......... .......... 62% 27.0M 1s
 16350K .......... .......... .......... .......... .......... 62% 31.2M 1s
 16400K .......... .......... .......... .......... .......... 63% 7.44M 1s
 16450K .......... .......... .......... .......... .......... 63% 28.7M 1s
 16500K .......... .......... .......... .......... .......... 63% 32.1M 1s
 16550K .......... .......... .......... .......... .......... 63% 28.2M 1s
 16600K .......... .......... .......... .......... .......... 63% 23.4M 1s
 16650K .......... .......... .......... .......... .......... 64% 36.3M 1s
 16700K .......... .......... .......... .......... .......... 64% 23.3M 1s
 16750K .......... .......... .......... .......... .......... 64% 27.4M 1s
 16800K .......... .......... .......... .......... .......... 64% 23.1M 1s
 16850K .......... .......... .......... .......... .......... 64% 28.6M 1s
 16900K .......... .......... .......... .......... .......... 65% 27.7M 1s
 16950K .......... .......... .......... .......... .......... 65% 24.6M 1s
 17000K .......... .......... .......... .......... .......... 65% 28.4M 1s
 17050K .......... .......... .......... .......... .......... 65% 21.0M 1s
 17100K .......... .......... .......... .......... .......... 65% 30.0M 1s
 17150K .......... .......... .......... .......... .......... 66% 33.8M 0s
 17200K .......... .......... .......... .......... .......... 66% 19.5M 0s
 17250K .......... .......... .......... .......... .......... 66% 35.3M 0s
 17300K .......... .......... .......... .......... .......... 66% 27.3M 0s
 17350K .......... .......... .......... .......... .......... 66% 31.3M 0s
 17400K .......... .......... .......... .......... .......... 67% 15.0M 0s
 17450K .......... .......... .......... .......... .......... 67% 24.3M 0s
 17500K .......... .......... .......... .......... .......... 67% 28.3M 0s
 17550K .......... .......... .......... .......... .......... 67% 26.6M 0s
 17600K .......... .......... .......... .......... .......... 67% 33.5M 0s
 17650K .......... .......... .......... .......... .......... 67% 21.8M 0s
 17700K .......... .......... .......... .......... .......... 68% 24.6M 0s
 17750K .......... .......... .......... .......... .......... 68% 29.1M 0s
 17800K .......... .......... .......... .......... .......... 68% 32.8M 0s
 17850K .......... .......... .......... .......... .......... 68% 20.9M 0s
 17900K .......... .......... .......... .......... .......... 68% 4.09M 0s
 17950K .......... .......... .......... .......... .......... 69% 27.1M 0s
 18000K .......... .......... .......... .......... .......... 69% 31.8M 0s
 18050K .......... .......... .......... .......... .......... 69% 27.7M 0s
 18100K .......... .......... .......... .......... .......... 69% 32.6M 0s
 18150K .......... .......... .......... .......... .......... 69% 32.6M 0s
 18200K .......... .......... .......... .......... .......... 70% 27.7M 0s
 18250K .......... .......... .......... .......... .......... 70% 19.0M 0s
 18300K .......... .......... .......... .......... .......... 70% 26.5M 0s
 18350K .......... .......... .......... .......... .......... 70% 32.9M 0s
 18400K .......... .......... .......... .......... .......... 70% 3.48M 0s
 18450K .......... .......... .......... .......... .......... 71% 28.7M 0s
 18500K .......... .......... .......... .......... .......... 71% 31.2M 0s
 18550K .......... .......... .......... .......... .......... 71% 28.3M 0s
 18600K .......... .......... .......... .......... .......... 71% 32.8M 0s
 18650K .......... .......... .......... .......... .......... 71% 33.0M 0s
 18700K .......... .......... .......... .......... .......... 71% 27.8M 0s
 18750K .......... .......... .......... .......... .......... 72% 5.70M 0s
 18800K .......... .......... .......... .......... .......... 72% 24.7M 0s
 18850K .......... .......... .......... .......... .......... 72% 30.0M 0s
 18900K .......... .......... .......... .......... .......... 72% 16.3M 0s
 18950K .......... .......... .......... .......... .......... 72% 26.7M 0s
 19000K .......... .......... .......... .......... .......... 73% 29.4M 0s
 19050K .......... .......... .......... .......... .......... 73% 31.7M 0s
 19100K .......... .......... .......... .......... .......... 73% 27.5M 0s
 19150K .......... .......... .......... .......... .......... 73% 19.0M 0s
 19200K .......... .......... .......... .......... .......... 73% 27.4M 0s
 19250K .......... .......... .......... .......... .......... 74% 30.5M 0s
 19300K .......... .......... .......... .......... .......... 74% 30.3M 0s
 19350K .......... .......... .......... .......... .......... 74% 20.3M 0s
 19400K .......... .......... .......... .......... .......... 74% 32.2M 0s
 19450K .......... .......... .......... .......... .......... 74% 33.0M 0s
 19500K .......... .......... .......... .......... .......... 75% 28.4M 0s
 19550K .......... .......... .......... .......... .......... 75% 32.9M 0s
 19600K .......... .......... .......... .......... .......... 75% 21.0M 0s
 19650K .......... .......... .......... .......... .......... 75% 28.4M 0s
 19700K .......... .......... .......... .......... .......... 75% 32.7M 0s
 19750K .......... .......... .......... .......... .......... 76% 28.9M 0s
 19800K .......... .......... .......... .......... .......... 76% 28.4M 0s
 19850K .......... .......... .......... .......... .......... 76% 32.9M 0s
 19900K .......... .......... .......... .......... .......... 76% 21.7M 0s
 19950K .......... .......... .......... .......... .......... 76% 27.0M 0s
 20000K .......... .......... .......... .......... .......... 76% 30.8M 0s
 20050K .......... .......... .......... .......... .......... 77% 27.7M 0s
 20100K .......... .......... .......... .......... .......... 77% 19.5M 0s
 20150K .......... .......... .......... .......... .......... 77% 32.0M 0s
 20200K .......... .......... .......... .......... .......... 77% 27.6M 0s
 20250K .......... .......... .......... .......... .......... 77% 32.6M 0s
 20300K .......... .......... .......... .......... .......... 78% 31.7M 0s
 20350K .......... .......... .......... .......... .......... 78% 2.42M 0s
 20400K .......... .......... .......... .......... .......... 78% 33.7M 0s
 20450K .......... .......... .......... .......... .......... 78% 31.6M 0s
 20500K .......... .......... .......... .......... .......... 78% 28.1M 0s
 20550K .......... .......... .......... .......... .......... 79% 22.9M 0s
 20600K .......... .......... .......... .......... .......... 79% 34.2M 0s
 20650K .......... .......... .......... .......... .......... 79% 28.0M 0s
 20700K .......... .......... .......... .......... .......... 79% 34.0M 0s
 20750K .......... .......... .......... .......... .......... 79% 28.2M 0s
 20800K .......... .......... .......... .......... .......... 80% 30.9M 0s
 20850K .......... .......... .......... .......... .......... 80% 34.0M 0s
 20900K .......... .......... .......... .......... .......... 80% 28.5M 0s
 20950K .......... .......... .......... .......... .......... 80% 32.8M 0s
 21000K .......... .......... .......... .......... .......... 80% 27.4M 0s
 21050K .......... .......... .......... .......... .......... 81% 34.2M 0s
 21100K .......... .......... .......... .......... .......... 81% 32.8M 0s
 21150K .......... .......... .......... .......... .......... 81% 28.4M 0s
 21200K .......... .......... .......... .......... .......... 81% 32.3M 0s
 21250K .......... .......... .......... .......... .......... 81% 26.3M 0s
 21300K .......... .......... .......... .......... .......... 81% 29.7M 0s
 21350K .......... .......... .......... .......... .......... 82% 32.1M 0s
 21400K .......... .......... .......... .......... .......... 82% 26.7M 0s
 21450K .......... .......... .......... .......... .......... 82% 31.5M 0s
 21500K .......... .......... .......... .......... .......... 82% 27.8M 0s
 21550K .......... .......... .......... .......... .......... 82% 27.8M 0s
 21600K .......... .......... .......... .......... .......... 83% 37.2M 0s
 21650K .......... .......... .......... .......... .......... 83% 28.0M 0s
 21700K .......... .......... .......... .......... .......... 83% 32.1M 0s
 21750K .......... .......... .......... .......... .......... 83% 27.3M 0s
 21800K .......... .......... .......... .......... .......... 83% 32.3M 0s
 21850K .......... .......... .......... .......... .......... 84% 30.9M 0s
 21900K .......... .......... .......... .......... .......... 84% 25.9M 0s
 21950K .......... .......... .......... .......... .......... 84% 32.0M 0s
 22000K .......... .......... .......... .......... .......... 84% 27.7M 0s
 22050K .......... .......... .......... .......... .......... 84% 31.7M 0s
 22100K .......... .......... .......... .......... .......... 85% 31.7M 0s
 22150K .......... .......... .......... .......... .......... 85% 27.7M 0s
 22200K .......... .......... .......... .......... .......... 85% 31.9M 0s
 22250K .......... .......... .......... .......... .......... 85% 28.4M 0s
 22300K .......... .......... .......... .......... .......... 85% 32.1M 0s
 22350K .......... .......... .......... .......... .......... 86% 32.7M 0s
 22400K .......... .......... .......... .......... .......... 86% 27.6M 0s
 22450K .......... .......... .......... .......... .......... 86% 32.3M 0s
 22500K .......... .......... .......... .......... .......... 86% 27.5M 0s
 22550K .......... .......... .......... .......... .......... 86% 31.7M 0s
 22600K .......... .......... .......... .......... .......... 86% 32.6M 0s
 22650K .......... .......... .......... .......... .......... 87% 27.3M 0s
 22700K .......... .......... .......... .......... .......... 87% 32.4M 0s
 22750K .......... .......... .......... .......... .......... 87% 27.1M 0s
 22800K .......... .......... .......... .......... .......... 87% 31.9M 0s
 22850K .......... .......... .......... .......... .......... 87% 32.6M 0s
 22900K .......... .......... .......... .......... .......... 88% 27.5M 0s
 22950K .......... .......... .......... .......... .......... 88% 31.0M 0s
 23000K .......... .......... .......... .......... .......... 88% 27.5M 0s
 23050K .......... .......... .......... .......... .......... 88% 32.0M 0s
 23100K .......... .......... .......... .......... .......... 88% 33.0M 0s
 23150K .......... .......... .......... .......... .......... 89% 27.2M 0s
 23200K .......... .......... .......... .......... .......... 89% 29.8M 0s
 23250K .......... .......... .......... .......... .......... 89% 29.7M 0s
 23300K .......... .......... .......... .......... .......... 89% 32.3M 0s
 23350K .......... .......... .......... .......... .......... 89% 32.3M 0s
 23400K .......... .......... .......... .......... .......... 90% 28.3M 0s
 23450K .......... .......... .......... .......... .......... 90% 31.5M 0s
 23500K .......... .......... .......... .......... .......... 90% 28.0M 0s
 23550K .......... .......... .......... .......... .......... 90% 32.0M 0s
 23600K .......... .......... .......... .......... .......... 90% 32.3M 0s
 23650K .......... .......... .......... .......... .......... 91% 27.9M 0s
 23700K .......... .......... .......... .......... .......... 91% 32.3M 0s
 23750K .......... .......... .......... .......... .......... 91% 25.1M 0s
 23800K .......... .......... .......... .......... .......... 91% 35.0M 0s
 23850K .......... .......... .......... .......... .......... 91% 32.2M 0s
 23900K .......... .......... .......... .......... .......... 91% 26.3M 0s
 23950K .......... .......... .......... .......... .......... 92% 31.9M 0s
 24000K .......... .......... .......... .......... .......... 92% 28.1M 0s
 24050K .......... .......... .......... .......... .......... 92% 32.4M 0s
 24100K .......... .......... .......... .......... .......... 92% 31.8M 0s
 24150K .......... .......... .......... .......... .......... 92% 27.2M 0s
 24200K .......... .......... .......... .......... .......... 93% 32.9M 0s
 24250K .......... .......... .......... .......... .......... 93% 27.4M 0s
 24300K .......... .......... .......... .......... .......... 93% 32.7M 0s
 24350K .......... .......... .......... .......... .......... 93% 31.4M 0s
 24400K .......... .......... .......... .......... .......... 93% 27.0M 0s
 24450K .......... .......... .......... .......... .......... 94% 32.2M 0s
 24500K .......... .......... .......... .......... .......... 94% 26.7M 0s
 24550K .......... .......... .......... .......... .......... 94% 31.9M 0s
 24600K .......... .......... .......... .......... .......... 94% 32.5M 0s
 24650K .......... .......... .......... .......... .......... 94% 26.5M 0s
 24700K .......... .......... .......... .......... .......... 95% 32.9M 0s
 24750K .......... .......... .......... .......... .......... 95% 26.0M 0s
 24800K .......... .......... .......... .......... .......... 95% 33.6M 0s
 24850K .......... .......... .......... .......... .......... 95% 32.9M 0s
 24900K .......... .......... .......... .......... .......... 95% 26.8M 0s
 24950K .......... .......... .......... .......... .......... 95% 32.4M 0s
 25000K .......... .......... .......... .......... .......... 96% 27.8M 0s
 25050K .......... .......... .......... .......... .......... 96% 31.2M 0s
 25100K .......... .......... .......... .......... .......... 96% 32.7M 0s
 25150K .......... .......... .......... .......... .......... 96% 26.5M 0s
 25200K .......... .......... .......... .......... .......... 96% 31.1M 0s
 25250K .......... .......... .......... .......... .......... 97% 27.2M 0s
 25300K .......... .......... .......... .......... .......... 97% 32.4M 0s
 25350K .......... .......... .......... .......... .......... 97% 31.4M 0s
 25400K .......... .......... .......... .......... .......... 97% 27.7M 0s
 25450K .......... .......... .......... .......... .......... 97% 32.7M 0s
 25500K .......... .......... .......... .......... .......... 98% 27.1M 0s
 25550K .......... .......... .......... .......... .......... 98% 31.9M 0s
 25600K .......... .......... .......... .......... .......... 98% 32.8M 0s
 25650K .......... .......... .......... .......... .......... 98% 27.3M 0s
 25700K .......... .......... .......... .......... .......... 98% 32.2M 0s
 25750K .......... .......... .......... .......... .......... 99% 26.7M 0s
 25800K .......... .......... .......... .......... .......... 99% 33.0M 0s
 25850K .......... .......... .......... .......... .......... 99% 32.0M 0s
 25900K .......... .......... .......... .......... .......... 99% 26.8M 0s
 25950K .......... .......... .......... .......... .......... 99% 31.9M 0s
 26000K .......... .......... .......... .......... ..        100%  123K=1.7s

2022-04-21 02:55:03 (15.3 MB/s) - ‘/root/process_mining/trips_tracing/stopsintrip.json’ saved [26667476/26667476]

--2022-04-21 02:55:03--  https://ckan.multimediagdansk.pl/dataset/c24aa637-3619-4dc2-a171-a23eec8f2172/resource/4c4025f0-01bf-41f7-a39f-d156d201b82b/download/stops.json
Resolving ckan.multimediagdansk.pl (ckan.multimediagdansk.pl)... 91.244.248.30
Connecting to ckan.multimediagdansk.pl (ckan.multimediagdansk.pl)|91.244.248.30|:443... connected.
HTTP request sent, awaiting response... 200 OK
Length: 7934982 (7.6M) [application/json]
Saving to: ‘/root/process_mining/trips_tracing/stops.json’

     0K .......... .......... .......... .......... ..........  0%  891K 9s
    50K .......... .......... .......... .......... ..........  1% 1.74M 6s
   100K .......... .......... .......... .......... ..........  1% 70.7M 4s
   150K .......... .......... .......... .......... ..........  2% 55.5M 3s
   200K .......... .......... .......... .......... ..........  3% 1.80M 3s
   250K .......... .......... .......... .......... ..........  3% 75.9M 3s
   300K .......... .......... .......... .......... ..........  4% 95.4M 2s
   350K .......... .......... .......... .......... ..........  5%  102M 2s
   400K .......... .......... .......... .......... ..........  5% 1.86M 2s
   450K .......... .......... .......... .......... ..........  6% 64.8M 2s
   500K .......... .......... .......... .......... ..........  7% 86.9M 2s
   550K .......... .......... .......... .......... ..........  7% 99.6M 2s
   600K .......... .......... .......... .......... ..........  8% 77.1M 2s
   650K .......... .......... .......... .......... ..........  9% 92.6M 1s
   700K .......... .......... .......... .......... ..........  9% 71.6M 1s
   750K .......... .......... .......... .......... .......... 10%  121M 1s
   800K .......... .......... .......... .......... .......... 10%  152M 1s
   850K .......... .......... .......... .......... .......... 11% 2.05M 1s
   900K .......... .......... .......... .......... .......... 12% 74.8M 1s
   950K .......... .......... .......... .......... .......... 12% 74.6M 1s
  1000K .......... .......... .......... .......... .......... 13% 83.8M 1s
  1050K .......... .......... .......... .......... .......... 14% 79.9M 1s
  1100K .......... .......... .......... .......... .......... 14% 55.8M 1s
  1150K .......... .......... .......... .......... .......... 15% 82.8M 1s
  1200K .......... .......... .......... .......... .......... 16% 64.6M 1s
  1250K .......... .......... .......... .......... .......... 16%  116M 1s
  1300K .......... .......... .......... .......... .......... 17%  109M 1s
  1350K .......... .......... .......... .......... .......... 18% 92.9M 1s
  1400K .......... .......... .......... .......... .......... 18%  105M 1s
  1450K .......... .......... .......... .......... .......... 19% 84.6M 1s
  1500K .......... .......... .......... .......... .......... 20% 95.1M 1s
  1550K .......... .......... .......... .......... .......... 20%  102M 1s
  1600K .......... .......... .......... .......... .......... 21%  138M 1s
  1650K .......... .......... .......... .......... .......... 21%  160M 1s
  1700K .......... .......... .......... .......... .......... 22% 2.56M 1s
  1750K .......... .......... .......... .......... .......... 23% 85.3M 1s
  1800K .......... .......... .......... .......... .......... 23% 94.6M 1s
  1850K .......... .......... .......... .......... .......... 24% 73.7M 1s
  1900K .......... .......... .......... .......... .......... 25% 92.2M 1s
  1950K .......... .......... .......... .......... .......... 25% 95.4M 1s
  2000K .......... .......... .......... .......... .......... 26% 97.6M 1s
  2050K .......... .......... .......... .......... .......... 27%  108M 1s
  2100K .......... .......... .......... .......... .......... 27% 90.5M 1s
  2150K .......... .......... .......... .......... .......... 28%  104M 1s
  2200K .......... .......... .......... .......... .......... 29%  104M 0s
  2250K .......... .......... .......... .......... .......... 29% 93.2M 0s
  2300K .......... .......... .......... .......... .......... 30% 90.5M 0s
  2350K .......... .......... .......... .......... .......... 30% 81.3M 0s
  2400K .......... .......... .......... .......... .......... 31%  101M 0s
  2450K .......... .......... .......... .......... .......... 32%  107M 0s
  2500K .......... .......... .......... .......... .......... 32% 86.7M 0s
  2550K .......... .......... .......... .......... .......... 33% 83.2M 0s
  2600K .......... .......... .......... .......... .......... 34%  120M 0s
  2650K .......... .......... .......... .......... .......... 34% 98.5M 0s
  2700K .......... .......... .......... .......... .......... 35% 47.7M 0s
  2750K .......... .......... .......... .......... .......... 36% 28.5M 0s
  2800K .......... .......... .......... .......... .......... 36% 21.9M 0s
  2850K .......... .......... .......... .......... .......... 37% 31.7M 0s
  2900K .......... .......... .......... .......... .......... 38% 26.8M 0s
  2950K .......... .......... .......... .......... .......... 38% 35.7M 0s
  3000K .......... .......... .......... .......... .......... 39% 21.5M 0s
  3050K .......... .......... .......... .......... .......... 40% 27.5M 0s
  3100K .......... .......... .......... .......... .......... 40% 32.1M 0s
  3150K .......... .......... .......... .......... .......... 41% 28.7M 0s
  3200K .......... .......... .......... .......... .......... 41% 21.8M 0s
  3250K .......... .......... .......... .......... .......... 42% 10.3M 0s
  3300K .......... .......... .......... .......... .......... 43% 12.5M 0s
  3350K .......... .......... .......... .......... .......... 43% 20.6M 0s
  3400K .......... .......... .......... .......... .......... 44% 34.4M 0s
  3450K .......... .......... .......... .......... .......... 45% 14.3M 0s
  3500K .......... .......... .......... .......... .......... 45% 23.0M 0s
  3550K .......... .......... .......... .......... .......... 46% 25.8M 0s
  3600K .......... .......... .......... .......... .......... 47% 23.2M 0s
  3650K .......... .......... .......... .......... .......... 47% 24.3M 0s
  3700K .......... .......... .......... .......... .......... 48% 12.7M 0s
  3750K .......... .......... .......... .......... .......... 49% 26.2M 0s
  3800K .......... .......... .......... .......... .......... 49% 30.3M 0s
  3850K .......... .......... .......... .......... .......... 50% 24.7M 0s
  3900K .......... .......... .......... .......... .......... 50% 22.1M 0s
  3950K .......... .......... .......... .......... .......... 51% 28.5M 0s
  4000K .......... .......... .......... .......... .......... 52% 22.4M 0s
  4050K .......... .......... .......... .......... .......... 52% 27.0M 0s
  4100K .......... .......... .......... .......... .......... 53% 28.9M 0s
  4150K .......... .......... .......... .......... .......... 54% 25.5M 0s
  4200K .......... .......... .......... .......... .......... 54% 27.2M 0s
  4250K .......... .......... .......... .......... .......... 55% 22.4M 0s
  4300K .......... .......... .......... .......... .......... 56% 27.9M 0s
  4350K .......... .......... .......... .......... .......... 56% 24.7M 0s
  4400K .......... .......... .......... .......... .......... 57% 31.2M 0s
  4450K .......... .......... .......... .......... .......... 58% 26.0M 0s
  4500K .......... .......... .......... .......... .......... 58% 23.9M 0s
  4550K .......... .......... .......... .......... .......... 59% 23.9M 0s
  4600K .......... .......... .......... .......... .......... 60% 24.0M 0s
  4650K .......... .......... .......... .......... .......... 60% 23.8M 0s
  4700K .......... .......... .......... .......... .......... 61% 24.8M 0s
  4750K .......... .......... .......... .......... .......... 61% 21.6M 0s
  4800K .......... .......... .......... .......... .......... 62% 27.5M 0s
  4850K .......... .......... .......... .......... .......... 63% 27.6M 0s
  4900K .......... .......... .......... .......... .......... 63% 22.3M 0s
  4950K .......... .......... .......... .......... .......... 64% 26.0M 0s
  5000K .......... .......... .......... .......... .......... 65% 23.5M 0s
  5050K .......... .......... .......... .......... .......... 65% 25.2M 0s
  5100K .......... .......... .......... .......... .......... 66% 27.4M 0s
  5150K .......... .......... .......... .......... .......... 67% 23.7M 0s
  5200K .......... .......... .......... .......... .......... 67% 26.7M 0s
  5250K .......... .......... .......... .......... .......... 68% 24.0M 0s
  5300K .......... .......... .......... .......... .......... 69% 27.4M 0s
  5350K .......... .......... .......... .......... .......... 69% 28.0M 0s
  5400K .......... .......... .......... .......... .......... 70% 23.3M 0s
  5450K .......... .......... .......... .......... .......... 70% 28.2M 0s
  5500K .......... .......... .......... .......... .......... 71% 21.8M 0s
  5550K .......... .......... .......... .......... .......... 72% 27.1M 0s
  5600K .......... .......... .......... .......... .......... 72% 28.3M 0s
  5650K .......... .......... .......... .......... .......... 73% 22.4M 0s
  5700K .......... .......... .......... .......... .......... 74% 28.8M 0s
  5750K .......... .......... .......... .......... .......... 74% 14.7M 0s
  5800K .......... .......... .......... .......... .......... 75% 26.2M 0s
  5850K .......... .......... .......... .......... .......... 76% 27.8M 0s
  5900K .......... .......... .......... .......... .......... 76% 23.6M 0s
  5950K .......... .......... .......... .......... .......... 77% 27.2M 0s
  6000K .......... .......... .......... .......... .......... 78% 23.2M 0s
  6050K .......... .......... .......... .......... .......... 78% 27.0M 0s
  6100K .......... .......... .......... .......... .......... 79% 26.4M 0s
  6150K .......... .......... .......... .......... .......... 80% 16.0M 0s
  6200K .......... .......... .......... .......... .......... 80% 30.6M 0s
  6250K .......... .......... .......... .......... .......... 81% 32.4M 0s
  6300K .......... .......... .......... .......... .......... 81% 28.4M 0s
  6350K .......... .......... .......... .......... .......... 82% 27.5M 0s
  6400K .......... .......... .......... .......... .......... 83% 23.1M 0s
  6450K .......... .......... .......... .......... .......... 83% 30.9M 0s
  6500K .......... .......... .......... .......... .......... 84% 25.0M 0s
  6550K .......... .......... .......... .......... .......... 85% 28.3M 0s
  6600K .......... .......... .......... .......... .......... 85% 27.7M 0s
  6650K .......... .......... .......... .......... .......... 86% 23.5M 0s
  6700K .......... .......... .......... .......... .......... 87% 31.6M 0s
  6750K .......... .......... .......... .......... .......... 87% 23.4M 0s
  6800K .......... .......... .......... .......... .......... 88% 28.0M 0s
  6850K .......... .......... .......... .......... .......... 89% 26.8M 0s
  6900K .......... .......... .......... .......... .......... 89% 26.7M 0s
  6950K .......... .......... .......... .......... .......... 90% 26.3M 0s
  7000K .......... .......... .......... .......... .......... 90% 29.1M 0s
  7050K .......... .......... .......... .......... .......... 91% 27.6M 0s
  7100K .......... .......... .......... .......... .......... 92% 27.2M 0s
  7150K .......... .......... .......... .......... .......... 92% 24.6M 0s
  7200K .......... .......... .......... .......... .......... 93% 26.5M 0s
  7250K .......... .......... .......... .......... .......... 94% 24.6M 0s
  7300K .......... .......... .......... .......... .......... 94% 22.2M 0s
  7350K .......... .......... .......... .......... .......... 95% 25.1M 0s
  7400K .......... .......... .......... .......... .......... 96% 23.2M 0s
  7450K .......... .......... .......... .......... .......... 96% 28.4M 0s
  7500K .......... .......... .......... .......... .......... 97% 23.1M 0s
  7550K .......... .......... .......... .......... .......... 98% 23.6M 0s
  7600K .......... .......... .......... .......... .......... 98% 24.7M 0s
  7650K .......... .......... .......... .......... .......... 99% 22.8M 0s
  7700K .......... .......... .......... .......... ......... 100% 33.3M=0.4s

2022-04-21 02:55:04 (18.6 MB/s) - ‘/root/process_mining/trips_tracing/stops.json’ saved [7934982/7934982]

--2022-04-21 02:55:04--  https://files.cloudgdansk.pl/d/otwarte-dane/ztm/baza-pojazdow.json?v=2
Resolving files.cloudgdansk.pl (files.cloudgdansk.pl)... 153.19.238.147
Connecting to files.cloudgdansk.pl (files.cloudgdansk.pl)|153.19.238.147|:443... connected.
HTTP request sent, awaiting response... 200 OK
Length: 279155 (273K) [application/json]
Saving to: ‘/root/process_mining/trips_tracing/baza-pojazdow.json’

     0K .......... .......... .......... .......... .......... 18% 1.74M 0s
    50K .......... .......... .......... .......... .......... 36% 1.73M 0s
   100K .......... .......... .......... .......... .......... 55% 1.73M 0s
   150K .......... .......... .......... .......... .......... 73% 1.73M 0s
   200K .......... .......... .......... .......... .......... 91%  196M 0s
   250K .......... .......... ..                              100%  183M=0.1s

2022-04-21 02:55:04 (2.35 MB/s) - ‘/root/process_mining/trips_tracing/baza-pojazdow.json’ saved [279155/279155]

