--2022-04-21 00:00:01--  https://files.cloudgdansk.pl/d/otwarte-dane/ztm/bsk.json
Resolving files.cloudgdansk.pl (files.cloudgdansk.pl)... 153.19.238.147
Connecting to files.cloudgdansk.pl (files.cloudgdansk.pl)|153.19.238.147|:443... connected.
HTTP request sent, awaiting response... 200 OK
Length: 60 [text/plain]
Saving to: ‘/root/process_mining/announcements/data/21_04_2022/ann21.04.2022-00-00-01.json’

     0K                                                       100% 10.1M=0s

2022-04-21 00:00:01 (10.1 MB/s) - ‘/root/process_mining/announcements/data/21_04_2022/ann21.04.2022-00-00-01.json’ saved [60/60]

--2022-04-21 00:10:01--  https://files.cloudgdansk.pl/d/otwarte-dane/ztm/bsk.json
Resolving files.cloudgdansk.pl (files.cloudgdansk.pl)... 153.19.238.147
Connecting to files.cloudgdansk.pl (files.cloudgdansk.pl)|153.19.238.147|:443... connected.
HTTP request sent, awaiting response... 200 OK
Length: 60 [text/plain]
Saving to: ‘/root/process_mining/announcements/data/21_04_2022/ann21.04.2022-00-10-01.json’

     0K                                                       100% 11.2M=0s

2022-04-21 00:10:01 (11.2 MB/s) - ‘/root/process_mining/announcements/data/21_04_2022/ann21.04.2022-00-10-01.json’ saved [60/60]

--2022-04-21 00:20:01--  https://files.cloudgdansk.pl/d/otwarte-dane/ztm/bsk.json
Resolving files.cloudgdansk.pl (files.cloudgdansk.pl)... 153.19.238.147
Connecting to files.cloudgdansk.pl (files.cloudgdansk.pl)|153.19.238.147|:443... connected.
HTTP request sent, awaiting response... 200 OK
Length: 60 [text/plain]
Saving to: ‘/root/process_mining/announcements/data/21_04_2022/ann21.04.2022-00-20-01.json’

     0K                                                       100% 11.8M=0s

2022-04-21 00:20:01 (11.8 MB/s) - ‘/root/process_mining/announcements/data/21_04_2022/ann21.04.2022-00-20-01.json’ saved [60/60]

--2022-04-21 00:30:01--  https://files.cloudgdansk.pl/d/otwarte-dane/ztm/bsk.json
Resolving files.cloudgdansk.pl (files.cloudgdansk.pl)... 153.19.238.147
Connecting to files.cloudgdansk.pl (files.cloudgdansk.pl)|153.19.238.147|:443... connected.
HTTP request sent, awaiting response... 200 OK
Length: 60 [text/plain]
Saving to: ‘/root/process_mining/announcements/data/21_04_2022/ann21.04.2022-00-30-01.json’

     0K                                                       100% 12.0M=0s

2022-04-21 00:30:01 (12.0 MB/s) - ‘/root/process_mining/announcements/data/21_04_2022/ann21.04.2022-00-30-01.json’ saved [60/60]

--2022-04-21 00:40:01--  https://files.cloudgdansk.pl/d/otwarte-dane/ztm/bsk.json
Resolving files.cloudgdansk.pl (files.cloudgdansk.pl)... 153.19.238.147
Connecting to files.cloudgdansk.pl (files.cloudgdansk.pl)|153.19.238.147|:443... connected.
HTTP request sent, awaiting response... 200 OK
Length: 60 [text/plain]
Saving to: ‘/root/process_mining/announcements/data/21_04_2022/ann21.04.2022-00-40-01.json’

     0K                                                       100% 11.1M=0s

2022-04-21 00:40:01 (11.1 MB/s) - ‘/root/process_mining/announcements/data/21_04_2022/ann21.04.2022-00-40-01.json’ saved [60/60]

--2022-04-21 00:50:02--  https://files.cloudgdansk.pl/d/otwarte-dane/ztm/bsk.json
Resolving files.cloudgdansk.pl (files.cloudgdansk.pl)... 153.19.238.147
Connecting to files.cloudgdansk.pl (files.cloudgdansk.pl)|153.19.238.147|:443... connected.
HTTP request sent, awaiting response... 200 OK
Length: 60 [text/plain]
Saving to: ‘/root/process_mining/announcements/data/21_04_2022/ann21.04.2022-00-50-02.json’

     0K                                                       100% 11.6M=0s

2022-04-21 00:50:02 (11.6 MB/s) - ‘/root/process_mining/announcements/data/21_04_2022/ann21.04.2022-00-50-02.json’ saved [60/60]

--2022-04-21 01:00:01--  https://files.cloudgdansk.pl/d/otwarte-dane/ztm/bsk.json
Resolving files.cloudgdansk.pl (files.cloudgdansk.pl)... 153.19.238.147
Connecting to files.cloudgdansk.pl (files.cloudgdansk.pl)|153.19.238.147|:443... connected.
HTTP request sent, awaiting response... 200 OK
Length: 60 [text/plain]
Saving to: ‘/root/process_mining/announcements/data/21_04_2022/ann21.04.2022-01-00-01.json’

     0K                                                       100% 11.4M=0s

2022-04-21 01:00:01 (11.4 MB/s) - ‘/root/process_mining/announcements/data/21_04_2022/ann21.04.2022-01-00-01.json’ saved [60/60]

--2022-04-21 01:10:01--  https://files.cloudgdansk.pl/d/otwarte-dane/ztm/bsk.json
Resolving files.cloudgdansk.pl (files.cloudgdansk.pl)... 153.19.238.147
Connecting to files.cloudgdansk.pl (files.cloudgdansk.pl)|153.19.238.147|:443... connected.
HTTP request sent, awaiting response... 200 OK
Length: 60 [text/plain]
Saving to: ‘/root/process_mining/announcements/data/21_04_2022/ann21.04.2022-01-10-01.json’

     0K                                                       100% 12.3M=0s

2022-04-21 01:10:02 (12.3 MB/s) - ‘/root/process_mining/announcements/data/21_04_2022/ann21.04.2022-01-10-01.json’ saved [60/60]

--2022-04-21 01:20:00--  https://files.cloudgdansk.pl/d/otwarte-dane/ztm/bsk.json
Resolving files.cloudgdansk.pl (files.cloudgdansk.pl)... 153.19.238.147
Connecting to files.cloudgdansk.pl (files.cloudgdansk.pl)|153.19.238.147|:443... connected.
HTTP request sent, awaiting response... 200 OK
Length: 60 [text/plain]
Saving to: ‘/root/process_mining/announcements/data/21_04_2022/ann21.04.2022-01-20-00.json’

     0K                                                       100% 12.6M=0s

2022-04-21 01:20:01 (12.6 MB/s) - ‘/root/process_mining/announcements/data/21_04_2022/ann21.04.2022-01-20-00.json’ saved [60/60]

--2022-04-21 01:30:00--  https://files.cloudgdansk.pl/d/otwarte-dane/ztm/bsk.json
Resolving files.cloudgdansk.pl (files.cloudgdansk.pl)... 153.19.238.147
Connecting to files.cloudgdansk.pl (files.cloudgdansk.pl)|153.19.238.147|:443... connected.
HTTP request sent, awaiting response... 200 OK
Length: 60 [text/plain]
Saving to: ‘/root/process_mining/announcements/data/21_04_2022/ann21.04.2022-01-30-00.json’

     0K                                                       100% 12.1M=0s

2022-04-21 01:30:01 (12.1 MB/s) - ‘/root/process_mining/announcements/data/21_04_2022/ann21.04.2022-01-30-00.json’ saved [60/60]

--2022-04-21 01:40:02--  https://files.cloudgdansk.pl/d/otwarte-dane/ztm/bsk.json
Resolving files.cloudgdansk.pl (files.cloudgdansk.pl)... 153.19.238.147
Connecting to files.cloudgdansk.pl (files.cloudgdansk.pl)|153.19.238.147|:443... connected.
HTTP request sent, awaiting response... 200 OK
Length: 60 [text/plain]
Saving to: ‘/root/process_mining/announcements/data/21_04_2022/ann21.04.2022-01-40-02.json’

     0K                                                       100% 11.9M=0s

2022-04-21 01:40:02 (11.9 MB/s) - ‘/root/process_mining/announcements/data/21_04_2022/ann21.04.2022-01-40-02.json’ saved [60/60]

--2022-04-21 01:50:00--  https://files.cloudgdansk.pl/d/otwarte-dane/ztm/bsk.json
Resolving files.cloudgdansk.pl (files.cloudgdansk.pl)... 153.19.238.147
Connecting to files.cloudgdansk.pl (files.cloudgdansk.pl)|153.19.238.147|:443... connected.
HTTP request sent, awaiting response... 200 OK
Length: 60 [text/plain]
Saving to: ‘/root/process_mining/announcements/data/21_04_2022/ann21.04.2022-01-50-00.json’

     0K                                                       100% 12.8M=0s

2022-04-21 01:50:01 (12.8 MB/s) - ‘/root/process_mining/announcements/data/21_04_2022/ann21.04.2022-01-50-00.json’ saved [60/60]

--2022-04-21 02:00:00--  https://files.cloudgdansk.pl/d/otwarte-dane/ztm/bsk.json
Resolving files.cloudgdansk.pl (files.cloudgdansk.pl)... 153.19.238.147
Connecting to files.cloudgdansk.pl (files.cloudgdansk.pl)|153.19.238.147|:443... connected.
HTTP request sent, awaiting response... 200 OK
Length: 60 [text/plain]
Saving to: ‘/root/process_mining/announcements/data/21_04_2022/ann21.04.2022-02-00-00.json’

     0K                                                       100% 11.3M=0s

2022-04-21 02:00:00 (11.3 MB/s) - ‘/root/process_mining/announcements/data/21_04_2022/ann21.04.2022-02-00-00.json’ saved [60/60]

--2022-04-21 02:10:01--  https://files.cloudgdansk.pl/d/otwarte-dane/ztm/bsk.json
Resolving files.cloudgdansk.pl (files.cloudgdansk.pl)... 153.19.238.147
Connecting to files.cloudgdansk.pl (files.cloudgdansk.pl)|153.19.238.147|:443... connected.
HTTP request sent, awaiting response... 200 OK
Length: 60 [text/plain]
Saving to: ‘/root/process_mining/announcements/data/21_04_2022/ann21.04.2022-02-10-01.json’

     0K                                                       100% 12.5M=0s

2022-04-21 02:10:02 (12.5 MB/s) - ‘/root/process_mining/announcements/data/21_04_2022/ann21.04.2022-02-10-01.json’ saved [60/60]

--2022-04-21 02:20:01--  https://files.cloudgdansk.pl/d/otwarte-dane/ztm/bsk.json
Resolving files.cloudgdansk.pl (files.cloudgdansk.pl)... 153.19.238.147
Connecting to files.cloudgdansk.pl (files.cloudgdansk.pl)|153.19.238.147|:443... connected.
HTTP request sent, awaiting response... 200 OK
Length: 60 [text/plain]
Saving to: ‘/root/process_mining/announcements/data/21_04_2022/ann21.04.2022-02-20-01.json’

     0K                                                       100% 12.1M=0s

2022-04-21 02:20:01 (12.1 MB/s) - ‘/root/process_mining/announcements/data/21_04_2022/ann21.04.2022-02-20-01.json’ saved [60/60]

--2022-04-21 02:30:01--  https://files.cloudgdansk.pl/d/otwarte-dane/ztm/bsk.json
Resolving files.cloudgdansk.pl (files.cloudgdansk.pl)... 153.19.238.147
Connecting to files.cloudgdansk.pl (files.cloudgdansk.pl)|153.19.238.147|:443... connected.
HTTP request sent, awaiting response... 200 OK
Length: 60 [text/plain]
Saving to: ‘/root/process_mining/announcements/data/21_04_2022/ann21.04.2022-02-30-01.json’

     0K                                                       100% 11.8M=0s

2022-04-21 02:30:02 (11.8 MB/s) - ‘/root/process_mining/announcements/data/21_04_2022/ann21.04.2022-02-30-01.json’ saved [60/60]

--2022-04-21 02:40:01--  https://files.cloudgdansk.pl/d/otwarte-dane/ztm/bsk.json
Resolving files.cloudgdansk.pl (files.cloudgdansk.pl)... 153.19.238.147
Connecting to files.cloudgdansk.pl (files.cloudgdansk.pl)|153.19.238.147|:443... connected.
HTTP request sent, awaiting response... 200 OK
Length: 60 [text/plain]
Saving to: ‘/root/process_mining/announcements/data/21_04_2022/ann21.04.2022-02-40-01.json’

     0K                                                       100% 11.5M=0s

2022-04-21 02:40:01 (11.5 MB/s) - ‘/root/process_mining/announcements/data/21_04_2022/ann21.04.2022-02-40-01.json’ saved [60/60]

--2022-04-21 02:50:01--  https://files.cloudgdansk.pl/d/otwarte-dane/ztm/bsk.json
Resolving files.cloudgdansk.pl (files.cloudgdansk.pl)... 153.19.238.147
Connecting to files.cloudgdansk.pl (files.cloudgdansk.pl)|153.19.238.147|:443... connected.
HTTP request sent, awaiting response... 200 OK
Length: 60 [text/plain]
Saving to: ‘/root/process_mining/announcements/data/21_04_2022/ann21.04.2022-02-50-01.json’

     0K                                                       100% 12.0M=0s

2022-04-21 02:50:02 (12.0 MB/s) - ‘/root/process_mining/announcements/data/21_04_2022/ann21.04.2022-02-50-01.json’ saved [60/60]

--2022-04-21 03:00:01--  https://files.cloudgdansk.pl/d/otwarte-dane/ztm/bsk.json
Resolving files.cloudgdansk.pl (files.cloudgdansk.pl)... 153.19.238.147
Connecting to files.cloudgdansk.pl (files.cloudgdansk.pl)|153.19.238.147|:443... connected.
HTTP request sent, awaiting response... 200 OK
Length: 60 [text/plain]
Saving to: ‘/root/process_mining/announcements/data/21_04_2022/ann21.04.2022-03-00-01.json’

     0K                                                       100% 11.5M=0s

2022-04-21 03:00:02 (11.5 MB/s) - ‘/root/process_mining/announcements/data/21_04_2022/ann21.04.2022-03-00-01.json’ saved [60/60]

--2022-04-21 03:10:00--  https://files.cloudgdansk.pl/d/otwarte-dane/ztm/bsk.json
Resolving files.cloudgdansk.pl (files.cloudgdansk.pl)... 153.19.238.147
Connecting to files.cloudgdansk.pl (files.cloudgdansk.pl)|153.19.238.147|:443... connected.
HTTP request sent, awaiting response... 200 OK
Length: 60 [text/plain]
Saving to: ‘/root/process_mining/announcements/data/21_04_2022/ann21.04.2022-03-10-00.json’

     0K                                                       100% 11.5M=0s

2022-04-21 03:10:01 (11.5 MB/s) - ‘/root/process_mining/announcements/data/21_04_2022/ann21.04.2022-03-10-00.json’ saved [60/60]

--2022-04-21 03:20:00--  https://files.cloudgdansk.pl/d/otwarte-dane/ztm/bsk.json
Resolving files.cloudgdansk.pl (files.cloudgdansk.pl)... 153.19.238.147
Connecting to files.cloudgdansk.pl (files.cloudgdansk.pl)|153.19.238.147|:443... connected.
HTTP request sent, awaiting response... 200 OK
Length: 60 [text/plain]
Saving to: ‘/root/process_mining/announcements/data/21_04_2022/ann21.04.2022-03-20-00.json’

     0K                                                       100% 12.5M=0s

2022-04-21 03:20:01 (12.5 MB/s) - ‘/root/process_mining/announcements/data/21_04_2022/ann21.04.2022-03-20-00.json’ saved [60/60]

--2022-04-21 03:30:01--  https://files.cloudgdansk.pl/d/otwarte-dane/ztm/bsk.json
Resolving files.cloudgdansk.pl (files.cloudgdansk.pl)... 153.19.238.147
Connecting to files.cloudgdansk.pl (files.cloudgdansk.pl)|153.19.238.147|:443... connected.
HTTP request sent, awaiting response... 200 OK
Length: 60 [text/plain]
Saving to: ‘/root/process_mining/announcements/data/21_04_2022/ann21.04.2022-03-30-01.json’

     0K                                                       100% 13.0M=0s

2022-04-21 03:30:01 (13.0 MB/s) - ‘/root/process_mining/announcements/data/21_04_2022/ann21.04.2022-03-30-01.json’ saved [60/60]

--2022-04-21 03:40:00--  https://files.cloudgdansk.pl/d/otwarte-dane/ztm/bsk.json
Resolving files.cloudgdansk.pl (files.cloudgdansk.pl)... 153.19.238.147
Connecting to files.cloudgdansk.pl (files.cloudgdansk.pl)|153.19.238.147|:443... connected.
HTTP request sent, awaiting response... 200 OK
Length: 60 [text/plain]
Saving to: ‘/root/process_mining/announcements/data/21_04_2022/ann21.04.2022-03-40-00.json’

     0K                                                       100% 12.1M=0s

2022-04-21 03:40:00 (12.1 MB/s) - ‘/root/process_mining/announcements/data/21_04_2022/ann21.04.2022-03-40-00.json’ saved [60/60]

--2022-04-21 03:50:01--  https://files.cloudgdansk.pl/d/otwarte-dane/ztm/bsk.json
Resolving files.cloudgdansk.pl (files.cloudgdansk.pl)... 153.19.238.147
Connecting to files.cloudgdansk.pl (files.cloudgdansk.pl)|153.19.238.147|:443... connected.
HTTP request sent, awaiting response... 200 OK
Length: 60 [text/plain]
Saving to: ‘/root/process_mining/announcements/data/21_04_2022/ann21.04.2022-03-50-01.json’

     0K                                                       100% 10.8M=0s

2022-04-21 03:50:02 (10.8 MB/s) - ‘/root/process_mining/announcements/data/21_04_2022/ann21.04.2022-03-50-01.json’ saved [60/60]

--2022-04-21 04:00:00--  https://files.cloudgdansk.pl/d/otwarte-dane/ztm/bsk.json
Resolving files.cloudgdansk.pl (files.cloudgdansk.pl)... 153.19.238.147
Connecting to files.cloudgdansk.pl (files.cloudgdansk.pl)|153.19.238.147|:443... connected.
HTTP request sent, awaiting response... 200 OK
Length: 60 [text/plain]
Saving to: ‘/root/process_mining/announcements/data/21_04_2022/ann21.04.2022-04-00-00.json’

     0K                                                       100% 12.7M=0s

2022-04-21 04:00:01 (12.7 MB/s) - ‘/root/process_mining/announcements/data/21_04_2022/ann21.04.2022-04-00-00.json’ saved [60/60]

--2022-04-21 04:10:01--  https://files.cloudgdansk.pl/d/otwarte-dane/ztm/bsk.json
Resolving files.cloudgdansk.pl (files.cloudgdansk.pl)... 153.19.238.147
Connecting to files.cloudgdansk.pl (files.cloudgdansk.pl)|153.19.238.147|:443... connected.
HTTP request sent, awaiting response... 200 OK
Length: 60 [text/plain]
Saving to: ‘/root/process_mining/announcements/data/21_04_2022/ann21.04.2022-04-10-01.json’

     0K                                                       100% 11.7M=0s

2022-04-21 04:10:01 (11.7 MB/s) - ‘/root/process_mining/announcements/data/21_04_2022/ann21.04.2022-04-10-01.json’ saved [60/60]

--2022-04-21 04:20:01--  https://files.cloudgdansk.pl/d/otwarte-dane/ztm/bsk.json
Resolving files.cloudgdansk.pl (files.cloudgdansk.pl)... 153.19.238.147
Connecting to files.cloudgdansk.pl (files.cloudgdansk.pl)|153.19.238.147|:443... connected.
HTTP request sent, awaiting response... 200 OK
Length: 60 [text/plain]
Saving to: ‘/root/process_mining/announcements/data/21_04_2022/ann21.04.2022-04-20-01.json’

     0K                                                       100% 11.7M=0s

2022-04-21 04:20:02 (11.7 MB/s) - ‘/root/process_mining/announcements/data/21_04_2022/ann21.04.2022-04-20-01.json’ saved [60/60]

--2022-04-21 04:30:01--  https://files.cloudgdansk.pl/d/otwarte-dane/ztm/bsk.json
Resolving files.cloudgdansk.pl (files.cloudgdansk.pl)... 153.19.238.147
Connecting to files.cloudgdansk.pl (files.cloudgdansk.pl)|153.19.238.147|:443... connected.
HTTP request sent, awaiting response... 200 OK
Length: 60 [text/plain]
Saving to: ‘/root/process_mining/announcements/data/21_04_2022/ann21.04.2022-04-30-01.json’

     0K                                                       100% 12.4M=0s

2022-04-21 04:30:01 (12.4 MB/s) - ‘/root/process_mining/announcements/data/21_04_2022/ann21.04.2022-04-30-01.json’ saved [60/60]

--2022-04-21 04:40:01--  https://files.cloudgdansk.pl/d/otwarte-dane/ztm/bsk.json
Resolving files.cloudgdansk.pl (files.cloudgdansk.pl)... 153.19.238.147
Connecting to files.cloudgdansk.pl (files.cloudgdansk.pl)|153.19.238.147|:443... connected.
HTTP request sent, awaiting response... 200 OK
Length: 60 [text/plain]
Saving to: ‘/root/process_mining/announcements/data/21_04_2022/ann21.04.2022-04-40-01.json’

     0K                                                       100% 12.4M=0s

2022-04-21 04:40:01 (12.4 MB/s) - ‘/root/process_mining/announcements/data/21_04_2022/ann21.04.2022-04-40-01.json’ saved [60/60]

--2022-04-21 04:50:01--  https://files.cloudgdansk.pl/d/otwarte-dane/ztm/bsk.json
Resolving files.cloudgdansk.pl (files.cloudgdansk.pl)... 153.19.238.147
Connecting to files.cloudgdansk.pl (files.cloudgdansk.pl)|153.19.238.147|:443... connected.
HTTP request sent, awaiting response... 200 OK
Length: 60 [text/plain]
Saving to: ‘/root/process_mining/announcements/data/21_04_2022/ann21.04.2022-04-50-01.json’

     0K                                                       100% 12.8M=0s

2022-04-21 04:50:02 (12.8 MB/s) - ‘/root/process_mining/announcements/data/21_04_2022/ann21.04.2022-04-50-01.json’ saved [60/60]

--2022-04-21 05:00:01--  https://files.cloudgdansk.pl/d/otwarte-dane/ztm/bsk.json
Resolving files.cloudgdansk.pl (files.cloudgdansk.pl)... 153.19.238.147
Connecting to files.cloudgdansk.pl (files.cloudgdansk.pl)|153.19.238.147|:443... connected.
HTTP request sent, awaiting response... 200 OK
Length: 60 [text/plain]
Saving to: ‘/root/process_mining/announcements/data/21_04_2022/ann21.04.2022-05-00-01.json’

     0K                                                       100% 12.4M=0s

2022-04-21 05:00:01 (12.4 MB/s) - ‘/root/process_mining/announcements/data/21_04_2022/ann21.04.2022-05-00-01.json’ saved [60/60]

--2022-04-21 05:10:01--  https://files.cloudgdansk.pl/d/otwarte-dane/ztm/bsk.json
Resolving files.cloudgdansk.pl (files.cloudgdansk.pl)... 153.19.238.147
Connecting to files.cloudgdansk.pl (files.cloudgdansk.pl)|153.19.238.147|:443... connected.
HTTP request sent, awaiting response... 200 OK
Length: 60 [text/plain]
Saving to: ‘/root/process_mining/announcements/data/21_04_2022/ann21.04.2022-05-10-01.json’

     0K                                                       100% 11.8M=0s

2022-04-21 05:10:02 (11.8 MB/s) - ‘/root/process_mining/announcements/data/21_04_2022/ann21.04.2022-05-10-01.json’ saved [60/60]

--2022-04-21 05:20:01--  https://files.cloudgdansk.pl/d/otwarte-dane/ztm/bsk.json
Resolving files.cloudgdansk.pl (files.cloudgdansk.pl)... 153.19.238.147
Connecting to files.cloudgdansk.pl (files.cloudgdansk.pl)|153.19.238.147|:443... connected.
HTTP request sent, awaiting response... 200 OK
Length: 60 [text/plain]
Saving to: ‘/root/process_mining/announcements/data/21_04_2022/ann21.04.2022-05-20-01.json’

     0K                                                       100% 12.2M=0s

2022-04-21 05:20:02 (12.2 MB/s) - ‘/root/process_mining/announcements/data/21_04_2022/ann21.04.2022-05-20-01.json’ saved [60/60]

--2022-04-21 05:30:01--  https://files.cloudgdansk.pl/d/otwarte-dane/ztm/bsk.json
Resolving files.cloudgdansk.pl (files.cloudgdansk.pl)... 153.19.238.147
Connecting to files.cloudgdansk.pl (files.cloudgdansk.pl)|153.19.238.147|:443... connected.
HTTP request sent, awaiting response... 200 OK
Length: 60 [text/plain]
Saving to: ‘/root/process_mining/announcements/data/21_04_2022/ann21.04.2022-05-30-01.json’

     0K                                                       100% 11.2M=0s

2022-04-21 05:30:01 (11.2 MB/s) - ‘/root/process_mining/announcements/data/21_04_2022/ann21.04.2022-05-30-01.json’ saved [60/60]

--2022-04-21 05:40:01--  https://files.cloudgdansk.pl/d/otwarte-dane/ztm/bsk.json
Resolving files.cloudgdansk.pl (files.cloudgdansk.pl)... 153.19.238.147
Connecting to files.cloudgdansk.pl (files.cloudgdansk.pl)|153.19.238.147|:443... connected.
HTTP request sent, awaiting response... 200 OK
Length: 60 [text/plain]
Saving to: ‘/root/process_mining/announcements/data/21_04_2022/ann21.04.2022-05-40-01.json’

     0K                                                       100% 12.3M=0s

2022-04-21 05:40:02 (12.3 MB/s) - ‘/root/process_mining/announcements/data/21_04_2022/ann21.04.2022-05-40-01.json’ saved [60/60]

--2022-04-21 05:50:01--  https://files.cloudgdansk.pl/d/otwarte-dane/ztm/bsk.json
Resolving files.cloudgdansk.pl (files.cloudgdansk.pl)... 153.19.238.147
Connecting to files.cloudgdansk.pl (files.cloudgdansk.pl)|153.19.238.147|:443... connected.
HTTP request sent, awaiting response... 200 OK
Length: 60 [text/plain]
Saving to: ‘/root/process_mining/announcements/data/21_04_2022/ann21.04.2022-05-50-01.json’

     0K                                                       100% 12.6M=0s

2022-04-21 05:50:02 (12.6 MB/s) - ‘/root/process_mining/announcements/data/21_04_2022/ann21.04.2022-05-50-01.json’ saved [60/60]

--2022-04-21 06:00:00--  https://files.cloudgdansk.pl/d/otwarte-dane/ztm/bsk.json
Resolving files.cloudgdansk.pl (files.cloudgdansk.pl)... 153.19.238.147
Connecting to files.cloudgdansk.pl (files.cloudgdansk.pl)|153.19.238.147|:443... connected.
HTTP request sent, awaiting response... 200 OK
Length: 60 [text/plain]
Saving to: ‘/root/process_mining/announcements/data/21_04_2022/ann21.04.2022-06-00-00.json’

     0K                                                       100% 11.5M=0s

2022-04-21 06:00:00 (11.5 MB/s) - ‘/root/process_mining/announcements/data/21_04_2022/ann21.04.2022-06-00-00.json’ saved [60/60]

--2022-04-21 06:10:01--  https://files.cloudgdansk.pl/d/otwarte-dane/ztm/bsk.json
Resolving files.cloudgdansk.pl (files.cloudgdansk.pl)... 153.19.238.147
Connecting to files.cloudgdansk.pl (files.cloudgdansk.pl)|153.19.238.147|:443... connected.
HTTP request sent, awaiting response... 200 OK
Length: 60 [text/plain]
Saving to: ‘/root/process_mining/announcements/data/21_04_2022/ann21.04.2022-06-10-01.json’

     0K                                                       100% 12.1M=0s

2022-04-21 06:10:01 (12.1 MB/s) - ‘/root/process_mining/announcements/data/21_04_2022/ann21.04.2022-06-10-01.json’ saved [60/60]

--2022-04-21 06:20:01--  https://files.cloudgdansk.pl/d/otwarte-dane/ztm/bsk.json
Resolving files.cloudgdansk.pl (files.cloudgdansk.pl)... 153.19.238.147
Connecting to files.cloudgdansk.pl (files.cloudgdansk.pl)|153.19.238.147|:443... connected.
HTTP request sent, awaiting response... 200 OK
Length: 60 [text/plain]
Saving to: ‘/root/process_mining/announcements/data/21_04_2022/ann21.04.2022-06-20-01.json’

     0K                                                       100% 11.5M=0s

2022-04-21 06:20:02 (11.5 MB/s) - ‘/root/process_mining/announcements/data/21_04_2022/ann21.04.2022-06-20-01.json’ saved [60/60]

--2022-04-21 06:30:01--  https://files.cloudgdansk.pl/d/otwarte-dane/ztm/bsk.json
Resolving files.cloudgdansk.pl (files.cloudgdansk.pl)... 153.19.238.147
Connecting to files.cloudgdansk.pl (files.cloudgdansk.pl)|153.19.238.147|:443... connected.
HTTP request sent, awaiting response... 200 OK
Length: 60 [text/plain]
Saving to: ‘/root/process_mining/announcements/data/21_04_2022/ann21.04.2022-06-30-01.json’

     0K                                                       100% 10.8M=0s

2022-04-21 06:30:01 (10.8 MB/s) - ‘/root/process_mining/announcements/data/21_04_2022/ann21.04.2022-06-30-01.json’ saved [60/60]

--2022-04-21 06:40:01--  https://files.cloudgdansk.pl/d/otwarte-dane/ztm/bsk.json
Resolving files.cloudgdansk.pl (files.cloudgdansk.pl)... 153.19.238.147
Connecting to files.cloudgdansk.pl (files.cloudgdansk.pl)|153.19.238.147|:443... connected.
HTTP request sent, awaiting response... 200 OK
Length: 60 [text/plain]
Saving to: ‘/root/process_mining/announcements/data/21_04_2022/ann21.04.2022-06-40-01.json’

     0K                                                       100% 11.9M=0s

2022-04-21 06:40:02 (11.9 MB/s) - ‘/root/process_mining/announcements/data/21_04_2022/ann21.04.2022-06-40-01.json’ saved [60/60]

--2022-04-21 06:50:01--  https://files.cloudgdansk.pl/d/otwarte-dane/ztm/bsk.json
Resolving files.cloudgdansk.pl (files.cloudgdansk.pl)... 153.19.238.147
Connecting to files.cloudgdansk.pl (files.cloudgdansk.pl)|153.19.238.147|:443... connected.
HTTP request sent, awaiting response... 200 OK
Length: 60 [text/plain]
Saving to: ‘/root/process_mining/announcements/data/21_04_2022/ann21.04.2022-06-50-01.json’

     0K                                                       100% 12.0M=0s

2022-04-21 06:50:01 (12.0 MB/s) - ‘/root/process_mining/announcements/data/21_04_2022/ann21.04.2022-06-50-01.json’ saved [60/60]

--2022-04-21 07:00:01--  https://files.cloudgdansk.pl/d/otwarte-dane/ztm/bsk.json
Resolving files.cloudgdansk.pl (files.cloudgdansk.pl)... 153.19.238.147
Connecting to files.cloudgdansk.pl (files.cloudgdansk.pl)|153.19.238.147|:443... connected.
HTTP request sent, awaiting response... 200 OK
Length: 60 [text/plain]
Saving to: ‘/root/process_mining/announcements/data/21_04_2022/ann21.04.2022-07-00-01.json’

     0K                                                       100% 12.1M=0s

2022-04-21 07:00:02 (12.1 MB/s) - ‘/root/process_mining/announcements/data/21_04_2022/ann21.04.2022-07-00-01.json’ saved [60/60]

--2022-04-21 07:10:01--  https://files.cloudgdansk.pl/d/otwarte-dane/ztm/bsk.json
Resolving files.cloudgdansk.pl (files.cloudgdansk.pl)... 153.19.238.147
Connecting to files.cloudgdansk.pl (files.cloudgdansk.pl)|153.19.238.147|:443... connected.
HTTP request sent, awaiting response... 200 OK
Length: 60 [text/plain]
Saving to: ‘/root/process_mining/announcements/data/21_04_2022/ann21.04.2022-07-10-01.json’

     0K                                                       100% 12.4M=0s

2022-04-21 07:10:01 (12.4 MB/s) - ‘/root/process_mining/announcements/data/21_04_2022/ann21.04.2022-07-10-01.json’ saved [60/60]

--2022-04-21 07:20:01--  https://files.cloudgdansk.pl/d/otwarte-dane/ztm/bsk.json
Resolving files.cloudgdansk.pl (files.cloudgdansk.pl)... 153.19.238.147
Connecting to files.cloudgdansk.pl (files.cloudgdansk.pl)|153.19.238.147|:443... connected.
HTTP request sent, awaiting response... 200 OK
Length: 60 [text/plain]
Saving to: ‘/root/process_mining/announcements/data/21_04_2022/ann21.04.2022-07-20-01.json’

     0K                                                       100% 12.1M=0s

2022-04-21 07:20:01 (12.1 MB/s) - ‘/root/process_mining/announcements/data/21_04_2022/ann21.04.2022-07-20-01.json’ saved [60/60]

--2022-04-21 07:30:01--  https://files.cloudgdansk.pl/d/otwarte-dane/ztm/bsk.json
Resolving files.cloudgdansk.pl (files.cloudgdansk.pl)... 153.19.238.147
Connecting to files.cloudgdansk.pl (files.cloudgdansk.pl)|153.19.238.147|:443... connected.
HTTP request sent, awaiting response... 200 OK
Length: 60 [text/plain]
Saving to: ‘/root/process_mining/announcements/data/21_04_2022/ann21.04.2022-07-30-01.json’

     0K                                                       100% 12.0M=0s

2022-04-21 07:30:02 (12.0 MB/s) - ‘/root/process_mining/announcements/data/21_04_2022/ann21.04.2022-07-30-01.json’ saved [60/60]

--2022-04-21 07:40:01--  https://files.cloudgdansk.pl/d/otwarte-dane/ztm/bsk.json
Resolving files.cloudgdansk.pl (files.cloudgdansk.pl)... 153.19.238.147
Connecting to files.cloudgdansk.pl (files.cloudgdansk.pl)|153.19.238.147|:443... connected.
HTTP request sent, awaiting response... 200 OK
Length: 60 [text/plain]
Saving to: ‘/root/process_mining/announcements/data/21_04_2022/ann21.04.2022-07-40-01.json’

     0K                                                       100% 12.7M=0s

2022-04-21 07:40:01 (12.7 MB/s) - ‘/root/process_mining/announcements/data/21_04_2022/ann21.04.2022-07-40-01.json’ saved [60/60]

--2022-04-21 07:50:00--  https://files.cloudgdansk.pl/d/otwarte-dane/ztm/bsk.json
Resolving files.cloudgdansk.pl (files.cloudgdansk.pl)... 153.19.238.147
Connecting to files.cloudgdansk.pl (files.cloudgdansk.pl)|153.19.238.147|:443... connected.
HTTP request sent, awaiting response... 200 OK
Length: 60 [text/plain]
Saving to: ‘/root/process_mining/announcements/data/21_04_2022/ann21.04.2022-07-50-00.json’

     0K                                                       100% 11.8M=0s

2022-04-21 07:50:00 (11.8 MB/s) - ‘/root/process_mining/announcements/data/21_04_2022/ann21.04.2022-07-50-00.json’ saved [60/60]

--2022-04-21 08:00:01--  https://files.cloudgdansk.pl/d/otwarte-dane/ztm/bsk.json
Resolving files.cloudgdansk.pl (files.cloudgdansk.pl)... 153.19.238.147
Connecting to files.cloudgdansk.pl (files.cloudgdansk.pl)|153.19.238.147|:443... connected.
HTTP request sent, awaiting response... 200 OK
Length: 60 [text/plain]
Saving to: ‘/root/process_mining/announcements/data/21_04_2022/ann21.04.2022-08-00-01.json’

     0K                                                       100% 12.9M=0s

2022-04-21 08:00:02 (12.9 MB/s) - ‘/root/process_mining/announcements/data/21_04_2022/ann21.04.2022-08-00-01.json’ saved [60/60]

--2022-04-21 08:10:01--  https://files.cloudgdansk.pl/d/otwarte-dane/ztm/bsk.json
Resolving files.cloudgdansk.pl (files.cloudgdansk.pl)... 153.19.238.147
Connecting to files.cloudgdansk.pl (files.cloudgdansk.pl)|153.19.238.147|:443... connected.
HTTP request sent, awaiting response... 200 OK
Length: 60 [text/plain]
Saving to: ‘/root/process_mining/announcements/data/21_04_2022/ann21.04.2022-08-10-01.json’

     0K                                                       100% 12.2M=0s

2022-04-21 08:10:01 (12.2 MB/s) - ‘/root/process_mining/announcements/data/21_04_2022/ann21.04.2022-08-10-01.json’ saved [60/60]

--2022-04-21 08:20:01--  https://files.cloudgdansk.pl/d/otwarte-dane/ztm/bsk.json
Resolving files.cloudgdansk.pl (files.cloudgdansk.pl)... 153.19.238.147
Connecting to files.cloudgdansk.pl (files.cloudgdansk.pl)|153.19.238.147|:443... connected.
HTTP request sent, awaiting response... 200 OK
Length: 60 [text/plain]
Saving to: ‘/root/process_mining/announcements/data/21_04_2022/ann21.04.2022-08-20-01.json’

     0K                                                       100% 12.1M=0s

2022-04-21 08:20:02 (12.1 MB/s) - ‘/root/process_mining/announcements/data/21_04_2022/ann21.04.2022-08-20-01.json’ saved [60/60]

--2022-04-21 08:30:02--  https://files.cloudgdansk.pl/d/otwarte-dane/ztm/bsk.json
Resolving files.cloudgdansk.pl (files.cloudgdansk.pl)... 153.19.238.147
Connecting to files.cloudgdansk.pl (files.cloudgdansk.pl)|153.19.238.147|:443... connected.
HTTP request sent, awaiting response... 200 OK
Length: 60 [text/plain]
Saving to: ‘/root/process_mining/announcements/data/21_04_2022/ann21.04.2022-08-30-02.json’

     0K                                                       100% 12.3M=0s

2022-04-21 08:30:02 (12.3 MB/s) - ‘/root/process_mining/announcements/data/21_04_2022/ann21.04.2022-08-30-02.json’ saved [60/60]

--2022-04-21 08:40:01--  https://files.cloudgdansk.pl/d/otwarte-dane/ztm/bsk.json
Resolving files.cloudgdansk.pl (files.cloudgdansk.pl)... 153.19.238.147
Connecting to files.cloudgdansk.pl (files.cloudgdansk.pl)|153.19.238.147|:443... connected.
HTTP request sent, awaiting response... 200 OK
Length: 60 [text/plain]
Saving to: ‘/root/process_mining/announcements/data/21_04_2022/ann21.04.2022-08-40-01.json’

     0K                                                       100% 12.4M=0s

2022-04-21 08:40:01 (12.4 MB/s) - ‘/root/process_mining/announcements/data/21_04_2022/ann21.04.2022-08-40-01.json’ saved [60/60]

--2022-04-21 08:50:00--  https://files.cloudgdansk.pl/d/otwarte-dane/ztm/bsk.json
Resolving files.cloudgdansk.pl (files.cloudgdansk.pl)... 153.19.238.147
Connecting to files.cloudgdansk.pl (files.cloudgdansk.pl)|153.19.238.147|:443... connected.
HTTP request sent, awaiting response... 200 OK
Length: 60 [text/plain]
Saving to: ‘/root/process_mining/announcements/data/21_04_2022/ann21.04.2022-08-50-00.json’

     0K                                                       100% 12.5M=0s

2022-04-21 08:50:01 (12.5 MB/s) - ‘/root/process_mining/announcements/data/21_04_2022/ann21.04.2022-08-50-00.json’ saved [60/60]

--2022-04-21 09:00:01--  https://files.cloudgdansk.pl/d/otwarte-dane/ztm/bsk.json
Resolving files.cloudgdansk.pl (files.cloudgdansk.pl)... 153.19.238.147
Connecting to files.cloudgdansk.pl (files.cloudgdansk.pl)|153.19.238.147|:443... connected.
HTTP request sent, awaiting response... 200 OK
Length: 60 [text/plain]
Saving to: ‘/root/process_mining/announcements/data/21_04_2022/ann21.04.2022-09-00-01.json’

     0K                                                       100% 11.6M=0s

2022-04-21 09:00:02 (11.6 MB/s) - ‘/root/process_mining/announcements/data/21_04_2022/ann21.04.2022-09-00-01.json’ saved [60/60]

--2022-04-21 09:10:01--  https://files.cloudgdansk.pl/d/otwarte-dane/ztm/bsk.json
Resolving files.cloudgdansk.pl (files.cloudgdansk.pl)... 153.19.238.147
Connecting to files.cloudgdansk.pl (files.cloudgdansk.pl)|153.19.238.147|:443... connected.
HTTP request sent, awaiting response... 200 OK
Length: 60 [text/plain]
Saving to: ‘/root/process_mining/announcements/data/21_04_2022/ann21.04.2022-09-10-01.json’

     0K                                                       100% 12.0M=0s

2022-04-21 09:10:01 (12.0 MB/s) - ‘/root/process_mining/announcements/data/21_04_2022/ann21.04.2022-09-10-01.json’ saved [60/60]

--2022-04-21 09:20:01--  https://files.cloudgdansk.pl/d/otwarte-dane/ztm/bsk.json
Resolving files.cloudgdansk.pl (files.cloudgdansk.pl)... 153.19.238.147
Connecting to files.cloudgdansk.pl (files.cloudgdansk.pl)|153.19.238.147|:443... connected.
HTTP request sent, awaiting response... 200 OK
Length: 60 [text/plain]
Saving to: ‘/root/process_mining/announcements/data/21_04_2022/ann21.04.2022-09-20-01.json’

     0K                                                       100% 12.3M=0s

2022-04-21 09:20:02 (12.3 MB/s) - ‘/root/process_mining/announcements/data/21_04_2022/ann21.04.2022-09-20-01.json’ saved [60/60]

--2022-04-21 09:30:01--  https://files.cloudgdansk.pl/d/otwarte-dane/ztm/bsk.json
Resolving files.cloudgdansk.pl (files.cloudgdansk.pl)... 153.19.238.147
Connecting to files.cloudgdansk.pl (files.cloudgdansk.pl)|153.19.238.147|:443... connected.
HTTP request sent, awaiting response... 200 OK
Length: 60 [text/plain]
Saving to: ‘/root/process_mining/announcements/data/21_04_2022/ann21.04.2022-09-30-01.json’

     0K                                                       100% 10.3M=0s

2022-04-21 09:30:02 (10.3 MB/s) - ‘/root/process_mining/announcements/data/21_04_2022/ann21.04.2022-09-30-01.json’ saved [60/60]

--2022-04-21 09:40:02--  https://files.cloudgdansk.pl/d/otwarte-dane/ztm/bsk.json
Resolving files.cloudgdansk.pl (files.cloudgdansk.pl)... 153.19.238.147
Connecting to files.cloudgdansk.pl (files.cloudgdansk.pl)|153.19.238.147|:443... connected.
HTTP request sent, awaiting response... 200 OK
Length: 60 [text/plain]
Saving to: ‘/root/process_mining/announcements/data/21_04_2022/ann21.04.2022-09-40-02.json’

     0K                                                       100% 2.92M=0s

2022-04-21 09:40:02 (2.92 MB/s) - ‘/root/process_mining/announcements/data/21_04_2022/ann21.04.2022-09-40-02.json’ saved [60/60]

--2022-04-21 09:50:01--  https://files.cloudgdansk.pl/d/otwarte-dane/ztm/bsk.json
Resolving files.cloudgdansk.pl (files.cloudgdansk.pl)... 153.19.238.147
Connecting to files.cloudgdansk.pl (files.cloudgdansk.pl)|153.19.238.147|:443... connected.
HTTP request sent, awaiting response... 200 OK
Length: 60 [text/plain]
Saving to: ‘/root/process_mining/announcements/data/21_04_2022/ann21.04.2022-09-50-01.json’

     0K                                                       100% 10.6M=0s

2022-04-21 09:50:02 (10.6 MB/s) - ‘/root/process_mining/announcements/data/21_04_2022/ann21.04.2022-09-50-01.json’ saved [60/60]

--2022-04-21 10:00:00--  https://files.cloudgdansk.pl/d/otwarte-dane/ztm/bsk.json
Resolving files.cloudgdansk.pl (files.cloudgdansk.pl)... 153.19.238.147
Connecting to files.cloudgdansk.pl (files.cloudgdansk.pl)|153.19.238.147|:443... connected.
HTTP request sent, awaiting response... 200 OK
Length: 60 [text/plain]
Saving to: ‘/root/process_mining/announcements/data/21_04_2022/ann21.04.2022-10-00-00.json’

     0K                                                       100% 12.7M=0s

2022-04-21 10:00:00 (12.7 MB/s) - ‘/root/process_mining/announcements/data/21_04_2022/ann21.04.2022-10-00-00.json’ saved [60/60]

--2022-04-21 10:10:01--  https://files.cloudgdansk.pl/d/otwarte-dane/ztm/bsk.json
Resolving files.cloudgdansk.pl (files.cloudgdansk.pl)... 153.19.238.147
Connecting to files.cloudgdansk.pl (files.cloudgdansk.pl)|153.19.238.147|:443... connected.
HTTP request sent, awaiting response... 200 OK
Length: 60 [text/plain]
Saving to: ‘/root/process_mining/announcements/data/21_04_2022/ann21.04.2022-10-10-01.json’

     0K                                                       100% 11.1M=0s

2022-04-21 10:10:02 (11.1 MB/s) - ‘/root/process_mining/announcements/data/21_04_2022/ann21.04.2022-10-10-01.json’ saved [60/60]

--2022-04-21 10:20:01--  https://files.cloudgdansk.pl/d/otwarte-dane/ztm/bsk.json
Resolving files.cloudgdansk.pl (files.cloudgdansk.pl)... 153.19.238.147
Connecting to files.cloudgdansk.pl (files.cloudgdansk.pl)|153.19.238.147|:443... connected.
HTTP request sent, awaiting response... 200 OK
Length: 60 [text/plain]
Saving to: ‘/root/process_mining/announcements/data/21_04_2022/ann21.04.2022-10-20-01.json’

     0K                                                       100% 12.6M=0s

2022-04-21 10:20:02 (12.6 MB/s) - ‘/root/process_mining/announcements/data/21_04_2022/ann21.04.2022-10-20-01.json’ saved [60/60]

--2022-04-21 10:30:01--  https://files.cloudgdansk.pl/d/otwarte-dane/ztm/bsk.json
Resolving files.cloudgdansk.pl (files.cloudgdansk.pl)... 153.19.238.147
Connecting to files.cloudgdansk.pl (files.cloudgdansk.pl)|153.19.238.147|:443... connected.
HTTP request sent, awaiting response... 200 OK
Length: 60 [text/plain]
Saving to: ‘/root/process_mining/announcements/data/21_04_2022/ann21.04.2022-10-30-01.json’

     0K                                                       100% 8.60M=0s

2022-04-21 10:30:01 (8.60 MB/s) - ‘/root/process_mining/announcements/data/21_04_2022/ann21.04.2022-10-30-01.json’ saved [60/60]

--2022-04-21 10:40:01--  https://files.cloudgdansk.pl/d/otwarte-dane/ztm/bsk.json
Resolving files.cloudgdansk.pl (files.cloudgdansk.pl)... 153.19.238.147
Connecting to files.cloudgdansk.pl (files.cloudgdansk.pl)|153.19.238.147|:443... connected.
HTTP request sent, awaiting response... 200 OK
Length: 60 [text/plain]
Saving to: ‘/root/process_mining/announcements/data/21_04_2022/ann21.04.2022-10-40-01.json’

     0K                                                       100% 11.9M=0s

2022-04-21 10:40:02 (11.9 MB/s) - ‘/root/process_mining/announcements/data/21_04_2022/ann21.04.2022-10-40-01.json’ saved [60/60]

--2022-04-21 10:50:01--  https://files.cloudgdansk.pl/d/otwarte-dane/ztm/bsk.json
Resolving files.cloudgdansk.pl (files.cloudgdansk.pl)... 153.19.238.147
Connecting to files.cloudgdansk.pl (files.cloudgdansk.pl)|153.19.238.147|:443... connected.
HTTP request sent, awaiting response... 200 OK
Length: 60 [text/plain]
Saving to: ‘/root/process_mining/announcements/data/21_04_2022/ann21.04.2022-10-50-01.json’

     0K                                                       100% 11.7M=0s

2022-04-21 10:50:02 (11.7 MB/s) - ‘/root/process_mining/announcements/data/21_04_2022/ann21.04.2022-10-50-01.json’ saved [60/60]

--2022-04-21 11:00:01--  https://files.cloudgdansk.pl/d/otwarte-dane/ztm/bsk.json
Resolving files.cloudgdansk.pl (files.cloudgdansk.pl)... 153.19.238.147
Connecting to files.cloudgdansk.pl (files.cloudgdansk.pl)|153.19.238.147|:443... connected.
HTTP request sent, awaiting response... 200 OK
Length: 60 [text/plain]
Saving to: ‘/root/process_mining/announcements/data/21_04_2022/ann21.04.2022-11-00-01.json’

     0K                                                       100% 12.2M=0s

2022-04-21 11:00:02 (12.2 MB/s) - ‘/root/process_mining/announcements/data/21_04_2022/ann21.04.2022-11-00-01.json’ saved [60/60]

--2022-04-21 11:10:01--  https://files.cloudgdansk.pl/d/otwarte-dane/ztm/bsk.json
Resolving files.cloudgdansk.pl (files.cloudgdansk.pl)... 153.19.238.147
Connecting to files.cloudgdansk.pl (files.cloudgdansk.pl)|153.19.238.147|:443... connected.
HTTP request sent, awaiting response... 200 OK
Length: 60 [text/plain]
Saving to: ‘/root/process_mining/announcements/data/21_04_2022/ann21.04.2022-11-10-01.json’

     0K                                                       100% 11.6M=0s

2022-04-21 11:10:02 (11.6 MB/s) - ‘/root/process_mining/announcements/data/21_04_2022/ann21.04.2022-11-10-01.json’ saved [60/60]

--2022-04-21 11:20:01--  https://files.cloudgdansk.pl/d/otwarte-dane/ztm/bsk.json
Resolving files.cloudgdansk.pl (files.cloudgdansk.pl)... 153.19.238.147
Connecting to files.cloudgdansk.pl (files.cloudgdansk.pl)|153.19.238.147|:443... connected.
HTTP request sent, awaiting response... 200 OK
Length: 60 [text/plain]
Saving to: ‘/root/process_mining/announcements/data/21_04_2022/ann21.04.2022-11-20-01.json’

     0K                                                       100% 12.5M=0s

2022-04-21 11:20:02 (12.5 MB/s) - ‘/root/process_mining/announcements/data/21_04_2022/ann21.04.2022-11-20-01.json’ saved [60/60]

--2022-04-21 11:30:01--  https://files.cloudgdansk.pl/d/otwarte-dane/ztm/bsk.json
Resolving files.cloudgdansk.pl (files.cloudgdansk.pl)... 153.19.238.147
Connecting to files.cloudgdansk.pl (files.cloudgdansk.pl)|153.19.238.147|:443... connected.
HTTP request sent, awaiting response... 200 OK
Length: 60 [text/plain]
Saving to: ‘/root/process_mining/announcements/data/21_04_2022/ann21.04.2022-11-30-01.json’

     0K                                                       100% 12.4M=0s

2022-04-21 11:30:01 (12.4 MB/s) - ‘/root/process_mining/announcements/data/21_04_2022/ann21.04.2022-11-30-01.json’ saved [60/60]

--2022-04-21 11:40:01--  https://files.cloudgdansk.pl/d/otwarte-dane/ztm/bsk.json
Resolving files.cloudgdansk.pl (files.cloudgdansk.pl)... 153.19.238.147
Connecting to files.cloudgdansk.pl (files.cloudgdansk.pl)|153.19.238.147|:443... connected.
HTTP request sent, awaiting response... 200 OK
Length: 60 [text/plain]
Saving to: ‘/root/process_mining/announcements/data/21_04_2022/ann21.04.2022-11-40-01.json’

     0K                                                       100% 12.4M=0s

2022-04-21 11:40:02 (12.4 MB/s) - ‘/root/process_mining/announcements/data/21_04_2022/ann21.04.2022-11-40-01.json’ saved [60/60]

--2022-04-21 11:50:01--  https://files.cloudgdansk.pl/d/otwarte-dane/ztm/bsk.json
Resolving files.cloudgdansk.pl (files.cloudgdansk.pl)... 153.19.238.147
Connecting to files.cloudgdansk.pl (files.cloudgdansk.pl)|153.19.238.147|:443... connected.
HTTP request sent, awaiting response... 200 OK
Length: 60 [text/plain]
Saving to: ‘/root/process_mining/announcements/data/21_04_2022/ann21.04.2022-11-50-01.json’

     0K                                                       100% 12.6M=0s

2022-04-21 11:50:02 (12.6 MB/s) - ‘/root/process_mining/announcements/data/21_04_2022/ann21.04.2022-11-50-01.json’ saved [60/60]

--2022-04-21 12:00:01--  https://files.cloudgdansk.pl/d/otwarte-dane/ztm/bsk.json
Resolving files.cloudgdansk.pl (files.cloudgdansk.pl)... 153.19.238.147
Connecting to files.cloudgdansk.pl (files.cloudgdansk.pl)|153.19.238.147|:443... connected.
HTTP request sent, awaiting response... 200 OK
Length: 60 [text/plain]
Saving to: ‘/root/process_mining/announcements/data/21_04_2022/ann21.04.2022-12-00-01.json’

     0K                                                       100% 12.1M=0s

2022-04-21 12:00:01 (12.1 MB/s) - ‘/root/process_mining/announcements/data/21_04_2022/ann21.04.2022-12-00-01.json’ saved [60/60]

--2022-04-21 12:10:01--  https://files.cloudgdansk.pl/d/otwarte-dane/ztm/bsk.json
Resolving files.cloudgdansk.pl (files.cloudgdansk.pl)... 153.19.238.147
Connecting to files.cloudgdansk.pl (files.cloudgdansk.pl)|153.19.238.147|:443... connected.
HTTP request sent, awaiting response... 200 OK
Length: 60 [text/plain]
Saving to: ‘/root/process_mining/announcements/data/21_04_2022/ann21.04.2022-12-10-01.json’

     0K                                                       100% 10.9M=0s

2022-04-21 12:10:02 (10.9 MB/s) - ‘/root/process_mining/announcements/data/21_04_2022/ann21.04.2022-12-10-01.json’ saved [60/60]

--2022-04-21 12:20:02--  https://files.cloudgdansk.pl/d/otwarte-dane/ztm/bsk.json
Resolving files.cloudgdansk.pl (files.cloudgdansk.pl)... 153.19.238.147
Connecting to files.cloudgdansk.pl (files.cloudgdansk.pl)|153.19.238.147|:443... connected.
HTTP request sent, awaiting response... 200 OK
Length: 60 [text/plain]
Saving to: ‘/root/process_mining/announcements/data/21_04_2022/ann21.04.2022-12-20-02.json’

     0K                                                       100% 10.9M=0s

2022-04-21 12:20:02 (10.9 MB/s) - ‘/root/process_mining/announcements/data/21_04_2022/ann21.04.2022-12-20-02.json’ saved [60/60]

--2022-04-21 12:30:01--  https://files.cloudgdansk.pl/d/otwarte-dane/ztm/bsk.json
Resolving files.cloudgdansk.pl (files.cloudgdansk.pl)... 153.19.238.147
Connecting to files.cloudgdansk.pl (files.cloudgdansk.pl)|153.19.238.147|:443... connected.
HTTP request sent, awaiting response... 200 OK
Length: 60 [text/plain]
Saving to: ‘/root/process_mining/announcements/data/21_04_2022/ann21.04.2022-12-30-01.json’

     0K                                                       100% 12.0M=0s

2022-04-21 12:30:02 (12.0 MB/s) - ‘/root/process_mining/announcements/data/21_04_2022/ann21.04.2022-12-30-01.json’ saved [60/60]

--2022-04-21 12:40:00--  https://files.cloudgdansk.pl/d/otwarte-dane/ztm/bsk.json
Resolving files.cloudgdansk.pl (files.cloudgdansk.pl)... 153.19.238.147
Connecting to files.cloudgdansk.pl (files.cloudgdansk.pl)|153.19.238.147|:443... connected.
HTTP request sent, awaiting response... 200 OK
Length: 60 [text/plain]
Saving to: ‘/root/process_mining/announcements/data/21_04_2022/ann21.04.2022-12-40-00.json’

     0K                                                       100% 12.5M=0s

2022-04-21 12:40:00 (12.5 MB/s) - ‘/root/process_mining/announcements/data/21_04_2022/ann21.04.2022-12-40-00.json’ saved [60/60]

--2022-04-21 12:50:01--  https://files.cloudgdansk.pl/d/otwarte-dane/ztm/bsk.json
Resolving files.cloudgdansk.pl (files.cloudgdansk.pl)... 153.19.238.147
Connecting to files.cloudgdansk.pl (files.cloudgdansk.pl)|153.19.238.147|:443... connected.
HTTP request sent, awaiting response... 200 OK
Length: 60 [text/plain]
Saving to: ‘/root/process_mining/announcements/data/21_04_2022/ann21.04.2022-12-50-01.json’

     0K                                                       100% 12.1M=0s

2022-04-21 12:50:02 (12.1 MB/s) - ‘/root/process_mining/announcements/data/21_04_2022/ann21.04.2022-12-50-01.json’ saved [60/60]

--2022-04-21 13:00:01--  https://files.cloudgdansk.pl/d/otwarte-dane/ztm/bsk.json
Resolving files.cloudgdansk.pl (files.cloudgdansk.pl)... 153.19.238.147
Connecting to files.cloudgdansk.pl (files.cloudgdansk.pl)|153.19.238.147|:443... connected.
HTTP request sent, awaiting response... 200 OK
Length: 60 [text/plain]
Saving to: ‘/root/process_mining/announcements/data/21_04_2022/ann21.04.2022-13-00-01.json’

     0K                                                       100% 9.46M=0s

2022-04-21 13:00:02 (9.46 MB/s) - ‘/root/process_mining/announcements/data/21_04_2022/ann21.04.2022-13-00-01.json’ saved [60/60]

--2022-04-21 13:10:01--  https://files.cloudgdansk.pl/d/otwarte-dane/ztm/bsk.json
Resolving files.cloudgdansk.pl (files.cloudgdansk.pl)... 153.19.238.147
Connecting to files.cloudgdansk.pl (files.cloudgdansk.pl)|153.19.238.147|:443... connected.
HTTP request sent, awaiting response... 200 OK
Length: 60 [text/plain]
Saving to: ‘/root/process_mining/announcements/data/21_04_2022/ann21.04.2022-13-10-01.json’

     0K                                                       100% 12.8M=0s

2022-04-21 13:10:02 (12.8 MB/s) - ‘/root/process_mining/announcements/data/21_04_2022/ann21.04.2022-13-10-01.json’ saved [60/60]

--2022-04-21 13:20:01--  https://files.cloudgdansk.pl/d/otwarte-dane/ztm/bsk.json
Resolving files.cloudgdansk.pl (files.cloudgdansk.pl)... 153.19.238.147
Connecting to files.cloudgdansk.pl (files.cloudgdansk.pl)|153.19.238.147|:443... connected.
HTTP request sent, awaiting response... 200 OK
Length: 60 [text/plain]
Saving to: ‘/root/process_mining/announcements/data/21_04_2022/ann21.04.2022-13-20-01.json’

     0K                                                       100% 12.1M=0s

2022-04-21 13:20:01 (12.1 MB/s) - ‘/root/process_mining/announcements/data/21_04_2022/ann21.04.2022-13-20-01.json’ saved [60/60]

--2022-04-21 13:30:01--  https://files.cloudgdansk.pl/d/otwarte-dane/ztm/bsk.json
Resolving files.cloudgdansk.pl (files.cloudgdansk.pl)... 153.19.238.147
Connecting to files.cloudgdansk.pl (files.cloudgdansk.pl)|153.19.238.147|:443... connected.
HTTP request sent, awaiting response... 200 OK
Length: 60 [text/plain]
Saving to: ‘/root/process_mining/announcements/data/21_04_2022/ann21.04.2022-13-30-01.json’

     0K                                                       100% 13.1M=0s

2022-04-21 13:30:04 (13.1 MB/s) - ‘/root/process_mining/announcements/data/21_04_2022/ann21.04.2022-13-30-01.json’ saved [60/60]

--2022-04-21 13:40:01--  https://files.cloudgdansk.pl/d/otwarte-dane/ztm/bsk.json
Resolving files.cloudgdansk.pl (files.cloudgdansk.pl)... 153.19.238.147
Connecting to files.cloudgdansk.pl (files.cloudgdansk.pl)|153.19.238.147|:443... connected.
HTTP request sent, awaiting response... 200 OK
Length: 60 [text/plain]
Saving to: ‘/root/process_mining/announcements/data/21_04_2022/ann21.04.2022-13-40-01.json’

     0K                                                       100% 11.9M=0s

2022-04-21 13:40:02 (11.9 MB/s) - ‘/root/process_mining/announcements/data/21_04_2022/ann21.04.2022-13-40-01.json’ saved [60/60]

--2022-04-21 13:50:01--  https://files.cloudgdansk.pl/d/otwarte-dane/ztm/bsk.json
Resolving files.cloudgdansk.pl (files.cloudgdansk.pl)... 153.19.238.147
Connecting to files.cloudgdansk.pl (files.cloudgdansk.pl)|153.19.238.147|:443... connected.
HTTP request sent, awaiting response... 200 OK
Length: 60 [text/plain]
Saving to: ‘/root/process_mining/announcements/data/21_04_2022/ann21.04.2022-13-50-01.json’

     0K                                                       100% 12.2M=0s

2022-04-21 13:50:02 (12.2 MB/s) - ‘/root/process_mining/announcements/data/21_04_2022/ann21.04.2022-13-50-01.json’ saved [60/60]

--2022-04-21 14:00:01--  https://files.cloudgdansk.pl/d/otwarte-dane/ztm/bsk.json
Resolving files.cloudgdansk.pl (files.cloudgdansk.pl)... 153.19.238.147
Connecting to files.cloudgdansk.pl (files.cloudgdansk.pl)|153.19.238.147|:443... connected.
HTTP request sent, awaiting response... 200 OK
Length: 60 [text/plain]
Saving to: ‘/root/process_mining/announcements/data/21_04_2022/ann21.04.2022-14-00-01.json’

     0K                                                       100% 10.6M=0s

2022-04-21 14:00:02 (10.6 MB/s) - ‘/root/process_mining/announcements/data/21_04_2022/ann21.04.2022-14-00-01.json’ saved [60/60]

--2022-04-21 14:10:01--  https://files.cloudgdansk.pl/d/otwarte-dane/ztm/bsk.json
Resolving files.cloudgdansk.pl (files.cloudgdansk.pl)... 153.19.238.147
Connecting to files.cloudgdansk.pl (files.cloudgdansk.pl)|153.19.238.147|:443... connected.
HTTP request sent, awaiting response... 200 OK
Length: 60 [text/plain]
Saving to: ‘/root/process_mining/announcements/data/21_04_2022/ann21.04.2022-14-10-01.json’

     0K                                                       100% 12.5M=0s

2022-04-21 14:10:02 (12.5 MB/s) - ‘/root/process_mining/announcements/data/21_04_2022/ann21.04.2022-14-10-01.json’ saved [60/60]

--2022-04-21 14:20:01--  https://files.cloudgdansk.pl/d/otwarte-dane/ztm/bsk.json
Resolving files.cloudgdansk.pl (files.cloudgdansk.pl)... 153.19.238.147
Connecting to files.cloudgdansk.pl (files.cloudgdansk.pl)|153.19.238.147|:443... connected.
HTTP request sent, awaiting response... 200 OK
Length: 60 [text/plain]
Saving to: ‘/root/process_mining/announcements/data/21_04_2022/ann21.04.2022-14-20-01.json’

     0K                                                       100% 12.5M=0s

2022-04-21 14:20:02 (12.5 MB/s) - ‘/root/process_mining/announcements/data/21_04_2022/ann21.04.2022-14-20-01.json’ saved [60/60]

--2022-04-21 14:30:01--  https://files.cloudgdansk.pl/d/otwarte-dane/ztm/bsk.json
Resolving files.cloudgdansk.pl (files.cloudgdansk.pl)... 153.19.238.147
Connecting to files.cloudgdansk.pl (files.cloudgdansk.pl)|153.19.238.147|:443... connected.
HTTP request sent, awaiting response... 200 OK
Length: 60 [text/plain]
Saving to: ‘/root/process_mining/announcements/data/21_04_2022/ann21.04.2022-14-30-01.json’

     0K                                                       100% 12.3M=0s

2022-04-21 14:30:02 (12.3 MB/s) - ‘/root/process_mining/announcements/data/21_04_2022/ann21.04.2022-14-30-01.json’ saved [60/60]

--2022-04-21 14:40:01--  https://files.cloudgdansk.pl/d/otwarte-dane/ztm/bsk.json
Resolving files.cloudgdansk.pl (files.cloudgdansk.pl)... 153.19.238.147
Connecting to files.cloudgdansk.pl (files.cloudgdansk.pl)|153.19.238.147|:443... connected.
HTTP request sent, awaiting response... 200 OK
Length: 60 [text/plain]
Saving to: ‘/root/process_mining/announcements/data/21_04_2022/ann21.04.2022-14-40-01.json’

     0K                                                       100% 12.1M=0s

2022-04-21 14:40:02 (12.1 MB/s) - ‘/root/process_mining/announcements/data/21_04_2022/ann21.04.2022-14-40-01.json’ saved [60/60]

--2022-04-21 14:50:01--  https://files.cloudgdansk.pl/d/otwarte-dane/ztm/bsk.json
Resolving files.cloudgdansk.pl (files.cloudgdansk.pl)... 153.19.238.147
Connecting to files.cloudgdansk.pl (files.cloudgdansk.pl)|153.19.238.147|:443... connected.
HTTP request sent, awaiting response... 200 OK
Length: 60 [text/plain]
Saving to: ‘/root/process_mining/announcements/data/21_04_2022/ann21.04.2022-14-50-01.json’

     0K                                                       100% 9.31M=0s

2022-04-21 14:50:02 (9.31 MB/s) - ‘/root/process_mining/announcements/data/21_04_2022/ann21.04.2022-14-50-01.json’ saved [60/60]

--2022-04-21 15:00:01--  https://files.cloudgdansk.pl/d/otwarte-dane/ztm/bsk.json
Resolving files.cloudgdansk.pl (files.cloudgdansk.pl)... 153.19.238.147
Connecting to files.cloudgdansk.pl (files.cloudgdansk.pl)|153.19.238.147|:443... connected.
HTTP request sent, awaiting response... 200 OK
Length: 60 [text/plain]
Saving to: ‘/root/process_mining/announcements/data/21_04_2022/ann21.04.2022-15-00-01.json’

     0K                                                       100% 12.0M=0s

2022-04-21 15:00:02 (12.0 MB/s) - ‘/root/process_mining/announcements/data/21_04_2022/ann21.04.2022-15-00-01.json’ saved [60/60]

--2022-04-21 15:10:00--  https://files.cloudgdansk.pl/d/otwarte-dane/ztm/bsk.json
Resolving files.cloudgdansk.pl (files.cloudgdansk.pl)... 153.19.238.147
Connecting to files.cloudgdansk.pl (files.cloudgdansk.pl)|153.19.238.147|:443... connected.
HTTP request sent, awaiting response... 200 OK
Length: 60 [text/plain]
Saving to: ‘/root/process_mining/announcements/data/21_04_2022/ann21.04.2022-15-10-00.json’

     0K                                                       100% 12.5M=0s

2022-04-21 15:10:00 (12.5 MB/s) - ‘/root/process_mining/announcements/data/21_04_2022/ann21.04.2022-15-10-00.json’ saved [60/60]

--2022-04-21 15:20:01--  https://files.cloudgdansk.pl/d/otwarte-dane/ztm/bsk.json
Resolving files.cloudgdansk.pl (files.cloudgdansk.pl)... 153.19.238.147
Connecting to files.cloudgdansk.pl (files.cloudgdansk.pl)|153.19.238.147|:443... connected.
HTTP request sent, awaiting response... 200 OK
Length: 60 [text/plain]
Saving to: ‘/root/process_mining/announcements/data/21_04_2022/ann21.04.2022-15-20-01.json’

     0K                                                       100% 10.4M=0s

2022-04-21 15:20:02 (10.4 MB/s) - ‘/root/process_mining/announcements/data/21_04_2022/ann21.04.2022-15-20-01.json’ saved [60/60]

--2022-04-21 15:30:01--  https://files.cloudgdansk.pl/d/otwarte-dane/ztm/bsk.json
Resolving files.cloudgdansk.pl (files.cloudgdansk.pl)... 153.19.238.147
Connecting to files.cloudgdansk.pl (files.cloudgdansk.pl)|153.19.238.147|:443... connected.
HTTP request sent, awaiting response... 200 OK
Length: 60 [text/plain]
Saving to: ‘/root/process_mining/announcements/data/21_04_2022/ann21.04.2022-15-30-01.json’

     0K                                                       100% 10.6M=0s

2022-04-21 15:30:01 (10.6 MB/s) - ‘/root/process_mining/announcements/data/21_04_2022/ann21.04.2022-15-30-01.json’ saved [60/60]

--2022-04-21 15:40:01--  https://files.cloudgdansk.pl/d/otwarte-dane/ztm/bsk.json
Resolving files.cloudgdansk.pl (files.cloudgdansk.pl)... 153.19.238.147
Connecting to files.cloudgdansk.pl (files.cloudgdansk.pl)|153.19.238.147|:443... connected.
HTTP request sent, awaiting response... 200 OK
Length: 60 [text/plain]
Saving to: ‘/root/process_mining/announcements/data/21_04_2022/ann21.04.2022-15-40-01.json’

     0K                                                       100% 11.6M=0s

2022-04-21 15:40:01 (11.6 MB/s) - ‘/root/process_mining/announcements/data/21_04_2022/ann21.04.2022-15-40-01.json’ saved [60/60]

--2022-04-21 15:50:01--  https://files.cloudgdansk.pl/d/otwarte-dane/ztm/bsk.json
Resolving files.cloudgdansk.pl (files.cloudgdansk.pl)... 153.19.238.147
Connecting to files.cloudgdansk.pl (files.cloudgdansk.pl)|153.19.238.147|:443... connected.
HTTP request sent, awaiting response... 200 OK
Length: 60 [text/plain]
Saving to: ‘/root/process_mining/announcements/data/21_04_2022/ann21.04.2022-15-50-01.json’

     0K                                                       100% 3.68M=0s

2022-04-21 15:50:01 (3.68 MB/s) - ‘/root/process_mining/announcements/data/21_04_2022/ann21.04.2022-15-50-01.json’ saved [60/60]

--2022-04-21 16:00:01--  https://files.cloudgdansk.pl/d/otwarte-dane/ztm/bsk.json
Resolving files.cloudgdansk.pl (files.cloudgdansk.pl)... 153.19.238.147
Connecting to files.cloudgdansk.pl (files.cloudgdansk.pl)|153.19.238.147|:443... connected.
HTTP request sent, awaiting response... 200 OK
Length: 60 [text/plain]
Saving to: ‘/root/process_mining/announcements/data/21_04_2022/ann21.04.2022-16-00-01.json’

     0K                                                       100% 11.7M=0s

2022-04-21 16:00:01 (11.7 MB/s) - ‘/root/process_mining/announcements/data/21_04_2022/ann21.04.2022-16-00-01.json’ saved [60/60]

--2022-04-21 16:10:01--  https://files.cloudgdansk.pl/d/otwarte-dane/ztm/bsk.json
Resolving files.cloudgdansk.pl (files.cloudgdansk.pl)... 153.19.238.147
Connecting to files.cloudgdansk.pl (files.cloudgdansk.pl)|153.19.238.147|:443... connected.
HTTP request sent, awaiting response... 200 OK
Length: 60 [text/plain]
Saving to: ‘/root/process_mining/announcements/data/21_04_2022/ann21.04.2022-16-10-01.json’

     0K                                                       100% 10.9M=0s

2022-04-21 16:10:02 (10.9 MB/s) - ‘/root/process_mining/announcements/data/21_04_2022/ann21.04.2022-16-10-01.json’ saved [60/60]

--2022-04-21 16:20:01--  https://files.cloudgdansk.pl/d/otwarte-dane/ztm/bsk.json
Resolving files.cloudgdansk.pl (files.cloudgdansk.pl)... 153.19.238.147
Connecting to files.cloudgdansk.pl (files.cloudgdansk.pl)|153.19.238.147|:443... connected.
HTTP request sent, awaiting response... 200 OK
Length: 60 [text/plain]
Saving to: ‘/root/process_mining/announcements/data/21_04_2022/ann21.04.2022-16-20-01.json’

     0K                                                       100% 13.0M=0s

2022-04-21 16:20:01 (13.0 MB/s) - ‘/root/process_mining/announcements/data/21_04_2022/ann21.04.2022-16-20-01.json’ saved [60/60]

--2022-04-21 16:30:01--  https://files.cloudgdansk.pl/d/otwarte-dane/ztm/bsk.json
Resolving files.cloudgdansk.pl (files.cloudgdansk.pl)... 153.19.238.147
Connecting to files.cloudgdansk.pl (files.cloudgdansk.pl)|153.19.238.147|:443... connected.
HTTP request sent, awaiting response... 200 OK
Length: 60 [text/plain]
Saving to: ‘/root/process_mining/announcements/data/21_04_2022/ann21.04.2022-16-30-01.json’

     0K                                                       100% 11.4M=0s

2022-04-21 16:30:01 (11.4 MB/s) - ‘/root/process_mining/announcements/data/21_04_2022/ann21.04.2022-16-30-01.json’ saved [60/60]

--2022-04-21 16:40:01--  https://files.cloudgdansk.pl/d/otwarte-dane/ztm/bsk.json
Resolving files.cloudgdansk.pl (files.cloudgdansk.pl)... 153.19.238.147
Connecting to files.cloudgdansk.pl (files.cloudgdansk.pl)|153.19.238.147|:443... connected.
HTTP request sent, awaiting response... 200 OK
Length: 60 [text/plain]
Saving to: ‘/root/process_mining/announcements/data/21_04_2022/ann21.04.2022-16-40-01.json’

     0K                                                       100% 12.5M=0s

2022-04-21 16:40:01 (12.5 MB/s) - ‘/root/process_mining/announcements/data/21_04_2022/ann21.04.2022-16-40-01.json’ saved [60/60]

--2022-04-21 16:50:01--  https://files.cloudgdansk.pl/d/otwarte-dane/ztm/bsk.json
Resolving files.cloudgdansk.pl (files.cloudgdansk.pl)... 153.19.238.147
Connecting to files.cloudgdansk.pl (files.cloudgdansk.pl)|153.19.238.147|:443... connected.
HTTP request sent, awaiting response... 200 OK
Length: 60 [text/plain]
Saving to: ‘/root/process_mining/announcements/data/21_04_2022/ann21.04.2022-16-50-01.json’

     0K                                                       100% 12.0M=0s

2022-04-21 16:50:01 (12.0 MB/s) - ‘/root/process_mining/announcements/data/21_04_2022/ann21.04.2022-16-50-01.json’ saved [60/60]

--2022-04-21 17:00:01--  https://files.cloudgdansk.pl/d/otwarte-dane/ztm/bsk.json
Resolving files.cloudgdansk.pl (files.cloudgdansk.pl)... 153.19.238.147
Connecting to files.cloudgdansk.pl (files.cloudgdansk.pl)|153.19.238.147|:443... connected.
HTTP request sent, awaiting response... 200 OK
Length: 60 [text/plain]
Saving to: ‘/root/process_mining/announcements/data/21_04_2022/ann21.04.2022-17-00-01.json’

     0K                                                       100% 3.46M=0s

2022-04-21 17:00:01 (3.46 MB/s) - ‘/root/process_mining/announcements/data/21_04_2022/ann21.04.2022-17-00-01.json’ saved [60/60]

--2022-04-21 17:10:01--  https://files.cloudgdansk.pl/d/otwarte-dane/ztm/bsk.json
Resolving files.cloudgdansk.pl (files.cloudgdansk.pl)... 153.19.238.147
Connecting to files.cloudgdansk.pl (files.cloudgdansk.pl)|153.19.238.147|:443... connected.
HTTP request sent, awaiting response... 200 OK
Length: 60 [text/plain]
Saving to: ‘/root/process_mining/announcements/data/21_04_2022/ann21.04.2022-17-10-01.json’

     0K                                                       100% 12.6M=0s

2022-04-21 17:10:02 (12.6 MB/s) - ‘/root/process_mining/announcements/data/21_04_2022/ann21.04.2022-17-10-01.json’ saved [60/60]

--2022-04-21 17:20:01--  https://files.cloudgdansk.pl/d/otwarte-dane/ztm/bsk.json
Resolving files.cloudgdansk.pl (files.cloudgdansk.pl)... 153.19.238.147
Connecting to files.cloudgdansk.pl (files.cloudgdansk.pl)|153.19.238.147|:443... connected.
HTTP request sent, awaiting response... 200 OK
Length: 60 [text/plain]
Saving to: ‘/root/process_mining/announcements/data/21_04_2022/ann21.04.2022-17-20-01.json’

     0K                                                       100% 10.9M=0s

2022-04-21 17:20:01 (10.9 MB/s) - ‘/root/process_mining/announcements/data/21_04_2022/ann21.04.2022-17-20-01.json’ saved [60/60]

--2022-04-21 17:30:01--  https://files.cloudgdansk.pl/d/otwarte-dane/ztm/bsk.json
Resolving files.cloudgdansk.pl (files.cloudgdansk.pl)... 153.19.238.147
Connecting to files.cloudgdansk.pl (files.cloudgdansk.pl)|153.19.238.147|:443... connected.
HTTP request sent, awaiting response... 200 OK
Length: 60 [text/plain]
Saving to: ‘/root/process_mining/announcements/data/21_04_2022/ann21.04.2022-17-30-01.json’

     0K                                                       100% 13.0M=0s

2022-04-21 17:30:02 (13.0 MB/s) - ‘/root/process_mining/announcements/data/21_04_2022/ann21.04.2022-17-30-01.json’ saved [60/60]

--2022-04-21 17:40:01--  https://files.cloudgdansk.pl/d/otwarte-dane/ztm/bsk.json
Resolving files.cloudgdansk.pl (files.cloudgdansk.pl)... 153.19.238.147
Connecting to files.cloudgdansk.pl (files.cloudgdansk.pl)|153.19.238.147|:443... connected.
HTTP request sent, awaiting response... 200 OK
Length: 60 [text/plain]
Saving to: ‘/root/process_mining/announcements/data/21_04_2022/ann21.04.2022-17-40-01.json’

     0K                                                       100% 12.5M=0s

2022-04-21 17:40:01 (12.5 MB/s) - ‘/root/process_mining/announcements/data/21_04_2022/ann21.04.2022-17-40-01.json’ saved [60/60]

--2022-04-21 17:50:01--  https://files.cloudgdansk.pl/d/otwarte-dane/ztm/bsk.json
Resolving files.cloudgdansk.pl (files.cloudgdansk.pl)... 153.19.238.147
Connecting to files.cloudgdansk.pl (files.cloudgdansk.pl)|153.19.238.147|:443... connected.
HTTP request sent, awaiting response... 200 OK
Length: 60 [text/plain]
Saving to: ‘/root/process_mining/announcements/data/21_04_2022/ann21.04.2022-17-50-01.json’

     0K                                                       100% 11.6M=0s

2022-04-21 17:50:01 (11.6 MB/s) - ‘/root/process_mining/announcements/data/21_04_2022/ann21.04.2022-17-50-01.json’ saved [60/60]

--2022-04-21 18:00:01--  https://files.cloudgdansk.pl/d/otwarte-dane/ztm/bsk.json
Resolving files.cloudgdansk.pl (files.cloudgdansk.pl)... 153.19.238.147
Connecting to files.cloudgdansk.pl (files.cloudgdansk.pl)|153.19.238.147|:443... connected.
HTTP request sent, awaiting response... 200 OK
Length: 60 [text/plain]
Saving to: ‘/root/process_mining/announcements/data/21_04_2022/ann21.04.2022-18-00-01.json’

     0K                                                       100% 11.9M=0s

2022-04-21 18:00:01 (11.9 MB/s) - ‘/root/process_mining/announcements/data/21_04_2022/ann21.04.2022-18-00-01.json’ saved [60/60]

--2022-04-21 18:10:02--  https://files.cloudgdansk.pl/d/otwarte-dane/ztm/bsk.json
Resolving files.cloudgdansk.pl (files.cloudgdansk.pl)... 153.19.238.147
Connecting to files.cloudgdansk.pl (files.cloudgdansk.pl)|153.19.238.147|:443... connected.
HTTP request sent, awaiting response... 200 OK
Length: 60 [text/plain]
Saving to: ‘/root/process_mining/announcements/data/21_04_2022/ann21.04.2022-18-10-02.json’

     0K                                                       100% 12.5M=0s

2022-04-21 18:10:02 (12.5 MB/s) - ‘/root/process_mining/announcements/data/21_04_2022/ann21.04.2022-18-10-02.json’ saved [60/60]

--2022-04-21 18:20:01--  https://files.cloudgdansk.pl/d/otwarte-dane/ztm/bsk.json
Resolving files.cloudgdansk.pl (files.cloudgdansk.pl)... 153.19.238.147
Connecting to files.cloudgdansk.pl (files.cloudgdansk.pl)|153.19.238.147|:443... connected.
HTTP request sent, awaiting response... 200 OK
Length: 60 [text/plain]
Saving to: ‘/root/process_mining/announcements/data/21_04_2022/ann21.04.2022-18-20-01.json’

     0K                                                       100% 12.4M=0s

2022-04-21 18:20:01 (12.4 MB/s) - ‘/root/process_mining/announcements/data/21_04_2022/ann21.04.2022-18-20-01.json’ saved [60/60]

--2022-04-21 18:30:01--  https://files.cloudgdansk.pl/d/otwarte-dane/ztm/bsk.json
Resolving files.cloudgdansk.pl (files.cloudgdansk.pl)... 153.19.238.147
Connecting to files.cloudgdansk.pl (files.cloudgdansk.pl)|153.19.238.147|:443... connected.
HTTP request sent, awaiting response... 200 OK
Length: 60 [text/plain]
Saving to: ‘/root/process_mining/announcements/data/21_04_2022/ann21.04.2022-18-30-01.json’

     0K                                                       100% 12.6M=0s

2022-04-21 18:30:01 (12.6 MB/s) - ‘/root/process_mining/announcements/data/21_04_2022/ann21.04.2022-18-30-01.json’ saved [60/60]

--2022-04-21 18:40:01--  https://files.cloudgdansk.pl/d/otwarte-dane/ztm/bsk.json
Resolving files.cloudgdansk.pl (files.cloudgdansk.pl)... 153.19.238.147
Connecting to files.cloudgdansk.pl (files.cloudgdansk.pl)|153.19.238.147|:443... connected.
HTTP request sent, awaiting response... 200 OK
Length: 60 [text/plain]
Saving to: ‘/root/process_mining/announcements/data/21_04_2022/ann21.04.2022-18-40-01.json’

     0K                                                       100% 8.96M=0s

2022-04-21 18:40:01 (8.96 MB/s) - ‘/root/process_mining/announcements/data/21_04_2022/ann21.04.2022-18-40-01.json’ saved [60/60]

--2022-04-21 18:50:00--  https://files.cloudgdansk.pl/d/otwarte-dane/ztm/bsk.json
Resolving files.cloudgdansk.pl (files.cloudgdansk.pl)... 153.19.238.147
Connecting to files.cloudgdansk.pl (files.cloudgdansk.pl)|153.19.238.147|:443... connected.
HTTP request sent, awaiting response... 200 OK
Length: 60 [text/plain]
Saving to: ‘/root/process_mining/announcements/data/21_04_2022/ann21.04.2022-18-50-00.json’

     0K                                                       100% 3.53M=0s

2022-04-21 18:50:00 (3.53 MB/s) - ‘/root/process_mining/announcements/data/21_04_2022/ann21.04.2022-18-50-00.json’ saved [60/60]

--2022-04-21 19:00:00--  https://files.cloudgdansk.pl/d/otwarte-dane/ztm/bsk.json
Resolving files.cloudgdansk.pl (files.cloudgdansk.pl)... 153.19.238.147
Connecting to files.cloudgdansk.pl (files.cloudgdansk.pl)|153.19.238.147|:443... connected.
HTTP request sent, awaiting response... 200 OK
Length: 60 [text/plain]
Saving to: ‘/root/process_mining/announcements/data/21_04_2022/ann21.04.2022-19-00-00.json’

     0K                                                       100% 12.1M=0s

2022-04-21 19:00:00 (12.1 MB/s) - ‘/root/process_mining/announcements/data/21_04_2022/ann21.04.2022-19-00-00.json’ saved [60/60]

--2022-04-21 19:10:00--  https://files.cloudgdansk.pl/d/otwarte-dane/ztm/bsk.json
Resolving files.cloudgdansk.pl (files.cloudgdansk.pl)... 153.19.238.147
Connecting to files.cloudgdansk.pl (files.cloudgdansk.pl)|153.19.238.147|:443... connected.
HTTP request sent, awaiting response... 200 OK
Length: 60 [text/plain]
Saving to: ‘/root/process_mining/announcements/data/21_04_2022/ann21.04.2022-19-10-00.json’

     0K                                                       100% 12.0M=0s

2022-04-21 19:10:00 (12.0 MB/s) - ‘/root/process_mining/announcements/data/21_04_2022/ann21.04.2022-19-10-00.json’ saved [60/60]

--2022-04-21 19:20:00--  https://files.cloudgdansk.pl/d/otwarte-dane/ztm/bsk.json
Resolving files.cloudgdansk.pl (files.cloudgdansk.pl)... 153.19.238.147
Connecting to files.cloudgdansk.pl (files.cloudgdansk.pl)|153.19.238.147|:443... connected.
HTTP request sent, awaiting response... 200 OK
Length: 60 [text/plain]
Saving to: ‘/root/process_mining/announcements/data/21_04_2022/ann21.04.2022-19-20-00.json’

     0K                                                       100% 10.3M=0s

2022-04-21 19:20:01 (10.3 MB/s) - ‘/root/process_mining/announcements/data/21_04_2022/ann21.04.2022-19-20-00.json’ saved [60/60]

--2022-04-21 19:30:00--  https://files.cloudgdansk.pl/d/otwarte-dane/ztm/bsk.json
Resolving files.cloudgdansk.pl (files.cloudgdansk.pl)... 153.19.238.147
Connecting to files.cloudgdansk.pl (files.cloudgdansk.pl)|153.19.238.147|:443... connected.
HTTP request sent, awaiting response... 200 OK
Length: 60 [text/plain]
Saving to: ‘/root/process_mining/announcements/data/21_04_2022/ann21.04.2022-19-30-00.json’

     0K                                                       100% 3.67M=0s

2022-04-21 19:30:01 (3.67 MB/s) - ‘/root/process_mining/announcements/data/21_04_2022/ann21.04.2022-19-30-00.json’ saved [60/60]

--2022-04-21 19:40:01--  https://files.cloudgdansk.pl/d/otwarte-dane/ztm/bsk.json
Resolving files.cloudgdansk.pl (files.cloudgdansk.pl)... 153.19.238.147
Connecting to files.cloudgdansk.pl (files.cloudgdansk.pl)|153.19.238.147|:443... connected.
HTTP request sent, awaiting response... 200 OK
Length: 60 [text/plain]
Saving to: ‘/root/process_mining/announcements/data/21_04_2022/ann21.04.2022-19-40-01.json’

     0K                                                       100% 11.8M=0s

2022-04-21 19:40:01 (11.8 MB/s) - ‘/root/process_mining/announcements/data/21_04_2022/ann21.04.2022-19-40-01.json’ saved [60/60]

--2022-04-21 19:50:00--  https://files.cloudgdansk.pl/d/otwarte-dane/ztm/bsk.json
Resolving files.cloudgdansk.pl (files.cloudgdansk.pl)... 153.19.238.147
Connecting to files.cloudgdansk.pl (files.cloudgdansk.pl)|153.19.238.147|:443... connected.
HTTP request sent, awaiting response... 200 OK
Length: 60 [text/plain]
Saving to: ‘/root/process_mining/announcements/data/21_04_2022/ann21.04.2022-19-50-00.json’

     0K                                                       100% 11.8M=0s

2022-04-21 19:50:01 (11.8 MB/s) - ‘/root/process_mining/announcements/data/21_04_2022/ann21.04.2022-19-50-00.json’ saved [60/60]

--2022-04-21 20:00:01--  https://files.cloudgdansk.pl/d/otwarte-dane/ztm/bsk.json
Resolving files.cloudgdansk.pl (files.cloudgdansk.pl)... 153.19.238.147
Connecting to files.cloudgdansk.pl (files.cloudgdansk.pl)|153.19.238.147|:443... connected.
HTTP request sent, awaiting response... 200 OK
Length: 60 [text/plain]
Saving to: ‘/root/process_mining/announcements/data/21_04_2022/ann21.04.2022-20-00-01.json’

     0K                                                       100% 12.3M=0s

2022-04-21 20:00:01 (12.3 MB/s) - ‘/root/process_mining/announcements/data/21_04_2022/ann21.04.2022-20-00-01.json’ saved [60/60]

--2022-04-21 20:10:01--  https://files.cloudgdansk.pl/d/otwarte-dane/ztm/bsk.json
Resolving files.cloudgdansk.pl (files.cloudgdansk.pl)... 153.19.238.147
Connecting to files.cloudgdansk.pl (files.cloudgdansk.pl)|153.19.238.147|:443... connected.
HTTP request sent, awaiting response... 200 OK
Length: 60 [text/plain]
Saving to: ‘/root/process_mining/announcements/data/21_04_2022/ann21.04.2022-20-10-01.json’

     0K                                                       100% 10.0M=0s

2022-04-21 20:10:01 (10.0 MB/s) - ‘/root/process_mining/announcements/data/21_04_2022/ann21.04.2022-20-10-01.json’ saved [60/60]

--2022-04-21 20:20:01--  https://files.cloudgdansk.pl/d/otwarte-dane/ztm/bsk.json
Resolving files.cloudgdansk.pl (files.cloudgdansk.pl)... 153.19.238.147
Connecting to files.cloudgdansk.pl (files.cloudgdansk.pl)|153.19.238.147|:443... connected.
HTTP request sent, awaiting response... 200 OK
Length: 60 [text/plain]
Saving to: ‘/root/process_mining/announcements/data/21_04_2022/ann21.04.2022-20-20-01.json’

     0K                                                       100% 12.9M=0s

2022-04-21 20:20:02 (12.9 MB/s) - ‘/root/process_mining/announcements/data/21_04_2022/ann21.04.2022-20-20-01.json’ saved [60/60]

--2022-04-21 20:30:01--  https://files.cloudgdansk.pl/d/otwarte-dane/ztm/bsk.json
Resolving files.cloudgdansk.pl (files.cloudgdansk.pl)... 153.19.238.147
Connecting to files.cloudgdansk.pl (files.cloudgdansk.pl)|153.19.238.147|:443... connected.
HTTP request sent, awaiting response... 200 OK
Length: 60 [text/plain]
Saving to: ‘/root/process_mining/announcements/data/21_04_2022/ann21.04.2022-20-30-01.json’

     0K                                                       100% 9.85M=0s

2022-04-21 20:30:01 (9.85 MB/s) - ‘/root/process_mining/announcements/data/21_04_2022/ann21.04.2022-20-30-01.json’ saved [60/60]

--2022-04-21 20:40:01--  https://files.cloudgdansk.pl/d/otwarte-dane/ztm/bsk.json
Resolving files.cloudgdansk.pl (files.cloudgdansk.pl)... 153.19.238.147
Connecting to files.cloudgdansk.pl (files.cloudgdansk.pl)|153.19.238.147|:443... connected.
HTTP request sent, awaiting response... 200 OK
Length: 60 [text/plain]
Saving to: ‘/root/process_mining/announcements/data/21_04_2022/ann21.04.2022-20-40-01.json’

     0K                                                       100% 11.3M=0s

2022-04-21 20:40:01 (11.3 MB/s) - ‘/root/process_mining/announcements/data/21_04_2022/ann21.04.2022-20-40-01.json’ saved [60/60]

--2022-04-21 20:50:01--  https://files.cloudgdansk.pl/d/otwarte-dane/ztm/bsk.json
Resolving files.cloudgdansk.pl (files.cloudgdansk.pl)... 153.19.238.147
Connecting to files.cloudgdansk.pl (files.cloudgdansk.pl)|153.19.238.147|:443... connected.
HTTP request sent, awaiting response... 200 OK
Length: 60 [text/plain]
Saving to: ‘/root/process_mining/announcements/data/21_04_2022/ann21.04.2022-20-50-01.json’

     0K                                                       100% 12.5M=0s

2022-04-21 20:50:02 (12.5 MB/s) - ‘/root/process_mining/announcements/data/21_04_2022/ann21.04.2022-20-50-01.json’ saved [60/60]

--2022-04-21 21:00:01--  https://files.cloudgdansk.pl/d/otwarte-dane/ztm/bsk.json
Resolving files.cloudgdansk.pl (files.cloudgdansk.pl)... 153.19.238.147
Connecting to files.cloudgdansk.pl (files.cloudgdansk.pl)|153.19.238.147|:443... connected.
HTTP request sent, awaiting response... 200 OK
Length: 60 [text/plain]
Saving to: ‘/root/process_mining/announcements/data/21_04_2022/ann21.04.2022-21-00-01.json’

     0K                                                       100% 10.1M=0s

2022-04-21 21:00:01 (10.1 MB/s) - ‘/root/process_mining/announcements/data/21_04_2022/ann21.04.2022-21-00-01.json’ saved [60/60]

--2022-04-21 21:10:01--  https://files.cloudgdansk.pl/d/otwarte-dane/ztm/bsk.json
Resolving files.cloudgdansk.pl (files.cloudgdansk.pl)... 153.19.238.147
Connecting to files.cloudgdansk.pl (files.cloudgdansk.pl)|153.19.238.147|:443... connected.
HTTP request sent, awaiting response... 200 OK
Length: 60 [text/plain]
Saving to: ‘/root/process_mining/announcements/data/21_04_2022/ann21.04.2022-21-10-01.json’

     0K                                                       100% 12.6M=0s

2022-04-21 21:10:02 (12.6 MB/s) - ‘/root/process_mining/announcements/data/21_04_2022/ann21.04.2022-21-10-01.json’ saved [60/60]

--2022-04-21 21:20:02--  https://files.cloudgdansk.pl/d/otwarte-dane/ztm/bsk.json
Resolving files.cloudgdansk.pl (files.cloudgdansk.pl)... 153.19.238.147
Connecting to files.cloudgdansk.pl (files.cloudgdansk.pl)|153.19.238.147|:443... connected.
HTTP request sent, awaiting response... 200 OK
Length: 60 [text/plain]
Saving to: ‘/root/process_mining/announcements/data/21_04_2022/ann21.04.2022-21-20-02.json’

     0K                                                       100% 3.49M=0s

2022-04-21 21:20:02 (3.49 MB/s) - ‘/root/process_mining/announcements/data/21_04_2022/ann21.04.2022-21-20-02.json’ saved [60/60]

--2022-04-21 21:30:01--  https://files.cloudgdansk.pl/d/otwarte-dane/ztm/bsk.json
Resolving files.cloudgdansk.pl (files.cloudgdansk.pl)... 153.19.238.147
Connecting to files.cloudgdansk.pl (files.cloudgdansk.pl)|153.19.238.147|:443... connected.
HTTP request sent, awaiting response... 200 OK
Length: 60 [text/plain]
Saving to: ‘/root/process_mining/announcements/data/21_04_2022/ann21.04.2022-21-30-01.json’

     0K                                                       100% 11.5M=0s

2022-04-21 21:30:02 (11.5 MB/s) - ‘/root/process_mining/announcements/data/21_04_2022/ann21.04.2022-21-30-01.json’ saved [60/60]

--2022-04-21 21:40:01--  https://files.cloudgdansk.pl/d/otwarte-dane/ztm/bsk.json
Resolving files.cloudgdansk.pl (files.cloudgdansk.pl)... 153.19.238.147
Connecting to files.cloudgdansk.pl (files.cloudgdansk.pl)|153.19.238.147|:443... connected.
HTTP request sent, awaiting response... 200 OK
Length: 60 [text/plain]
Saving to: ‘/root/process_mining/announcements/data/21_04_2022/ann21.04.2022-21-40-01.json’

     0K                                                       100% 11.9M=0s

2022-04-21 21:40:02 (11.9 MB/s) - ‘/root/process_mining/announcements/data/21_04_2022/ann21.04.2022-21-40-01.json’ saved [60/60]

--2022-04-21 21:50:01--  https://files.cloudgdansk.pl/d/otwarte-dane/ztm/bsk.json
Resolving files.cloudgdansk.pl (files.cloudgdansk.pl)... 153.19.238.147
Connecting to files.cloudgdansk.pl (files.cloudgdansk.pl)|153.19.238.147|:443... connected.
HTTP request sent, awaiting response... 200 OK
Length: 60 [text/plain]
Saving to: ‘/root/process_mining/announcements/data/21_04_2022/ann21.04.2022-21-50-01.json’

     0K                                                       100% 12.0M=0s

2022-04-21 21:50:02 (12.0 MB/s) - ‘/root/process_mining/announcements/data/21_04_2022/ann21.04.2022-21-50-01.json’ saved [60/60]

--2022-04-21 22:00:01--  https://files.cloudgdansk.pl/d/otwarte-dane/ztm/bsk.json
Resolving files.cloudgdansk.pl (files.cloudgdansk.pl)... 153.19.238.147
Connecting to files.cloudgdansk.pl (files.cloudgdansk.pl)|153.19.238.147|:443... connected.
HTTP request sent, awaiting response... 200 OK
Length: 60 [text/plain]
Saving to: ‘/root/process_mining/announcements/data/21_04_2022/ann21.04.2022-22-00-01.json’

     0K                                                       100% 12.4M=0s

2022-04-21 22:00:02 (12.4 MB/s) - ‘/root/process_mining/announcements/data/21_04_2022/ann21.04.2022-22-00-01.json’ saved [60/60]

--2022-04-21 22:10:01--  https://files.cloudgdansk.pl/d/otwarte-dane/ztm/bsk.json
Resolving files.cloudgdansk.pl (files.cloudgdansk.pl)... 153.19.238.147
Connecting to files.cloudgdansk.pl (files.cloudgdansk.pl)|153.19.238.147|:443... connected.
HTTP request sent, awaiting response... 200 OK
Length: 60 [text/plain]
Saving to: ‘/root/process_mining/announcements/data/21_04_2022/ann21.04.2022-22-10-01.json’

     0K                                                       100% 12.7M=0s

2022-04-21 22:10:01 (12.7 MB/s) - ‘/root/process_mining/announcements/data/21_04_2022/ann21.04.2022-22-10-01.json’ saved [60/60]

--2022-04-21 22:20:01--  https://files.cloudgdansk.pl/d/otwarte-dane/ztm/bsk.json
Resolving files.cloudgdansk.pl (files.cloudgdansk.pl)... 153.19.238.147
Connecting to files.cloudgdansk.pl (files.cloudgdansk.pl)|153.19.238.147|:443... connected.
HTTP request sent, awaiting response... 200 OK
Length: 60 [text/plain]
Saving to: ‘/root/process_mining/announcements/data/21_04_2022/ann21.04.2022-22-20-01.json’

     0K                                                       100% 12.5M=0s

2022-04-21 22:20:01 (12.5 MB/s) - ‘/root/process_mining/announcements/data/21_04_2022/ann21.04.2022-22-20-01.json’ saved [60/60]

--2022-04-21 22:30:01--  https://files.cloudgdansk.pl/d/otwarte-dane/ztm/bsk.json
Resolving files.cloudgdansk.pl (files.cloudgdansk.pl)... 153.19.238.147
Connecting to files.cloudgdansk.pl (files.cloudgdansk.pl)|153.19.238.147|:443... connected.
HTTP request sent, awaiting response... 200 OK
Length: 60 [text/plain]
Saving to: ‘/root/process_mining/announcements/data/21_04_2022/ann21.04.2022-22-30-01.json’

     0K                                                       100% 12.3M=0s

2022-04-21 22:30:02 (12.3 MB/s) - ‘/root/process_mining/announcements/data/21_04_2022/ann21.04.2022-22-30-01.json’ saved [60/60]

--2022-04-21 22:40:01--  https://files.cloudgdansk.pl/d/otwarte-dane/ztm/bsk.json
Resolving files.cloudgdansk.pl (files.cloudgdansk.pl)... 153.19.238.147
Connecting to files.cloudgdansk.pl (files.cloudgdansk.pl)|153.19.238.147|:443... connected.
HTTP request sent, awaiting response... 200 OK
Length: 60 [text/plain]
Saving to: ‘/root/process_mining/announcements/data/21_04_2022/ann21.04.2022-22-40-01.json’

     0K                                                       100% 12.1M=0s

2022-04-21 22:40:02 (12.1 MB/s) - ‘/root/process_mining/announcements/data/21_04_2022/ann21.04.2022-22-40-01.json’ saved [60/60]

--2022-04-21 22:50:01--  https://files.cloudgdansk.pl/d/otwarte-dane/ztm/bsk.json
Resolving files.cloudgdansk.pl (files.cloudgdansk.pl)... 153.19.238.147
Connecting to files.cloudgdansk.pl (files.cloudgdansk.pl)|153.19.238.147|:443... connected.
HTTP request sent, awaiting response... 200 OK
Length: 60 [text/plain]
Saving to: ‘/root/process_mining/announcements/data/21_04_2022/ann21.04.2022-22-50-01.json’

     0K                                                       100% 11.8M=0s

2022-04-21 22:50:02 (11.8 MB/s) - ‘/root/process_mining/announcements/data/21_04_2022/ann21.04.2022-22-50-01.json’ saved [60/60]

--2022-04-21 23:00:01--  https://files.cloudgdansk.pl/d/otwarte-dane/ztm/bsk.json
Resolving files.cloudgdansk.pl (files.cloudgdansk.pl)... 153.19.238.147
Connecting to files.cloudgdansk.pl (files.cloudgdansk.pl)|153.19.238.147|:443... connected.
HTTP request sent, awaiting response... 200 OK
Length: 60 [text/plain]
Saving to: ‘/root/process_mining/announcements/data/21_04_2022/ann21.04.2022-23-00-01.json’

     0K                                                       100% 12.2M=0s

2022-04-21 23:00:02 (12.2 MB/s) - ‘/root/process_mining/announcements/data/21_04_2022/ann21.04.2022-23-00-01.json’ saved [60/60]

--2022-04-21 23:10:01--  https://files.cloudgdansk.pl/d/otwarte-dane/ztm/bsk.json
Resolving files.cloudgdansk.pl (files.cloudgdansk.pl)... 153.19.238.147
Connecting to files.cloudgdansk.pl (files.cloudgdansk.pl)|153.19.238.147|:443... connected.
HTTP request sent, awaiting response... 200 OK
Length: 60 [text/plain]
Saving to: ‘/root/process_mining/announcements/data/21_04_2022/ann21.04.2022-23-10-01.json’

     0K                                                       100% 12.3M=0s

2022-04-21 23:10:02 (12.3 MB/s) - ‘/root/process_mining/announcements/data/21_04_2022/ann21.04.2022-23-10-01.json’ saved [60/60]

--2022-04-21 23:20:01--  https://files.cloudgdansk.pl/d/otwarte-dane/ztm/bsk.json
Resolving files.cloudgdansk.pl (files.cloudgdansk.pl)... 153.19.238.147
Connecting to files.cloudgdansk.pl (files.cloudgdansk.pl)|153.19.238.147|:443... connected.
HTTP request sent, awaiting response... 200 OK
Length: 60 [text/plain]
Saving to: ‘/root/process_mining/announcements/data/21_04_2022/ann21.04.2022-23-20-01.json’

     0K                                                       100% 11.8M=0s

2022-04-21 23:20:02 (11.8 MB/s) - ‘/root/process_mining/announcements/data/21_04_2022/ann21.04.2022-23-20-01.json’ saved [60/60]

--2022-04-21 23:30:01--  https://files.cloudgdansk.pl/d/otwarte-dane/ztm/bsk.json
Resolving files.cloudgdansk.pl (files.cloudgdansk.pl)... 153.19.238.147
Connecting to files.cloudgdansk.pl (files.cloudgdansk.pl)|153.19.238.147|:443... connected.
HTTP request sent, awaiting response... 200 OK
Length: 60 [text/plain]
Saving to: ‘/root/process_mining/announcements/data/21_04_2022/ann21.04.2022-23-30-01.json’

     0K                                                       100% 11.0M=0s

2022-04-21 23:30:01 (11.0 MB/s) - ‘/root/process_mining/announcements/data/21_04_2022/ann21.04.2022-23-30-01.json’ saved [60/60]

--2022-04-21 23:40:01--  https://files.cloudgdansk.pl/d/otwarte-dane/ztm/bsk.json
Resolving files.cloudgdansk.pl (files.cloudgdansk.pl)... 153.19.238.147
Connecting to files.cloudgdansk.pl (files.cloudgdansk.pl)|153.19.238.147|:443... connected.
HTTP request sent, awaiting response... 200 OK
Length: 60 [text/plain]
Saving to: ‘/root/process_mining/announcements/data/21_04_2022/ann21.04.2022-23-40-01.json’

     0K                                                       100% 12.1M=0s

2022-04-21 23:40:01 (12.1 MB/s) - ‘/root/process_mining/announcements/data/21_04_2022/ann21.04.2022-23-40-01.json’ saved [60/60]

--2022-04-21 23:50:01--  https://files.cloudgdansk.pl/d/otwarte-dane/ztm/bsk.json
Resolving files.cloudgdansk.pl (files.cloudgdansk.pl)... 153.19.238.147
Connecting to files.cloudgdansk.pl (files.cloudgdansk.pl)|153.19.238.147|:443... connected.
HTTP request sent, awaiting response... 200 OK
Length: 60 [text/plain]
Saving to: ‘/root/process_mining/announcements/data/21_04_2022/ann21.04.2022-23-50-01.json’

     0K                                                       100% 11.9M=0s

2022-04-21 23:50:01 (11.9 MB/s) - ‘/root/process_mining/announcements/data/21_04_2022/ann21.04.2022-23-50-01.json’ saved [60/60]

