--2022-04-22 00:00:01--  https://files.cloudgdansk.pl/d/otwarte-dane/ztm/bsk.json
Resolving files.cloudgdansk.pl (files.cloudgdansk.pl)... 153.19.238.147
Connecting to files.cloudgdansk.pl (files.cloudgdansk.pl)|153.19.238.147|:443... connected.
HTTP request sent, awaiting response... 200 OK
Length: 60 [text/plain]
Saving to: ‘/root/process_mining/announcements/data/22_04_2022/ann22.04.2022-00-00-01.json’

     0K                                                       100% 11.7M=0s

2022-04-22 00:00:01 (11.7 MB/s) - ‘/root/process_mining/announcements/data/22_04_2022/ann22.04.2022-00-00-01.json’ saved [60/60]

--2022-04-22 00:10:01--  https://files.cloudgdansk.pl/d/otwarte-dane/ztm/bsk.json
Resolving files.cloudgdansk.pl (files.cloudgdansk.pl)... 153.19.238.147
Connecting to files.cloudgdansk.pl (files.cloudgdansk.pl)|153.19.238.147|:443... connected.
HTTP request sent, awaiting response... 200 OK
Length: 60 [text/plain]
Saving to: ‘/root/process_mining/announcements/data/22_04_2022/ann22.04.2022-00-10-01.json’

     0K                                                       100% 11.9M=0s

2022-04-22 00:10:01 (11.9 MB/s) - ‘/root/process_mining/announcements/data/22_04_2022/ann22.04.2022-00-10-01.json’ saved [60/60]

--2022-04-22 00:20:01--  https://files.cloudgdansk.pl/d/otwarte-dane/ztm/bsk.json
Resolving files.cloudgdansk.pl (files.cloudgdansk.pl)... 153.19.238.147
Connecting to files.cloudgdansk.pl (files.cloudgdansk.pl)|153.19.238.147|:443... connected.
HTTP request sent, awaiting response... 200 OK
Length: 60 [text/plain]
Saving to: ‘/root/process_mining/announcements/data/22_04_2022/ann22.04.2022-00-20-01.json’

     0K                                                       100% 11.7M=0s

2022-04-22 00:20:01 (11.7 MB/s) - ‘/root/process_mining/announcements/data/22_04_2022/ann22.04.2022-00-20-01.json’ saved [60/60]

--2022-04-22 00:30:01--  https://files.cloudgdansk.pl/d/otwarte-dane/ztm/bsk.json
Resolving files.cloudgdansk.pl (files.cloudgdansk.pl)... 153.19.238.147
Connecting to files.cloudgdansk.pl (files.cloudgdansk.pl)|153.19.238.147|:443... connected.
HTTP request sent, awaiting response... 200 OK
Length: 60 [text/plain]
Saving to: ‘/root/process_mining/announcements/data/22_04_2022/ann22.04.2022-00-30-01.json’

     0K                                                       100% 10.7M=0s

2022-04-22 00:30:02 (10.7 MB/s) - ‘/root/process_mining/announcements/data/22_04_2022/ann22.04.2022-00-30-01.json’ saved [60/60]

--2022-04-22 00:40:01--  https://files.cloudgdansk.pl/d/otwarte-dane/ztm/bsk.json
Resolving files.cloudgdansk.pl (files.cloudgdansk.pl)... 153.19.238.147
Connecting to files.cloudgdansk.pl (files.cloudgdansk.pl)|153.19.238.147|:443... connected.
HTTP request sent, awaiting response... 200 OK
Length: 60 [text/plain]
Saving to: ‘/root/process_mining/announcements/data/22_04_2022/ann22.04.2022-00-40-01.json’

     0K                                                       100% 11.6M=0s

2022-04-22 00:40:01 (11.6 MB/s) - ‘/root/process_mining/announcements/data/22_04_2022/ann22.04.2022-00-40-01.json’ saved [60/60]

--2022-04-22 00:50:01--  https://files.cloudgdansk.pl/d/otwarte-dane/ztm/bsk.json
Resolving files.cloudgdansk.pl (files.cloudgdansk.pl)... 153.19.238.147
Connecting to files.cloudgdansk.pl (files.cloudgdansk.pl)|153.19.238.147|:443... connected.
HTTP request sent, awaiting response... 200 OK
Length: 60 [text/plain]
Saving to: ‘/root/process_mining/announcements/data/22_04_2022/ann22.04.2022-00-50-01.json’

     0K                                                       100% 11.6M=0s

2022-04-22 00:50:02 (11.6 MB/s) - ‘/root/process_mining/announcements/data/22_04_2022/ann22.04.2022-00-50-01.json’ saved [60/60]

--2022-04-22 01:00:01--  https://files.cloudgdansk.pl/d/otwarte-dane/ztm/bsk.json
Resolving files.cloudgdansk.pl (files.cloudgdansk.pl)... 153.19.238.147
Connecting to files.cloudgdansk.pl (files.cloudgdansk.pl)|153.19.238.147|:443... connected.
HTTP request sent, awaiting response... 200 OK
Length: 60 [text/plain]
Saving to: ‘/root/process_mining/announcements/data/22_04_2022/ann22.04.2022-01-00-01.json’

     0K                                                       100% 4.48M=0s

2022-04-22 01:00:01 (4.48 MB/s) - ‘/root/process_mining/announcements/data/22_04_2022/ann22.04.2022-01-00-01.json’ saved [60/60]

--2022-04-22 01:10:01--  https://files.cloudgdansk.pl/d/otwarte-dane/ztm/bsk.json
Resolving files.cloudgdansk.pl (files.cloudgdansk.pl)... 153.19.238.147
Connecting to files.cloudgdansk.pl (files.cloudgdansk.pl)|153.19.238.147|:443... connected.
HTTP request sent, awaiting response... 200 OK
Length: 60 [text/plain]
Saving to: ‘/root/process_mining/announcements/data/22_04_2022/ann22.04.2022-01-10-01.json’

     0K                                                       100% 8.27M=0s

2022-04-22 01:10:02 (8.27 MB/s) - ‘/root/process_mining/announcements/data/22_04_2022/ann22.04.2022-01-10-01.json’ saved [60/60]

--2022-04-22 01:20:01--  https://files.cloudgdansk.pl/d/otwarte-dane/ztm/bsk.json
Resolving files.cloudgdansk.pl (files.cloudgdansk.pl)... 153.19.238.147
Connecting to files.cloudgdansk.pl (files.cloudgdansk.pl)|153.19.238.147|:443... connected.
HTTP request sent, awaiting response... 200 OK
Length: 60 [text/plain]
Saving to: ‘/root/process_mining/announcements/data/22_04_2022/ann22.04.2022-01-20-01.json’

     0K                                                       100% 11.6M=0s

2022-04-22 01:20:01 (11.6 MB/s) - ‘/root/process_mining/announcements/data/22_04_2022/ann22.04.2022-01-20-01.json’ saved [60/60]

--2022-04-22 01:30:01--  https://files.cloudgdansk.pl/d/otwarte-dane/ztm/bsk.json
Resolving files.cloudgdansk.pl (files.cloudgdansk.pl)... 153.19.238.147
Connecting to files.cloudgdansk.pl (files.cloudgdansk.pl)|153.19.238.147|:443... connected.
HTTP request sent, awaiting response... 200 OK
Length: 60 [text/plain]
Saving to: ‘/root/process_mining/announcements/data/22_04_2022/ann22.04.2022-01-30-01.json’

     0K                                                       100% 12.5M=0s

2022-04-22 01:30:01 (12.5 MB/s) - ‘/root/process_mining/announcements/data/22_04_2022/ann22.04.2022-01-30-01.json’ saved [60/60]

--2022-04-22 01:40:01--  https://files.cloudgdansk.pl/d/otwarte-dane/ztm/bsk.json
Resolving files.cloudgdansk.pl (files.cloudgdansk.pl)... 153.19.238.147
Connecting to files.cloudgdansk.pl (files.cloudgdansk.pl)|153.19.238.147|:443... connected.
HTTP request sent, awaiting response... 200 OK
Length: 60 [text/plain]
Saving to: ‘/root/process_mining/announcements/data/22_04_2022/ann22.04.2022-01-40-01.json’

     0K                                                       100% 12.2M=0s

2022-04-22 01:40:02 (12.2 MB/s) - ‘/root/process_mining/announcements/data/22_04_2022/ann22.04.2022-01-40-01.json’ saved [60/60]

--2022-04-22 01:50:01--  https://files.cloudgdansk.pl/d/otwarte-dane/ztm/bsk.json
Resolving files.cloudgdansk.pl (files.cloudgdansk.pl)... 153.19.238.147
Connecting to files.cloudgdansk.pl (files.cloudgdansk.pl)|153.19.238.147|:443... connected.
HTTP request sent, awaiting response... 200 OK
Length: 60 [text/plain]
Saving to: ‘/root/process_mining/announcements/data/22_04_2022/ann22.04.2022-01-50-01.json’

     0K                                                       100% 11.4M=0s

2022-04-22 01:50:02 (11.4 MB/s) - ‘/root/process_mining/announcements/data/22_04_2022/ann22.04.2022-01-50-01.json’ saved [60/60]

--2022-04-22 02:00:01--  https://files.cloudgdansk.pl/d/otwarte-dane/ztm/bsk.json
Resolving files.cloudgdansk.pl (files.cloudgdansk.pl)... 153.19.238.147
Connecting to files.cloudgdansk.pl (files.cloudgdansk.pl)|153.19.238.147|:443... connected.
HTTP request sent, awaiting response... 200 OK
Length: 60 [text/plain]
Saving to: ‘/root/process_mining/announcements/data/22_04_2022/ann22.04.2022-02-00-01.json’

     0K                                                       100% 11.9M=0s

2022-04-22 02:00:02 (11.9 MB/s) - ‘/root/process_mining/announcements/data/22_04_2022/ann22.04.2022-02-00-01.json’ saved [60/60]

--2022-04-22 02:10:01--  https://files.cloudgdansk.pl/d/otwarte-dane/ztm/bsk.json
Resolving files.cloudgdansk.pl (files.cloudgdansk.pl)... 153.19.238.147
Connecting to files.cloudgdansk.pl (files.cloudgdansk.pl)|153.19.238.147|:443... connected.
HTTP request sent, awaiting response... 200 OK
Length: 60 [text/plain]
Saving to: ‘/root/process_mining/announcements/data/22_04_2022/ann22.04.2022-02-10-01.json’

     0K                                                       100% 11.7M=0s

2022-04-22 02:10:01 (11.7 MB/s) - ‘/root/process_mining/announcements/data/22_04_2022/ann22.04.2022-02-10-01.json’ saved [60/60]

--2022-04-22 02:20:01--  https://files.cloudgdansk.pl/d/otwarte-dane/ztm/bsk.json
Resolving files.cloudgdansk.pl (files.cloudgdansk.pl)... 153.19.238.147
Connecting to files.cloudgdansk.pl (files.cloudgdansk.pl)|153.19.238.147|:443... connected.
HTTP request sent, awaiting response... 200 OK
Length: 60 [text/plain]
Saving to: ‘/root/process_mining/announcements/data/22_04_2022/ann22.04.2022-02-20-01.json’

     0K                                                       100% 11.0M=0s

2022-04-22 02:20:02 (11.0 MB/s) - ‘/root/process_mining/announcements/data/22_04_2022/ann22.04.2022-02-20-01.json’ saved [60/60]

--2022-04-22 02:30:01--  https://files.cloudgdansk.pl/d/otwarte-dane/ztm/bsk.json
Resolving files.cloudgdansk.pl (files.cloudgdansk.pl)... 153.19.238.147
Connecting to files.cloudgdansk.pl (files.cloudgdansk.pl)|153.19.238.147|:443... connected.
HTTP request sent, awaiting response... 200 OK
Length: 60 [text/plain]
Saving to: ‘/root/process_mining/announcements/data/22_04_2022/ann22.04.2022-02-30-01.json’

     0K                                                       100% 11.3M=0s

2022-04-22 02:30:01 (11.3 MB/s) - ‘/root/process_mining/announcements/data/22_04_2022/ann22.04.2022-02-30-01.json’ saved [60/60]

--2022-04-22 02:40:01--  https://files.cloudgdansk.pl/d/otwarte-dane/ztm/bsk.json
Resolving files.cloudgdansk.pl (files.cloudgdansk.pl)... 153.19.238.147
Connecting to files.cloudgdansk.pl (files.cloudgdansk.pl)|153.19.238.147|:443... connected.
HTTP request sent, awaiting response... 200 OK
Length: 60 [text/plain]
Saving to: ‘/root/process_mining/announcements/data/22_04_2022/ann22.04.2022-02-40-01.json’

     0K                                                       100% 11.9M=0s

2022-04-22 02:40:02 (11.9 MB/s) - ‘/root/process_mining/announcements/data/22_04_2022/ann22.04.2022-02-40-01.json’ saved [60/60]

--2022-04-22 02:50:01--  https://files.cloudgdansk.pl/d/otwarte-dane/ztm/bsk.json
Resolving files.cloudgdansk.pl (files.cloudgdansk.pl)... 153.19.238.147
Connecting to files.cloudgdansk.pl (files.cloudgdansk.pl)|153.19.238.147|:443... connected.
HTTP request sent, awaiting response... 200 OK
Length: 60 [text/plain]
Saving to: ‘/root/process_mining/announcements/data/22_04_2022/ann22.04.2022-02-50-01.json’

     0K                                                       100% 11.9M=0s

2022-04-22 02:50:01 (11.9 MB/s) - ‘/root/process_mining/announcements/data/22_04_2022/ann22.04.2022-02-50-01.json’ saved [60/60]

--2022-04-22 03:00:01--  https://files.cloudgdansk.pl/d/otwarte-dane/ztm/bsk.json
Resolving files.cloudgdansk.pl (files.cloudgdansk.pl)... 153.19.238.147
Connecting to files.cloudgdansk.pl (files.cloudgdansk.pl)|153.19.238.147|:443... connected.
HTTP request sent, awaiting response... 200 OK
Length: 60 [text/plain]
Saving to: ‘/root/process_mining/announcements/data/22_04_2022/ann22.04.2022-03-00-01.json’

     0K                                                       100% 11.6M=0s

2022-04-22 03:00:01 (11.6 MB/s) - ‘/root/process_mining/announcements/data/22_04_2022/ann22.04.2022-03-00-01.json’ saved [60/60]

--2022-04-22 03:10:01--  https://files.cloudgdansk.pl/d/otwarte-dane/ztm/bsk.json
Resolving files.cloudgdansk.pl (files.cloudgdansk.pl)... 153.19.238.147
Connecting to files.cloudgdansk.pl (files.cloudgdansk.pl)|153.19.238.147|:443... connected.
HTTP request sent, awaiting response... 200 OK
Length: 60 [text/plain]
Saving to: ‘/root/process_mining/announcements/data/22_04_2022/ann22.04.2022-03-10-01.json’

     0K                                                       100% 12.6M=0s

2022-04-22 03:10:01 (12.6 MB/s) - ‘/root/process_mining/announcements/data/22_04_2022/ann22.04.2022-03-10-01.json’ saved [60/60]

--2022-04-22 03:20:01--  https://files.cloudgdansk.pl/d/otwarte-dane/ztm/bsk.json
Resolving files.cloudgdansk.pl (files.cloudgdansk.pl)... 153.19.238.147
Connecting to files.cloudgdansk.pl (files.cloudgdansk.pl)|153.19.238.147|:443... connected.
HTTP request sent, awaiting response... 200 OK
Length: 60 [text/plain]
Saving to: ‘/root/process_mining/announcements/data/22_04_2022/ann22.04.2022-03-20-01.json’

     0K                                                       100% 12.5M=0s

2022-04-22 03:20:02 (12.5 MB/s) - ‘/root/process_mining/announcements/data/22_04_2022/ann22.04.2022-03-20-01.json’ saved [60/60]

--2022-04-22 03:30:01--  https://files.cloudgdansk.pl/d/otwarte-dane/ztm/bsk.json
Resolving files.cloudgdansk.pl (files.cloudgdansk.pl)... 153.19.238.147
Connecting to files.cloudgdansk.pl (files.cloudgdansk.pl)|153.19.238.147|:443... connected.
HTTP request sent, awaiting response... 200 OK
Length: 60 [text/plain]
Saving to: ‘/root/process_mining/announcements/data/22_04_2022/ann22.04.2022-03-30-01.json’

     0K                                                       100% 13.0M=0s

2022-04-22 03:30:01 (13.0 MB/s) - ‘/root/process_mining/announcements/data/22_04_2022/ann22.04.2022-03-30-01.json’ saved [60/60]

--2022-04-22 03:40:01--  https://files.cloudgdansk.pl/d/otwarte-dane/ztm/bsk.json
Resolving files.cloudgdansk.pl (files.cloudgdansk.pl)... 153.19.238.147
Connecting to files.cloudgdansk.pl (files.cloudgdansk.pl)|153.19.238.147|:443... connected.
HTTP request sent, awaiting response... 200 OK
Length: 60 [text/plain]
Saving to: ‘/root/process_mining/announcements/data/22_04_2022/ann22.04.2022-03-40-01.json’

     0K                                                       100% 11.9M=0s

2022-04-22 03:40:01 (11.9 MB/s) - ‘/root/process_mining/announcements/data/22_04_2022/ann22.04.2022-03-40-01.json’ saved [60/60]

--2022-04-22 03:50:01--  https://files.cloudgdansk.pl/d/otwarte-dane/ztm/bsk.json
Resolving files.cloudgdansk.pl (files.cloudgdansk.pl)... 153.19.238.147
Connecting to files.cloudgdansk.pl (files.cloudgdansk.pl)|153.19.238.147|:443... connected.
HTTP request sent, awaiting response... 200 OK
Length: 60 [text/plain]
Saving to: ‘/root/process_mining/announcements/data/22_04_2022/ann22.04.2022-03-50-01.json’

     0K                                                       100% 11.5M=0s

2022-04-22 03:50:01 (11.5 MB/s) - ‘/root/process_mining/announcements/data/22_04_2022/ann22.04.2022-03-50-01.json’ saved [60/60]

--2022-04-22 04:00:01--  https://files.cloudgdansk.pl/d/otwarte-dane/ztm/bsk.json
Resolving files.cloudgdansk.pl (files.cloudgdansk.pl)... 153.19.238.147
Connecting to files.cloudgdansk.pl (files.cloudgdansk.pl)|153.19.238.147|:443... connected.
HTTP request sent, awaiting response... 200 OK
Length: 60 [text/plain]
Saving to: ‘/root/process_mining/announcements/data/22_04_2022/ann22.04.2022-04-00-01.json’

     0K                                                       100% 11.1M=0s

2022-04-22 04:00:02 (11.1 MB/s) - ‘/root/process_mining/announcements/data/22_04_2022/ann22.04.2022-04-00-01.json’ saved [60/60]

--2022-04-22 04:10:01--  https://files.cloudgdansk.pl/d/otwarte-dane/ztm/bsk.json
Resolving files.cloudgdansk.pl (files.cloudgdansk.pl)... 153.19.238.147
Connecting to files.cloudgdansk.pl (files.cloudgdansk.pl)|153.19.238.147|:443... connected.
HTTP request sent, awaiting response... 200 OK
Length: 60 [text/plain]
Saving to: ‘/root/process_mining/announcements/data/22_04_2022/ann22.04.2022-04-10-01.json’

     0K                                                       100% 10.0M=0s

2022-04-22 04:10:02 (10.0 MB/s) - ‘/root/process_mining/announcements/data/22_04_2022/ann22.04.2022-04-10-01.json’ saved [60/60]

--2022-04-22 04:20:01--  https://files.cloudgdansk.pl/d/otwarte-dane/ztm/bsk.json
Resolving files.cloudgdansk.pl (files.cloudgdansk.pl)... 153.19.238.147
Connecting to files.cloudgdansk.pl (files.cloudgdansk.pl)|153.19.238.147|:443... connected.
HTTP request sent, awaiting response... 200 OK
Length: 60 [text/plain]
Saving to: ‘/root/process_mining/announcements/data/22_04_2022/ann22.04.2022-04-20-01.json’

     0K                                                       100% 12.1M=0s

2022-04-22 04:20:02 (12.1 MB/s) - ‘/root/process_mining/announcements/data/22_04_2022/ann22.04.2022-04-20-01.json’ saved [60/60]

--2022-04-22 04:30:01--  https://files.cloudgdansk.pl/d/otwarte-dane/ztm/bsk.json
Resolving files.cloudgdansk.pl (files.cloudgdansk.pl)... 153.19.238.147
Connecting to files.cloudgdansk.pl (files.cloudgdansk.pl)|153.19.238.147|:443... connected.
HTTP request sent, awaiting response... 200 OK
Length: 60 [text/plain]
Saving to: ‘/root/process_mining/announcements/data/22_04_2022/ann22.04.2022-04-30-01.json’

     0K                                                       100% 12.5M=0s

2022-04-22 04:30:01 (12.5 MB/s) - ‘/root/process_mining/announcements/data/22_04_2022/ann22.04.2022-04-30-01.json’ saved [60/60]

--2022-04-22 04:40:01--  https://files.cloudgdansk.pl/d/otwarte-dane/ztm/bsk.json
Resolving files.cloudgdansk.pl (files.cloudgdansk.pl)... 153.19.238.147
Connecting to files.cloudgdansk.pl (files.cloudgdansk.pl)|153.19.238.147|:443... connected.
HTTP request sent, awaiting response... 200 OK
Length: 60 [text/plain]
Saving to: ‘/root/process_mining/announcements/data/22_04_2022/ann22.04.2022-04-40-01.json’

     0K                                                       100% 11.7M=0s

2022-04-22 04:40:01 (11.7 MB/s) - ‘/root/process_mining/announcements/data/22_04_2022/ann22.04.2022-04-40-01.json’ saved [60/60]

--2022-04-22 04:50:01--  https://files.cloudgdansk.pl/d/otwarte-dane/ztm/bsk.json
Resolving files.cloudgdansk.pl (files.cloudgdansk.pl)... 153.19.238.147
Connecting to files.cloudgdansk.pl (files.cloudgdansk.pl)|153.19.238.147|:443... connected.
HTTP request sent, awaiting response... 200 OK
Length: 60 [text/plain]
Saving to: ‘/root/process_mining/announcements/data/22_04_2022/ann22.04.2022-04-50-01.json’

     0K                                                       100% 12.5M=0s

2022-04-22 04:50:01 (12.5 MB/s) - ‘/root/process_mining/announcements/data/22_04_2022/ann22.04.2022-04-50-01.json’ saved [60/60]

--2022-04-22 05:00:01--  https://files.cloudgdansk.pl/d/otwarte-dane/ztm/bsk.json
Resolving files.cloudgdansk.pl (files.cloudgdansk.pl)... 153.19.238.147
Connecting to files.cloudgdansk.pl (files.cloudgdansk.pl)|153.19.238.147|:443... connected.
HTTP request sent, awaiting response... 200 OK
Length: 60 [text/plain]
Saving to: ‘/root/process_mining/announcements/data/22_04_2022/ann22.04.2022-05-00-01.json’

     0K                                                       100% 11.7M=0s

2022-04-22 05:00:01 (11.7 MB/s) - ‘/root/process_mining/announcements/data/22_04_2022/ann22.04.2022-05-00-01.json’ saved [60/60]

--2022-04-22 05:10:01--  https://files.cloudgdansk.pl/d/otwarte-dane/ztm/bsk.json
Resolving files.cloudgdansk.pl (files.cloudgdansk.pl)... 153.19.238.147
Connecting to files.cloudgdansk.pl (files.cloudgdansk.pl)|153.19.238.147|:443... connected.
HTTP request sent, awaiting response... 200 OK
Length: 60 [text/plain]
Saving to: ‘/root/process_mining/announcements/data/22_04_2022/ann22.04.2022-05-10-01.json’

     0K                                                       100% 4.17M=0s

2022-04-22 05:10:01 (4.17 MB/s) - ‘/root/process_mining/announcements/data/22_04_2022/ann22.04.2022-05-10-01.json’ saved [60/60]

--2022-04-22 05:20:02--  https://files.cloudgdansk.pl/d/otwarte-dane/ztm/bsk.json
Resolving files.cloudgdansk.pl (files.cloudgdansk.pl)... 153.19.238.147
Connecting to files.cloudgdansk.pl (files.cloudgdansk.pl)|153.19.238.147|:443... connected.
HTTP request sent, awaiting response... 200 OK
Length: 60 [text/plain]
Saving to: ‘/root/process_mining/announcements/data/22_04_2022/ann22.04.2022-05-20-02.json’

     0K                                                       100% 10.6M=0s

2022-04-22 05:20:02 (10.6 MB/s) - ‘/root/process_mining/announcements/data/22_04_2022/ann22.04.2022-05-20-02.json’ saved [60/60]

--2022-04-22 05:30:01--  https://files.cloudgdansk.pl/d/otwarte-dane/ztm/bsk.json
Resolving files.cloudgdansk.pl (files.cloudgdansk.pl)... 153.19.238.147
Connecting to files.cloudgdansk.pl (files.cloudgdansk.pl)|153.19.238.147|:443... connected.
HTTP request sent, awaiting response... 200 OK
Length: 60 [text/plain]
Saving to: ‘/root/process_mining/announcements/data/22_04_2022/ann22.04.2022-05-30-01.json’

     0K                                                       100% 10.7M=0s

2022-04-22 05:30:02 (10.7 MB/s) - ‘/root/process_mining/announcements/data/22_04_2022/ann22.04.2022-05-30-01.json’ saved [60/60]

--2022-04-22 05:40:01--  https://files.cloudgdansk.pl/d/otwarte-dane/ztm/bsk.json
Resolving files.cloudgdansk.pl (files.cloudgdansk.pl)... 153.19.238.147
Connecting to files.cloudgdansk.pl (files.cloudgdansk.pl)|153.19.238.147|:443... connected.
HTTP request sent, awaiting response... 200 OK
Length: 60 [text/plain]
Saving to: ‘/root/process_mining/announcements/data/22_04_2022/ann22.04.2022-05-40-01.json’

     0K                                                       100% 11.4M=0s

2022-04-22 05:40:02 (11.4 MB/s) - ‘/root/process_mining/announcements/data/22_04_2022/ann22.04.2022-05-40-01.json’ saved [60/60]

--2022-04-22 05:50:01--  https://files.cloudgdansk.pl/d/otwarte-dane/ztm/bsk.json
Resolving files.cloudgdansk.pl (files.cloudgdansk.pl)... 153.19.238.147
Connecting to files.cloudgdansk.pl (files.cloudgdansk.pl)|153.19.238.147|:443... connected.
HTTP request sent, awaiting response... 200 OK
Length: 60 [text/plain]
Saving to: ‘/root/process_mining/announcements/data/22_04_2022/ann22.04.2022-05-50-01.json’

     0K                                                       100% 12.2M=0s

2022-04-22 05:50:02 (12.2 MB/s) - ‘/root/process_mining/announcements/data/22_04_2022/ann22.04.2022-05-50-01.json’ saved [60/60]

--2022-04-22 06:00:02--  https://files.cloudgdansk.pl/d/otwarte-dane/ztm/bsk.json
Resolving files.cloudgdansk.pl (files.cloudgdansk.pl)... 153.19.238.147
Connecting to files.cloudgdansk.pl (files.cloudgdansk.pl)|153.19.238.147|:443... connected.
HTTP request sent, awaiting response... 200 OK
Length: 60 [text/plain]
Saving to: ‘/root/process_mining/announcements/data/22_04_2022/ann22.04.2022-06-00-02.json’

     0K                                                       100% 9.98M=0s

2022-04-22 06:00:02 (9.98 MB/s) - ‘/root/process_mining/announcements/data/22_04_2022/ann22.04.2022-06-00-02.json’ saved [60/60]

--2022-04-22 06:10:01--  https://files.cloudgdansk.pl/d/otwarte-dane/ztm/bsk.json
Resolving files.cloudgdansk.pl (files.cloudgdansk.pl)... 153.19.238.147
Connecting to files.cloudgdansk.pl (files.cloudgdansk.pl)|153.19.238.147|:443... connected.
HTTP request sent, awaiting response... 200 OK
Length: 60 [text/plain]
Saving to: ‘/root/process_mining/announcements/data/22_04_2022/ann22.04.2022-06-10-01.json’

     0K                                                       100% 12.4M=0s

2022-04-22 06:10:01 (12.4 MB/s) - ‘/root/process_mining/announcements/data/22_04_2022/ann22.04.2022-06-10-01.json’ saved [60/60]

--2022-04-22 06:20:01--  https://files.cloudgdansk.pl/d/otwarte-dane/ztm/bsk.json
Resolving files.cloudgdansk.pl (files.cloudgdansk.pl)... 153.19.238.147
Connecting to files.cloudgdansk.pl (files.cloudgdansk.pl)|153.19.238.147|:443... connected.
HTTP request sent, awaiting response... 200 OK
Length: 60 [text/plain]
Saving to: ‘/root/process_mining/announcements/data/22_04_2022/ann22.04.2022-06-20-01.json’

     0K                                                       100% 12.6M=0s

2022-04-22 06:20:02 (12.6 MB/s) - ‘/root/process_mining/announcements/data/22_04_2022/ann22.04.2022-06-20-01.json’ saved [60/60]

--2022-04-22 06:30:01--  https://files.cloudgdansk.pl/d/otwarte-dane/ztm/bsk.json
Resolving files.cloudgdansk.pl (files.cloudgdansk.pl)... 153.19.238.147
Connecting to files.cloudgdansk.pl (files.cloudgdansk.pl)|153.19.238.147|:443... connected.
HTTP request sent, awaiting response... 200 OK
Length: 60 [text/plain]
Saving to: ‘/root/process_mining/announcements/data/22_04_2022/ann22.04.2022-06-30-01.json’

     0K                                                       100% 12.4M=0s

2022-04-22 06:30:02 (12.4 MB/s) - ‘/root/process_mining/announcements/data/22_04_2022/ann22.04.2022-06-30-01.json’ saved [60/60]

--2022-04-22 06:40:01--  https://files.cloudgdansk.pl/d/otwarte-dane/ztm/bsk.json
Resolving files.cloudgdansk.pl (files.cloudgdansk.pl)... 153.19.238.147
Connecting to files.cloudgdansk.pl (files.cloudgdansk.pl)|153.19.238.147|:443... connected.
HTTP request sent, awaiting response... 200 OK
Length: 60 [text/plain]
Saving to: ‘/root/process_mining/announcements/data/22_04_2022/ann22.04.2022-06-40-01.json’

     0K                                                       100% 11.9M=0s

2022-04-22 06:40:01 (11.9 MB/s) - ‘/root/process_mining/announcements/data/22_04_2022/ann22.04.2022-06-40-01.json’ saved [60/60]

--2022-04-22 06:50:01--  https://files.cloudgdansk.pl/d/otwarte-dane/ztm/bsk.json
Resolving files.cloudgdansk.pl (files.cloudgdansk.pl)... 153.19.238.147
Connecting to files.cloudgdansk.pl (files.cloudgdansk.pl)|153.19.238.147|:443... connected.
HTTP request sent, awaiting response... 200 OK
Length: 60 [text/plain]
Saving to: ‘/root/process_mining/announcements/data/22_04_2022/ann22.04.2022-06-50-01.json’

     0K                                                       100% 11.5M=0s

2022-04-22 06:50:01 (11.5 MB/s) - ‘/root/process_mining/announcements/data/22_04_2022/ann22.04.2022-06-50-01.json’ saved [60/60]

--2022-04-22 07:00:01--  https://files.cloudgdansk.pl/d/otwarte-dane/ztm/bsk.json
Resolving files.cloudgdansk.pl (files.cloudgdansk.pl)... 153.19.238.147
Connecting to files.cloudgdansk.pl (files.cloudgdansk.pl)|153.19.238.147|:443... connected.
HTTP request sent, awaiting response... 200 OK
Length: 60 [text/plain]
Saving to: ‘/root/process_mining/announcements/data/22_04_2022/ann22.04.2022-07-00-01.json’

     0K                                                       100% 11.5M=0s

2022-04-22 07:00:02 (11.5 MB/s) - ‘/root/process_mining/announcements/data/22_04_2022/ann22.04.2022-07-00-01.json’ saved [60/60]

--2022-04-22 07:10:01--  https://files.cloudgdansk.pl/d/otwarte-dane/ztm/bsk.json
Resolving files.cloudgdansk.pl (files.cloudgdansk.pl)... 153.19.238.147
Connecting to files.cloudgdansk.pl (files.cloudgdansk.pl)|153.19.238.147|:443... connected.
HTTP request sent, awaiting response... 200 OK
Length: 60 [text/plain]
Saving to: ‘/root/process_mining/announcements/data/22_04_2022/ann22.04.2022-07-10-01.json’

     0K                                                       100% 12.8M=0s

2022-04-22 07:10:01 (12.8 MB/s) - ‘/root/process_mining/announcements/data/22_04_2022/ann22.04.2022-07-10-01.json’ saved [60/60]

--2022-04-22 07:20:01--  https://files.cloudgdansk.pl/d/otwarte-dane/ztm/bsk.json
Resolving files.cloudgdansk.pl (files.cloudgdansk.pl)... 153.19.238.147
Connecting to files.cloudgdansk.pl (files.cloudgdansk.pl)|153.19.238.147|:443... connected.
HTTP request sent, awaiting response... 200 OK
Length: 60 [text/plain]
Saving to: ‘/root/process_mining/announcements/data/22_04_2022/ann22.04.2022-07-20-01.json’

     0K                                                       100% 11.6M=0s

2022-04-22 07:20:02 (11.6 MB/s) - ‘/root/process_mining/announcements/data/22_04_2022/ann22.04.2022-07-20-01.json’ saved [60/60]

--2022-04-22 07:30:01--  https://files.cloudgdansk.pl/d/otwarte-dane/ztm/bsk.json
Resolving files.cloudgdansk.pl (files.cloudgdansk.pl)... 153.19.238.147
Connecting to files.cloudgdansk.pl (files.cloudgdansk.pl)|153.19.238.147|:443... connected.
HTTP request sent, awaiting response... 200 OK
Length: 60 [text/plain]
Saving to: ‘/root/process_mining/announcements/data/22_04_2022/ann22.04.2022-07-30-01.json’

     0K                                                       100% 11.9M=0s

2022-04-22 07:30:02 (11.9 MB/s) - ‘/root/process_mining/announcements/data/22_04_2022/ann22.04.2022-07-30-01.json’ saved [60/60]

--2022-04-22 07:40:01--  https://files.cloudgdansk.pl/d/otwarte-dane/ztm/bsk.json
Resolving files.cloudgdansk.pl (files.cloudgdansk.pl)... 153.19.238.147
Connecting to files.cloudgdansk.pl (files.cloudgdansk.pl)|153.19.238.147|:443... connected.
HTTP request sent, awaiting response... 200 OK
Length: 60 [text/plain]
Saving to: ‘/root/process_mining/announcements/data/22_04_2022/ann22.04.2022-07-40-01.json’

     0K                                                       100% 11.6M=0s

2022-04-22 07:40:02 (11.6 MB/s) - ‘/root/process_mining/announcements/data/22_04_2022/ann22.04.2022-07-40-01.json’ saved [60/60]

--2022-04-22 07:50:01--  https://files.cloudgdansk.pl/d/otwarte-dane/ztm/bsk.json
Resolving files.cloudgdansk.pl (files.cloudgdansk.pl)... 153.19.238.147
Connecting to files.cloudgdansk.pl (files.cloudgdansk.pl)|153.19.238.147|:443... connected.
HTTP request sent, awaiting response... 200 OK
Length: 60 [text/plain]
Saving to: ‘/root/process_mining/announcements/data/22_04_2022/ann22.04.2022-07-50-01.json’

     0K                                                       100% 11.5M=0s

2022-04-22 07:50:02 (11.5 MB/s) - ‘/root/process_mining/announcements/data/22_04_2022/ann22.04.2022-07-50-01.json’ saved [60/60]

--2022-04-22 08:00:01--  https://files.cloudgdansk.pl/d/otwarte-dane/ztm/bsk.json
Resolving files.cloudgdansk.pl (files.cloudgdansk.pl)... 153.19.238.147
Connecting to files.cloudgdansk.pl (files.cloudgdansk.pl)|153.19.238.147|:443... connected.
HTTP request sent, awaiting response... 200 OK
Length: 60 [text/plain]
Saving to: ‘/root/process_mining/announcements/data/22_04_2022/ann22.04.2022-08-00-01.json’

     0K                                                       100% 10.9M=0s

2022-04-22 08:00:02 (10.9 MB/s) - ‘/root/process_mining/announcements/data/22_04_2022/ann22.04.2022-08-00-01.json’ saved [60/60]

--2022-04-22 08:10:01--  https://files.cloudgdansk.pl/d/otwarte-dane/ztm/bsk.json
Resolving files.cloudgdansk.pl (files.cloudgdansk.pl)... 153.19.238.147
Connecting to files.cloudgdansk.pl (files.cloudgdansk.pl)|153.19.238.147|:443... connected.
HTTP request sent, awaiting response... 200 OK
Length: 60 [text/plain]
Saving to: ‘/root/process_mining/announcements/data/22_04_2022/ann22.04.2022-08-10-01.json’

     0K                                                       100% 13.1M=0s

2022-04-22 08:10:01 (13.1 MB/s) - ‘/root/process_mining/announcements/data/22_04_2022/ann22.04.2022-08-10-01.json’ saved [60/60]

--2022-04-22 08:20:01--  https://files.cloudgdansk.pl/d/otwarte-dane/ztm/bsk.json
Resolving files.cloudgdansk.pl (files.cloudgdansk.pl)... 153.19.238.147
Connecting to files.cloudgdansk.pl (files.cloudgdansk.pl)|153.19.238.147|:443... connected.
HTTP request sent, awaiting response... 200 OK
Length: 60 [text/plain]
Saving to: ‘/root/process_mining/announcements/data/22_04_2022/ann22.04.2022-08-20-01.json’

     0K                                                       100% 9.93M=0s

2022-04-22 08:20:02 (9.93 MB/s) - ‘/root/process_mining/announcements/data/22_04_2022/ann22.04.2022-08-20-01.json’ saved [60/60]

--2022-04-22 08:30:01--  https://files.cloudgdansk.pl/d/otwarte-dane/ztm/bsk.json
Resolving files.cloudgdansk.pl (files.cloudgdansk.pl)... 153.19.238.147
Connecting to files.cloudgdansk.pl (files.cloudgdansk.pl)|153.19.238.147|:443... connected.
HTTP request sent, awaiting response... 200 OK
Length: 60 [text/plain]
Saving to: ‘/root/process_mining/announcements/data/22_04_2022/ann22.04.2022-08-30-01.json’

     0K                                                       100% 12.6M=0s

2022-04-22 08:30:02 (12.6 MB/s) - ‘/root/process_mining/announcements/data/22_04_2022/ann22.04.2022-08-30-01.json’ saved [60/60]

--2022-04-22 08:40:01--  https://files.cloudgdansk.pl/d/otwarte-dane/ztm/bsk.json
Resolving files.cloudgdansk.pl (files.cloudgdansk.pl)... 153.19.238.147
Connecting to files.cloudgdansk.pl (files.cloudgdansk.pl)|153.19.238.147|:443... connected.
HTTP request sent, awaiting response... 200 OK
Length: 60 [text/plain]
Saving to: ‘/root/process_mining/announcements/data/22_04_2022/ann22.04.2022-08-40-01.json’

     0K                                                       100% 13.0M=0s

2022-04-22 08:40:01 (13.0 MB/s) - ‘/root/process_mining/announcements/data/22_04_2022/ann22.04.2022-08-40-01.json’ saved [60/60]

--2022-04-22 08:50:01--  https://files.cloudgdansk.pl/d/otwarte-dane/ztm/bsk.json
Resolving files.cloudgdansk.pl (files.cloudgdansk.pl)... 153.19.238.147
Connecting to files.cloudgdansk.pl (files.cloudgdansk.pl)|153.19.238.147|:443... connected.
HTTP request sent, awaiting response... 200 OK
Length: 60 [text/plain]
Saving to: ‘/root/process_mining/announcements/data/22_04_2022/ann22.04.2022-08-50-01.json’

     0K                                                       100% 9.94M=0s

2022-04-22 08:50:01 (9.94 MB/s) - ‘/root/process_mining/announcements/data/22_04_2022/ann22.04.2022-08-50-01.json’ saved [60/60]

--2022-04-22 09:00:01--  https://files.cloudgdansk.pl/d/otwarte-dane/ztm/bsk.json
Resolving files.cloudgdansk.pl (files.cloudgdansk.pl)... 153.19.238.147
Connecting to files.cloudgdansk.pl (files.cloudgdansk.pl)|153.19.238.147|:443... connected.
HTTP request sent, awaiting response... 200 OK
Length: 60 [text/plain]
Saving to: ‘/root/process_mining/announcements/data/22_04_2022/ann22.04.2022-09-00-01.json’

     0K                                                       100% 11.9M=0s

2022-04-22 09:00:02 (11.9 MB/s) - ‘/root/process_mining/announcements/data/22_04_2022/ann22.04.2022-09-00-01.json’ saved [60/60]

--2022-04-22 09:10:02--  https://files.cloudgdansk.pl/d/otwarte-dane/ztm/bsk.json
Resolving files.cloudgdansk.pl (files.cloudgdansk.pl)... 153.19.238.147
Connecting to files.cloudgdansk.pl (files.cloudgdansk.pl)|153.19.238.147|:443... connected.
HTTP request sent, awaiting response... 200 OK
Length: 60 [text/plain]
Saving to: ‘/root/process_mining/announcements/data/22_04_2022/ann22.04.2022-09-10-01.json’

     0K                                                       100% 12.5M=0s

2022-04-22 09:10:02 (12.5 MB/s) - ‘/root/process_mining/announcements/data/22_04_2022/ann22.04.2022-09-10-01.json’ saved [60/60]

--2022-04-22 09:20:01--  https://files.cloudgdansk.pl/d/otwarte-dane/ztm/bsk.json
Resolving files.cloudgdansk.pl (files.cloudgdansk.pl)... 153.19.238.147
Connecting to files.cloudgdansk.pl (files.cloudgdansk.pl)|153.19.238.147|:443... connected.
HTTP request sent, awaiting response... 200 OK
Length: 60 [text/plain]
Saving to: ‘/root/process_mining/announcements/data/22_04_2022/ann22.04.2022-09-20-01.json’

     0K                                                       100% 11.0M=0s

2022-04-22 09:20:01 (11.0 MB/s) - ‘/root/process_mining/announcements/data/22_04_2022/ann22.04.2022-09-20-01.json’ saved [60/60]

--2022-04-22 09:30:01--  https://files.cloudgdansk.pl/d/otwarte-dane/ztm/bsk.json
Resolving files.cloudgdansk.pl (files.cloudgdansk.pl)... 153.19.238.147
Connecting to files.cloudgdansk.pl (files.cloudgdansk.pl)|153.19.238.147|:443... connected.
HTTP request sent, awaiting response... 200 OK
Length: 60 [text/plain]
Saving to: ‘/root/process_mining/announcements/data/22_04_2022/ann22.04.2022-09-30-01.json’

     0K                                                       100% 12.1M=0s

2022-04-22 09:30:01 (12.1 MB/s) - ‘/root/process_mining/announcements/data/22_04_2022/ann22.04.2022-09-30-01.json’ saved [60/60]

--2022-04-22 09:40:01--  https://files.cloudgdansk.pl/d/otwarte-dane/ztm/bsk.json
Resolving files.cloudgdansk.pl (files.cloudgdansk.pl)... 153.19.238.147
Connecting to files.cloudgdansk.pl (files.cloudgdansk.pl)|153.19.238.147|:443... connected.
HTTP request sent, awaiting response... 200 OK
Length: 60 [text/plain]
Saving to: ‘/root/process_mining/announcements/data/22_04_2022/ann22.04.2022-09-40-01.json’

     0K                                                       100% 12.5M=0s

2022-04-22 09:40:01 (12.5 MB/s) - ‘/root/process_mining/announcements/data/22_04_2022/ann22.04.2022-09-40-01.json’ saved [60/60]

--2022-04-22 09:50:01--  https://files.cloudgdansk.pl/d/otwarte-dane/ztm/bsk.json
Resolving files.cloudgdansk.pl (files.cloudgdansk.pl)... 153.19.238.147
Connecting to files.cloudgdansk.pl (files.cloudgdansk.pl)|153.19.238.147|:443... connected.
HTTP request sent, awaiting response... 200 OK
Length: 60 [text/plain]
Saving to: ‘/root/process_mining/announcements/data/22_04_2022/ann22.04.2022-09-50-01.json’

     0K                                                       100% 12.0M=0s

2022-04-22 09:50:01 (12.0 MB/s) - ‘/root/process_mining/announcements/data/22_04_2022/ann22.04.2022-09-50-01.json’ saved [60/60]

--2022-04-22 10:00:00--  https://files.cloudgdansk.pl/d/otwarte-dane/ztm/bsk.json
Resolving files.cloudgdansk.pl (files.cloudgdansk.pl)... 153.19.238.147
Connecting to files.cloudgdansk.pl (files.cloudgdansk.pl)|153.19.238.147|:443... connected.
HTTP request sent, awaiting response... 200 OK
Length: 60 [text/plain]
Saving to: ‘/root/process_mining/announcements/data/22_04_2022/ann22.04.2022-10-00-00.json’

     0K                                                       100% 11.4M=0s

2022-04-22 10:00:00 (11.4 MB/s) - ‘/root/process_mining/announcements/data/22_04_2022/ann22.04.2022-10-00-00.json’ saved [60/60]

--2022-04-22 10:10:01--  https://files.cloudgdansk.pl/d/otwarte-dane/ztm/bsk.json
Resolving files.cloudgdansk.pl (files.cloudgdansk.pl)... 153.19.238.147
Connecting to files.cloudgdansk.pl (files.cloudgdansk.pl)|153.19.238.147|:443... connected.
HTTP request sent, awaiting response... 200 OK
Length: 60 [text/plain]
Saving to: ‘/root/process_mining/announcements/data/22_04_2022/ann22.04.2022-10-10-01.json’

     0K                                                       100% 11.8M=0s

2022-04-22 10:10:01 (11.8 MB/s) - ‘/root/process_mining/announcements/data/22_04_2022/ann22.04.2022-10-10-01.json’ saved [60/60]

--2022-04-22 10:20:01--  https://files.cloudgdansk.pl/d/otwarte-dane/ztm/bsk.json
Resolving files.cloudgdansk.pl (files.cloudgdansk.pl)... 153.19.238.147
Connecting to files.cloudgdansk.pl (files.cloudgdansk.pl)|153.19.238.147|:443... connected.
HTTP request sent, awaiting response... 200 OK
Length: 60 [text/plain]
Saving to: ‘/root/process_mining/announcements/data/22_04_2022/ann22.04.2022-10-20-01.json’

     0K                                                       100% 11.6M=0s

2022-04-22 10:20:01 (11.6 MB/s) - ‘/root/process_mining/announcements/data/22_04_2022/ann22.04.2022-10-20-01.json’ saved [60/60]

--2022-04-22 10:30:01--  https://files.cloudgdansk.pl/d/otwarte-dane/ztm/bsk.json
Resolving files.cloudgdansk.pl (files.cloudgdansk.pl)... 153.19.238.147
Connecting to files.cloudgdansk.pl (files.cloudgdansk.pl)|153.19.238.147|:443... connected.
HTTP request sent, awaiting response... 200 OK
Length: 60 [text/plain]
Saving to: ‘/root/process_mining/announcements/data/22_04_2022/ann22.04.2022-10-30-01.json’

     0K                                                       100% 12.3M=0s

2022-04-22 10:30:01 (12.3 MB/s) - ‘/root/process_mining/announcements/data/22_04_2022/ann22.04.2022-10-30-01.json’ saved [60/60]

--2022-04-22 10:40:01--  https://files.cloudgdansk.pl/d/otwarte-dane/ztm/bsk.json
Resolving files.cloudgdansk.pl (files.cloudgdansk.pl)... 153.19.238.147
Connecting to files.cloudgdansk.pl (files.cloudgdansk.pl)|153.19.238.147|:443... connected.
HTTP request sent, awaiting response... 200 OK
Length: 60 [text/plain]
Saving to: ‘/root/process_mining/announcements/data/22_04_2022/ann22.04.2022-10-40-01.json’

     0K                                                       100% 12.1M=0s

2022-04-22 10:40:02 (12.1 MB/s) - ‘/root/process_mining/announcements/data/22_04_2022/ann22.04.2022-10-40-01.json’ saved [60/60]

--2022-04-22 10:50:01--  https://files.cloudgdansk.pl/d/otwarte-dane/ztm/bsk.json
Resolving files.cloudgdansk.pl (files.cloudgdansk.pl)... 153.19.238.147
Connecting to files.cloudgdansk.pl (files.cloudgdansk.pl)|153.19.238.147|:443... connected.
HTTP request sent, awaiting response... 200 OK
Length: 60 [text/plain]
Saving to: ‘/root/process_mining/announcements/data/22_04_2022/ann22.04.2022-10-50-01.json’

     0K                                                       100% 12.2M=0s

2022-04-22 10:50:02 (12.2 MB/s) - ‘/root/process_mining/announcements/data/22_04_2022/ann22.04.2022-10-50-01.json’ saved [60/60]

--2022-04-22 11:00:01--  https://files.cloudgdansk.pl/d/otwarte-dane/ztm/bsk.json
Resolving files.cloudgdansk.pl (files.cloudgdansk.pl)... 153.19.238.147
Connecting to files.cloudgdansk.pl (files.cloudgdansk.pl)|153.19.238.147|:443... connected.
HTTP request sent, awaiting response... 200 OK
Length: 60 [text/plain]
Saving to: ‘/root/process_mining/announcements/data/22_04_2022/ann22.04.2022-11-00-01.json’

     0K                                                       100% 12.0M=0s

2022-04-22 11:00:02 (12.0 MB/s) - ‘/root/process_mining/announcements/data/22_04_2022/ann22.04.2022-11-00-01.json’ saved [60/60]

--2022-04-22 11:10:01--  https://files.cloudgdansk.pl/d/otwarte-dane/ztm/bsk.json
Resolving files.cloudgdansk.pl (files.cloudgdansk.pl)... 153.19.238.147
Connecting to files.cloudgdansk.pl (files.cloudgdansk.pl)|153.19.238.147|:443... connected.
HTTP request sent, awaiting response... 200 OK
Length: 60 [text/plain]
Saving to: ‘/root/process_mining/announcements/data/22_04_2022/ann22.04.2022-11-10-01.json’

     0K                                                       100% 12.2M=0s

2022-04-22 11:10:01 (12.2 MB/s) - ‘/root/process_mining/announcements/data/22_04_2022/ann22.04.2022-11-10-01.json’ saved [60/60]

--2022-04-22 11:20:01--  https://files.cloudgdansk.pl/d/otwarte-dane/ztm/bsk.json
Resolving files.cloudgdansk.pl (files.cloudgdansk.pl)... 153.19.238.147
Connecting to files.cloudgdansk.pl (files.cloudgdansk.pl)|153.19.238.147|:443... connected.
HTTP request sent, awaiting response... 200 OK
Length: 60 [text/plain]
Saving to: ‘/root/process_mining/announcements/data/22_04_2022/ann22.04.2022-11-20-01.json’

     0K                                                       100% 11.0M=0s

2022-04-22 11:20:01 (11.0 MB/s) - ‘/root/process_mining/announcements/data/22_04_2022/ann22.04.2022-11-20-01.json’ saved [60/60]

--2022-04-22 11:30:01--  https://files.cloudgdansk.pl/d/otwarte-dane/ztm/bsk.json
Resolving files.cloudgdansk.pl (files.cloudgdansk.pl)... 153.19.238.147
Connecting to files.cloudgdansk.pl (files.cloudgdansk.pl)|153.19.238.147|:443... connected.
HTTP request sent, awaiting response... 200 OK
Length: 60 [text/plain]
Saving to: ‘/root/process_mining/announcements/data/22_04_2022/ann22.04.2022-11-30-01.json’

     0K                                                       100% 12.3M=0s

2022-04-22 11:30:02 (12.3 MB/s) - ‘/root/process_mining/announcements/data/22_04_2022/ann22.04.2022-11-30-01.json’ saved [60/60]

--2022-04-22 11:40:01--  https://files.cloudgdansk.pl/d/otwarte-dane/ztm/bsk.json
Resolving files.cloudgdansk.pl (files.cloudgdansk.pl)... 153.19.238.147
Connecting to files.cloudgdansk.pl (files.cloudgdansk.pl)|153.19.238.147|:443... connected.
HTTP request sent, awaiting response... 200 OK
Length: 60 [text/plain]
Saving to: ‘/root/process_mining/announcements/data/22_04_2022/ann22.04.2022-11-40-01.json’

     0K                                                       100% 12.4M=0s

2022-04-22 11:40:02 (12.4 MB/s) - ‘/root/process_mining/announcements/data/22_04_2022/ann22.04.2022-11-40-01.json’ saved [60/60]

--2022-04-22 11:50:01--  https://files.cloudgdansk.pl/d/otwarte-dane/ztm/bsk.json
Resolving files.cloudgdansk.pl (files.cloudgdansk.pl)... 153.19.238.147
Connecting to files.cloudgdansk.pl (files.cloudgdansk.pl)|153.19.238.147|:443... connected.
HTTP request sent, awaiting response... 200 OK
Length: 60 [text/plain]
Saving to: ‘/root/process_mining/announcements/data/22_04_2022/ann22.04.2022-11-50-01.json’

     0K                                                       100% 10.6M=0s

2022-04-22 11:50:02 (10.6 MB/s) - ‘/root/process_mining/announcements/data/22_04_2022/ann22.04.2022-11-50-01.json’ saved [60/60]

--2022-04-22 12:00:01--  https://files.cloudgdansk.pl/d/otwarte-dane/ztm/bsk.json
Resolving files.cloudgdansk.pl (files.cloudgdansk.pl)... 153.19.238.147
Connecting to files.cloudgdansk.pl (files.cloudgdansk.pl)|153.19.238.147|:443... connected.
HTTP request sent, awaiting response... 200 OK
Length: 60 [text/plain]
Saving to: ‘/root/process_mining/announcements/data/22_04_2022/ann22.04.2022-12-00-01.json’

     0K                                                       100% 10.6M=0s

2022-04-22 12:00:01 (10.6 MB/s) - ‘/root/process_mining/announcements/data/22_04_2022/ann22.04.2022-12-00-01.json’ saved [60/60]

--2022-04-22 12:10:01--  https://files.cloudgdansk.pl/d/otwarte-dane/ztm/bsk.json
Resolving files.cloudgdansk.pl (files.cloudgdansk.pl)... 153.19.238.147
Connecting to files.cloudgdansk.pl (files.cloudgdansk.pl)|153.19.238.147|:443... connected.
HTTP request sent, awaiting response... 200 OK
Length: 60 [text/plain]
Saving to: ‘/root/process_mining/announcements/data/22_04_2022/ann22.04.2022-12-10-01.json’

     0K                                                       100% 12.0M=0s

2022-04-22 12:10:02 (12.0 MB/s) - ‘/root/process_mining/announcements/data/22_04_2022/ann22.04.2022-12-10-01.json’ saved [60/60]

--2022-04-22 12:20:00--  https://files.cloudgdansk.pl/d/otwarte-dane/ztm/bsk.json
Resolving files.cloudgdansk.pl (files.cloudgdansk.pl)... 153.19.238.147
Connecting to files.cloudgdansk.pl (files.cloudgdansk.pl)|153.19.238.147|:443... connected.
HTTP request sent, awaiting response... 200 OK
Length: 60 [text/plain]
Saving to: ‘/root/process_mining/announcements/data/22_04_2022/ann22.04.2022-12-20-00.json’

     0K                                                       100% 12.2M=0s

2022-04-22 12:20:00 (12.2 MB/s) - ‘/root/process_mining/announcements/data/22_04_2022/ann22.04.2022-12-20-00.json’ saved [60/60]

--2022-04-22 12:30:01--  https://files.cloudgdansk.pl/d/otwarte-dane/ztm/bsk.json
Resolving files.cloudgdansk.pl (files.cloudgdansk.pl)... 153.19.238.147
Connecting to files.cloudgdansk.pl (files.cloudgdansk.pl)|153.19.238.147|:443... connected.
HTTP request sent, awaiting response... 200 OK
Length: 60 [text/plain]
Saving to: ‘/root/process_mining/announcements/data/22_04_2022/ann22.04.2022-12-30-01.json’

     0K                                                       100% 12.4M=0s

2022-04-22 12:30:01 (12.4 MB/s) - ‘/root/process_mining/announcements/data/22_04_2022/ann22.04.2022-12-30-01.json’ saved [60/60]

--2022-04-22 12:40:02--  https://files.cloudgdansk.pl/d/otwarte-dane/ztm/bsk.json
Resolving files.cloudgdansk.pl (files.cloudgdansk.pl)... 153.19.238.147
Connecting to files.cloudgdansk.pl (files.cloudgdansk.pl)|153.19.238.147|:443... connected.
HTTP request sent, awaiting response... 200 OK
Length: 60 [text/plain]
Saving to: ‘/root/process_mining/announcements/data/22_04_2022/ann22.04.2022-12-40-01.json’

     0K                                                       100% 12.5M=0s

2022-04-22 12:40:02 (12.5 MB/s) - ‘/root/process_mining/announcements/data/22_04_2022/ann22.04.2022-12-40-01.json’ saved [60/60]

--2022-04-22 12:50:02--  https://files.cloudgdansk.pl/d/otwarte-dane/ztm/bsk.json
Resolving files.cloudgdansk.pl (files.cloudgdansk.pl)... 153.19.238.147
Connecting to files.cloudgdansk.pl (files.cloudgdansk.pl)|153.19.238.147|:443... connected.
HTTP request sent, awaiting response... 200 OK
Length: 60 [text/plain]
Saving to: ‘/root/process_mining/announcements/data/22_04_2022/ann22.04.2022-12-50-02.json’

     0K                                                       100% 11.9M=0s

2022-04-22 12:50:02 (11.9 MB/s) - ‘/root/process_mining/announcements/data/22_04_2022/ann22.04.2022-12-50-02.json’ saved [60/60]

--2022-04-22 13:00:01--  https://files.cloudgdansk.pl/d/otwarte-dane/ztm/bsk.json
Resolving files.cloudgdansk.pl (files.cloudgdansk.pl)... 153.19.238.147
Connecting to files.cloudgdansk.pl (files.cloudgdansk.pl)|153.19.238.147|:443... connected.
HTTP request sent, awaiting response... 200 OK
Length: 60 [text/plain]
Saving to: ‘/root/process_mining/announcements/data/22_04_2022/ann22.04.2022-13-00-01.json’

     0K                                                       100% 12.0M=0s

2022-04-22 13:00:01 (12.0 MB/s) - ‘/root/process_mining/announcements/data/22_04_2022/ann22.04.2022-13-00-01.json’ saved [60/60]

--2022-04-22 13:10:01--  https://files.cloudgdansk.pl/d/otwarte-dane/ztm/bsk.json
Resolving files.cloudgdansk.pl (files.cloudgdansk.pl)... 153.19.238.147
Connecting to files.cloudgdansk.pl (files.cloudgdansk.pl)|153.19.238.147|:443... connected.
HTTP request sent, awaiting response... 200 OK
Length: 60 [text/plain]
Saving to: ‘/root/process_mining/announcements/data/22_04_2022/ann22.04.2022-13-10-01.json’

     0K                                                       100% 11.7M=0s

2022-04-22 13:10:02 (11.7 MB/s) - ‘/root/process_mining/announcements/data/22_04_2022/ann22.04.2022-13-10-01.json’ saved [60/60]

--2022-04-22 13:20:00--  https://files.cloudgdansk.pl/d/otwarte-dane/ztm/bsk.json
Resolving files.cloudgdansk.pl (files.cloudgdansk.pl)... 153.19.238.147
Connecting to files.cloudgdansk.pl (files.cloudgdansk.pl)|153.19.238.147|:443... connected.
HTTP request sent, awaiting response... 200 OK
Length: 588 [application/json]
Saving to: ‘/root/process_mining/announcements/data/22_04_2022/ann22.04.2022-13-20-00.json’

     0K                                                       100%  115M=0s

2022-04-22 13:20:00 (115 MB/s) - ‘/root/process_mining/announcements/data/22_04_2022/ann22.04.2022-13-20-00.json’ saved [588/588]

--2022-04-22 13:30:01--  https://files.cloudgdansk.pl/d/otwarte-dane/ztm/bsk.json
Resolving files.cloudgdansk.pl (files.cloudgdansk.pl)... 153.19.238.147
Connecting to files.cloudgdansk.pl (files.cloudgdansk.pl)|153.19.238.147|:443... connected.
HTTP request sent, awaiting response... 200 OK
Length: 588 [application/json]
Saving to: ‘/root/process_mining/announcements/data/22_04_2022/ann22.04.2022-13-30-01.json’

     0K                                                       100%  109M=0s

2022-04-22 13:30:03 (109 MB/s) - ‘/root/process_mining/announcements/data/22_04_2022/ann22.04.2022-13-30-01.json’ saved [588/588]

--2022-04-22 13:40:01--  https://files.cloudgdansk.pl/d/otwarte-dane/ztm/bsk.json
Resolving files.cloudgdansk.pl (files.cloudgdansk.pl)... 153.19.238.147
Connecting to files.cloudgdansk.pl (files.cloudgdansk.pl)|153.19.238.147|:443... connected.
HTTP request sent, awaiting response... 200 OK
Length: 588 [application/json]
Saving to: ‘/root/process_mining/announcements/data/22_04_2022/ann22.04.2022-13-40-01.json’

     0K                                                       100%  117M=0s

2022-04-22 13:40:01 (117 MB/s) - ‘/root/process_mining/announcements/data/22_04_2022/ann22.04.2022-13-40-01.json’ saved [588/588]

--2022-04-22 13:50:01--  https://files.cloudgdansk.pl/d/otwarte-dane/ztm/bsk.json
Resolving files.cloudgdansk.pl (files.cloudgdansk.pl)... 153.19.238.147
Connecting to files.cloudgdansk.pl (files.cloudgdansk.pl)|153.19.238.147|:443... connected.
HTTP request sent, awaiting response... 200 OK
Length: 588 [application/json]
Saving to: ‘/root/process_mining/announcements/data/22_04_2022/ann22.04.2022-13-50-01.json’

     0K                                                       100%  114M=0s

2022-04-22 13:50:03 (114 MB/s) - ‘/root/process_mining/announcements/data/22_04_2022/ann22.04.2022-13-50-01.json’ saved [588/588]

--2022-04-22 14:00:00--  https://files.cloudgdansk.pl/d/otwarte-dane/ztm/bsk.json
Resolving files.cloudgdansk.pl (files.cloudgdansk.pl)... 153.19.238.147
Connecting to files.cloudgdansk.pl (files.cloudgdansk.pl)|153.19.238.147|:443... connected.
HTTP request sent, awaiting response... 200 OK
Length: 588 [application/json]
Saving to: ‘/root/process_mining/announcements/data/22_04_2022/ann22.04.2022-14-00-00.json’

     0K                                                       100%  108M=0s

2022-04-22 14:00:00 (108 MB/s) - ‘/root/process_mining/announcements/data/22_04_2022/ann22.04.2022-14-00-00.json’ saved [588/588]

--2022-04-22 14:10:01--  https://files.cloudgdansk.pl/d/otwarte-dane/ztm/bsk.json
Resolving files.cloudgdansk.pl (files.cloudgdansk.pl)... 153.19.238.147
Connecting to files.cloudgdansk.pl (files.cloudgdansk.pl)|153.19.238.147|:443... connected.
HTTP request sent, awaiting response... 200 OK
Length: 588 [application/json]
Saving to: ‘/root/process_mining/announcements/data/22_04_2022/ann22.04.2022-14-10-01.json’

     0K                                                       100%  118M=0s

2022-04-22 14:10:01 (118 MB/s) - ‘/root/process_mining/announcements/data/22_04_2022/ann22.04.2022-14-10-01.json’ saved [588/588]

--2022-04-22 14:20:01--  https://files.cloudgdansk.pl/d/otwarte-dane/ztm/bsk.json
Resolving files.cloudgdansk.pl (files.cloudgdansk.pl)... 153.19.238.147
Connecting to files.cloudgdansk.pl (files.cloudgdansk.pl)|153.19.238.147|:443... connected.
HTTP request sent, awaiting response... 200 OK
Length: 588 [application/json]
Saving to: ‘/root/process_mining/announcements/data/22_04_2022/ann22.04.2022-14-20-01.json’

     0K                                                       100%  104M=0s

2022-04-22 14:20:02 (104 MB/s) - ‘/root/process_mining/announcements/data/22_04_2022/ann22.04.2022-14-20-01.json’ saved [588/588]

--2022-04-22 14:30:01--  https://files.cloudgdansk.pl/d/otwarte-dane/ztm/bsk.json
Resolving files.cloudgdansk.pl (files.cloudgdansk.pl)... 153.19.238.147
Connecting to files.cloudgdansk.pl (files.cloudgdansk.pl)|153.19.238.147|:443... connected.
HTTP request sent, awaiting response... 200 OK
Length: 588 [application/json]
Saving to: ‘/root/process_mining/announcements/data/22_04_2022/ann22.04.2022-14-30-01.json’

     0K                                                       100%  118M=0s

2022-04-22 14:30:01 (118 MB/s) - ‘/root/process_mining/announcements/data/22_04_2022/ann22.04.2022-14-30-01.json’ saved [588/588]

--2022-04-22 14:40:01--  https://files.cloudgdansk.pl/d/otwarte-dane/ztm/bsk.json
Resolving files.cloudgdansk.pl (files.cloudgdansk.pl)... 153.19.238.147
Connecting to files.cloudgdansk.pl (files.cloudgdansk.pl)|153.19.238.147|:443... connected.
HTTP request sent, awaiting response... 200 OK
Length: 1073 (1.0K) [application/json]
Saving to: ‘/root/process_mining/announcements/data/22_04_2022/ann22.04.2022-14-40-01.json’

     0K .                                                     100%  198M=0s

2022-04-22 14:40:01 (198 MB/s) - ‘/root/process_mining/announcements/data/22_04_2022/ann22.04.2022-14-40-01.json’ saved [1073/1073]

--2022-04-22 14:50:01--  https://files.cloudgdansk.pl/d/otwarte-dane/ztm/bsk.json
Resolving files.cloudgdansk.pl (files.cloudgdansk.pl)... 153.19.238.147
Connecting to files.cloudgdansk.pl (files.cloudgdansk.pl)|153.19.238.147|:443... connected.
HTTP request sent, awaiting response... 200 OK
Length: 1073 (1.0K) [application/json]
Saving to: ‘/root/process_mining/announcements/data/22_04_2022/ann22.04.2022-14-50-01.json’

     0K .                                                     100%  190M=0s

2022-04-22 14:50:02 (190 MB/s) - ‘/root/process_mining/announcements/data/22_04_2022/ann22.04.2022-14-50-01.json’ saved [1073/1073]

--2022-04-22 15:00:01--  https://files.cloudgdansk.pl/d/otwarte-dane/ztm/bsk.json
Resolving files.cloudgdansk.pl (files.cloudgdansk.pl)... 153.19.238.147
Connecting to files.cloudgdansk.pl (files.cloudgdansk.pl)|153.19.238.147|:443... connected.
HTTP request sent, awaiting response... 200 OK
Length: 1073 (1.0K) [application/json]
Saving to: ‘/root/process_mining/announcements/data/22_04_2022/ann22.04.2022-15-00-01.json’

     0K .                                                     100%  198M=0s

2022-04-22 15:00:01 (198 MB/s) - ‘/root/process_mining/announcements/data/22_04_2022/ann22.04.2022-15-00-01.json’ saved [1073/1073]

--2022-04-22 15:10:01--  https://files.cloudgdansk.pl/d/otwarte-dane/ztm/bsk.json
Resolving files.cloudgdansk.pl (files.cloudgdansk.pl)... 153.19.238.147
Connecting to files.cloudgdansk.pl (files.cloudgdansk.pl)|153.19.238.147|:443... connected.
HTTP request sent, awaiting response... 200 OK
Length: 1073 (1.0K) [application/json]
Saving to: ‘/root/process_mining/announcements/data/22_04_2022/ann22.04.2022-15-10-01.json’

     0K .                                                     100%  171M=0s

2022-04-22 15:10:02 (171 MB/s) - ‘/root/process_mining/announcements/data/22_04_2022/ann22.04.2022-15-10-01.json’ saved [1073/1073]

--2022-04-22 15:20:01--  https://files.cloudgdansk.pl/d/otwarte-dane/ztm/bsk.json
Resolving files.cloudgdansk.pl (files.cloudgdansk.pl)... 153.19.238.147
Connecting to files.cloudgdansk.pl (files.cloudgdansk.pl)|153.19.238.147|:443... connected.
HTTP request sent, awaiting response... 200 OK
Length: 1073 (1.0K) [application/json]
Saving to: ‘/root/process_mining/announcements/data/22_04_2022/ann22.04.2022-15-20-01.json’

     0K .                                                     100%  195M=0s

2022-04-22 15:20:02 (195 MB/s) - ‘/root/process_mining/announcements/data/22_04_2022/ann22.04.2022-15-20-01.json’ saved [1073/1073]

--2022-04-22 15:30:01--  https://files.cloudgdansk.pl/d/otwarte-dane/ztm/bsk.json
Resolving files.cloudgdansk.pl (files.cloudgdansk.pl)... 153.19.238.147
Connecting to files.cloudgdansk.pl (files.cloudgdansk.pl)|153.19.238.147|:443... connected.
HTTP request sent, awaiting response... 200 OK
Length: 1073 (1.0K) [application/json]
Saving to: ‘/root/process_mining/announcements/data/22_04_2022/ann22.04.2022-15-30-01.json’

     0K .                                                     100%  178M=0s

2022-04-22 15:30:02 (178 MB/s) - ‘/root/process_mining/announcements/data/22_04_2022/ann22.04.2022-15-30-01.json’ saved [1073/1073]

--2022-04-22 15:40:01--  https://files.cloudgdansk.pl/d/otwarte-dane/ztm/bsk.json
Resolving files.cloudgdansk.pl (files.cloudgdansk.pl)... 153.19.238.147
Connecting to files.cloudgdansk.pl (files.cloudgdansk.pl)|153.19.238.147|:443... connected.
HTTP request sent, awaiting response... 200 OK
Length: 1073 (1.0K) [application/json]
Saving to: ‘/root/process_mining/announcements/data/22_04_2022/ann22.04.2022-15-40-01.json’

     0K .                                                     100%  210M=0s

2022-04-22 15:40:02 (210 MB/s) - ‘/root/process_mining/announcements/data/22_04_2022/ann22.04.2022-15-40-01.json’ saved [1073/1073]

--2022-04-22 15:50:01--  https://files.cloudgdansk.pl/d/otwarte-dane/ztm/bsk.json
Resolving files.cloudgdansk.pl (files.cloudgdansk.pl)... 153.19.238.147
Connecting to files.cloudgdansk.pl (files.cloudgdansk.pl)|153.19.238.147|:443... connected.
HTTP request sent, awaiting response... 200 OK
Length: 60 [text/plain]
Saving to: ‘/root/process_mining/announcements/data/22_04_2022/ann22.04.2022-15-50-01.json’

     0K                                                       100% 11.6M=0s

2022-04-22 15:50:02 (11.6 MB/s) - ‘/root/process_mining/announcements/data/22_04_2022/ann22.04.2022-15-50-01.json’ saved [60/60]

--2022-04-22 16:00:00--  https://files.cloudgdansk.pl/d/otwarte-dane/ztm/bsk.json
Resolving files.cloudgdansk.pl (files.cloudgdansk.pl)... 153.19.238.147
Connecting to files.cloudgdansk.pl (files.cloudgdansk.pl)|153.19.238.147|:443... connected.
HTTP request sent, awaiting response... 200 OK
Length: 60 [text/plain]
Saving to: ‘/root/process_mining/announcements/data/22_04_2022/ann22.04.2022-16-00-00.json’

     0K                                                       100% 12.2M=0s

2022-04-22 16:00:00 (12.2 MB/s) - ‘/root/process_mining/announcements/data/22_04_2022/ann22.04.2022-16-00-00.json’ saved [60/60]

--2022-04-22 16:10:00--  https://files.cloudgdansk.pl/d/otwarte-dane/ztm/bsk.json
Resolving files.cloudgdansk.pl (files.cloudgdansk.pl)... 153.19.238.147
Connecting to files.cloudgdansk.pl (files.cloudgdansk.pl)|153.19.238.147|:443... connected.
HTTP request sent, awaiting response... 200 OK
Length: 60 [text/plain]
Saving to: ‘/root/process_mining/announcements/data/22_04_2022/ann22.04.2022-16-10-00.json’

     0K                                                       100% 11.1M=0s

2022-04-22 16:10:00 (11.1 MB/s) - ‘/root/process_mining/announcements/data/22_04_2022/ann22.04.2022-16-10-00.json’ saved [60/60]

--2022-04-22 16:20:01--  https://files.cloudgdansk.pl/d/otwarte-dane/ztm/bsk.json
Resolving files.cloudgdansk.pl (files.cloudgdansk.pl)... 153.19.238.147
Connecting to files.cloudgdansk.pl (files.cloudgdansk.pl)|153.19.238.147|:443... connected.
HTTP request sent, awaiting response... 200 OK
Length: 60 [text/plain]
Saving to: ‘/root/process_mining/announcements/data/22_04_2022/ann22.04.2022-16-20-01.json’

     0K                                                       100% 12.4M=0s

2022-04-22 16:20:02 (12.4 MB/s) - ‘/root/process_mining/announcements/data/22_04_2022/ann22.04.2022-16-20-01.json’ saved [60/60]

--2022-04-22 16:30:01--  https://files.cloudgdansk.pl/d/otwarte-dane/ztm/bsk.json
Resolving files.cloudgdansk.pl (files.cloudgdansk.pl)... 153.19.238.147
Connecting to files.cloudgdansk.pl (files.cloudgdansk.pl)|153.19.238.147|:443... connected.
HTTP request sent, awaiting response... 200 OK
Length: 588 [application/json]
Saving to: ‘/root/process_mining/announcements/data/22_04_2022/ann22.04.2022-16-30-01.json’

     0K                                                       100%  121M=0s

2022-04-22 16:30:02 (121 MB/s) - ‘/root/process_mining/announcements/data/22_04_2022/ann22.04.2022-16-30-01.json’ saved [588/588]

--2022-04-22 16:40:00--  https://files.cloudgdansk.pl/d/otwarte-dane/ztm/bsk.json
Resolving files.cloudgdansk.pl (files.cloudgdansk.pl)... 153.19.238.147
Connecting to files.cloudgdansk.pl (files.cloudgdansk.pl)|153.19.238.147|:443... connected.
HTTP request sent, awaiting response... 200 OK
Length: 60 [text/plain]
Saving to: ‘/root/process_mining/announcements/data/22_04_2022/ann22.04.2022-16-40-00.json’

     0K                                                       100% 11.5M=0s

2022-04-22 16:40:00 (11.5 MB/s) - ‘/root/process_mining/announcements/data/22_04_2022/ann22.04.2022-16-40-00.json’ saved [60/60]

--2022-04-22 16:50:01--  https://files.cloudgdansk.pl/d/otwarte-dane/ztm/bsk.json
Resolving files.cloudgdansk.pl (files.cloudgdansk.pl)... 153.19.238.147
Connecting to files.cloudgdansk.pl (files.cloudgdansk.pl)|153.19.238.147|:443... connected.
HTTP request sent, awaiting response... 200 OK
Length: 60 [text/plain]
Saving to: ‘/root/process_mining/announcements/data/22_04_2022/ann22.04.2022-16-50-01.json’

     0K                                                       100% 12.0M=0s

2022-04-22 16:50:02 (12.0 MB/s) - ‘/root/process_mining/announcements/data/22_04_2022/ann22.04.2022-16-50-01.json’ saved [60/60]

--2022-04-22 17:00:00--  https://files.cloudgdansk.pl/d/otwarte-dane/ztm/bsk.json
Resolving files.cloudgdansk.pl (files.cloudgdansk.pl)... 153.19.238.147
Connecting to files.cloudgdansk.pl (files.cloudgdansk.pl)|153.19.238.147|:443... connected.
HTTP request sent, awaiting response... 200 OK
Length: 60 [text/plain]
Saving to: ‘/root/process_mining/announcements/data/22_04_2022/ann22.04.2022-17-00-00.json’

     0K                                                       100% 12.5M=0s

2022-04-22 17:00:00 (12.5 MB/s) - ‘/root/process_mining/announcements/data/22_04_2022/ann22.04.2022-17-00-00.json’ saved [60/60]

--2022-04-22 17:10:01--  https://files.cloudgdansk.pl/d/otwarte-dane/ztm/bsk.json
Resolving files.cloudgdansk.pl (files.cloudgdansk.pl)... 153.19.238.147
Connecting to files.cloudgdansk.pl (files.cloudgdansk.pl)|153.19.238.147|:443... connected.
HTTP request sent, awaiting response... 200 OK
Length: 60 [text/plain]
Saving to: ‘/root/process_mining/announcements/data/22_04_2022/ann22.04.2022-17-10-01.json’

     0K                                                       100% 11.8M=0s

2022-04-22 17:10:02 (11.8 MB/s) - ‘/root/process_mining/announcements/data/22_04_2022/ann22.04.2022-17-10-01.json’ saved [60/60]

--2022-04-22 17:20:02--  https://files.cloudgdansk.pl/d/otwarte-dane/ztm/bsk.json
Resolving files.cloudgdansk.pl (files.cloudgdansk.pl)... 153.19.238.147
Connecting to files.cloudgdansk.pl (files.cloudgdansk.pl)|153.19.238.147|:443... connected.
HTTP request sent, awaiting response... 200 OK
Length: 60 [text/plain]
Saving to: ‘/root/process_mining/announcements/data/22_04_2022/ann22.04.2022-17-20-02.json’

     0K                                                       100% 11.7M=0s

2022-04-22 17:20:02 (11.7 MB/s) - ‘/root/process_mining/announcements/data/22_04_2022/ann22.04.2022-17-20-02.json’ saved [60/60]

--2022-04-22 17:30:01--  https://files.cloudgdansk.pl/d/otwarte-dane/ztm/bsk.json
Resolving files.cloudgdansk.pl (files.cloudgdansk.pl)... 153.19.238.147
Connecting to files.cloudgdansk.pl (files.cloudgdansk.pl)|153.19.238.147|:443... connected.
HTTP request sent, awaiting response... 200 OK
Length: 60 [text/plain]
Saving to: ‘/root/process_mining/announcements/data/22_04_2022/ann22.04.2022-17-30-01.json’

     0K                                                       100% 11.8M=0s

2022-04-22 17:30:02 (11.8 MB/s) - ‘/root/process_mining/announcements/data/22_04_2022/ann22.04.2022-17-30-01.json’ saved [60/60]

--2022-04-22 17:40:01--  https://files.cloudgdansk.pl/d/otwarte-dane/ztm/bsk.json
Resolving files.cloudgdansk.pl (files.cloudgdansk.pl)... 153.19.238.147
Connecting to files.cloudgdansk.pl (files.cloudgdansk.pl)|153.19.238.147|:443... connected.
HTTP request sent, awaiting response... 200 OK
Length: 60 [text/plain]
Saving to: ‘/root/process_mining/announcements/data/22_04_2022/ann22.04.2022-17-40-01.json’

     0K                                                       100% 12.2M=0s

2022-04-22 17:40:01 (12.2 MB/s) - ‘/root/process_mining/announcements/data/22_04_2022/ann22.04.2022-17-40-01.json’ saved [60/60]

--2022-04-22 17:50:01--  https://files.cloudgdansk.pl/d/otwarte-dane/ztm/bsk.json
Resolving files.cloudgdansk.pl (files.cloudgdansk.pl)... 153.19.238.147
Connecting to files.cloudgdansk.pl (files.cloudgdansk.pl)|153.19.238.147|:443... connected.
HTTP request sent, awaiting response... 200 OK
Length: 60 [text/plain]
Saving to: ‘/root/process_mining/announcements/data/22_04_2022/ann22.04.2022-17-50-01.json’

     0K                                                       100% 12.0M=0s

2022-04-22 17:50:01 (12.0 MB/s) - ‘/root/process_mining/announcements/data/22_04_2022/ann22.04.2022-17-50-01.json’ saved [60/60]

--2022-04-22 18:00:01--  https://files.cloudgdansk.pl/d/otwarte-dane/ztm/bsk.json
Resolving files.cloudgdansk.pl (files.cloudgdansk.pl)... 153.19.238.147
Connecting to files.cloudgdansk.pl (files.cloudgdansk.pl)|153.19.238.147|:443... connected.
HTTP request sent, awaiting response... 200 OK
Length: 60 [text/plain]
Saving to: ‘/root/process_mining/announcements/data/22_04_2022/ann22.04.2022-18-00-01.json’

     0K                                                       100% 9.43M=0s

2022-04-22 18:00:02 (9.43 MB/s) - ‘/root/process_mining/announcements/data/22_04_2022/ann22.04.2022-18-00-01.json’ saved [60/60]

--2022-04-22 18:10:01--  https://files.cloudgdansk.pl/d/otwarte-dane/ztm/bsk.json
Resolving files.cloudgdansk.pl (files.cloudgdansk.pl)... 153.19.238.147
Connecting to files.cloudgdansk.pl (files.cloudgdansk.pl)|153.19.238.147|:443... connected.
HTTP request sent, awaiting response... 200 OK
Length: 60 [text/plain]
Saving to: ‘/root/process_mining/announcements/data/22_04_2022/ann22.04.2022-18-10-01.json’

     0K                                                       100% 11.8M=0s

2022-04-22 18:10:02 (11.8 MB/s) - ‘/root/process_mining/announcements/data/22_04_2022/ann22.04.2022-18-10-01.json’ saved [60/60]

--2022-04-22 18:20:01--  https://files.cloudgdansk.pl/d/otwarte-dane/ztm/bsk.json
Resolving files.cloudgdansk.pl (files.cloudgdansk.pl)... 153.19.238.147
Connecting to files.cloudgdansk.pl (files.cloudgdansk.pl)|153.19.238.147|:443... connected.
HTTP request sent, awaiting response... 200 OK
Length: 60 [text/plain]
Saving to: ‘/root/process_mining/announcements/data/22_04_2022/ann22.04.2022-18-20-01.json’

     0K                                                       100% 12.8M=0s

2022-04-22 18:20:02 (12.8 MB/s) - ‘/root/process_mining/announcements/data/22_04_2022/ann22.04.2022-18-20-01.json’ saved [60/60]

--2022-04-22 18:30:01--  https://files.cloudgdansk.pl/d/otwarte-dane/ztm/bsk.json
Resolving files.cloudgdansk.pl (files.cloudgdansk.pl)... 153.19.238.147
Connecting to files.cloudgdansk.pl (files.cloudgdansk.pl)|153.19.238.147|:443... connected.
HTTP request sent, awaiting response... 200 OK
Length: 60 [text/plain]
Saving to: ‘/root/process_mining/announcements/data/22_04_2022/ann22.04.2022-18-30-01.json’

     0K                                                       100% 12.5M=0s

2022-04-22 18:30:01 (12.5 MB/s) - ‘/root/process_mining/announcements/data/22_04_2022/ann22.04.2022-18-30-01.json’ saved [60/60]

--2022-04-22 18:40:01--  https://files.cloudgdansk.pl/d/otwarte-dane/ztm/bsk.json
Resolving files.cloudgdansk.pl (files.cloudgdansk.pl)... 153.19.238.147
Connecting to files.cloudgdansk.pl (files.cloudgdansk.pl)|153.19.238.147|:443... connected.
HTTP request sent, awaiting response... 200 OK
Length: 60 [text/plain]
Saving to: ‘/root/process_mining/announcements/data/22_04_2022/ann22.04.2022-18-40-01.json’

     0K                                                       100% 12.4M=0s

2022-04-22 18:40:02 (12.4 MB/s) - ‘/root/process_mining/announcements/data/22_04_2022/ann22.04.2022-18-40-01.json’ saved [60/60]

--2022-04-22 18:50:01--  https://files.cloudgdansk.pl/d/otwarte-dane/ztm/bsk.json
Resolving files.cloudgdansk.pl (files.cloudgdansk.pl)... 153.19.238.147
Connecting to files.cloudgdansk.pl (files.cloudgdansk.pl)|153.19.238.147|:443... connected.
HTTP request sent, awaiting response... 200 OK
Length: 60 [text/plain]
Saving to: ‘/root/process_mining/announcements/data/22_04_2022/ann22.04.2022-18-50-01.json’

     0K                                                       100% 12.5M=0s

2022-04-22 18:50:02 (12.5 MB/s) - ‘/root/process_mining/announcements/data/22_04_2022/ann22.04.2022-18-50-01.json’ saved [60/60]

--2022-04-22 19:00:01--  https://files.cloudgdansk.pl/d/otwarte-dane/ztm/bsk.json
Resolving files.cloudgdansk.pl (files.cloudgdansk.pl)... 153.19.238.147
Connecting to files.cloudgdansk.pl (files.cloudgdansk.pl)|153.19.238.147|:443... connected.
HTTP request sent, awaiting response... 200 OK
Length: 60 [text/plain]
Saving to: ‘/root/process_mining/announcements/data/22_04_2022/ann22.04.2022-19-00-01.json’

     0K                                                       100% 12.4M=0s

2022-04-22 19:00:02 (12.4 MB/s) - ‘/root/process_mining/announcements/data/22_04_2022/ann22.04.2022-19-00-01.json’ saved [60/60]

--2022-04-22 19:10:01--  https://files.cloudgdansk.pl/d/otwarte-dane/ztm/bsk.json
Resolving files.cloudgdansk.pl (files.cloudgdansk.pl)... 153.19.238.147
Connecting to files.cloudgdansk.pl (files.cloudgdansk.pl)|153.19.238.147|:443... connected.
HTTP request sent, awaiting response... 200 OK
Length: 60 [text/plain]
Saving to: ‘/root/process_mining/announcements/data/22_04_2022/ann22.04.2022-19-10-01.json’

     0K                                                       100% 11.1M=0s

2022-04-22 19:10:01 (11.1 MB/s) - ‘/root/process_mining/announcements/data/22_04_2022/ann22.04.2022-19-10-01.json’ saved [60/60]

--2022-04-22 19:20:01--  https://files.cloudgdansk.pl/d/otwarte-dane/ztm/bsk.json
Resolving files.cloudgdansk.pl (files.cloudgdansk.pl)... 153.19.238.147
Connecting to files.cloudgdansk.pl (files.cloudgdansk.pl)|153.19.238.147|:443... connected.
HTTP request sent, awaiting response... 200 OK
Length: 60 [text/plain]
Saving to: ‘/root/process_mining/announcements/data/22_04_2022/ann22.04.2022-19-20-01.json’

     0K                                                       100% 10.6M=0s

2022-04-22 19:20:01 (10.6 MB/s) - ‘/root/process_mining/announcements/data/22_04_2022/ann22.04.2022-19-20-01.json’ saved [60/60]

--2022-04-22 19:30:01--  https://files.cloudgdansk.pl/d/otwarte-dane/ztm/bsk.json
Resolving files.cloudgdansk.pl (files.cloudgdansk.pl)... 153.19.238.147
Connecting to files.cloudgdansk.pl (files.cloudgdansk.pl)|153.19.238.147|:443... connected.
HTTP request sent, awaiting response... 200 OK
Length: 60 [text/plain]
Saving to: ‘/root/process_mining/announcements/data/22_04_2022/ann22.04.2022-19-30-01.json’

     0K                                                       100% 11.1M=0s

2022-04-22 19:30:01 (11.1 MB/s) - ‘/root/process_mining/announcements/data/22_04_2022/ann22.04.2022-19-30-01.json’ saved [60/60]

--2022-04-22 19:40:01--  https://files.cloudgdansk.pl/d/otwarte-dane/ztm/bsk.json
Resolving files.cloudgdansk.pl (files.cloudgdansk.pl)... 153.19.238.147
Connecting to files.cloudgdansk.pl (files.cloudgdansk.pl)|153.19.238.147|:443... connected.
HTTP request sent, awaiting response... 200 OK
Length: 60 [text/plain]
Saving to: ‘/root/process_mining/announcements/data/22_04_2022/ann22.04.2022-19-40-01.json’

     0K                                                       100% 12.0M=0s

2022-04-22 19:40:01 (12.0 MB/s) - ‘/root/process_mining/announcements/data/22_04_2022/ann22.04.2022-19-40-01.json’ saved [60/60]

--2022-04-22 19:50:02--  https://files.cloudgdansk.pl/d/otwarte-dane/ztm/bsk.json
Resolving files.cloudgdansk.pl (files.cloudgdansk.pl)... 153.19.238.147
Connecting to files.cloudgdansk.pl (files.cloudgdansk.pl)|153.19.238.147|:443... connected.
HTTP request sent, awaiting response... 200 OK
Length: 60 [text/plain]
Saving to: ‘/root/process_mining/announcements/data/22_04_2022/ann22.04.2022-19-50-02.json’

     0K                                                       100% 12.3M=0s

2022-04-22 19:50:02 (12.3 MB/s) - ‘/root/process_mining/announcements/data/22_04_2022/ann22.04.2022-19-50-02.json’ saved [60/60]

--2022-04-22 20:00:01--  https://files.cloudgdansk.pl/d/otwarte-dane/ztm/bsk.json
Resolving files.cloudgdansk.pl (files.cloudgdansk.pl)... 153.19.238.147
Connecting to files.cloudgdansk.pl (files.cloudgdansk.pl)|153.19.238.147|:443... connected.
HTTP request sent, awaiting response... 200 OK
Length: 60 [text/plain]
Saving to: ‘/root/process_mining/announcements/data/22_04_2022/ann22.04.2022-20-00-01.json’

     0K                                                       100% 12.0M=0s

2022-04-22 20:00:02 (12.0 MB/s) - ‘/root/process_mining/announcements/data/22_04_2022/ann22.04.2022-20-00-01.json’ saved [60/60]

--2022-04-22 20:10:01--  https://files.cloudgdansk.pl/d/otwarte-dane/ztm/bsk.json
Resolving files.cloudgdansk.pl (files.cloudgdansk.pl)... 153.19.238.147
Connecting to files.cloudgdansk.pl (files.cloudgdansk.pl)|153.19.238.147|:443... connected.
HTTP request sent, awaiting response... 200 OK
Length: 60 [text/plain]
Saving to: ‘/root/process_mining/announcements/data/22_04_2022/ann22.04.2022-20-10-01.json’

     0K                                                       100% 12.4M=0s

2022-04-22 20:10:02 (12.4 MB/s) - ‘/root/process_mining/announcements/data/22_04_2022/ann22.04.2022-20-10-01.json’ saved [60/60]

--2022-04-22 20:20:01--  https://files.cloudgdansk.pl/d/otwarte-dane/ztm/bsk.json
Resolving files.cloudgdansk.pl (files.cloudgdansk.pl)... 153.19.238.147
Connecting to files.cloudgdansk.pl (files.cloudgdansk.pl)|153.19.238.147|:443... connected.
HTTP request sent, awaiting response... 200 OK
Length: 60 [text/plain]
Saving to: ‘/root/process_mining/announcements/data/22_04_2022/ann22.04.2022-20-20-01.json’

     0K                                                       100% 12.3M=0s

2022-04-22 20:20:02 (12.3 MB/s) - ‘/root/process_mining/announcements/data/22_04_2022/ann22.04.2022-20-20-01.json’ saved [60/60]

--2022-04-22 20:30:01--  https://files.cloudgdansk.pl/d/otwarte-dane/ztm/bsk.json
Resolving files.cloudgdansk.pl (files.cloudgdansk.pl)... 153.19.238.147
Connecting to files.cloudgdansk.pl (files.cloudgdansk.pl)|153.19.238.147|:443... connected.
HTTP request sent, awaiting response... 200 OK
Length: 60 [text/plain]
Saving to: ‘/root/process_mining/announcements/data/22_04_2022/ann22.04.2022-20-30-01.json’

     0K                                                       100% 10.9M=0s

2022-04-22 20:30:02 (10.9 MB/s) - ‘/root/process_mining/announcements/data/22_04_2022/ann22.04.2022-20-30-01.json’ saved [60/60]

--2022-04-22 20:40:01--  https://files.cloudgdansk.pl/d/otwarte-dane/ztm/bsk.json
Resolving files.cloudgdansk.pl (files.cloudgdansk.pl)... 153.19.238.147
Connecting to files.cloudgdansk.pl (files.cloudgdansk.pl)|153.19.238.147|:443... connected.
HTTP request sent, awaiting response... 200 OK
Length: 60 [text/plain]
Saving to: ‘/root/process_mining/announcements/data/22_04_2022/ann22.04.2022-20-40-01.json’

     0K                                                       100% 12.6M=0s

2022-04-22 20:40:01 (12.6 MB/s) - ‘/root/process_mining/announcements/data/22_04_2022/ann22.04.2022-20-40-01.json’ saved [60/60]

--2022-04-22 20:50:01--  https://files.cloudgdansk.pl/d/otwarte-dane/ztm/bsk.json
Resolving files.cloudgdansk.pl (files.cloudgdansk.pl)... 153.19.238.147
Connecting to files.cloudgdansk.pl (files.cloudgdansk.pl)|153.19.238.147|:443... connected.
HTTP request sent, awaiting response... 200 OK
Length: 60 [text/plain]
Saving to: ‘/root/process_mining/announcements/data/22_04_2022/ann22.04.2022-20-50-01.json’

     0K                                                       100% 11.5M=0s

2022-04-22 20:50:02 (11.5 MB/s) - ‘/root/process_mining/announcements/data/22_04_2022/ann22.04.2022-20-50-01.json’ saved [60/60]

--2022-04-22 21:00:01--  https://files.cloudgdansk.pl/d/otwarte-dane/ztm/bsk.json
Resolving files.cloudgdansk.pl (files.cloudgdansk.pl)... 153.19.238.147
Connecting to files.cloudgdansk.pl (files.cloudgdansk.pl)|153.19.238.147|:443... connected.
HTTP request sent, awaiting response... 200 OK
Length: 60 [text/plain]
Saving to: ‘/root/process_mining/announcements/data/22_04_2022/ann22.04.2022-21-00-01.json’

     0K                                                       100% 10.5M=0s

2022-04-22 21:00:01 (10.5 MB/s) - ‘/root/process_mining/announcements/data/22_04_2022/ann22.04.2022-21-00-01.json’ saved [60/60]

--2022-04-22 21:10:01--  https://files.cloudgdansk.pl/d/otwarte-dane/ztm/bsk.json
Resolving files.cloudgdansk.pl (files.cloudgdansk.pl)... 153.19.238.147
Connecting to files.cloudgdansk.pl (files.cloudgdansk.pl)|153.19.238.147|:443... connected.
HTTP request sent, awaiting response... 200 OK
Length: 60 [text/plain]
Saving to: ‘/root/process_mining/announcements/data/22_04_2022/ann22.04.2022-21-10-01.json’

     0K                                                       100% 12.6M=0s

2022-04-22 21:10:02 (12.6 MB/s) - ‘/root/process_mining/announcements/data/22_04_2022/ann22.04.2022-21-10-01.json’ saved [60/60]

--2022-04-22 21:20:01--  https://files.cloudgdansk.pl/d/otwarte-dane/ztm/bsk.json
Resolving files.cloudgdansk.pl (files.cloudgdansk.pl)... 153.19.238.147
Connecting to files.cloudgdansk.pl (files.cloudgdansk.pl)|153.19.238.147|:443... connected.
HTTP request sent, awaiting response... 200 OK
Length: 60 [text/plain]
Saving to: ‘/root/process_mining/announcements/data/22_04_2022/ann22.04.2022-21-20-01.json’

     0K                                                       100% 12.5M=0s

2022-04-22 21:20:02 (12.5 MB/s) - ‘/root/process_mining/announcements/data/22_04_2022/ann22.04.2022-21-20-01.json’ saved [60/60]

--2022-04-22 21:30:01--  https://files.cloudgdansk.pl/d/otwarte-dane/ztm/bsk.json
Resolving files.cloudgdansk.pl (files.cloudgdansk.pl)... 153.19.238.147
Connecting to files.cloudgdansk.pl (files.cloudgdansk.pl)|153.19.238.147|:443... connected.
HTTP request sent, awaiting response... 200 OK
Length: 60 [text/plain]
Saving to: ‘/root/process_mining/announcements/data/22_04_2022/ann22.04.2022-21-30-01.json’

     0K                                                       100% 12.6M=0s

2022-04-22 21:30:02 (12.6 MB/s) - ‘/root/process_mining/announcements/data/22_04_2022/ann22.04.2022-21-30-01.json’ saved [60/60]

--2022-04-22 21:40:01--  https://files.cloudgdansk.pl/d/otwarte-dane/ztm/bsk.json
Resolving files.cloudgdansk.pl (files.cloudgdansk.pl)... 153.19.238.147
Connecting to files.cloudgdansk.pl (files.cloudgdansk.pl)|153.19.238.147|:443... connected.
HTTP request sent, awaiting response... 200 OK
Length: 60 [text/plain]
Saving to: ‘/root/process_mining/announcements/data/22_04_2022/ann22.04.2022-21-40-01.json’

     0K                                                       100% 11.4M=0s

2022-04-22 21:40:01 (11.4 MB/s) - ‘/root/process_mining/announcements/data/22_04_2022/ann22.04.2022-21-40-01.json’ saved [60/60]

--2022-04-22 21:50:01--  https://files.cloudgdansk.pl/d/otwarte-dane/ztm/bsk.json
Resolving files.cloudgdansk.pl (files.cloudgdansk.pl)... 153.19.238.147
Connecting to files.cloudgdansk.pl (files.cloudgdansk.pl)|153.19.238.147|:443... connected.
HTTP request sent, awaiting response... 200 OK
Length: 60 [text/plain]
Saving to: ‘/root/process_mining/announcements/data/22_04_2022/ann22.04.2022-21-50-01.json’

     0K                                                       100% 12.1M=0s

2022-04-22 21:50:01 (12.1 MB/s) - ‘/root/process_mining/announcements/data/22_04_2022/ann22.04.2022-21-50-01.json’ saved [60/60]

--2022-04-22 22:00:01--  https://files.cloudgdansk.pl/d/otwarte-dane/ztm/bsk.json
Resolving files.cloudgdansk.pl (files.cloudgdansk.pl)... 153.19.238.147
Connecting to files.cloudgdansk.pl (files.cloudgdansk.pl)|153.19.238.147|:443... connected.
HTTP request sent, awaiting response... 200 OK
Length: 60 [text/plain]
Saving to: ‘/root/process_mining/announcements/data/22_04_2022/ann22.04.2022-22-00-01.json’

     0K                                                       100% 12.9M=0s

2022-04-22 22:00:02 (12.9 MB/s) - ‘/root/process_mining/announcements/data/22_04_2022/ann22.04.2022-22-00-01.json’ saved [60/60]

--2022-04-22 22:10:01--  https://files.cloudgdansk.pl/d/otwarte-dane/ztm/bsk.json
Resolving files.cloudgdansk.pl (files.cloudgdansk.pl)... 153.19.238.147
Connecting to files.cloudgdansk.pl (files.cloudgdansk.pl)|153.19.238.147|:443... connected.
HTTP request sent, awaiting response... 200 OK
Length: 60 [text/plain]
Saving to: ‘/root/process_mining/announcements/data/22_04_2022/ann22.04.2022-22-10-01.json’

     0K                                                       100% 13.6M=0s

2022-04-22 22:10:02 (13.6 MB/s) - ‘/root/process_mining/announcements/data/22_04_2022/ann22.04.2022-22-10-01.json’ saved [60/60]

--2022-04-22 22:20:01--  https://files.cloudgdansk.pl/d/otwarte-dane/ztm/bsk.json
Resolving files.cloudgdansk.pl (files.cloudgdansk.pl)... 153.19.238.147
Connecting to files.cloudgdansk.pl (files.cloudgdansk.pl)|153.19.238.147|:443... connected.
HTTP request sent, awaiting response... 200 OK
Length: 60 [text/plain]
Saving to: ‘/root/process_mining/announcements/data/22_04_2022/ann22.04.2022-22-20-01.json’

     0K                                                       100% 12.3M=0s

2022-04-22 22:20:01 (12.3 MB/s) - ‘/root/process_mining/announcements/data/22_04_2022/ann22.04.2022-22-20-01.json’ saved [60/60]

--2022-04-22 22:30:01--  https://files.cloudgdansk.pl/d/otwarte-dane/ztm/bsk.json
Resolving files.cloudgdansk.pl (files.cloudgdansk.pl)... 153.19.238.147
Connecting to files.cloudgdansk.pl (files.cloudgdansk.pl)|153.19.238.147|:443... connected.
HTTP request sent, awaiting response... 200 OK
Length: 60 [text/plain]
Saving to: ‘/root/process_mining/announcements/data/22_04_2022/ann22.04.2022-22-30-01.json’

     0K                                                       100% 12.2M=0s

2022-04-22 22:30:02 (12.2 MB/s) - ‘/root/process_mining/announcements/data/22_04_2022/ann22.04.2022-22-30-01.json’ saved [60/60]

--2022-04-22 22:40:01--  https://files.cloudgdansk.pl/d/otwarte-dane/ztm/bsk.json
Resolving files.cloudgdansk.pl (files.cloudgdansk.pl)... 153.19.238.147
Connecting to files.cloudgdansk.pl (files.cloudgdansk.pl)|153.19.238.147|:443... connected.
HTTP request sent, awaiting response... 200 OK
Length: 60 [text/plain]
Saving to: ‘/root/process_mining/announcements/data/22_04_2022/ann22.04.2022-22-40-01.json’

     0K                                                       100% 10.9M=0s

2022-04-22 22:40:02 (10.9 MB/s) - ‘/root/process_mining/announcements/data/22_04_2022/ann22.04.2022-22-40-01.json’ saved [60/60]

--2022-04-22 22:50:01--  https://files.cloudgdansk.pl/d/otwarte-dane/ztm/bsk.json
Resolving files.cloudgdansk.pl (files.cloudgdansk.pl)... 153.19.238.147
Connecting to files.cloudgdansk.pl (files.cloudgdansk.pl)|153.19.238.147|:443... connected.
HTTP request sent, awaiting response... 200 OK
Length: 60 [text/plain]
Saving to: ‘/root/process_mining/announcements/data/22_04_2022/ann22.04.2022-22-50-01.json’

     0K                                                       100% 12.3M=0s

2022-04-22 22:50:02 (12.3 MB/s) - ‘/root/process_mining/announcements/data/22_04_2022/ann22.04.2022-22-50-01.json’ saved [60/60]

--2022-04-22 23:00:01--  https://files.cloudgdansk.pl/d/otwarte-dane/ztm/bsk.json
Resolving files.cloudgdansk.pl (files.cloudgdansk.pl)... 153.19.238.147
Connecting to files.cloudgdansk.pl (files.cloudgdansk.pl)|153.19.238.147|:443... connected.
HTTP request sent, awaiting response... 200 OK
Length: 60 [text/plain]
Saving to: ‘/root/process_mining/announcements/data/22_04_2022/ann22.04.2022-23-00-01.json’

     0K                                                       100% 11.6M=0s

2022-04-22 23:00:01 (11.6 MB/s) - ‘/root/process_mining/announcements/data/22_04_2022/ann22.04.2022-23-00-01.json’ saved [60/60]

--2022-04-22 23:10:01--  https://files.cloudgdansk.pl/d/otwarte-dane/ztm/bsk.json
Resolving files.cloudgdansk.pl (files.cloudgdansk.pl)... 153.19.238.147
Connecting to files.cloudgdansk.pl (files.cloudgdansk.pl)|153.19.238.147|:443... connected.
HTTP request sent, awaiting response... 200 OK
Length: 60 [text/plain]
Saving to: ‘/root/process_mining/announcements/data/22_04_2022/ann22.04.2022-23-10-01.json’

     0K                                                       100% 11.7M=0s

2022-04-22 23:10:01 (11.7 MB/s) - ‘/root/process_mining/announcements/data/22_04_2022/ann22.04.2022-23-10-01.json’ saved [60/60]

--2022-04-22 23:20:01--  https://files.cloudgdansk.pl/d/otwarte-dane/ztm/bsk.json
Resolving files.cloudgdansk.pl (files.cloudgdansk.pl)... 153.19.238.147
Connecting to files.cloudgdansk.pl (files.cloudgdansk.pl)|153.19.238.147|:443... connected.
HTTP request sent, awaiting response... 200 OK
Length: 60 [text/plain]
Saving to: ‘/root/process_mining/announcements/data/22_04_2022/ann22.04.2022-23-20-01.json’

     0K                                                       100% 12.0M=0s

2022-04-22 23:20:02 (12.0 MB/s) - ‘/root/process_mining/announcements/data/22_04_2022/ann22.04.2022-23-20-01.json’ saved [60/60]

--2022-04-22 23:30:01--  https://files.cloudgdansk.pl/d/otwarte-dane/ztm/bsk.json
Resolving files.cloudgdansk.pl (files.cloudgdansk.pl)... 153.19.238.147
Connecting to files.cloudgdansk.pl (files.cloudgdansk.pl)|153.19.238.147|:443... connected.
HTTP request sent, awaiting response... 200 OK
Length: 60 [text/plain]
Saving to: ‘/root/process_mining/announcements/data/22_04_2022/ann22.04.2022-23-30-01.json’

     0K                                                       100% 11.8M=0s

2022-04-22 23:30:01 (11.8 MB/s) - ‘/root/process_mining/announcements/data/22_04_2022/ann22.04.2022-23-30-01.json’ saved [60/60]

--2022-04-22 23:40:01--  https://files.cloudgdansk.pl/d/otwarte-dane/ztm/bsk.json
Resolving files.cloudgdansk.pl (files.cloudgdansk.pl)... 153.19.238.147
Connecting to files.cloudgdansk.pl (files.cloudgdansk.pl)|153.19.238.147|:443... connected.
HTTP request sent, awaiting response... 200 OK
Length: 60 [text/plain]
Saving to: ‘/root/process_mining/announcements/data/22_04_2022/ann22.04.2022-23-40-01.json’

     0K                                                       100% 11.3M=0s

2022-04-22 23:40:01 (11.3 MB/s) - ‘/root/process_mining/announcements/data/22_04_2022/ann22.04.2022-23-40-01.json’ saved [60/60]

--2022-04-22 23:50:01--  https://files.cloudgdansk.pl/d/otwarte-dane/ztm/bsk.json
Resolving files.cloudgdansk.pl (files.cloudgdansk.pl)... 153.19.238.147
Connecting to files.cloudgdansk.pl (files.cloudgdansk.pl)|153.19.238.147|:443... connected.
HTTP request sent, awaiting response... 200 OK
Length: 60 [text/plain]
Saving to: ‘/root/process_mining/announcements/data/22_04_2022/ann22.04.2022-23-50-01.json’

     0K                                                       100% 12.8M=0s

2022-04-22 23:50:01 (12.8 MB/s) - ‘/root/process_mining/announcements/data/22_04_2022/ann22.04.2022-23-50-01.json’ saved [60/60]

