--2022-04-22 02:55:01--  https://ckan.multimediagdansk.pl/dataset/c24aa637-3619-4dc2-a171-a23eec8f2172/resource/3115d29d-b763-4af5-93f6-763b835967d6/download/stopsintrip.json
Resolving ckan.multimediagdansk.pl (ckan.multimediagdansk.pl)... 91.244.248.30
Connecting to ckan.multimediagdansk.pl (ckan.multimediagdansk.pl)|91.244.248.30|:443... connected.
HTTP request sent, awaiting response... 200 OK
Length: 32632841 (31M) [application/json]
Saving to: ‘/root/process_mining/trips_tracing/stopsintrip.json’

     0K .......... .......... .......... .......... ..........  0%  866K 37s
    50K .......... .......... .......... .......... ..........  0% 1.69M 27s
   100K .......... .......... .......... .......... ..........  0% 67.6M 18s
   150K .......... .......... .......... .......... ..........  0% 52.7M 14s
   200K .......... .......... .......... .......... ..........  0% 1.76M 15s
   250K .......... .......... .......... .......... ..........  0% 8.76M 13s
   300K .......... .......... .......... .......... ..........  1% 46.2M 11s
   350K .......... .......... .......... .......... ..........  1%  136M 10s
   400K .......... .......... .......... .......... ..........  1% 2.22M 10s
   450K .......... .......... .......... .......... ..........  1% 67.3M 9s
   500K .......... .......... .......... .......... ..........  1% 61.7M 8s
   550K .......... .......... .......... .......... ..........  1% 74.8M 8s
   600K .......... .......... .......... .......... ..........  2% 82.6M 7s
   650K .......... .......... .......... .......... ..........  2% 90.9M 7s
   700K .......... .......... .......... .......... ..........  2%  156M 6s
   750K .......... .......... .......... .......... ..........  2%  163M 6s
   800K .......... .......... .......... .......... ..........  2% 25.4M 6s
   850K .......... .......... .......... .......... ..........  2% 2.12M 6s
   900K .......... .......... .......... .......... ..........  2% 58.0M 6s
   950K .......... .......... .......... .......... ..........  3% 62.3M 5s
  1000K .......... .......... .......... .......... ..........  3% 67.1M 5s
  1050K .......... .......... .......... .......... ..........  3% 62.8M 5s
  1100K .......... .......... .......... .......... ..........  3% 94.6M 5s
  1150K .......... .......... .......... .......... ..........  3%  113M 5s
  1200K .......... .......... .......... .......... ..........  3% 62.7M 4s
  1250K .......... .......... .......... .......... ..........  4% 69.2M 4s
  1300K .......... .......... .......... .......... ..........  4% 74.5M 4s
  1350K .......... .......... .......... .......... ..........  4% 69.4M 4s
  1400K .......... .......... .......... .......... ..........  4%  102M 4s
  1450K .......... .......... .......... .......... ..........  4%  104M 4s
  1500K .......... .......... .......... .......... ..........  4% 79.0M 4s
  1550K .......... .......... .......... .......... ..........  5%  138M 3s
  1600K .......... .......... .......... .......... ..........  5%  166M 3s
  1650K .......... .......... .......... .......... ..........  5%  123M 3s
  1700K .......... .......... .......... .......... ..........  5% 95.3M 3s
  1750K .......... .......... .......... .......... ..........  5% 2.57M 3s
  1800K .......... .......... .......... .......... ..........  5% 71.1M 3s
  1850K .......... .......... .......... .......... ..........  5% 82.7M 3s
  1900K .......... .......... .......... .......... ..........  6% 89.4M 3s
  1950K .......... .......... .......... .......... ..........  6% 72.7M 3s
  2000K .......... .......... .......... .......... ..........  6% 88.5M 3s
  2050K .......... .......... .......... .......... ..........  6% 99.9M 3s
  2100K .......... .......... .......... .......... ..........  6% 72.1M 3s
  2150K .......... .......... .......... .......... ..........  6%  121M 3s
  2200K .......... .......... .......... .......... ..........  7% 77.8M 3s
  2250K .......... .......... .......... .......... ..........  7% 89.4M 3s
  2300K .......... .......... .......... .......... ..........  7% 85.0M 3s
  2350K .......... .......... .......... .......... ..........  7% 76.8M 3s
  2400K .......... .......... .......... .......... ..........  7% 92.4M 3s
  2450K .......... .......... .......... .......... ..........  7% 88.5M 2s
  2500K .......... .......... .......... .......... ..........  8%  109M 2s
  2550K .......... .......... .......... .......... ..........  8% 90.9M 2s
  2600K .......... .......... .......... .......... ..........  8% 96.4M 2s
  2650K .......... .......... .......... .......... ..........  8% 97.0M 2s
  2700K .......... .......... .......... .......... ..........  8% 79.2M 2s
  2750K .......... .......... .......... .......... ..........  8%  103M 2s
  2800K .......... .......... .......... .......... ..........  8% 80.8M 2s
  2850K .......... .......... .......... .......... ..........  9% 61.9M 2s
  2900K .......... .......... .......... .......... ..........  9%  107M 2s
  2950K .......... .......... .......... .......... ..........  9%  135M 2s
  3000K .......... .......... .......... .......... ..........  9%  114M 2s
  3050K .......... .......... .......... .......... ..........  9%  138M 2s
  3100K .......... .......... .......... .......... ..........  9%  133M 2s
  3150K .......... .......... .......... .......... .......... 10%  131M 2s
  3200K .......... .......... .......... .......... .......... 10% 37.4M 2s
  3250K .......... .......... .......... .......... .......... 10% 20.9M 2s
  3300K .......... .......... .......... .......... .......... 10% 36.2M 2s
  3350K .......... .......... .......... .......... .......... 10% 31.2M 2s
  3400K .......... .......... .......... .......... .......... 10% 20.5M 2s
  3450K .......... .......... .......... .......... .......... 10% 23.3M 2s
  3500K .......... .......... .......... .......... .......... 11% 14.1M 2s
  3550K .......... .......... .......... .......... .......... 11% 88.7M 2s
  3600K .......... .......... .......... .......... .......... 11%  106M 2s
  3650K .......... .......... .......... .......... .......... 11% 39.0M 2s
  3700K .......... .......... .......... .......... .......... 11% 23.2M 2s
  3750K .......... .......... .......... .......... .......... 11% 27.7M 2s
  3800K .......... .......... .......... .......... .......... 12% 32.6M 2s
  3850K .......... .......... .......... .......... .......... 12% 27.0M 2s
  3900K .......... .......... .......... .......... .......... 12% 21.7M 2s
  3950K .......... .......... .......... .......... .......... 12% 31.3M 2s
  4000K .......... .......... .......... .......... .......... 12% 26.7M 2s
  4050K .......... .......... .......... .......... .......... 12% 31.5M 2s
  4100K .......... .......... .......... .......... .......... 13% 32.2M 2s
  4150K .......... .......... .......... .......... .......... 13% 19.5M 2s
  4200K .......... .......... .......... .......... .......... 13% 31.8M 2s
  4250K .......... .......... .......... .......... .......... 13% 31.6M 2s
  4300K .......... .......... .......... .......... .......... 13% 27.7M 2s
  4350K .......... .......... .......... .......... .......... 13% 20.8M 2s
  4400K .......... .......... .......... .......... .......... 13% 32.8M 2s
  4450K .......... .......... .......... .......... .......... 14% 22.9M 2s
  4500K .......... .......... .......... .......... .......... 14% 44.6M 2s
  4550K .......... .......... .......... .......... .......... 14% 23.2M 2s
  4600K .......... .......... .......... .......... .......... 14% 31.2M 2s
  4650K .......... .......... .......... .......... .......... 14% 32.0M 2s
  4700K .......... .......... .......... .......... .......... 14% 27.1M 2s
  4750K .......... .......... .......... .......... .......... 15% 26.0M 2s
  4800K .......... .......... .......... .......... .......... 15% 27.5M 2s
  4850K .......... .......... .......... .......... .......... 15% 31.9M 2s
  4900K .......... .......... .......... .......... .......... 15% 27.0M 2s
  4950K .......... .......... .......... .......... .......... 15% 32.0M 2s
  5000K .......... .......... .......... .......... .......... 15% 23.6M 1s
  5050K .......... .......... .......... .......... .......... 16% 27.5M 1s
  5100K .......... .......... .......... .......... .......... 16% 32.4M 1s
  5150K .......... .......... .......... .......... .......... 16% 26.5M 1s
  5200K .......... .......... .......... .......... .......... 16% 23.5M 1s
  5250K .......... .......... .......... .......... .......... 16% 31.9M 1s
  5300K .......... .......... .......... .......... .......... 16% 28.3M 1s
  5350K .......... .......... .......... .......... .......... 16% 31.5M 1s
  5400K .......... .......... .......... .......... .......... 17% 32.1M 1s
  5450K .......... .......... .......... .......... .......... 17% 22.3M 1s
  5500K .......... .......... .......... .......... .......... 17% 32.8M 1s
  5550K .......... .......... .......... .......... .......... 17% 26.2M 1s
  5600K .......... .......... .......... .......... .......... 17% 33.7M 1s
  5650K .......... .......... .......... .......... .......... 17% 25.1M 1s
  5700K .......... .......... .......... .......... .......... 18% 27.7M 1s
  5750K .......... .......... .......... .......... .......... 18% 31.5M 1s
  5800K .......... .......... .......... .......... .......... 18% 27.7M 1s
  5850K .......... .......... .......... .......... .......... 18% 21.5M 1s
  5900K .......... .......... .......... .......... .......... 18% 31.9M 1s
  5950K .......... .......... .......... .......... .......... 18% 31.7M 1s
  6000K .......... .......... .......... .......... .......... 18% 22.2M 1s
  6050K .......... .......... .......... .......... .......... 19% 33.4M 1s
  6100K .......... .......... .......... .......... .......... 19% 28.2M 1s
  6150K .......... .......... .......... .......... .......... 19% 31.7M 1s
  6200K .......... .......... .......... .......... .......... 19% 15.7M 1s
  6250K .......... .......... .......... .......... .......... 19% 73.0M 1s
  6300K .......... .......... .......... .......... .......... 19% 31.6M 1s
  6350K .......... .......... .......... .......... .......... 20% 27.1M 1s
  6400K .......... .......... .......... .......... .......... 20% 31.5M 1s
  6450K .......... .......... .......... .......... .......... 20% 25.5M 1s
  6500K .......... .......... .......... .......... .......... 20% 27.7M 1s
  6550K .......... .......... .......... .......... .......... 20% 32.2M 1s
  6600K .......... .......... .......... .......... .......... 20% 28.0M 1s
  6650K .......... .......... .......... .......... .......... 21% 24.9M 1s
  6700K .......... .......... .......... .......... .......... 21% 27.3M 1s
  6750K .......... .......... .......... .......... .......... 21% 32.3M 1s
  6800K .......... .......... .......... .......... .......... 21% 32.2M 1s
  6850K .......... .......... .......... .......... .......... 21% 19.7M 1s
  6900K .......... .......... .......... .......... .......... 21% 34.3M 1s
  6950K .......... .......... .......... .......... .......... 21% 32.9M 1s
  7000K .......... .......... .......... .......... .......... 22% 26.7M 1s
  7050K .......... .......... .......... .......... .......... 22% 27.8M 1s
  7100K .......... .......... .......... .......... .......... 22% 27.4M 1s
  7150K .......... .......... .......... .......... .......... 22% 32.8M 1s
  7200K .......... .......... .......... .......... .......... 22% 31.7M 1s
  7250K .......... .......... .......... .......... .......... 22% 22.6M 1s
  7300K .......... .......... .......... .......... .......... 23% 31.6M 1s
  7350K .......... .......... .......... .......... .......... 23% 27.5M 1s
  7400K .......... .......... .......... .......... .......... 23% 31.9M 1s
  7450K .......... .......... .......... .......... .......... 23% 27.1M 1s
  7500K .......... .......... .......... .......... .......... 23% 24.0M 1s
  7550K .......... .......... .......... .......... .......... 23% 31.8M 1s
  7600K .......... .......... .......... .......... .......... 24% 28.1M 1s
  7650K .......... .......... .......... .......... .......... 24% 32.6M 1s
  7700K .......... .......... .......... .......... .......... 24% 26.5M 1s
  7750K .......... .......... .......... .......... .......... 24% 27.6M 1s
  7800K .......... .......... .......... .......... .......... 24% 31.9M 1s
  7850K .......... .......... .......... .......... .......... 24% 28.0M 1s
  7900K .......... .......... .......... .......... .......... 24% 24.3M 1s
  7950K .......... .......... .......... .......... .......... 25% 26.8M 1s
  8000K .......... .......... .......... .......... .......... 25% 32.4M 1s
  8050K .......... .......... .......... .......... .......... 25% 30.5M 1s
  8100K .......... .......... .......... .......... .......... 25% 22.6M 1s
  8150K .......... .......... .......... .......... .......... 25% 28.7M 1s
  8200K .......... .......... .......... .......... .......... 25% 29.4M 1s
  8250K .......... .......... .......... .......... .......... 26% 33.1M 1s
  8300K .......... .......... .......... .......... .......... 26% 31.5M 1s
  8350K .......... .......... .......... .......... .......... 26% 22.4M 1s
  8400K .......... .......... .......... .......... .......... 26% 27.3M 1s
  8450K .......... .......... .......... .......... .......... 26% 32.9M 1s
  8500K .......... .......... .......... .......... .......... 26% 31.8M 1s
  8550K .......... .......... .......... .......... .......... 26% 22.9M 1s
  8600K .......... .......... .......... .......... .......... 27% 33.2M 1s
  8650K .......... .......... .......... .......... .......... 27% 27.2M 1s
  8700K .......... .......... .......... .......... .......... 27% 31.9M 1s
  8750K .......... .......... .......... .......... .......... 27% 22.9M 1s
  8800K .......... .......... .......... .......... .......... 27% 32.7M 1s
  8850K .......... .......... .......... .......... .......... 27% 31.7M 1s
  8900K .......... .......... .......... .......... .......... 28% 27.3M 1s
  8950K .......... .......... .......... .......... .......... 28% 23.8M 1s
  9000K .......... .......... .......... .......... .......... 28% 31.0M 1s
  9050K .......... .......... .......... .......... .......... 28% 27.2M 1s
  9100K .......... .......... .......... .......... .......... 28% 31.4M 1s
  9150K .......... .......... .......... .......... .......... 28% 28.5M 1s
  9200K .......... .......... .......... .......... .......... 29% 25.9M 1s
  9250K .......... .......... .......... .......... .......... 29% 31.7M 1s
  9300K .......... .......... .......... .......... .......... 29% 24.8M 1s
  9350K .......... .......... .......... .......... .......... 29% 32.1M 1s
  9400K .......... .......... .......... .......... .......... 29% 23.4M 1s
  9450K .......... .......... .......... .......... .......... 29% 31.2M 1s
  9500K .......... .......... .......... .......... .......... 29% 27.5M 1s
  9550K .......... .......... .......... .......... .......... 30% 31.0M 1s
  9600K .......... .......... .......... .......... .......... 30% 25.9M 1s
  9650K .......... .......... .......... .......... .......... 30% 27.6M 1s
  9700K .......... .......... .......... .......... .......... 30% 32.2M 1s
  9750K .......... .......... .......... .......... .......... 30% 27.2M 1s
  9800K .......... .......... .......... .......... .......... 30% 24.9M 1s
  9850K .......... .......... .......... .......... .......... 31% 30.6M 1s
  9900K .......... .......... .......... .......... .......... 31% 26.5M 1s
  9950K .......... .......... .......... .......... .......... 31% 32.3M 1s
 10000K .......... .......... .......... .......... .......... 31% 22.8M 1s
 10050K .......... .......... .......... .......... .......... 31% 27.9M 1s
 10100K .......... .......... .......... .......... .......... 31% 32.0M 1s
 10150K .......... .......... .......... .......... .......... 32% 28.0M 1s
 10200K .......... .......... .......... .......... .......... 32% 24.4M 1s
 10250K .......... .......... .......... .......... .......... 32% 32.2M 1s
 10300K .......... .......... .......... .......... .......... 32% 27.5M 1s
 10350K .......... .......... .......... .......... .......... 32% 32.3M 1s
 10400K .......... .......... .......... .......... .......... 32% 32.1M 1s
 10450K .......... .......... .......... .......... .......... 32% 3.19M 1s
 10500K .......... .......... .......... .......... .......... 33% 22.0M 1s
 10550K .......... .......... .......... .......... .......... 33% 23.5M 1s
 10600K .......... .......... .......... .......... .......... 33% 23.1M 1s
 10650K .......... .......... .......... .......... .......... 33% 18.0M 1s
 10700K .......... .......... .......... .......... .......... 33% 19.9M 1s
 10750K .......... .......... .......... .......... .......... 33% 24.5M 1s
 10800K .......... .......... .......... .......... .......... 34% 30.6M 1s
 10850K .......... .......... .......... .......... .......... 34% 23.8M 1s
 10900K .......... .......... .......... .......... .......... 34% 33.9M 1s
 10950K .......... .......... .......... .......... .......... 34% 28.5M 1s
 11000K .......... .......... .......... .......... .......... 34% 21.8M 1s
 11050K .......... .......... .......... .......... .......... 34% 31.7M 1s
 11100K .......... .......... .......... .......... .......... 34% 32.9M 1s
 11150K .......... .......... .......... .......... .......... 35% 27.2M 1s
 11200K .......... .......... .......... .......... .......... 35% 28.5M 1s
 11250K .......... .......... .......... .......... .......... 35% 19.5M 1s
 11300K .......... .......... .......... .......... .......... 35% 27.5M 1s
 11350K .......... .......... .......... .......... .......... 35% 25.4M 1s
 11400K .......... .......... .......... .......... .......... 35% 26.7M 1s
 11450K .......... .......... .......... .......... .......... 36% 21.2M 1s
 11500K .......... .......... .......... .......... .......... 36% 20.5M 1s
 11550K .......... .......... .......... .......... .......... 36% 28.8M 1s
 11600K .......... .......... .......... .......... .......... 36% 18.1M 1s
 11650K .......... .......... .......... .......... .......... 36% 19.3M 1s
 11700K .......... .......... .......... .......... .......... 36% 24.0M 1s
 11750K .......... .......... .......... .......... .......... 37% 24.1M 1s
 11800K .......... .......... .......... .......... .......... 37% 21.5M 1s
 11850K .......... .......... .......... .......... .......... 37% 25.1M 1s
 11900K .......... .......... .......... .......... .......... 37% 23.2M 1s
 11950K .......... .......... .......... .......... .......... 37% 25.9M 1s
 12000K .......... .......... .......... .......... .......... 37% 21.4M 1s
 12050K .......... .......... .......... .......... .......... 37% 14.9M 1s
 12100K .......... .......... .......... .......... .......... 38% 33.8M 1s
 12150K .......... .......... .......... .......... .......... 38% 25.5M 1s
 12200K .......... .......... .......... .......... .......... 38% 19.6M 1s
 12250K .......... .......... .......... .......... .......... 38% 7.63M 1s
 12300K .......... .......... .......... .......... .......... 38% 20.5M 1s
 12350K .......... .......... .......... .......... .......... 38% 20.4M 1s
 12400K .......... .......... .......... .......... .......... 39% 24.8M 1s
 12450K .......... .......... .......... .......... .......... 39% 19.2M 1s
 12500K .......... .......... .......... .......... .......... 39% 6.21M 1s
 12550K .......... .......... .......... .......... .......... 39% 25.2M 1s
 12600K .......... .......... .......... .......... .......... 39% 20.3M 1s
 12650K .......... .......... .......... .......... .......... 39% 24.3M 1s
 12700K .......... .......... .......... .......... .......... 40% 20.0M 1s
 12750K .......... .......... .......... .......... .......... 40% 25.2M 1s
 12800K .......... .......... .......... .......... .......... 40% 25.9M 1s
 12850K .......... .......... .......... .......... .......... 40% 27.6M 1s
 12900K .......... .......... .......... .......... .......... 40% 24.7M 1s
 12950K .......... .......... .......... .......... .......... 40% 17.1M 1s
 13000K .......... .......... .......... .......... .......... 40% 24.4M 1s
 13050K .......... .......... .......... .......... .......... 41% 28.9M 1s
 13100K .......... .......... .......... .......... .......... 41% 30.5M 1s
 13150K .......... .......... .......... .......... .......... 41% 5.37M 1s
 13200K .......... .......... .......... .......... .......... 41% 29.1M 1s
 13250K .......... .......... .......... .......... .......... 41% 29.2M 1s
 13300K .......... .......... .......... .......... .......... 41% 24.5M 1s
 13350K .......... .......... .......... .......... .......... 42% 29.4M 1s
 13400K .......... .......... .......... .......... .......... 42% 19.8M 1s
 13450K .......... .......... .......... .......... .......... 42% 24.7M 1s
 13500K .......... .......... .......... .......... .......... 42% 32.6M 1s
 13550K .......... .......... .......... .......... .......... 42% 25.4M 1s
 13600K .......... .......... .......... .......... .......... 42% 19.2M 1s
 13650K .......... .......... .......... .......... .......... 42% 28.7M 1s
 13700K .......... .......... .......... .......... .......... 43% 25.4M 1s
 13750K .......... .......... .......... .......... .......... 43% 30.4M 1s
 13800K .......... .......... .......... .......... .......... 43% 32.4M 1s
 13850K .......... .......... .......... .......... .......... 43% 20.0M 1s
 13900K .......... .......... .......... .......... .......... 43% 31.8M 1s
 13950K .......... .......... .......... .......... .......... 43% 22.3M 1s
 14000K .......... .......... .......... .......... .......... 44% 23.1M 1s
 14050K .......... .......... .......... .......... .......... 44% 6.59M 1s
 14100K .......... .......... .......... .......... .......... 44% 26.0M 1s
 14150K .......... .......... .......... .......... .......... 44% 27.5M 1s
 14200K .......... .......... .......... .......... .......... 44% 31.4M 1s
 14250K .......... .......... .......... .......... .......... 44% 25.6M 1s
 14300K .......... .......... .......... .......... .......... 45% 27.0M 1s
 14350K .......... .......... .......... .......... .......... 45% 29.4M 1s
 14400K .......... .......... .......... .......... .......... 45% 26.1M 1s
 14450K .......... .......... .......... .......... .......... 45% 30.7M 1s
 14500K .......... .......... .......... .......... .......... 45% 20.6M 1s
 14550K .......... .......... .......... .......... .......... 45% 27.2M 1s
 14600K .......... .......... .......... .......... .......... 45% 29.6M 1s
 14650K .......... .......... .......... .......... .......... 46% 26.3M 1s
 14700K .......... .......... .......... .......... .......... 46% 26.1M 1s
 14750K .......... .......... .......... .......... .......... 46% 34.1M 1s
 14800K .......... .......... .......... .......... .......... 46% 28.2M 1s
 14850K .......... .......... .......... .......... .......... 46% 34.3M 1s
 14900K .......... .......... .......... .......... .......... 46% 18.7M 1s
 14950K .......... .......... .......... .......... .......... 47% 32.1M 1s
 15000K .......... .......... .......... .......... .......... 47% 29.4M 1s
 15050K .......... .......... .......... .......... .......... 47% 27.0M 1s
 15100K .......... .......... .......... .......... .......... 47% 23.4M 1s
 15150K .......... .......... .......... .......... .......... 47% 25.8M 1s
 15200K .......... .......... .......... .......... .......... 47% 30.2M 1s
 15250K .......... .......... .......... .......... .......... 48% 25.8M 1s
 15300K .......... .......... .......... .......... .......... 48% 26.5M 1s
 15350K .......... .......... .......... .......... .......... 48% 28.7M 1s
 15400K .......... .......... .......... .......... .......... 48% 23.7M 1s
 15450K .......... .......... .......... .......... .......... 48% 29.1M 1s
 15500K .......... .......... .......... .......... .......... 48% 19.3M 1s
 15550K .......... .......... .......... .......... .......... 48% 29.1M 1s
 15600K .......... .......... .......... .......... .......... 49% 26.2M 1s
 15650K .......... .......... .......... .......... .......... 49% 30.8M 1s
 15700K .......... .......... .......... .......... .......... 49% 18.3M 1s
 15750K .......... .......... .......... .......... .......... 49% 24.0M 1s
 15800K .......... .......... .......... .......... .......... 49% 29.9M 1s
 15850K .......... .......... .......... .......... .......... 49% 29.0M 1s
 15900K .......... .......... .......... .......... .......... 50% 25.1M 1s
 15950K .......... .......... .......... .......... .......... 50% 20.7M 1s
 16000K .......... .......... .......... .......... .......... 50% 25.1M 1s
 16050K .......... .......... .......... .......... .......... 50% 30.0M 1s
 16100K .......... .......... .......... .......... .......... 50% 21.3M 1s
 16150K .......... .......... .......... .......... .......... 50% 25.2M 1s
 16200K .......... .......... .......... .......... .......... 50% 30.2M 1s
 16250K .......... .......... .......... .......... .......... 51% 24.7M 1s
 16300K .......... .......... .......... .......... .......... 51% 22.4M 1s
 16350K .......... .......... .......... .......... .......... 51% 27.7M 1s
 16400K .......... .......... .......... .......... .......... 51% 24.4M 1s
 16450K .......... .......... .......... .......... .......... 51% 30.5M 1s
 16500K .......... .......... .......... .......... .......... 51% 23.4M 1s
 16550K .......... .......... .......... .......... .......... 52% 28.8M 1s
 16600K .......... .......... .......... .......... .......... 52% 29.3M 1s
 16650K .......... .......... .......... .......... .......... 52% 27.4M 1s
 16700K .......... .......... .......... .......... .......... 52% 30.2M 1s
 16750K .......... .......... .......... .......... .......... 52% 25.2M 1s
 16800K .......... .......... .......... .......... .......... 52% 29.7M 1s
 16850K .......... .......... .......... .......... .......... 53% 29.0M 1s
 16900K .......... .......... .......... .......... .......... 53% 25.6M 1s
 16950K .......... .......... .......... .......... .......... 53% 29.2M 1s
 17000K .......... .......... .......... .......... .......... 53% 25.6M 1s
 17050K .......... .......... .......... .......... .......... 53% 29.0M 1s
 17100K .......... .......... .......... .......... .......... 53% 30.2M 1s
 17150K .......... .......... .......... .......... .......... 53% 25.7M 1s
 17200K .......... .......... .......... .......... .......... 54% 28.6M 1s
 17250K .......... .......... .......... .......... .......... 54% 25.4M 1s
 17300K .......... .......... .......... .......... .......... 54% 28.6M 1s
 17350K .......... .......... .......... .......... .......... 54% 30.4M 1s
 17400K .......... .......... .......... .......... .......... 54% 25.6M 1s
 17450K .......... .......... .......... .......... .......... 54% 29.6M 1s
 17500K .......... .......... .......... .......... .......... 55% 25.4M 1s
 17550K .......... .......... .......... .......... .......... 55% 29.7M 1s
 17600K .......... .......... .......... .......... .......... 55% 29.5M 1s
 17650K .......... .......... .......... .......... .......... 55% 24.4M 1s
 17700K .......... .......... .......... .......... .......... 55% 30.2M 1s
 17750K .......... .......... .......... .......... .......... 55% 25.1M 1s
 17800K .......... .......... .......... .......... .......... 56% 28.8M 1s
 17850K .......... .......... .......... .......... .......... 56% 28.6M 1s
 17900K .......... .......... .......... .......... .......... 56% 24.3M 1s
 17950K .......... .......... .......... .......... .......... 56% 32.7M 1s
 18000K .......... .......... .......... .......... .......... 56% 24.9M 1s
 18050K .......... .......... .......... .......... .......... 56% 29.7M 1s
 18100K .......... .......... .......... .......... .......... 56% 30.2M 1s
 18150K .......... .......... .......... .......... .......... 57% 24.9M 1s
 18200K .......... .......... .......... .......... .......... 57% 29.8M 1s
 18250K .......... .......... .......... .......... .......... 57% 24.4M 1s
 18300K .......... .......... .......... .......... .......... 57% 29.9M 1s
 18350K .......... .......... .......... .......... .......... 57% 30.5M 1s
 18400K .......... .......... .......... .......... .......... 57% 25.1M 1s
 18450K .......... .......... .......... .......... .......... 58% 29.9M 1s
 18500K .......... .......... .......... .......... .......... 58% 24.6M 1s
 18550K .......... .......... .......... .......... .......... 58% 29.6M 1s
 18600K .......... .......... .......... .......... .......... 58% 28.9M 1s
 18650K .......... .......... .......... .......... .......... 58% 26.0M 1s
 18700K .......... .......... .......... .......... .......... 58% 29.5M 1s
 18750K .......... .......... .......... .......... .......... 58% 25.5M 1s
 18800K .......... .......... .......... .......... .......... 59% 28.1M 1s
 18850K .......... .......... .......... .......... .......... 59% 31.3M 1s
 18900K .......... .......... .......... .......... .......... 59% 24.8M 1s
 18950K .......... .......... .......... .......... .......... 59% 29.3M 1s
 19000K .......... .......... .......... .......... .......... 59% 25.8M 1s
 19050K .......... .......... .......... .......... .......... 59% 28.9M 1s
 19100K .......... .......... .......... .......... .......... 60% 28.0M 1s
 19150K .......... .......... .......... .......... .......... 60% 26.0M 1s
 19200K .......... .......... .......... .......... .......... 60% 28.8M 1s
 19250K .......... .......... .......... .......... .......... 60% 25.8M 1s
 19300K .......... .......... .......... .......... .......... 60% 31.0M 1s
 19350K .......... .......... .......... .......... .......... 60% 29.8M 1s
 19400K .......... .......... .......... .......... .......... 61% 24.5M 1s
 19450K .......... .......... .......... .......... .......... 61% 30.0M 1s
 19500K .......... .......... .......... .......... .......... 61% 26.0M 1s
 19550K .......... .......... .......... .......... .......... 61% 29.7M 1s
 19600K .......... .......... .......... .......... .......... 61% 30.0M 1s
 19650K .......... .......... .......... .......... .......... 61% 25.1M 1s
 19700K .......... .......... .......... .......... .......... 61% 29.4M 1s
 19750K .......... .......... .......... .......... .......... 62% 25.0M 1s
 19800K .......... .......... .......... .......... .......... 62% 28.8M 1s
 19850K .......... .......... .......... .......... .......... 62% 29.0M 1s
 19900K .......... .......... .......... .......... .......... 62% 25.4M 1s
 19950K .......... .......... .......... .......... .......... 62% 30.3M 1s
 20000K .......... .......... .......... .......... .......... 62% 25.4M 1s
 20050K .......... .......... .......... .......... .......... 63% 30.5M 1s
 20100K .......... .......... .......... .......... .......... 63% 29.9M 1s
 20150K .......... .......... .......... .......... .......... 63% 24.2M 1s
 20200K .......... .......... .......... .......... .......... 63% 31.0M 1s
 20250K .......... .......... .......... .......... .......... 63% 25.4M 1s
 20300K .......... .......... .......... .......... .......... 63% 28.9M 0s
 20350K .......... .......... .......... .......... .......... 64% 30.5M 0s
 20400K .......... .......... .......... .......... .......... 64% 25.7M 0s
 20450K .......... .......... .......... .......... .......... 64% 29.0M 0s
 20500K .......... .......... .......... .......... .......... 64% 25.3M 0s
 20550K .......... .......... .......... .......... .......... 64% 28.3M 0s
 20600K .......... .......... .......... .......... .......... 64% 30.0M 0s
 20650K .......... .......... .......... .......... .......... 64% 25.9M 0s
 20700K .......... .......... .......... .......... .......... 65% 29.9M 0s
 20750K .......... .......... .......... .......... .......... 65% 25.0M 0s
 20800K .......... .......... .......... .......... .......... 65% 31.0M 0s
 20850K .......... .......... .......... .......... .......... 65% 27.7M 0s
 20900K .......... .......... .......... .......... .......... 65% 25.9M 0s
 20950K .......... .......... .......... .......... .......... 65% 30.1M 0s
 21000K .......... .......... .......... .......... .......... 66% 25.2M 0s
 21050K .......... .......... .......... .......... .......... 66% 28.6M 0s
 21100K .......... .......... .......... .......... .......... 66% 29.0M 0s
 21150K .......... .......... .......... .......... .......... 66% 25.1M 0s
 21200K .......... .......... .......... .......... .......... 66% 29.6M 0s
 21250K .......... .......... .......... .......... .......... 66% 26.0M 0s
 21300K .......... .......... .......... .......... .......... 66%  489K 1s
 21350K .......... .......... .......... .......... .......... 67%  152M 0s
 21400K .......... .......... .......... .......... .......... 67%  116M 0s
 21450K .......... .......... .......... .......... .......... 67%  138M 0s
 21500K .......... .......... .......... .......... .......... 67%  143M 0s
 21550K .......... .......... .......... .......... .......... 67%  142M 0s
 21600K .......... .......... .......... .......... .......... 67%  150M 0s
 21650K .......... .......... .......... .......... .......... 68%  139M 0s
 21700K .......... .......... .......... .......... .......... 68%  130M 0s
 21750K .......... .......... .......... .......... .......... 68%  134M 0s
 21800K .......... .......... .......... .......... .......... 68%  165M 0s
 21850K .......... .......... .......... .......... .......... 68%  167M 0s
 21900K .......... .......... .......... .......... .......... 68%  125M 0s
 21950K .......... .......... .......... .......... .......... 69%  135M 0s
 22000K .......... .......... .......... .......... .......... 69%  136M 0s
 22050K .......... .......... .......... .......... .......... 69%  151M 0s
 22100K .......... .......... .......... .......... .......... 69% 1.74M 0s
 22150K .......... .......... .......... .......... .......... 69%  136M 0s
 22200K .......... .......... .......... .......... .......... 69%  148M 0s
 22250K .......... .......... .......... .......... .......... 69%  108M 0s
 22300K .......... .......... .......... .......... .......... 70%  164M 0s
 22350K .......... .......... .......... .......... .......... 70%  151M 0s
 22400K .......... .......... .......... .......... .......... 70%  122M 0s
 22450K .......... .......... .......... .......... .......... 70%  163M 0s
 22500K .......... .......... .......... .......... .......... 70%  120M 0s
 22550K .......... .......... .......... .......... .......... 70%  152M 0s
 22600K .......... .......... .......... .......... .......... 71%  159M 0s
 22650K .......... .......... .......... .......... .......... 71% 10.0M 0s
 22700K .......... .......... .......... .......... .......... 71% 7.58M 0s
 22750K .......... .......... .......... .......... .......... 71% 12.9M 0s
 22800K .......... .......... .......... .......... .......... 71% 12.4M 0s
 22850K .......... .......... .......... .......... .......... 71% 1.35M 0s
 22900K .......... .......... .......... .......... .......... 72%  131M 0s
 22950K .......... .......... .......... .......... .......... 72%  159M 0s
 23000K .......... .......... .......... .......... .......... 72% 6.44M 0s
 23050K .......... .......... .......... .......... .......... 72% 11.3M 0s
 23100K .......... .......... .......... .......... .......... 72% 21.4M 0s
 23150K .......... .......... .......... .......... .......... 72%  128M 0s
 23200K .......... .......... .......... .......... .......... 72%  152M 0s
 23250K .......... .......... .......... .......... .......... 73%  129M 0s
 23300K .......... .......... .......... .......... .......... 73%  154M 0s
 23350K .......... .......... .......... .......... .......... 73%  163M 0s
 23400K .......... .......... .......... .......... .......... 73% 1.69M 0s
 23450K .......... .......... .......... .......... .......... 73%  133M 0s
 23500K .......... .......... .......... .......... .......... 73%  140M 0s
 23550K .......... .......... .......... .......... .......... 74%  156M 0s
 23600K .......... .......... .......... .......... .......... 74%  139M 0s
 23650K .......... .......... .......... .......... .......... 74%  137M 0s
 23700K .......... .......... .......... .......... .......... 74% 2.33M 0s
 23750K .......... .......... .......... .......... .......... 74%  141M 0s
 23800K .......... .......... .......... .......... .......... 74%  140M 0s
 23850K .......... .......... .......... .......... .......... 74%  155M 0s
 23900K .......... .......... .......... .......... .......... 75%  140M 0s
 23950K .......... .......... .......... .......... .......... 75%  155M 0s
 24000K .......... .......... .......... .......... .......... 75%  110M 0s
 24050K .......... .......... .......... .......... .......... 75% 72.9M 0s
 24100K .......... .......... .......... .......... .......... 75% 14.4M 0s
 24150K .......... .......... .......... .......... .......... 75% 1.62M 0s
 24200K .......... .......... .......... .......... .......... 76%  158M 0s
 24250K .......... .......... .......... .......... .......... 76%  133M 0s
 24300K .......... .......... .......... .......... .......... 76%  153M 0s
 24350K .......... .......... .......... .......... .......... 76%  164M 0s
 24400K .......... .......... .......... .......... .......... 76%  126M 0s
 24450K .......... .......... .......... .......... .......... 76% 2.04M 0s
 24500K .......... .......... .......... .......... .......... 77%  138M 0s
 24550K .......... .......... .......... .......... .......... 77%  127M 0s
 24600K .......... .......... .......... .......... .......... 77%  163M 0s
 24650K .......... .......... .......... .......... .......... 77%  139M 0s
 24700K .......... .......... .......... .......... .......... 77%  160M 0s
 24750K .......... .......... .......... .......... .......... 77%  138M 0s
 24800K .......... .......... .......... .......... .......... 77% 1.58M 0s
 24850K .......... .......... .......... .......... .......... 78%  158M 0s
 24900K .......... .......... .......... .......... .......... 78%  113M 0s
 24950K .......... .......... .......... .......... .......... 78%  164M 0s
 25000K .......... .......... .......... .......... .......... 78%  143M 0s
 25050K .......... .......... .......... .......... .......... 78%  137M 0s
 25100K .......... .......... .......... .......... .......... 78%  151M 0s
 25150K .......... .......... .......... .......... .......... 79%  137M 0s
 25200K .......... .......... .......... .......... .......... 79% 13.8M 0s
 25250K .......... .......... .......... .......... .......... 79% 14.9M 0s
 25300K .......... .......... .......... .......... .......... 79% 14.0M 0s
 25350K .......... .......... .......... .......... .......... 79% 20.7M 0s
 25400K .......... .......... .......... .......... .......... 79% 6.05M 0s
 25450K .......... .......... .......... .......... .......... 80% 9.18M 0s
 25500K .......... .......... .......... .......... .......... 80% 80.8M 0s
 25550K .......... .......... .......... .......... .......... 80%  157M 0s
 25600K .......... .......... .......... .......... .......... 80% 1.30M 0s
 25650K .......... .......... .......... .......... .......... 80%  128M 0s
 25700K .......... .......... .......... .......... .......... 80%  160M 0s
 25750K .......... .......... .......... .......... .......... 80%  116M 0s
 25800K .......... .......... .......... .......... .......... 81% 3.20M 0s
 25850K .......... .......... .......... .......... .......... 81%  150M 0s
 25900K .......... .......... .......... .......... .......... 81%  123M 0s
 25950K .......... .......... .......... .......... .......... 81% 3.81M 0s
 26000K .......... .......... .......... .......... .......... 81%  140M 0s
 26050K .......... .......... .......... .......... .......... 81%  168M 0s
 26100K .......... .......... .......... .......... .......... 82%  134M 0s
 26150K .......... .......... .......... .......... .......... 82%  133M 0s
 26200K .......... .......... .......... .......... .......... 82%  157M 0s
 26250K .......... .......... .......... .......... .......... 82%  136M 0s
 26300K .......... .......... .......... .......... .......... 82%  137M 0s
 26350K .......... .......... .......... .......... .......... 82%  166M 0s
 26400K .......... .......... .......... .......... .......... 82% 8.43M 0s
 26450K .......... .......... .......... .......... .......... 83% 10.3M 0s
 26500K .......... .......... .......... .......... .......... 83% 7.72M 0s
 26550K .......... .......... .......... .......... .......... 83% 14.1M 0s
 26600K .......... .......... .......... .......... .......... 83% 11.0M 0s
 26650K .......... .......... .......... .......... .......... 83% 21.4M 0s
 26700K .......... .......... .......... .......... .......... 83% 9.29M 0s
 26750K .......... .......... .......... .......... .......... 84% 36.6M 0s
 26800K .......... .......... .......... .......... .......... 84%  165M 0s
 26850K .......... .......... .......... .......... .......... 84% 4.87M 0s
 26900K .......... .......... .......... .......... .......... 84%  133M 0s
 26950K .......... .......... .......... .......... .......... 84%  145M 0s
 27000K .......... .......... .......... .......... .......... 84% 3.34M 0s
 27050K .......... .......... .......... .......... .......... 85% 25.2M 0s
 27100K .......... .......... .......... .......... .......... 85% 6.04M 0s
 27150K .......... .......... .......... .......... .......... 85% 17.7M 0s
 27200K .......... .......... .......... .......... .......... 85%  146M 0s
 27250K .......... .......... .......... .......... .......... 85%  132M 0s
 27300K .......... .......... .......... .......... .......... 85% 3.87M 0s
 27350K .......... .......... .......... .......... .......... 85% 18.4M 0s
 27400K .......... .......... .......... .......... .......... 86% 12.0M 0s
 27450K .......... .......... .......... .......... .......... 86%  158M 0s
 27500K .......... .......... .......... .......... .......... 86% 5.99M 0s
 27550K .......... .......... .......... .......... .......... 86%  152M 0s
 27600K .......... .......... .......... .......... .......... 86%  149M 0s
 27650K .......... .......... .......... .......... .......... 86%  134M 0s
 27700K .......... .......... .......... .......... .......... 87%  168M 0s
 27750K .......... .......... .......... .......... .......... 87% 11.0M 0s
 27800K .......... .......... .......... .......... .......... 87% 7.57M 0s
 27850K .......... .......... .......... .......... .......... 87% 18.9M 0s
 27900K .......... .......... .......... .......... .......... 87% 5.69M 0s
 27950K .......... .......... .......... .......... .......... 87% 9.33M 0s
 28000K .......... .......... .......... .......... .......... 88% 3.97M 0s
 28050K .......... .......... .......... .......... .......... 88% 6.94M 0s
 28100K .......... .......... .......... .......... .......... 88% 5.37M 0s
 28150K .......... .......... .......... .......... .......... 88% 8.47M 0s
 28200K .......... .......... .......... .......... .......... 88% 6.78M 0s
 28250K .......... .......... .......... .......... .......... 88% 4.66M 0s
 28300K .......... .......... .......... .......... .......... 88% 8.52M 0s
 28350K .......... .......... .......... .......... .......... 89% 6.51M 0s
 28400K .......... .......... .......... .......... .......... 89% 6.13M 0s
 28450K .......... .......... .......... .......... .......... 89% 5.87M 0s
 28500K .......... .......... .......... .......... .......... 89% 9.15M 0s
 28550K .......... .......... .......... .......... .......... 89% 5.19M 0s
 28600K .......... .......... .......... .......... .......... 89% 4.19M 0s
 28650K .......... .......... .......... .......... .......... 90% 6.72M 0s
 28700K .......... .......... .......... .......... .......... 90% 18.7M 0s
 28750K .......... .......... .......... .......... .......... 90% 3.77M 0s
 28800K .......... .......... .......... .......... .......... 90% 5.90M 0s
 28850K .......... .......... .......... .......... .......... 90% 9.26M 0s
 28900K .......... .......... .......... .......... .......... 90% 6.47M 0s
 28950K .......... .......... .......... .......... .......... 91% 6.19M 0s
 29000K .......... .......... .......... .......... .......... 91% 5.78M 0s
 29050K .......... .......... .......... .......... .......... 91% 9.44M 0s
 29100K .......... .......... .......... .......... .......... 91% 5.87M 0s
 29150K .......... .......... .......... .......... .......... 91% 5.55M 0s
 29200K .......... .......... .......... .......... .......... 91% 4.45M 0s
 29250K .......... .......... .......... .......... .......... 91% 18.0M 0s
 29300K .......... .......... .......... .......... .......... 92% 6.36M 0s
 29350K .......... .......... .......... .......... .......... 92% 3.76M 0s
 29400K .......... .......... .......... .......... .......... 92% 8.30M 0s
 29450K .......... .......... .......... .......... .......... 92% 18.1M 0s
 29500K .......... .......... .......... .......... .......... 92% 4.82M 0s
 29550K .......... .......... .......... .......... .......... 92% 4.75M 0s
 29600K .......... .......... .......... .......... .......... 93% 8.38M 0s
 29650K .......... .......... .......... .......... .......... 93% 5.81M 0s
 29700K .......... .......... .......... .......... .......... 93% 6.94M 0s
 29750K .......... .......... .......... .......... .......... 93% 5.63M 0s
 29800K .......... .......... .......... .......... .......... 93% 9.75M 0s
 29850K .......... .......... .......... .......... .......... 93% 6.01M 0s
 29900K .......... .......... .......... .......... .......... 93% 6.71M 0s
 29950K .......... .......... .......... .......... .......... 94% 3.86M 0s
 30000K .......... .......... .......... .......... .......... 94% 41.2M 0s
 30050K .......... .......... .......... .......... .......... 94% 5.30M 0s
 30100K .......... .......... .......... .......... .......... 94% 6.66M 0s
 30150K .......... .......... .......... .......... .......... 94% 4.31M 0s
 30200K .......... .......... .......... .......... .......... 94% 21.5M 0s
 30250K .......... .......... .......... .......... .......... 95% 4.59M 0s
 30300K .......... .......... .......... .......... .......... 95% 4.77M 0s
 30350K .......... .......... .......... .......... .......... 95% 8.34M 0s
 30400K .......... .......... .......... .......... .......... 95% 17.2M 0s
 30450K .......... .......... .......... .......... .......... 95% 4.89M 0s
 30500K .......... .......... .......... .......... .......... 95% 4.35M 0s
 30550K .......... .......... .......... .......... .......... 96% 9.53M 0s
 30600K .......... .......... .......... .......... .......... 96% 6.18M 0s
 30650K .......... .......... .......... .......... .......... 96% 6.81M 0s
 30700K .......... .......... .......... .......... .......... 96% 5.52M 0s
 30750K .......... .......... .......... .......... .......... 96% 9.16M 0s
 30800K .......... .......... .......... .......... .......... 96% 5.39M 0s
 30850K .......... .......... .......... .......... .......... 96% 6.67M 0s
 30900K .......... .......... .......... .......... .......... 97% 4.33M 0s
 30950K .......... .......... .......... .......... .......... 97% 21.4M 0s
 31000K .......... .......... .......... .......... .......... 97% 5.18M 0s
 31050K .......... .......... .......... .......... .......... 97% 4.19M 0s
 31100K .......... .......... .......... .......... .......... 97% 8.95M 0s
 31150K .......... .......... .......... .......... .......... 97% 15.5M 0s
 31200K .......... .......... .......... .......... .......... 98% 4.97M 0s
 31250K .......... .......... .......... .......... .......... 98% 4.29M 0s
 31300K .......... .......... .......... .......... .......... 98% 9.83M 0s
 31350K .......... .......... .......... .......... .......... 98% 17.9M 0s
 31400K .......... .......... .......... .......... .......... 98% 3.97M 0s
 31450K .......... .......... .......... .......... .......... 98% 5.55M 0s
 31500K .......... .......... .......... .......... .......... 99% 9.00M 0s
 31550K .......... .......... .......... .......... .......... 99% 6.35M 0s
 31600K .......... .......... .......... .......... .......... 99% 7.06M 0s
 31650K .......... .......... .......... .......... .......... 99% 3.74M 0s
 31700K .......... .......... .......... .......... .......... 99% 39.8M 0s
 31750K .......... .......... .......... .......... .......... 99% 4.59M 0s
 31800K .......... .......... .......... .......... .......... 99% 8.29M 0s
 31850K .......... ........                                   100% 3.00M=2.1s

2022-04-22 02:55:04 (14.8 MB/s) - ‘/root/process_mining/trips_tracing/stopsintrip.json’ saved [32632841/32632841]

--2022-04-22 02:55:04--  https://ckan.multimediagdansk.pl/dataset/c24aa637-3619-4dc2-a171-a23eec8f2172/resource/4c4025f0-01bf-41f7-a39f-d156d201b82b/download/stops.json
Resolving ckan.multimediagdansk.pl (ckan.multimediagdansk.pl)... 91.244.248.30
Connecting to ckan.multimediagdansk.pl (ckan.multimediagdansk.pl)|91.244.248.30|:443... connected.
HTTP request sent, awaiting response... 200 OK
Length: 9773072 (9.3M) [application/json]
Saving to: ‘/root/process_mining/trips_tracing/stops.json’

     0K .......... .......... .......... .......... ..........  0%  890K 11s
    50K .......... .......... .......... .......... ..........  1% 1.75M 8s
   100K .......... .......... .......... .......... ..........  1% 63.3M 5s
   150K .......... .......... .......... .......... ..........  2% 59.9M 4s
   200K .......... .......... .......... .......... ..........  2% 1.78M 4s
   250K .......... .......... .......... .......... ..........  3% 82.2M 4s
   300K .......... .......... .......... .......... ..........  3% 96.3M 3s
   350K .......... .......... .......... .......... ..........  4%  139M 3s
   400K .......... .......... .......... .......... ..........  4% 1.88M 3s
   450K .......... .......... .......... .......... ..........  5% 68.1M 3s
   500K .......... .......... .......... .......... ..........  5% 87.4M 2s
   550K .......... .......... .......... .......... ..........  6% 81.4M 2s
   600K .......... .......... .......... .......... ..........  6% 73.2M 2s
   650K .......... .......... .......... .......... ..........  7% 73.6M 2s
   700K .......... .......... .......... .......... ..........  7% 82.4M 2s
   750K .......... .......... .......... .......... ..........  8%  122M 2s
   800K .......... .......... .......... .......... ..........  8%  161M 1s
   850K .......... .......... .......... .......... ..........  9% 2.06M 2s
   900K .......... .......... .......... .......... ..........  9% 81.0M 2s
   950K .......... .......... .......... .......... .......... 10% 75.3M 1s
  1000K .......... .......... .......... .......... .......... 11% 76.2M 1s
  1050K .......... .......... .......... .......... .......... 11% 79.5M 1s
  1100K .......... .......... .......... .......... .......... 12% 65.1M 1s
  1150K .......... .......... .......... .......... .......... 12% 81.0M 1s
  1200K .......... .......... .......... .......... .......... 13% 68.6M 1s
  1250K .......... .......... .......... .......... .......... 13% 73.7M 1s
  1300K .......... .......... .......... .......... .......... 14% 87.9M 1s
  1350K .......... .......... .......... .......... .......... 14% 80.9M 1s
  1400K .......... .......... .......... .......... .......... 15% 72.1M 1s
  1450K .......... .......... .......... .......... .......... 15% 76.4M 1s
  1500K .......... .......... .......... .......... .......... 16% 90.3M 1s
  1550K .......... .......... .......... .......... .......... 16%  102M 1s
  1600K .......... .......... .......... .......... .......... 17%  142M 1s
  1650K .......... .......... .......... .......... .......... 17%  164M 1s
  1700K .......... .......... .......... .......... .......... 18%  136M 1s
  1750K .......... .......... .......... .......... .......... 18% 2.62M 1s
  1800K .......... .......... .......... .......... .......... 19% 85.2M 1s
  1850K .......... .......... .......... .......... .......... 19% 83.1M 1s
  1900K .......... .......... .......... .......... .......... 20% 85.8M 1s
  1950K .......... .......... .......... .......... .......... 20% 84.0M 1s
  2000K .......... .......... .......... .......... .......... 21% 93.2M 1s
  2050K .......... .......... .......... .......... .......... 22% 87.6M 1s
  2100K .......... .......... .......... .......... .......... 22% 77.9M 1s
  2150K .......... .......... .......... .......... .......... 23% 94.9M 1s
  2200K .......... .......... .......... .......... .......... 23% 85.4M 1s
  2250K .......... .......... .......... .......... .......... 24%  102M 1s
  2300K .......... .......... .......... .......... .......... 24% 87.7M 1s
  2350K .......... .......... .......... .......... .......... 25% 74.9M 1s
  2400K .......... .......... .......... .......... .......... 25% 89.5M 1s
  2450K .......... .......... .......... .......... .......... 26% 79.7M 1s
  2500K .......... .......... .......... .......... .......... 26% 94.0M 1s
  2550K .......... .......... .......... .......... .......... 27% 87.0M 1s
  2600K .......... .......... .......... .......... .......... 27% 78.4M 1s
  2650K .......... .......... .......... .......... .......... 28% 88.6M 1s
  2700K .......... .......... .......... .......... .......... 28%  108M 1s
  2750K .......... .......... .......... .......... .......... 29%  132M 1s
  2800K .......... .......... .......... .......... .......... 29%  142M 0s
  2850K .......... .......... .......... .......... .......... 30%  130M 0s
  2900K .......... .......... .......... .......... .......... 30%  118M 0s
  2950K .......... .......... .......... .......... .......... 31% 30.6M 0s
  3000K .......... .......... .......... .......... .......... 31% 30.7M 0s
  3050K .......... .......... .......... .......... .......... 32% 35.4M 0s
  3100K .......... .......... .......... .......... .......... 33% 28.5M 0s
  3150K .......... .......... .......... .......... .......... 33% 32.5M 0s
  3200K .......... .......... .......... .......... .......... 34% 28.5M 0s
  3250K .......... .......... .......... .......... .......... 34% 33.1M 0s
  3300K .......... .......... .......... .......... .......... 35% 33.1M 0s
  3350K .......... .......... .......... .......... .......... 35% 29.1M 0s
  3400K .......... .......... .......... .......... .......... 36% 25.9M 0s
  3450K .......... .......... .......... .......... .......... 36% 14.6M 0s
  3500K .......... .......... .......... .......... .......... 37% 17.9M 0s
  3550K .......... .......... .......... .......... .......... 37% 17.1M 0s
  3600K .......... .......... .......... .......... .......... 38% 18.2M 0s
  3650K .......... .......... .......... .......... .......... 38% 26.6M 0s
  3700K .......... .......... .......... .......... .......... 39% 21.4M 0s
  3750K .......... .......... .......... .......... .......... 39% 28.0M 0s
  3800K .......... .......... .......... .......... .......... 40% 25.5M 0s
  3850K .......... .......... .......... .......... .......... 40% 22.4M 0s
  3900K .......... .......... .......... .......... .......... 41% 24.0M 0s
  3950K .......... .......... .......... .......... .......... 41% 24.3M 0s
  4000K .......... .......... .......... .......... .......... 42% 25.3M 0s
  4050K .......... .......... .......... .......... .......... 42% 29.2M 0s
  4100K .......... .......... .......... .......... .......... 43% 26.0M 0s
  4150K .......... .......... .......... .......... .......... 44% 28.5M 0s
  4200K .......... .......... .......... .......... .......... 44% 24.9M 0s
  4250K .......... .......... .......... .......... .......... 45% 31.7M 0s
  4300K .......... .......... .......... .......... .......... 45% 28.0M 0s
  4350K .......... .......... .......... .......... .......... 46% 25.1M 0s
  4400K .......... .......... .......... .......... .......... 46% 27.5M 0s
  4450K .......... .......... .......... .......... .......... 47% 23.9M 0s
  4500K .......... .......... .......... .......... .......... 47% 27.3M 0s
  4550K .......... .......... .......... .......... .......... 48% 28.1M 0s
  4600K .......... .......... .......... .......... .......... 48% 23.1M 0s
  4650K .......... .......... .......... .......... .......... 49% 27.6M 0s
  4700K .......... .......... .......... .......... .......... 49% 24.9M 0s
  4750K .......... .......... .......... .......... .......... 50% 27.2M 0s
  4800K .......... .......... .......... .......... .......... 50% 27.5M 0s
  4850K .......... .......... .......... .......... .......... 51% 22.9M 0s
  4900K .......... .......... .......... .......... .......... 51% 27.2M 0s
  4950K .......... .......... .......... .......... .......... 52% 24.0M 0s
  5000K .......... .......... .......... .......... .......... 52% 27.0M 0s
  5050K .......... .......... .......... .......... .......... 53% 27.3M 0s
  5100K .......... .......... .......... .......... .......... 53% 24.0M 0s
  5150K .......... .......... .......... .......... .......... 54% 25.9M 0s
  5200K .......... .......... .......... .......... .......... 55% 23.5M 0s
  5250K .......... .......... .......... .......... .......... 55% 26.5M 0s
  5300K .......... .......... .......... .......... .......... 56% 29.0M 0s
  5350K .......... .......... .......... .......... .......... 56% 26.5M 0s
  5400K .......... .......... .......... .......... .......... 57% 31.0M 0s
  5450K .......... .......... .......... .......... .......... 57% 26.9M 0s
  5500K .......... .......... .......... .......... .......... 58% 31.0M 0s
  5550K .......... .......... .......... .......... .......... 58% 31.5M 0s
  5600K .......... .......... .......... .......... .......... 59% 27.2M 0s
  5650K .......... .......... .......... .......... .......... 59% 30.3M 0s
  5700K .......... .......... .......... .......... .......... 60% 27.8M 0s
  5750K .......... .......... .......... .......... .......... 60% 30.3M 0s
  5800K .......... .......... .......... .......... .......... 61% 30.1M 0s
  5850K .......... .......... .......... .......... .......... 61% 27.4M 0s
  5900K .......... .......... .......... .......... .......... 62% 31.0M 0s
  5950K .......... .......... .......... .......... .......... 62% 26.6M 0s
  6000K .......... .......... .......... .......... .......... 63% 31.9M 0s
  6050K .......... .......... .......... .......... .......... 63% 30.8M 0s
  6100K .......... .......... .......... .......... .......... 64% 26.8M 0s
  6150K .......... .......... .......... .......... .......... 64% 30.6M 0s
  6200K .......... .......... .......... .......... .......... 65% 27.1M 0s
  6250K .......... .......... .......... .......... .......... 66% 30.9M 0s
  6300K .......... .......... .......... .......... .......... 66% 31.5M 0s
  6350K .......... .......... .......... .......... .......... 67% 25.8M 0s
  6400K .......... .......... .......... .......... .......... 67% 32.4M 0s
  6450K .......... .......... .......... .......... .......... 68% 26.9M 0s
  6500K .......... .......... .......... .......... .......... 68% 31.4M 0s
  6550K .......... .......... .......... .......... .......... 69% 31.7M 0s
  6600K .......... .......... .......... .......... .......... 69% 26.0M 0s
  6650K .......... .......... .......... .......... .......... 70% 31.3M 0s
  6700K .......... .......... .......... .......... .......... 70% 27.0M 0s
  6750K .......... .......... .......... .......... .......... 71% 30.4M 0s
  6800K .......... .......... .......... .......... .......... 71% 32.7M 0s
  6850K .......... .......... .......... .......... .......... 72% 26.5M 0s
  6900K .......... .......... .......... .......... .......... 72% 31.3M 0s
  6950K .......... .......... .......... .......... .......... 73% 27.4M 0s
  7000K .......... .......... .......... .......... .......... 73% 31.0M 0s
  7050K .......... .......... .......... .......... .......... 74% 32.0M 0s
  7100K .......... .......... .......... .......... .......... 74% 26.4M 0s
  7150K .......... .......... .......... .......... .......... 75% 31.9M 0s
  7200K .......... .......... .......... .......... .......... 75% 26.5M 0s
  7250K .......... .......... .......... .......... .......... 76% 30.2M 0s
  7300K .......... .......... .......... .......... .......... 77% 30.1M 0s
  7350K .......... .......... .......... .......... .......... 77% 26.4M 0s
  7400K .......... .......... .......... .......... .......... 78% 30.0M 0s
  7450K .......... .......... .......... .......... .......... 78% 26.5M 0s
  7500K .......... .......... .......... .......... .......... 79% 31.1M 0s
  7550K .......... .......... .......... .......... .......... 79% 31.1M 0s
  7600K .......... .......... .......... .......... .......... 80% 27.3M 0s
  7650K .......... .......... .......... .......... .......... 80% 31.6M 0s
  7700K .......... .......... .......... .......... .......... 81% 27.3M 0s
  7750K .......... .......... .......... .......... .......... 81% 31.4M 0s
  7800K .......... .......... .......... .......... .......... 82% 31.4M 0s
  7850K .......... .......... .......... .......... .......... 82% 26.7M 0s
  7900K .......... .......... .......... .......... .......... 83% 26.6M 0s
  7950K .......... .......... .......... .......... .......... 83% 33.4M 0s
  8000K .......... .......... .......... .......... .......... 84% 32.5M 0s
  8050K .......... .......... .......... .......... .......... 84% 30.9M 0s
  8100K .......... .......... .......... .......... .......... 85% 27.1M 0s
  8150K .......... .......... .......... .......... .......... 85% 31.7M 0s
  8200K .......... .......... .......... .......... .......... 86% 26.8M 0s
  8250K .......... .......... .......... .......... .......... 86% 21.9M 0s
  8300K .......... .......... .......... .......... .......... 87% 56.3M 0s
  8350K .......... .......... .......... .......... .......... 88% 27.4M 0s
  8400K .......... .......... .......... .......... .......... 88% 31.0M 0s
  8450K .......... .......... .......... .......... .......... 89% 26.8M 0s
  8500K .......... .......... .......... .......... .......... 89% 30.9M 0s
  8550K .......... .......... .......... .......... .......... 90% 32.2M 0s
  8600K .......... .......... .......... .......... .......... 90% 26.5M 0s
  8650K .......... .......... .......... .......... .......... 91% 30.9M 0s
  8700K .......... .......... .......... .......... .......... 91% 27.5M 0s
  8750K .......... .......... .......... .......... .......... 92% 31.6M 0s
  8800K .......... .......... .......... .......... .......... 92% 30.4M 0s
  8850K .......... .......... .......... .......... .......... 93% 28.8M 0s
  8900K .......... .......... .......... .......... .......... 93% 29.6M 0s
  8950K .......... .......... .......... .......... .......... 94% 27.8M 0s
  9000K .......... .......... .......... .......... .......... 94% 31.0M 0s
  9050K .......... .......... .......... .......... .......... 95% 32.1M 0s
  9100K .......... .......... .......... .......... .......... 95% 26.3M 0s
  9150K .......... .......... .......... .......... .......... 96% 29.8M 0s
  9200K .......... .......... .......... .......... .......... 96% 26.2M 0s
  9250K .......... .......... .......... .......... .......... 97% 30.6M 0s
  9300K .......... .......... .......... .......... .......... 97% 31.8M 0s
  9350K .......... .......... .......... .......... .......... 98% 27.6M 0s
  9400K .......... .......... .......... .......... .......... 99% 30.5M 0s
  9450K .......... .......... .......... .......... .......... 99% 26.8M 0s
  9500K .......... .......... .......... .......... ....      100% 34.6M=0.4s

2022-04-22 02:55:04 (21.1 MB/s) - ‘/root/process_mining/trips_tracing/stops.json’ saved [9773072/9773072]

--2022-04-22 02:55:04--  https://files.cloudgdansk.pl/d/otwarte-dane/ztm/baza-pojazdow.json?v=2
Resolving files.cloudgdansk.pl (files.cloudgdansk.pl)... 153.19.238.147
Connecting to files.cloudgdansk.pl (files.cloudgdansk.pl)|153.19.238.147|:443... connected.
HTTP request sent, awaiting response... 200 OK
Length: 279155 (273K) [application/json]
Saving to: ‘/root/process_mining/trips_tracing/baza-pojazdow.json’

     0K .......... .......... .......... .......... .......... 18% 1.72M 0s
    50K .......... .......... .......... .......... .......... 36% 1.73M 0s
   100K .......... .......... .......... .......... .......... 55%  137M 0s
   150K .......... .......... .......... .......... .......... 73% 1.76M 0s
   200K .......... .......... .......... .......... .......... 91%  170M 0s
   250K .......... .......... ..                              100%  202M=0.09s

2022-04-22 02:55:05 (3.13 MB/s) - ‘/root/process_mining/trips_tracing/baza-pojazdow.json’ saved [279155/279155]

