--2022-04-23 02:55:01--  https://ckan.multimediagdansk.pl/dataset/c24aa637-3619-4dc2-a171-a23eec8f2172/resource/3115d29d-b763-4af5-93f6-763b835967d6/download/stopsintrip.json
Resolving ckan.multimediagdansk.pl (ckan.multimediagdansk.pl)... 91.244.248.30
Connecting to ckan.multimediagdansk.pl (ckan.multimediagdansk.pl)|91.244.248.30|:443... connected.
HTTP request sent, awaiting response... 200 OK
Length: 28567997 (27M) [application/json]
Saving to: ‘/root/process_mining/trips_tracing/stopsintrip.json’

     0K .......... .......... .......... .......... ..........  0%  862K 32s
    50K .......... .......... .......... .......... ..........  0% 1.70M 24s
   100K .......... .......... .......... .......... ..........  0% 55.3M 16s
   150K .......... .......... .......... .......... ..........  0% 54.4M 12s
   200K .......... .......... .......... .......... ..........  0% 1.75M 13s
   250K .......... .......... .......... .......... ..........  1% 57.6M 11s
   300K .......... .......... .......... .......... ..........  1% 71.8M 9s
   350K .......... .......... .......... .......... ..........  1%  141M 8s
   400K .......... .......... .......... .......... ..........  1% 1.81M 9s
   450K .......... .......... .......... .......... ..........  1% 63.2M 8s
   500K .......... .......... .......... .......... ..........  1% 53.5M 7s
   550K .......... .......... .......... .......... ..........  2% 81.0M 7s
   600K .......... .......... .......... .......... ..........  2% 81.6M 6s
   650K .......... .......... .......... .......... ..........  2% 70.2M 6s
   700K .......... .......... .......... .......... ..........  2%  154M 5s
   750K .......... .......... .......... .......... ..........  2%  153M 5s
   800K .......... .......... .......... .......... ..........  3%  138M 5s
   850K .......... .......... .......... .......... ..........  3% 2.01M 5s
   900K .......... .......... .......... .......... ..........  3% 67.5M 5s
   950K .......... .......... .......... .......... ..........  3% 87.5M 5s
  1000K .......... .......... .......... .......... ..........  3% 80.2M 4s
  1050K .......... .......... .......... .......... ..........  3% 72.9M 4s
  1100K .......... .......... .......... .......... ..........  4% 79.9M 4s
  1150K .......... .......... .......... .......... ..........  4% 57.0M 4s
  1200K .......... .......... .......... .......... ..........  4% 91.8M 4s
  1250K .......... .......... .......... .......... ..........  4% 59.4M 4s
  1300K .......... .......... .......... .......... ..........  4% 57.5M 4s
  1350K .......... .......... .......... .......... ..........  5% 76.7M 3s
  1400K .......... .......... .......... .......... ..........  5% 58.3M 3s
  1450K .......... .......... .......... .......... ..........  5% 1.57M 4s
  1500K .......... .......... .......... .......... ..........  5% 83.9M 4s
  1550K .......... .......... .......... .......... ..........  5% 2.65M 4s
  1600K .......... .......... .......... .......... ..........  5% 84.5M 4s
  1650K .......... .......... .......... .......... ..........  6%  128M 4s
  1700K .......... .......... .......... .......... ..........  6%  148M 3s
  1750K .......... .......... .......... .......... ..........  6%  123M 3s
  1800K .......... .......... .......... .......... ..........  6%  121M 3s
  1850K .......... .......... .......... .......... ..........  6%  105M 3s
  1900K .......... .......... .......... .......... ..........  6%  147M 3s
  1950K .......... .......... .......... .......... ..........  7%  101M 3s
  2000K .......... .......... .......... .......... ..........  7% 93.2M 3s
  2050K .......... .......... .......... .......... ..........  7% 99.1M 3s
  2100K .......... .......... .......... .......... ..........  7% 75.1M 3s
  2150K .......... .......... .......... .......... ..........  7% 67.0M 3s
  2200K .......... .......... .......... .......... ..........  8% 89.2M 3s
  2250K .......... .......... .......... .......... ..........  8% 86.9M 3s
  2300K .......... .......... .......... .......... ..........  8% 81.6M 3s
  2350K .......... .......... .......... .......... ..........  8% 71.1M 3s
  2400K .......... .......... .......... .......... ..........  8% 73.7M 3s
  2450K .......... .......... .......... .......... ..........  8% 92.3M 2s
  2500K .......... .......... .......... .......... ..........  9% 90.7M 2s
  2550K .......... .......... .......... .......... ..........  9% 80.8M 2s
  2600K .......... .......... .......... .......... ..........  9%  117M 2s
  2650K .......... .......... .......... .......... ..........  9% 83.5M 2s
  2700K .......... .......... .......... .......... ..........  9%  118M 2s
  2750K .......... .......... .......... .......... .......... 10%  150M 2s
  2800K .......... .......... .......... .......... .......... 10%  140M 2s
  2850K .......... .......... .......... .......... .......... 10%  148M 2s
  2900K .......... .......... .......... .......... .......... 10%  127M 2s
  2950K .......... .......... .......... .......... .......... 10%  164M 2s
  3000K .......... .......... .......... .......... .......... 10%  157M 2s
  3050K .......... .......... .......... .......... .......... 11%  134M 2s
  3100K .......... .......... .......... .......... .......... 11%  158M 2s
  3150K .......... .......... .......... .......... .......... 11%  140M 2s
  3200K .......... .......... .......... .......... .......... 11%  149M 2s
  3250K .......... .......... .......... .......... .......... 11%  149M 2s
  3300K .......... .......... .......... .......... .......... 12%  136M 2s
  3350K .......... .......... .......... .......... .......... 12%  156M 2s
  3400K .......... .......... .......... .......... .......... 12%  154M 2s
  3450K .......... .......... .......... .......... .......... 12%  133M 2s
  3500K .......... .......... .......... .......... .......... 12%  146M 2s
  3550K .......... .......... .......... .......... .......... 12%  135M 2s
  3600K .......... .......... .......... .......... .......... 13%  159M 2s
  3650K .......... .......... .......... .......... .......... 13%  132M 2s
  3700K .......... .......... .......... .......... .......... 13%  154M 2s
  3750K .......... .......... .......... .......... .......... 13% 3.92M 2s
  3800K .......... .......... .......... .......... .......... 13% 65.1M 2s
  3850K .......... .......... .......... .......... .......... 13% 89.0M 2s
  3900K .......... .......... .......... .......... .......... 14% 54.3M 2s
  3950K .......... .......... .......... .......... .......... 14% 86.4M 2s
  4000K .......... .......... .......... .......... .......... 14% 97.8M 2s
  4050K .......... .......... .......... .......... .......... 14% 88.3M 2s
  4100K .......... .......... .......... .......... .......... 14% 60.3M 2s
  4150K .......... .......... .......... .......... .......... 15% 25.3M 2s
  4200K .......... .......... .......... .......... .......... 15% 22.8M 2s
  4250K .......... .......... .......... .......... .......... 15% 14.1M 2s
  4300K .......... .......... .......... .......... .......... 15% 34.6M 1s
  4350K .......... .......... .......... .......... .......... 15% 28.9M 1s
  4400K .......... .......... .......... .......... .......... 15% 21.2M 1s
  4450K .......... .......... .......... .......... .......... 16% 33.8M 1s
  4500K .......... .......... .......... .......... .......... 16% 27.3M 1s
  4550K .......... .......... .......... .......... .......... 16% 32.5M 1s
  4600K .......... .......... .......... .......... .......... 16% 22.8M 1s
  4650K .......... .......... .......... .......... .......... 16% 25.4M 1s
  4700K .......... .......... .......... .......... .......... 17% 20.2M 1s
  4750K .......... .......... .......... .......... .......... 17% 48.7M 1s
  4800K .......... .......... .......... .......... .......... 17% 24.6M 1s
  4850K .......... .......... .......... .......... .......... 17% 16.3M 1s
  4900K .......... .......... .......... .......... .......... 17% 26.6M 1s
  4950K .......... .......... .......... .......... .......... 17% 28.8M 1s
  5000K .......... .......... .......... .......... .......... 18% 31.3M 1s
  5050K .......... .......... .......... .......... .......... 18% 15.4M 1s
  5100K .......... .......... .......... .......... .......... 18% 30.6M 1s
  5150K .......... .......... .......... .......... .......... 18% 28.4M 1s
  5200K .......... .......... .......... .......... .......... 18% 23.8M 1s
  5250K .......... .......... .......... .......... .......... 18% 18.9M 1s
  5300K .......... .......... .......... .......... .......... 19% 24.6M 1s
  5350K .......... .......... .......... .......... .......... 19% 30.6M 1s
  5400K .......... .......... .......... .......... .......... 19% 22.8M 1s
  5450K .......... .......... .......... .......... .......... 19% 14.5M 1s
  5500K .......... .......... .......... .......... .......... 19% 25.7M 1s
  5550K .......... .......... .......... .......... .......... 20% 22.1M 1s
  5600K .......... .......... .......... .......... .......... 20% 26.7M 1s
  5650K .......... .......... .......... .......... .......... 20% 18.4M 1s
  5700K .......... .......... .......... .......... .......... 20% 27.5M 1s
  5750K .......... .......... .......... .......... .......... 20% 26.1M 1s
  5800K .......... .......... .......... .......... .......... 20% 29.6M 1s
  5850K .......... .......... .......... .......... .......... 21% 18.9M 1s
  5900K .......... .......... .......... .......... .......... 21% 27.9M 1s
  5950K .......... .......... .......... .......... .......... 21% 30.1M 1s
  6000K .......... .......... .......... .......... .......... 21% 24.5M 1s
  6050K .......... .......... .......... .......... .......... 21% 29.9M 1s
  6100K .......... .......... .......... .......... .......... 22% 17.2M 1s
  6150K .......... .......... .......... .......... .......... 22% 31.1M 1s
  6200K .......... .......... .......... .......... .......... 22% 26.1M 1s
  6250K .......... .......... .......... .......... .......... 22% 27.5M 1s
  6300K .......... .......... .......... .......... .......... 22% 20.8M 1s
  6350K .......... .......... .......... .......... .......... 22% 24.3M 1s
  6400K .......... .......... .......... .......... .......... 23% 28.9M 1s
  6450K .......... .......... .......... .......... .......... 23% 25.6M 1s
  6500K .......... .......... .......... .......... .......... 23% 21.4M 1s
  6550K .......... .......... .......... .......... .......... 23% 28.1M 1s
  6600K .......... .......... .......... .......... .......... 23% 24.9M 1s
  6650K .......... .......... .......... .......... .......... 24% 24.1M 1s
  6700K .......... .......... .......... .......... .......... 24% 23.9M 1s
  6750K .......... .......... .......... .......... .......... 24% 28.3M 1s
  6800K .......... .......... .......... .......... .......... 24% 28.1M 1s
  6850K .......... .......... .......... .......... .......... 24% 20.1M 1s
  6900K .......... .......... .......... .......... .......... 24% 29.3M 1s
  6950K .......... .......... .......... .......... .......... 25% 24.4M 1s
  7000K .......... .......... .......... .......... .......... 25% 29.3M 1s
  7050K .......... .......... .......... .......... .......... 25% 28.3M 1s
  7100K .......... .......... .......... .......... .......... 25% 17.8M 1s
  7150K .......... .......... .......... .......... .......... 25% 25.4M 1s
  7200K .......... .......... .......... .......... .......... 25% 25.5M 1s
  7250K .......... .......... .......... .......... .......... 26% 21.3M 1s
  7300K .......... .......... .......... .......... .......... 26% 27.4M 1s
  7350K .......... .......... .......... .......... .......... 26% 30.2M 1s
  7400K .......... .......... .......... .......... .......... 26% 24.5M 1s
  7450K .......... .......... .......... .......... .......... 26% 28.9M 1s
  7500K .......... .......... .......... .......... .......... 27% 19.5M 1s
  7550K .......... .......... .......... .......... .......... 27% 30.2M 1s
  7600K .......... .......... .......... .......... .......... 27% 11.7M 1s
  7650K .......... .......... .......... .......... .......... 27% 26.0M 1s
  7700K .......... .......... .......... .......... .......... 27% 21.5M 1s
  7750K .......... .......... .......... .......... .......... 27% 25.1M 1s
  7800K .......... .......... .......... .......... .......... 28% 18.3M 1s
  7850K .......... .......... .......... .......... .......... 28% 21.5M 1s
  7900K .......... .......... .......... .......... .......... 28% 13.3M 1s
  7950K .......... .......... .......... .......... .......... 28% 19.6M 1s
  8000K .......... .......... .......... .......... .......... 28% 25.3M 1s
  8050K .......... .......... .......... .......... .......... 29% 28.2M 1s
  8100K .......... .......... .......... .......... .......... 29% 23.0M 1s
  8150K .......... .......... .......... .......... .......... 29% 23.9M 1s
  8200K .......... .......... .......... .......... .......... 29% 31.1M 1s
  8250K .......... .......... .......... .......... .......... 29% 26.6M 1s
  8300K .......... .......... .......... .......... .......... 29% 27.7M 1s
  8350K .......... .......... .......... .......... .......... 30% 17.9M 1s
  8400K .......... .......... .......... .......... .......... 30% 25.5M 1s
  8450K .......... .......... .......... .......... .......... 30% 31.9M 1s
  8500K .......... .......... .......... .......... .......... 30% 29.2M 1s
  8550K .......... .......... .......... .......... .......... 30% 21.4M 1s
  8600K .......... .......... .......... .......... .......... 31% 29.7M 1s
  8650K .......... .......... .......... .......... .......... 31% 24.9M 1s
  8700K .......... .......... .......... .......... .......... 31% 30.7M 1s
  8750K .......... .......... .......... .......... .......... 31% 19.6M 1s
  8800K .......... .......... .......... .......... .......... 31% 30.7M 1s
  8850K .......... .......... .......... .......... .......... 31% 27.4M 1s
  8900K .......... .......... .......... .......... .......... 32% 23.6M 1s
  8950K .......... .......... .......... .......... .......... 32% 20.8M 1s
  9000K .......... .......... .......... .......... .......... 32% 27.7M 1s
  9050K .......... .......... .......... .......... .......... 32% 24.1M 1s
  9100K .......... .......... .......... .......... .......... 32% 29.6M 1s
  9150K .......... .......... .......... .......... .......... 32% 17.1M 1s
  9200K .......... .......... .......... .......... .......... 33% 28.7M 1s
  9250K .......... .......... .......... .......... .......... 33% 28.3M 1s
  9300K .......... .......... .......... .......... .......... 33% 24.3M 1s
  9350K .......... .......... .......... .......... .......... 33% 26.9M 1s
  9400K .......... .......... .......... .......... .......... 33% 16.3M 1s
  9450K .......... .......... .......... .......... .......... 34% 28.2M 1s
  9500K .......... .......... .......... .......... .......... 34% 23.7M 1s
  9550K .......... .......... .......... .......... .......... 34% 29.3M 1s
  9600K .......... .......... .......... .......... .......... 34% 6.75M 1s
  9650K .......... .......... .......... .......... .......... 34% 24.7M 1s
  9700K .......... .......... .......... .......... .......... 34% 27.8M 1s
  9750K .......... .......... .......... .......... .......... 35% 25.2M 1s
  9800K .......... .......... .......... .......... .......... 35% 20.9M 1s
  9850K .......... .......... .......... .......... .......... 35% 27.4M 1s
  9900K .......... .......... .......... .......... .......... 35% 25.1M 1s
  9950K .......... .......... .......... .......... .......... 35% 28.9M 1s
 10000K .......... .......... .......... .......... .......... 36% 19.2M 1s
 10050K .......... .......... .......... .......... .......... 36% 29.0M 1s
 10100K .......... .......... .......... .......... .......... 36% 24.1M 1s
 10150K .......... .......... .......... .......... .......... 36% 29.3M 1s
 10200K .......... .......... .......... .......... .......... 36% 28.8M 1s
 10250K .......... .......... .......... .......... .......... 36% 24.0M 1s
 10300K .......... .......... .......... .......... .......... 37% 21.9M 1s
 10350K .......... .......... .......... .......... .......... 37% 25.8M 1s
 10400K .......... .......... .......... .......... .......... 37% 29.3M 1s
 10450K .......... .......... .......... .......... .......... 37% 24.3M 1s
 10500K .......... .......... .......... .......... .......... 37% 24.8M 1s
 10550K .......... .......... .......... .......... .......... 37% 1.49M 1s
 10600K .......... .......... .......... .......... .......... 38% 31.1M 1s
 10650K .......... .......... .......... .......... .......... 38% 31.7M 1s
 10700K .......... .......... .......... .......... .......... 38% 27.5M 1s
 10750K .......... .......... .......... .......... .......... 38% 20.4M 1s
 10800K .......... .......... .......... .......... .......... 38% 30.2M 1s
 10850K .......... .......... .......... .......... .......... 39% 27.5M 1s
 10900K .......... .......... .......... .......... .......... 39% 34.2M 1s
 10950K .......... .......... .......... .......... .......... 39% 26.0M 1s
 11000K .......... .......... .......... .......... .......... 39% 28.2M 1s
 11050K .......... .......... .......... .......... .......... 39% 24.8M 1s
 11100K .......... .......... .......... .......... .......... 39% 20.1M 1s
 11150K .......... .......... .......... .......... .......... 40% 45.6M 1s
 11200K .......... .......... .......... .......... .......... 40% 26.0M 1s
 11250K .......... .......... .......... .......... .......... 40% 25.5M 1s
 11300K .......... .......... .......... .......... .......... 40% 17.4M 1s
 11350K .......... .......... .......... .......... .......... 40% 18.7M 1s
 11400K .......... .......... .......... .......... .......... 41% 26.4M 1s
 11450K .......... .......... .......... .......... .......... 41% 23.1M 1s
 11500K .......... .......... .......... .......... .......... 41% 29.1M 1s
 11550K .......... .......... .......... .......... .......... 41% 12.7M 1s
 11600K .......... .......... .......... .......... .......... 41% 17.7M 1s
 11650K .......... .......... .......... .......... .......... 41% 19.7M 1s
 11700K .......... .......... .......... .......... .......... 42% 15.6M 1s
 11750K .......... .......... .......... .......... .......... 42% 25.1M 1s
 11800K .......... .......... .......... .......... .......... 42% 26.5M 1s
 11850K .......... .......... .......... .......... .......... 42% 24.5M 1s
 11900K .......... .......... .......... .......... .......... 42% 21.9M 1s
 11950K .......... .......... .......... .......... .......... 43% 25.8M 1s
 12000K .......... .......... .......... .......... .......... 43% 26.5M 1s
 12050K .......... .......... .......... .......... .......... 43% 32.3M 1s
 12100K .......... .......... .......... .......... .......... 43% 26.2M 1s
 12150K .......... .......... .......... .......... .......... 43% 22.1M 1s
 12200K .......... .......... .......... .......... .......... 43% 22.7M 1s
 12250K .......... .......... .......... .......... .......... 44% 29.5M 1s
 12300K .......... .......... .......... .......... .......... 44% 20.4M 1s
 12350K .......... .......... .......... .......... .......... 44% 25.3M 1s
 12400K .......... .......... .......... .......... .......... 44% 29.8M 1s
 12450K .......... .......... .......... .......... .......... 44% 24.4M 1s
 12500K .......... .......... .......... .......... .......... 44% 22.3M 1s
 12550K .......... .......... .......... .......... .......... 45% 25.8M 1s
 12600K .......... .......... .......... .......... .......... 45% 31.2M 1s
 12650K .......... .......... .......... .......... .......... 45% 30.1M 1s
 12700K .......... .......... .......... .......... .......... 45% 21.7M 1s
 12750K .......... .......... .......... .......... .......... 45% 30.0M 1s
 12800K .......... .......... .......... .......... .......... 46% 26.0M 1s
 12850K .......... .......... .......... .......... .......... 46% 29.1M 1s
 12900K .......... .......... .......... .......... .......... 46% 31.1M 1s
 12950K .......... .......... .......... .......... .......... 46% 20.5M 1s
 13000K .......... .......... .......... .......... .......... 46% 26.2M 1s
 13050K .......... .......... .......... .......... .......... 46% 29.2M 1s
 13100K .......... .......... .......... .......... .......... 47% 32.2M 1s
 13150K .......... .......... .......... .......... .......... 47% 22.2M 1s
 13200K .......... .......... .......... .......... .......... 47% 30.0M 1s
 13250K .......... .......... .......... .......... .......... 47% 26.6M 1s
 13300K .......... .......... .......... .......... .......... 47% 29.1M 1s
 13350K .......... .......... .......... .......... .......... 48% 23.4M 1s
 13400K .......... .......... .......... .......... .......... 48% 30.4M 1s
 13450K .......... .......... .......... .......... .......... 48% 31.9M 1s
 13500K .......... .......... .......... .......... .......... 48% 26.2M 1s
 13550K .......... .......... .......... .......... .......... 48% 25.0M 1s
 13600K .......... .......... .......... .......... .......... 48% 26.5M 1s
 13650K .......... .......... .......... .......... .......... 49% 31.0M 1s
 13700K .......... .......... .......... .......... .......... 49% 29.8M 1s
 13750K .......... .......... .......... .......... .......... 49% 21.7M 1s
 13800K .......... .......... .......... .......... .......... 49% 26.6M 1s
 13850K .......... .......... .......... .......... .......... 49% 29.2M 1s
 13900K .......... .......... .......... .......... .......... 50% 30.7M 1s
 13950K .......... .......... .......... .......... .......... 50% 24.5M 1s
 14000K .......... .......... .......... .......... .......... 50% 27.5M 1s
 14050K .......... .......... .......... .......... .......... 50% 30.4M 1s
 14100K .......... .......... .......... .......... .......... 50% 24.2M 1s
 14150K .......... .......... .......... .......... .......... 50% 22.4M 1s
 14200K .......... .......... .......... .......... .......... 51% 29.3M 1s
 14250K .......... .......... .......... .......... .......... 51% 25.7M 1s
 14300K .......... .......... .......... .......... .......... 51% 28.6M 1s
 14350K .......... .......... .......... .......... .......... 51% 18.5M 1s
 14400K .......... .......... .......... .......... .......... 51% 27.5M 1s
 14450K .......... .......... .......... .......... .......... 51% 30.0M 1s
 14500K .......... .......... .......... .......... .......... 52% 30.5M 1s
 14550K .......... .......... .......... .......... .......... 52% 22.3M 1s
 14600K .......... .......... .......... .......... .......... 52% 31.8M 1s
 14650K .......... .......... .......... .......... .......... 52% 27.8M 1s
 14700K .......... .......... .......... .......... .......... 52% 32.2M 1s
 14750K .......... .......... .......... .......... .......... 53% 22.5M 1s
 14800K .......... .......... .......... .......... .......... 53% 31.6M 1s
 14850K .......... .......... .......... .......... .......... 53% 31.4M 1s
 14900K .......... .......... .......... .......... .......... 53% 27.3M 1s
 14950K .......... .......... .......... .......... .......... 53% 26.6M 1s
 15000K .......... .......... .......... .......... .......... 53% 26.1M 1s
 15050K .......... .......... .......... .......... .......... 54% 26.7M 1s
 15100K .......... .......... .......... .......... .......... 54% 25.1M 1s
 15150K .......... .......... .......... .......... .......... 54% 21.8M 1s
 15200K .......... .......... .......... .......... .......... 54% 29.0M 1s
 15250K .......... .......... .......... .......... .......... 54% 27.0M 1s
 15300K .......... .......... .......... .......... .......... 55% 30.5M 1s
 15350K .......... .......... .......... .......... .......... 55% 24.8M 1s
 15400K .......... .......... .......... .......... .......... 55% 25.9M 1s
 15450K .......... .......... .......... .......... .......... 55% 30.3M 1s
 15500K .......... .......... .......... .......... .......... 55% 25.9M 1s
 15550K .......... .......... .......... .......... .......... 55% 29.7M 1s
 15600K .......... .......... .......... .......... .......... 56% 16.4M 1s
 15650K .......... .......... .......... .......... .......... 56% 22.5M 1s
 15700K .......... .......... .......... .......... .......... 56% 31.9M 1s
 15750K .......... .......... .......... .......... .......... 56% 26.6M 1s
 15800K .......... .......... .......... .......... .......... 56% 30.3M 1s
 15850K .......... .......... .......... .......... .......... 56% 26.4M 1s
 15900K .......... .......... .......... .......... .......... 57% 25.5M 1s
 15950K .......... .......... .......... .......... .......... 57% 29.1M 1s
 16000K .......... .......... .......... .......... .......... 57% 19.5M 1s
 16050K .......... .......... .......... .......... .......... 57% 24.3M 1s
 16100K .......... .......... .......... .......... .......... 57% 26.5M 1s
 16150K .......... .......... .......... .......... .......... 58% 22.1M 1s
 16200K .......... .......... .......... .......... .......... 58% 30.8M 1s
 16250K .......... .......... .......... .......... .......... 58% 28.8M 1s
 16300K .......... .......... .......... .......... .......... 58% 27.9M 1s
 16350K .......... .......... .......... .......... .......... 58% 18.8M 1s
 16400K .......... .......... .......... .......... .......... 58% 27.7M 1s
 16450K .......... .......... .......... .......... .......... 59% 29.7M 1s
 16500K .......... .......... .......... .......... .......... 59% 21.9M 1s
 16550K .......... .......... .......... .......... .......... 59% 26.8M 1s
 16600K .......... .......... .......... .......... .......... 59% 25.9M 1s
 16650K .......... .......... .......... .......... .......... 59% 29.6M 1s
 16700K .......... .......... .......... .......... .......... 60% 21.2M 1s
 16750K .......... .......... .......... .......... .......... 60% 26.0M 1s
 16800K .......... .......... .......... .......... .......... 60% 24.3M 1s
 16850K .......... .......... .......... .......... .......... 60% 22.4M 1s
 16900K .......... .......... .......... .......... .......... 60% 29.5M 1s
 16950K .......... .......... .......... .......... .......... 60% 15.6M 1s
 17000K .......... .......... .......... .......... .......... 61% 23.8M 1s
 17050K .......... .......... .......... .......... .......... 61% 22.6M 1s
 17100K .......... .......... .......... .......... .......... 61% 29.7M 1s
 17150K .......... .......... .......... .......... .......... 61% 27.0M 1s
 17200K .......... .......... .......... .......... .......... 61% 31.9M 1s
 17250K .......... .......... .......... .......... .......... 62% 23.2M 1s
 17300K .......... .......... .......... .......... .......... 62% 30.9M 1s
 17350K .......... .......... .......... .......... .......... 62% 26.6M 0s
 17400K .......... .......... .......... .......... .......... 62% 22.3M 0s
 17450K .......... .......... .......... .......... .......... 62% 25.8M 0s
 17500K .......... .......... .......... .......... .......... 62% 26.0M 0s
 17550K .......... .......... .......... .......... .......... 63% 33.1M 0s
 17600K .......... .......... .......... .......... .......... 63% 30.7M 0s
 17650K .......... .......... .......... .......... .......... 63% 22.0M 0s
 17700K .......... .......... .......... .......... .......... 63% 33.8M 0s
 17750K .......... .......... .......... .......... .......... 63% 25.9M 0s
 17800K .......... .......... .......... .......... .......... 63% 33.1M 0s
 17850K .......... .......... .......... .......... .......... 64% 24.6M 0s
 17900K .......... .......... .......... .......... .......... 64% 25.7M 0s
 17950K .......... .......... .......... .......... .......... 64% 22.7M 0s
 18000K .......... .......... .......... .......... .......... 64% 16.0M 0s
 18050K .......... .......... .......... .......... .......... 64% 30.5M 0s
 18100K .......... .......... .......... .......... .......... 65% 26.6M 0s
 18150K .......... .......... .......... .......... .......... 65% 24.5M 0s
 18200K .......... .......... .......... .......... .......... 65% 25.5M 0s
 18250K .......... .......... .......... .......... .......... 65% 30.4M 0s
 18300K .......... .......... .......... .......... .......... 65% 24.0M 0s
 18350K .......... .......... .......... .......... .......... 65% 25.3M 0s
 18400K .......... .......... .......... .......... .......... 66% 23.5M 0s
 18450K .......... .......... .......... .......... .......... 66% 32.3M 0s
 18500K .......... .......... .......... .......... .......... 66% 27.7M 0s
 18550K .......... .......... .......... .......... .......... 66% 32.6M 0s
 18600K .......... .......... .......... .......... .......... 66% 31.7M 0s
 18650K .......... .......... .......... .......... .......... 67% 23.3M 0s
 18700K .......... .......... .......... .......... .......... 67% 31.6M 0s
 18750K .......... .......... .......... .......... .......... 67% 26.6M 0s
 18800K .......... .......... .......... .......... .......... 67% 32.8M 0s
 18850K .......... .......... .......... .......... .......... 67% 24.8M 0s
 18900K .......... .......... .......... .......... .......... 67% 15.8M 0s
 18950K .......... .......... .......... .......... .......... 68% 26.2M 0s
 19000K .......... .......... .......... .......... .......... 68% 32.2M 0s
 19050K .......... .......... .......... .......... .......... 68% 32.2M 0s
 19100K .......... .......... .......... .......... .......... 68% 25.2M 0s
 19150K .......... .......... .......... .......... .......... 68% 32.7M 0s
 19200K .......... .......... .......... .......... .......... 69% 20.6M 0s
 19250K .......... .......... .......... .......... .......... 69% 33.2M 0s
 19300K .......... .......... .......... .......... .......... 69% 28.1M 0s
 19350K .......... .......... .......... .......... .......... 69% 24.2M 0s
 19400K .......... .......... .......... .......... .......... 69% 31.1M 0s
 19450K .......... .......... .......... .......... .......... 69% 26.9M 0s
 19500K .......... .......... .......... .......... .......... 70% 32.4M 0s
 19550K .......... .......... .......... .......... .......... 70% 25.6M 0s
 19600K .......... .......... .......... .......... .......... 70% 26.4M 0s
 19650K .......... .......... .......... .......... .......... 70% 31.6M 0s
 19700K .......... .......... .......... .......... .......... 70% 23.1M 0s
 19750K .......... .......... .......... .......... .......... 70% 26.8M 0s
 19800K .......... .......... .......... .......... .......... 71% 32.3M 0s
 19850K .......... .......... .......... .......... .......... 71% 27.5M 0s
 19900K .......... .......... .......... .......... .......... 71% 25.0M 0s
 19950K .......... .......... .......... .......... .......... 71% 31.9M 0s
 20000K .......... .......... .......... .......... .......... 71% 27.6M 0s
 20050K .......... .......... .......... .......... .......... 72% 32.0M 0s
 20100K .......... .......... .......... .......... .......... 72% 25.1M 0s
 20150K .......... .......... .......... .......... .......... 72% 21.8M 0s
 20200K .......... .......... .......... .......... .......... 72% 31.3M 0s
 20250K .......... .......... .......... .......... .......... 72% 30.8M 0s
 20300K .......... .......... .......... .......... .......... 72% 29.2M 0s
 20350K .......... .......... .......... .......... .......... 73% 21.6M 0s
 20400K .......... .......... .......... .......... .......... 73% 31.7M 0s
 20450K .......... .......... .......... .......... .......... 73% 33.2M 0s
 20500K .......... .......... .......... .......... .......... 73% 22.8M 0s
 20550K .......... .......... .......... .......... .......... 73% 26.5M 0s
 20600K .......... .......... .......... .......... .......... 74% 32.8M 0s
 20650K .......... .......... .......... .......... .......... 74% 31.6M 0s
 20700K .......... .......... .......... .......... .......... 74% 20.2M 0s
 20750K .......... .......... .......... .......... .......... 74% 31.1M 0s
 20800K .......... .......... .......... .......... .......... 74% 27.8M 0s
 20850K .......... .......... .......... .......... .......... 74% 32.3M 0s
 20900K .......... .......... .......... .......... .......... 75% 30.7M 0s
 20950K .......... .......... .......... .......... .......... 75% 7.99M 0s
 21000K .......... .......... .......... .......... .......... 75% 32.2M 0s
 21050K .......... .......... .......... .......... .......... 75% 25.1M 0s
 21100K .......... .......... .......... .......... .......... 75% 25.7M 0s
 21150K .......... .......... .......... .......... .......... 75% 32.0M 0s
 21200K .......... .......... .......... .......... .......... 76% 31.0M 0s
 21250K .......... .......... .......... .......... .......... 76% 26.4M 0s
 21300K .......... .......... .......... .......... .......... 76% 23.8M 0s
 21350K .......... .......... .......... .......... .......... 76% 27.3M 0s
 21400K .......... .......... .......... .......... .......... 76% 29.0M 0s
 21450K .......... .......... .......... .......... .......... 77% 34.1M 0s
 21500K .......... .......... .......... .......... .......... 77% 19.5M 0s
 21550K .......... .......... .......... .......... .......... 77% 33.1M 0s
 21600K .......... .......... .......... .......... .......... 77% 25.0M 0s
 21650K .......... .......... .......... .......... .......... 77% 30.5M 0s
 21700K .......... .......... .......... .......... .......... 77% 29.8M 0s
 21750K .......... .......... .......... .......... .......... 78% 9.08M 0s
 21800K .......... .......... .......... .......... .......... 78% 20.0M 0s
 21850K .......... .......... .......... .......... .......... 78% 31.1M 0s
 21900K .......... .......... .......... .......... .......... 78% 27.8M 0s
 21950K .......... .......... .......... .......... .......... 78% 24.8M 0s
 22000K .......... .......... .......... .......... .......... 79% 28.7M 0s
 22050K .......... .......... .......... .......... .......... 79% 28.9M 0s
 22100K .......... .......... .......... .......... .......... 79% 32.4M 0s
 22150K .......... .......... .......... .......... .......... 79% 22.1M 0s
 22200K .......... .......... .......... .......... .......... 79% 33.0M 0s
 22250K .......... .......... .......... .......... .......... 79% 27.1M 0s
 22300K .......... .......... .......... .......... .......... 80% 31.9M 0s
 22350K .......... .......... .......... .......... .......... 80% 23.4M 0s
 22400K .......... .......... .......... .......... .......... 80% 32.3M 0s
 22450K .......... .......... .......... .......... .......... 80%  834K 0s
 22500K .......... .......... .......... .......... .......... 80%  124M 0s
 22550K .......... .......... .......... .......... .......... 81% 1.26M 0s
 22600K .......... .......... .......... .......... .......... 81%  154M 0s
 22650K .......... .......... .......... .......... .......... 81%  151M 0s
 22700K .......... .......... .......... .......... .......... 81%  127M 0s
 22750K .......... .......... .......... .......... .......... 81%  162M 0s
 22800K .......... .......... .......... .......... .......... 81% 97.6M 0s
 22850K .......... .......... .......... .......... .......... 82%  127M 0s
 22900K .......... .......... .......... .......... .......... 82%  146M 0s
 22950K .......... .......... .......... .......... .......... 82%  103M 0s
 23000K .......... .......... .......... .......... .......... 82%  150M 0s
 23050K .......... .......... .......... .......... .......... 82%  157M 0s
 23100K .......... .......... .......... .......... .......... 82%  133M 0s
 23150K .......... .......... .......... .......... .......... 83%  139M 0s
 23200K .......... .......... .......... .......... .......... 83%  131M 0s
 23250K .......... .......... .......... .......... .......... 83%  141M 0s
 23300K .......... .......... .......... .......... .......... 83% 1.62M 0s
 23350K .......... .......... .......... .......... .......... 83%  125M 0s
 23400K .......... .......... .......... .......... .......... 84%  122M 0s
 23450K .......... .......... .......... .......... .......... 84% 4.57M 0s
 23500K .......... .......... .......... .......... .......... 84%  122M 0s
 23550K .......... .......... .......... .......... .......... 84% 94.0M 0s
 23600K .......... .......... .......... .......... .......... 84%  146M 0s
 23650K .......... .......... .......... .......... .......... 84% 98.5M 0s
 23700K .......... .......... .......... .......... .......... 85%  113M 0s
 23750K .......... .......... .......... .......... .......... 85%  128M 0s
 23800K .......... .......... .......... .......... .......... 85%  114M 0s
 23850K .......... .......... .......... .......... .......... 85%  106M 0s
 23900K .......... .......... .......... .......... .......... 85% 8.06M 0s
 23950K .......... .......... .......... .......... .......... 86% 9.71M 0s
 24000K .......... .......... .......... .......... .......... 86% 26.4M 0s
 24050K .......... .......... .......... .......... .......... 86% 9.42M 0s
 24100K .......... .......... .......... .......... .......... 86% 12.8M 0s
 24150K .......... .......... .......... .......... .......... 86% 15.0M 0s
 24200K .......... .......... .......... .......... .......... 86% 10.9M 0s
 24250K .......... .......... .......... .......... .......... 87% 11.1M 0s
 24300K .......... .......... .......... .......... .......... 87% 1.47M 0s
 24350K .......... .......... .......... .......... .......... 87%  126M 0s
 24400K .......... .......... .......... .......... .......... 87%  155M 0s
 24450K .......... .......... .......... .......... .......... 87%  121M 0s
 24500K .......... .......... .......... .......... .......... 87%  102M 0s
 24550K .......... .......... .......... .......... .......... 88%  161M 0s
 24600K .......... .......... .......... .......... .......... 88%  136M 0s
 24650K .......... .......... .......... .......... .......... 88%  132M 0s
 24700K .......... .......... .......... .......... .......... 88%  142M 0s
 24750K .......... .......... .......... .......... .......... 88%  125M 0s
 24800K .......... .......... .......... .......... .......... 89%  141M 0s
 24850K .......... .......... .......... .......... .......... 89%  160M 0s
 24900K .......... .......... .......... .......... .......... 89%  138M 0s
 24950K .......... .......... .......... .......... .......... 89% 1.81M 0s
 25000K .......... .......... .......... .......... .......... 89%  138M 0s
 25050K .......... .......... .......... .......... .......... 89%  120M 0s
 25100K .......... .......... .......... .......... .......... 90%  142M 0s
 25150K .......... .......... .......... .......... .......... 90%  156M 0s
 25200K .......... .......... .......... .......... .......... 90%  134M 0s
 25250K .......... .......... .......... .......... .......... 90% 2.12M 0s
 25300K .......... .......... .......... .......... .......... 90% 11.7M 0s
 25350K .......... .......... .......... .......... .......... 91%  123M 0s
 25400K .......... .......... .......... .......... .......... 91%  123M 0s
 25450K .......... .......... .......... .......... .......... 91%  111M 0s
 25500K .......... .......... .......... .......... .......... 91%  121M 0s
 25550K .......... .......... .......... .......... .......... 91%  132M 0s
 25600K .......... .......... .......... .......... .......... 91% 5.72M 0s
 25650K .......... .......... .......... .......... .......... 92% 5.78M 0s
 25700K .......... .......... .......... .......... .......... 92% 10.5M 0s
 25750K .......... .......... .......... .......... .......... 92% 21.8M 0s
 25800K .......... .......... .......... .......... .......... 92% 6.74M 0s
 25850K .......... .......... .......... .......... .......... 92% 7.57M 0s
 25900K .......... .......... .......... .......... .......... 93% 5.44M 0s
 25950K .......... .......... .......... .......... .......... 93% 12.0M 0s
 26000K .......... .......... .......... .......... .......... 93% 13.7M 0s
 26050K .......... .......... .......... .......... .......... 93% 8.32M 0s
 26100K .......... .......... .......... .......... .......... 93% 7.82M 0s
 26150K .......... .......... .......... .......... .......... 93% 5.39M 0s
 26200K .......... .......... .......... .......... .......... 94% 11.3M 0s
 26250K .......... .......... .......... .......... .......... 94% 20.9M 0s
 26300K .......... .......... .......... .......... .......... 94% 5.33M 0s
 26350K .......... .......... .......... .......... .......... 94% 12.3M 0s
 26400K .......... .......... .......... .......... .......... 94% 12.8M 0s
 26450K .......... .......... .......... .......... .......... 94% 4.95M 0s
 26500K .......... .......... .......... .......... .......... 95% 22.9M 0s
 26550K .......... .......... .......... .......... .......... 95% 5.41M 0s
 26600K .......... .......... .......... .......... .......... 95% 11.9M 0s
 26650K .......... .......... .......... .......... .......... 95% 10.6M 0s
 26700K .......... .......... .......... .......... .......... 95% 5.43M 0s
 26750K .......... .......... .......... .......... .......... 96% 23.2M 0s
 26800K .......... .......... .......... .......... .......... 96% 7.16M 0s
 26850K .......... .......... .......... .......... .......... 96% 7.73M 0s
 26900K .......... .......... .......... .......... .......... 96% 10.2M 0s
 26950K .......... .......... .......... .......... .......... 96% 5.50M 0s
 27000K .......... .......... .......... .......... .......... 96% 22.5M 0s
 27050K .......... .......... .......... .......... .......... 97% 6.94M 0s
 27100K .......... .......... .......... .......... .......... 97% 11.8M 0s
 27150K .......... .......... .......... .......... .......... 97% 7.31M 0s
 27200K .......... .......... .......... .......... .......... 97% 5.92M 0s
 27250K .......... .......... .......... .......... .......... 97% 17.1M 0s
 27300K .......... .......... .......... .......... .......... 98% 15.9M 0s
 27350K .......... .......... .......... .......... .......... 98% 5.86M 0s
 27400K .......... .......... .......... .......... .......... 98% 7.72M 0s
 27450K .......... .......... .......... .......... .......... 98% 6.01M 0s
 27500K .......... .......... .......... .......... .......... 98% 16.2M 0s
 27550K .......... .......... .......... .......... .......... 98% 15.8M 0s
 27600K .......... .......... .......... .......... .......... 99% 6.01M 0s
 27650K .......... .......... .......... .......... .......... 99% 7.50M 0s
 27700K .......... .......... .......... .......... .......... 99% 6.06M 0s
 27750K .......... .......... .......... .......... .......... 99% 15.6M 0s
 27800K .......... .......... .......... .......... .......... 99% 16.2M 0s
 27850K .......... .......... .......... .......... ........  100% 5.90M=1.6s

2022-04-23 02:55:03 (17.5 MB/s) - ‘/root/process_mining/trips_tracing/stopsintrip.json’ saved [28567997/28567997]

--2022-04-23 02:55:03--  https://ckan.multimediagdansk.pl/dataset/c24aa637-3619-4dc2-a171-a23eec8f2172/resource/4c4025f0-01bf-41f7-a39f-d156d201b82b/download/stops.json
Resolving ckan.multimediagdansk.pl (ckan.multimediagdansk.pl)... 91.244.248.30
Connecting to ckan.multimediagdansk.pl (ckan.multimediagdansk.pl)|91.244.248.30|:443... connected.
HTTP request sent, awaiting response... 200 OK
Length: 8676648 (8.3M) [application/json]
Saving to: ‘/root/process_mining/trips_tracing/stops.json’

     0K .......... .......... .......... .......... ..........  0%  878K 10s
    50K .......... .......... .......... .......... ..........  1% 1.73M 7s
   100K .......... .......... .......... .......... ..........  1% 52.8M 5s
   150K .......... .......... .......... .......... ..........  2%  102M 4s
   200K .......... .......... .......... .......... ..........  2% 1.68M 4s
   250K .......... .......... .......... .......... ..........  3% 77.4M 3s
   300K .......... .......... .......... .......... ..........  4% 72.4M 3s
   350K .......... .......... .......... .......... ..........  4%  107M 2s
   400K .......... .......... .......... .......... ..........  5% 1.85M 3s
   450K .......... .......... .......... .......... ..........  5% 65.2M 2s
   500K .......... .......... .......... .......... ..........  6% 75.5M 2s
   550K .......... .......... .......... .......... ..........  7% 66.4M 2s
   600K .......... .......... .......... .......... ..........  7% 66.2M 2s
   650K .......... .......... .......... .......... ..........  8% 95.7M 2s
   700K .......... .......... .......... .......... ..........  8% 89.6M 2s
   750K .......... .......... .......... .......... ..........  9%  147M 1s
   800K .......... .......... .......... .......... .......... 10%  163M 1s
   850K .......... .......... .......... .......... .......... 10% 2.02M 1s
   900K .......... .......... .......... .......... .......... 11% 69.6M 1s
   950K .......... .......... .......... .......... .......... 11% 42.8M 1s
  1000K .......... .......... .......... .......... .......... 12% 65.8M 1s
  1050K .......... .......... .......... .......... .......... 12% 71.0M 1s
  1100K .......... .......... .......... .......... .......... 13% 61.1M 1s
  1150K .......... .......... .......... .......... .......... 14% 79.5M 1s
  1200K .......... .......... .......... .......... .......... 14% 67.7M 1s
  1250K .......... .......... .......... .......... .......... 15% 82.0M 1s
  1300K .......... .......... .......... .......... .......... 15%  113M 1s
  1350K .......... .......... .......... .......... .......... 16%  100M 1s
  1400K .......... .......... .......... .......... .......... 17%  111M 1s
  1450K .......... .......... .......... .......... .......... 17% 84.0M 1s
  1500K .......... .......... .......... .......... .......... 18% 95.7M 1s
  1550K .......... .......... .......... .......... .......... 18%  154M 1s
  1600K .......... .......... .......... .......... .......... 19%  121M 1s
  1650K .......... .......... .......... .......... .......... 20%  162M 1s
  1700K .......... .......... .......... .......... .......... 20% 2.67M 1s
  1750K .......... .......... .......... .......... .......... 21% 47.0M 1s
  1800K .......... .......... .......... .......... .......... 21% 76.2M 1s
  1850K .......... .......... .......... .......... .......... 22% 71.0M 1s
  1900K .......... .......... .......... .......... .......... 23% 81.2M 1s
  1950K .......... .......... .......... .......... .......... 23% 68.8M 1s
  2000K .......... .......... .......... .......... .......... 24% 92.0M 1s
  2050K .......... .......... .......... .......... .......... 24% 96.8M 1s
  2100K .......... .......... .......... .......... .......... 25% 85.9M 1s
  2150K .......... .......... .......... .......... .......... 25% 95.6M 1s
  2200K .......... .......... .......... .......... .......... 26% 81.2M 1s
  2250K .......... .......... .......... .......... .......... 27%  110M 1s
  2300K .......... .......... .......... .......... .......... 27% 89.6M 1s
  2350K .......... .......... .......... .......... .......... 28% 87.4M 1s
  2400K .......... .......... .......... .......... .......... 28% 96.5M 1s
  2450K .......... .......... .......... .......... .......... 29% 81.2M 1s
  2500K .......... .......... .......... .......... .......... 30%  115M 0s
  2550K .......... .......... .......... .......... .......... 30%  120M 0s
  2600K .......... .......... .......... .......... .......... 31% 98.9M 0s
  2650K .......... .......... .......... .......... .......... 31%  108M 0s
  2700K .......... .......... .......... .......... .......... 32% 81.6M 0s
  2750K .......... .......... .......... .......... .......... 33% 1.65M 0s
  2800K .......... .......... .......... .......... .......... 33% 64.2M 0s
  2850K .......... .......... .......... .......... .......... 34% 55.3M 0s
  2900K .......... .......... .......... .......... .......... 34%  147M 0s
  2950K .......... .......... .......... .......... .......... 35% 97.5M 0s
  3000K .......... .......... .......... .......... .......... 35%  159M 0s
  3050K .......... .......... .......... .......... .......... 36% 93.9M 0s
  3100K .......... .......... .......... .......... .......... 37%  105M 0s
  3150K .......... .......... .......... .......... .......... 37%  137M 0s
  3200K .......... .......... .......... .......... .......... 38%  103M 0s
  3250K .......... .......... .......... .......... .......... 38%  123M 0s
  3300K .......... .......... .......... .......... .......... 39%  138M 0s
  3350K .......... .......... .......... .......... .......... 40%  104M 0s
  3400K .......... .......... .......... .......... .......... 40%  117M 0s
  3450K .......... .......... .......... .......... .......... 41%  102M 0s
  3500K .......... .......... .......... .......... .......... 41%  134M 0s
  3550K .......... .......... .......... .......... .......... 42%  120M 0s
  3600K .......... .......... .......... .......... .......... 43% 97.3M 0s
  3650K .......... .......... .......... .......... .......... 43%  138M 0s
  3700K .......... .......... .......... .......... .......... 44%  105M 0s
  3750K .......... .......... .......... .......... .......... 44%  126M 0s
  3800K .......... .......... .......... .......... .......... 45%  136M 0s
  3850K .......... .......... .......... .......... .......... 46%  105M 0s
  3900K .......... .......... .......... .......... .......... 46%  140M 0s
  3950K .......... .......... .......... .......... .......... 47%  110M 0s
  4000K .......... .......... .......... .......... .......... 47%  117M 0s
  4050K .......... .......... .......... .......... .......... 48%  137M 0s
  4100K .......... .......... .......... .......... .......... 48%  108M 0s
  4150K .......... .......... .......... .......... .......... 49%  128M 0s
  4200K .......... .......... .......... .......... .......... 50%  108M 0s
  4250K .......... .......... .......... .......... .......... 50%  147M 0s
  4300K .......... .......... .......... .......... .......... 51%  155M 0s
  4350K .......... .......... .......... .......... .......... 51%  142M 0s
  4400K .......... .......... .......... .......... .......... 52% 12.7M 0s
  4450K .......... .......... .......... .......... .......... 53% 60.6M 0s
  4500K .......... .......... .......... .......... .......... 53% 61.1M 0s
  4550K .......... .......... .......... .......... .......... 54% 81.8M 0s
  4600K .......... .......... .......... .......... .......... 54% 76.7M 0s
  4650K .......... .......... .......... .......... .......... 55%  115M 0s
  4700K .......... .......... .......... .......... .......... 56% 26.7M 0s
  4750K .......... .......... .......... .......... .......... 56% 32.7M 0s
  4800K .......... .......... .......... .......... .......... 57% 26.8M 0s
  4850K .......... .......... .......... .......... .......... 57% 27.7M 0s
  4900K .......... .......... .......... .......... .......... 58% 28.5M 0s
  4950K .......... .......... .......... .......... .......... 59% 27.9M 0s
  5000K .......... .......... .......... .......... .......... 59% 29.2M 0s
  5050K .......... .......... .......... .......... .......... 60% 31.0M 0s
  5100K .......... .......... .......... .......... .......... 60% 27.9M 0s
  5150K .......... .......... .......... .......... .......... 61% 31.6M 0s
  5200K .......... .......... .......... .......... .......... 61% 27.1M 0s
  5250K .......... .......... .......... .......... .......... 62% 33.8M 0s
  5300K .......... .......... .......... .......... .......... 63% 33.2M 0s
  5350K .......... .......... .......... .......... .......... 63% 28.0M 0s
  5400K .......... .......... .......... .......... .......... 64% 31.7M 0s
  5450K .......... .......... .......... .......... .......... 64% 27.7M 0s
  5500K .......... .......... .......... .......... .......... 65% 32.5M 0s
  5550K .......... .......... .......... .......... .......... 66% 33.9M 0s
  5600K .......... .......... .......... .......... .......... 66% 27.9M 0s
  5650K .......... .......... .......... .......... .......... 67% 32.2M 0s
  5700K .......... .......... .......... .......... .......... 67% 27.7M 0s
  5750K .......... .......... .......... .......... .......... 68% 34.0M 0s
  5800K .......... .......... .......... .......... .......... 69% 33.2M 0s
  5850K .......... .......... .......... .......... .......... 69% 29.0M 0s
  5900K .......... .......... .......... .......... .......... 70% 33.0M 0s
  5950K .......... .......... .......... .......... .......... 70% 28.6M 0s
  6000K .......... .......... .......... .......... .......... 71% 32.6M 0s
  6050K .......... .......... .......... .......... .......... 71% 31.3M 0s
  6100K .......... .......... .......... .......... .......... 72% 29.3M 0s
  6150K .......... .......... .......... .......... .......... 73% 33.7M 0s
  6200K .......... .......... .......... .......... .......... 73% 29.2M 0s
  6250K .......... .......... .......... .......... .......... 74% 33.0M 0s
  6300K .......... .......... .......... .......... .......... 74% 33.8M 0s
  6350K .......... .......... .......... .......... .......... 75% 27.3M 0s
  6400K .......... .......... .......... .......... .......... 76% 33.9M 0s
  6450K .......... .......... .......... .......... .......... 76% 28.9M 0s
  6500K .......... .......... .......... .......... .......... 77% 29.7M 0s
  6550K .......... .......... .......... .......... .......... 77% 37.1M 0s
  6600K .......... .......... .......... .......... .......... 78% 27.7M 0s
  6650K .......... .......... .......... .......... .......... 79% 33.9M 0s
  6700K .......... .......... .......... .......... .......... 79% 28.5M 0s
  6750K .......... .......... .......... .......... .......... 80% 32.9M 0s
  6800K .......... .......... .......... .......... .......... 80% 32.1M 0s
  6850K .......... .......... .......... .......... .......... 81% 28.3M 0s
  6900K .......... .......... .......... .......... .......... 82% 32.8M 0s
  6950K .......... .......... .......... .......... .......... 82% 28.4M 0s
  7000K .......... .......... .......... .......... .......... 83% 32.9M 0s
  7050K .......... .......... .......... .......... .......... 83% 33.2M 0s
  7100K .......... .......... .......... .......... .......... 84% 29.0M 0s
  7150K .......... .......... .......... .......... .......... 84% 31.0M 0s
  7200K .......... .......... .......... .......... .......... 85% 28.5M 0s
  7250K .......... .......... .......... .......... .......... 86% 33.2M 0s
  7300K .......... .......... .......... .......... .......... 86% 32.0M 0s
  7350K .......... .......... .......... .......... .......... 87% 27.0M 0s
  7400K .......... .......... .......... .......... .......... 87% 33.1M 0s
  7450K .......... .......... .......... .......... .......... 88% 25.7M 0s
  7500K .......... .......... .......... .......... .......... 89% 37.2M 0s
  7550K .......... .......... .......... .......... .......... 89% 32.7M 0s
  7600K .......... .......... .......... .......... .......... 90% 28.9M 0s
  7650K .......... .......... .......... .......... .......... 90% 32.8M 0s
  7700K .......... .......... .......... .......... .......... 91% 26.6M 0s
  7750K .......... .......... .......... .......... .......... 92% 32.3M 0s
  7800K .......... .......... .......... .......... .......... 92% 33.6M 0s
  7850K .......... .......... .......... .......... .......... 93% 28.1M 0s
  7900K .......... .......... .......... .......... .......... 93% 32.6M 0s
  7950K .......... .......... .......... .......... .......... 94% 27.8M 0s
  8000K .......... .......... .......... .......... .......... 95% 33.6M 0s
  8050K .......... .......... .......... .......... .......... 95% 32.3M 0s
  8100K .......... .......... .......... .......... .......... 96% 27.9M 0s
  8150K .......... .......... .......... .......... .......... 96% 31.7M 0s
  8200K .......... .......... .......... .......... .......... 97% 29.6M 0s
  8250K .......... .......... .......... .......... .......... 97% 33.0M 0s
  8300K .......... .......... .......... .......... .......... 98% 32.4M 0s
  8350K .......... .......... .......... .......... .......... 99% 28.7M 0s
  8400K .......... .......... .......... .......... .......... 99% 31.8M 0s
  8450K .......... .......... ...                             100% 30.2M=0.4s

2022-04-23 02:55:04 (21.6 MB/s) - ‘/root/process_mining/trips_tracing/stops.json’ saved [8676648/8676648]

--2022-04-23 02:55:04--  https://files.cloudgdansk.pl/d/otwarte-dane/ztm/baza-pojazdow.json?v=2
Resolving files.cloudgdansk.pl (files.cloudgdansk.pl)... 153.19.238.147
Connecting to files.cloudgdansk.pl (files.cloudgdansk.pl)|153.19.238.147|:443... connected.
HTTP request sent, awaiting response... 200 OK
Length: 279155 (273K) [application/json]
Saving to: ‘/root/process_mining/trips_tracing/baza-pojazdow.json’

     0K .......... .......... .......... .......... .......... 18% 1.70M 0s
    50K .......... .......... .......... .......... .......... 36% 1.71M 0s
   100K .......... .......... .......... .......... .......... 55% 1.69M 0s
   150K .......... .......... .......... .......... .......... 73% 1.69M 0s
   200K .......... .......... .......... .......... .......... 91%  209M 0s
   250K .......... .......... ..                              100%  164M=0.1s

2022-04-23 02:55:04 (2.31 MB/s) - ‘/root/process_mining/trips_tracing/baza-pojazdow.json’ saved [279155/279155]

