--2022-04-24 02:55:01--  https://ckan.multimediagdansk.pl/dataset/c24aa637-3619-4dc2-a171-a23eec8f2172/resource/3115d29d-b763-4af5-93f6-763b835967d6/download/stopsintrip.json
Resolving ckan.multimediagdansk.pl (ckan.multimediagdansk.pl)... 91.244.248.30
Connecting to ckan.multimediagdansk.pl (ckan.multimediagdansk.pl)|91.244.248.30|:443... connected.
HTTP request sent, awaiting response... 200 OK
Length: 25566077 (24M) [application/json]
Saving to: ‘/root/process_mining/trips_tracing/stopsintrip.json’

     0K .......... .......... .......... .......... ..........  0%  872K 29s
    50K .......... .......... .......... .......... ..........  0% 1.74M 21s
   100K .......... .......... .......... .......... ..........  0% 55.1M 14s
   150K .......... .......... .......... .......... ..........  0% 79.6M 11s
   200K .......... .......... .......... .......... ..........  1% 1.74M 11s
   250K .......... .......... .......... .......... ..........  1% 57.8M 10s
   300K .......... .......... .......... .......... ..........  1%  122M 8s
   350K .......... .......... .......... .......... ..........  1%  141M 7s
   400K .......... .......... .......... .......... ..........  1% 1.84M 8s
   450K .......... .......... .......... .......... ..........  2% 61.1M 7s
   500K .......... .......... .......... .......... ..........  2% 58.1M 6s
   550K .......... .......... .......... .......... ..........  2% 59.2M 6s
   600K .......... .......... .......... .......... ..........  2% 71.5M 5s
   650K .......... .......... .......... .......... ..........  2%  110M 5s
   700K .......... .......... .......... .......... ..........  3% 96.5M 5s
   750K .......... .......... .......... .......... ..........  3%  137M 4s
   800K .......... .......... .......... .......... ..........  3%  161M 4s
   850K .......... .......... .......... .......... ..........  3% 2.06M 5s
   900K .......... .......... .......... .......... ..........  3% 80.4M 4s
   950K .......... .......... .......... .......... ..........  4% 71.1M 4s
  1000K .......... .......... .......... .......... ..........  4% 90.9M 4s
  1050K .......... .......... .......... .......... ..........  4% 74.4M 4s
  1100K .......... .......... .......... .......... ..........  4% 79.6M 4s
  1150K .......... .......... .......... .......... ..........  4% 81.5M 3s
  1200K .......... .......... .......... .......... ..........  5% 68.4M 3s
  1250K .......... .......... .......... .......... ..........  5% 83.3M 3s
  1300K .......... .......... .......... .......... ..........  5% 81.4M 3s
  1350K .......... .......... .......... .......... ..........  5% 71.8M 3s
  1400K .......... .......... .......... .......... ..........  5%  103M 3s
  1450K .......... .......... .......... .......... ..........  6%  111M 3s
  1500K .......... .......... .......... .......... ..........  6%  103M 3s
  1550K .......... .......... .......... .......... ..........  6%  107M 3s
  1600K .......... .......... .......... .......... ..........  6% 94.9M 3s
  1650K .......... .......... .......... .......... ..........  6%  164M 2s
  1700K .......... .......... .......... .......... ..........  7%  154M 2s
  1750K .......... .......... .......... .......... ..........  7% 2.54M 3s
  1800K .......... .......... .......... .......... ..........  7% 87.6M 3s
  1850K .......... .......... .......... .......... ..........  7% 75.7M 2s
  1900K .......... .......... .......... .......... ..........  7% 96.9M 2s
  1950K .......... .......... .......... .......... ..........  8% 91.7M 2s
  2000K .......... .......... .......... .......... ..........  8% 84.5M 2s
  2050K .......... .......... .......... .......... ..........  8% 95.4M 2s
  2100K .......... .......... .......... .......... ..........  8%  100M 2s
  2150K .......... .......... .......... .......... ..........  8% 77.5M 2s
  2200K .......... .......... .......... .......... ..........  9% 95.2M 2s
  2250K .......... .......... .......... .......... ..........  9%  101M 2s
  2300K .......... .......... .......... .......... ..........  9% 79.4M 2s
  2350K .......... .......... .......... .......... ..........  9% 91.7M 2s
  2400K .......... .......... .......... .......... ..........  9%  109M 2s
  2450K .......... .......... .......... .......... .......... 10%  112M 2s
  2500K .......... .......... .......... .......... .......... 10%  141M 2s
  2550K .......... .......... .......... .......... .......... 10% 46.0M 2s
  2600K .......... .......... .......... .......... .......... 10% 22.2M 2s
  2650K .......... .......... .......... .......... .......... 10% 35.0M 2s
  2700K .......... .......... .......... .......... .......... 11% 28.0M 2s
  2750K .......... .......... .......... .......... .......... 11% 34.0M 2s
  2800K .......... .......... .......... .......... .......... 11% 33.4M 2s
  2850K .......... .......... .......... .......... .......... 11% 17.5M 2s
  2900K .......... .......... .......... .......... .......... 11% 33.9M 2s
  2950K .......... .......... .......... .......... .......... 12% 33.4M 2s
  3000K .......... .......... .......... .......... .......... 12% 29.2M 2s
  3050K .......... .......... .......... .......... .......... 12% 20.1M 2s
  3100K .......... .......... .......... .......... .......... 12% 30.8M 2s
  3150K .......... .......... .......... .......... .......... 12% 34.1M 2s
  3200K .......... .......... .......... .......... .......... 13% 32.8M 2s
  3250K .......... .......... .......... .......... .......... 13% 17.7M 2s
  3300K .......... .......... .......... .......... .......... 13% 27.9M 2s
  3350K .......... .......... .......... .......... .......... 13% 34.4M 2s
  3400K .......... .......... .......... .......... .......... 13% 31.1M 1s
  3450K .......... .......... .......... .......... .......... 14% 18.2M 1s
  3500K .......... .......... .......... .......... .......... 14% 36.6M 1s
  3550K .......... .......... .......... .......... .......... 14% 28.3M 1s
  3600K .......... .......... .......... .......... .......... 14% 30.5M 1s
  3650K .......... .......... .......... .......... .......... 14% 16.9M 1s
  3700K .......... .......... .......... .......... .......... 15% 27.1M 1s
  3750K .......... .......... .......... .......... .......... 15% 32.6M 1s
  3800K .......... .......... .......... .......... .......... 15% 27.8M 1s
  3850K .......... .......... .......... .......... .......... 15% 17.1M 1s
  3900K .......... .......... .......... .......... .......... 15% 35.2M 1s
  3950K .......... .......... .......... .......... .......... 16% 33.0M 1s
  4000K .......... .......... .......... .......... .......... 16% 27.7M 1s
  4050K .......... .......... .......... .......... .......... 16% 20.3M 1s
  4100K .......... .......... .......... .......... .......... 16% 32.9M 1s
  4150K .......... .......... .......... .......... .......... 16% 27.9M 1s
  4200K .......... .......... .......... .......... .......... 17% 33.5M 1s
  4250K .......... .......... .......... .......... .......... 17% 27.7M 1s
  4300K .......... .......... .......... .......... .......... 17% 18.1M 1s
  4350K .......... .......... .......... .......... .......... 17% 33.2M 1s
  4400K .......... .......... .......... .......... .......... 17% 29.2M 1s
  4450K .......... .......... .......... .......... .......... 18% 33.0M 1s
  4500K .......... .......... .......... .......... .......... 18% 22.1M 1s
  4550K .......... .......... .......... .......... .......... 18% 28.6M 1s
  4600K .......... .......... .......... .......... .......... 18% 32.6M 1s
  4650K .......... .......... .......... .......... .......... 18% 29.2M 1s
  4700K .......... .......... .......... .......... .......... 19% 21.6M 1s
  4750K .......... .......... .......... .......... .......... 19% 29.9M 1s
  4800K .......... .......... .......... .......... .......... 19% 31.8M 1s
  4850K .......... .......... .......... .......... .......... 19% 33.7M 1s
  4900K .......... .......... .......... .......... .......... 19% 27.9M 1s
  4950K .......... .......... .......... .......... .......... 20% 19.1M 1s
  5000K .......... .......... .......... .......... .......... 20% 28.0M 1s
  5050K .......... .......... .......... .......... .......... 20% 32.7M 1s
  5100K .......... .......... .......... .......... .......... 20% 34.3M 1s
  5150K .......... .......... .......... .......... .......... 20% 20.2M 1s
  5200K .......... .......... .......... .......... .......... 21% 33.7M 1s
  5250K .......... .......... .......... .......... .......... 21% 28.6M 1s
  5300K .......... .......... .......... .......... .......... 21% 33.3M 1s
  5350K .......... .......... .......... .......... .......... 21% 23.0M 1s
  5400K .......... .......... .......... .......... .......... 21% 28.1M 1s
  5450K .......... .......... .......... .......... .......... 22% 32.8M 1s
  5500K .......... .......... .......... .......... .......... 22% 27.6M 1s
  5550K .......... .......... .......... .......... .......... 22% 20.0M 1s
  5600K .......... .......... .......... .......... .......... 22% 32.3M 1s
  5650K .......... .......... .......... .......... .......... 22% 33.2M 1s
  5700K .......... .......... .......... .......... .......... 23% 27.9M 1s
  5750K .......... .......... .......... .......... .......... 23% 19.7M 1s
  5800K .......... .......... .......... .......... .......... 23% 32.1M 1s
  5850K .......... .......... .......... .......... .......... 23% 28.8M 1s
  5900K .......... .......... .......... .......... .......... 23% 32.1M 1s
  5950K .......... .......... .......... .......... .......... 24% 20.5M 1s
  6000K .......... .......... .......... .......... .......... 24% 32.4M 1s
  6050K .......... .......... .......... .......... .......... 24% 34.0M 1s
  6100K .......... .......... .......... .......... .......... 24% 27.6M 1s
  6150K .......... .......... .......... .......... .......... 24% 33.9M 1s
  6200K .......... .......... .......... .......... .......... 25% 19.2M 1s
  6250K .......... .......... .......... .......... .......... 25% 32.9M 1s
  6300K .......... .......... .......... .......... .......... 25% 28.2M 1s
  6350K .......... .......... .......... .......... .......... 25% 23.0M 1s
  6400K .......... .......... .......... .......... .......... 25% 30.9M 1s
  6450K .......... .......... .......... .......... .......... 26% 30.7M 1s
  6500K .......... .......... .......... .......... .......... 26% 32.8M 1s
  6550K .......... .......... .......... .......... .......... 26% 20.3M 1s
  6600K .......... .......... .......... .......... .......... 26% 27.6M 1s
  6650K .......... .......... .......... .......... .......... 26% 41.3M 1s
  6700K .......... .......... .......... .......... .......... 27% 28.8M 1s
  6750K .......... .......... .......... .......... .......... 27% 32.6M 1s
  6800K .......... .......... .......... .......... .......... 27% 19.8M 1s
  6850K .......... .......... .......... .......... .......... 27% 33.8M 1s
  6900K .......... .......... .......... .......... .......... 27% 32.9M 1s
  6950K .......... .......... .......... .......... .......... 28% 28.0M 1s
  7000K .......... .......... .......... .......... .......... 28% 20.5M 1s
  7050K .......... .......... .......... .......... .......... 28% 28.0M 1s
  7100K .......... .......... .......... .......... .......... 28% 33.4M 1s
  7150K .......... .......... .......... .......... .......... 28% 28.2M 1s
  7200K .......... .......... .......... .......... .......... 29% 20.3M 1s
  7250K .......... .......... .......... .......... .......... 29% 32.0M 1s
  7300K .......... .......... .......... .......... .......... 29% 28.4M 1s
  7350K .......... .......... .......... .......... .......... 29% 33.6M 1s
  7400K .......... .......... .......... .......... .......... 29% 32.5M 1s
  7450K .......... .......... .......... .......... .......... 30% 17.3M 1s
  7500K .......... .......... .......... .......... .......... 30% 32.3M 1s
  7550K .......... .......... .......... .......... .......... 30% 33.0M 1s
  7600K .......... .......... .......... .......... .......... 30% 28.0M 1s
  7650K .......... .......... .......... .......... .......... 30% 20.0M 1s
  7700K .......... .......... .......... .......... .......... 31% 34.2M 1s
  7750K .......... .......... .......... .......... .......... 31% 28.2M 1s
  7800K .......... .......... .......... .......... .......... 31% 32.7M 1s
  7850K .......... .......... .......... .......... .......... 31% 20.3M 1s
  7900K .......... .......... .......... .......... .......... 31% 33.1M 1s
  7950K .......... .......... .......... .......... .......... 32% 31.7M 1s
  8000K .......... .......... .......... .......... .......... 32% 27.9M 1s
  8050K .......... .......... .......... .......... .......... 32% 22.4M 1s
  8100K .......... .......... .......... .......... .......... 32% 28.0M 1s
  8150K .......... .......... .......... .......... .......... 32% 33.6M 1s
  8200K .......... .......... .......... .......... .......... 33% 33.5M 1s
  8250K .......... .......... .......... .......... .......... 33% 18.7M 1s
  8300K .......... .......... .......... .......... .......... 33% 32.7M 1s
  8350K .......... .......... .......... .......... .......... 33% 32.4M 1s
  8400K .......... .......... .......... .......... .......... 33% 27.2M 1s
  8450K .......... .......... .......... .......... .......... 34% 34.2M 1s
  8500K .......... .......... .......... .......... .......... 34% 21.5M 1s
  8550K .......... .......... .......... .......... .......... 34% 28.4M 1s
  8600K .......... .......... .......... .......... .......... 34% 32.7M 1s
  8650K .......... .......... .......... .......... .......... 34% 27.9M 1s
  8700K .......... .......... .......... .......... .......... 35% 20.3M 1s
  8750K .......... .......... .......... .......... .......... 35% 33.4M 1s
  8800K .......... .......... .......... .......... .......... 35% 25.1M 1s
  8850K .......... .......... .......... .......... .......... 35% 30.8M 1s
  8900K .......... .......... .......... .......... .......... 35% 23.5M 1s
  8950K .......... .......... .......... .......... .......... 36% 27.0M 1s
  9000K .......... .......... .......... .......... .......... 36% 30.9M 1s
  9050K .......... .......... .......... .......... .......... 36% 28.4M 1s
  9100K .......... .......... .......... .......... .......... 36% 21.5M 1s
  9150K .......... .......... .......... .......... .......... 36% 32.0M 1s
  9200K .......... .......... .......... .......... .......... 37% 27.1M 1s
  9250K .......... .......... .......... .......... .......... 37% 26.6M 1s
  9300K .......... .......... .......... .......... .......... 37% 23.1M 1s
  9350K .......... .......... .......... .......... .......... 37% 28.2M 1s
  9400K .......... .......... .......... .......... .......... 37% 30.8M 1s
  9450K .......... .......... .......... .......... .......... 38% 31.4M 1s
  9500K .......... .......... .......... .......... .......... 38% 20.2M 1s
  9550K .......... .......... .......... .......... .......... 38% 32.9M 1s
  9600K .......... .......... .......... .......... .......... 38% 28.4M 1s
  9650K .......... .......... .......... .......... .......... 38% 31.5M 1s
  9700K .......... .......... .......... .......... .......... 39% 31.4M 1s
  9750K .......... .......... .......... .......... .......... 39% 17.8M 1s
  9800K .......... .......... .......... .......... .......... 39% 27.1M 1s
  9850K .......... .......... .......... .......... .......... 39% 31.7M 1s
  9900K .......... .......... .......... .......... .......... 39% 32.1M 1s
  9950K .......... .......... .......... .......... .......... 40% 19.0M 1s
 10000K .......... .......... .......... .......... .......... 40% 31.4M 1s
 10050K .......... .......... .......... .......... .......... 40% 32.3M 1s
 10100K .......... .......... .......... .......... .......... 40% 26.6M 1s
 10150K .......... .......... .......... .......... .......... 40% 32.3M 1s
 10200K .......... .......... .......... .......... .......... 41% 20.0M 1s
 10250K .......... .......... .......... .......... .......... 41% 26.5M 1s
 10300K .......... .......... .......... .......... .......... 41% 31.7M 1s
 10350K .......... .......... .......... .......... .......... 41% 26.3M 1s
 10400K .......... .......... .......... .......... .......... 41% 20.5M 1s
 10450K .......... .......... .......... .......... .......... 42% 30.3M 1s
 10500K .......... .......... .......... .......... .......... 42% 28.0M 1s
 10550K .......... .......... .......... .......... .......... 42% 18.9M 1s
 10600K .......... .......... .......... .......... .......... 42% 30.1M 1s
 10650K .......... .......... .......... .......... .......... 42% 31.5M 1s
 10700K .......... .......... .......... .......... .......... 43% 30.3M 1s
 10750K .......... .......... .......... .......... .......... 43% 20.1M 1s
 10800K .......... .......... .......... .......... .......... 43% 34.7M 1s
 10850K .......... .......... .......... .......... .......... 43% 23.4M 1s
 10900K .......... .......... .......... .......... .......... 43% 36.4M 1s
 10950K .......... .......... .......... .......... .......... 44% 28.8M 1s
 11000K .......... .......... .......... .......... .......... 44% 20.4M 1s
 11050K .......... .......... .......... .......... .......... 44% 31.4M 1s
 11100K .......... .......... .......... .......... .......... 44% 29.6M 1s
 11150K .......... .......... .......... .......... .......... 44% 34.0M 1s
 11200K .......... .......... .......... .......... .......... 45% 21.2M 1s
 11250K .......... .......... .......... .......... .......... 45% 33.6M 1s
 11300K .......... .......... .......... .......... .......... 45% 33.1M 1s
 11350K .......... .......... .......... .......... .......... 45% 29.1M 1s
 11400K .......... .......... .......... .......... .......... 45% 20.6M 1s
 11450K .......... .......... .......... .......... .......... 46% 32.5M 1s
 11500K .......... .......... .......... .......... .......... 46% 33.5M 1s
 11550K .......... .......... .......... .......... .......... 46% 23.5M 1s
 11600K .......... .......... .......... .......... .......... 46% 25.2M 1s
 11650K .......... .......... .......... .......... .......... 46% 34.3M 1s
 11700K .......... .......... .......... .......... .......... 47% 28.4M 1s
 11750K .......... .......... .......... .......... .......... 47% 31.9M 1s
 11800K .......... .......... .......... .......... .......... 47% 22.6M 1s
 11850K .......... .......... .......... .......... .......... 47% 29.9M 1s
 11900K .......... .......... .......... .......... .......... 47% 32.9M 1s
 11950K .......... .......... .......... .......... .......... 48% 29.5M 1s
 12000K .......... .......... .......... .......... .......... 48% 24.1M 1s
 12050K .......... .......... .......... .......... .......... 48% 34.1M 1s
 12100K .......... .......... .......... .......... .......... 48% 27.5M 1s
 12150K .......... .......... .......... .......... .......... 48% 32.4M 1s
 12200K .......... .......... .......... .......... .......... 49% 18.9M 1s
 12250K .......... .......... .......... .......... .......... 49% 39.3M 1s
 12300K .......... .......... .......... .......... .......... 49% 33.5M 1s
 12350K .......... .......... .......... .......... .......... 49% 28.6M 1s
 12400K .......... .......... .......... .......... .......... 49% 34.5M 1s
 12450K .......... .......... .......... .......... .......... 50% 19.2M 1s
 12500K .......... .......... .......... .......... .......... 50% 31.4M 1s
 12550K .......... .......... .......... .......... .......... 50% 36.9M 1s
 12600K .......... .......... .......... .......... .......... 50% 30.1M 1s
 12650K .......... .......... .......... .......... .......... 50% 22.6M 1s
 12700K .......... .......... .......... .......... .......... 51% 28.6M 1s
 12750K .......... .......... .......... .......... .......... 51% 33.3M 1s
 12800K .......... .......... .......... .......... .......... 51% 34.4M 1s
 12850K .......... .......... .......... .......... .......... 51% 21.6M 1s
 12900K .......... .......... .......... .......... .......... 51% 29.0M 1s
 12950K .......... .......... .......... .......... .......... 52% 31.3M 1s
 13000K .......... .......... .......... .......... .......... 52% 35.2M 1s
 13050K .......... .......... .......... .......... .......... 52% 17.5M 1s
 13100K .......... .......... .......... .......... .......... 52% 33.6M 1s
 13150K .......... .......... .......... .......... .......... 52% 31.3M 1s
 13200K .......... .......... .......... .......... .......... 53% 29.4M 1s
 13250K .......... .......... .......... .......... .......... 53% 17.3M 1s
 13300K .......... .......... .......... .......... .......... 53% 22.8M 1s
 13350K .......... .......... .......... .......... .......... 53% 37.4M 1s
 13400K .......... .......... .......... .......... .......... 53% 32.2M 1s
 13450K .......... .......... .......... .......... .......... 54% 27.8M 1s
 13500K .......... .......... .......... .......... .......... 54% 16.4M 1s
 13550K .......... .......... .......... .......... .......... 54% 30.7M 1s
 13600K .......... .......... .......... .......... .......... 54% 31.9M 1s
 13650K .......... .......... .......... .......... .......... 54% 23.3M 0s
 13700K .......... .......... .......... .......... .......... 55% 16.4M 0s
 13750K .......... .......... .......... .......... .......... 55% 60.0M 0s
 13800K .......... .......... .......... .......... .......... 55% 28.3M 0s
 13850K .......... .......... .......... .......... .......... 55% 32.8M 0s
 13900K .......... .......... .......... .......... .......... 55% 17.9M 0s
 13950K .......... .......... .......... .......... .......... 56% 32.9M 0s
 14000K .......... .......... .......... .......... .......... 56% 31.6M 0s
 14050K .......... .......... .......... .......... .......... 56% 20.0M 0s
 14100K .......... .......... .......... .......... .......... 56% 32.1M 0s
 14150K .......... .......... .......... .......... .......... 56% 27.5M 0s
 14200K .......... .......... .......... .......... .......... 57% 33.0M 0s
 14250K .......... .......... .......... .......... .......... 57% 23.3M 0s
 14300K .......... .......... .......... .......... .......... 57% 26.9M 0s
 14350K .......... .......... .......... .......... .......... 57% 35.9M 0s
 14400K .......... .......... .......... .......... .......... 57% 27.6M 0s
 14450K .......... .......... .......... .......... .......... 58% 5.66M 0s
 14500K .......... .......... .......... .......... .......... 58% 33.1M 0s
 14550K .......... .......... .......... .......... .......... 58% 33.1M 0s
 14600K .......... .......... .......... .......... .......... 58% 26.7M 0s
 14650K .......... .......... .......... .......... .......... 58% 34.8M 0s
 14700K .......... .......... .......... .......... .......... 59% 21.6M 0s
 14750K .......... .......... .......... .......... .......... 59% 33.5M 0s
 14800K .......... .......... .......... .......... .......... 59% 33.5M 0s
 14850K .......... .......... .......... .......... .......... 59% 28.0M 0s
 14900K .......... .......... .......... .......... .......... 59% 24.1M 0s
 14950K .......... .......... .......... .......... .......... 60% 28.6M 0s
 15000K .......... .......... .......... .......... .......... 60% 30.5M 0s
 15050K .......... .......... .......... .......... .......... 60% 30.6M 0s
 15100K .......... .......... .......... .......... .......... 60% 24.4M 0s
 15150K .......... .......... .......... .......... .......... 60% 33.0M 0s
 15200K .......... .......... .......... .......... .......... 61% 29.1M 0s
 15250K .......... .......... .......... .......... .......... 61% 32.6M 0s
 15300K .......... .......... .......... .......... .......... 61% 9.81M 0s
 15350K .......... .......... .......... .......... .......... 61% 31.5M 0s
 15400K .......... .......... .......... .......... .......... 61% 26.6M 0s
 15450K .......... .......... .......... .......... .......... 62% 30.6M 0s
 15500K .......... .......... .......... .......... .......... 62% 30.5M 0s
 15550K .......... .......... .......... .......... .......... 62% 15.4M 0s
 15600K .......... .......... .......... .......... .......... 62% 32.5M 0s
 15650K .......... .......... .......... .......... .......... 62% 29.8M 0s
 15700K .......... .......... .......... .......... .......... 63% 26.2M 0s
 15750K .......... .......... .......... .......... .......... 63% 28.9M 0s
 15800K .......... .......... .......... .......... .......... 63% 21.3M 0s
 15850K .......... .......... .......... .......... .......... 63% 49.3M 0s
 15900K .......... .......... .......... .......... .......... 63% 29.7M 0s
 15950K .......... .......... .......... .......... .......... 64% 23.7M 0s
 16000K .......... .......... .......... .......... .......... 64% 29.0M 0s
 16050K .......... .......... .......... .......... .......... 64% 24.4M 0s
 16100K .......... .......... .......... .......... .......... 64% 24.9M 0s
 16150K .......... .......... .......... .......... .......... 64% 27.8M 0s
 16200K .......... .......... .......... .......... .......... 65% 20.4M 0s
 16250K .......... .......... .......... .......... .......... 65% 30.4M 0s
 16300K .......... .......... .......... .......... .......... 65% 22.7M 0s
 16350K .......... .......... .......... .......... .......... 65% 29.2M 0s
 16400K .......... .......... .......... .......... .......... 65% 29.6M 0s
 16450K .......... .......... .......... .......... .......... 66% 24.5M 0s
 16500K .......... .......... .......... .......... .......... 66% 30.2M 0s
 16550K .......... .......... .......... .......... .......... 66% 27.7M 0s
 16600K .......... .......... .......... .......... .......... 66% 30.3M 0s
 16650K .......... .......... .......... .......... .......... 66% 32.3M 0s
 16700K .......... .......... .......... .......... .......... 67% 27.0M 0s
 16750K .......... .......... .......... .......... .......... 67% 9.00M 0s
 16800K .......... .......... .......... .......... .......... 67% 26.9M 0s
 16850K .......... .......... .......... .......... .......... 67% 29.8M 0s
 16900K .......... .......... .......... .......... .......... 67% 23.2M 0s
 16950K .......... .......... .......... .......... .......... 68% 17.8M 0s
 17000K .......... .......... .......... .......... .......... 68% 29.0M 0s
 17050K .......... .......... .......... .......... .......... 68% 23.6M 0s
 17100K .......... .......... .......... .......... .......... 68% 28.8M 0s
 17150K .......... .......... .......... .......... .......... 68% 24.0M 0s
 17200K .......... .......... .......... .......... .......... 69% 6.21M 0s
 17250K .......... .......... .......... .......... .......... 69% 31.3M 0s
 17300K .......... .......... .......... .......... .......... 69% 26.9M 0s
 17350K .......... .......... .......... .......... .......... 69% 24.8M 0s
 17400K .......... .......... .......... .......... .......... 69% 15.3M 0s
 17450K .......... .......... .......... .......... .......... 70% 25.0M 0s
 17500K .......... .......... .......... .......... .......... 70% 29.0M 0s
 17550K .......... .......... .......... .......... .......... 70% 25.3M 0s
 17600K .......... .......... .......... .......... .......... 70% 28.6M 0s
 17650K .......... .......... .......... .......... .......... 70% 14.5M 0s
 17700K .......... .......... .......... .......... .......... 71% 22.4M 0s
 17750K .......... .......... .......... .......... .......... 71% 34.1M 0s
 17800K .......... .......... .......... .......... .......... 71% 32.2M 0s
 17850K .......... .......... .......... .......... .......... 71% 3.74M 0s
 17900K .......... .......... .......... .......... .......... 71% 27.2M 0s
 17950K .......... .......... .......... .......... .......... 72% 29.4M 0s
 18000K .......... .......... .......... .......... .......... 72% 25.1M 0s
 18050K .......... .......... .......... .......... .......... 72% 28.4M 0s
 18100K .......... .......... .......... .......... .......... 72% 20.1M 0s
 18150K .......... .......... .......... .......... .......... 72% 25.0M 0s
 18200K .......... .......... .......... .......... .......... 73% 29.4M 0s
 18250K .......... .......... .......... .......... .......... 73% 25.0M 0s
 18300K .......... .......... .......... .......... .......... 73% 18.0M 0s
 18350K .......... .......... .......... .......... .......... 73% 28.1M 0s
 18400K .......... .......... .......... .......... .......... 73% 30.2M 0s
 18450K .......... .......... .......... .......... .......... 74% 33.9M 0s
 18500K .......... .......... .......... .......... .......... 74% 32.9M 0s
 18550K .......... .......... .......... .......... .......... 74% 15.7M 0s
 18600K .......... .......... .......... .......... .......... 74% 27.0M 0s
 18650K .......... .......... .......... .......... .......... 74% 23.6M 0s
 18700K .......... .......... .......... .......... .......... 75% 23.5M 0s
 18750K .......... .......... .......... .......... .......... 75% 16.7M 0s
 18800K .......... .......... .......... .......... .......... 75% 32.4M 0s
 18850K .......... .......... .......... .......... .......... 75% 26.0M 0s
 18900K .......... .......... .......... .......... .......... 75% 29.9M 0s
 18950K .......... .......... .......... .......... .......... 76% 25.7M 0s
 19000K .......... .......... .......... .......... .......... 76% 14.6M 0s
 19050K .......... .......... .......... .......... .......... 76% 30.4M 0s
 19100K .......... .......... .......... .......... .......... 76% 23.9M 0s
 19150K .......... .......... .......... .......... .......... 76% 34.8M 0s
 19200K .......... .......... .......... .......... .......... 77% 23.4M 0s
 19250K .......... .......... .......... .......... .......... 77% 27.4M 0s
 19300K .......... .......... .......... .......... .......... 77% 31.1M 0s
 19350K .......... .......... .......... .......... .......... 77% 26.6M 0s
 19400K .......... .......... .......... .......... .......... 77% 21.1M 0s
 19450K .......... .......... .......... .......... .......... 78% 33.6M 0s
 19500K .......... .......... .......... .......... .......... 78% 26.9M 0s
 19550K .......... .......... .......... .......... .......... 78% 29.8M 0s
 19600K .......... .......... .......... .......... .......... 78% 19.1M 0s
 19650K .......... .......... .......... .......... .......... 78% 31.6M 0s
 19700K .......... .......... .......... .......... .......... 79% 28.5M 0s
 19750K .......... .......... .......... .......... .......... 79% 18.0M 0s
 19800K .......... .......... .......... .......... .......... 79% 30.6M 0s
 19850K .......... .......... .......... .......... .......... 79% 25.6M 0s
 19900K .......... .......... .......... .......... .......... 79% 29.9M 0s
 19950K .......... .......... .......... .......... .......... 80% 23.6M 0s
 20000K .......... .......... .......... .......... .......... 80% 26.8M 0s
 20050K .......... .......... .......... .......... .......... 80% 31.9M 0s
 20100K .......... .......... .......... .......... .......... 80% 26.4M 0s
 20150K .......... .......... .......... .......... .......... 80% 18.4M 0s
 20200K .......... .......... .......... .......... .......... 81% 30.6M 0s
 20250K .......... .......... .......... .......... .......... 81% 27.5M 0s
 20300K .......... .......... .......... .......... .......... 81% 31.2M 0s
 20350K .......... .......... .......... .......... .......... 81% 18.4M 0s
 20400K .......... .......... .......... .......... .......... 81% 31.6M 0s
 20450K .......... .......... .......... .......... .......... 82% 30.2M 0s
 20500K .......... .......... .......... .......... .......... 82% 25.2M 0s
 20550K .......... .......... .......... .......... .......... 82% 27.1M 0s
 20600K .......... .......... .......... .......... .......... 82% 27.6M 0s
 20650K .......... .......... .......... .......... .......... 82% 31.5M 0s
 20700K .......... .......... .......... .......... .......... 83% 33.5M 0s
 20750K .......... .......... .......... .......... .......... 83% 27.3M 0s
 20800K .......... .......... .......... .......... .......... 83% 21.3M 0s
 20850K .......... .......... .......... .......... .......... 83% 28.2M 0s
 20900K .......... .......... .......... .......... .......... 83% 31.8M 0s
 20950K .......... .......... .......... .......... .......... 84% 32.7M 0s
 21000K .......... .......... .......... .......... .......... 84% 18.3M 0s
 21050K .......... .......... .......... .......... .......... 84% 32.5M 0s
 21100K .......... .......... .......... .......... .......... 84% 25.5M 0s
 21150K .......... .......... .......... .......... .......... 84% 32.4M 0s
 21200K .......... .......... .......... .......... .......... 85% 16.4M 0s
 21250K .......... .......... .......... .......... .......... 85% 27.7M 0s
 21300K .......... .......... .......... .......... .......... 85% 33.0M 0s
 21350K .......... .......... .......... .......... .......... 85%  819K 0s
 21400K .......... .......... .......... .......... .......... 85% 77.8M 0s
 21450K .......... .......... .......... .......... .......... 86% 1.18M 0s
 21500K .......... .......... .......... .......... .......... 86%  116M 0s
 21550K .......... .......... .......... .......... .......... 86%  135M 0s
 21600K .......... .......... .......... .......... .......... 86% 99.7M 0s
 21650K .......... .......... .......... .......... .......... 86%  126M 0s
 21700K .......... .......... .......... .......... .......... 87%  140M 0s
 21750K .......... .......... .......... .......... .......... 87%  132M 0s
 21800K .......... .......... .......... .......... .......... 87%  125M 0s
 21850K .......... .......... .......... .......... .......... 87%  146M 0s
 21900K .......... .......... .......... .......... .......... 87%  134M 0s
 21950K .......... .......... .......... .......... .......... 88%  150M 0s
 22000K .......... .......... .......... .......... .......... 88%  129M 0s
 22050K .......... .......... .......... .......... .......... 88%  132M 0s
 22100K .......... .......... .......... .......... .......... 88% 1.84M 0s
 22150K .......... .......... .......... .......... .......... 88% 40.7M 0s
 22200K .......... .......... .......... .......... .......... 89%  143M 0s
 22250K .......... .......... .......... .......... .......... 89%  130M 0s
 22300K .......... .......... .......... .......... .......... 89%  106M 0s
 22350K .......... .......... .......... .......... .......... 89%  153M 0s
 22400K .......... .......... .......... .......... .......... 89%  128M 0s
 22450K .......... .......... .......... .......... .......... 90%  115M 0s
 22500K .......... .......... .......... .......... .......... 90%  149M 0s
 22550K .......... .......... .......... .......... .......... 90%  131M 0s
 22600K .......... .......... .......... .......... .......... 90%  144M 0s
 22650K .......... .......... .......... .......... .......... 90%  132M 0s
 22700K .......... .......... .......... .......... .......... 91%  108M 0s
 22750K .......... .......... .......... .......... .......... 91% 7.13M 0s
 22800K .......... .......... .......... .......... .......... 91% 8.08M 0s
 22850K .......... .......... .......... .......... .......... 91% 10.9M 0s
 22900K .......... .......... .......... .......... .......... 91% 10.8M 0s
 22950K .......... .......... .......... .......... .......... 92% 15.9M 0s
 23000K .......... .......... .......... .......... .......... 92%  117M 0s
 23050K .......... .......... .......... .......... .......... 92% 1.29M 0s
 23100K .......... .......... .......... .......... .......... 92%  103M 0s
 23150K .......... .......... .......... .......... .......... 92%  132M 0s
 23200K .......... .......... .......... .......... .......... 93%  145M 0s
 23250K .......... .......... .......... .......... .......... 93%  119M 0s
 23300K .......... .......... .......... .......... .......... 93%  126M 0s
 23350K .......... .......... .......... .......... .......... 93%  147M 0s
 23400K .......... .......... .......... .......... .......... 93%  111M 0s
 23450K .......... .......... .......... .......... .......... 94% 67.5M 0s
 23500K .......... .......... .......... .......... .......... 94%  136M 0s
 23550K .......... .......... .......... .......... .......... 94% 1.47M 0s
 23600K .......... .......... .......... .......... .......... 94%  136M 0s
 23650K .......... .......... .......... .......... .......... 94% 7.35M 0s
 23700K .......... .......... .......... .......... .......... 95%  150M 0s
 23750K .......... .......... .......... .......... .......... 95%  135M 0s
 23800K .......... .......... .......... .......... .......... 95% 3.11M 0s
 23850K .......... .......... .......... .......... .......... 95%  132M 0s
 23900K .......... .......... .......... .......... .......... 95% 6.15M 0s
 23950K .......... .......... .......... .......... .......... 96%  153M 0s
 24000K .......... .......... .......... .......... .......... 96%  149M 0s
 24050K .......... .......... .......... .......... .......... 96%  103M 0s
 24100K .......... .......... .......... .......... .......... 96% 2.43M 0s
 24150K .......... .......... .......... .......... .......... 96%  132M 0s
 24200K .......... .......... .......... .......... .......... 97%  122M 0s
 24250K .......... .......... .......... .......... .......... 97%  147M 0s
 24300K .......... .......... .......... .......... .......... 97% 3.82M 0s
 24350K .......... .......... .......... .......... .......... 97%  151M 0s
 24400K .......... .......... .......... .......... .......... 97%  117M 0s
 24450K .......... .......... .......... .......... .......... 98%  149M 0s
 24500K .......... .......... .......... .......... .......... 98%  144M 0s
 24550K .......... .......... .......... .......... .......... 98%  121M 0s
 24600K .......... .......... .......... .......... .......... 98%  144M 0s
 24650K .......... .......... .......... .......... .......... 98% 28.0M 0s
 24700K .......... .......... .......... .......... .......... 99%  124M 0s
 24750K .......... .......... .......... .......... .......... 99% 8.70M 0s
 24800K .......... .......... .......... .......... .......... 99% 19.9M 0s
 24850K .......... .......... .......... .......... .......... 99% 6.31M 0s
 24900K .......... .......... .......... .......... .......... 99%  115M 0s
 24950K .......... ......                                     100%  154M=1.2s

2022-04-24 02:55:02 (19.5 MB/s) - ‘/root/process_mining/trips_tracing/stopsintrip.json’ saved [25566077/25566077]

--2022-04-24 02:55:02--  https://ckan.multimediagdansk.pl/dataset/c24aa637-3619-4dc2-a171-a23eec8f2172/resource/4c4025f0-01bf-41f7-a39f-d156d201b82b/download/stops.json
Resolving ckan.multimediagdansk.pl (ckan.multimediagdansk.pl)... 91.244.248.30
Connecting to ckan.multimediagdansk.pl (ckan.multimediagdansk.pl)|91.244.248.30|:443... connected.
HTTP request sent, awaiting response... 200 OK
Length: 7580595 (7.2M) [application/json]
Saving to: ‘/root/process_mining/trips_tracing/stops.json’

     0K .......... .......... .......... .......... ..........  0%  890K 8s
    50K .......... .......... .......... .......... ..........  1% 1.75M 6s
   100K .......... .......... .......... .......... ..........  2% 72.3M 4s
   150K .......... .......... .......... .......... ..........  2% 1.79M 4s
   200K .......... .......... .......... .......... ..........  3% 63.6M 3s
   250K .......... .......... .......... .......... ..........  4% 62.8M 3s
   300K .......... .......... .......... .......... ..........  4% 51.7M 2s
   350K .......... .......... .......... .......... ..........  5% 52.3M 2s
   400K .......... .......... .......... .......... ..........  6% 1.93M 2s
   450K .......... .......... .......... .......... ..........  6% 71.1M 2s
   500K .......... .......... .......... .......... ..........  7% 94.8M 2s
   550K .......... .......... .......... .......... ..........  8% 98.2M 2s
   600K .......... .......... .......... .......... ..........  8% 74.0M 1s
   650K .......... .......... .......... .......... ..........  9% 84.3M 1s
   700K .......... .......... .......... .......... .......... 10% 92.7M 1s
   750K .......... .......... .......... .......... .......... 10%  152M 1s
   800K .......... .......... .......... .......... .......... 11% 2.03M 1s
   850K .......... .......... .......... .......... .......... 12% 65.7M 1s
   900K .......... .......... .......... .......... .......... 12% 78.7M 1s
   950K .......... .......... .......... .......... .......... 13% 55.2M 1s
  1000K .......... .......... .......... .......... .......... 14% 79.5M 1s
  1050K .......... .......... .......... .......... .......... 14% 82.7M 1s
  1100K .......... .......... .......... .......... .......... 15% 72.1M 1s
  1150K .......... .......... .......... .......... .......... 16% 81.6M 1s
  1200K .......... .......... .......... .......... .......... 16% 68.7M 1s
  1250K .......... .......... .......... .......... .......... 17% 91.3M 1s
  1300K .......... .......... .......... .......... .......... 18% 97.4M 1s
  1350K .......... .......... .......... .......... .......... 18% 86.9M 1s
  1400K .......... .......... .......... .......... .......... 19% 97.0M 1s
  1450K .......... .......... .......... .......... .......... 20%  119M 1s
  1500K .......... .......... .......... .......... .......... 20%  158M 1s
  1550K .......... .......... .......... .......... .......... 21%  152M 1s
  1600K .......... .......... .......... .......... .......... 22%  113M 1s
  1650K .......... .......... .......... .......... .......... 22%  161M 1s
  1700K .......... .......... .......... .......... .......... 23% 2.51M 1s
  1750K .......... .......... .......... .......... .......... 24% 99.1M 1s
  1800K .......... .......... .......... .......... .......... 24% 83.0M 1s
  1850K .......... .......... .......... .......... .......... 25% 79.2M 1s
  1900K .......... .......... .......... .......... .......... 26% 98.0M 1s
  1950K .......... .......... .......... .......... .......... 27% 93.1M 1s
  2000K .......... .......... .......... .......... .......... 27% 90.9M 1s
  2050K .......... .......... .......... .......... .......... 28%  107M 1s
  2100K .......... .......... .......... .......... .......... 29% 72.6M 0s
  2150K .......... .......... .......... .......... .......... 29%  101M 0s
  2200K .......... .......... .......... .......... .......... 30% 82.5M 0s
  2250K .......... .......... .......... .......... .......... 31%  112M 0s
  2300K .......... .......... .......... .......... .......... 31% 92.7M 0s
  2350K .......... .......... .......... .......... .......... 32% 87.9M 0s
  2400K .......... .......... .......... .......... .......... 33%  103M 0s
  2450K .......... .......... .......... .......... .......... 33% 87.2M 0s
  2500K .......... .......... .......... .......... .......... 34%  104M 0s
  2550K .......... .......... .......... .......... .......... 35% 96.6M 0s
  2600K .......... .......... .......... .......... .......... 35% 77.5M 0s
  2650K .......... .......... .......... .......... .......... 36%  102M 0s
  2700K .......... .......... .......... .......... .......... 37% 82.6M 0s
  2750K .......... .......... .......... .......... .......... 37%  100M 0s
  2800K .......... .......... .......... .......... .......... 38% 96.5M 0s
  2850K .......... .......... .......... .......... .......... 39% 81.8M 0s
  2900K .......... .......... .......... .......... .......... 39% 97.6M 0s
  2950K .......... .......... .......... .......... .......... 40% 93.7M 0s
  3000K .......... .......... .......... .......... .......... 41%  132M 0s
  3050K .......... .......... .......... .......... .......... 41%  146M 0s
  3100K .......... .......... .......... .......... .......... 42%  111M 0s
  3150K .......... .......... .......... .......... .......... 43%  124M 0s
  3200K .......... .......... .......... .......... .......... 43% 33.0M 0s
  3250K .......... .......... .......... .......... .......... 44% 32.0M 0s
  3300K .......... .......... .......... .......... .......... 45% 16.3M 0s
  3350K .......... .......... .......... .......... .......... 45% 6.93M 0s
  3400K .......... .......... .......... .......... .......... 46% 93.8M 0s
  3450K .......... .......... .......... .......... .......... 47% 81.5M 0s
  3500K .......... .......... .......... .......... .......... 47% 93.3M 0s
  3550K .......... .......... .......... .......... .......... 48%  100M 0s
  3600K .......... .......... .......... .......... .......... 49% 84.6M 0s
  3650K .......... .......... .......... .......... .......... 49%  103M 0s
  3700K .......... .......... .......... .......... .......... 50% 94.0M 0s
  3750K .......... .......... .......... .......... .......... 51% 32.3M 0s
  3800K .......... .......... .......... .......... .......... 52% 32.0M 0s
  3850K .......... .......... .......... .......... .......... 52% 24.3M 0s
  3900K .......... .......... .......... .......... .......... 53% 37.0M 0s
  3950K .......... .......... .......... .......... .......... 54% 28.4M 0s
  4000K .......... .......... .......... .......... .......... 54% 33.1M 0s
  4050K .......... .......... .......... .......... .......... 55% 33.8M 0s
  4100K .......... .......... .......... .......... .......... 56% 27.0M 0s
  4150K .......... .......... .......... .......... .......... 56% 33.4M 0s
  4200K .......... .......... .......... .......... .......... 57% 27.1M 0s
  4250K .......... .......... .......... .......... .......... 58% 31.9M 0s
  4300K .......... .......... .......... .......... .......... 58% 33.4M 0s
  4350K .......... .......... .......... .......... .......... 59% 26.1M 0s
  4400K .......... .......... .......... .......... .......... 60% 32.3M 0s
  4450K .......... .......... .......... .......... .......... 60% 27.8M 0s
  4500K .......... .......... .......... .......... .......... 61% 31.8M 0s
  4550K .......... .......... .......... .......... .......... 62% 33.1M 0s
  4600K .......... .......... .......... .......... .......... 62% 27.1M 0s
  4650K .......... .......... .......... .......... .......... 63% 31.2M 0s
  4700K .......... .......... .......... .......... .......... 64% 28.5M 0s
  4750K .......... .......... .......... .......... .......... 64% 32.2M 0s
  4800K .......... .......... .......... .......... .......... 65% 31.9M 0s
  4850K .......... .......... .......... .......... .......... 66% 28.1M 0s
  4900K .......... .......... .......... .......... .......... 66% 33.3M 0s
  4950K .......... .......... .......... .......... .......... 67% 27.5M 0s
  5000K .......... .......... .......... .......... .......... 68% 34.1M 0s
  5050K .......... .......... .......... .......... .......... 68% 31.7M 0s
  5100K .......... .......... .......... .......... .......... 69% 27.0M 0s
  5150K .......... .......... .......... .......... .......... 70% 32.4M 0s
  5200K .......... .......... .......... .......... .......... 70% 26.9M 0s
  5250K .......... .......... .......... .......... .......... 71% 29.7M 0s
  5300K .......... .......... .......... .......... .......... 72% 38.4M 0s
  5350K .......... .......... .......... .......... .......... 72% 27.8M 0s
  5400K .......... .......... .......... .......... .......... 73% 31.0M 0s
  5450K .......... .......... .......... .......... .......... 74% 28.2M 0s
  5500K .......... .......... .......... .......... .......... 74% 31.4M 0s
  5550K .......... .......... .......... .......... .......... 75% 30.3M 0s
  5600K .......... .......... .......... .......... .......... 76% 26.9M 0s
  5650K .......... .......... .......... .......... .......... 76% 31.8M 0s
  5700K .......... .......... .......... .......... .......... 77% 26.7M 0s
  5750K .......... .......... .......... .......... .......... 78% 30.9M 0s
  5800K .......... .......... .......... .......... .......... 79% 33.1M 0s
  5850K .......... .......... .......... .......... .......... 79% 22.1M 0s
  5900K .......... .......... .......... .......... .......... 80% 29.7M 0s
  5950K .......... .......... .......... .......... .......... 81% 30.3M 0s
  6000K .......... .......... .......... .......... .......... 81% 27.1M 0s
  6050K .......... .......... .......... .......... .......... 82% 28.8M 0s
  6100K .......... .......... .......... .......... .......... 83% 26.5M 0s
  6150K .......... .......... .......... .......... .......... 83% 29.1M 0s
  6200K .......... .......... .......... .......... .......... 84% 31.3M 0s
  6250K .......... .......... .......... .......... .......... 85% 27.6M 0s
  6300K .......... .......... .......... .......... .......... 85% 31.0M 0s
  6350K .......... .......... .......... .......... .......... 86% 28.6M 0s
  6400K .......... .......... .......... .......... .......... 87% 32.4M 0s
  6450K .......... .......... .......... .......... .......... 87% 32.3M 0s
  6500K .......... .......... .......... .......... .......... 88% 27.6M 0s
  6550K .......... .......... .......... .......... .......... 89% 28.4M 0s
  6600K .......... .......... .......... .......... .......... 89% 27.0M 0s
  6650K .......... .......... .......... .......... .......... 90% 33.1M 0s
  6700K .......... .......... .......... .......... .......... 91% 30.6M 0s
  6750K .......... .......... .......... .......... .......... 91% 27.6M 0s
  6800K .......... .......... .......... .......... .......... 92% 32.6M 0s
  6850K .......... .......... .......... .......... .......... 93% 27.7M 0s
  6900K .......... .......... .......... .......... .......... 93% 31.5M 0s
  6950K .......... .......... .......... .......... .......... 94% 32.9M 0s
  7000K .......... .......... .......... .......... .......... 95% 27.5M 0s
  7050K .......... .......... .......... .......... .......... 95% 33.6M 0s
  7100K .......... .......... .......... .......... .......... 96% 27.4M 0s
  7150K .......... .......... .......... .......... .......... 97% 32.1M 0s
  7200K .......... .......... .......... .......... .......... 97% 33.0M 0s
  7250K .......... .......... .......... .......... .......... 98% 28.4M 0s
  7300K .......... .......... .......... .......... .......... 99% 33.8M 0s
  7350K .......... .......... .......... .......... .......... 99% 29.6M 0s
  7400K ..                                                    100% 5579G=0.3s

2022-04-24 02:55:03 (20.8 MB/s) - ‘/root/process_mining/trips_tracing/stops.json’ saved [7580595/7580595]

--2022-04-24 02:55:03--  https://files.cloudgdansk.pl/d/otwarte-dane/ztm/baza-pojazdow.json?v=2
Resolving files.cloudgdansk.pl (files.cloudgdansk.pl)... 153.19.238.147
Connecting to files.cloudgdansk.pl (files.cloudgdansk.pl)|153.19.238.147|:443... connected.
HTTP request sent, awaiting response... 200 OK
Length: 279155 (273K) [application/json]
Saving to: ‘/root/process_mining/trips_tracing/baza-pojazdow.json’

     0K .......... .......... .......... .......... .......... 18% 1.70M 0s
    50K .......... .......... .......... .......... .......... 36% 1.70M 0s
   100K .......... .......... .......... .......... .......... 55%  120M 0s
   150K .......... .......... .......... .......... .......... 73% 1.66M 0s
   200K .......... .......... .......... .......... .......... 91%  214M 0s
   250K .......... .......... ..                              100%  203M=0.09s

2022-04-24 02:55:03 (3.04 MB/s) - ‘/root/process_mining/trips_tracing/baza-pojazdow.json’ saved [279155/279155]

