--2022-04-25 02:55:01--  https://ckan.multimediagdansk.pl/dataset/c24aa637-3619-4dc2-a171-a23eec8f2172/resource/3115d29d-b763-4af5-93f6-763b835967d6/download/stopsintrip.json
Resolving ckan.multimediagdansk.pl (ckan.multimediagdansk.pl)... 91.244.248.30
Connecting to ckan.multimediagdansk.pl (ckan.multimediagdansk.pl)|91.244.248.30|:443... connected.
HTTP request sent, awaiting response... 200 OK
Length: 23006310 (22M) [application/json]
Saving to: ‘/root/process_mining/trips_tracing/stopsintrip.json’

     0K .......... .......... .......... .......... ..........  0%  887K 25s
    50K .......... .......... .......... .......... ..........  0% 1.75M 19s
   100K .......... .......... .......... .......... ..........  0% 61.3M 13s
   150K .......... .......... .......... .......... ..........  0% 80.9M 10s
   200K .......... .......... .......... .......... ..........  1% 1.78M 10s
   250K .......... .......... .......... .......... ..........  1% 76.2M 8s
   300K .......... .......... .......... .......... ..........  1% 83.0M 7s
   350K .......... .......... .......... .......... ..........  1%  129M 6s
   400K .......... .......... .......... .......... ..........  2% 1.86M 7s
   450K .......... .......... .......... .......... ..........  2% 73.3M 6s
   500K .......... .......... .......... .......... ..........  2% 79.3M 6s
   550K .......... .......... .......... .......... ..........  2% 82.8M 5s
   600K .......... .......... .......... .......... ..........  2% 69.1M 5s
   650K .......... .......... .......... .......... ..........  3% 82.6M 4s
   700K .......... .......... .......... .......... ..........  3%  100M 4s
   750K .......... .......... .......... .......... ..........  3%  138M 4s
   800K .......... .......... .......... .......... ..........  3%  158M 4s
   850K .......... .......... .......... .......... ..........  4% 2.03M 4s
   900K .......... .......... .......... .......... ..........  4% 63.8M 4s
   950K .......... .......... .......... .......... ..........  4% 72.5M 4s
  1000K .......... .......... .......... .......... ..........  4% 71.4M 3s
  1050K .......... .......... .......... .......... ..........  4% 79.9M 3s
  1100K .......... .......... .......... .......... ..........  5% 73.1M 3s
  1150K .......... .......... .......... .......... ..........  5% 79.4M 3s
  1200K .......... .......... .......... .......... ..........  5% 68.9M 3s
  1250K .......... .......... .......... .......... ..........  5% 86.5M 3s
  1300K .......... .......... .......... .......... ..........  6% 78.3M 3s
  1350K .......... .......... .......... .......... ..........  6% 84.9M 3s
  1400K .......... .......... .......... .......... ..........  6% 90.2M 3s
  1450K .......... .......... .......... .......... ..........  6% 88.7M 2s
  1500K .......... .......... .......... .......... ..........  6%  153M 2s
  1550K .......... .......... .......... .......... ..........  7%  160M 2s
  1600K .......... .......... .......... .......... ..........  7%  134M 2s
  1650K .......... .......... .......... .......... ..........  7%  156M 2s
  1700K .......... .......... .......... .......... ..........  7%  144M 2s
  1750K .......... .......... .......... .......... ..........  8% 2.57M 2s
  1800K .......... .......... .......... .......... ..........  8% 82.6M 2s
  1850K .......... .......... .......... .......... ..........  8% 88.2M 2s
  1900K .......... .......... .......... .......... ..........  8%  122M 2s
  1950K .......... .......... .......... .......... ..........  8% 57.4M 2s
  2000K .......... .......... .......... .......... ..........  9% 92.7M 2s
  2050K .......... .......... .......... .......... ..........  9% 98.0M 2s
  2100K .......... .......... .......... .......... ..........  9% 82.6M 2s
  2150K .......... .......... .......... .......... ..........  9% 93.3M 2s
  2200K .......... .......... .......... .......... .......... 10% 79.8M 2s
  2250K .......... .......... .......... .......... .......... 10% 98.7M 2s
  2300K .......... .......... .......... .......... .......... 10% 92.0M 2s
  2350K .......... .......... .......... .......... .......... 10% 81.9M 2s
  2400K .......... .......... .......... .......... .......... 10% 99.2M 2s
  2450K .......... .......... .......... .......... .......... 11% 81.1M 2s
  2500K .......... .......... .......... .......... .......... 11% 83.2M 2s
  2550K .......... .......... .......... .......... .......... 11%  101M 2s
  2600K .......... .......... .......... .......... .......... 11% 78.7M 2s
  2650K .......... .......... .......... .......... .......... 12%  102M 2s
  2700K .......... .......... .......... .......... .......... 12% 78.7M 1s
  2750K .......... .......... .......... .......... .......... 12%  100M 1s
  2800K .......... .......... .......... .......... .......... 12% 90.7M 1s
  2850K .......... .......... .......... .......... .......... 12% 81.0M 1s
  2900K .......... .......... .......... .......... .......... 13% 88.7M 1s
  2950K .......... .......... .......... .......... .......... 13% 76.4M 1s
  3000K .......... .......... .......... .......... .......... 13% 82.5M 1s
  3050K .......... .......... .......... .......... .......... 13% 80.2M 1s
  3100K .......... .......... .......... .......... .......... 14%  120M 1s
  3150K .......... .......... .......... .......... .......... 14%  129M 1s
  3200K .......... .......... .......... .......... .......... 14%  113M 1s
  3250K .......... .......... .......... .......... .......... 14%  145M 1s
  3300K .......... .......... .......... .......... .......... 14%  125M 1s
  3350K .......... .......... .......... .......... .......... 15%  115M 1s
  3400K .......... .......... .......... .......... .......... 15% 87.2M 1s
  3450K .......... .......... .......... .......... .......... 15% 18.4M 1s
  3500K .......... .......... .......... .......... .......... 15% 6.15M 1s
  3550K .......... .......... .......... .......... .......... 16% 84.8M 1s
  3600K .......... .......... .......... .......... .......... 16% 86.9M 1s
  3650K .......... .......... .......... .......... .......... 16% 96.3M 1s
  3700K .......... .......... .......... .......... .......... 16% 79.6M 1s
  3750K .......... .......... .......... .......... .......... 16% 94.6M 1s
  3800K .......... .......... .......... .......... .......... 17% 95.9M 1s
  3850K .......... .......... .......... .......... .......... 17% 95.1M 1s
  3900K .......... .......... .......... .......... .......... 17%  140M 1s
  3950K .......... .......... .......... .......... .......... 17% 52.3M 1s
  4000K .......... .......... .......... .......... .......... 18% 32.1M 1s
  4050K .......... .......... .......... .......... .......... 18% 32.2M 1s
  4100K .......... .......... .......... .......... .......... 18% 27.3M 1s
  4150K .......... .......... .......... .......... .......... 18% 32.5M 1s
  4200K .......... .......... .......... .......... .......... 18% 27.3M 1s
  4250K .......... .......... .......... .......... .......... 19% 34.2M 1s
  4300K .......... .......... .......... .......... .......... 19% 33.4M 1s
  4350K .......... .......... .......... .......... .......... 19% 29.2M 1s
  4400K .......... .......... .......... .......... .......... 19% 31.7M 1s
  4450K .......... .......... .......... .......... .......... 20% 34.8M 1s
  4500K .......... .......... .......... .......... .......... 20% 39.8M 1s
  4550K .......... .......... .......... .......... .......... 20% 37.9M 1s
  4600K .......... .......... .......... .......... .......... 20% 32.1M 1s
  4650K .......... .......... .......... .......... .......... 20% 36.4M 1s
  4700K .......... .......... .......... .......... .......... 21% 30.8M 1s
  4750K .......... .......... .......... .......... .......... 21% 34.1M 1s
  4800K .......... .......... .......... .......... .......... 21% 31.2M 1s
  4850K .......... .......... .......... .......... .......... 21% 28.7M 1s
  4900K .......... .......... .......... .......... .......... 22% 33.8M 1s
  4950K .......... .......... .......... .......... .......... 22% 29.4M 1s
  5000K .......... .......... .......... .......... .......... 22% 35.5M 1s
  5050K .......... .......... .......... .......... .......... 22% 33.4M 1s
  5100K .......... .......... .......... .......... .......... 22% 28.5M 1s
  5150K .......... .......... .......... .......... .......... 23% 35.2M 1s
  5200K .......... .......... .......... .......... .......... 23% 26.2M 1s
  5250K .......... .......... .......... .......... .......... 23% 40.3M 1s
  5300K .......... .......... .......... .......... .......... 23% 23.6M 1s
  5350K .......... .......... .......... .......... .......... 24% 48.1M 1s
  5400K .......... .......... .......... .......... .......... 24% 33.9M 1s
  5450K .......... .......... .......... .......... .......... 24% 28.7M 1s
  5500K .......... .......... .......... .......... .......... 24% 33.2M 1s
  5550K .......... .......... .......... .......... .......... 24% 35.1M 1s
  5600K .......... .......... .......... .......... .......... 25% 24.3M 1s
  5650K .......... .......... .......... .......... .......... 25% 23.3M 1s
  5700K .......... .......... .......... .......... .......... 25% 80.0M 1s
  5750K .......... .......... .......... .......... .......... 25% 33.9M 1s
  5800K .......... .......... .......... .......... .......... 26% 35.2M 1s
  5850K .......... .......... .......... .......... .......... 26% 28.5M 1s
  5900K .......... .......... .......... .......... .......... 26% 33.9M 1s
  5950K .......... .......... .......... .......... .......... 26% 28.5M 1s
  6000K .......... .......... .......... .......... .......... 26% 34.8M 1s
  6050K .......... .......... .......... .......... .......... 27% 34.8M 1s
  6100K .......... .......... .......... .......... .......... 27% 28.7M 1s
  6150K .......... .......... .......... .......... .......... 27% 7.80M 1s
  6200K .......... .......... .......... .......... .......... 27%  116M 1s
  6250K .......... .......... .......... .......... .......... 28%  136M 1s
  6300K .......... .......... .......... .......... .......... 28%  135M 1s
  6350K .......... .......... .......... .......... .......... 28%  127M 1s
  6400K .......... .......... .......... .......... .......... 28% 27.1M 1s
  6450K .......... .......... .......... .......... .......... 28% 28.5M 1s
  6500K .......... .......... .......... .......... .......... 29% 39.2M 1s
  6550K .......... .......... .......... .......... .......... 29% 46.1M 1s
  6600K .......... .......... .......... .......... .......... 29% 31.1M 1s
  6650K .......... .......... .......... .......... .......... 29% 33.2M 1s
  6700K .......... .......... .......... .......... .......... 30% 29.3M 1s
  6750K .......... .......... .......... .......... .......... 30% 33.0M 1s
  6800K .......... .......... .......... .......... .......... 30% 34.5M 1s
  6850K .......... .......... .......... .......... .......... 30% 29.0M 1s
  6900K .......... .......... .......... .......... .......... 30% 32.3M 1s
  6950K .......... .......... .......... .......... .......... 31% 29.0M 1s
  7000K .......... .......... .......... .......... .......... 31% 32.8M 1s
  7050K .......... .......... .......... .......... .......... 31% 36.6M 1s
  7100K .......... .......... .......... .......... .......... 31% 31.2M 1s
  7150K .......... .......... .......... .......... .......... 32% 37.6M 1s
  7200K .......... .......... .......... .......... .......... 32% 33.6M 1s
  7250K .......... .......... .......... .......... .......... 32% 33.8M 1s
  7300K .......... .......... .......... .......... .......... 32% 34.9M 1s
  7350K .......... .......... .......... .......... .......... 32% 29.4M 1s
  7400K .......... .......... .......... .......... .......... 33% 36.7M 1s
  7450K .......... .......... .......... .......... .......... 33% 30.9M 1s
  7500K .......... .......... .......... .......... .......... 33% 35.3M 1s
  7550K .......... .......... .......... .......... .......... 33% 33.3M 1s
  7600K .......... .......... .......... .......... .......... 34% 29.2M 1s
  7650K .......... .......... .......... .......... .......... 34% 33.2M 1s
  7700K .......... .......... .......... .......... .......... 34% 26.1M 1s
  7750K .......... .......... .......... .......... .......... 34% 39.6M 1s
  7800K .......... .......... .......... .......... .......... 34% 31.8M 1s
  7850K .......... .......... .......... .......... .......... 35% 31.3M 1s
  7900K .......... .......... .......... .......... .......... 35% 34.9M 1s
  7950K .......... .......... .......... .......... .......... 35% 26.6M 1s
  8000K .......... .......... .......... .......... .......... 35% 39.1M 1s
  8050K .......... .......... .......... .......... .......... 36% 33.2M 1s
  8100K .......... .......... .......... .......... .......... 36% 28.8M 1s
  8150K .......... .......... .......... .......... .......... 36% 35.9M 1s
  8200K .......... .......... .......... .......... .......... 36% 28.2M 1s
  8250K .......... .......... .......... .......... .......... 36% 34.6M 1s
  8300K .......... .......... .......... .......... .......... 37% 36.1M 1s
  8350K .......... .......... .......... .......... .......... 37% 28.7M 1s
  8400K .......... .......... .......... .......... .......... 37% 33.1M 1s
  8450K .......... .......... .......... .......... .......... 37% 31.2M 1s
  8500K .......... .......... .......... .......... .......... 38% 33.7M 1s
  8550K .......... .......... .......... .......... .......... 38% 34.1M 1s
  8600K .......... .......... .......... .......... .......... 38% 29.0M 1s
  8650K .......... .......... .......... .......... .......... 38% 35.1M 1s
  8700K .......... .......... .......... .......... .......... 38% 28.4M 1s
  8750K .......... .......... .......... .......... .......... 39% 33.8M 1s
  8800K .......... .......... .......... .......... .......... 39% 34.2M 1s
  8850K .......... .......... .......... .......... .......... 39% 27.5M 1s
  8900K .......... .......... .......... .......... .......... 39% 35.0M 1s
  8950K .......... .......... .......... .......... .......... 40% 27.6M 1s
  9000K .......... .......... .......... .......... .......... 40% 34.3M 1s
  9050K .......... .......... .......... .......... .......... 40% 33.4M 1s
  9100K .......... .......... .......... .......... .......... 40% 29.9M 1s
  9150K .......... .......... .......... .......... .......... 40% 33.1M 1s
  9200K .......... .......... .......... .......... .......... 41% 29.2M 1s
  9250K .......... .......... .......... .......... .......... 41% 32.7M 1s
  9300K .......... .......... .......... .......... .......... 41% 33.1M 1s
  9350K .......... .......... .......... .......... .......... 41% 30.2M 1s
  9400K .......... .......... .......... .......... .......... 42% 33.9M 1s
  9450K .......... .......... .......... .......... .......... 42% 29.5M 1s
  9500K .......... .......... .......... .......... .......... 42% 33.5M 1s
  9550K .......... .......... .......... .......... .......... 42% 33.6M 1s
  9600K .......... .......... .......... .......... .......... 42% 28.2M 1s
  9650K .......... .......... .......... .......... .......... 43% 35.3M 1s
  9700K .......... .......... .......... .......... .......... 43% 27.8M 1s
  9750K .......... .......... .......... .......... .......... 43% 35.7M 1s
  9800K .......... .......... .......... .......... .......... 43% 34.9M 1s
  9850K .......... .......... .......... .......... .......... 44% 29.7M 1s
  9900K .......... .......... .......... .......... .......... 44% 32.1M 1s
  9950K .......... .......... .......... .......... .......... 44% 25.8M 1s
 10000K .......... .......... .......... .......... .......... 44% 38.2M 1s
 10050K .......... .......... .......... .......... .......... 44% 32.3M 1s
 10100K .......... .......... .......... .......... .......... 45% 31.5M 1s
 10150K .......... .......... .......... .......... .......... 45% 30.4M 1s
 10200K .......... .......... .......... .......... .......... 45% 29.7M 1s
 10250K .......... .......... .......... .......... .......... 45% 33.4M 0s
 10300K .......... .......... .......... .......... .......... 46% 34.2M 0s
 10350K .......... .......... .......... .......... .......... 46% 22.2M 0s
 10400K .......... .......... .......... .......... .......... 46% 36.0M 0s
 10450K .......... .......... .......... .......... .......... 46% 30.6M 0s
 10500K .......... .......... .......... .......... .......... 46% 37.2M 0s
 10550K .......... .......... .......... .......... .......... 47% 31.3M 0s
 10600K .......... .......... .......... .......... .......... 47% 37.5M 0s
 10650K .......... .......... .......... .......... .......... 47% 34.7M 0s
 10700K .......... .......... .......... .......... .......... 47% 29.7M 0s
 10750K .......... .......... .......... .......... .......... 48% 32.1M 0s
 10800K .......... .......... .......... .......... .......... 48% 21.4M 0s
 10850K .......... .......... .......... .......... .......... 48% 36.4M 0s
 10900K .......... .......... .......... .......... .......... 48% 31.5M 0s
 10950K .......... .......... .......... .......... .......... 48% 36.0M 0s
 11000K .......... .......... .......... .......... .......... 49% 34.7M 0s
 11050K .......... .......... .......... .......... .......... 49% 29.1M 0s
 11100K .......... .......... .......... .......... .......... 49% 39.7M 0s
 11150K .......... .......... .......... .......... .......... 49% 31.8M 0s
 11200K .......... .......... .......... .......... .......... 50% 35.1M 0s
 11250K .......... .......... .......... .......... .......... 50% 35.6M 0s
 11300K .......... .......... .......... .......... .......... 50% 31.6M 0s
 11350K .......... .......... .......... .......... .......... 50% 35.9M 0s
 11400K .......... .......... .......... .......... .......... 50% 31.1M 0s
 11450K .......... .......... .......... .......... .......... 51% 34.7M 0s
 11500K .......... .......... .......... .......... .......... 51% 38.5M 0s
 11550K .......... .......... .......... .......... .......... 51% 30.5M 0s
 11600K .......... .......... .......... .......... .......... 51% 34.5M 0s
 11650K .......... .......... .......... .......... .......... 52% 28.1M 0s
 11700K .......... .......... .......... .......... .......... 52% 37.8M 0s
 11750K .......... .......... .......... .......... .......... 52% 33.9M 0s
 11800K .......... .......... .......... .......... .......... 52% 22.2M 0s
 11850K .......... .......... .......... .......... .......... 52% 33.0M 0s
 11900K .......... .......... .......... .......... .......... 53% 35.9M 0s
 11950K .......... .......... .......... .......... .......... 53% 30.6M 0s
 12000K .......... .......... .......... .......... .......... 53% 28.4M 0s
 12050K .......... .......... .......... .......... .......... 53% 36.0M 0s
 12100K .......... .......... .......... .......... .......... 54% 31.1M 0s
 12150K .......... .......... .......... .......... .......... 54% 37.8M 0s
 12200K .......... .......... .......... .......... .......... 54% 36.5M 0s
 12250K .......... .......... .......... .......... .......... 54% 7.58M 0s
 12300K .......... .......... .......... .......... .......... 54%  134M 0s
 12350K .......... .......... .......... .......... .......... 55% 39.7M 0s
 12400K .......... .......... .......... .......... .......... 55% 31.5M 0s
 12450K .......... .......... .......... .......... .......... 55% 17.3M 0s
 12500K .......... .......... .......... .......... .......... 55% 36.8M 0s
 12550K .......... .......... .......... .......... .......... 56% 31.1M 0s
 12600K .......... .......... .......... .......... .......... 56% 37.4M 0s
 12650K .......... .......... .......... .......... .......... 56% 30.1M 0s
 12700K .......... .......... .......... .......... .......... 56% 34.0M 0s
 12750K .......... .......... .......... .......... .......... 56% 40.0M 0s
 12800K .......... .......... .......... .......... .......... 57% 31.3M 0s
 12850K .......... .......... .......... .......... .......... 57% 28.3M 0s
 12900K .......... .......... .......... .......... .......... 57% 42.2M 0s
 12950K .......... .......... .......... .......... .......... 57% 32.0M 0s
 13000K .......... .......... .......... .......... .......... 58% 38.4M 0s
 13050K .......... .......... .......... .......... .......... 58% 31.7M 0s
 13100K .......... .......... .......... .......... .......... 58% 36.7M 0s
 13150K .......... .......... .......... .......... .......... 58% 32.2M 0s
 13200K .......... .......... .......... .......... .......... 58% 37.4M 0s
 13250K .......... .......... .......... .......... .......... 59% 35.6M 0s
 13300K .......... .......... .......... .......... .......... 59% 32.2M 0s
 13350K .......... .......... .......... .......... .......... 59% 37.0M 0s
 13400K .......... .......... .......... .......... .......... 59% 31.8M 0s
 13450K .......... .......... .......... .......... .......... 60% 36.8M 0s
 13500K .......... .......... .......... .......... .......... 60% 36.0M 0s
 13550K .......... .......... .......... .......... .......... 60% 32.4M 0s
 13600K .......... .......... .......... .......... .......... 60% 35.4M 0s
 13650K .......... .......... .......... .......... .......... 60% 31.9M 0s
 13700K .......... .......... .......... .......... .......... 61% 35.6M 0s
 13750K .......... .......... .......... .......... .......... 61% 36.1M 0s
 13800K .......... .......... .......... .......... .......... 61% 31.1M 0s
 13850K .......... .......... .......... .......... .......... 61% 37.8M 0s
 13900K .......... .......... .......... .......... .......... 62% 31.3M 0s
 13950K .......... .......... .......... .......... .......... 62% 37.5M 0s
 14000K .......... .......... .......... .......... .......... 62% 35.8M 0s
 14050K .......... .......... .......... .......... .......... 62% 30.3M 0s
 14100K .......... .......... .......... .......... .......... 62% 36.2M 0s
 14150K .......... .......... .......... .......... .......... 63% 30.7M 0s
 14200K .......... .......... .......... .......... .......... 63% 34.5M 0s
 14250K .......... .......... .......... .......... .......... 63% 34.6M 0s
 14300K .......... .......... .......... .......... .......... 63% 30.3M 0s
 14350K .......... .......... .......... .......... .......... 64% 35.7M 0s
 14400K .......... .......... .......... .......... .......... 64% 30.6M 0s
 14450K .......... .......... .......... .......... .......... 64% 36.7M 0s
 14500K .......... .......... .......... .......... .......... 64% 34.4M 0s
 14550K .......... .......... .......... .......... .......... 64% 31.2M 0s
 14600K .......... .......... .......... .......... .......... 65% 35.3M 0s
 14650K .......... .......... .......... .......... .......... 65% 30.8M 0s
 14700K .......... .......... .......... .......... .......... 65% 36.0M 0s
 14750K .......... .......... .......... .......... .......... 65% 34.2M 0s
 14800K .......... .......... .......... .......... .......... 66% 26.9M 0s
 14850K .......... .......... .......... .......... .......... 66% 42.6M 0s
 14900K .......... .......... .......... .......... .......... 66% 26.8M 0s
 14950K .......... .......... .......... .......... .......... 66% 35.6M 0s
 15000K .......... .......... .......... .......... .......... 66% 41.7M 0s
 15050K .......... .......... .......... .......... .......... 67% 32.1M 0s
 15100K .......... .......... .......... .......... .......... 67% 37.2M 0s
 15150K .......... .......... .......... .......... .......... 67% 30.1M 0s
 15200K .......... .......... .......... .......... .......... 67% 36.7M 0s
 15250K .......... .......... .......... .......... .......... 68% 34.9M 0s
 15300K .......... .......... .......... .......... .......... 68% 32.5M 0s
 15350K .......... .......... .......... .......... .......... 68% 32.7M 0s
 15400K .......... .......... .......... .......... .......... 68% 33.8M 0s
 15450K .......... .......... .......... .......... .......... 68% 36.9M 0s
 15500K .......... .......... .......... .......... .......... 69% 37.3M 0s
 15550K .......... .......... .......... .......... .......... 69% 31.3M 0s
 15600K .......... .......... .......... .......... .......... 69% 36.8M 0s
 15650K .......... .......... .......... .......... .......... 69% 32.5M 0s
 15700K .......... .......... .......... .......... .......... 70% 36.6M 0s
 15750K .......... .......... .......... .......... .......... 70% 34.0M 0s
 15800K .......... .......... .......... .......... .......... 70% 32.3M 0s
 15850K .......... .......... .......... .......... .......... 70% 35.4M 0s
 15900K .......... .......... .......... .......... .......... 70% 17.0M 0s
 15950K .......... .......... .......... .......... .......... 71%  132M 0s
 16000K .......... .......... .......... .......... .......... 71% 45.7M 0s
 16050K .......... .......... .......... .......... .......... 71% 31.9M 0s
 16100K .......... .......... .......... .......... .......... 71% 37.6M 0s
 16150K .......... .......... .......... .......... .......... 72% 28.4M 0s
 16200K .......... .......... .......... .......... .......... 72% 43.7M 0s
 16250K .......... .......... .......... .......... .......... 72% 36.3M 0s
 16300K .......... .......... .......... .......... .......... 72% 31.1M 0s
 16350K .......... .......... .......... .......... .......... 72% 36.5M 0s
 16400K .......... .......... .......... .......... .......... 73% 31.0M 0s
 16450K .......... .......... .......... .......... .......... 73% 37.6M 0s
 16500K .......... .......... .......... .......... .......... 73% 35.7M 0s
 16550K .......... .......... .......... .......... .......... 73% 30.9M 0s
 16600K .......... .......... .......... .......... .......... 74% 37.7M 0s
 16650K .......... .......... .......... .......... .......... 74% 31.1M 0s
 16700K .......... .......... .......... .......... .......... 74% 36.9M 0s
 16750K .......... .......... .......... .......... .......... 74% 36.1M 0s
 16800K .......... .......... .......... .......... .......... 74% 31.9M 0s
 16850K .......... .......... .......... .......... .......... 75% 23.7M 0s
 16900K .......... .......... .......... .......... .......... 75% 54.6M 0s
 16950K .......... .......... .......... .......... .......... 75% 37.2M 0s
 17000K .......... .......... .......... .......... .......... 75% 37.2M 0s
 17050K .......... .......... .......... .......... .......... 76% 31.5M 0s
 17100K .......... .......... .......... .......... .......... 76% 37.2M 0s
 17150K .......... .......... .......... .......... .......... 76% 31.9M 0s
 17200K .......... .......... .......... .......... .......... 76% 37.4M 0s
 17250K .......... .......... .......... .......... .......... 77% 31.7M 0s
 17300K .......... .......... .......... .......... .......... 77% 36.2M 0s
 17350K .......... .......... .......... .......... .......... 77% 36.3M 0s
 17400K .......... .......... .......... .......... .......... 77% 30.8M 0s
 17450K .......... .......... .......... .......... .......... 77% 35.1M 0s
 17500K .......... .......... .......... .......... .......... 78% 38.8M 0s
 17550K .......... .......... .......... .......... .......... 78% 31.9M 0s
 17600K .......... .......... .......... .......... .......... 78% 36.0M 0s
 17650K .......... .......... .......... .......... .......... 78% 31.6M 0s
 17700K .......... .......... .......... .......... .......... 79% 37.5M 0s
 17750K .......... .......... .......... .......... .......... 79% 36.6M 0s
 17800K .......... .......... .......... .......... .......... 79% 31.8M 0s
 17850K .......... .......... .......... .......... .......... 79% 36.4M 0s
 17900K .......... .......... .......... .......... .......... 79% 31.8M 0s
 17950K .......... .......... .......... .......... .......... 80% 35.3M 0s
 18000K .......... .......... .......... .......... .......... 80% 36.1M 0s
 18050K .......... .......... .......... .......... .......... 80% 29.3M 0s
 18100K .......... .......... .......... .......... .......... 80% 41.6M 0s
 18150K .......... .......... .......... .......... .......... 81% 31.4M 0s
 18200K .......... .......... .......... .......... .......... 81% 35.6M 0s
 18250K .......... .......... .......... .......... .......... 81% 37.6M 0s
 18300K .......... .......... .......... .......... .......... 81% 31.1M 0s
 18350K .......... .......... .......... .......... .......... 81% 38.7M 0s
 18400K .......... .......... .......... .......... .......... 82% 31.5M 0s
 18450K .......... .......... .......... .......... .......... 82%  334K 0s
 18500K .......... .......... .......... .......... .......... 82%  128M 0s
 18550K .......... .......... .......... .......... .......... 82% 93.7M 0s
 18600K .......... .......... .......... .......... .......... 83%  129M 0s
 18650K .......... .......... .......... .......... .......... 83% 94.3M 0s
 18700K .......... .......... .......... .......... .......... 83%  119M 0s
 18750K .......... .......... .......... .......... .......... 83%  129M 0s
 18800K .......... .......... .......... .......... .......... 83%  135M 0s
 18850K .......... .......... .......... .......... .......... 84%  128M 0s
 18900K .......... .......... .......... .......... .......... 84% 96.0M 0s
 18950K .......... .......... .......... .......... .......... 84%  120M 0s
 19000K .......... .......... .......... .......... .......... 84%  125M 0s
 19050K .......... .......... .......... .......... .......... 85%  134M 0s
 19100K .......... .......... .......... .......... .......... 85%  114M 0s
 19150K .......... .......... .......... .......... .......... 85%  108M 0s
 19200K .......... .......... .......... .......... .......... 85%  122M 0s
 19250K .......... .......... .......... .......... .......... 85%  114M 0s
 19300K .......... .......... .......... .......... .......... 86%  133M 0s
 19350K .......... .......... .......... .......... .......... 86%  122M 0s
 19400K .......... .......... .......... .......... .......... 86%  108M 0s
 19450K .......... .......... .......... .......... .......... 86%  134M 0s
 19500K .......... .......... .......... .......... .......... 87%  120M 0s
 19550K .......... .......... .......... .......... .......... 87%  124M 0s
 19600K .......... .......... .......... .......... .......... 87% 99.0M 0s
 19650K .......... .......... .......... .......... .......... 87%  118M 0s
 19700K .......... .......... .......... .......... .......... 87%  121M 0s
 19750K .......... .......... .......... .......... .......... 88% 19.6M 0s
 19800K .......... .......... .......... .......... .......... 88%  137M 0s
 19850K .......... .......... .......... .......... .......... 88%  135M 0s
 19900K .......... .......... .......... .......... .......... 88%  102M 0s
 19950K .......... .......... .......... .......... .......... 89%  120M 0s
 20000K .......... .......... .......... .......... .......... 89%  120M 0s
 20050K .......... .......... .......... .......... .......... 89%  112M 0s
 20100K .......... .......... .......... .......... .......... 89% 1.39M 0s
 20150K .......... .......... .......... .......... .......... 89% 92.3M 0s
 20200K .......... .......... .......... .......... .......... 90% 5.95M 0s
 20250K .......... .......... .......... .......... .......... 90%  108M 0s
 20300K .......... .......... .......... .......... .......... 90% 97.9M 0s
 20350K .......... .......... .......... .......... .......... 90%  114M 0s
 20400K .......... .......... .......... .......... .......... 91% 99.6M 0s
 20450K .......... .......... .......... .......... .......... 91%  153M 0s
 20500K .......... .......... .......... .......... .......... 91%  134M 0s
 20550K .......... .......... .......... .......... .......... 91%  108M 0s
 20600K .......... .......... .......... .......... .......... 91% 27.5M 0s
 20650K .......... .......... .......... .......... .......... 92% 6.71M 0s
 20700K .......... .......... .......... .......... .......... 92% 22.1M 0s
 20750K .......... .......... .......... .......... .......... 92%  125M 0s
 20800K .......... .......... .......... .......... .......... 92%  115M 0s
 20850K .......... .......... .......... .......... .......... 93% 4.47M 0s
 20900K .......... .......... .......... .......... .......... 93% 12.2M 0s
 20950K .......... .......... .......... .......... .......... 93% 16.7M 0s
 21000K .......... .......... .......... .......... .......... 93% 1.34M 0s
 21050K .......... .......... .......... .......... .......... 93%  128M 0s
 21100K .......... .......... .......... .......... .......... 94% 5.75M 0s
 21150K .......... .......... .......... .......... .......... 94% 17.0M 0s
 21200K .......... .......... .......... .......... .......... 94%  103M 0s
 21250K .......... .......... .......... .......... .......... 94% 11.7M 0s
 21300K .......... .......... .......... .......... .......... 95% 6.41M 0s
 21350K .......... .......... .......... .......... .......... 95%  147M 0s
 21400K .......... .......... .......... .......... .......... 95%  127M 0s
 21450K .......... .......... .......... .......... .......... 95%  124M 0s
 21500K .......... .......... .......... .......... .......... 95%  155M 0s
 21550K .......... .......... .......... .......... .......... 96%  128M 0s
 21600K .......... .......... .......... .......... .......... 96% 2.29M 0s
 21650K .......... .......... .......... .......... .......... 96%  131M 0s
 21700K .......... .......... .......... .......... .......... 96%  150M 0s
 21750K .......... .......... .......... .......... .......... 97% 3.99M 0s
 21800K .......... .......... .......... .......... .......... 97% 34.4M 0s
 21850K .......... .......... .......... .......... .......... 97%  145M 0s
 21900K .......... .......... .......... .......... .......... 97% 4.25M 0s
 21950K .......... .......... .......... .......... .......... 97%  149M 0s
 22000K .......... .......... .......... .......... .......... 98% 5.04M 0s
 22050K .......... .......... .......... .......... .......... 98%  138M 0s
 22100K .......... .......... .......... .......... .......... 98%  143M 0s
 22150K .......... .......... .......... .......... .......... 98%  133M 0s
 22200K .......... .......... .......... .......... .......... 99%  146M 0s
 22250K .......... .......... .......... .......... .......... 99%  151M 0s
 22300K .......... .......... .......... .......... .......... 99%  142M 0s
 22350K .......... .......... .......... .......... .......... 99%  160M 0s
 22400K .......... .......... .......... .......... .......... 99% 19.6M 0s
 22450K .......... .......                                    100% 98.1M=1.0s

2022-04-25 02:55:02 (21.3 MB/s) - ‘/root/process_mining/trips_tracing/stopsintrip.json’ saved [23006310/23006310]

--2022-04-25 02:55:02--  https://ckan.multimediagdansk.pl/dataset/c24aa637-3619-4dc2-a171-a23eec8f2172/resource/4c4025f0-01bf-41f7-a39f-d156d201b82b/download/stops.json
Resolving ckan.multimediagdansk.pl (ckan.multimediagdansk.pl)... 91.244.248.30
Connecting to ckan.multimediagdansk.pl (ckan.multimediagdansk.pl)|91.244.248.30|:443... connected.
HTTP request sent, awaiting response... 200 OK
Length: 6599956 (6.3M) [application/json]
Saving to: ‘/root/process_mining/trips_tracing/stops.json’

     0K .......... .......... .......... .......... ..........  0%  887K 7s
    50K .......... .......... .......... .......... ..........  1% 1.75M 5s
   100K .......... .......... .......... .......... ..........  2% 53.9M 4s
   150K .......... .......... .......... .......... ..........  3% 86.5M 3s
   200K .......... .......... .......... .......... ..........  3% 1.79M 3s
   250K .......... .......... .......... .......... ..........  4% 63.9M 2s
   300K .......... .......... .......... .......... ..........  5% 72.8M 2s
   350K .......... .......... .......... .......... ..........  6%  125M 2s
   400K .......... .......... .......... .......... ..........  6% 1.85M 2s
   450K .......... .......... .......... .......... ..........  7% 54.5M 2s
   500K .......... .......... .......... .......... ..........  8% 56.7M 2s
   550K .......... .......... .......... .......... ..........  9% 62.2M 1s
   600K .......... .......... .......... .......... .......... 10% 66.1M 1s
   650K .......... .......... .......... .......... .......... 10%  125M 1s
   700K .......... .......... .......... .......... .......... 11%  125M 1s
   750K .......... .......... .......... .......... .......... 12%  152M 1s
   800K .......... .......... .......... .......... .......... 13%  119M 1s
   850K .......... .......... .......... .......... .......... 13% 2.09M 1s
   900K .......... .......... .......... .......... .......... 14% 61.0M 1s
   950K .......... .......... .......... .......... .......... 15% 67.7M 1s
  1000K .......... .......... .......... .......... .......... 16% 66.8M 1s
  1050K .......... .......... .......... .......... .......... 17% 68.7M 1s
  1100K .......... .......... .......... .......... .......... 17% 61.4M 1s
  1150K .......... .......... .......... .......... .......... 18% 78.3M 1s
  1200K .......... .......... .......... .......... .......... 19% 62.0M 1s
  1250K .......... .......... .......... .......... .......... 20% 74.6M 1s
  1300K .......... .......... .......... .......... .......... 20% 88.4M 1s
  1350K .......... .......... .......... .......... .......... 21% 68.1M 1s
  1400K .......... .......... .......... .......... .......... 22% 84.1M 1s
  1450K .......... .......... .......... .......... .......... 23%  142M 1s
  1500K .......... .......... .......... .......... .......... 24%  164M 1s
  1550K .......... .......... .......... .......... .......... 24%  161M 1s
  1600K .......... .......... .......... .......... .......... 25%  133M 1s
  1650K .......... .......... .......... .......... .......... 26%  168M 0s
  1700K .......... .......... .......... .......... .......... 27%  127M 0s
  1750K .......... .......... .......... .......... .......... 27% 2.62M 1s
  1800K .......... .......... .......... .......... .......... 28% 74.1M 0s
  1850K .......... .......... .......... .......... .......... 29% 67.7M 0s
  1900K .......... .......... .......... .......... .......... 30% 89.7M 0s
  1950K .......... .......... .......... .......... .......... 31% 72.9M 0s
  2000K .......... .......... .......... .......... .......... 31% 89.7M 0s
  2050K .......... .......... .......... .......... .......... 32% 89.6M 0s
  2100K .......... .......... .......... .......... .......... 33% 73.0M 0s
  2150K .......... .......... .......... .......... .......... 34% 96.5M 0s
  2200K .......... .......... .......... .......... .......... 34% 72.0M 0s
  2250K .......... .......... .......... .......... .......... 35% 85.2M 0s
  2300K .......... .......... .......... .......... .......... 36% 89.4M 0s
  2350K .......... .......... .......... .......... .......... 37% 71.4M 0s
  2400K .......... .......... .......... .......... .......... 38% 96.7M 0s
  2450K .......... .......... .......... .......... .......... 38% 75.9M 0s
  2500K .......... .......... .......... .......... .......... 39% 86.2M 0s
  2550K .......... .......... .......... .......... .......... 40% 87.2M 0s
  2600K .......... .......... .......... .......... .......... 41% 65.6M 0s
  2650K .......... .......... .......... .......... .......... 41% 90.1M 0s
  2700K .......... .......... .......... .......... .......... 42% 76.4M 0s
  2750K .......... .......... .......... .......... .......... 43% 90.0M 0s
  2800K .......... .......... .......... .......... .......... 44% 85.0M 0s
  2850K .......... .......... .......... .......... .......... 44% 70.3M 0s
  2900K .......... .......... .......... .......... .......... 45% 86.1M 0s
  2950K .......... .......... .......... .......... .......... 46% 64.4M 0s
  3000K .......... .......... .......... .......... .......... 47% 83.5M 0s
  3050K .......... .......... .......... .......... .......... 48%  154M 0s
  3100K .......... .......... .......... .......... .......... 48%  138M 0s
  3150K .......... .......... .......... .......... .......... 49% 81.3M 0s
  3200K .......... .......... .......... .......... .......... 50%  135M 0s
  3250K .......... .......... .......... .......... .......... 51%  160M 0s
  3300K .......... .......... .......... .......... .......... 51% 92.4M 0s
  3350K .......... .......... .......... .......... .......... 52%  122M 0s
  3400K .......... .......... .......... .......... .......... 53%  164M 0s
  3450K .......... .......... .......... .......... .......... 54%  138M 0s
  3500K .......... .......... .......... .......... .......... 55% 5.20M 0s
  3550K .......... .......... .......... .......... .......... 55% 90.8M 0s
  3600K .......... .......... .......... .......... .......... 56% 67.9M 0s
  3650K .......... .......... .......... .......... .......... 57% 93.9M 0s
  3700K .......... .......... .......... .......... .......... 58% 74.6M 0s
  3750K .......... .......... .......... .......... .......... 58% 94.7M 0s
  3800K .......... .......... .......... .......... .......... 59% 88.3M 0s
  3850K .......... .......... .......... .......... .......... 60% 80.7M 0s
  3900K .......... .......... .......... .......... .......... 61% 87.6M 0s
  3950K .......... .......... .......... .......... .......... 62% 84.5M 0s
  4000K .......... .......... .......... .......... .......... 62%  100M 0s
  4050K .......... .......... .......... .......... .......... 63%  121M 0s
  4100K .......... .......... .......... .......... .......... 64%  112M 0s
  4150K .......... .......... .......... .......... .......... 65%  148M 0s
  4200K .......... .......... .......... .......... .......... 65% 33.2M 0s
  4250K .......... .......... .......... .......... .......... 66% 34.0M 0s
  4300K .......... .......... .......... .......... .......... 67% 34.2M 0s
  4350K .......... .......... .......... .......... .......... 68% 29.3M 0s
  4400K .......... .......... .......... .......... .......... 69% 35.7M 0s
  4450K .......... .......... .......... .......... .......... 69% 29.7M 0s
  4500K .......... .......... .......... .......... .......... 70% 35.4M 0s
  4550K .......... .......... .......... .......... .......... 71% 37.7M 0s
  4600K .......... .......... .......... .......... .......... 72% 31.6M 0s
  4650K .......... .......... .......... .......... .......... 72% 35.3M 0s
  4700K .......... .......... .......... .......... .......... 73% 31.7M 0s
  4750K .......... .......... .......... .......... .......... 74% 37.7M 0s
  4800K .......... .......... .......... .......... .......... 75% 37.7M 0s
  4850K .......... .......... .......... .......... .......... 76% 26.7M 0s
  4900K .......... .......... .......... .......... .......... 76% 42.6M 0s
  4950K .......... .......... .......... .......... .......... 77% 27.5M 0s
  5000K .......... .......... .......... .......... .......... 78% 38.7M 0s
  5050K .......... .......... .......... .......... .......... 79% 35.6M 0s
  5100K .......... .......... .......... .......... .......... 79% 31.9M 0s
  5150K .......... .......... .......... .......... .......... 80% 34.2M 0s
  5200K .......... .......... .......... .......... .......... 81% 31.5M 0s
  5250K .......... .......... .......... .......... .......... 82% 35.9M 0s
  5300K .......... .......... .......... .......... .......... 83% 36.5M 0s
  5350K .......... .......... .......... .......... .......... 83% 31.5M 0s
  5400K .......... .......... .......... .......... .......... 84% 37.0M 0s
  5450K .......... .......... .......... .......... .......... 85% 31.0M 0s
  5500K .......... .......... .......... .......... .......... 86% 36.7M 0s
  5550K .......... .......... .......... .......... .......... 86% 36.9M 0s
  5600K .......... .......... .......... .......... .......... 87% 30.2M 0s
  5650K .......... .......... .......... .......... .......... 88% 38.0M 0s
  5700K .......... .......... .......... .......... .......... 89% 31.2M 0s
  5750K .......... .......... .......... .......... .......... 89% 35.9M 0s
  5800K .......... .......... .......... .......... .......... 90% 37.8M 0s
  5850K .......... .......... .......... .......... .......... 91% 30.9M 0s
  5900K .......... .......... .......... .......... .......... 92% 37.5M 0s
  5950K .......... .......... .......... .......... .......... 93% 30.3M 0s
  6000K .......... .......... .......... .......... .......... 93% 37.8M 0s
  6050K .......... .......... .......... .......... .......... 94% 34.6M 0s
  6100K .......... .......... .......... .......... .......... 95% 34.2M 0s
  6150K .......... .......... .......... .......... .......... 96% 37.2M 0s
  6200K .......... .......... .......... .......... .......... 96% 28.3M 0s
  6250K .......... .......... .......... .......... .......... 97% 41.8M 0s
  6300K .......... .......... .......... .......... .......... 98% 37.1M 0s
  6350K .......... .......... .......... .......... .......... 99% 32.3M 0s
  6400K .......... .......... .......... .......... .....     100% 38.1M=0.3s

2022-04-25 02:55:03 (21.2 MB/s) - ‘/root/process_mining/trips_tracing/stops.json’ saved [6599956/6599956]

--2022-04-25 02:55:03--  https://files.cloudgdansk.pl/d/otwarte-dane/ztm/baza-pojazdow.json?v=2
Resolving files.cloudgdansk.pl (files.cloudgdansk.pl)... 153.19.238.147
Connecting to files.cloudgdansk.pl (files.cloudgdansk.pl)|153.19.238.147|:443... connected.
HTTP request sent, awaiting response... 200 OK
Length: 279155 (273K) [application/json]
Saving to: ‘/root/process_mining/trips_tracing/baza-pojazdow.json’

     0K .......... .......... .......... .......... .......... 18% 1.73M 0s
    50K .......... .......... .......... .......... .......... 36% 1.74M 0s
   100K .......... .......... .......... .......... .......... 55% 82.4M 0s
   150K .......... .......... .......... .......... .......... 73% 1.76M 0s
   200K .......... .......... .......... .......... .......... 91%  132M 0s
   250K .......... .......... ..                              100%  182M=0.09s

2022-04-25 02:55:04 (3.13 MB/s) - ‘/root/process_mining/trips_tracing/baza-pojazdow.json’ saved [279155/279155]

