--2022-04-26 02:55:01--  https://ckan.multimediagdansk.pl/dataset/c24aa637-3619-4dc2-a171-a23eec8f2172/resource/3115d29d-b763-4af5-93f6-763b835967d6/download/stopsintrip.json
Resolving ckan.multimediagdansk.pl (ckan.multimediagdansk.pl)... 91.244.248.30
Connecting to ckan.multimediagdansk.pl (ckan.multimediagdansk.pl)|91.244.248.30|:443... connected.
HTTP request sent, awaiting response... 200 OK
Length: 37744176 (36M) [application/json]
Saving to: ‘/root/process_mining/trips_tracing/stopsintrip.json’

     0K .......... .......... .......... .......... ..........  0%  886K 42s
    50K .......... .......... .......... .......... ..........  0% 1.75M 31s
   100K .......... .......... .......... .......... ..........  0% 49.4M 21s
   150K .......... .......... .......... .......... ..........  0% 59.5M 16s
   200K .......... .......... .......... .......... ..........  0% 1.80M 17s
   250K .......... .......... .......... .......... ..........  0% 61.6M 14s
   300K .......... .......... .......... .......... ..........  0% 71.2M 12s
   350K .......... .......... .......... .......... ..........  1%  135M 10s
   400K .......... .......... .......... .......... ..........  1% 1.88M 11s
   450K .......... .......... .......... .......... ..........  1% 81.0M 10s
   500K .......... .......... .......... .......... ..........  1% 65.6M 9s
   550K .......... .......... .......... .......... ..........  1% 75.7M 9s
   600K .......... .......... .......... .......... ..........  1% 61.7M 8s
   650K .......... .......... .......... .......... ..........  1% 47.4M 7s
   700K .......... .......... .......... .......... ..........  2%  127M 7s
   750K .......... .......... .......... .......... ..........  2%  143M 7s
   800K .......... .......... .......... .......... ..........  2%  125M 6s
   850K .......... .......... .......... .......... ..........  2% 2.09M 7s
   900K .......... .......... .......... .......... ..........  2% 56.1M 6s
   950K .......... .......... .......... .......... ..........  2% 51.9M 6s
  1000K .......... .......... .......... .......... ..........  2% 72.0M 6s
  1050K .......... .......... .......... .......... ..........  2% 59.4M 6s
  1100K .......... .......... .......... .......... ..........  3% 67.9M 5s
  1150K .......... .......... .......... .......... ..........  3% 78.9M 5s
  1200K .......... .......... .......... .......... ..........  3% 66.8M 5s
  1250K .......... .......... .......... .......... ..........  3% 78.6M 5s
  1300K .......... .......... .......... .......... ..........  3% 76.4M 5s
  1350K .......... .......... .......... .......... ..........  3% 76.7M 4s
  1400K .......... .......... .......... .......... ..........  3% 94.5M 4s
  1450K .......... .......... .......... .......... ..........  4%  142M 4s
  1500K .......... .......... .......... .......... ..........  4%  131M 4s
  1550K .......... .......... .......... .......... ..........  4%  106M 4s
  1600K .......... .......... .......... .......... ..........  4%  126M 4s
  1650K .......... .......... .......... .......... ..........  4% 1.01M 5s
  1700K .......... .......... .......... .......... ..........  4% 93.6M 5s
  1750K .......... .......... .......... .......... ..........  4% 97.4M 4s
  1800K .......... .......... .......... .......... ..........  5%  116M 4s
  1850K .......... .......... .......... .......... ..........  5%  146M 4s
  1900K .......... .......... .......... .......... ..........  5% 75.6M 4s
  1950K .......... .......... .......... .......... ..........  5%  138M 4s
  2000K .......... .......... .......... .......... ..........  5% 82.8M 4s
  2050K .......... .......... .......... .......... ..........  5% 95.8M 4s
  2100K .......... .......... .......... .......... ..........  5%  147M 4s
  2150K .......... .......... .......... .......... ..........  5%  116M 4s
  2200K .......... .......... .......... .......... ..........  6% 79.5M 4s
  2250K .......... .......... .......... .......... ..........  6% 92.1M 3s
  2300K .......... .......... .......... .......... ..........  6% 72.6M 3s
  2350K .......... .......... .......... .......... ..........  6% 85.1M 3s
  2400K .......... .......... .......... .......... ..........  6%  107M 3s
  2450K .......... .......... .......... .......... ..........  6% 51.8M 3s
  2500K .......... .......... .......... .......... ..........  6%  109M 3s
  2550K .......... .......... .......... .......... ..........  7%  126M 3s
  2600K .......... .......... .......... .......... ..........  7%  139M 3s
  2650K .......... .......... .......... .......... ..........  7%  150M 3s
  2700K .......... .......... .......... .......... ..........  7%  113M 3s
  2750K .......... .......... .......... .......... ..........  7%  135M 3s
  2800K .......... .......... .......... .......... ..........  7%  146M 3s
  2850K .......... .......... .......... .......... ..........  7%  120M 3s
  2900K .......... .......... .......... .......... ..........  8%  149M 3s
  2950K .......... .......... .......... .......... ..........  8%  157M 3s
  3000K .......... .......... .......... .......... ..........  8%  122M 3s
  3050K .......... .......... .......... .......... ..........  8%  131M 3s
  3100K .......... .......... .......... .......... ..........  8%  137M 3s
  3150K .......... .......... .......... .......... ..........  8%  130M 3s
  3200K .......... .......... .......... .......... ..........  8%  162M 2s
  3250K .......... .......... .......... .......... ..........  8%  140M 2s
  3300K .......... .......... .......... .......... ..........  9%  125M 2s
  3350K .......... .......... .......... .......... ..........  9%  151M 2s
  3400K .......... .......... .......... .......... ..........  9%  134M 2s
  3450K .......... .......... .......... .......... ..........  9%  146M 2s
  3500K .......... .......... .......... .......... ..........  9%  165M 2s
  3550K .......... .......... .......... .......... ..........  9%  126M 2s
  3600K .......... .......... .......... .......... ..........  9%  142M 2s
  3650K .......... .......... .......... .......... .......... 10%  161M 2s
  3700K .......... .......... .......... .......... .......... 10%  138M 2s
  3750K .......... .......... .......... .......... .......... 10% 4.26M 2s
  3800K .......... .......... .......... .......... .......... 10% 70.0M 2s
  3850K .......... .......... .......... .......... .......... 10% 69.7M 2s
  3900K .......... .......... .......... .......... .......... 10% 85.5M 2s
  3950K .......... .......... .......... .......... .......... 10% 75.6M 2s
  4000K .......... .......... .......... .......... .......... 10% 75.4M 2s
  4050K .......... .......... .......... .......... .......... 11% 87.6M 2s
  4100K .......... .......... .......... .......... .......... 11% 74.7M 2s
  4150K .......... .......... .......... .......... .......... 11% 96.9M 2s
  4200K .......... .......... .......... .......... .......... 11% 95.1M 2s
  4250K .......... .......... .......... .......... .......... 11% 81.3M 2s
  4300K .......... .......... .......... .......... .......... 11% 98.7M 2s
  4350K .......... .......... .......... .......... .......... 11% 91.5M 2s
  4400K .......... .......... .......... .......... .......... 12%  102M 2s
  4450K .......... .......... .......... .......... .......... 12%  128M 2s
  4500K .......... .......... .......... .......... .......... 12%  130M 2s
  4550K .......... .......... .......... .......... .......... 12%  113M 2s
  4600K .......... .......... .......... .......... .......... 12%  132M 2s
  4650K .......... .......... .......... .......... .......... 12% 64.2M 2s
  4700K .......... .......... .......... .......... .......... 12% 26.5M 2s
  4750K .......... .......... .......... .......... .......... 13% 37.2M 2s
  4800K .......... .......... .......... .......... .......... 13% 33.2M 2s
  4850K .......... .......... .......... .......... .......... 13% 23.8M 2s
  4900K .......... .......... .......... .......... .......... 13% 4.04M 2s
  4950K .......... .......... .......... .......... .......... 13% 83.1M 2s
  5000K .......... .......... .......... .......... .......... 13% 87.8M 2s
  5050K .......... .......... .......... .......... .......... 13% 82.2M 2s
  5100K .......... .......... .......... .......... .......... 13% 98.5M 2s
  5150K .......... .......... .......... .......... .......... 14% 88.3M 2s
  5200K .......... .......... .......... .......... .......... 14% 80.4M 2s
  5250K .......... .......... .......... .......... .......... 14% 95.2M 2s
  5300K .......... .......... .......... .......... .......... 14% 89.4M 2s
  5350K .......... .......... .......... .......... .......... 14% 70.0M 2s
  5400K .......... .......... .......... .......... .......... 14%  110M 2s
  5450K .......... .......... .......... .......... .......... 14%  137M 2s
  5500K .......... .......... .......... .......... .......... 15%  112M 2s
  5550K .......... .......... .......... .......... .......... 15% 97.9M 2s
  5600K .......... .......... .......... .......... .......... 15% 26.5M 2s
  5650K .......... .......... .......... .......... .......... 15% 30.6M 2s
  5700K .......... .......... .......... .......... .......... 15% 34.6M 2s
  5750K .......... .......... .......... .......... .......... 15% 31.6M 2s
  5800K .......... .......... .......... .......... .......... 15% 23.5M 2s
  5850K .......... .......... .......... .......... .......... 16% 34.8M 2s
  5900K .......... .......... .......... .......... .......... 16% 28.3M 2s
  5950K .......... .......... .......... .......... .......... 16% 32.7M 2s
  6000K .......... .......... .......... .......... .......... 16% 19.2M 2s
  6050K .......... .......... .......... .......... .......... 16% 7.73M 2s
  6100K .......... .......... .......... .......... .......... 16%  103M 2s
  6150K .......... .......... .......... .......... .......... 16% 88.4M 2s
  6200K .......... .......... .......... .......... .......... 16% 73.1M 2s
  6250K .......... .......... .......... .......... .......... 17% 90.2M 2s
  6300K .......... .......... .......... .......... .......... 17% 87.3M 2s
  6350K .......... .......... .......... .......... .......... 17%  117M 2s
  6400K .......... .......... .......... .......... .......... 17% 57.6M 1s
  6450K .......... .......... .......... .......... .......... 17% 23.2M 1s
  6500K .......... .......... .......... .......... .......... 17% 35.0M 1s
  6550K .......... .......... .......... .......... .......... 17% 36.1M 1s
  6600K .......... .......... .......... .......... .......... 18% 30.6M 1s
  6650K .......... .......... .......... .......... .......... 18% 35.4M 1s
  6700K .......... .......... .......... .......... .......... 18% 27.1M 1s
  6750K .......... .......... .......... .......... .......... 18% 31.6M 1s
  6800K .......... .......... .......... .......... .......... 18% 31.5M 1s
  6850K .......... .......... .......... .......... .......... 18% 35.4M 1s
  6900K .......... .......... .......... .......... .......... 18% 26.7M 1s
  6950K .......... .......... .......... .......... .......... 18% 35.5M 1s
  7000K .......... .......... .......... .......... .......... 19% 30.3M 1s
  7050K .......... .......... .......... .......... .......... 19% 38.5M 1s
  7100K .......... .......... .......... .......... .......... 19% 17.8M 1s
  7150K .......... .......... .......... .......... .......... 19% 38.4M 1s
  7200K .......... .......... .......... .......... .......... 19% 68.8M 1s
  7250K .......... .......... .......... .......... .......... 19% 58.4M 1s
  7300K .......... .......... .......... .......... .......... 19% 30.6M 1s
  7350K .......... .......... .......... .......... .......... 20% 23.2M 1s
  7400K .......... .......... .......... .......... .......... 20% 35.9M 1s
  7450K .......... .......... .......... .......... .......... 20% 31.7M 1s
  7500K .......... .......... .......... .......... .......... 20% 34.7M 1s
  7550K .......... .......... .......... .......... .......... 20% 31.4M 1s
  7600K .......... .......... .......... .......... .......... 20% 24.2M 1s
  7650K .......... .......... .......... .......... .......... 20% 37.2M 1s
  7700K .......... .......... .......... .......... .......... 21% 30.5M 1s
  7750K .......... .......... .......... .......... .......... 21% 34.4M 1s
  7800K .......... .......... .......... .......... .......... 21% 25.3M 1s
  7850K .......... .......... .......... .......... .......... 21% 31.4M 1s
  7900K .......... .......... .......... .......... .......... 21% 36.4M 1s
  7950K .......... .......... .......... .......... .......... 21% 30.7M 1s
  8000K .......... .......... .......... .......... .......... 21% 37.2M 1s
  8050K .......... .......... .......... .......... .......... 21% 30.5M 1s
  8100K .......... .......... .......... .......... .......... 22% 31.1M 1s
  8150K .......... .......... .......... .......... .......... 22% 35.6M 1s
  8200K .......... .......... .......... .......... .......... 22% 32.6M 1s
  8250K .......... .......... .......... .......... .......... 22% 28.1M 1s
  8300K .......... .......... .......... .......... .......... 22% 31.3M 1s
  8350K .......... .......... .......... .......... .......... 22% 31.9M 1s
  8400K .......... .......... .......... .......... .......... 22% 42.4M 1s
  8450K .......... .......... .......... .......... .......... 23% 10.7M 1s
  8500K .......... .......... .......... .......... .......... 23% 35.7M 1s
  8550K .......... .......... .......... .......... .......... 23% 35.5M 1s
  8600K .......... .......... .......... .......... .......... 23% 31.1M 1s
  8650K .......... .......... .......... .......... .......... 23% 36.6M 1s
  8700K .......... .......... .......... .......... .......... 23% 23.2M 1s
  8750K .......... .......... .......... .......... .......... 23% 31.4M 1s
  8800K .......... .......... .......... .......... .......... 24% 34.5M 1s
  8850K .......... .......... .......... .......... .......... 24% 28.9M 1s
  8900K .......... .......... .......... .......... .......... 24% 26.6M 1s
  8950K .......... .......... .......... .......... .......... 24% 32.7M 1s
  9000K .......... .......... .......... .......... .......... 24% 28.5M 1s
  9050K .......... .......... .......... .......... .......... 24% 34.2M 1s
  9100K .......... .......... .......... .......... .......... 24% 23.7M 1s
  9150K .......... .......... .......... .......... .......... 24% 37.4M 1s
  9200K .......... .......... .......... .......... .......... 25% 30.9M 1s
  9250K .......... .......... .......... .......... .......... 25% 37.1M 1s
  9300K .......... .......... .......... .......... .......... 25% 27.3M 1s
  9350K .......... .......... .......... .......... .......... 25% 30.8M 1s
  9400K .......... .......... .......... .......... .......... 25% 36.1M 1s
  9450K .......... .......... .......... .......... .......... 25% 35.8M 1s
  9500K .......... .......... .......... .......... .......... 25% 29.9M 1s
  9550K .......... .......... .......... .......... .......... 26% 23.5M 1s
  9600K .......... .......... .......... .......... .......... 26% 27.6M 1s
  9650K .......... .......... .......... .......... .......... 26% 30.3M 1s
  9700K .......... .......... .......... .......... .......... 26% 32.7M 1s
  9750K .......... .......... .......... .......... .......... 26% 23.2M 1s
  9800K .......... .......... .......... .......... .......... 26% 36.0M 1s
  9850K .......... .......... .......... .......... .......... 26% 30.3M 1s
  9900K .......... .......... .......... .......... .......... 26% 36.2M 1s
  9950K .......... .......... .......... .......... .......... 27% 26.2M 1s
 10000K .......... .......... .......... .......... .......... 27% 36.1M 1s
 10050K .......... .......... .......... .......... .......... 27% 36.3M 1s
 10100K .......... .......... .......... .......... .......... 27% 30.9M 1s
 10150K .......... .......... .......... .......... .......... 27% 36.1M 1s
 10200K .......... .......... .......... .......... .......... 27% 27.9M 1s
 10250K .......... .......... .......... .......... .......... 27% 29.5M 1s
 10300K .......... .......... .......... .......... .......... 28% 33.6M 1s
 10350K .......... .......... .......... .......... .......... 28% 27.4M 1s
 10400K .......... .......... .......... .......... .......... 28% 10.3M 1s
 10450K .......... .......... .......... .......... .......... 28% 33.8M 1s
 10500K .......... .......... .......... .......... .......... 28% 27.6M 1s
 10550K .......... .......... .......... .......... .......... 28% 32.2M 1s
 10600K .......... .......... .......... .......... .......... 28% 30.8M 1s
 10650K .......... .......... .......... .......... .......... 29% 2.37M 1s
 10700K .......... .......... .......... .......... .......... 29% 33.0M 1s
 10750K .......... .......... .......... .......... .......... 29% 32.8M 1s
 10800K .......... .......... .......... .......... .......... 29% 27.6M 1s
 10850K .......... .......... .......... .......... .......... 29% 22.6M 1s
 10900K .......... .......... .......... .......... .......... 29% 33.3M 1s
 10950K .......... .......... .......... .......... .......... 29% 32.8M 1s
 11000K .......... .......... .......... .......... .......... 29% 36.9M 1s
 11050K .......... .......... .......... .......... .......... 30% 31.2M 1s
 11100K .......... .......... .......... .......... .......... 30% 5.91M 1s
 11150K .......... .......... .......... .......... .......... 30% 36.2M 1s
 11200K .......... .......... .......... .......... .......... 30% 29.2M 1s
 11250K .......... .......... .......... .......... .......... 30% 36.1M 1s
 11300K .......... .......... .......... .......... .......... 30% 4.88M 1s
 11350K .......... .......... .......... .......... .......... 30% 27.6M 1s
 11400K .......... .......... .......... .......... .......... 31% 34.1M 1s
 11450K .......... .......... .......... .......... .......... 31% 31.0M 1s
 11500K .......... .......... .......... .......... .......... 31% 29.2M 1s
 11550K .......... .......... .......... .......... .......... 31% 5.86M 1s
 11600K .......... .......... .......... .......... .......... 31% 27.9M 1s
 11650K .......... .......... .......... .......... .......... 31% 35.7M 1s
 11700K .......... .......... .......... .......... .......... 31% 35.1M 1s
 11750K .......... .......... .......... .......... .......... 32% 8.71M 1s
 11800K .......... .......... .......... .......... .......... 32% 35.3M 1s
 11850K .......... .......... .......... .......... .......... 32% 34.5M 1s
 11900K .......... .......... .......... .......... .......... 32% 29.2M 1s
 11950K .......... .......... .......... .......... .......... 32% 33.3M 1s
 12000K .......... .......... .......... .......... .......... 32% 22.2M 1s
 12050K .......... .......... .......... .......... .......... 32% 29.4M 1s
 12100K .......... .......... .......... .......... .......... 32% 34.7M 1s
 12150K .......... .......... .......... .......... .......... 33% 31.9M 1s
 12200K .......... .......... .......... .......... .......... 33% 18.1M 1s
 12250K .......... .......... .......... .......... .......... 33% 31.6M 1s
 12300K .......... .......... .......... .......... .......... 33% 29.9M 1s
 12350K .......... .......... .......... .......... .......... 33% 31.5M 1s
 12400K .......... .......... .......... .......... .......... 33% 32.0M 1s
 12450K .......... .......... .......... .......... .......... 33% 27.1M 1s
 12500K .......... .......... .......... .......... .......... 34% 31.7M 1s
 12550K .......... .......... .......... .......... .......... 34% 27.3M 1s
 12600K .......... .......... .......... .......... .......... 34% 29.3M 1s
 12650K .......... .......... .......... .......... .......... 34% 31.0M 1s
 12700K .......... .......... .......... .......... .......... 34% 31.2M 1s
 12750K .......... .......... .......... .......... .......... 34% 33.8M 1s
 12800K .......... .......... .......... .......... .......... 34% 28.6M 1s
 12850K .......... .......... .......... .......... .......... 34% 30.8M 1s
 12900K .......... .......... .......... .......... .......... 35% 31.8M 1s
 12950K .......... .......... .......... .......... .......... 35% 28.5M 1s
 13000K .......... .......... .......... .......... .......... 35% 33.3M 1s
 13050K .......... .......... .......... .......... .......... 35% 30.7M 1s
 13100K .......... .......... .......... .......... .......... 35% 35.6M 1s
 13150K .......... .......... .......... .......... .......... 35% 36.1M 1s
 13200K .......... .......... .......... .......... .......... 35% 2.12M 1s
 13250K .......... .......... .......... .......... .......... 36% 29.2M 1s
 13300K .......... .......... .......... .......... .......... 36% 31.5M 1s
 13350K .......... .......... .......... .......... .......... 36% 28.3M 1s
 13400K .......... .......... .......... .......... .......... 36% 3.19M 1s
 13450K .......... .......... .......... .......... .......... 36% 34.5M 1s
 13500K .......... .......... .......... .......... .......... 36% 29.5M 1s
 13550K .......... .......... .......... .......... .......... 36% 36.4M 1s
 13600K .......... .......... .......... .......... .......... 37% 35.6M 1s
 13650K .......... .......... .......... .......... .......... 37% 2.65M 1s
 13700K .......... .......... .......... .......... .......... 37% 33.9M 1s
 13750K .......... .......... .......... .......... .......... 37% 37.1M 1s
 13800K .......... .......... .......... .......... .......... 37% 27.4M 1s
 13850K .......... .......... .......... .......... .......... 37% 3.63M 1s
 13900K .......... .......... .......... .......... .......... 37% 36.7M 1s
 13950K .......... .......... .......... .......... .......... 37% 30.5M 1s
 14000K .......... .......... .......... .......... .......... 38% 36.8M 1s
 14050K .......... .......... .......... .......... .......... 38% 31.9M 1s
 14100K .......... .......... .......... .......... .......... 38% 25.5M 1s
 14150K .......... .......... .......... .......... .......... 38% 37.4M 1s
 14200K .......... .......... .......... .......... .......... 38% 27.2M 1s
 14250K .......... .......... .......... .......... .......... 38% 32.8M 1s
 14300K .......... .......... .......... .......... .......... 38% 24.5M 1s
 14350K .......... .......... .......... .......... .......... 39% 30.2M 1s
 14400K .......... .......... .......... .......... .......... 39% 39.6M 1s
 14450K .......... .......... .......... .......... .......... 39% 37.5M 1s
 14500K .......... .......... .......... .......... .......... 39% 32.8M 1s
 14550K .......... .......... .......... .......... .......... 39% 27.6M 1s
 14600K .......... .......... .......... .......... .......... 39% 33.2M 1s
 14650K .......... .......... .......... .......... .......... 39% 36.2M 1s
 14700K .......... .......... .......... .......... .......... 40% 38.7M 1s
 14750K .......... .......... .......... .......... .......... 40% 24.8M 1s
 14800K .......... .......... .......... .......... .......... 40% 33.1M 1s
 14850K .......... .......... .......... .......... .......... 40% 32.9M 1s
 14900K .......... .......... .......... .......... .......... 40% 30.0M 1s
 14950K .......... .......... .......... .......... .......... 40% 27.6M 1s
 15000K .......... .......... .......... .......... .......... 40% 23.9M 1s
 15050K .......... .......... .......... .......... .......... 40% 35.1M 1s
 15100K .......... .......... .......... .......... .......... 41% 50.9M 1s
 15150K .......... .......... .......... .......... .......... 41% 30.3M 1s
 15200K .......... .......... .......... .......... .......... 41% 35.8M 1s
 15250K .......... .......... .......... .......... .......... 41% 30.7M 1s
 15300K .......... .......... .......... .......... .......... 41% 33.2M 1s
 15350K .......... .......... .......... .......... .......... 41% 37.6M 1s
 15400K .......... .......... .......... .......... .......... 41% 23.8M 1s
 15450K .......... .......... .......... .......... .......... 42% 50.7M 1s
 15500K .......... .......... .......... .......... .......... 42% 30.4M 1s
 15550K .......... .......... .......... .......... .......... 42% 34.7M 1s
 15600K .......... .......... .......... .......... .......... 42% 33.8M 1s
 15650K .......... .......... .......... .......... .......... 42% 33.7M 1s
 15700K .......... .......... .......... .......... .......... 42% 34.4M 1s
 15750K .......... .......... .......... .......... .......... 42% 30.9M 1s
 15800K .......... .......... .......... .......... .......... 43% 34.9M 1s
 15850K .......... .......... .......... .......... .......... 43% 36.9M 1s
 15900K .......... .......... .......... .......... .......... 43% 31.0M 1s
 15950K .......... .......... .......... .......... .......... 43% 35.4M 1s
 16000K .......... .......... .......... .......... .......... 43% 31.0M 1s
 16050K .......... .......... .......... .......... .......... 43% 35.8M 1s
 16100K .......... .......... .......... .......... .......... 43% 35.6M 1s
 16150K .......... .......... .......... .......... .......... 43% 30.4M 1s
 16200K .......... .......... .......... .......... .......... 44% 35.9M 1s
 16250K .......... .......... .......... .......... .......... 44% 31.9M 1s
 16300K .......... .......... .......... .......... .......... 44% 33.4M 1s
 16350K .......... .......... .......... .......... .......... 44% 35.0M 1s
 16400K .......... .......... .......... .......... .......... 44% 29.5M 1s
 16450K .......... .......... .......... .......... .......... 44% 36.5M 1s
 16500K .......... .......... .......... .......... .......... 44% 30.8M 1s
 16550K .......... .......... .......... .......... .......... 45% 34.7M 1s
 16600K .......... .......... .......... .......... .......... 45% 35.7M 1s
 16650K .......... .......... .......... .......... .......... 45% 30.9M 1s
 16700K .......... .......... .......... .......... .......... 45% 34.2M 1s
 16750K .......... .......... .......... .......... .......... 45% 30.7M 1s
 16800K .......... .......... .......... .......... .......... 45% 34.4M 1s
 16850K .......... .......... .......... .......... .......... 45% 36.6M 1s
 16900K .......... .......... .......... .......... .......... 45% 29.1M 1s
 16950K .......... .......... .......... .......... .......... 46% 36.2M 1s
 17000K .......... .......... .......... .......... .......... 46% 31.4M 1s
 17050K .......... .......... .......... .......... .......... 46% 35.2M 1s
 17100K .......... .......... .......... .......... .......... 46% 35.5M 1s
 17150K .......... .......... .......... .......... .......... 46% 29.1M 1s
 17200K .......... .......... .......... .......... .......... 46% 36.6M 1s
 17250K .......... .......... .......... .......... .......... 46% 30.5M 1s
 17300K .......... .......... .......... .......... .......... 47% 35.3M 1s
 17350K .......... .......... .......... .......... .......... 47% 35.8M 1s
 17400K .......... .......... .......... .......... .......... 47% 30.0M 1s
 17450K .......... .......... .......... .......... .......... 47% 35.4M 1s
 17500K .......... .......... .......... .......... .......... 47% 30.6M 1s
 17550K .......... .......... .......... .......... .......... 47% 34.7M 1s
 17600K .......... .......... .......... .......... .......... 47% 34.6M 1s
 17650K .......... .......... .......... .......... .......... 48% 30.7M 1s
 17700K .......... .......... .......... .......... .......... 48% 36.2M 1s
 17750K .......... .......... .......... .......... .......... 48% 29.9M 1s
 17800K .......... .......... .......... .......... .......... 48% 36.6M 1s
 17850K .......... .......... .......... .......... .......... 48% 34.7M 1s
 17900K .......... .......... .......... .......... .......... 48% 30.3M 1s
 17950K .......... .......... .......... .......... .......... 48% 36.2M 1s
 18000K .......... .......... .......... .......... .......... 48% 28.8M 1s
 18050K .......... .......... .......... .......... .......... 49% 36.9M 1s
 18100K .......... .......... .......... .......... .......... 49% 34.6M 1s
 18150K .......... .......... .......... .......... .......... 49% 31.2M 1s
 18200K .......... .......... .......... .......... .......... 49% 34.5M 1s
 18250K .......... .......... .......... .......... .......... 49% 30.0M 1s
 18300K .......... .......... .......... .......... .......... 49% 36.1M 1s
 18350K .......... .......... .......... .......... .......... 49% 35.8M 1s
 18400K .......... .......... .......... .......... .......... 50% 29.9M 1s
 18450K .......... .......... .......... .......... .......... 50% 36.8M 1s
 18500K .......... .......... .......... .......... .......... 50% 30.1M 1s
 18550K .......... .......... .......... .......... .......... 50% 37.0M 1s
 18600K .......... .......... .......... .......... .......... 50% 34.6M 1s
 18650K .......... .......... .......... .......... .......... 50% 31.0M 1s
 18700K .......... .......... .......... .......... .......... 50% 35.5M 1s
 18750K .......... .......... .......... .......... .......... 51% 30.4M 1s
 18800K .......... .......... .......... .......... .......... 51% 35.1M 1s
 18850K .......... .......... .......... .......... .......... 51% 34.7M 1s
 18900K .......... .......... .......... .......... .......... 51% 30.5M 1s
 18950K .......... .......... .......... .......... .......... 51% 36.0M 1s
 19000K .......... .......... .......... .......... .......... 51% 28.4M 1s
 19050K .......... .......... .......... .......... .......... 51% 37.6M 1s
 19100K .......... .......... .......... .......... .......... 51% 37.5M 1s
 19150K .......... .......... .......... .......... .......... 52% 30.0M 1s
 19200K .......... .......... .......... .......... .......... 52% 35.7M 1s
 19250K .......... .......... .......... .......... .......... 52% 30.5M 1s
 19300K .......... .......... .......... .......... .......... 52% 35.4M 1s
 19350K .......... .......... .......... .......... .......... 52% 36.0M 1s
 19400K .......... .......... .......... .......... .......... 52% 31.1M 1s
 19450K .......... .......... .......... .......... .......... 52% 35.1M 1s
 19500K .......... .......... .......... .......... .......... 53% 29.2M 1s
 19550K .......... .......... .......... .......... .......... 53% 35.5M 1s
 19600K .......... .......... .......... .......... .......... 53% 35.2M 1s
 19650K .......... .......... .......... .......... .......... 53% 29.9M 1s
 19700K .......... .......... .......... .......... .......... 53% 36.9M 1s
 19750K .......... .......... .......... .......... .......... 53% 30.1M 1s
 19800K .......... .......... .......... .......... .......... 53% 35.2M 1s
 19850K .......... .......... .......... .......... .......... 53% 36.3M 1s
 19900K .......... .......... .......... .......... .......... 54% 30.9M 1s
 19950K .......... .......... .......... .......... .......... 54% 34.0M 1s
 20000K .......... .......... .......... .......... .......... 54% 30.2M 1s
 20050K .......... .......... .......... .......... .......... 54% 36.8M 1s
 20100K .......... .......... .......... .......... .......... 54% 35.6M 1s
 20150K .......... .......... .......... .......... .......... 54% 30.1M 1s
 20200K .......... .......... .......... .......... .......... 54% 35.9M 1s
 20250K .......... .......... .......... .......... .......... 55% 31.3M 1s
 20300K .......... .......... .......... .......... .......... 55% 34.8M 1s
 20350K .......... .......... .......... .......... .......... 55% 32.1M 1s
 20400K .......... .......... .......... .......... .......... 55% 29.9M 1s
 20450K .......... .......... .......... .......... .......... 55% 38.5M 1s
 20500K .......... .......... .......... .......... .......... 55% 29.5M 1s
 20550K .......... .......... .......... .......... .......... 55% 34.8M 1s
 20600K .......... .......... .......... .......... .......... 56% 36.0M 1s
 20650K .......... .......... .......... .......... .......... 56% 29.7M 1s
 20700K .......... .......... .......... .......... .......... 56% 36.3M 1s
 20750K .......... .......... .......... .......... .......... 56% 29.2M 1s
 20800K .......... .......... .......... .......... .......... 56% 36.3M 1s
 20850K .......... .......... .......... .......... .......... 56% 34.8M 1s
 20900K .......... .......... .......... .......... .......... 56% 30.4M 1s
 20950K .......... .......... .......... .......... .......... 56% 35.4M 1s
 21000K .......... .......... .......... .......... .......... 57% 31.2M 1s
 21050K .......... .......... .......... .......... .......... 57% 36.5M 1s
 21100K .......... .......... .......... .......... .......... 57% 33.8M 1s
 21150K .......... .......... .......... .......... .......... 57%  847K 1s
 21200K .......... .......... .......... .......... .......... 57%  136M 1s
 21250K .......... .......... .......... .......... .......... 57%  134M 1s
 21300K .......... .......... .......... .......... .......... 57%  586K 1s
 21350K .......... .......... .......... .......... .......... 58%  150M 1s
 21400K .......... .......... .......... .......... .......... 58%  130M 1s
 21450K .......... .......... .......... .......... .......... 58%  139M 1s
 21500K .......... .......... .......... .......... .......... 58%  136M 1s
 21550K .......... .......... .......... .......... .......... 58%  137M 1s
 21600K .......... .......... .......... .......... .......... 58%  151M 1s
 21650K .......... .......... .......... .......... .......... 58%  135M 1s
 21700K .......... .......... .......... .......... .......... 59%  146M 1s
 21750K .......... .......... .......... .......... .......... 59%  128M 1s
 21800K .......... .......... .......... .......... .......... 59%  161M 1s
 21850K .......... .......... .......... .......... .......... 59%  138M 1s
 21900K .......... .......... .......... .......... .......... 59%  127M 1s
 21950K .......... .......... .......... .......... .......... 59%  161M 1s
 22000K .......... .......... .......... .......... .......... 59%  107M 1s
 22050K .......... .......... .......... .......... .......... 59%  153M 1s
 22100K .......... .......... .......... .......... .......... 60%  163M 1s
 22150K .......... .......... .......... .......... .......... 60%  129M 1s
 22200K .......... .......... .......... .......... .......... 60%  126M 1s
 22250K .......... .......... .......... .......... .......... 60%  129M 1s
 22300K .......... .......... .......... .......... .......... 60% 15.1M 1s
 22350K .......... .......... .......... .......... .......... 60%  135M 1s
 22400K .......... .......... .......... .......... .......... 60%  131M 1s
 22450K .......... .......... .......... .......... .......... 61%  149M 1s
 22500K .......... .......... .......... .......... .......... 61%  123M 1s
 22550K .......... .......... .......... .......... .......... 61%  146M 1s
 22600K .......... .......... .......... .......... .......... 61%  136M 1s
 22650K .......... .......... .......... .......... .......... 61%  135M 1s
 22700K .......... .......... .......... .......... .......... 61% 8.03M 1s
 22750K .......... .......... .......... .......... .......... 61% 1.45M 1s
 22800K .......... .......... .......... .......... .......... 61%  149M 1s
 22850K .......... .......... .......... .......... .......... 62%  140M 1s
 22900K .......... .......... .......... .......... .......... 62%  105M 1s
 22950K .......... .......... .......... .......... .......... 62% 3.86M 1s
 23000K .......... .......... .......... .......... .......... 62%  107M 1s
 23050K .......... .......... .......... .......... .......... 62%  130M 1s
 23100K .......... .......... .......... .......... .......... 62% 4.55M 1s
 23150K .......... .......... .......... .......... .......... 62%  118M 1s
 23200K .......... .......... .......... .......... .......... 63%  131M 1s
 23250K .......... .......... .......... .......... .......... 63%  118M 1s
 23300K .......... .......... .......... .......... .......... 63%  132M 1s
 23350K .......... .......... .......... .......... .......... 63%  142M 1s
 23400K .......... .......... .......... .......... .......... 63%  117M 1s
 23450K .......... .......... .......... .......... .......... 63%  117M 1s
 23500K .......... .......... .......... .......... .......... 63% 1.55M 1s
 23550K .......... .......... .......... .......... .......... 64%  141M 1s
 23600K .......... .......... .......... .......... .......... 64%  123M 1s
 23650K .......... .......... .......... .......... .......... 64%  128M 1s
 23700K .......... .......... .......... .......... .......... 64%  147M 1s
 23750K .......... .......... .......... .......... .......... 64% 2.04M 1s
 23800K .......... .......... .......... .......... .......... 64%  141M 1s
 23850K .......... .......... .......... .......... .......... 64%  142M 1s
 23900K .......... .......... .......... .......... .......... 64%  111M 1s
 23950K .......... .......... .......... .......... .......... 65%  137M 1s
 24000K .......... .......... .......... .......... .......... 65%  128M 1s
 24050K .......... .......... .......... .......... .......... 65%  151M 1s
 24100K .......... .......... .......... .......... .......... 65%  922K 1s
 24150K .......... .......... .......... .......... .......... 65%  120M 1s
 24200K .......... .......... .......... .......... .......... 65%  123M 1s
 24250K .......... .......... .......... .......... .......... 65%  112M 1s
 24300K .......... .......... .......... .......... .......... 66%  149M 1s
 24350K .......... .......... .......... .......... .......... 66%  117M 1s
 24400K .......... .......... .......... .......... .......... 66%  125M 1s
 24450K .......... .......... .......... .......... .......... 66%  132M 1s
 24500K .......... .......... .......... .......... .......... 66%  121M 1s
 24550K .......... .......... .......... .......... .......... 66%  156M 1s
 24600K .......... .......... .......... .......... .......... 66%  145M 1s
 24650K .......... .......... .......... .......... .......... 67% 3.68M 1s
 24700K .......... .......... .......... .......... .......... 67%  153M 1s
 24750K .......... .......... .......... .......... .......... 67%  115M 1s
 24800K .......... .......... .......... .......... .......... 67%  154M 1s
 24850K .......... .......... .......... .......... .......... 67%  157M 1s
 24900K .......... .......... .......... .......... .......... 67% 99.2M 1s
 24950K .......... .......... .......... .......... .......... 67%  153M 1s
 25000K .......... .......... .......... .......... .......... 67%  138M 1s
 25050K .......... .......... .......... .......... .......... 68%  137M 1s
 25100K .......... .......... .......... .......... .......... 68% 7.46M 1s
 25150K .......... .......... .......... .......... .......... 68% 6.81M 1s
 25200K .......... .......... .......... .......... .......... 68% 18.4M 1s
 25250K .......... .......... .......... .......... .......... 68%  119M 1s
 25300K .......... .......... .......... .......... .......... 68% 6.01M 1s
 25350K .......... .......... .......... .......... .......... 68%  121M 1s
 25400K .......... .......... .......... .......... .......... 69% 6.26M 1s
 25450K .......... .......... .......... .......... .......... 69% 35.1M 1s
 25500K .......... .......... .......... .......... .......... 69%  125M 1s
 25550K .......... .......... .......... .......... .......... 69%  150M 1s
 25600K .......... .......... .......... .......... .......... 69%  141M 1s
 25650K .......... .......... .......... .......... .......... 69%  129M 1s
 25700K .......... .......... .......... .......... .......... 69% 14.9M 1s
 25750K .......... .......... .......... .......... .......... 69% 9.24M 1s
 25800K .......... .......... .......... .......... .......... 70% 8.61M 1s
 25850K .......... .......... .......... .......... .......... 70% 7.25M 1s
 25900K .......... .......... .......... .......... .......... 70% 13.2M 1s
 25950K .......... .......... .......... .......... .......... 70% 23.0M 1s
 26000K .......... .......... .......... .......... .......... 70% 6.09M 1s
 26050K .......... .......... .......... .......... .......... 70% 8.06M 1s
 26100K .......... .......... .......... .......... .......... 70% 14.7M 1s
 26150K .......... .......... .......... .......... .......... 71% 7.03M 1s
 26200K .......... .......... .......... .......... .......... 71% 24.3M 1s
 26250K .......... .......... .......... .......... .......... 71% 9.58M 1s
 26300K .......... .......... .......... .......... .......... 71% 8.45M 1s
 26350K .......... .......... .......... .......... .......... 71% 7.27M 1s
 26400K .......... .......... .......... .......... .......... 71% 10.8M 1s
 26450K .......... .......... .......... .......... .......... 71% 9.48M 1s
 26500K .......... .......... .......... .......... .......... 72% 13.1M 1s
 26550K .......... .......... .......... .......... .......... 72% 9.72M 1s
 26600K .......... .......... .......... .......... .......... 72% 15.1M 1s
 26650K .......... .......... .......... .......... .......... 72% 5.40M 1s
 26700K .......... .......... .......... .......... .......... 72% 10.2M 1s
 26750K .......... .......... .......... .......... .......... 72% 9.98M 1s
 26800K .......... .......... .......... .......... .......... 72% 13.3M 1s
 26850K .......... .......... .......... .......... .......... 72% 11.0M 1s
 26900K .......... .......... .......... .......... .......... 73% 5.93M 1s
 26950K .......... .......... .......... .......... .......... 73% 20.9M 1s
 27000K .......... .......... .......... .......... .......... 73% 6.48M 1s
 27050K .......... .......... .......... .......... .......... 73% 14.9M 1s
 27100K .......... .......... .......... .......... .......... 73% 13.4M 1s
 27150K .......... .......... .......... .......... .......... 73% 10.9M 1s
 27200K .......... .......... .......... .......... .......... 73% 5.49M 1s
 27250K .......... .......... .......... .......... .......... 74% 9.95M 1s
 27300K .......... .......... .......... .......... .......... 74% 9.99M 1s
 27350K .......... .......... .......... .......... .......... 74% 30.2M 0s
 27400K .......... .......... .......... .......... .......... 74% 7.67M 0s
 27450K .......... .......... .......... .......... .......... 74% 11.4M 0s
 27500K .......... .......... .......... .......... .......... 74% 7.67M 0s
 27550K .......... .......... .......... .......... .......... 74% 7.91M 0s
 27600K .......... .......... .......... .......... .......... 75% 13.8M 0s
 27650K .......... .......... .......... .......... .......... 75% 10.5M 0s
 27700K .......... .......... .......... .......... .......... 75% 14.5M 0s
 27750K .......... .......... .......... .......... .......... 75% 5.95M 0s
 27800K .......... .......... .......... .......... .......... 75% 18.7M 0s
 27850K .......... .......... .......... .......... .......... 75% 8.19M 0s
 27900K .......... .......... .......... .......... .......... 75% 12.8M 0s
 27950K .......... .......... .......... .......... .......... 75% 8.90M 0s
 28000K .......... .......... .......... .......... .......... 76% 14.9M 0s
 28050K .......... .......... .......... .......... .......... 76% 5.46M 0s
 28100K .......... .......... .......... .......... .......... 76% 12.8M 0s
 28150K .......... .......... .......... .......... .......... 76% 7.99M 0s
 28200K .......... .......... .......... .......... .......... 76% 36.5M 0s
 28250K .......... .......... .......... .......... .......... 76% 7.57M 0s
 28300K .......... .......... .......... .......... .......... 76% 25.7M 0s
 28350K .......... .......... .......... .......... .......... 77% 5.41M 0s
 28400K .......... .......... .......... .......... .......... 77% 13.3M 0s
 28450K .......... .......... .......... .......... .......... 77% 8.29M 0s
 28500K .......... .......... .......... .......... .......... 77% 10.6M 0s
 28550K .......... .......... .......... .......... .......... 77% 16.1M 0s
 28600K .......... .......... .......... .......... .......... 77% 15.0M 0s
 28650K .......... .......... .......... .......... .......... 77% 6.00M 0s
 28700K .......... .......... .......... .......... .......... 77% 8.87M 0s
 28750K .......... .......... .......... .......... .......... 78% 12.4M 0s
 28800K .......... .......... .......... .......... .......... 78% 10.8M 0s
 28850K .......... .......... .......... .......... .......... 78% 15.4M 0s
 28900K .......... .......... .......... .......... .......... 78% 14.5M 0s
 28950K .......... .......... .......... .......... .......... 78% 6.25M 0s
 29000K .......... .......... .......... .......... .......... 78% 8.29M 0s
 29050K .......... .......... .......... .......... .......... 78% 14.1M 0s
 29100K .......... .......... .......... .......... .......... 79% 10.3M 0s
 29150K .......... .......... .......... .......... .......... 79% 11.5M 0s
 29200K .......... .......... .......... .......... .......... 79% 23.8M 0s
 29250K .......... .......... .......... .......... .......... 79% 5.89M 0s
 29300K .......... .......... .......... .......... .......... 79% 9.10M 0s
 29350K .......... .......... .......... .......... .......... 79% 11.8M 0s
 29400K .......... .......... .......... .......... .......... 79% 11.1M 0s
 29450K .......... .......... .......... .......... .......... 80% 11.9M 0s
 29500K .......... .......... .......... .......... .......... 80% 5.41M 0s
 29550K .......... .......... .......... .......... .......... 80% 37.1M 0s
 29600K .......... .......... .......... .......... .......... 80% 9.44M 0s
 29650K .......... .......... .......... .......... .......... 80% 11.1M 0s
 29700K .......... .......... .......... .......... .......... 80% 11.0M 0s
 29750K .......... .......... .......... .......... .......... 80% 9.05M 0s
 29800K .......... .......... .......... .......... .......... 80% 6.50M 0s
 29850K .......... .......... .......... .......... .......... 81% 37.4M 0s
 29900K .......... .......... .......... .......... .......... 81% 6.73M 0s
 29950K .......... .......... .......... .......... .......... 81% 20.8M 0s
 30000K .......... .......... .......... .......... .......... 81% 9.07M 0s
 30050K .......... .......... .......... .......... .......... 81% 11.6M 0s
 30100K .......... .......... .......... .......... .......... 81% 6.17M 0s
 30150K .......... .......... .......... .......... .......... 81% 15.9M 0s
 30200K .......... .......... .......... .......... .......... 82% 6.95M 0s
 30250K .......... .......... .......... .......... .......... 82% 24.4M 0s
 30300K .......... .......... .......... .......... .......... 82% 11.9M 0s
 30350K .......... .......... .......... .......... .......... 82% 10.8M 0s
 30400K .......... .......... .......... .......... .......... 82% 6.03M 0s
 30450K .......... .......... .......... .......... .......... 82% 21.4M 0s
 30500K .......... .......... .......... .......... .......... 82% 6.67M 0s
 30550K .......... .......... .......... .......... .......... 83% 23.8M 0s
 30600K .......... .......... .......... .......... .......... 83% 7.06M 0s
 30650K .......... .......... .......... .......... .......... 83% 17.6M 0s
 30700K .......... .......... .......... .......... .......... 83% 6.78M 0s
 30750K .......... .......... .......... .......... .......... 83% 10.6M 0s
 30800K .......... .......... .......... .......... .......... 83% 10.1M 0s
 30850K .......... .......... .......... .......... .......... 83% 24.8M 0s
 30900K .......... .......... .......... .......... .......... 83% 6.43M 0s
 30950K .......... .......... .......... .......... .......... 84% 6.10M 0s
 31000K .......... .......... .......... .......... .......... 84% 33.5M 0s
 31050K .......... .......... .......... .......... .......... 84% 11.4M 0s
 31100K .......... .......... .......... .......... .......... 84% 10.0M 0s
 31150K .......... .......... .......... .......... .......... 84% 24.7M 0s
 31200K .......... .......... .......... .......... .......... 84% 6.30M 0s
 31250K .......... .......... .......... .......... .......... 84% 6.08M 0s
 31300K .......... .......... .......... .......... .......... 85% 33.7M 0s
 31350K .......... .......... .......... .......... .......... 85% 9.36M 0s
 31400K .......... .......... .......... .......... .......... 85% 12.8M 0s
 31450K .......... .......... .......... .......... .......... 85% 11.5M 0s
 31500K .......... .......... .......... .......... .......... 85% 8.85M 0s
 31550K .......... .......... .......... .......... .......... 85% 6.20M 0s
 31600K .......... .......... .......... .......... .......... 85% 18.3M 0s
 31650K .......... .......... .......... .......... .......... 86% 11.7M 0s
 31700K .......... .......... .......... .......... .......... 86% 14.0M 0s
 31750K .......... .......... .......... .......... .......... 86% 10.7M 0s
 31800K .......... .......... .......... .......... .......... 86% 9.62M 0s
 31850K .......... .......... .......... .......... .......... 86% 5.91M 0s
 31900K .......... .......... .......... .......... .......... 86% 17.9M 0s
 31950K .......... .......... .......... .......... .......... 86% 11.7M 0s
 32000K .......... .......... .......... .......... .......... 86% 9.52M 0s
 32050K .......... .......... .......... .......... .......... 87% 16.8M 0s
 32100K .......... .......... .......... .......... .......... 87% 7.08M 0s
 32150K .......... .......... .......... .......... .......... 87% 7.60M 0s
 32200K .......... .......... .......... .......... .......... 87% 18.3M 0s
 32250K .......... .......... .......... .......... .......... 87% 9.05M 0s
 32300K .......... .......... .......... .......... .......... 87% 12.2M 0s
 32350K .......... .......... .......... .......... .......... 87% 11.7M 0s
 32400K .......... .......... .......... .......... .......... 88% 8.71M 0s
 32450K .......... .......... .......... .......... .......... 88% 7.77M 0s
 32500K .......... .......... .......... .......... .......... 88% 7.68M 0s
 32550K .......... .......... .......... .......... .......... 88% 29.1M 0s
 32600K .......... .......... .......... .......... .......... 88% 12.4M 0s
 32650K .......... .......... .......... .......... .......... 88% 8.22M 0s
 32700K .......... .......... .......... .......... .......... 88% 12.7M 0s
 32750K .......... .......... .......... .......... .......... 88% 7.54M 0s
 32800K .......... .......... .......... .......... .......... 89% 7.89M 0s
 32850K .......... .......... .......... .......... .......... 89% 27.8M 0s
 32900K .......... .......... .......... .......... .......... 89% 8.38M 0s
 32950K .......... .......... .......... .......... .......... 89% 11.8M 0s
 33000K .......... .......... .......... .......... .......... 89% 5.06M 0s
 33050K .......... .......... .......... .......... .......... 89% 75.4M 0s
 33100K .......... .......... .......... .......... .......... 89% 7.74M 0s
 33150K .......... .......... .......... .......... .......... 90% 15.5M 0s
 33200K .......... .......... .......... .......... .......... 90% 11.3M 0s
 33250K .......... .......... .......... .......... .......... 90% 9.25M 0s
 33300K .......... .......... .......... .......... .......... 90% 5.68M 0s
 33350K .......... .......... .......... .......... .......... 90% 78.2M 0s
 33400K .......... .......... .......... .......... .......... 90% 7.93M 0s
 33450K .......... .......... .......... .......... .......... 90% 18.5M 0s
 33500K .......... .......... .......... .......... .......... 91% 9.85M 0s
 33550K .......... .......... .......... .......... .......... 91% 9.66M 0s
 33600K .......... .......... .......... .......... .......... 91% 5.69M 0s
 33650K .......... .......... .......... .......... .......... 91% 19.5M 0s
 33700K .......... .......... .......... .......... .......... 91% 11.6M 0s
 33750K .......... .......... .......... .......... .......... 91% 10.2M 0s
 33800K .......... .......... .......... .......... .......... 91% 15.7M 0s
 33850K .......... .......... .......... .......... .......... 91% 9.78M 0s
 33900K .......... .......... .......... .......... .......... 92% 5.58M 0s
 33950K .......... .......... .......... .......... .......... 92% 20.2M 0s
 34000K .......... .......... .......... .......... .......... 92% 11.8M 0s
 34050K .......... .......... .......... .......... .......... 92% 10.4M 0s
 34100K .......... .......... .......... .......... .......... 92% 9.89M 0s
 34150K .......... .......... .......... .......... .......... 92% 15.9M 0s
 34200K .......... .......... .......... .......... .......... 92% 5.56M 0s
 34250K .......... .......... .......... .......... .......... 93% 19.3M 0s
 34300K .......... .......... .......... .......... .......... 93% 8.83M 0s
 34350K .......... .......... .......... .......... .......... 93% 14.6M 0s
 34400K .......... .......... .......... .......... .......... 93% 10.0M 0s
 34450K .......... .......... .......... .......... .......... 93% 12.2M 0s
 34500K .......... .......... .......... .......... .......... 93% 6.08M 0s
 34550K .......... .......... .......... .......... .......... 93% 19.9M 0s
 34600K .......... .......... .......... .......... .......... 94% 9.03M 0s
 34650K .......... .......... .......... .......... .......... 94% 14.2M 0s
 34700K .......... .......... .......... .......... .......... 94% 7.47M 0s
 34750K .......... .......... .......... .......... .......... 94% 20.9M 0s
 34800K .......... .......... .......... .......... .......... 94% 6.00M 0s
 34850K .......... .......... .......... .......... .......... 94% 13.3M 0s
 34900K .......... .......... .......... .......... .......... 94% 11.9M 0s
 34950K .......... .......... .......... .......... .......... 94% 7.92M 0s
 35000K .......... .......... .......... .......... .......... 95% 12.6M 0s
 35050K .......... .......... .......... .......... .......... 95% 21.0M 0s
 35100K .......... .......... .......... .......... .......... 95% 6.11M 0s
 35150K .......... .......... .......... .......... .......... 95% 13.2M 0s
 35200K .......... .......... .......... .......... .......... 95% 12.2M 0s
 35250K .......... .......... .......... .......... .......... 95% 7.62M 0s
 35300K .......... .......... .......... .......... .......... 95% 23.5M 0s
 35350K .......... .......... .......... .......... .......... 96% 4.36M 0s
 35400K .......... .......... .......... .......... .......... 96% 70.2M 0s
 35450K .......... .......... .......... .......... .......... 96% 13.1M 0s
 35500K .......... .......... .......... .......... .......... 96% 11.6M 0s
 35550K .......... .......... .......... .......... .......... 96% 7.95M 0s
 35600K .......... .......... .......... .......... .......... 96% 12.6M 0s
 35650K .......... .......... .......... .......... .......... 96% 20.2M 0s
 35700K .......... .......... .......... .......... .......... 96% 6.22M 0s
 35750K .......... .......... .......... .......... .......... 97% 7.84M 0s
 35800K .......... .......... .......... .......... .......... 97% 28.2M 0s
 35850K .......... .......... .......... .......... .......... 97% 14.6M 0s
 35900K .......... .......... .......... .......... .......... 97% 7.28M 0s
 35950K .......... .......... .......... .......... .......... 97% 5.14M 0s
 36000K .......... .......... .......... .......... .......... 97% 47.9M 0s
 36050K .......... .......... .......... .......... .......... 97% 25.0M 0s
 36100K .......... .......... .......... .......... .......... 98% 11.3M 0s
 36150K .......... .......... .......... .......... .......... 98% 6.76M 0s
 36200K .......... .......... .......... .......... .......... 98% 12.2M 0s
 36250K .......... .......... .......... .......... .......... 98% 5.07M 0s
 36300K .......... .......... .......... .......... .......... 98% 76.0M 0s
 36350K .......... .......... .......... .......... .......... 98% 7.84M 0s
 36400K .......... .......... .......... .......... .......... 98% 72.2M 0s
 36450K .......... .......... .......... .......... .......... 99% 7.12M 0s
 36500K .......... .......... .......... .......... .......... 99% 12.0M 0s
 36550K .......... .......... .......... .......... .......... 99% 5.15M 0s
 36600K .......... .......... .......... .......... .......... 99% 55.9M 0s
 36650K .......... .......... .......... .......... .......... 99% 7.42M 0s
 36700K .......... .......... .......... .......... .......... 99% 80.5M 0s
 36750K .......... .......... .......... .......... .......... 99% 7.60M 0s
 36800K .......... .......... .......... .......... .......... 99% 11.6M 0s
 36850K .........                                             100% 84.6M=2.4s

2022-04-26 02:55:04 (15.3 MB/s) - ‘/root/process_mining/trips_tracing/stopsintrip.json’ saved [37744176/37744176]

--2022-04-26 02:55:04--  https://ckan.multimediagdansk.pl/dataset/c24aa637-3619-4dc2-a171-a23eec8f2172/resource/4c4025f0-01bf-41f7-a39f-d156d201b82b/download/stops.json
Resolving ckan.multimediagdansk.pl (ckan.multimediagdansk.pl)... 91.244.248.30
Connecting to ckan.multimediagdansk.pl (ckan.multimediagdansk.pl)|91.244.248.30|:443... connected.
HTTP request sent, awaiting response... 200 OK
Length: 10627508 (10M) [application/json]
Saving to: ‘/root/process_mining/trips_tracing/stops.json’

     0K .......... .......... .......... .......... ..........  0%  887K 12s
    50K .......... .......... .......... .......... ..........  0% 1.75M 9s
   100K .......... .......... .......... .......... ..........  1% 46.1M 6s
   150K .......... .......... .......... .......... ..........  1% 99.3M 4s
   200K .......... .......... .......... .......... ..........  2% 1.75M 5s
   250K .......... .......... .......... .......... ..........  2% 64.2M 4s
   300K .......... .......... .......... .......... ..........  3%  116M 3s
   350K .......... .......... .......... .......... ..........  3%  106M 3s
   400K .......... .......... .......... .......... ..........  4% 1.88M 3s
   450K .......... .......... .......... .......... ..........  4% 28.6M 3s
   500K .......... .......... .......... .......... ..........  5% 38.1M 3s
   550K .......... .......... .......... .......... ..........  5%  118M 2s
   600K .......... .......... .......... .......... ..........  6%  105M 2s
   650K .......... .......... .......... .......... ..........  6%  116M 2s
   700K .......... .......... .......... .......... ..........  7%  105M 2s
   750K .......... .......... .......... .......... ..........  7%  129M 2s
   800K .......... .......... .......... .......... ..........  8%  128M 2s
   850K .......... .......... .......... .......... ..........  8% 2.19M 2s
   900K .......... .......... .......... .......... ..........  9% 69.3M 2s
   950K .......... .......... .......... .......... ..........  9% 69.1M 2s
  1000K .......... .......... .......... .......... .......... 10% 69.8M 2s
  1050K .......... .......... .......... .......... .......... 10% 83.1M 1s
  1100K .......... .......... .......... .......... .......... 11% 70.4M 1s
  1150K .......... .......... .......... .......... .......... 11% 73.2M 1s
  1200K .......... .......... .......... .......... .......... 12% 66.9M 1s
  1250K .......... .......... .......... .......... .......... 12% 69.6M 1s
  1300K .......... .......... .......... .......... .......... 13% 79.8M 1s
  1350K .......... .......... .......... .......... .......... 13% 81.6M 1s
  1400K .......... .......... .......... .......... .......... 13%  112M 1s
  1450K .......... .......... .......... .......... .......... 14%  106M 1s
  1500K .......... .......... .......... .......... .......... 14%  120M 1s
  1550K .......... .......... .......... .......... .......... 15%  150M 1s
  1600K .......... .......... .......... .......... .......... 15%  116M 1s
  1650K .......... .......... .......... .......... .......... 16%  154M 1s
  1700K .......... .......... .......... .......... .......... 16%  140M 1s
  1750K .......... .......... .......... .......... .......... 17% 2.62M 1s
  1800K .......... .......... .......... .......... .......... 17% 94.4M 1s
  1850K .......... .......... .......... .......... .......... 18% 84.9M 1s
  1900K .......... .......... .......... .......... .......... 18% 91.8M 1s
  1950K .......... .......... .......... .......... .......... 19% 76.9M 1s
  2000K .......... .......... .......... .......... .......... 19% 81.9M 1s
  2050K .......... .......... .......... .......... .......... 20% 90.9M 1s
  2100K .......... .......... .......... .......... .......... 20% 91.9M 1s
  2150K .......... .......... .......... .......... .......... 21% 70.1M 1s
  2200K .......... .......... .......... .......... .......... 21% 95.8M 1s
  2250K .......... .......... .......... .......... .......... 22% 85.1M 1s
  2300K .......... .......... .......... .......... .......... 22% 83.1M 1s
  2350K .......... .......... .......... .......... .......... 23% 87.9M 1s
  2400K .......... .......... .......... .......... .......... 23% 77.6M 1s
  2450K .......... .......... .......... .......... .......... 24% 75.4M 1s
  2500K .......... .......... .......... .......... .......... 24% 99.7M 1s
  2550K .......... .......... .......... .......... .......... 25%  105M 1s
  2600K .......... .......... .......... .......... .......... 25%  109M 1s
  2650K .......... .......... .......... .......... .......... 26%  112M 1s
  2700K .......... .......... .......... .......... .......... 26% 72.5M 1s
  2750K .......... .......... .......... .......... .......... 26% 97.0M 1s
  2800K .......... .......... .......... .......... .......... 27%  100M 1s
  2850K .......... .......... .......... .......... .......... 27%  112M 1s
  2900K .......... .......... .......... .......... .......... 28%  125M 1s
  2950K .......... .......... .......... .......... .......... 28%  135M 1s
  3000K .......... .......... .......... .......... .......... 29%  122M 1s
  3050K .......... .......... .......... .......... .......... 29% 21.3M 0s
  3100K .......... .......... .......... .......... .......... 30% 38.5M 0s
  3150K .......... .......... .......... .......... .......... 30% 31.6M 0s
  3200K .......... .......... .......... .......... .......... 31% 38.0M 0s
  3250K .......... .......... .......... .......... .......... 31% 22.2M 0s
  3300K .......... .......... .......... .......... .......... 32% 36.6M 0s
  3350K .......... .......... .......... .......... .......... 32% 36.9M 0s
  3400K .......... .......... .......... .......... .......... 33% 31.9M 0s
  3450K .......... .......... .......... .......... .......... 33% 20.3M 0s
  3500K .......... .......... .......... .......... .......... 34% 41.0M 0s
  3550K .......... .......... .......... .......... .......... 34% 24.5M 0s
  3600K .......... .......... .......... .......... .......... 35% 31.7M 0s
  3650K .......... .......... .......... .......... .......... 35% 27.1M 0s
  3700K .......... .......... .......... .......... .......... 36% 22.0M 0s
  3750K .......... .......... .......... .......... .......... 36% 29.1M 0s
  3800K .......... .......... .......... .......... .......... 37% 28.0M 0s
  3850K .......... .......... .......... .......... .......... 37% 33.7M 0s
  3900K .......... .......... .......... .......... .......... 38% 28.2M 0s
  3950K .......... .......... .......... .......... .......... 38% 27.5M 0s
  4000K .......... .......... .......... .......... .......... 39% 34.2M 0s
  4050K .......... .......... .......... .......... .......... 39% 26.3M 0s
  4100K .......... .......... .......... .......... .......... 39% 28.5M 0s
  4150K .......... .......... .......... .......... .......... 40% 33.8M 0s
  4200K .......... .......... .......... .......... .......... 40% 29.9M 0s
  4250K .......... .......... .......... .......... .......... 41% 37.1M 0s
  4300K .......... .......... .......... .......... .......... 41% 31.7M 0s
  4350K .......... .......... .......... .......... .......... 42% 24.3M 0s
  4400K .......... .......... .......... .......... .......... 42% 37.2M 0s
  4450K .......... .......... .......... .......... .......... 43% 35.2M 0s
  4500K .......... .......... .......... .......... .......... 43% 31.4M 0s
  4550K .......... .......... .......... .......... .......... 44% 24.4M 0s
  4600K .......... .......... .......... .......... .......... 44% 36.3M 0s
  4650K .......... .......... .......... .......... .......... 45% 29.4M 0s
  4700K .......... .......... .......... .......... .......... 45% 29.8M 0s
  4750K .......... .......... .......... .......... .......... 46% 31.7M 0s
  4800K .......... .......... .......... .......... .......... 46% 23.2M 0s
  4850K .......... .......... .......... .......... .......... 47% 33.8M 0s
  4900K .......... .......... .......... .......... .......... 47% 25.6M 0s
  4950K .......... .......... .......... .......... .......... 48% 38.5M 0s
  5000K .......... .......... .......... .......... .......... 48% 28.0M 0s
  5050K .......... .......... .......... .......... .......... 49% 29.7M 0s
  5100K .......... .......... .......... .......... .......... 49% 35.1M 0s
  5150K .......... .......... .......... .......... .......... 50% 28.9M 0s
  5200K .......... .......... .......... .......... .......... 50% 26.5M 0s
  5250K .......... .......... .......... .......... .......... 51% 30.0M 0s
  5300K .......... .......... .......... .......... .......... 51% 27.4M 0s
  5350K .......... .......... .......... .......... .......... 52% 40.6M 0s
  5400K .......... .......... .......... .......... .......... 52% 25.7M 0s
  5450K .......... .......... .......... .......... .......... 52% 18.3M 0s
  5500K .......... .......... .......... .......... .......... 53% 71.8M 0s
  5550K .......... .......... .......... .......... .......... 53% 48.8M 0s
  5600K .......... .......... .......... .......... .......... 54% 22.5M 0s
  5650K .......... .......... .......... .......... .......... 54% 29.2M 0s
  5700K .......... .......... .......... .......... .......... 55% 32.1M 0s
  5750K .......... .......... .......... .......... .......... 55% 35.6M 0s
  5800K .......... .......... .......... .......... .......... 56% 31.8M 0s
  5850K .......... .......... .......... .......... .......... 56% 17.9M 0s
  5900K .......... .......... .......... .......... .......... 57% 36.3M 0s
  5950K .......... .......... .......... .......... .......... 57% 35.9M 0s
  6000K .......... .......... .......... .......... .......... 58% 29.9M 0s
  6050K .......... .......... .......... .......... .......... 58% 26.7M 0s
  6100K .......... .......... .......... .......... .......... 59% 34.2M 0s
  6150K .......... .......... .......... .......... .......... 59% 30.5M 0s
  6200K .......... .......... .......... .......... .......... 60% 32.0M 0s
  6250K .......... .......... .......... .......... .......... 60% 33.8M 0s
  6300K .......... .......... .......... .......... .......... 61% 25.9M 0s
  6350K .......... .......... .......... .......... .......... 61% 34.8M 0s
  6400K .......... .......... .......... .......... .......... 62% 29.9M 0s
  6450K .......... .......... .......... .......... .......... 62% 33.2M 0s
  6500K .......... .......... .......... .......... .......... 63% 28.0M 0s
  6550K .......... .......... .......... .......... .......... 63% 30.8M 0s
  6600K .......... .......... .......... .......... .......... 64% 35.2M 0s
  6650K .......... .......... .......... .......... .......... 64% 30.3M 0s
  6700K .......... .......... .......... .......... .......... 65% 34.8M 0s
  6750K .......... .......... .......... .......... .......... 65% 25.2M 0s
  6800K .......... .......... .......... .......... .......... 66% 30.5M 0s
  6850K .......... .......... .......... .......... .......... 66% 35.7M 0s
  6900K .......... .......... .......... .......... .......... 66% 34.8M 0s
  6950K .......... .......... .......... .......... .......... 67% 16.1M 0s
  7000K .......... .......... .......... .......... .......... 67% 66.9M 0s
  7050K .......... .......... .......... .......... .......... 68% 47.6M 0s
  7100K .......... .......... .......... .......... .......... 68% 30.7M 0s
  7150K .......... .......... .......... .......... .......... 69% 35.1M 0s
  7200K .......... .......... .......... .......... .......... 69% 26.1M 0s
  7250K .......... .......... .......... .......... .......... 70% 30.9M 0s
  7300K .......... .......... .......... .......... .......... 70% 34.6M 0s
  7350K .......... .......... .......... .......... .......... 71% 30.6M 0s
  7400K .......... .......... .......... .......... .......... 71% 27.1M 0s
  7450K .......... .......... .......... .......... .......... 72% 36.4M 0s
  7500K .......... .......... .......... .......... .......... 72% 30.5M 0s
  7550K .......... .......... .......... .......... .......... 73% 34.9M 0s
  7600K .......... .......... .......... .......... .......... 73% 35.3M 0s
  7650K .......... .......... .......... .......... .......... 74% 30.7M 0s
  7700K .......... .......... .......... .......... .......... 74% 34.0M 0s
  7750K .......... .......... .......... .......... .......... 75% 30.9M 0s
  7800K .......... .......... .......... .......... .......... 75% 35.2M 0s
  7850K .......... .......... .......... .......... .......... 76% 36.5M 0s
  7900K .......... .......... .......... .......... .......... 76% 30.7M 0s
  7950K .......... .......... .......... .......... .......... 77% 36.1M 0s
  8000K .......... .......... .......... .......... .......... 77% 30.1M 0s
  8050K .......... .......... .......... .......... .......... 78% 35.4M 0s
  8100K .......... .......... .......... .......... .......... 78% 35.8M 0s
  8150K .......... .......... .......... .......... .......... 79% 29.3M 0s
  8200K .......... .......... .......... .......... .......... 79% 35.3M 0s
  8250K .......... .......... .......... .......... .......... 79% 31.0M 0s
  8300K .......... .......... .......... .......... .......... 80% 35.7M 0s
  8350K .......... .......... .......... .......... .......... 80% 34.3M 0s
  8400K .......... .......... .......... .......... .......... 81% 30.2M 0s
  8450K .......... .......... .......... .......... .......... 81% 32.7M 0s
  8500K .......... .......... .......... .......... .......... 82% 29.9M 0s
  8550K .......... .......... .......... .......... .......... 82% 35.4M 0s
  8600K .......... .......... .......... .......... .......... 83% 34.9M 0s
  8650K .......... .......... .......... .......... .......... 83% 30.4M 0s
  8700K .......... .......... .......... .......... .......... 84% 30.6M 0s
  8750K .......... .......... .......... .......... .......... 84% 35.1M 0s
  8800K .......... .......... .......... .......... .......... 85% 36.2M 0s
  8850K .......... .......... .......... .......... .......... 85% 34.1M 0s
  8900K .......... .......... .......... .......... .......... 86% 30.9M 0s
  8950K .......... .......... .......... .......... .......... 86% 34.9M 0s
  9000K .......... .......... .......... .......... .......... 87% 29.4M 0s
  9050K .......... .......... .......... .......... .......... 87% 35.4M 0s
  9100K .......... .......... .......... .......... .......... 88% 34.8M 0s
  9150K .......... .......... .......... .......... .......... 88% 28.2M 0s
  9200K .......... .......... .......... .......... .......... 89% 33.2M 0s
  9250K .......... .......... .......... .......... .......... 89% 32.1M 0s
  9300K .......... .......... .......... .......... .......... 90% 34.7M 0s
  9350K .......... .......... .......... .......... .......... 90% 34.5M 0s
  9400K .......... .......... .......... .......... .......... 91% 28.3M 0s
  9450K .......... .......... .......... .......... .......... 91% 33.2M 0s
  9500K .......... .......... .......... .......... .......... 92% 28.4M 0s
  9550K .......... .......... .......... .......... .......... 92% 33.7M 0s
  9600K .......... .......... .......... .......... .......... 92% 35.2M 0s
  9650K .......... .......... .......... .......... .......... 93% 29.3M 0s
  9700K .......... .......... .......... .......... .......... 93% 30.3M 0s
  9750K .......... .......... .......... .......... .......... 94% 34.7M 0s
  9800K .......... .......... .......... .......... .......... 94% 34.3M 0s
  9850K .......... .......... .......... .......... .......... 95% 35.8M 0s
  9900K .......... .......... .......... .......... .......... 95% 29.5M 0s
  9950K .......... .......... .......... .......... .......... 96% 35.1M 0s
 10000K .......... .......... .......... .......... .......... 96% 30.9M 0s
 10050K .......... .......... .......... .......... .......... 97% 36.0M 0s
 10100K .......... .......... .......... .......... .......... 97% 34.7M 0s
 10150K .......... .......... .......... .......... .......... 98% 29.7M 0s
 10200K .......... .......... .......... .......... .......... 98% 32.9M 0s
 10250K .......... .......... .......... .......... .......... 99% 30.5M 0s
 10300K .......... .......... .......... .......... .......... 99% 34.6M 0s
 10350K .......... .......... ........                        100% 33.7M=0.4s

2022-04-26 02:55:05 (23.0 MB/s) - ‘/root/process_mining/trips_tracing/stops.json’ saved [10627508/10627508]

--2022-04-26 02:55:05--  https://files.cloudgdansk.pl/d/otwarte-dane/ztm/baza-pojazdow.json?v=2
Resolving files.cloudgdansk.pl (files.cloudgdansk.pl)... 153.19.238.147
Connecting to files.cloudgdansk.pl (files.cloudgdansk.pl)|153.19.238.147|:443... connected.
HTTP request sent, awaiting response... 200 OK
Length: 279155 (273K) [application/json]
Saving to: ‘/root/process_mining/trips_tracing/baza-pojazdow.json’

     0K .......... .......... .......... .......... .......... 18% 1.68M 0s
    50K .......... .......... .......... .......... .......... 36% 1.68M 0s
   100K .......... .......... .......... .......... .......... 55% 1.69M 0s
   150K .......... .......... .......... .......... .......... 73% 1.67M 0s
   200K .......... .......... .......... .......... .......... 91%  236M 0s
   250K .......... .......... ..                              100%  184M=0.1s

2022-04-26 02:55:06 (2.29 MB/s) - ‘/root/process_mining/trips_tracing/baza-pojazdow.json’ saved [279155/279155]

