--2022-04-26 00:09:45--  https://files.cloudgdansk.pl/d/otwarte-dane/ztm/bsk.json
--2022-04-26 00:25:34--  https://files.cloudgdansk.pl/d/otwarte-dane/ztm/bsk.json
--2022-04-26 00:28:11--  https://files.cloudgdansk.pl/d/otwarte-dane/ztm/bsk.json
Resolving files.cloudgdansk.pl (files.cloudgdansk.pl)... failed: Temporary failure in name resolution.
Resolving files.cloudgdansk.pl (files.cloudgdansk.pl)... wget: unable to resolve host address ‘files.cloudgdansk.pl’
Resolving files.cloudgdansk.pl (files.cloudgdansk.pl)... failed: Temporary failure in name resolution.
wget: unable to resolve host address ‘files.cloudgdansk.pl’
failed: Temporary failure in name resolution.
wget: unable to resolve host address ‘files.cloudgdansk.pl’
--2022-04-26 00:53:40--  https://files.cloudgdansk.pl/d/otwarte-dane/ztm/bsk.json
Traceback (most recent call last):
  File "/root/process_mining/announcements/saveInterestingAnnouncements.py", line 125, in <module>
    main()
  File "/root/process_mining/announcements/saveInterestingAnnouncements.py", line 92, in main
    data = json.load(announcementsJsonFile)
  File "/usr/lib/python3.8/json/__init__.py", line 293, in load
    return loads(fp.read(),
  File "/usr/lib/python3.8/json/__init__.py", line 357, in loads
    return _default_decoder.decode(s)
  File "/usr/lib/python3.8/json/decoder.py", line 337, in decode
    obj, end = self.raw_decode(s, idx=_w(s, 0).end())
  File "/usr/lib/python3.8/json/decoder.py", line 355, in raw_decode
    raise JSONDecodeError("Expecting value", s, err.value) from None
json.decoder.JSONDecodeError: Expecting value: line 1 column 1 (char 0)
Resolving files.cloudgdansk.pl (files.cloudgdansk.pl)... failed: Temporary failure in name resolution.
wget: unable to resolve host address ‘files.cloudgdansk.pl’
Traceback (most recent call last):
  File "/root/process_mining/announcements/saveInterestingAnnouncements.py", line 125, in <module>
    main()
  File "/root/process_mining/announcements/saveInterestingAnnouncements.py", line 92, in main
    data = json.load(announcementsJsonFile)
  File "/usr/lib/python3.8/json/__init__.py", line 293, in load
    return loads(fp.read(),
  File "/usr/lib/python3.8/json/__init__.py", line 357, in loads
    return _default_decoder.decode(s)
  File "/usr/lib/python3.8/json/decoder.py", line 337, in decode
    obj, end = self.raw_decode(s, idx=_w(s, 0).end())
  File "/usr/lib/python3.8/json/decoder.py", line 355, in raw_decode
    raise JSONDecodeError("Expecting value", s, err.value) from None
json.decoder.JSONDecodeError: Expecting value: line 1 column 1 (char 0)
Traceback (most recent call last):
  File "/root/process_mining/announcements/saveInterestingAnnouncements.py", line 125, in <module>
    main()
  File "/root/process_mining/announcements/saveInterestingAnnouncements.py", line 92, in main
    data = json.load(announcementsJsonFile)
  File "/usr/lib/python3.8/json/__init__.py", line 293, in load
    return loads(fp.read(),
  File "/usr/lib/python3.8/json/__init__.py", line 357, in loads
    return _default_decoder.decode(s)
  File "/usr/lib/python3.8/json/decoder.py", line 337, in decode
    obj, end = self.raw_decode(s, idx=_w(s, 0).end())
  File "/usr/lib/python3.8/json/decoder.py", line 355, in raw_decode
    raise JSONDecodeError("Expecting value", s, err.value) from None
json.decoder.JSONDecodeError: Expecting value: line 1 column 1 (char 0)
Traceback (most recent call last):
  File "/root/process_mining/announcements/saveInterestingAnnouncements.py", line 125, in <module>
    main()
  File "/root/process_mining/announcements/saveInterestingAnnouncements.py", line 92, in main
    data = json.load(announcementsJsonFile)
  File "/usr/lib/python3.8/json/__init__.py", line 293, in load
    return loads(fp.read(),
  File "/usr/lib/python3.8/json/__init__.py", line 357, in loads
    return _default_decoder.decode(s)
  File "/usr/lib/python3.8/json/decoder.py", line 337, in decode
    obj, end = self.raw_decode(s, idx=_w(s, 0).end())
  File "/usr/lib/python3.8/json/decoder.py", line 355, in raw_decode
    raise JSONDecodeError("Expecting value", s, err.value) from None
json.decoder.JSONDecodeError: Expecting value: line 1 column 1 (char 0)
--2022-04-26 01:08:14--  https://files.cloudgdansk.pl/d/otwarte-dane/ztm/bsk.json
--2022-04-26 01:08:14--  https://files.cloudgdansk.pl/d/otwarte-dane/ztm/bsk.json
--2022-04-26 01:08:14--  https://files.cloudgdansk.pl/d/otwarte-dane/ztm/bsk.json
Resolving files.cloudgdansk.pl (files.cloudgdansk.pl)... Resolving files.cloudgdansk.pl (files.cloudgdansk.pl)... Resolving files.cloudgdansk.pl (files.cloudgdansk.pl)... 153.19.238.147
Connecting to files.cloudgdansk.pl (files.cloudgdansk.pl)|153.19.238.147|:443... 153.19.238.147
Connecting to files.cloudgdansk.pl (files.cloudgdansk.pl)|153.19.238.147|:443... 153.19.238.147
Connecting to files.cloudgdansk.pl (files.cloudgdansk.pl)|153.19.238.147|:443... connected.
connected.
connected.
HTTP request sent, awaiting response... HTTP request sent, awaiting response... HTTP request sent, awaiting response... 200 OK
Length: 60 [text/plain]
Saving to: ‘/root/process_mining/announcements/data/26_04_2022/ann26.04.2022-01-08-14.json’

     0K                                                       100% 12.8M=0s

2022-04-26 01:08:15 (12.8 MB/s) - ‘/root/process_mining/announcements/data/26_04_2022/ann26.04.2022-01-08-14.json’ saved [60/60]

200 OK
Length: 60 [text/plain]
Saving to: ‘/root/process_mining/announcements/data/26_04_2022/ann26.04.2022-01-08-13.json’

     0K                                                       100% 7.84M=0s

2022-04-26 01:08:15 (7.84 MB/s) - ‘/root/process_mining/announcements/data/26_04_2022/ann26.04.2022-01-08-13.json’ saved [60/60]

200 OK
Length: 60 [text/plain]
Saving to: ‘/root/process_mining/announcements/data/26_04_2022/ann26.04.2022-01-08-14.json’

     0K                                                       100% 12.4M=0s

2022-04-26 01:08:15 (12.4 MB/s) - ‘/root/process_mining/announcements/data/26_04_2022/ann26.04.2022-01-08-14.json’ saved [60/60]

Traceback (most recent call last):
  File "/root/process_mining/announcements/saveInterestingAnnouncements.py", line 125, in <module>
    main()
  File "/root/process_mining/announcements/saveInterestingAnnouncements.py", line 91, in main
    announcementsJsonFile = open(announcementsJsonFilePath,)
FileNotFoundError: [Errno 2] No such file or directory: '/root/process_mining/announcements/data/26_04_2022/ann26.04.2022-01-08-14.json'
/root/process_mining/announcements/download_announcements.sh: line 8: 2703642 Killed                  python3 /root/process_mining/announcements/saveInterestingAnnouncements.py $newFilePath
--2022-04-26 01:49:43--  https://files.cloudgdansk.pl/d/otwarte-dane/ztm/bsk.json
Resolving files.cloudgdansk.pl (files.cloudgdansk.pl)... failed: Temporary failure in name resolution.
wget: unable to resolve host address ‘files.cloudgdansk.pl’
Traceback (most recent call last):
  File "/root/process_mining/announcements/saveInterestingAnnouncements.py", line 125, in <module>
    main()
  File "/root/process_mining/announcements/saveInterestingAnnouncements.py", line 92, in main
    data = json.load(announcementsJsonFile)
  File "/usr/lib/python3.8/json/__init__.py", line 293, in load
    return loads(fp.read(),
  File "/usr/lib/python3.8/json/__init__.py", line 357, in loads
    return _default_decoder.decode(s)
  File "/usr/lib/python3.8/json/decoder.py", line 337, in decode
    obj, end = self.raw_decode(s, idx=_w(s, 0).end())
  File "/usr/lib/python3.8/json/decoder.py", line 355, in raw_decode
    raise JSONDecodeError("Expecting value", s, err.value) from None
json.decoder.JSONDecodeError: Expecting value: line 1 column 1 (char 0)
--2022-04-26 02:08:11--  https://files.cloudgdansk.pl/d/otwarte-dane/ztm/bsk.json
--2022-04-26 02:08:11--  https://files.cloudgdansk.pl/d/otwarte-dane/ztm/bsk.json
Resolving files.cloudgdansk.pl (files.cloudgdansk.pl)... Resolving files.cloudgdansk.pl (files.cloudgdansk.pl)... 153.19.238.147
Connecting to files.cloudgdansk.pl (files.cloudgdansk.pl)|153.19.238.147|:443... connected.
153.19.238.147
Connecting to files.cloudgdansk.pl (files.cloudgdansk.pl)|153.19.238.147|:443... HTTP request sent, awaiting response... connected.
HTTP request sent, awaiting response... 200 OK
Length: 60 [text/plain]
Saving to: ‘/root/process_mining/announcements/data/26_04_2022/ann26.04.2022-02-08-10.json’

     0K                                                       100% 13.0M=0s

2022-04-26 02:08:11 (13.0 MB/s) - ‘/root/process_mining/announcements/data/26_04_2022/ann26.04.2022-02-08-10.json’ saved [60/60]

200 OK
Length: 60 [text/plain]
Saving to: ‘/root/process_mining/announcements/data/26_04_2022/ann26.04.2022-02-08-10.json’

     0K                                                       100% 12.9M=0s

2022-04-26 02:08:11 (12.9 MB/s) - ‘/root/process_mining/announcements/data/26_04_2022/ann26.04.2022-02-08-10.json’ saved [60/60]

--2022-04-26 02:08:12--  https://files.cloudgdansk.pl/d/otwarte-dane/ztm/bsk.json
Resolving files.cloudgdansk.pl (files.cloudgdansk.pl)... 153.19.238.147
Connecting to files.cloudgdansk.pl (files.cloudgdansk.pl)|153.19.238.147|:443... connected.
HTTP request sent, awaiting response... 200 OK
Length: 60 [text/plain]
Saving to: ‘/root/process_mining/announcements/data/26_04_2022/ann26.04.2022-02-08-12.json’

     0K                                                       100% 12.4M=0s

2022-04-26 02:08:13 (12.4 MB/s) - ‘/root/process_mining/announcements/data/26_04_2022/ann26.04.2022-02-08-12.json’ saved [60/60]

Traceback (most recent call last):
  File "/root/process_mining/announcements/saveInterestingAnnouncements.py", line 125, in <module>
    main()
  File "/root/process_mining/announcements/saveInterestingAnnouncements.py", line 91, in main
    announcementsJsonFile = open(announcementsJsonFilePath,)
FileNotFoundError: [Errno 2] No such file or directory: '/root/process_mining/announcements/data/26_04_2022/ann26.04.2022-02-08-10.json'
--2022-04-26 02:29:17--  https://files.cloudgdansk.pl/d/otwarte-dane/ztm/bsk.json
Resolving files.cloudgdansk.pl (files.cloudgdansk.pl)... failed: Temporary failure in name resolution.
wget: unable to resolve host address ‘files.cloudgdansk.pl’
--2022-04-26 02:41:07--  https://files.cloudgdansk.pl/d/otwarte-dane/ztm/bsk.json
Resolving files.cloudgdansk.pl (files.cloudgdansk.pl)... failed: Temporary failure in name resolution.
wget: unable to resolve host address ‘files.cloudgdansk.pl’
Traceback (most recent call last):
  File "/root/process_mining/announcements/saveInterestingAnnouncements.py", line 125, in <module>
    main()
  File "/root/process_mining/announcements/saveInterestingAnnouncements.py", line 92, in main
    data = json.load(announcementsJsonFile)
  File "/usr/lib/python3.8/json/__init__.py", line 293, in load
    return loads(fp.read(),
  File "/usr/lib/python3.8/json/__init__.py", line 357, in loads
    return _default_decoder.decode(s)
  File "/usr/lib/python3.8/json/decoder.py", line 337, in decode
    obj, end = self.raw_decode(s, idx=_w(s, 0).end())
  File "/usr/lib/python3.8/json/decoder.py", line 355, in raw_decode
    raise JSONDecodeError("Expecting value", s, err.value) from None
json.decoder.JSONDecodeError: Expecting value: line 1 column 1 (char 0)
--2022-04-26 02:43:46--  https://files.cloudgdansk.pl/d/otwarte-dane/ztm/bsk.json
Resolving files.cloudgdansk.pl (files.cloudgdansk.pl)... 153.19.238.147
Connecting to files.cloudgdansk.pl (files.cloudgdansk.pl)|153.19.238.147|:443... connected.
HTTP request sent, awaiting response... 200 OK
Length: 60 [text/plain]
Saving to: ‘/root/process_mining/announcements/data/26_04_2022/ann26.04.2022-02-42-57.json’

     0K                                                       100% 4.15K=0.01s

2022-04-26 02:44:51 (4.15 KB/s) - ‘/root/process_mining/announcements/data/26_04_2022/ann26.04.2022-02-42-57.json’ saved [60/60]

Traceback (most recent call last):
  File "/root/process_mining/announcements/saveInterestingAnnouncements.py", line 125, in <module>
    main()
  File "/root/process_mining/announcements/saveInterestingAnnouncements.py", line 92, in main
    data = json.load(announcementsJsonFile)
  File "/usr/lib/python3.8/json/__init__.py", line 293, in load
    return loads(fp.read(),
  File "/usr/lib/python3.8/json/__init__.py", line 357, in loads
    return _default_decoder.decode(s)
  File "/usr/lib/python3.8/json/decoder.py", line 337, in decode
    obj, end = self.raw_decode(s, idx=_w(s, 0).end())
  File "/usr/lib/python3.8/json/decoder.py", line 355, in raw_decode
    raise JSONDecodeError("Expecting value", s, err.value) from None
json.decoder.JSONDecodeError: Expecting value: line 1 column 1 (char 0)
--2022-04-26 02:45:05--  https://files.cloudgdansk.pl/d/otwarte-dane/ztm/bsk.json
Resolving files.cloudgdansk.pl (files.cloudgdansk.pl)... 153.19.238.147
Connecting to files.cloudgdansk.pl (files.cloudgdansk.pl)|153.19.238.147|:443... connected.
HTTP request sent, awaiting response... 200 OK
Length: 60 [text/plain]
Saving to: ‘/root/process_mining/announcements/data/26_04_2022/ann26.04.2022-02-44-17.json’

     0K                                                       100% 4.81M=0s

2022-04-26 02:45:14 (4.81 MB/s) - ‘/root/process_mining/announcements/data/26_04_2022/ann26.04.2022-02-44-17.json’ saved [60/60]

--2022-04-26 02:50:01--  https://files.cloudgdansk.pl/d/otwarte-dane/ztm/bsk.json
Resolving files.cloudgdansk.pl (files.cloudgdansk.pl)... 153.19.238.147
Connecting to files.cloudgdansk.pl (files.cloudgdansk.pl)|153.19.238.147|:443... connected.
HTTP request sent, awaiting response... 200 OK
Length: 60 [text/plain]
Saving to: ‘/root/process_mining/announcements/data/26_04_2022/ann26.04.2022-02-50-01.json’

     0K                                                       100% 11.2M=0s

2022-04-26 02:50:01 (11.2 MB/s) - ‘/root/process_mining/announcements/data/26_04_2022/ann26.04.2022-02-50-01.json’ saved [60/60]

--2022-04-26 03:00:01--  https://files.cloudgdansk.pl/d/otwarte-dane/ztm/bsk.json
Resolving files.cloudgdansk.pl (files.cloudgdansk.pl)... 153.19.238.147
Connecting to files.cloudgdansk.pl (files.cloudgdansk.pl)|153.19.238.147|:443... connected.
HTTP request sent, awaiting response... 200 OK
Length: 60 [text/plain]
Saving to: ‘/root/process_mining/announcements/data/26_04_2022/ann26.04.2022-03-00-01.json’

     0K                                                       100% 12.5M=0s

2022-04-26 03:00:01 (12.5 MB/s) - ‘/root/process_mining/announcements/data/26_04_2022/ann26.04.2022-03-00-01.json’ saved [60/60]

--2022-04-26 03:10:01--  https://files.cloudgdansk.pl/d/otwarte-dane/ztm/bsk.json
Resolving files.cloudgdansk.pl (files.cloudgdansk.pl)... 153.19.238.147
Connecting to files.cloudgdansk.pl (files.cloudgdansk.pl)|153.19.238.147|:443... connected.
HTTP request sent, awaiting response... 200 OK
Length: 60 [text/plain]
Saving to: ‘/root/process_mining/announcements/data/26_04_2022/ann26.04.2022-03-10-01.json’

     0K                                                       100% 11.4M=0s

2022-04-26 03:10:02 (11.4 MB/s) - ‘/root/process_mining/announcements/data/26_04_2022/ann26.04.2022-03-10-01.json’ saved [60/60]

--2022-04-26 03:20:00--  https://files.cloudgdansk.pl/d/otwarte-dane/ztm/bsk.json
Resolving files.cloudgdansk.pl (files.cloudgdansk.pl)... 153.19.238.147
Connecting to files.cloudgdansk.pl (files.cloudgdansk.pl)|153.19.238.147|:443... connected.
HTTP request sent, awaiting response... 200 OK
Length: 60 [text/plain]
Saving to: ‘/root/process_mining/announcements/data/26_04_2022/ann26.04.2022-03-20-00.json’

     0K                                                       100% 11.9M=0s

2022-04-26 03:20:00 (11.9 MB/s) - ‘/root/process_mining/announcements/data/26_04_2022/ann26.04.2022-03-20-00.json’ saved [60/60]

--2022-04-26 03:30:01--  https://files.cloudgdansk.pl/d/otwarte-dane/ztm/bsk.json
Resolving files.cloudgdansk.pl (files.cloudgdansk.pl)... 153.19.238.147
Connecting to files.cloudgdansk.pl (files.cloudgdansk.pl)|153.19.238.147|:443... connected.
HTTP request sent, awaiting response... 200 OK
Length: 60 [text/plain]
Saving to: ‘/root/process_mining/announcements/data/26_04_2022/ann26.04.2022-03-30-01.json’

     0K                                                       100% 12.4M=0s

2022-04-26 03:30:02 (12.4 MB/s) - ‘/root/process_mining/announcements/data/26_04_2022/ann26.04.2022-03-30-01.json’ saved [60/60]

--2022-04-26 03:40:01--  https://files.cloudgdansk.pl/d/otwarte-dane/ztm/bsk.json
Resolving files.cloudgdansk.pl (files.cloudgdansk.pl)... 153.19.238.147
Connecting to files.cloudgdansk.pl (files.cloudgdansk.pl)|153.19.238.147|:443... connected.
HTTP request sent, awaiting response... 200 OK
Length: 60 [text/plain]
Saving to: ‘/root/process_mining/announcements/data/26_04_2022/ann26.04.2022-03-40-01.json’

     0K                                                       100% 11.6M=0s

2022-04-26 03:40:01 (11.6 MB/s) - ‘/root/process_mining/announcements/data/26_04_2022/ann26.04.2022-03-40-01.json’ saved [60/60]

--2022-04-26 03:50:01--  https://files.cloudgdansk.pl/d/otwarte-dane/ztm/bsk.json
Resolving files.cloudgdansk.pl (files.cloudgdansk.pl)... 153.19.238.147
Connecting to files.cloudgdansk.pl (files.cloudgdansk.pl)|153.19.238.147|:443... connected.
HTTP request sent, awaiting response... 200 OK
Length: 60 [text/plain]
Saving to: ‘/root/process_mining/announcements/data/26_04_2022/ann26.04.2022-03-50-01.json’

     0K                                                       100% 12.0M=0s

2022-04-26 03:50:02 (12.0 MB/s) - ‘/root/process_mining/announcements/data/26_04_2022/ann26.04.2022-03-50-01.json’ saved [60/60]

--2022-04-26 04:00:01--  https://files.cloudgdansk.pl/d/otwarte-dane/ztm/bsk.json
Resolving files.cloudgdansk.pl (files.cloudgdansk.pl)... 153.19.238.147
Connecting to files.cloudgdansk.pl (files.cloudgdansk.pl)|153.19.238.147|:443... connected.
HTTP request sent, awaiting response... 200 OK
Length: 60 [text/plain]
Saving to: ‘/root/process_mining/announcements/data/26_04_2022/ann26.04.2022-04-00-01.json’

     0K                                                       100% 12.7M=0s

2022-04-26 04:00:01 (12.7 MB/s) - ‘/root/process_mining/announcements/data/26_04_2022/ann26.04.2022-04-00-01.json’ saved [60/60]

--2022-04-26 04:10:01--  https://files.cloudgdansk.pl/d/otwarte-dane/ztm/bsk.json
Resolving files.cloudgdansk.pl (files.cloudgdansk.pl)... 153.19.238.147
Connecting to files.cloudgdansk.pl (files.cloudgdansk.pl)|153.19.238.147|:443... connected.
HTTP request sent, awaiting response... 200 OK
Length: 60 [text/plain]
Saving to: ‘/root/process_mining/announcements/data/26_04_2022/ann26.04.2022-04-10-01.json’

     0K                                                       100% 12.8M=0s

2022-04-26 04:10:01 (12.8 MB/s) - ‘/root/process_mining/announcements/data/26_04_2022/ann26.04.2022-04-10-01.json’ saved [60/60]

--2022-04-26 04:20:01--  https://files.cloudgdansk.pl/d/otwarte-dane/ztm/bsk.json
Resolving files.cloudgdansk.pl (files.cloudgdansk.pl)... 153.19.238.147
Connecting to files.cloudgdansk.pl (files.cloudgdansk.pl)|153.19.238.147|:443... connected.
HTTP request sent, awaiting response... 200 OK
Length: 60 [text/plain]
Saving to: ‘/root/process_mining/announcements/data/26_04_2022/ann26.04.2022-04-20-01.json’

     0K                                                       100% 12.4M=0s

2022-04-26 04:20:01 (12.4 MB/s) - ‘/root/process_mining/announcements/data/26_04_2022/ann26.04.2022-04-20-01.json’ saved [60/60]

--2022-04-26 04:30:01--  https://files.cloudgdansk.pl/d/otwarte-dane/ztm/bsk.json
Resolving files.cloudgdansk.pl (files.cloudgdansk.pl)... 153.19.238.147
Connecting to files.cloudgdansk.pl (files.cloudgdansk.pl)|153.19.238.147|:443... connected.
HTTP request sent, awaiting response... 200 OK
Length: 60 [text/plain]
Saving to: ‘/root/process_mining/announcements/data/26_04_2022/ann26.04.2022-04-30-01.json’

     0K                                                       100% 13.0M=0s

2022-04-26 04:30:01 (13.0 MB/s) - ‘/root/process_mining/announcements/data/26_04_2022/ann26.04.2022-04-30-01.json’ saved [60/60]

--2022-04-26 04:40:01--  https://files.cloudgdansk.pl/d/otwarte-dane/ztm/bsk.json
Resolving files.cloudgdansk.pl (files.cloudgdansk.pl)... 153.19.238.147
Connecting to files.cloudgdansk.pl (files.cloudgdansk.pl)|153.19.238.147|:443... connected.
HTTP request sent, awaiting response... 200 OK
Length: 60 [text/plain]
Saving to: ‘/root/process_mining/announcements/data/26_04_2022/ann26.04.2022-04-40-01.json’

     0K                                                       100% 11.6M=0s

2022-04-26 04:40:01 (11.6 MB/s) - ‘/root/process_mining/announcements/data/26_04_2022/ann26.04.2022-04-40-01.json’ saved [60/60]

--2022-04-26 04:50:01--  https://files.cloudgdansk.pl/d/otwarte-dane/ztm/bsk.json
Resolving files.cloudgdansk.pl (files.cloudgdansk.pl)... 153.19.238.147
Connecting to files.cloudgdansk.pl (files.cloudgdansk.pl)|153.19.238.147|:443... connected.
HTTP request sent, awaiting response... 200 OK
Length: 60 [text/plain]
Saving to: ‘/root/process_mining/announcements/data/26_04_2022/ann26.04.2022-04-50-01.json’

     0K                                                       100% 12.2M=0s

2022-04-26 04:50:01 (12.2 MB/s) - ‘/root/process_mining/announcements/data/26_04_2022/ann26.04.2022-04-50-01.json’ saved [60/60]

--2022-04-26 05:00:01--  https://files.cloudgdansk.pl/d/otwarte-dane/ztm/bsk.json
Resolving files.cloudgdansk.pl (files.cloudgdansk.pl)... 153.19.238.147
Connecting to files.cloudgdansk.pl (files.cloudgdansk.pl)|153.19.238.147|:443... connected.
HTTP request sent, awaiting response... 200 OK
Length: 60 [text/plain]
Saving to: ‘/root/process_mining/announcements/data/26_04_2022/ann26.04.2022-05-00-01.json’

     0K                                                       100% 11.9M=0s

2022-04-26 05:00:01 (11.9 MB/s) - ‘/root/process_mining/announcements/data/26_04_2022/ann26.04.2022-05-00-01.json’ saved [60/60]

--2022-04-26 05:10:01--  https://files.cloudgdansk.pl/d/otwarte-dane/ztm/bsk.json
Resolving files.cloudgdansk.pl (files.cloudgdansk.pl)... 153.19.238.147
Connecting to files.cloudgdansk.pl (files.cloudgdansk.pl)|153.19.238.147|:443... connected.
HTTP request sent, awaiting response... 200 OK
Length: 60 [text/plain]
Saving to: ‘/root/process_mining/announcements/data/26_04_2022/ann26.04.2022-05-10-01.json’

     0K                                                       100% 10.9M=0s

2022-04-26 05:10:02 (10.9 MB/s) - ‘/root/process_mining/announcements/data/26_04_2022/ann26.04.2022-05-10-01.json’ saved [60/60]

--2022-04-26 05:20:01--  https://files.cloudgdansk.pl/d/otwarte-dane/ztm/bsk.json
Resolving files.cloudgdansk.pl (files.cloudgdansk.pl)... 153.19.238.147
Connecting to files.cloudgdansk.pl (files.cloudgdansk.pl)|153.19.238.147|:443... connected.
HTTP request sent, awaiting response... 200 OK
Length: 60 [text/plain]
Saving to: ‘/root/process_mining/announcements/data/26_04_2022/ann26.04.2022-05-20-01.json’

     0K                                                       100% 12.8M=0s

2022-04-26 05:20:02 (12.8 MB/s) - ‘/root/process_mining/announcements/data/26_04_2022/ann26.04.2022-05-20-01.json’ saved [60/60]

--2022-04-26 05:30:01--  https://files.cloudgdansk.pl/d/otwarte-dane/ztm/bsk.json
Resolving files.cloudgdansk.pl (files.cloudgdansk.pl)... 153.19.238.147
Connecting to files.cloudgdansk.pl (files.cloudgdansk.pl)|153.19.238.147|:443... connected.
HTTP request sent, awaiting response... 200 OK
Length: 60 [text/plain]
Saving to: ‘/root/process_mining/announcements/data/26_04_2022/ann26.04.2022-05-30-01.json’

     0K                                                       100% 11.7M=0s

2022-04-26 05:30:02 (11.7 MB/s) - ‘/root/process_mining/announcements/data/26_04_2022/ann26.04.2022-05-30-01.json’ saved [60/60]

--2022-04-26 05:40:01--  https://files.cloudgdansk.pl/d/otwarte-dane/ztm/bsk.json
Resolving files.cloudgdansk.pl (files.cloudgdansk.pl)... 153.19.238.147
Connecting to files.cloudgdansk.pl (files.cloudgdansk.pl)|153.19.238.147|:443... connected.
HTTP request sent, awaiting response... 200 OK
Length: 60 [text/plain]
Saving to: ‘/root/process_mining/announcements/data/26_04_2022/ann26.04.2022-05-40-01.json’

     0K                                                       100% 11.9M=0s

2022-04-26 05:40:02 (11.9 MB/s) - ‘/root/process_mining/announcements/data/26_04_2022/ann26.04.2022-05-40-01.json’ saved [60/60]

--2022-04-26 05:50:01--  https://files.cloudgdansk.pl/d/otwarte-dane/ztm/bsk.json
Resolving files.cloudgdansk.pl (files.cloudgdansk.pl)... 153.19.238.147
Connecting to files.cloudgdansk.pl (files.cloudgdansk.pl)|153.19.238.147|:443... connected.
HTTP request sent, awaiting response... 200 OK
Length: 60 [text/plain]
Saving to: ‘/root/process_mining/announcements/data/26_04_2022/ann26.04.2022-05-50-01.json’

     0K                                                       100% 12.4M=0s

2022-04-26 05:50:01 (12.4 MB/s) - ‘/root/process_mining/announcements/data/26_04_2022/ann26.04.2022-05-50-01.json’ saved [60/60]

--2022-04-26 06:00:01--  https://files.cloudgdansk.pl/d/otwarte-dane/ztm/bsk.json
Resolving files.cloudgdansk.pl (files.cloudgdansk.pl)... 153.19.238.147
Connecting to files.cloudgdansk.pl (files.cloudgdansk.pl)|153.19.238.147|:443... connected.
HTTP request sent, awaiting response... 200 OK
Length: 60 [text/plain]
Saving to: ‘/root/process_mining/announcements/data/26_04_2022/ann26.04.2022-06-00-01.json’

     0K                                                       100% 10.9M=0s

2022-04-26 06:00:01 (10.9 MB/s) - ‘/root/process_mining/announcements/data/26_04_2022/ann26.04.2022-06-00-01.json’ saved [60/60]

--2022-04-26 06:10:01--  https://files.cloudgdansk.pl/d/otwarte-dane/ztm/bsk.json
Resolving files.cloudgdansk.pl (files.cloudgdansk.pl)... 153.19.238.147
Connecting to files.cloudgdansk.pl (files.cloudgdansk.pl)|153.19.238.147|:443... connected.
HTTP request sent, awaiting response... 200 OK
Length: 60 [text/plain]
Saving to: ‘/root/process_mining/announcements/data/26_04_2022/ann26.04.2022-06-10-01.json’

     0K                                                       100% 10.5M=0s

2022-04-26 06:10:02 (10.5 MB/s) - ‘/root/process_mining/announcements/data/26_04_2022/ann26.04.2022-06-10-01.json’ saved [60/60]

--2022-04-26 06:20:01--  https://files.cloudgdansk.pl/d/otwarte-dane/ztm/bsk.json
Resolving files.cloudgdansk.pl (files.cloudgdansk.pl)... 153.19.238.147
Connecting to files.cloudgdansk.pl (files.cloudgdansk.pl)|153.19.238.147|:443... connected.
HTTP request sent, awaiting response... 200 OK
Length: 60 [text/plain]
Saving to: ‘/root/process_mining/announcements/data/26_04_2022/ann26.04.2022-06-20-01.json’

     0K                                                       100% 11.4M=0s

2022-04-26 06:20:01 (11.4 MB/s) - ‘/root/process_mining/announcements/data/26_04_2022/ann26.04.2022-06-20-01.json’ saved [60/60]

--2022-04-26 06:30:01--  https://files.cloudgdansk.pl/d/otwarte-dane/ztm/bsk.json
Resolving files.cloudgdansk.pl (files.cloudgdansk.pl)... 153.19.238.147
Connecting to files.cloudgdansk.pl (files.cloudgdansk.pl)|153.19.238.147|:443... connected.
HTTP request sent, awaiting response... 200 OK
Length: 60 [text/plain]
Saving to: ‘/root/process_mining/announcements/data/26_04_2022/ann26.04.2022-06-30-01.json’

     0K                                                       100% 12.4M=0s

2022-04-26 06:30:01 (12.4 MB/s) - ‘/root/process_mining/announcements/data/26_04_2022/ann26.04.2022-06-30-01.json’ saved [60/60]

--2022-04-26 06:40:00--  https://files.cloudgdansk.pl/d/otwarte-dane/ztm/bsk.json
Resolving files.cloudgdansk.pl (files.cloudgdansk.pl)... 153.19.238.147
Connecting to files.cloudgdansk.pl (files.cloudgdansk.pl)|153.19.238.147|:443... connected.
HTTP request sent, awaiting response... 200 OK
Length: 60 [text/plain]
Saving to: ‘/root/process_mining/announcements/data/26_04_2022/ann26.04.2022-06-40-00.json’

     0K                                                       100% 12.4M=0s

2022-04-26 06:40:00 (12.4 MB/s) - ‘/root/process_mining/announcements/data/26_04_2022/ann26.04.2022-06-40-00.json’ saved [60/60]

--2022-04-26 06:50:00--  https://files.cloudgdansk.pl/d/otwarte-dane/ztm/bsk.json
Resolving files.cloudgdansk.pl (files.cloudgdansk.pl)... 153.19.238.147
Connecting to files.cloudgdansk.pl (files.cloudgdansk.pl)|153.19.238.147|:443... connected.
HTTP request sent, awaiting response... 200 OK
Length: 60 [text/plain]
Saving to: ‘/root/process_mining/announcements/data/26_04_2022/ann26.04.2022-06-50-00.json’

     0K                                                       100% 12.2M=0s

2022-04-26 06:50:00 (12.2 MB/s) - ‘/root/process_mining/announcements/data/26_04_2022/ann26.04.2022-06-50-00.json’ saved [60/60]

--2022-04-26 07:00:01--  https://files.cloudgdansk.pl/d/otwarte-dane/ztm/bsk.json
Resolving files.cloudgdansk.pl (files.cloudgdansk.pl)... 153.19.238.147
Connecting to files.cloudgdansk.pl (files.cloudgdansk.pl)|153.19.238.147|:443... connected.
HTTP request sent, awaiting response... 200 OK
Length: 60 [text/plain]
Saving to: ‘/root/process_mining/announcements/data/26_04_2022/ann26.04.2022-07-00-01.json’

     0K                                                       100% 12.8M=0s

2022-04-26 07:00:01 (12.8 MB/s) - ‘/root/process_mining/announcements/data/26_04_2022/ann26.04.2022-07-00-01.json’ saved [60/60]

--2022-04-26 07:10:02--  https://files.cloudgdansk.pl/d/otwarte-dane/ztm/bsk.json
Resolving files.cloudgdansk.pl (files.cloudgdansk.pl)... 153.19.238.147
Connecting to files.cloudgdansk.pl (files.cloudgdansk.pl)|153.19.238.147|:443... connected.
HTTP request sent, awaiting response... 200 OK
Length: 60 [text/plain]
Saving to: ‘/root/process_mining/announcements/data/26_04_2022/ann26.04.2022-07-10-02.json’

     0K                                                       100% 12.2M=0s

2022-04-26 07:10:02 (12.2 MB/s) - ‘/root/process_mining/announcements/data/26_04_2022/ann26.04.2022-07-10-02.json’ saved [60/60]

--2022-04-26 07:20:01--  https://files.cloudgdansk.pl/d/otwarte-dane/ztm/bsk.json
Resolving files.cloudgdansk.pl (files.cloudgdansk.pl)... 153.19.238.147
Connecting to files.cloudgdansk.pl (files.cloudgdansk.pl)|153.19.238.147|:443... connected.
HTTP request sent, awaiting response... 200 OK
Length: 60 [text/plain]
Saving to: ‘/root/process_mining/announcements/data/26_04_2022/ann26.04.2022-07-20-01.json’

     0K                                                       100% 11.7M=0s

2022-04-26 07:20:02 (11.7 MB/s) - ‘/root/process_mining/announcements/data/26_04_2022/ann26.04.2022-07-20-01.json’ saved [60/60]

--2022-04-26 07:30:01--  https://files.cloudgdansk.pl/d/otwarte-dane/ztm/bsk.json
Resolving files.cloudgdansk.pl (files.cloudgdansk.pl)... 153.19.238.147
Connecting to files.cloudgdansk.pl (files.cloudgdansk.pl)|153.19.238.147|:443... connected.
HTTP request sent, awaiting response... 200 OK
Length: 60 [text/plain]
Saving to: ‘/root/process_mining/announcements/data/26_04_2022/ann26.04.2022-07-30-01.json’

     0K                                                       100% 12.3M=0s

2022-04-26 07:30:02 (12.3 MB/s) - ‘/root/process_mining/announcements/data/26_04_2022/ann26.04.2022-07-30-01.json’ saved [60/60]

--2022-04-26 07:40:01--  https://files.cloudgdansk.pl/d/otwarte-dane/ztm/bsk.json
Resolving files.cloudgdansk.pl (files.cloudgdansk.pl)... 153.19.238.147
Connecting to files.cloudgdansk.pl (files.cloudgdansk.pl)|153.19.238.147|:443... connected.
HTTP request sent, awaiting response... 200 OK
Length: 60 [text/plain]
Saving to: ‘/root/process_mining/announcements/data/26_04_2022/ann26.04.2022-07-40-01.json’

     0K                                                       100% 12.6M=0s

2022-04-26 07:40:01 (12.6 MB/s) - ‘/root/process_mining/announcements/data/26_04_2022/ann26.04.2022-07-40-01.json’ saved [60/60]

--2022-04-26 07:50:01--  https://files.cloudgdansk.pl/d/otwarte-dane/ztm/bsk.json
Resolving files.cloudgdansk.pl (files.cloudgdansk.pl)... 153.19.238.147
Connecting to files.cloudgdansk.pl (files.cloudgdansk.pl)|153.19.238.147|:443... connected.
HTTP request sent, awaiting response... 200 OK
Length: 60 [text/plain]
Saving to: ‘/root/process_mining/announcements/data/26_04_2022/ann26.04.2022-07-50-01.json’

     0K                                                       100% 12.7M=0s

2022-04-26 07:50:02 (12.7 MB/s) - ‘/root/process_mining/announcements/data/26_04_2022/ann26.04.2022-07-50-01.json’ saved [60/60]

--2022-04-26 08:00:01--  https://files.cloudgdansk.pl/d/otwarte-dane/ztm/bsk.json
Resolving files.cloudgdansk.pl (files.cloudgdansk.pl)... 153.19.238.147
Connecting to files.cloudgdansk.pl (files.cloudgdansk.pl)|153.19.238.147|:443... connected.
HTTP request sent, awaiting response... 200 OK
Length: 60 [text/plain]
Saving to: ‘/root/process_mining/announcements/data/26_04_2022/ann26.04.2022-08-00-01.json’

     0K                                                       100% 11.7M=0s

2022-04-26 08:00:02 (11.7 MB/s) - ‘/root/process_mining/announcements/data/26_04_2022/ann26.04.2022-08-00-01.json’ saved [60/60]

--2022-04-26 08:10:01--  https://files.cloudgdansk.pl/d/otwarte-dane/ztm/bsk.json
Resolving files.cloudgdansk.pl (files.cloudgdansk.pl)... 153.19.238.147
Connecting to files.cloudgdansk.pl (files.cloudgdansk.pl)|153.19.238.147|:443... connected.
HTTP request sent, awaiting response... 200 OK
Length: 60 [text/plain]
Saving to: ‘/root/process_mining/announcements/data/26_04_2022/ann26.04.2022-08-10-01.json’

     0K                                                       100% 12.8M=0s

2022-04-26 08:10:02 (12.8 MB/s) - ‘/root/process_mining/announcements/data/26_04_2022/ann26.04.2022-08-10-01.json’ saved [60/60]

--2022-04-26 08:20:00--  https://files.cloudgdansk.pl/d/otwarte-dane/ztm/bsk.json
Resolving files.cloudgdansk.pl (files.cloudgdansk.pl)... 153.19.238.147
Connecting to files.cloudgdansk.pl (files.cloudgdansk.pl)|153.19.238.147|:443... connected.
HTTP request sent, awaiting response... 200 OK
Length: 60 [text/plain]
Saving to: ‘/root/process_mining/announcements/data/26_04_2022/ann26.04.2022-08-20-00.json’

     0K                                                       100% 12.1M=0s

2022-04-26 08:20:00 (12.1 MB/s) - ‘/root/process_mining/announcements/data/26_04_2022/ann26.04.2022-08-20-00.json’ saved [60/60]

--2022-04-26 08:30:01--  https://files.cloudgdansk.pl/d/otwarte-dane/ztm/bsk.json
Resolving files.cloudgdansk.pl (files.cloudgdansk.pl)... 153.19.238.147
Connecting to files.cloudgdansk.pl (files.cloudgdansk.pl)|153.19.238.147|:443... connected.
HTTP request sent, awaiting response... 200 OK
Length: 60 [text/plain]
Saving to: ‘/root/process_mining/announcements/data/26_04_2022/ann26.04.2022-08-30-01.json’

     0K                                                       100% 12.1M=0s

2022-04-26 08:30:02 (12.1 MB/s) - ‘/root/process_mining/announcements/data/26_04_2022/ann26.04.2022-08-30-01.json’ saved [60/60]

--2022-04-26 08:40:01--  https://files.cloudgdansk.pl/d/otwarte-dane/ztm/bsk.json
Resolving files.cloudgdansk.pl (files.cloudgdansk.pl)... 153.19.238.147
Connecting to files.cloudgdansk.pl (files.cloudgdansk.pl)|153.19.238.147|:443... connected.
HTTP request sent, awaiting response... 200 OK
Length: 60 [text/plain]
Saving to: ‘/root/process_mining/announcements/data/26_04_2022/ann26.04.2022-08-40-01.json’

     0K                                                       100% 12.2M=0s

2022-04-26 08:40:02 (12.2 MB/s) - ‘/root/process_mining/announcements/data/26_04_2022/ann26.04.2022-08-40-01.json’ saved [60/60]

--2022-04-26 08:50:01--  https://files.cloudgdansk.pl/d/otwarte-dane/ztm/bsk.json
Resolving files.cloudgdansk.pl (files.cloudgdansk.pl)... 153.19.238.147
Connecting to files.cloudgdansk.pl (files.cloudgdansk.pl)|153.19.238.147|:443... connected.
HTTP request sent, awaiting response... 200 OK
Length: 60 [text/plain]
Saving to: ‘/root/process_mining/announcements/data/26_04_2022/ann26.04.2022-08-50-01.json’

     0K                                                       100% 11.8M=0s

2022-04-26 08:50:02 (11.8 MB/s) - ‘/root/process_mining/announcements/data/26_04_2022/ann26.04.2022-08-50-01.json’ saved [60/60]

--2022-04-26 09:00:00--  https://files.cloudgdansk.pl/d/otwarte-dane/ztm/bsk.json
Resolving files.cloudgdansk.pl (files.cloudgdansk.pl)... 153.19.238.147
Connecting to files.cloudgdansk.pl (files.cloudgdansk.pl)|153.19.238.147|:443... connected.
HTTP request sent, awaiting response... 200 OK
Length: 60 [text/plain]
Saving to: ‘/root/process_mining/announcements/data/26_04_2022/ann26.04.2022-09-00-00.json’

     0K                                                       100% 11.1M=0s

2022-04-26 09:00:00 (11.1 MB/s) - ‘/root/process_mining/announcements/data/26_04_2022/ann26.04.2022-09-00-00.json’ saved [60/60]

--2022-04-26 09:10:01--  https://files.cloudgdansk.pl/d/otwarte-dane/ztm/bsk.json
Resolving files.cloudgdansk.pl (files.cloudgdansk.pl)... 153.19.238.147
Connecting to files.cloudgdansk.pl (files.cloudgdansk.pl)|153.19.238.147|:443... connected.
HTTP request sent, awaiting response... 200 OK
Length: 60 [text/plain]
Saving to: ‘/root/process_mining/announcements/data/26_04_2022/ann26.04.2022-09-10-01.json’

     0K                                                       100% 12.4M=0s

2022-04-26 09:10:02 (12.4 MB/s) - ‘/root/process_mining/announcements/data/26_04_2022/ann26.04.2022-09-10-01.json’ saved [60/60]

--2022-04-26 09:20:01--  https://files.cloudgdansk.pl/d/otwarte-dane/ztm/bsk.json
Resolving files.cloudgdansk.pl (files.cloudgdansk.pl)... 153.19.238.147
Connecting to files.cloudgdansk.pl (files.cloudgdansk.pl)|153.19.238.147|:443... connected.
HTTP request sent, awaiting response... 200 OK
Length: 60 [text/plain]
Saving to: ‘/root/process_mining/announcements/data/26_04_2022/ann26.04.2022-09-20-01.json’

     0K                                                       100% 12.6M=0s

2022-04-26 09:20:01 (12.6 MB/s) - ‘/root/process_mining/announcements/data/26_04_2022/ann26.04.2022-09-20-01.json’ saved [60/60]

--2022-04-26 09:30:01--  https://files.cloudgdansk.pl/d/otwarte-dane/ztm/bsk.json
Resolving files.cloudgdansk.pl (files.cloudgdansk.pl)... 153.19.238.147
Connecting to files.cloudgdansk.pl (files.cloudgdansk.pl)|153.19.238.147|:443... connected.
HTTP request sent, awaiting response... 200 OK
Length: 60 [text/plain]
Saving to: ‘/root/process_mining/announcements/data/26_04_2022/ann26.04.2022-09-30-01.json’

     0K                                                       100% 9.79M=0s

2022-04-26 09:30:02 (9.79 MB/s) - ‘/root/process_mining/announcements/data/26_04_2022/ann26.04.2022-09-30-01.json’ saved [60/60]

--2022-04-26 09:40:01--  https://files.cloudgdansk.pl/d/otwarte-dane/ztm/bsk.json
Resolving files.cloudgdansk.pl (files.cloudgdansk.pl)... 153.19.238.147
Connecting to files.cloudgdansk.pl (files.cloudgdansk.pl)|153.19.238.147|:443... connected.
HTTP request sent, awaiting response... 200 OK
Length: 60 [text/plain]
Saving to: ‘/root/process_mining/announcements/data/26_04_2022/ann26.04.2022-09-40-01.json’

     0K                                                       100% 11.5M=0s

2022-04-26 09:40:02 (11.5 MB/s) - ‘/root/process_mining/announcements/data/26_04_2022/ann26.04.2022-09-40-01.json’ saved [60/60]

--2022-04-26 09:50:01--  https://files.cloudgdansk.pl/d/otwarte-dane/ztm/bsk.json
Resolving files.cloudgdansk.pl (files.cloudgdansk.pl)... 153.19.238.147
Connecting to files.cloudgdansk.pl (files.cloudgdansk.pl)|153.19.238.147|:443... connected.
HTTP request sent, awaiting response... 200 OK
Length: 60 [text/plain]
Saving to: ‘/root/process_mining/announcements/data/26_04_2022/ann26.04.2022-09-50-01.json’

     0K                                                       100% 11.4M=0s

2022-04-26 09:50:02 (11.4 MB/s) - ‘/root/process_mining/announcements/data/26_04_2022/ann26.04.2022-09-50-01.json’ saved [60/60]

--2022-04-26 10:00:01--  https://files.cloudgdansk.pl/d/otwarte-dane/ztm/bsk.json
Resolving files.cloudgdansk.pl (files.cloudgdansk.pl)... 153.19.238.147
Connecting to files.cloudgdansk.pl (files.cloudgdansk.pl)|153.19.238.147|:443... connected.
HTTP request sent, awaiting response... 200 OK
Length: 60 [text/plain]
Saving to: ‘/root/process_mining/announcements/data/26_04_2022/ann26.04.2022-10-00-01.json’

     0K                                                       100% 10.4M=0s

2022-04-26 10:00:01 (10.4 MB/s) - ‘/root/process_mining/announcements/data/26_04_2022/ann26.04.2022-10-00-01.json’ saved [60/60]

--2022-04-26 10:10:01--  https://files.cloudgdansk.pl/d/otwarte-dane/ztm/bsk.json
Resolving files.cloudgdansk.pl (files.cloudgdansk.pl)... 153.19.238.147
Connecting to files.cloudgdansk.pl (files.cloudgdansk.pl)|153.19.238.147|:443... connected.
HTTP request sent, awaiting response... 200 OK
Length: 60 [text/plain]
Saving to: ‘/root/process_mining/announcements/data/26_04_2022/ann26.04.2022-10-10-01.json’

     0K                                                       100% 12.2M=0s

2022-04-26 10:10:02 (12.2 MB/s) - ‘/root/process_mining/announcements/data/26_04_2022/ann26.04.2022-10-10-01.json’ saved [60/60]

--2022-04-26 10:20:00--  https://files.cloudgdansk.pl/d/otwarte-dane/ztm/bsk.json
Resolving files.cloudgdansk.pl (files.cloudgdansk.pl)... 153.19.238.147
Connecting to files.cloudgdansk.pl (files.cloudgdansk.pl)|153.19.238.147|:443... connected.
HTTP request sent, awaiting response... 200 OK
Length: 60 [text/plain]
Saving to: ‘/root/process_mining/announcements/data/26_04_2022/ann26.04.2022-10-20-00.json’

     0K                                                       100% 12.5M=0s

2022-04-26 10:20:00 (12.5 MB/s) - ‘/root/process_mining/announcements/data/26_04_2022/ann26.04.2022-10-20-00.json’ saved [60/60]

--2022-04-26 10:30:00--  https://files.cloudgdansk.pl/d/otwarte-dane/ztm/bsk.json
Resolving files.cloudgdansk.pl (files.cloudgdansk.pl)... 153.19.238.147
Connecting to files.cloudgdansk.pl (files.cloudgdansk.pl)|153.19.238.147|:443... connected.
HTTP request sent, awaiting response... 200 OK
Length: 60 [text/plain]
Saving to: ‘/root/process_mining/announcements/data/26_04_2022/ann26.04.2022-10-30-00.json’

     0K                                                       100% 12.6M=0s

2022-04-26 10:30:00 (12.6 MB/s) - ‘/root/process_mining/announcements/data/26_04_2022/ann26.04.2022-10-30-00.json’ saved [60/60]

--2022-04-26 10:40:01--  https://files.cloudgdansk.pl/d/otwarte-dane/ztm/bsk.json
Resolving files.cloudgdansk.pl (files.cloudgdansk.pl)... 153.19.238.147
Connecting to files.cloudgdansk.pl (files.cloudgdansk.pl)|153.19.238.147|:443... connected.
HTTP request sent, awaiting response... 200 OK
Length: 60 [text/plain]
Saving to: ‘/root/process_mining/announcements/data/26_04_2022/ann26.04.2022-10-40-01.json’

     0K                                                       100% 12.0M=0s

2022-04-26 10:40:02 (12.0 MB/s) - ‘/root/process_mining/announcements/data/26_04_2022/ann26.04.2022-10-40-01.json’ saved [60/60]

--2022-04-26 10:50:01--  https://files.cloudgdansk.pl/d/otwarte-dane/ztm/bsk.json
Resolving files.cloudgdansk.pl (files.cloudgdansk.pl)... 153.19.238.147
Connecting to files.cloudgdansk.pl (files.cloudgdansk.pl)|153.19.238.147|:443... connected.
HTTP request sent, awaiting response... 200 OK
Length: 60 [text/plain]
Saving to: ‘/root/process_mining/announcements/data/26_04_2022/ann26.04.2022-10-50-01.json’

     0K                                                       100% 12.9M=0s

2022-04-26 10:50:02 (12.9 MB/s) - ‘/root/process_mining/announcements/data/26_04_2022/ann26.04.2022-10-50-01.json’ saved [60/60]

--2022-04-26 11:00:00--  https://files.cloudgdansk.pl/d/otwarte-dane/ztm/bsk.json
Resolving files.cloudgdansk.pl (files.cloudgdansk.pl)... 153.19.238.147
Connecting to files.cloudgdansk.pl (files.cloudgdansk.pl)|153.19.238.147|:443... connected.
HTTP request sent, awaiting response... 200 OK
Length: 60 [text/plain]
Saving to: ‘/root/process_mining/announcements/data/26_04_2022/ann26.04.2022-11-00-00.json’

     0K                                                       100% 12.4M=0s

2022-04-26 11:00:00 (12.4 MB/s) - ‘/root/process_mining/announcements/data/26_04_2022/ann26.04.2022-11-00-00.json’ saved [60/60]

--2022-04-26 11:10:00--  https://files.cloudgdansk.pl/d/otwarte-dane/ztm/bsk.json
Resolving files.cloudgdansk.pl (files.cloudgdansk.pl)... 153.19.238.147
Connecting to files.cloudgdansk.pl (files.cloudgdansk.pl)|153.19.238.147|:443... connected.
HTTP request sent, awaiting response... 200 OK
Length: 60 [text/plain]
Saving to: ‘/root/process_mining/announcements/data/26_04_2022/ann26.04.2022-11-10-00.json’

     0K                                                       100% 11.6M=0s

2022-04-26 11:10:00 (11.6 MB/s) - ‘/root/process_mining/announcements/data/26_04_2022/ann26.04.2022-11-10-00.json’ saved [60/60]

--2022-04-26 11:20:01--  https://files.cloudgdansk.pl/d/otwarte-dane/ztm/bsk.json
Resolving files.cloudgdansk.pl (files.cloudgdansk.pl)... 153.19.238.147
Connecting to files.cloudgdansk.pl (files.cloudgdansk.pl)|153.19.238.147|:443... connected.
HTTP request sent, awaiting response... 200 OK
Length: 1623 (1.6K) [application/json]
Saving to: ‘/root/process_mining/announcements/data/26_04_2022/ann26.04.2022-11-20-01.json’

     0K .                                                     100%  310M=0s

2022-04-26 11:20:01 (310 MB/s) - ‘/root/process_mining/announcements/data/26_04_2022/ann26.04.2022-11-20-01.json’ saved [1623/1623]

--2022-04-26 11:30:01--  https://files.cloudgdansk.pl/d/otwarte-dane/ztm/bsk.json
Resolving files.cloudgdansk.pl (files.cloudgdansk.pl)... 153.19.238.147
Connecting to files.cloudgdansk.pl (files.cloudgdansk.pl)|153.19.238.147|:443... connected.
HTTP request sent, awaiting response... 200 OK
Length: 1623 (1.6K) [application/json]
Saving to: ‘/root/process_mining/announcements/data/26_04_2022/ann26.04.2022-11-30-01.json’

     0K .                                                     100%  298M=0s

2022-04-26 11:30:02 (298 MB/s) - ‘/root/process_mining/announcements/data/26_04_2022/ann26.04.2022-11-30-01.json’ saved [1623/1623]

--2022-04-26 11:40:00--  https://files.cloudgdansk.pl/d/otwarte-dane/ztm/bsk.json
Resolving files.cloudgdansk.pl (files.cloudgdansk.pl)... 153.19.238.147
Connecting to files.cloudgdansk.pl (files.cloudgdansk.pl)|153.19.238.147|:443... connected.
HTTP request sent, awaiting response... 200 OK
Length: 1623 (1.6K) [application/json]
Saving to: ‘/root/process_mining/announcements/data/26_04_2022/ann26.04.2022-11-40-00.json’

     0K .                                                     100%  258M=0s

2022-04-26 11:40:00 (258 MB/s) - ‘/root/process_mining/announcements/data/26_04_2022/ann26.04.2022-11-40-00.json’ saved [1623/1623]

--2022-04-26 11:50:00--  https://files.cloudgdansk.pl/d/otwarte-dane/ztm/bsk.json
Resolving files.cloudgdansk.pl (files.cloudgdansk.pl)... 153.19.238.147
Connecting to files.cloudgdansk.pl (files.cloudgdansk.pl)|153.19.238.147|:443... connected.
HTTP request sent, awaiting response... 200 OK
Length: 1623 (1.6K) [application/json]
Saving to: ‘/root/process_mining/announcements/data/26_04_2022/ann26.04.2022-11-50-00.json’

     0K .                                                     100%  313M=0s

2022-04-26 11:50:00 (313 MB/s) - ‘/root/process_mining/announcements/data/26_04_2022/ann26.04.2022-11-50-00.json’ saved [1623/1623]

--2022-04-26 12:00:00--  https://files.cloudgdansk.pl/d/otwarte-dane/ztm/bsk.json
Resolving files.cloudgdansk.pl (files.cloudgdansk.pl)... 153.19.238.147
Connecting to files.cloudgdansk.pl (files.cloudgdansk.pl)|153.19.238.147|:443... connected.
HTTP request sent, awaiting response... 200 OK
Length: 1623 (1.6K) [application/json]
Saving to: ‘/root/process_mining/announcements/data/26_04_2022/ann26.04.2022-12-00-00.json’

     0K .                                                     100%  302M=0s

2022-04-26 12:00:00 (302 MB/s) - ‘/root/process_mining/announcements/data/26_04_2022/ann26.04.2022-12-00-00.json’ saved [1623/1623]

--2022-04-26 12:10:01--  https://files.cloudgdansk.pl/d/otwarte-dane/ztm/bsk.json
Resolving files.cloudgdansk.pl (files.cloudgdansk.pl)... 153.19.238.147
Connecting to files.cloudgdansk.pl (files.cloudgdansk.pl)|153.19.238.147|:443... connected.
HTTP request sent, awaiting response... 200 OK
Length: 1623 (1.6K) [application/json]
Saving to: ‘/root/process_mining/announcements/data/26_04_2022/ann26.04.2022-12-10-01.json’

     0K .                                                     100%  305M=0s

2022-04-26 12:10:02 (305 MB/s) - ‘/root/process_mining/announcements/data/26_04_2022/ann26.04.2022-12-10-01.json’ saved [1623/1623]

--2022-04-26 12:20:01--  https://files.cloudgdansk.pl/d/otwarte-dane/ztm/bsk.json
Resolving files.cloudgdansk.pl (files.cloudgdansk.pl)... 153.19.238.147
Connecting to files.cloudgdansk.pl (files.cloudgdansk.pl)|153.19.238.147|:443... connected.
HTTP request sent, awaiting response... 200 OK
Length: 1623 (1.6K) [application/json]
Saving to: ‘/root/process_mining/announcements/data/26_04_2022/ann26.04.2022-12-20-01.json’

     0K .                                                     100%  299M=0s

2022-04-26 12:20:01 (299 MB/s) - ‘/root/process_mining/announcements/data/26_04_2022/ann26.04.2022-12-20-01.json’ saved [1623/1623]

--2022-04-26 12:30:01--  https://files.cloudgdansk.pl/d/otwarte-dane/ztm/bsk.json
Resolving files.cloudgdansk.pl (files.cloudgdansk.pl)... 153.19.238.147
Connecting to files.cloudgdansk.pl (files.cloudgdansk.pl)|153.19.238.147|:443... connected.
HTTP request sent, awaiting response... 200 OK
Length: 1623 (1.6K) [application/json]
Saving to: ‘/root/process_mining/announcements/data/26_04_2022/ann26.04.2022-12-30-01.json’

     0K .                                                     100%  300M=0s

2022-04-26 12:30:02 (300 MB/s) - ‘/root/process_mining/announcements/data/26_04_2022/ann26.04.2022-12-30-01.json’ saved [1623/1623]

--2022-04-26 12:40:00--  https://files.cloudgdansk.pl/d/otwarte-dane/ztm/bsk.json
Resolving files.cloudgdansk.pl (files.cloudgdansk.pl)... 153.19.238.147
Connecting to files.cloudgdansk.pl (files.cloudgdansk.pl)|153.19.238.147|:443... connected.
HTTP request sent, awaiting response... 200 OK
Length: 1623 (1.6K) [application/json]
Saving to: ‘/root/process_mining/announcements/data/26_04_2022/ann26.04.2022-12-40-00.json’

     0K .                                                     100%  299M=0s

2022-04-26 12:40:01 (299 MB/s) - ‘/root/process_mining/announcements/data/26_04_2022/ann26.04.2022-12-40-00.json’ saved [1623/1623]

--2022-04-26 12:50:01--  https://files.cloudgdansk.pl/d/otwarte-dane/ztm/bsk.json
Resolving files.cloudgdansk.pl (files.cloudgdansk.pl)... 153.19.238.147
Connecting to files.cloudgdansk.pl (files.cloudgdansk.pl)|153.19.238.147|:443... connected.
HTTP request sent, awaiting response... 200 OK
Length: 1623 (1.6K) [application/json]
Saving to: ‘/root/process_mining/announcements/data/26_04_2022/ann26.04.2022-12-50-01.json’

     0K .                                                     100%  313M=0s

2022-04-26 12:50:02 (313 MB/s) - ‘/root/process_mining/announcements/data/26_04_2022/ann26.04.2022-12-50-01.json’ saved [1623/1623]

--2022-04-26 13:00:00--  https://files.cloudgdansk.pl/d/otwarte-dane/ztm/bsk.json
Resolving files.cloudgdansk.pl (files.cloudgdansk.pl)... 153.19.238.147
Connecting to files.cloudgdansk.pl (files.cloudgdansk.pl)|153.19.238.147|:443... connected.
HTTP request sent, awaiting response... 200 OK
Length: 1623 (1.6K) [application/json]
Saving to: ‘/root/process_mining/announcements/data/26_04_2022/ann26.04.2022-13-00-00.json’

     0K .                                                     100%  290M=0s

2022-04-26 13:00:00 (290 MB/s) - ‘/root/process_mining/announcements/data/26_04_2022/ann26.04.2022-13-00-00.json’ saved [1623/1623]

--2022-04-26 13:10:00--  https://files.cloudgdansk.pl/d/otwarte-dane/ztm/bsk.json
Resolving files.cloudgdansk.pl (files.cloudgdansk.pl)... 153.19.238.147
Connecting to files.cloudgdansk.pl (files.cloudgdansk.pl)|153.19.238.147|:443... connected.
HTTP request sent, awaiting response... 200 OK
Length: 1623 (1.6K) [application/json]
Saving to: ‘/root/process_mining/announcements/data/26_04_2022/ann26.04.2022-13-10-00.json’

     0K .                                                     100%  288M=0s

2022-04-26 13:10:00 (288 MB/s) - ‘/root/process_mining/announcements/data/26_04_2022/ann26.04.2022-13-10-00.json’ saved [1623/1623]

--2022-04-26 13:20:00--  https://files.cloudgdansk.pl/d/otwarte-dane/ztm/bsk.json
Resolving files.cloudgdansk.pl (files.cloudgdansk.pl)... 153.19.238.147
Connecting to files.cloudgdansk.pl (files.cloudgdansk.pl)|153.19.238.147|:443... connected.
HTTP request sent, awaiting response... 200 OK
Length: 1623 (1.6K) [application/json]
Saving to: ‘/root/process_mining/announcements/data/26_04_2022/ann26.04.2022-13-20-00.json’

     0K .                                                     100%  285M=0s

2022-04-26 13:20:00 (285 MB/s) - ‘/root/process_mining/announcements/data/26_04_2022/ann26.04.2022-13-20-00.json’ saved [1623/1623]

--2022-04-26 13:30:01--  https://files.cloudgdansk.pl/d/otwarte-dane/ztm/bsk.json
Resolving files.cloudgdansk.pl (files.cloudgdansk.pl)... 153.19.238.147
Connecting to files.cloudgdansk.pl (files.cloudgdansk.pl)|153.19.238.147|:443... connected.
HTTP request sent, awaiting response... 200 OK
Length: 1623 (1.6K) [application/json]
Saving to: ‘/root/process_mining/announcements/data/26_04_2022/ann26.04.2022-13-30-01.json’

     0K .                                                     100%  306M=0s

2022-04-26 13:30:02 (306 MB/s) - ‘/root/process_mining/announcements/data/26_04_2022/ann26.04.2022-13-30-01.json’ saved [1623/1623]

--2022-04-26 13:40:01--  https://files.cloudgdansk.pl/d/otwarte-dane/ztm/bsk.json
Resolving files.cloudgdansk.pl (files.cloudgdansk.pl)... 153.19.238.147
Connecting to files.cloudgdansk.pl (files.cloudgdansk.pl)|153.19.238.147|:443... connected.
HTTP request sent, awaiting response... 200 OK
Length: 1623 (1.6K) [application/json]
Saving to: ‘/root/process_mining/announcements/data/26_04_2022/ann26.04.2022-13-40-01.json’

     0K .                                                     100%  251M=0s

2022-04-26 13:40:02 (251 MB/s) - ‘/root/process_mining/announcements/data/26_04_2022/ann26.04.2022-13-40-01.json’ saved [1623/1623]

--2022-04-26 13:50:01--  https://files.cloudgdansk.pl/d/otwarte-dane/ztm/bsk.json
Resolving files.cloudgdansk.pl (files.cloudgdansk.pl)... 153.19.238.147
Connecting to files.cloudgdansk.pl (files.cloudgdansk.pl)|153.19.238.147|:443... connected.
HTTP request sent, awaiting response... 200 OK
Length: 1623 (1.6K) [application/json]
Saving to: ‘/root/process_mining/announcements/data/26_04_2022/ann26.04.2022-13-50-01.json’

     0K .                                                     100%  317M=0s

2022-04-26 13:50:02 (317 MB/s) - ‘/root/process_mining/announcements/data/26_04_2022/ann26.04.2022-13-50-01.json’ saved [1623/1623]

--2022-04-26 14:00:01--  https://files.cloudgdansk.pl/d/otwarte-dane/ztm/bsk.json
Resolving files.cloudgdansk.pl (files.cloudgdansk.pl)... 153.19.238.147
Connecting to files.cloudgdansk.pl (files.cloudgdansk.pl)|153.19.238.147|:443... connected.
HTTP request sent, awaiting response... 200 OK
Length: 1623 (1.6K) [application/json]
Saving to: ‘/root/process_mining/announcements/data/26_04_2022/ann26.04.2022-14-00-01.json’

     0K .                                                     100%  273M=0s

2022-04-26 14:00:02 (273 MB/s) - ‘/root/process_mining/announcements/data/26_04_2022/ann26.04.2022-14-00-01.json’ saved [1623/1623]

--2022-04-26 14:10:01--  https://files.cloudgdansk.pl/d/otwarte-dane/ztm/bsk.json
Resolving files.cloudgdansk.pl (files.cloudgdansk.pl)... 153.19.238.147
Connecting to files.cloudgdansk.pl (files.cloudgdansk.pl)|153.19.238.147|:443... connected.
HTTP request sent, awaiting response... 200 OK
Length: 1945 (1.9K) [application/json]
Saving to: ‘/root/process_mining/announcements/data/26_04_2022/ann26.04.2022-14-10-01.json’

     0K .                                                     100%  336M=0s

2022-04-26 14:10:02 (336 MB/s) - ‘/root/process_mining/announcements/data/26_04_2022/ann26.04.2022-14-10-01.json’ saved [1945/1945]

--2022-04-26 14:20:01--  https://files.cloudgdansk.pl/d/otwarte-dane/ztm/bsk.json
Resolving files.cloudgdansk.pl (files.cloudgdansk.pl)... 153.19.238.147
Connecting to files.cloudgdansk.pl (files.cloudgdansk.pl)|153.19.238.147|:443... connected.
HTTP request sent, awaiting response... 200 OK
Length: 1929 (1.9K) [application/json]
Saving to: ‘/root/process_mining/announcements/data/26_04_2022/ann26.04.2022-14-20-01.json’

     0K .                                                     100%  340M=0s

2022-04-26 14:20:02 (340 MB/s) - ‘/root/process_mining/announcements/data/26_04_2022/ann26.04.2022-14-20-01.json’ saved [1929/1929]

--2022-04-26 14:30:01--  https://files.cloudgdansk.pl/d/otwarte-dane/ztm/bsk.json
Resolving files.cloudgdansk.pl (files.cloudgdansk.pl)... 153.19.238.147
Connecting to files.cloudgdansk.pl (files.cloudgdansk.pl)|153.19.238.147|:443... connected.
HTTP request sent, awaiting response... 200 OK
Length: 1929 (1.9K) [application/json]
Saving to: ‘/root/process_mining/announcements/data/26_04_2022/ann26.04.2022-14-30-01.json’

     0K .                                                     100%  287M=0s

2022-04-26 14:30:01 (287 MB/s) - ‘/root/process_mining/announcements/data/26_04_2022/ann26.04.2022-14-30-01.json’ saved [1929/1929]

--2022-04-26 14:40:02--  https://files.cloudgdansk.pl/d/otwarte-dane/ztm/bsk.json
Resolving files.cloudgdansk.pl (files.cloudgdansk.pl)... 153.19.238.147
Connecting to files.cloudgdansk.pl (files.cloudgdansk.pl)|153.19.238.147|:443... connected.
HTTP request sent, awaiting response... 200 OK
Length: 1929 (1.9K) [application/json]
Saving to: ‘/root/process_mining/announcements/data/26_04_2022/ann26.04.2022-14-40-02.json’

     0K .                                                     100%  350M=0s

2022-04-26 14:40:02 (350 MB/s) - ‘/root/process_mining/announcements/data/26_04_2022/ann26.04.2022-14-40-02.json’ saved [1929/1929]

--2022-04-26 14:50:00--  https://files.cloudgdansk.pl/d/otwarte-dane/ztm/bsk.json
Resolving files.cloudgdansk.pl (files.cloudgdansk.pl)... 153.19.238.147
Connecting to files.cloudgdansk.pl (files.cloudgdansk.pl)|153.19.238.147|:443... connected.
HTTP request sent, awaiting response... 200 OK
Length: 1929 (1.9K) [application/json]
Saving to: ‘/root/process_mining/announcements/data/26_04_2022/ann26.04.2022-14-50-00.json’

     0K .                                                     100%  332M=0s

2022-04-26 14:50:00 (332 MB/s) - ‘/root/process_mining/announcements/data/26_04_2022/ann26.04.2022-14-50-00.json’ saved [1929/1929]

--2022-04-26 15:00:00--  https://files.cloudgdansk.pl/d/otwarte-dane/ztm/bsk.json
Resolving files.cloudgdansk.pl (files.cloudgdansk.pl)... 153.19.238.147
Connecting to files.cloudgdansk.pl (files.cloudgdansk.pl)|153.19.238.147|:443... connected.
HTTP request sent, awaiting response... 200 OK
Length: 1929 (1.9K) [application/json]
Saving to: ‘/root/process_mining/announcements/data/26_04_2022/ann26.04.2022-15-00-00.json’

     0K .                                                     100%  354M=0s

2022-04-26 15:00:00 (354 MB/s) - ‘/root/process_mining/announcements/data/26_04_2022/ann26.04.2022-15-00-00.json’ saved [1929/1929]

--2022-04-26 15:10:01--  https://files.cloudgdansk.pl/d/otwarte-dane/ztm/bsk.json
Resolving files.cloudgdansk.pl (files.cloudgdansk.pl)... 153.19.238.147
Connecting to files.cloudgdansk.pl (files.cloudgdansk.pl)|153.19.238.147|:443... connected.
HTTP request sent, awaiting response... 200 OK
Length: 1929 (1.9K) [application/json]
Saving to: ‘/root/process_mining/announcements/data/26_04_2022/ann26.04.2022-15-10-01.json’

     0K .                                                     100%  367M=0s

2022-04-26 15:10:01 (367 MB/s) - ‘/root/process_mining/announcements/data/26_04_2022/ann26.04.2022-15-10-01.json’ saved [1929/1929]

--2022-04-26 15:20:01--  https://files.cloudgdansk.pl/d/otwarte-dane/ztm/bsk.json
Resolving files.cloudgdansk.pl (files.cloudgdansk.pl)... 153.19.238.147
Connecting to files.cloudgdansk.pl (files.cloudgdansk.pl)|153.19.238.147|:443... connected.
HTTP request sent, awaiting response... 200 OK
Length: 2591 (2.5K) [application/json]
Saving to: ‘/root/process_mining/announcements/data/26_04_2022/ann26.04.2022-15-20-01.json’

     0K ..                                                    100%  472M=0s

2022-04-26 15:20:02 (472 MB/s) - ‘/root/process_mining/announcements/data/26_04_2022/ann26.04.2022-15-20-01.json’ saved [2591/2591]

--2022-04-26 15:30:01--  https://files.cloudgdansk.pl/d/otwarte-dane/ztm/bsk.json
Resolving files.cloudgdansk.pl (files.cloudgdansk.pl)... 153.19.238.147
Connecting to files.cloudgdansk.pl (files.cloudgdansk.pl)|153.19.238.147|:443... connected.
HTTP request sent, awaiting response... 200 OK
Length: 2886 (2.8K) [application/json]
Saving to: ‘/root/process_mining/announcements/data/26_04_2022/ann26.04.2022-15-30-01.json’

     0K ..                                                    100%  530M=0s

2022-04-26 15:30:02 (530 MB/s) - ‘/root/process_mining/announcements/data/26_04_2022/ann26.04.2022-15-30-01.json’ saved [2886/2886]

--2022-04-26 15:40:01--  https://files.cloudgdansk.pl/d/otwarte-dane/ztm/bsk.json
Resolving files.cloudgdansk.pl (files.cloudgdansk.pl)... 153.19.238.147
Connecting to files.cloudgdansk.pl (files.cloudgdansk.pl)|153.19.238.147|:443... connected.
HTTP request sent, awaiting response... 200 OK
Length: 2886 (2.8K) [application/json]
Saving to: ‘/root/process_mining/announcements/data/26_04_2022/ann26.04.2022-15-40-01.json’

     0K ..                                                    100%  402M=0s

2022-04-26 15:40:02 (402 MB/s) - ‘/root/process_mining/announcements/data/26_04_2022/ann26.04.2022-15-40-01.json’ saved [2886/2886]

--2022-04-26 15:50:01--  https://files.cloudgdansk.pl/d/otwarte-dane/ztm/bsk.json
Resolving files.cloudgdansk.pl (files.cloudgdansk.pl)... 153.19.238.147
Connecting to files.cloudgdansk.pl (files.cloudgdansk.pl)|153.19.238.147|:443... connected.
HTTP request sent, awaiting response... 200 OK
Length: 2886 (2.8K) [application/json]
Saving to: ‘/root/process_mining/announcements/data/26_04_2022/ann26.04.2022-15-50-01.json’

     0K ..                                                    100%  536M=0s

2022-04-26 15:50:05 (536 MB/s) - ‘/root/process_mining/announcements/data/26_04_2022/ann26.04.2022-15-50-01.json’ saved [2886/2886]

--2022-04-26 16:00:01--  https://files.cloudgdansk.pl/d/otwarte-dane/ztm/bsk.json
Resolving files.cloudgdansk.pl (files.cloudgdansk.pl)... 153.19.238.147
Connecting to files.cloudgdansk.pl (files.cloudgdansk.pl)|153.19.238.147|:443... connected.
HTTP request sent, awaiting response... 200 OK
Length: 2886 (2.8K) [application/json]
Saving to: ‘/root/process_mining/announcements/data/26_04_2022/ann26.04.2022-16-00-01.json’

     0K ..                                                    100%  450M=0s

2022-04-26 16:00:02 (450 MB/s) - ‘/root/process_mining/announcements/data/26_04_2022/ann26.04.2022-16-00-01.json’ saved [2886/2886]

--2022-04-26 16:10:01--  https://files.cloudgdansk.pl/d/otwarte-dane/ztm/bsk.json
Resolving files.cloudgdansk.pl (files.cloudgdansk.pl)... 153.19.238.147
Connecting to files.cloudgdansk.pl (files.cloudgdansk.pl)|153.19.238.147|:443... connected.
HTTP request sent, awaiting response... 200 OK
Length: 2886 (2.8K) [application/json]
Saving to: ‘/root/process_mining/announcements/data/26_04_2022/ann26.04.2022-16-10-01.json’

     0K ..                                                    100%  489M=0s

2022-04-26 16:10:02 (489 MB/s) - ‘/root/process_mining/announcements/data/26_04_2022/ann26.04.2022-16-10-01.json’ saved [2886/2886]

--2022-04-26 16:20:01--  https://files.cloudgdansk.pl/d/otwarte-dane/ztm/bsk.json
Resolving files.cloudgdansk.pl (files.cloudgdansk.pl)... 153.19.238.147
Connecting to files.cloudgdansk.pl (files.cloudgdansk.pl)|153.19.238.147|:443... connected.
HTTP request sent, awaiting response... 200 OK
Length: 1929 (1.9K) [application/json]
Saving to: ‘/root/process_mining/announcements/data/26_04_2022/ann26.04.2022-16-20-01.json’

     0K .                                                     100%  372M=0s

2022-04-26 16:20:02 (372 MB/s) - ‘/root/process_mining/announcements/data/26_04_2022/ann26.04.2022-16-20-01.json’ saved [1929/1929]

--2022-04-26 16:30:01--  https://files.cloudgdansk.pl/d/otwarte-dane/ztm/bsk.json
Resolving files.cloudgdansk.pl (files.cloudgdansk.pl)... 153.19.238.147
Connecting to files.cloudgdansk.pl (files.cloudgdansk.pl)|153.19.238.147|:443... connected.
HTTP request sent, awaiting response... 200 OK
Length: 1929 (1.9K) [application/json]
Saving to: ‘/root/process_mining/announcements/data/26_04_2022/ann26.04.2022-16-30-01.json’

     0K .                                                     100%  365M=0s

2022-04-26 16:30:02 (365 MB/s) - ‘/root/process_mining/announcements/data/26_04_2022/ann26.04.2022-16-30-01.json’ saved [1929/1929]

--2022-04-26 16:40:01--  https://files.cloudgdansk.pl/d/otwarte-dane/ztm/bsk.json
Resolving files.cloudgdansk.pl (files.cloudgdansk.pl)... 153.19.238.147
Connecting to files.cloudgdansk.pl (files.cloudgdansk.pl)|153.19.238.147|:443... connected.
HTTP request sent, awaiting response... 200 OK
Length: 1929 (1.9K) [application/json]
Saving to: ‘/root/process_mining/announcements/data/26_04_2022/ann26.04.2022-16-40-01.json’

     0K .                                                     100%  372M=0s

2022-04-26 16:40:14 (372 MB/s) - ‘/root/process_mining/announcements/data/26_04_2022/ann26.04.2022-16-40-01.json’ saved [1929/1929]

--2022-04-26 16:50:02--  https://files.cloudgdansk.pl/d/otwarte-dane/ztm/bsk.json
Resolving files.cloudgdansk.pl (files.cloudgdansk.pl)... 153.19.238.147
Connecting to files.cloudgdansk.pl (files.cloudgdansk.pl)|153.19.238.147|:443... connected.
HTTP request sent, awaiting response... 200 OK
Length: 1929 (1.9K) [application/json]
Saving to: ‘/root/process_mining/announcements/data/26_04_2022/ann26.04.2022-16-50-02.json’

     0K .                                                     100%  350M=0s

2022-04-26 16:50:02 (350 MB/s) - ‘/root/process_mining/announcements/data/26_04_2022/ann26.04.2022-16-50-02.json’ saved [1929/1929]

--2022-04-26 17:00:01--  https://files.cloudgdansk.pl/d/otwarte-dane/ztm/bsk.json
Resolving files.cloudgdansk.pl (files.cloudgdansk.pl)... 153.19.238.147
Connecting to files.cloudgdansk.pl (files.cloudgdansk.pl)|153.19.238.147|:443... connected.
HTTP request sent, awaiting response... 200 OK
Length: 1929 (1.9K) [application/json]
Saving to: ‘/root/process_mining/announcements/data/26_04_2022/ann26.04.2022-17-00-01.json’

     0K .                                                     100%  348M=0s

2022-04-26 17:00:02 (348 MB/s) - ‘/root/process_mining/announcements/data/26_04_2022/ann26.04.2022-17-00-01.json’ saved [1929/1929]

--2022-04-26 17:10:00--  https://files.cloudgdansk.pl/d/otwarte-dane/ztm/bsk.json
Resolving files.cloudgdansk.pl (files.cloudgdansk.pl)... 153.19.238.147
Connecting to files.cloudgdansk.pl (files.cloudgdansk.pl)|153.19.238.147|:443... connected.
HTTP request sent, awaiting response... 200 OK
Length: 1929 (1.9K) [application/json]
Saving to: ‘/root/process_mining/announcements/data/26_04_2022/ann26.04.2022-17-10-00.json’

     0K .                                                     100%  334M=0s

2022-04-26 17:10:00 (334 MB/s) - ‘/root/process_mining/announcements/data/26_04_2022/ann26.04.2022-17-10-00.json’ saved [1929/1929]

--2022-04-26 17:20:02--  https://files.cloudgdansk.pl/d/otwarte-dane/ztm/bsk.json
Resolving files.cloudgdansk.pl (files.cloudgdansk.pl)... 153.19.238.147
Connecting to files.cloudgdansk.pl (files.cloudgdansk.pl)|153.19.238.147|:443... connected.
HTTP request sent, awaiting response... 200 OK
Length: 60 [text/plain]
Saving to: ‘/root/process_mining/announcements/data/26_04_2022/ann26.04.2022-17-20-02.json’

     0K                                                       100% 11.7M=0s

2022-04-26 17:20:02 (11.7 MB/s) - ‘/root/process_mining/announcements/data/26_04_2022/ann26.04.2022-17-20-02.json’ saved [60/60]

--2022-04-26 17:30:01--  https://files.cloudgdansk.pl/d/otwarte-dane/ztm/bsk.json
Resolving files.cloudgdansk.pl (files.cloudgdansk.pl)... 153.19.238.147
Connecting to files.cloudgdansk.pl (files.cloudgdansk.pl)|153.19.238.147|:443... connected.
HTTP request sent, awaiting response... 200 OK
Length: 60 [text/plain]
Saving to: ‘/root/process_mining/announcements/data/26_04_2022/ann26.04.2022-17-30-01.json’

     0K                                                       100% 11.5M=0s

2022-04-26 17:30:02 (11.5 MB/s) - ‘/root/process_mining/announcements/data/26_04_2022/ann26.04.2022-17-30-01.json’ saved [60/60]

--2022-04-26 17:40:01--  https://files.cloudgdansk.pl/d/otwarte-dane/ztm/bsk.json
Resolving files.cloudgdansk.pl (files.cloudgdansk.pl)... 153.19.238.147
Connecting to files.cloudgdansk.pl (files.cloudgdansk.pl)|153.19.238.147|:443... connected.
HTTP request sent, awaiting response... 200 OK
Length: 60 [text/plain]
Saving to: ‘/root/process_mining/announcements/data/26_04_2022/ann26.04.2022-17-40-01.json’

     0K                                                       100% 11.6M=0s

2022-04-26 17:40:02 (11.6 MB/s) - ‘/root/process_mining/announcements/data/26_04_2022/ann26.04.2022-17-40-01.json’ saved [60/60]

--2022-04-26 17:50:00--  https://files.cloudgdansk.pl/d/otwarte-dane/ztm/bsk.json
Resolving files.cloudgdansk.pl (files.cloudgdansk.pl)... 153.19.238.147
Connecting to files.cloudgdansk.pl (files.cloudgdansk.pl)|153.19.238.147|:443... connected.
HTTP request sent, awaiting response... 200 OK
Length: 60 [text/plain]
Saving to: ‘/root/process_mining/announcements/data/26_04_2022/ann26.04.2022-17-50-00.json’

     0K                                                       100% 11.9M=0s

2022-04-26 17:50:00 (11.9 MB/s) - ‘/root/process_mining/announcements/data/26_04_2022/ann26.04.2022-17-50-00.json’ saved [60/60]

--2022-04-26 18:00:01--  https://files.cloudgdansk.pl/d/otwarte-dane/ztm/bsk.json
Resolving files.cloudgdansk.pl (files.cloudgdansk.pl)... 153.19.238.147
Connecting to files.cloudgdansk.pl (files.cloudgdansk.pl)|153.19.238.147|:443... connected.
HTTP request sent, awaiting response... 200 OK
Length: 60 [text/plain]
Saving to: ‘/root/process_mining/announcements/data/26_04_2022/ann26.04.2022-18-00-01.json’

     0K                                                       100% 11.7M=0s

2022-04-26 18:00:02 (11.7 MB/s) - ‘/root/process_mining/announcements/data/26_04_2022/ann26.04.2022-18-00-01.json’ saved [60/60]

--2022-04-26 18:10:00--  https://files.cloudgdansk.pl/d/otwarte-dane/ztm/bsk.json
Resolving files.cloudgdansk.pl (files.cloudgdansk.pl)... 153.19.238.147
Connecting to files.cloudgdansk.pl (files.cloudgdansk.pl)|153.19.238.147|:443... connected.
HTTP request sent, awaiting response... 200 OK
Length: 60 [text/plain]
Saving to: ‘/root/process_mining/announcements/data/26_04_2022/ann26.04.2022-18-10-00.json’

     0K                                                       100% 12.1M=0s

2022-04-26 18:10:00 (12.1 MB/s) - ‘/root/process_mining/announcements/data/26_04_2022/ann26.04.2022-18-10-00.json’ saved [60/60]

--2022-04-26 18:20:01--  https://files.cloudgdansk.pl/d/otwarte-dane/ztm/bsk.json
Resolving files.cloudgdansk.pl (files.cloudgdansk.pl)... 153.19.238.147
Connecting to files.cloudgdansk.pl (files.cloudgdansk.pl)|153.19.238.147|:443... connected.
HTTP request sent, awaiting response... 200 OK
Length: 60 [text/plain]
Saving to: ‘/root/process_mining/announcements/data/26_04_2022/ann26.04.2022-18-20-01.json’

     0K                                                       100% 12.4M=0s

2022-04-26 18:20:02 (12.4 MB/s) - ‘/root/process_mining/announcements/data/26_04_2022/ann26.04.2022-18-20-01.json’ saved [60/60]

--2022-04-26 18:30:01--  https://files.cloudgdansk.pl/d/otwarte-dane/ztm/bsk.json
Resolving files.cloudgdansk.pl (files.cloudgdansk.pl)... 153.19.238.147
Connecting to files.cloudgdansk.pl (files.cloudgdansk.pl)|153.19.238.147|:443... connected.
HTTP request sent, awaiting response... 200 OK
Length: 60 [text/plain]
Saving to: ‘/root/process_mining/announcements/data/26_04_2022/ann26.04.2022-18-30-01.json’

     0K                                                       100% 12.3M=0s

2022-04-26 18:30:02 (12.3 MB/s) - ‘/root/process_mining/announcements/data/26_04_2022/ann26.04.2022-18-30-01.json’ saved [60/60]

--2022-04-26 18:40:01--  https://files.cloudgdansk.pl/d/otwarte-dane/ztm/bsk.json
Resolving files.cloudgdansk.pl (files.cloudgdansk.pl)... 153.19.238.147
Connecting to files.cloudgdansk.pl (files.cloudgdansk.pl)|153.19.238.147|:443... connected.
HTTP request sent, awaiting response... 200 OK
Length: 60 [text/plain]
Saving to: ‘/root/process_mining/announcements/data/26_04_2022/ann26.04.2022-18-40-01.json’

     0K                                                       100% 12.1M=0s

2022-04-26 18:40:02 (12.1 MB/s) - ‘/root/process_mining/announcements/data/26_04_2022/ann26.04.2022-18-40-01.json’ saved [60/60]

--2022-04-26 18:50:01--  https://files.cloudgdansk.pl/d/otwarte-dane/ztm/bsk.json
Resolving files.cloudgdansk.pl (files.cloudgdansk.pl)... 153.19.238.147
Connecting to files.cloudgdansk.pl (files.cloudgdansk.pl)|153.19.238.147|:443... connected.
HTTP request sent, awaiting response... 200 OK
Length: 60 [text/plain]
Saving to: ‘/root/process_mining/announcements/data/26_04_2022/ann26.04.2022-18-50-01.json’

     0K                                                       100% 12.1M=0s

2022-04-26 18:50:02 (12.1 MB/s) - ‘/root/process_mining/announcements/data/26_04_2022/ann26.04.2022-18-50-01.json’ saved [60/60]

--2022-04-26 19:00:01--  https://files.cloudgdansk.pl/d/otwarte-dane/ztm/bsk.json
Resolving files.cloudgdansk.pl (files.cloudgdansk.pl)... 153.19.238.147
Connecting to files.cloudgdansk.pl (files.cloudgdansk.pl)|153.19.238.147|:443... connected.
HTTP request sent, awaiting response... 200 OK
Length: 60 [text/plain]
Saving to: ‘/root/process_mining/announcements/data/26_04_2022/ann26.04.2022-19-00-01.json’

     0K                                                       100% 11.1M=0s

2022-04-26 19:00:02 (11.1 MB/s) - ‘/root/process_mining/announcements/data/26_04_2022/ann26.04.2022-19-00-01.json’ saved [60/60]

--2022-04-26 19:10:00--  https://files.cloudgdansk.pl/d/otwarte-dane/ztm/bsk.json
Resolving files.cloudgdansk.pl (files.cloudgdansk.pl)... 153.19.238.147
Connecting to files.cloudgdansk.pl (files.cloudgdansk.pl)|153.19.238.147|:443... connected.
HTTP request sent, awaiting response... 200 OK
Length: 60 [text/plain]
Saving to: ‘/root/process_mining/announcements/data/26_04_2022/ann26.04.2022-19-10-00.json’

     0K                                                       100% 11.7M=0s

2022-04-26 19:10:00 (11.7 MB/s) - ‘/root/process_mining/announcements/data/26_04_2022/ann26.04.2022-19-10-00.json’ saved [60/60]

--2022-04-26 19:20:01--  https://files.cloudgdansk.pl/d/otwarte-dane/ztm/bsk.json
Resolving files.cloudgdansk.pl (files.cloudgdansk.pl)... 153.19.238.147
Connecting to files.cloudgdansk.pl (files.cloudgdansk.pl)|153.19.238.147|:443... connected.
HTTP request sent, awaiting response... 200 OK
Length: 60 [text/plain]
Saving to: ‘/root/process_mining/announcements/data/26_04_2022/ann26.04.2022-19-20-01.json’

     0K                                                       100% 12.3M=0s

2022-04-26 19:20:02 (12.3 MB/s) - ‘/root/process_mining/announcements/data/26_04_2022/ann26.04.2022-19-20-01.json’ saved [60/60]

--2022-04-26 19:30:00--  https://files.cloudgdansk.pl/d/otwarte-dane/ztm/bsk.json
Resolving files.cloudgdansk.pl (files.cloudgdansk.pl)... 153.19.238.147
Connecting to files.cloudgdansk.pl (files.cloudgdansk.pl)|153.19.238.147|:443... connected.
HTTP request sent, awaiting response... 200 OK
Length: 60 [text/plain]
Saving to: ‘/root/process_mining/announcements/data/26_04_2022/ann26.04.2022-19-30-00.json’

     0K                                                       100% 10.4M=0s

2022-04-26 19:30:00 (10.4 MB/s) - ‘/root/process_mining/announcements/data/26_04_2022/ann26.04.2022-19-30-00.json’ saved [60/60]

--2022-04-26 19:40:01--  https://files.cloudgdansk.pl/d/otwarte-dane/ztm/bsk.json
Resolving files.cloudgdansk.pl (files.cloudgdansk.pl)... 153.19.238.147
Connecting to files.cloudgdansk.pl (files.cloudgdansk.pl)|153.19.238.147|:443... connected.
HTTP request sent, awaiting response... 200 OK
Length: 60 [text/plain]
Saving to: ‘/root/process_mining/announcements/data/26_04_2022/ann26.04.2022-19-40-01.json’

     0K                                                       100% 11.9M=0s

2022-04-26 19:40:02 (11.9 MB/s) - ‘/root/process_mining/announcements/data/26_04_2022/ann26.04.2022-19-40-01.json’ saved [60/60]

--2022-04-26 19:50:01--  https://files.cloudgdansk.pl/d/otwarte-dane/ztm/bsk.json
Resolving files.cloudgdansk.pl (files.cloudgdansk.pl)... 153.19.238.147
Connecting to files.cloudgdansk.pl (files.cloudgdansk.pl)|153.19.238.147|:443... connected.
HTTP request sent, awaiting response... 200 OK
Length: 60 [text/plain]
Saving to: ‘/root/process_mining/announcements/data/26_04_2022/ann26.04.2022-19-50-01.json’

     0K                                                       100% 12.0M=0s

2022-04-26 19:50:02 (12.0 MB/s) - ‘/root/process_mining/announcements/data/26_04_2022/ann26.04.2022-19-50-01.json’ saved [60/60]

--2022-04-26 20:00:01--  https://files.cloudgdansk.pl/d/otwarte-dane/ztm/bsk.json
Resolving files.cloudgdansk.pl (files.cloudgdansk.pl)... 153.19.238.147
Connecting to files.cloudgdansk.pl (files.cloudgdansk.pl)|153.19.238.147|:443... connected.
HTTP request sent, awaiting response... 200 OK
Length: 60 [text/plain]
Saving to: ‘/root/process_mining/announcements/data/26_04_2022/ann26.04.2022-20-00-01.json’

     0K                                                       100% 12.5M=0s

2022-04-26 20:00:02 (12.5 MB/s) - ‘/root/process_mining/announcements/data/26_04_2022/ann26.04.2022-20-00-01.json’ saved [60/60]

--2022-04-26 20:10:01--  https://files.cloudgdansk.pl/d/otwarte-dane/ztm/bsk.json
Resolving files.cloudgdansk.pl (files.cloudgdansk.pl)... 153.19.238.147
Connecting to files.cloudgdansk.pl (files.cloudgdansk.pl)|153.19.238.147|:443... connected.
HTTP request sent, awaiting response... 200 OK
Length: 60 [text/plain]
Saving to: ‘/root/process_mining/announcements/data/26_04_2022/ann26.04.2022-20-10-01.json’

     0K                                                       100% 12.4M=0s

2022-04-26 20:10:02 (12.4 MB/s) - ‘/root/process_mining/announcements/data/26_04_2022/ann26.04.2022-20-10-01.json’ saved [60/60]

--2022-04-26 20:20:01--  https://files.cloudgdansk.pl/d/otwarte-dane/ztm/bsk.json
Resolving files.cloudgdansk.pl (files.cloudgdansk.pl)... 153.19.238.147
Connecting to files.cloudgdansk.pl (files.cloudgdansk.pl)|153.19.238.147|:443... connected.
HTTP request sent, awaiting response... 200 OK
Length: 60 [text/plain]
Saving to: ‘/root/process_mining/announcements/data/26_04_2022/ann26.04.2022-20-20-01.json’

     0K                                                       100% 11.4M=0s

2022-04-26 20:20:01 (11.4 MB/s) - ‘/root/process_mining/announcements/data/26_04_2022/ann26.04.2022-20-20-01.json’ saved [60/60]

--2022-04-26 20:30:01--  https://files.cloudgdansk.pl/d/otwarte-dane/ztm/bsk.json
Resolving files.cloudgdansk.pl (files.cloudgdansk.pl)... 153.19.238.147
Connecting to files.cloudgdansk.pl (files.cloudgdansk.pl)|153.19.238.147|:443... connected.
HTTP request sent, awaiting response... 200 OK
Length: 60 [text/plain]
Saving to: ‘/root/process_mining/announcements/data/26_04_2022/ann26.04.2022-20-30-01.json’

     0K                                                       100% 12.3M=0s

2022-04-26 20:30:02 (12.3 MB/s) - ‘/root/process_mining/announcements/data/26_04_2022/ann26.04.2022-20-30-01.json’ saved [60/60]

--2022-04-26 20:40:02--  https://files.cloudgdansk.pl/d/otwarte-dane/ztm/bsk.json
Resolving files.cloudgdansk.pl (files.cloudgdansk.pl)... 153.19.238.147
Connecting to files.cloudgdansk.pl (files.cloudgdansk.pl)|153.19.238.147|:443... connected.
HTTP request sent, awaiting response... 200 OK
Length: 60 [text/plain]
Saving to: ‘/root/process_mining/announcements/data/26_04_2022/ann26.04.2022-20-40-02.json’

     0K                                                       100% 12.7M=0s

2022-04-26 20:40:02 (12.7 MB/s) - ‘/root/process_mining/announcements/data/26_04_2022/ann26.04.2022-20-40-02.json’ saved [60/60]

--2022-04-26 20:50:01--  https://files.cloudgdansk.pl/d/otwarte-dane/ztm/bsk.json
Resolving files.cloudgdansk.pl (files.cloudgdansk.pl)... 153.19.238.147
Connecting to files.cloudgdansk.pl (files.cloudgdansk.pl)|153.19.238.147|:443... connected.
HTTP request sent, awaiting response... 200 OK
Length: 60 [text/plain]
Saving to: ‘/root/process_mining/announcements/data/26_04_2022/ann26.04.2022-20-50-01.json’

     0K                                                       100% 12.4M=0s

2022-04-26 20:50:01 (12.4 MB/s) - ‘/root/process_mining/announcements/data/26_04_2022/ann26.04.2022-20-50-01.json’ saved [60/60]

--2022-04-26 21:00:00--  https://files.cloudgdansk.pl/d/otwarte-dane/ztm/bsk.json
Resolving files.cloudgdansk.pl (files.cloudgdansk.pl)... 153.19.238.147
Connecting to files.cloudgdansk.pl (files.cloudgdansk.pl)|153.19.238.147|:443... connected.
HTTP request sent, awaiting response... 200 OK
Length: 60 [text/plain]
Saving to: ‘/root/process_mining/announcements/data/26_04_2022/ann26.04.2022-21-00-00.json’

     0K                                                       100% 11.8M=0s

2022-04-26 21:00:00 (11.8 MB/s) - ‘/root/process_mining/announcements/data/26_04_2022/ann26.04.2022-21-00-00.json’ saved [60/60]

--2022-04-26 21:10:01--  https://files.cloudgdansk.pl/d/otwarte-dane/ztm/bsk.json
Resolving files.cloudgdansk.pl (files.cloudgdansk.pl)... 153.19.238.147
Connecting to files.cloudgdansk.pl (files.cloudgdansk.pl)|153.19.238.147|:443... connected.
HTTP request sent, awaiting response... 200 OK
Length: 60 [text/plain]
Saving to: ‘/root/process_mining/announcements/data/26_04_2022/ann26.04.2022-21-10-01.json’

     0K                                                       100% 13.1M=0s

2022-04-26 21:10:01 (13.1 MB/s) - ‘/root/process_mining/announcements/data/26_04_2022/ann26.04.2022-21-10-01.json’ saved [60/60]

--2022-04-26 21:20:01--  https://files.cloudgdansk.pl/d/otwarte-dane/ztm/bsk.json
Resolving files.cloudgdansk.pl (files.cloudgdansk.pl)... 153.19.238.147
Connecting to files.cloudgdansk.pl (files.cloudgdansk.pl)|153.19.238.147|:443... connected.
HTTP request sent, awaiting response... 500 Internal Server Error
2022-04-26 21:20:01 ERROR 500: Internal Server Error.

Traceback (most recent call last):
  File "/root/process_mining/announcements/saveInterestingAnnouncements.py", line 125, in <module>
    main()
  File "/root/process_mining/announcements/saveInterestingAnnouncements.py", line 92, in main
    data = json.load(announcementsJsonFile)
  File "/usr/lib/python3.8/json/__init__.py", line 293, in load
    return loads(fp.read(),
  File "/usr/lib/python3.8/json/__init__.py", line 357, in loads
    return _default_decoder.decode(s)
  File "/usr/lib/python3.8/json/decoder.py", line 337, in decode
    obj, end = self.raw_decode(s, idx=_w(s, 0).end())
  File "/usr/lib/python3.8/json/decoder.py", line 355, in raw_decode
    raise JSONDecodeError("Expecting value", s, err.value) from None
json.decoder.JSONDecodeError: Expecting value: line 1 column 1 (char 0)
--2022-04-26 21:30:01--  https://files.cloudgdansk.pl/d/otwarte-dane/ztm/bsk.json
Resolving files.cloudgdansk.pl (files.cloudgdansk.pl)... 153.19.238.147
Connecting to files.cloudgdansk.pl (files.cloudgdansk.pl)|153.19.238.147|:443... connected.
HTTP request sent, awaiting response... 200 OK
Length: 60 [text/plain]
Saving to: ‘/root/process_mining/announcements/data/26_04_2022/ann26.04.2022-21-30-01.json’

     0K                                                       100% 12.2M=0s

2022-04-26 21:30:01 (12.2 MB/s) - ‘/root/process_mining/announcements/data/26_04_2022/ann26.04.2022-21-30-01.json’ saved [60/60]

--2022-04-26 21:40:01--  https://files.cloudgdansk.pl/d/otwarte-dane/ztm/bsk.json
Resolving files.cloudgdansk.pl (files.cloudgdansk.pl)... 153.19.238.147
Connecting to files.cloudgdansk.pl (files.cloudgdansk.pl)|153.19.238.147|:443... connected.
HTTP request sent, awaiting response... 200 OK
Length: 60 [text/plain]
Saving to: ‘/root/process_mining/announcements/data/26_04_2022/ann26.04.2022-21-40-01.json’

     0K                                                       100% 10.8M=0s

2022-04-26 21:40:02 (10.8 MB/s) - ‘/root/process_mining/announcements/data/26_04_2022/ann26.04.2022-21-40-01.json’ saved [60/60]

--2022-04-26 21:50:01--  https://files.cloudgdansk.pl/d/otwarte-dane/ztm/bsk.json
Resolving files.cloudgdansk.pl (files.cloudgdansk.pl)... 153.19.238.147
Connecting to files.cloudgdansk.pl (files.cloudgdansk.pl)|153.19.238.147|:443... connected.
HTTP request sent, awaiting response... 200 OK
Length: 60 [text/plain]
Saving to: ‘/root/process_mining/announcements/data/26_04_2022/ann26.04.2022-21-50-01.json’

     0K                                                       100% 11.8M=0s

2022-04-26 21:50:02 (11.8 MB/s) - ‘/root/process_mining/announcements/data/26_04_2022/ann26.04.2022-21-50-01.json’ saved [60/60]

--2022-04-26 22:00:01--  https://files.cloudgdansk.pl/d/otwarte-dane/ztm/bsk.json
Resolving files.cloudgdansk.pl (files.cloudgdansk.pl)... 153.19.238.147
Connecting to files.cloudgdansk.pl (files.cloudgdansk.pl)|153.19.238.147|:443... connected.
HTTP request sent, awaiting response... 200 OK
Length: 424 [application/json]
Saving to: ‘/root/process_mining/announcements/data/26_04_2022/ann26.04.2022-22-00-01.json’

     0K                                                       100% 84.8M=0s

2022-04-26 22:00:01 (84.8 MB/s) - ‘/root/process_mining/announcements/data/26_04_2022/ann26.04.2022-22-00-01.json’ saved [424/424]

--2022-04-26 22:10:01--  https://files.cloudgdansk.pl/d/otwarte-dane/ztm/bsk.json
Resolving files.cloudgdansk.pl (files.cloudgdansk.pl)... 153.19.238.147
Connecting to files.cloudgdansk.pl (files.cloudgdansk.pl)|153.19.238.147|:443... connected.
HTTP request sent, awaiting response... 200 OK
Length: 424 [application/json]
Saving to: ‘/root/process_mining/announcements/data/26_04_2022/ann26.04.2022-22-10-01.json’

     0K                                                       100% 87.9M=0s

2022-04-26 22:10:02 (87.9 MB/s) - ‘/root/process_mining/announcements/data/26_04_2022/ann26.04.2022-22-10-01.json’ saved [424/424]

--2022-04-26 22:20:00--  https://files.cloudgdansk.pl/d/otwarte-dane/ztm/bsk.json
Resolving files.cloudgdansk.pl (files.cloudgdansk.pl)... 153.19.238.147
Connecting to files.cloudgdansk.pl (files.cloudgdansk.pl)|153.19.238.147|:443... connected.
HTTP request sent, awaiting response... 200 OK
Length: 60 [text/plain]
Saving to: ‘/root/process_mining/announcements/data/26_04_2022/ann26.04.2022-22-20-00.json’

     0K                                                       100% 12.2M=0s

2022-04-26 22:20:00 (12.2 MB/s) - ‘/root/process_mining/announcements/data/26_04_2022/ann26.04.2022-22-20-00.json’ saved [60/60]

--2022-04-26 22:30:01--  https://files.cloudgdansk.pl/d/otwarte-dane/ztm/bsk.json
Resolving files.cloudgdansk.pl (files.cloudgdansk.pl)... 153.19.238.147
Connecting to files.cloudgdansk.pl (files.cloudgdansk.pl)|153.19.238.147|:443... connected.
HTTP request sent, awaiting response... 200 OK
Length: 60 [text/plain]
Saving to: ‘/root/process_mining/announcements/data/26_04_2022/ann26.04.2022-22-30-01.json’

     0K                                                       100% 12.7M=0s

2022-04-26 22:30:01 (12.7 MB/s) - ‘/root/process_mining/announcements/data/26_04_2022/ann26.04.2022-22-30-01.json’ saved [60/60]

--2022-04-26 22:40:01--  https://files.cloudgdansk.pl/d/otwarte-dane/ztm/bsk.json
Resolving files.cloudgdansk.pl (files.cloudgdansk.pl)... 153.19.238.147
Connecting to files.cloudgdansk.pl (files.cloudgdansk.pl)|153.19.238.147|:443... connected.
HTTP request sent, awaiting response... 200 OK
Length: 60 [text/plain]
Saving to: ‘/root/process_mining/announcements/data/26_04_2022/ann26.04.2022-22-40-01.json’

     0K                                                       100% 11.4M=0s

2022-04-26 22:40:01 (11.4 MB/s) - ‘/root/process_mining/announcements/data/26_04_2022/ann26.04.2022-22-40-01.json’ saved [60/60]

--2022-04-26 22:50:01--  https://files.cloudgdansk.pl/d/otwarte-dane/ztm/bsk.json
Resolving files.cloudgdansk.pl (files.cloudgdansk.pl)... 153.19.238.147
Connecting to files.cloudgdansk.pl (files.cloudgdansk.pl)|153.19.238.147|:443... connected.
HTTP request sent, awaiting response... 200 OK
Length: 60 [text/plain]
Saving to: ‘/root/process_mining/announcements/data/26_04_2022/ann26.04.2022-22-50-01.json’

     0K                                                       100% 12.1M=0s

2022-04-26 22:50:01 (12.1 MB/s) - ‘/root/process_mining/announcements/data/26_04_2022/ann26.04.2022-22-50-01.json’ saved [60/60]

--2022-04-26 23:00:01--  https://files.cloudgdansk.pl/d/otwarte-dane/ztm/bsk.json
Resolving files.cloudgdansk.pl (files.cloudgdansk.pl)... 153.19.238.147
Connecting to files.cloudgdansk.pl (files.cloudgdansk.pl)|153.19.238.147|:443... connected.
HTTP request sent, awaiting response... 200 OK
Length: 60 [text/plain]
Saving to: ‘/root/process_mining/announcements/data/26_04_2022/ann26.04.2022-23-00-01.json’

     0K                                                       100% 10.6M=0s

2022-04-26 23:00:01 (10.6 MB/s) - ‘/root/process_mining/announcements/data/26_04_2022/ann26.04.2022-23-00-01.json’ saved [60/60]

--2022-04-26 23:10:01--  https://files.cloudgdansk.pl/d/otwarte-dane/ztm/bsk.json
Resolving files.cloudgdansk.pl (files.cloudgdansk.pl)... 153.19.238.147
Connecting to files.cloudgdansk.pl (files.cloudgdansk.pl)|153.19.238.147|:443... connected.
HTTP request sent, awaiting response... 200 OK
Length: 60 [text/plain]
Saving to: ‘/root/process_mining/announcements/data/26_04_2022/ann26.04.2022-23-10-01.json’

     0K                                                       100% 11.6M=0s

2022-04-26 23:10:01 (11.6 MB/s) - ‘/root/process_mining/announcements/data/26_04_2022/ann26.04.2022-23-10-01.json’ saved [60/60]

--2022-04-26 23:20:01--  https://files.cloudgdansk.pl/d/otwarte-dane/ztm/bsk.json
Resolving files.cloudgdansk.pl (files.cloudgdansk.pl)... 153.19.238.147
Connecting to files.cloudgdansk.pl (files.cloudgdansk.pl)|153.19.238.147|:443... connected.
HTTP request sent, awaiting response... 200 OK
Length: 60 [text/plain]
Saving to: ‘/root/process_mining/announcements/data/26_04_2022/ann26.04.2022-23-20-01.json’

     0K                                                       100% 12.7M=0s

2022-04-26 23:20:01 (12.7 MB/s) - ‘/root/process_mining/announcements/data/26_04_2022/ann26.04.2022-23-20-01.json’ saved [60/60]

--2022-04-26 23:30:00--  https://files.cloudgdansk.pl/d/otwarte-dane/ztm/bsk.json
Resolving files.cloudgdansk.pl (files.cloudgdansk.pl)... 153.19.238.147
Connecting to files.cloudgdansk.pl (files.cloudgdansk.pl)|153.19.238.147|:443... connected.
HTTP request sent, awaiting response... 200 OK
Length: 60 [text/plain]
Saving to: ‘/root/process_mining/announcements/data/26_04_2022/ann26.04.2022-23-30-00.json’

     0K                                                       100% 12.0M=0s

2022-04-26 23:30:00 (12.0 MB/s) - ‘/root/process_mining/announcements/data/26_04_2022/ann26.04.2022-23-30-00.json’ saved [60/60]

--2022-04-26 23:40:01--  https://files.cloudgdansk.pl/d/otwarte-dane/ztm/bsk.json
Resolving files.cloudgdansk.pl (files.cloudgdansk.pl)... 153.19.238.147
Connecting to files.cloudgdansk.pl (files.cloudgdansk.pl)|153.19.238.147|:443... connected.
HTTP request sent, awaiting response... 200 OK
Length: 60 [text/plain]
Saving to: ‘/root/process_mining/announcements/data/26_04_2022/ann26.04.2022-23-40-01.json’

     0K                                                       100% 11.6M=0s

2022-04-26 23:40:02 (11.6 MB/s) - ‘/root/process_mining/announcements/data/26_04_2022/ann26.04.2022-23-40-01.json’ saved [60/60]

--2022-04-26 23:50:01--  https://files.cloudgdansk.pl/d/otwarte-dane/ztm/bsk.json
Resolving files.cloudgdansk.pl (files.cloudgdansk.pl)... 153.19.238.147
Connecting to files.cloudgdansk.pl (files.cloudgdansk.pl)|153.19.238.147|:443... connected.
HTTP request sent, awaiting response... 200 OK
Length: 60 [text/plain]
Saving to: ‘/root/process_mining/announcements/data/26_04_2022/ann26.04.2022-23-50-01.json’

     0K                                                       100% 12.1M=0s

2022-04-26 23:50:01 (12.1 MB/s) - ‘/root/process_mining/announcements/data/26_04_2022/ann26.04.2022-23-50-01.json’ saved [60/60]

