--2022-04-27 00:00:01--  https://files.cloudgdansk.pl/d/otwarte-dane/ztm/bsk.json
Resolving files.cloudgdansk.pl (files.cloudgdansk.pl)... 153.19.238.147
Connecting to files.cloudgdansk.pl (files.cloudgdansk.pl)|153.19.238.147|:443... connected.
HTTP request sent, awaiting response... 200 OK
Length: 60 [text/plain]
Saving to: ‘/root/process_mining/announcements/data/27_04_2022/ann27.04.2022-00-00-01.json’

     0K                                                       100% 12.7M=0s

2022-04-27 00:00:02 (12.7 MB/s) - ‘/root/process_mining/announcements/data/27_04_2022/ann27.04.2022-00-00-01.json’ saved [60/60]

--2022-04-27 00:10:01--  https://files.cloudgdansk.pl/d/otwarte-dane/ztm/bsk.json
Resolving files.cloudgdansk.pl (files.cloudgdansk.pl)... 153.19.238.147
Connecting to files.cloudgdansk.pl (files.cloudgdansk.pl)|153.19.238.147|:443... connected.
HTTP request sent, awaiting response... 200 OK
Length: 60 [text/plain]
Saving to: ‘/root/process_mining/announcements/data/27_04_2022/ann27.04.2022-00-10-01.json’

     0K                                                       100% 10.5M=0s

2022-04-27 00:10:01 (10.5 MB/s) - ‘/root/process_mining/announcements/data/27_04_2022/ann27.04.2022-00-10-01.json’ saved [60/60]

--2022-04-27 00:20:01--  https://files.cloudgdansk.pl/d/otwarte-dane/ztm/bsk.json
Resolving files.cloudgdansk.pl (files.cloudgdansk.pl)... 153.19.238.147
Connecting to files.cloudgdansk.pl (files.cloudgdansk.pl)|153.19.238.147|:443... connected.
HTTP request sent, awaiting response... 200 OK
Length: 60 [text/plain]
Saving to: ‘/root/process_mining/announcements/data/27_04_2022/ann27.04.2022-00-20-01.json’

     0K                                                       100% 12.2M=0s

2022-04-27 00:20:01 (12.2 MB/s) - ‘/root/process_mining/announcements/data/27_04_2022/ann27.04.2022-00-20-01.json’ saved [60/60]

--2022-04-27 00:30:01--  https://files.cloudgdansk.pl/d/otwarte-dane/ztm/bsk.json
Resolving files.cloudgdansk.pl (files.cloudgdansk.pl)... 153.19.238.147
Connecting to files.cloudgdansk.pl (files.cloudgdansk.pl)|153.19.238.147|:443... connected.
HTTP request sent, awaiting response... 200 OK
Length: 60 [text/plain]
Saving to: ‘/root/process_mining/announcements/data/27_04_2022/ann27.04.2022-00-30-01.json’

     0K                                                       100% 10.8M=0s

2022-04-27 00:30:01 (10.8 MB/s) - ‘/root/process_mining/announcements/data/27_04_2022/ann27.04.2022-00-30-01.json’ saved [60/60]

--2022-04-27 00:40:01--  https://files.cloudgdansk.pl/d/otwarte-dane/ztm/bsk.json
Resolving files.cloudgdansk.pl (files.cloudgdansk.pl)... 153.19.238.147
Connecting to files.cloudgdansk.pl (files.cloudgdansk.pl)|153.19.238.147|:443... connected.
HTTP request sent, awaiting response... 200 OK
Length: 60 [text/plain]
Saving to: ‘/root/process_mining/announcements/data/27_04_2022/ann27.04.2022-00-40-01.json’

     0K                                                       100% 12.8M=0s

2022-04-27 00:40:01 (12.8 MB/s) - ‘/root/process_mining/announcements/data/27_04_2022/ann27.04.2022-00-40-01.json’ saved [60/60]

--2022-04-27 00:50:01--  https://files.cloudgdansk.pl/d/otwarte-dane/ztm/bsk.json
Resolving files.cloudgdansk.pl (files.cloudgdansk.pl)... 153.19.238.147
Connecting to files.cloudgdansk.pl (files.cloudgdansk.pl)|153.19.238.147|:443... connected.
HTTP request sent, awaiting response... 200 OK
Length: 60 [text/plain]
Saving to: ‘/root/process_mining/announcements/data/27_04_2022/ann27.04.2022-00-50-01.json’

     0K                                                       100% 11.6M=0s

2022-04-27 00:50:01 (11.6 MB/s) - ‘/root/process_mining/announcements/data/27_04_2022/ann27.04.2022-00-50-01.json’ saved [60/60]

--2022-04-27 01:00:01--  https://files.cloudgdansk.pl/d/otwarte-dane/ztm/bsk.json
Resolving files.cloudgdansk.pl (files.cloudgdansk.pl)... 153.19.238.147
Connecting to files.cloudgdansk.pl (files.cloudgdansk.pl)|153.19.238.147|:443... connected.
HTTP request sent, awaiting response... 200 OK
Length: 60 [text/plain]
Saving to: ‘/root/process_mining/announcements/data/27_04_2022/ann27.04.2022-01-00-01.json’

     0K                                                       100% 10.6M=0s

2022-04-27 01:00:02 (10.6 MB/s) - ‘/root/process_mining/announcements/data/27_04_2022/ann27.04.2022-01-00-01.json’ saved [60/60]

--2022-04-27 01:10:00--  https://files.cloudgdansk.pl/d/otwarte-dane/ztm/bsk.json
Resolving files.cloudgdansk.pl (files.cloudgdansk.pl)... 153.19.238.147
Connecting to files.cloudgdansk.pl (files.cloudgdansk.pl)|153.19.238.147|:443... connected.
HTTP request sent, awaiting response... 200 OK
Length: 60 [text/plain]
Saving to: ‘/root/process_mining/announcements/data/27_04_2022/ann27.04.2022-01-10-00.json’

     0K                                                       100% 11.0M=0s

2022-04-27 01:10:00 (11.0 MB/s) - ‘/root/process_mining/announcements/data/27_04_2022/ann27.04.2022-01-10-00.json’ saved [60/60]

--2022-04-27 01:20:01--  https://files.cloudgdansk.pl/d/otwarte-dane/ztm/bsk.json
Resolving files.cloudgdansk.pl (files.cloudgdansk.pl)... 153.19.238.147
Connecting to files.cloudgdansk.pl (files.cloudgdansk.pl)|153.19.238.147|:443... connected.
HTTP request sent, awaiting response... 200 OK
Length: 60 [text/plain]
Saving to: ‘/root/process_mining/announcements/data/27_04_2022/ann27.04.2022-01-20-01.json’

     0K                                                       100% 13.2M=0s

2022-04-27 01:20:02 (13.2 MB/s) - ‘/root/process_mining/announcements/data/27_04_2022/ann27.04.2022-01-20-01.json’ saved [60/60]

--2022-04-27 01:30:01--  https://files.cloudgdansk.pl/d/otwarte-dane/ztm/bsk.json
Resolving files.cloudgdansk.pl (files.cloudgdansk.pl)... 153.19.238.147
Connecting to files.cloudgdansk.pl (files.cloudgdansk.pl)|153.19.238.147|:443... connected.
HTTP request sent, awaiting response... 200 OK
Length: 60 [text/plain]
Saving to: ‘/root/process_mining/announcements/data/27_04_2022/ann27.04.2022-01-30-01.json’

     0K                                                       100% 12.4M=0s

2022-04-27 01:30:01 (12.4 MB/s) - ‘/root/process_mining/announcements/data/27_04_2022/ann27.04.2022-01-30-01.json’ saved [60/60]

--2022-04-27 01:40:01--  https://files.cloudgdansk.pl/d/otwarte-dane/ztm/bsk.json
Resolving files.cloudgdansk.pl (files.cloudgdansk.pl)... 153.19.238.147
Connecting to files.cloudgdansk.pl (files.cloudgdansk.pl)|153.19.238.147|:443... connected.
HTTP request sent, awaiting response... 200 OK
Length: 60 [text/plain]
Saving to: ‘/root/process_mining/announcements/data/27_04_2022/ann27.04.2022-01-40-01.json’

     0K                                                       100% 11.6M=0s

2022-04-27 01:40:01 (11.6 MB/s) - ‘/root/process_mining/announcements/data/27_04_2022/ann27.04.2022-01-40-01.json’ saved [60/60]

--2022-04-27 01:50:01--  https://files.cloudgdansk.pl/d/otwarte-dane/ztm/bsk.json
Resolving files.cloudgdansk.pl (files.cloudgdansk.pl)... 153.19.238.147
Connecting to files.cloudgdansk.pl (files.cloudgdansk.pl)|153.19.238.147|:443... connected.
HTTP request sent, awaiting response... 200 OK
Length: 60 [text/plain]
Saving to: ‘/root/process_mining/announcements/data/27_04_2022/ann27.04.2022-01-50-01.json’

     0K                                                       100% 10.9M=0s

2022-04-27 01:50:02 (10.9 MB/s) - ‘/root/process_mining/announcements/data/27_04_2022/ann27.04.2022-01-50-01.json’ saved [60/60]

--2022-04-27 02:00:01--  https://files.cloudgdansk.pl/d/otwarte-dane/ztm/bsk.json
Resolving files.cloudgdansk.pl (files.cloudgdansk.pl)... 153.19.238.147
Connecting to files.cloudgdansk.pl (files.cloudgdansk.pl)|153.19.238.147|:443... connected.
HTTP request sent, awaiting response... 200 OK
Length: 60 [text/plain]
Saving to: ‘/root/process_mining/announcements/data/27_04_2022/ann27.04.2022-02-00-01.json’

     0K                                                       100% 12.5M=0s

2022-04-27 02:00:02 (12.5 MB/s) - ‘/root/process_mining/announcements/data/27_04_2022/ann27.04.2022-02-00-01.json’ saved [60/60]

--2022-04-27 02:10:01--  https://files.cloudgdansk.pl/d/otwarte-dane/ztm/bsk.json
Resolving files.cloudgdansk.pl (files.cloudgdansk.pl)... 153.19.238.147
Connecting to files.cloudgdansk.pl (files.cloudgdansk.pl)|153.19.238.147|:443... connected.
HTTP request sent, awaiting response... 200 OK
Length: 60 [text/plain]
Saving to: ‘/root/process_mining/announcements/data/27_04_2022/ann27.04.2022-02-10-01.json’

     0K                                                       100% 11.3M=0s

2022-04-27 02:10:01 (11.3 MB/s) - ‘/root/process_mining/announcements/data/27_04_2022/ann27.04.2022-02-10-01.json’ saved [60/60]

--2022-04-27 02:20:01--  https://files.cloudgdansk.pl/d/otwarte-dane/ztm/bsk.json
Resolving files.cloudgdansk.pl (files.cloudgdansk.pl)... 153.19.238.147
Connecting to files.cloudgdansk.pl (files.cloudgdansk.pl)|153.19.238.147|:443... connected.
HTTP request sent, awaiting response... 200 OK
Length: 60 [text/plain]
Saving to: ‘/root/process_mining/announcements/data/27_04_2022/ann27.04.2022-02-20-01.json’

     0K                                                       100% 11.4M=0s

2022-04-27 02:20:02 (11.4 MB/s) - ‘/root/process_mining/announcements/data/27_04_2022/ann27.04.2022-02-20-01.json’ saved [60/60]

--2022-04-27 02:30:01--  https://files.cloudgdansk.pl/d/otwarte-dane/ztm/bsk.json
Resolving files.cloudgdansk.pl (files.cloudgdansk.pl)... 153.19.238.147
Connecting to files.cloudgdansk.pl (files.cloudgdansk.pl)|153.19.238.147|:443... connected.
HTTP request sent, awaiting response... 200 OK
Length: 60 [text/plain]
Saving to: ‘/root/process_mining/announcements/data/27_04_2022/ann27.04.2022-02-30-01.json’

     0K                                                       100% 9.05M=0s

2022-04-27 02:30:01 (9.05 MB/s) - ‘/root/process_mining/announcements/data/27_04_2022/ann27.04.2022-02-30-01.json’ saved [60/60]

--2022-04-27 02:40:01--  https://files.cloudgdansk.pl/d/otwarte-dane/ztm/bsk.json
Resolving files.cloudgdansk.pl (files.cloudgdansk.pl)... 153.19.238.147
Connecting to files.cloudgdansk.pl (files.cloudgdansk.pl)|153.19.238.147|:443... connected.
HTTP request sent, awaiting response... 200 OK
Length: 60 [text/plain]
Saving to: ‘/root/process_mining/announcements/data/27_04_2022/ann27.04.2022-02-40-01.json’

     0K                                                       100% 11.7M=0s

2022-04-27 02:40:02 (11.7 MB/s) - ‘/root/process_mining/announcements/data/27_04_2022/ann27.04.2022-02-40-01.json’ saved [60/60]

--2022-04-27 02:50:01--  https://files.cloudgdansk.pl/d/otwarte-dane/ztm/bsk.json
Resolving files.cloudgdansk.pl (files.cloudgdansk.pl)... 153.19.238.147
Connecting to files.cloudgdansk.pl (files.cloudgdansk.pl)|153.19.238.147|:443... connected.
HTTP request sent, awaiting response... 200 OK
Length: 60 [text/plain]
Saving to: ‘/root/process_mining/announcements/data/27_04_2022/ann27.04.2022-02-50-01.json’

     0K                                                       100% 10.7M=0s

2022-04-27 02:50:01 (10.7 MB/s) - ‘/root/process_mining/announcements/data/27_04_2022/ann27.04.2022-02-50-01.json’ saved [60/60]

--2022-04-27 03:00:01--  https://files.cloudgdansk.pl/d/otwarte-dane/ztm/bsk.json
Resolving files.cloudgdansk.pl (files.cloudgdansk.pl)... 153.19.238.147
Connecting to files.cloudgdansk.pl (files.cloudgdansk.pl)|153.19.238.147|:443... connected.
HTTP request sent, awaiting response... 200 OK
Length: 60 [text/plain]
Saving to: ‘/root/process_mining/announcements/data/27_04_2022/ann27.04.2022-03-00-01.json’

     0K                                                       100% 9.65M=0s

2022-04-27 03:00:01 (9.65 MB/s) - ‘/root/process_mining/announcements/data/27_04_2022/ann27.04.2022-03-00-01.json’ saved [60/60]

--2022-04-27 03:10:01--  https://files.cloudgdansk.pl/d/otwarte-dane/ztm/bsk.json
Resolving files.cloudgdansk.pl (files.cloudgdansk.pl)... 153.19.238.147
Connecting to files.cloudgdansk.pl (files.cloudgdansk.pl)|153.19.238.147|:443... connected.
HTTP request sent, awaiting response... 200 OK
Length: 60 [text/plain]
Saving to: ‘/root/process_mining/announcements/data/27_04_2022/ann27.04.2022-03-10-01.json’

     0K                                                       100% 12.1M=0s

2022-04-27 03:10:02 (12.1 MB/s) - ‘/root/process_mining/announcements/data/27_04_2022/ann27.04.2022-03-10-01.json’ saved [60/60]

--2022-04-27 03:20:01--  https://files.cloudgdansk.pl/d/otwarte-dane/ztm/bsk.json
Resolving files.cloudgdansk.pl (files.cloudgdansk.pl)... 153.19.238.147
Connecting to files.cloudgdansk.pl (files.cloudgdansk.pl)|153.19.238.147|:443... connected.
HTTP request sent, awaiting response... 200 OK
Length: 60 [text/plain]
Saving to: ‘/root/process_mining/announcements/data/27_04_2022/ann27.04.2022-03-20-01.json’

     0K                                                       100% 12.1M=0s

2022-04-27 03:20:01 (12.1 MB/s) - ‘/root/process_mining/announcements/data/27_04_2022/ann27.04.2022-03-20-01.json’ saved [60/60]

--2022-04-27 03:30:01--  https://files.cloudgdansk.pl/d/otwarte-dane/ztm/bsk.json
Resolving files.cloudgdansk.pl (files.cloudgdansk.pl)... 153.19.238.147
Connecting to files.cloudgdansk.pl (files.cloudgdansk.pl)|153.19.238.147|:443... connected.
HTTP request sent, awaiting response... 200 OK
Length: 60 [text/plain]
Saving to: ‘/root/process_mining/announcements/data/27_04_2022/ann27.04.2022-03-30-01.json’

     0K                                                       100% 12.5M=0s

2022-04-27 03:30:02 (12.5 MB/s) - ‘/root/process_mining/announcements/data/27_04_2022/ann27.04.2022-03-30-01.json’ saved [60/60]

--2022-04-27 03:40:01--  https://files.cloudgdansk.pl/d/otwarte-dane/ztm/bsk.json
Resolving files.cloudgdansk.pl (files.cloudgdansk.pl)... 153.19.238.147
Connecting to files.cloudgdansk.pl (files.cloudgdansk.pl)|153.19.238.147|:443... connected.
HTTP request sent, awaiting response... 200 OK
Length: 60 [text/plain]
Saving to: ‘/root/process_mining/announcements/data/27_04_2022/ann27.04.2022-03-40-01.json’

     0K                                                       100% 12.0M=0s

2022-04-27 03:40:01 (12.0 MB/s) - ‘/root/process_mining/announcements/data/27_04_2022/ann27.04.2022-03-40-01.json’ saved [60/60]

--2022-04-27 03:50:01--  https://files.cloudgdansk.pl/d/otwarte-dane/ztm/bsk.json
Resolving files.cloudgdansk.pl (files.cloudgdansk.pl)... 153.19.238.147
Connecting to files.cloudgdansk.pl (files.cloudgdansk.pl)|153.19.238.147|:443... connected.
HTTP request sent, awaiting response... 200 OK
Length: 60 [text/plain]
Saving to: ‘/root/process_mining/announcements/data/27_04_2022/ann27.04.2022-03-50-01.json’

     0K                                                       100% 12.2M=0s

2022-04-27 03:50:01 (12.2 MB/s) - ‘/root/process_mining/announcements/data/27_04_2022/ann27.04.2022-03-50-01.json’ saved [60/60]

--2022-04-27 04:00:01--  https://files.cloudgdansk.pl/d/otwarte-dane/ztm/bsk.json
Resolving files.cloudgdansk.pl (files.cloudgdansk.pl)... 153.19.238.147
Connecting to files.cloudgdansk.pl (files.cloudgdansk.pl)|153.19.238.147|:443... connected.
HTTP request sent, awaiting response... 200 OK
Length: 60 [text/plain]
Saving to: ‘/root/process_mining/announcements/data/27_04_2022/ann27.04.2022-04-00-01.json’

     0K                                                       100% 12.3M=0s

2022-04-27 04:00:01 (12.3 MB/s) - ‘/root/process_mining/announcements/data/27_04_2022/ann27.04.2022-04-00-01.json’ saved [60/60]

--2022-04-27 04:10:01--  https://files.cloudgdansk.pl/d/otwarte-dane/ztm/bsk.json
Resolving files.cloudgdansk.pl (files.cloudgdansk.pl)... 153.19.238.147
Connecting to files.cloudgdansk.pl (files.cloudgdansk.pl)|153.19.238.147|:443... connected.
HTTP request sent, awaiting response... 200 OK
Length: 60 [text/plain]
Saving to: ‘/root/process_mining/announcements/data/27_04_2022/ann27.04.2022-04-10-01.json’

     0K                                                       100% 12.3M=0s

2022-04-27 04:10:01 (12.3 MB/s) - ‘/root/process_mining/announcements/data/27_04_2022/ann27.04.2022-04-10-01.json’ saved [60/60]

--2022-04-27 04:20:01--  https://files.cloudgdansk.pl/d/otwarte-dane/ztm/bsk.json
Resolving files.cloudgdansk.pl (files.cloudgdansk.pl)... 153.19.238.147
Connecting to files.cloudgdansk.pl (files.cloudgdansk.pl)|153.19.238.147|:443... connected.
HTTP request sent, awaiting response... 200 OK
Length: 60 [text/plain]
Saving to: ‘/root/process_mining/announcements/data/27_04_2022/ann27.04.2022-04-20-01.json’

     0K                                                       100% 11.6M=0s

2022-04-27 04:20:02 (11.6 MB/s) - ‘/root/process_mining/announcements/data/27_04_2022/ann27.04.2022-04-20-01.json’ saved [60/60]

--2022-04-27 04:30:01--  https://files.cloudgdansk.pl/d/otwarte-dane/ztm/bsk.json
Resolving files.cloudgdansk.pl (files.cloudgdansk.pl)... 153.19.238.147
Connecting to files.cloudgdansk.pl (files.cloudgdansk.pl)|153.19.238.147|:443... connected.
HTTP request sent, awaiting response... 200 OK
Length: 60 [text/plain]
Saving to: ‘/root/process_mining/announcements/data/27_04_2022/ann27.04.2022-04-30-01.json’

     0K                                                       100% 11.9M=0s

2022-04-27 04:30:01 (11.9 MB/s) - ‘/root/process_mining/announcements/data/27_04_2022/ann27.04.2022-04-30-01.json’ saved [60/60]

--2022-04-27 04:40:01--  https://files.cloudgdansk.pl/d/otwarte-dane/ztm/bsk.json
Resolving files.cloudgdansk.pl (files.cloudgdansk.pl)... 153.19.238.147
Connecting to files.cloudgdansk.pl (files.cloudgdansk.pl)|153.19.238.147|:443... connected.
HTTP request sent, awaiting response... 200 OK
Length: 60 [text/plain]
Saving to: ‘/root/process_mining/announcements/data/27_04_2022/ann27.04.2022-04-40-01.json’

     0K                                                       100% 9.64M=0s

2022-04-27 04:40:01 (9.64 MB/s) - ‘/root/process_mining/announcements/data/27_04_2022/ann27.04.2022-04-40-01.json’ saved [60/60]

--2022-04-27 04:50:01--  https://files.cloudgdansk.pl/d/otwarte-dane/ztm/bsk.json
Resolving files.cloudgdansk.pl (files.cloudgdansk.pl)... 153.19.238.147
Connecting to files.cloudgdansk.pl (files.cloudgdansk.pl)|153.19.238.147|:443... connected.
HTTP request sent, awaiting response... 200 OK
Length: 60 [text/plain]
Saving to: ‘/root/process_mining/announcements/data/27_04_2022/ann27.04.2022-04-50-01.json’

     0K                                                       100% 12.2M=0s

2022-04-27 04:50:01 (12.2 MB/s) - ‘/root/process_mining/announcements/data/27_04_2022/ann27.04.2022-04-50-01.json’ saved [60/60]

--2022-04-27 05:00:01--  https://files.cloudgdansk.pl/d/otwarte-dane/ztm/bsk.json
Resolving files.cloudgdansk.pl (files.cloudgdansk.pl)... 153.19.238.147
Connecting to files.cloudgdansk.pl (files.cloudgdansk.pl)|153.19.238.147|:443... connected.
HTTP request sent, awaiting response... 200 OK
Length: 60 [text/plain]
Saving to: ‘/root/process_mining/announcements/data/27_04_2022/ann27.04.2022-05-00-01.json’

     0K                                                       100% 12.3M=0s

2022-04-27 05:00:01 (12.3 MB/s) - ‘/root/process_mining/announcements/data/27_04_2022/ann27.04.2022-05-00-01.json’ saved [60/60]

--2022-04-27 05:10:00--  https://files.cloudgdansk.pl/d/otwarte-dane/ztm/bsk.json
Resolving files.cloudgdansk.pl (files.cloudgdansk.pl)... 153.19.238.147
Connecting to files.cloudgdansk.pl (files.cloudgdansk.pl)|153.19.238.147|:443... connected.
HTTP request sent, awaiting response... 200 OK
Length: 60 [text/plain]
Saving to: ‘/root/process_mining/announcements/data/27_04_2022/ann27.04.2022-05-10-00.json’

     0K                                                       100% 12.0M=0s

2022-04-27 05:10:00 (12.0 MB/s) - ‘/root/process_mining/announcements/data/27_04_2022/ann27.04.2022-05-10-00.json’ saved [60/60]

--2022-04-27 05:20:01--  https://files.cloudgdansk.pl/d/otwarte-dane/ztm/bsk.json
Resolving files.cloudgdansk.pl (files.cloudgdansk.pl)... 153.19.238.147
Connecting to files.cloudgdansk.pl (files.cloudgdansk.pl)|153.19.238.147|:443... connected.
HTTP request sent, awaiting response... 200 OK
Length: 408 [application/json]
Saving to: ‘/root/process_mining/announcements/data/27_04_2022/ann27.04.2022-05-20-01.json’

     0K                                                       100% 83.6M=0s

2022-04-27 05:20:01 (83.6 MB/s) - ‘/root/process_mining/announcements/data/27_04_2022/ann27.04.2022-05-20-01.json’ saved [408/408]

--2022-04-27 05:30:00--  https://files.cloudgdansk.pl/d/otwarte-dane/ztm/bsk.json
Resolving files.cloudgdansk.pl (files.cloudgdansk.pl)... 153.19.238.147
Connecting to files.cloudgdansk.pl (files.cloudgdansk.pl)|153.19.238.147|:443... connected.
HTTP request sent, awaiting response... 200 OK
Length: 408 [application/json]
Saving to: ‘/root/process_mining/announcements/data/27_04_2022/ann27.04.2022-05-30-00.json’

     0K                                                       100% 85.5M=0s

2022-04-27 05:30:00 (85.5 MB/s) - ‘/root/process_mining/announcements/data/27_04_2022/ann27.04.2022-05-30-00.json’ saved [408/408]

--2022-04-27 05:40:01--  https://files.cloudgdansk.pl/d/otwarte-dane/ztm/bsk.json
Resolving files.cloudgdansk.pl (files.cloudgdansk.pl)... 153.19.238.147
Connecting to files.cloudgdansk.pl (files.cloudgdansk.pl)|153.19.238.147|:443... connected.
HTTP request sent, awaiting response... 200 OK
Length: 408 [application/json]
Saving to: ‘/root/process_mining/announcements/data/27_04_2022/ann27.04.2022-05-40-01.json’

     0K                                                       100% 79.9M=0s

2022-04-27 05:40:01 (79.9 MB/s) - ‘/root/process_mining/announcements/data/27_04_2022/ann27.04.2022-05-40-01.json’ saved [408/408]

--2022-04-27 05:50:01--  https://files.cloudgdansk.pl/d/otwarte-dane/ztm/bsk.json
Resolving files.cloudgdansk.pl (files.cloudgdansk.pl)... 153.19.238.147
Connecting to files.cloudgdansk.pl (files.cloudgdansk.pl)|153.19.238.147|:443... connected.
HTTP request sent, awaiting response... 200 OK
Length: 60 [text/plain]
Saving to: ‘/root/process_mining/announcements/data/27_04_2022/ann27.04.2022-05-50-01.json’

     0K                                                       100% 12.3M=0s

2022-04-27 05:50:02 (12.3 MB/s) - ‘/root/process_mining/announcements/data/27_04_2022/ann27.04.2022-05-50-01.json’ saved [60/60]

--2022-04-27 06:00:01--  https://files.cloudgdansk.pl/d/otwarte-dane/ztm/bsk.json
Resolving files.cloudgdansk.pl (files.cloudgdansk.pl)... 153.19.238.147
Connecting to files.cloudgdansk.pl (files.cloudgdansk.pl)|153.19.238.147|:443... connected.
HTTP request sent, awaiting response... 200 OK
Length: 60 [text/plain]
Saving to: ‘/root/process_mining/announcements/data/27_04_2022/ann27.04.2022-06-00-01.json’

     0K                                                       100% 12.2M=0s

2022-04-27 06:00:02 (12.2 MB/s) - ‘/root/process_mining/announcements/data/27_04_2022/ann27.04.2022-06-00-01.json’ saved [60/60]

--2022-04-27 06:10:01--  https://files.cloudgdansk.pl/d/otwarte-dane/ztm/bsk.json
Resolving files.cloudgdansk.pl (files.cloudgdansk.pl)... 153.19.238.147
Connecting to files.cloudgdansk.pl (files.cloudgdansk.pl)|153.19.238.147|:443... connected.
HTTP request sent, awaiting response... 200 OK
Length: 60 [text/plain]
Saving to: ‘/root/process_mining/announcements/data/27_04_2022/ann27.04.2022-06-10-01.json’

     0K                                                       100% 12.0M=0s

2022-04-27 06:10:02 (12.0 MB/s) - ‘/root/process_mining/announcements/data/27_04_2022/ann27.04.2022-06-10-01.json’ saved [60/60]

--2022-04-27 06:20:01--  https://files.cloudgdansk.pl/d/otwarte-dane/ztm/bsk.json
Resolving files.cloudgdansk.pl (files.cloudgdansk.pl)... 153.19.238.147
Connecting to files.cloudgdansk.pl (files.cloudgdansk.pl)|153.19.238.147|:443... connected.
HTTP request sent, awaiting response... 200 OK
Length: 60 [text/plain]
Saving to: ‘/root/process_mining/announcements/data/27_04_2022/ann27.04.2022-06-20-01.json’

     0K                                                       100% 11.7M=0s

2022-04-27 06:20:02 (11.7 MB/s) - ‘/root/process_mining/announcements/data/27_04_2022/ann27.04.2022-06-20-01.json’ saved [60/60]

--2022-04-27 06:30:01--  https://files.cloudgdansk.pl/d/otwarte-dane/ztm/bsk.json
Resolving files.cloudgdansk.pl (files.cloudgdansk.pl)... 153.19.238.147
Connecting to files.cloudgdansk.pl (files.cloudgdansk.pl)|153.19.238.147|:443... connected.
HTTP request sent, awaiting response... 200 OK
Length: 60 [text/plain]
Saving to: ‘/root/process_mining/announcements/data/27_04_2022/ann27.04.2022-06-30-01.json’

     0K                                                       100% 11.8M=0s

2022-04-27 06:30:02 (11.8 MB/s) - ‘/root/process_mining/announcements/data/27_04_2022/ann27.04.2022-06-30-01.json’ saved [60/60]

--2022-04-27 06:40:00--  https://files.cloudgdansk.pl/d/otwarte-dane/ztm/bsk.json
Resolving files.cloudgdansk.pl (files.cloudgdansk.pl)... 153.19.238.147
Connecting to files.cloudgdansk.pl (files.cloudgdansk.pl)|153.19.238.147|:443... connected.
HTTP request sent, awaiting response... 200 OK
Length: 60 [text/plain]
Saving to: ‘/root/process_mining/announcements/data/27_04_2022/ann27.04.2022-06-40-00.json’

     0K                                                       100% 12.3M=0s

2022-04-27 06:40:01 (12.3 MB/s) - ‘/root/process_mining/announcements/data/27_04_2022/ann27.04.2022-06-40-00.json’ saved [60/60]

--2022-04-27 06:50:00--  https://files.cloudgdansk.pl/d/otwarte-dane/ztm/bsk.json
Resolving files.cloudgdansk.pl (files.cloudgdansk.pl)... 153.19.238.147
Connecting to files.cloudgdansk.pl (files.cloudgdansk.pl)|153.19.238.147|:443... connected.
HTTP request sent, awaiting response... 200 OK
Length: 60 [text/plain]
Saving to: ‘/root/process_mining/announcements/data/27_04_2022/ann27.04.2022-06-50-00.json’

     0K                                                       100% 11.8M=0s

2022-04-27 06:50:00 (11.8 MB/s) - ‘/root/process_mining/announcements/data/27_04_2022/ann27.04.2022-06-50-00.json’ saved [60/60]

--2022-04-27 07:00:00--  https://files.cloudgdansk.pl/d/otwarte-dane/ztm/bsk.json
Resolving files.cloudgdansk.pl (files.cloudgdansk.pl)... 153.19.238.147
Connecting to files.cloudgdansk.pl (files.cloudgdansk.pl)|153.19.238.147|:443... connected.
HTTP request sent, awaiting response... 200 OK
Length: 60 [text/plain]
Saving to: ‘/root/process_mining/announcements/data/27_04_2022/ann27.04.2022-07-00-00.json’

     0K                                                       100% 11.9M=0s

2022-04-27 07:00:00 (11.9 MB/s) - ‘/root/process_mining/announcements/data/27_04_2022/ann27.04.2022-07-00-00.json’ saved [60/60]

--2022-04-27 07:10:01--  https://files.cloudgdansk.pl/d/otwarte-dane/ztm/bsk.json
Resolving files.cloudgdansk.pl (files.cloudgdansk.pl)... 153.19.238.147
Connecting to files.cloudgdansk.pl (files.cloudgdansk.pl)|153.19.238.147|:443... connected.
HTTP request sent, awaiting response... 200 OK
Length: 60 [text/plain]
Saving to: ‘/root/process_mining/announcements/data/27_04_2022/ann27.04.2022-07-10-01.json’

     0K                                                       100% 10.6M=0s

2022-04-27 07:10:01 (10.6 MB/s) - ‘/root/process_mining/announcements/data/27_04_2022/ann27.04.2022-07-10-01.json’ saved [60/60]

--2022-04-27 07:20:00--  https://files.cloudgdansk.pl/d/otwarte-dane/ztm/bsk.json
Resolving files.cloudgdansk.pl (files.cloudgdansk.pl)... 153.19.238.147
Connecting to files.cloudgdansk.pl (files.cloudgdansk.pl)|153.19.238.147|:443... connected.
HTTP request sent, awaiting response... 200 OK
Length: 503 [application/json]
Saving to: ‘/root/process_mining/announcements/data/27_04_2022/ann27.04.2022-07-20-00.json’

     0K                                                       100%  102M=0s

2022-04-27 07:20:00 (102 MB/s) - ‘/root/process_mining/announcements/data/27_04_2022/ann27.04.2022-07-20-00.json’ saved [503/503]

--2022-04-27 07:30:01--  https://files.cloudgdansk.pl/d/otwarte-dane/ztm/bsk.json
Resolving files.cloudgdansk.pl (files.cloudgdansk.pl)... 153.19.238.147
Connecting to files.cloudgdansk.pl (files.cloudgdansk.pl)|153.19.238.147|:443... connected.
HTTP request sent, awaiting response... 200 OK
Length: 503 [application/json]
Saving to: ‘/root/process_mining/announcements/data/27_04_2022/ann27.04.2022-07-30-01.json’

     0K                                                       100% 92.6M=0s

2022-04-27 07:30:01 (92.6 MB/s) - ‘/root/process_mining/announcements/data/27_04_2022/ann27.04.2022-07-30-01.json’ saved [503/503]

--2022-04-27 07:40:01--  https://files.cloudgdansk.pl/d/otwarte-dane/ztm/bsk.json
Resolving files.cloudgdansk.pl (files.cloudgdansk.pl)... 153.19.238.147
Connecting to files.cloudgdansk.pl (files.cloudgdansk.pl)|153.19.238.147|:443... connected.
HTTP request sent, awaiting response... 200 OK
Length: 503 [application/json]
Saving to: ‘/root/process_mining/announcements/data/27_04_2022/ann27.04.2022-07-40-01.json’

     0K                                                       100%  102M=0s

2022-04-27 07:40:01 (102 MB/s) - ‘/root/process_mining/announcements/data/27_04_2022/ann27.04.2022-07-40-01.json’ saved [503/503]

--2022-04-27 07:50:00--  https://files.cloudgdansk.pl/d/otwarte-dane/ztm/bsk.json
Resolving files.cloudgdansk.pl (files.cloudgdansk.pl)... 153.19.238.147
Connecting to files.cloudgdansk.pl (files.cloudgdansk.pl)|153.19.238.147|:443... connected.
HTTP request sent, awaiting response... 200 OK
Length: 60 [text/plain]
Saving to: ‘/root/process_mining/announcements/data/27_04_2022/ann27.04.2022-07-50-00.json’

     0K                                                       100% 11.6M=0s

2022-04-27 07:50:00 (11.6 MB/s) - ‘/root/process_mining/announcements/data/27_04_2022/ann27.04.2022-07-50-00.json’ saved [60/60]

--2022-04-27 08:00:01--  https://files.cloudgdansk.pl/d/otwarte-dane/ztm/bsk.json
Resolving files.cloudgdansk.pl (files.cloudgdansk.pl)... 153.19.238.147
Connecting to files.cloudgdansk.pl (files.cloudgdansk.pl)|153.19.238.147|:443... connected.
HTTP request sent, awaiting response... 200 OK
Length: 60 [text/plain]
Saving to: ‘/root/process_mining/announcements/data/27_04_2022/ann27.04.2022-08-00-01.json’

     0K                                                       100% 10.4M=0s

2022-04-27 08:00:02 (10.4 MB/s) - ‘/root/process_mining/announcements/data/27_04_2022/ann27.04.2022-08-00-01.json’ saved [60/60]

--2022-04-27 08:10:01--  https://files.cloudgdansk.pl/d/otwarte-dane/ztm/bsk.json
Resolving files.cloudgdansk.pl (files.cloudgdansk.pl)... 153.19.238.147
Connecting to files.cloudgdansk.pl (files.cloudgdansk.pl)|153.19.238.147|:443... connected.
HTTP request sent, awaiting response... 200 OK
Length: 60 [text/plain]
Saving to: ‘/root/process_mining/announcements/data/27_04_2022/ann27.04.2022-08-10-01.json’

     0K                                                       100% 8.73M=0s

2022-04-27 08:10:02 (8.73 MB/s) - ‘/root/process_mining/announcements/data/27_04_2022/ann27.04.2022-08-10-01.json’ saved [60/60]

--2022-04-27 08:20:01--  https://files.cloudgdansk.pl/d/otwarte-dane/ztm/bsk.json
Resolving files.cloudgdansk.pl (files.cloudgdansk.pl)... 153.19.238.147
Connecting to files.cloudgdansk.pl (files.cloudgdansk.pl)|153.19.238.147|:443... connected.
HTTP request sent, awaiting response... 200 OK
Length: 60 [text/plain]
Saving to: ‘/root/process_mining/announcements/data/27_04_2022/ann27.04.2022-08-20-01.json’

     0K                                                       100% 13.0M=0s

2022-04-27 08:20:01 (13.0 MB/s) - ‘/root/process_mining/announcements/data/27_04_2022/ann27.04.2022-08-20-01.json’ saved [60/60]

--2022-04-27 08:30:01--  https://files.cloudgdansk.pl/d/otwarte-dane/ztm/bsk.json
Resolving files.cloudgdansk.pl (files.cloudgdansk.pl)... 153.19.238.147
Connecting to files.cloudgdansk.pl (files.cloudgdansk.pl)|153.19.238.147|:443... connected.
HTTP request sent, awaiting response... 200 OK
Length: 60 [text/plain]
Saving to: ‘/root/process_mining/announcements/data/27_04_2022/ann27.04.2022-08-30-01.json’

     0K                                                       100% 12.1M=0s

2022-04-27 08:30:02 (12.1 MB/s) - ‘/root/process_mining/announcements/data/27_04_2022/ann27.04.2022-08-30-01.json’ saved [60/60]

--2022-04-27 08:40:01--  https://files.cloudgdansk.pl/d/otwarte-dane/ztm/bsk.json
Resolving files.cloudgdansk.pl (files.cloudgdansk.pl)... 153.19.238.147
Connecting to files.cloudgdansk.pl (files.cloudgdansk.pl)|153.19.238.147|:443... connected.
HTTP request sent, awaiting response... 200 OK
Length: 60 [text/plain]
Saving to: ‘/root/process_mining/announcements/data/27_04_2022/ann27.04.2022-08-40-01.json’

     0K                                                       100% 11.7M=0s

2022-04-27 08:40:02 (11.7 MB/s) - ‘/root/process_mining/announcements/data/27_04_2022/ann27.04.2022-08-40-01.json’ saved [60/60]

--2022-04-27 08:50:01--  https://files.cloudgdansk.pl/d/otwarte-dane/ztm/bsk.json
Resolving files.cloudgdansk.pl (files.cloudgdansk.pl)... 153.19.238.147
Connecting to files.cloudgdansk.pl (files.cloudgdansk.pl)|153.19.238.147|:443... connected.
HTTP request sent, awaiting response... 200 OK
Length: 60 [text/plain]
Saving to: ‘/root/process_mining/announcements/data/27_04_2022/ann27.04.2022-08-50-01.json’

     0K                                                       100% 12.2M=0s

2022-04-27 08:50:01 (12.2 MB/s) - ‘/root/process_mining/announcements/data/27_04_2022/ann27.04.2022-08-50-01.json’ saved [60/60]

--2022-04-27 09:00:01--  https://files.cloudgdansk.pl/d/otwarte-dane/ztm/bsk.json
Resolving files.cloudgdansk.pl (files.cloudgdansk.pl)... 153.19.238.147
Connecting to files.cloudgdansk.pl (files.cloudgdansk.pl)|153.19.238.147|:443... connected.
HTTP request sent, awaiting response... 200 OK
Length: 60 [text/plain]
Saving to: ‘/root/process_mining/announcements/data/27_04_2022/ann27.04.2022-09-00-01.json’

     0K                                                       100% 13.2M=0s

2022-04-27 09:00:02 (13.2 MB/s) - ‘/root/process_mining/announcements/data/27_04_2022/ann27.04.2022-09-00-01.json’ saved [60/60]

--2022-04-27 09:10:01--  https://files.cloudgdansk.pl/d/otwarte-dane/ztm/bsk.json
Resolving files.cloudgdansk.pl (files.cloudgdansk.pl)... 153.19.238.147
Connecting to files.cloudgdansk.pl (files.cloudgdansk.pl)|153.19.238.147|:443... connected.
HTTP request sent, awaiting response... 200 OK
Length: 60 [text/plain]
Saving to: ‘/root/process_mining/announcements/data/27_04_2022/ann27.04.2022-09-10-01.json’

     0K                                                       100% 11.9M=0s

2022-04-27 09:10:02 (11.9 MB/s) - ‘/root/process_mining/announcements/data/27_04_2022/ann27.04.2022-09-10-01.json’ saved [60/60]

--2022-04-27 09:20:01--  https://files.cloudgdansk.pl/d/otwarte-dane/ztm/bsk.json
Resolving files.cloudgdansk.pl (files.cloudgdansk.pl)... 153.19.238.147
Connecting to files.cloudgdansk.pl (files.cloudgdansk.pl)|153.19.238.147|:443... connected.
HTTP request sent, awaiting response... 200 OK
Length: 60 [text/plain]
Saving to: ‘/root/process_mining/announcements/data/27_04_2022/ann27.04.2022-09-20-01.json’

     0K                                                       100% 12.0M=0s

2022-04-27 09:20:02 (12.0 MB/s) - ‘/root/process_mining/announcements/data/27_04_2022/ann27.04.2022-09-20-01.json’ saved [60/60]

--2022-04-27 09:30:01--  https://files.cloudgdansk.pl/d/otwarte-dane/ztm/bsk.json
Resolving files.cloudgdansk.pl (files.cloudgdansk.pl)... 153.19.238.147
Connecting to files.cloudgdansk.pl (files.cloudgdansk.pl)|153.19.238.147|:443... connected.
HTTP request sent, awaiting response... 200 OK
Length: 60 [text/plain]
Saving to: ‘/root/process_mining/announcements/data/27_04_2022/ann27.04.2022-09-30-01.json’

     0K                                                       100% 12.8M=0s

2022-04-27 09:30:02 (12.8 MB/s) - ‘/root/process_mining/announcements/data/27_04_2022/ann27.04.2022-09-30-01.json’ saved [60/60]

--2022-04-27 09:40:01--  https://files.cloudgdansk.pl/d/otwarte-dane/ztm/bsk.json
Resolving files.cloudgdansk.pl (files.cloudgdansk.pl)... 153.19.238.147
Connecting to files.cloudgdansk.pl (files.cloudgdansk.pl)|153.19.238.147|:443... connected.
HTTP request sent, awaiting response... 200 OK
Length: 60 [text/plain]
Saving to: ‘/root/process_mining/announcements/data/27_04_2022/ann27.04.2022-09-40-01.json’

     0K                                                       100% 12.5M=0s

2022-04-27 09:40:01 (12.5 MB/s) - ‘/root/process_mining/announcements/data/27_04_2022/ann27.04.2022-09-40-01.json’ saved [60/60]

--2022-04-27 09:50:01--  https://files.cloudgdansk.pl/d/otwarte-dane/ztm/bsk.json
Resolving files.cloudgdansk.pl (files.cloudgdansk.pl)... 153.19.238.147
Connecting to files.cloudgdansk.pl (files.cloudgdansk.pl)|153.19.238.147|:443... connected.
HTTP request sent, awaiting response... 200 OK
Length: 60 [text/plain]
Saving to: ‘/root/process_mining/announcements/data/27_04_2022/ann27.04.2022-09-50-01.json’

     0K                                                       100% 12.0M=0s

2022-04-27 09:50:01 (12.0 MB/s) - ‘/root/process_mining/announcements/data/27_04_2022/ann27.04.2022-09-50-01.json’ saved [60/60]

--2022-04-27 10:00:01--  https://files.cloudgdansk.pl/d/otwarte-dane/ztm/bsk.json
Resolving files.cloudgdansk.pl (files.cloudgdansk.pl)... 153.19.238.147
Connecting to files.cloudgdansk.pl (files.cloudgdansk.pl)|153.19.238.147|:443... connected.
HTTP request sent, awaiting response... 200 OK
Length: 60 [text/plain]
Saving to: ‘/root/process_mining/announcements/data/27_04_2022/ann27.04.2022-10-00-01.json’

     0K                                                       100% 12.9M=0s

2022-04-27 10:00:01 (12.9 MB/s) - ‘/root/process_mining/announcements/data/27_04_2022/ann27.04.2022-10-00-01.json’ saved [60/60]

--2022-04-27 10:10:02--  https://files.cloudgdansk.pl/d/otwarte-dane/ztm/bsk.json
Resolving files.cloudgdansk.pl (files.cloudgdansk.pl)... 153.19.238.147
Connecting to files.cloudgdansk.pl (files.cloudgdansk.pl)|153.19.238.147|:443... connected.
HTTP request sent, awaiting response... 200 OK
Length: 60 [text/plain]
Saving to: ‘/root/process_mining/announcements/data/27_04_2022/ann27.04.2022-10-10-02.json’

     0K                                                       100% 12.1M=0s

2022-04-27 10:10:02 (12.1 MB/s) - ‘/root/process_mining/announcements/data/27_04_2022/ann27.04.2022-10-10-02.json’ saved [60/60]

--2022-04-27 10:20:01--  https://files.cloudgdansk.pl/d/otwarte-dane/ztm/bsk.json
Resolving files.cloudgdansk.pl (files.cloudgdansk.pl)... 153.19.238.147
Connecting to files.cloudgdansk.pl (files.cloudgdansk.pl)|153.19.238.147|:443... connected.
HTTP request sent, awaiting response... 200 OK
Length: 60 [text/plain]
Saving to: ‘/root/process_mining/announcements/data/27_04_2022/ann27.04.2022-10-20-01.json’

     0K                                                       100% 12.1M=0s

2022-04-27 10:20:01 (12.1 MB/s) - ‘/root/process_mining/announcements/data/27_04_2022/ann27.04.2022-10-20-01.json’ saved [60/60]

--2022-04-27 10:30:01--  https://files.cloudgdansk.pl/d/otwarte-dane/ztm/bsk.json
Resolving files.cloudgdansk.pl (files.cloudgdansk.pl)... 153.19.238.147
Connecting to files.cloudgdansk.pl (files.cloudgdansk.pl)|153.19.238.147|:443... connected.
HTTP request sent, awaiting response... 200 OK
Length: 60 [text/plain]
Saving to: ‘/root/process_mining/announcements/data/27_04_2022/ann27.04.2022-10-30-01.json’

     0K                                                       100% 11.7M=0s

2022-04-27 10:30:01 (11.7 MB/s) - ‘/root/process_mining/announcements/data/27_04_2022/ann27.04.2022-10-30-01.json’ saved [60/60]

--2022-04-27 10:40:01--  https://files.cloudgdansk.pl/d/otwarte-dane/ztm/bsk.json
Resolving files.cloudgdansk.pl (files.cloudgdansk.pl)... 153.19.238.147
Connecting to files.cloudgdansk.pl (files.cloudgdansk.pl)|153.19.238.147|:443... connected.
HTTP request sent, awaiting response... 200 OK
Length: 60 [text/plain]
Saving to: ‘/root/process_mining/announcements/data/27_04_2022/ann27.04.2022-10-40-01.json’

     0K                                                       100% 13.0M=0s

2022-04-27 10:40:02 (13.0 MB/s) - ‘/root/process_mining/announcements/data/27_04_2022/ann27.04.2022-10-40-01.json’ saved [60/60]

--2022-04-27 10:50:01--  https://files.cloudgdansk.pl/d/otwarte-dane/ztm/bsk.json
Resolving files.cloudgdansk.pl (files.cloudgdansk.pl)... 153.19.238.147
Connecting to files.cloudgdansk.pl (files.cloudgdansk.pl)|153.19.238.147|:443... connected.
HTTP request sent, awaiting response... 200 OK
Length: 60 [text/plain]
Saving to: ‘/root/process_mining/announcements/data/27_04_2022/ann27.04.2022-10-50-01.json’

     0K                                                       100% 12.0M=0s

2022-04-27 10:50:01 (12.0 MB/s) - ‘/root/process_mining/announcements/data/27_04_2022/ann27.04.2022-10-50-01.json’ saved [60/60]

--2022-04-27 11:00:01--  https://files.cloudgdansk.pl/d/otwarte-dane/ztm/bsk.json
Resolving files.cloudgdansk.pl (files.cloudgdansk.pl)... 153.19.238.147
Connecting to files.cloudgdansk.pl (files.cloudgdansk.pl)|153.19.238.147|:443... connected.
HTTP request sent, awaiting response... 200 OK
Length: 60 [text/plain]
Saving to: ‘/root/process_mining/announcements/data/27_04_2022/ann27.04.2022-11-00-01.json’

     0K                                                       100% 10.6M=0s

2022-04-27 11:00:02 (10.6 MB/s) - ‘/root/process_mining/announcements/data/27_04_2022/ann27.04.2022-11-00-01.json’ saved [60/60]

--2022-04-27 11:10:01--  https://files.cloudgdansk.pl/d/otwarte-dane/ztm/bsk.json
Resolving files.cloudgdansk.pl (files.cloudgdansk.pl)... 153.19.238.147
Connecting to files.cloudgdansk.pl (files.cloudgdansk.pl)|153.19.238.147|:443... connected.
HTTP request sent, awaiting response... 200 OK
Length: 60 [text/plain]
Saving to: ‘/root/process_mining/announcements/data/27_04_2022/ann27.04.2022-11-10-01.json’

     0K                                                       100% 12.3M=0s

2022-04-27 11:10:02 (12.3 MB/s) - ‘/root/process_mining/announcements/data/27_04_2022/ann27.04.2022-11-10-01.json’ saved [60/60]

--2022-04-27 11:20:01--  https://files.cloudgdansk.pl/d/otwarte-dane/ztm/bsk.json
Resolving files.cloudgdansk.pl (files.cloudgdansk.pl)... 153.19.238.147
Connecting to files.cloudgdansk.pl (files.cloudgdansk.pl)|153.19.238.147|:443... connected.
HTTP request sent, awaiting response... 200 OK
Length: 60 [text/plain]
Saving to: ‘/root/process_mining/announcements/data/27_04_2022/ann27.04.2022-11-20-01.json’

     0K                                                       100% 12.0M=0s

2022-04-27 11:20:02 (12.0 MB/s) - ‘/root/process_mining/announcements/data/27_04_2022/ann27.04.2022-11-20-01.json’ saved [60/60]

--2022-04-27 11:30:01--  https://files.cloudgdansk.pl/d/otwarte-dane/ztm/bsk.json
Resolving files.cloudgdansk.pl (files.cloudgdansk.pl)... 153.19.238.147
Connecting to files.cloudgdansk.pl (files.cloudgdansk.pl)|153.19.238.147|:443... connected.
HTTP request sent, awaiting response... 200 OK
Length: 60 [text/plain]
Saving to: ‘/root/process_mining/announcements/data/27_04_2022/ann27.04.2022-11-30-01.json’

     0K                                                       100% 11.7M=0s

2022-04-27 11:30:02 (11.7 MB/s) - ‘/root/process_mining/announcements/data/27_04_2022/ann27.04.2022-11-30-01.json’ saved [60/60]

--2022-04-27 11:40:02--  https://files.cloudgdansk.pl/d/otwarte-dane/ztm/bsk.json
Resolving files.cloudgdansk.pl (files.cloudgdansk.pl)... 153.19.238.147
Connecting to files.cloudgdansk.pl (files.cloudgdansk.pl)|153.19.238.147|:443... connected.
HTTP request sent, awaiting response... 200 OK
Length: 60 [text/plain]
Saving to: ‘/root/process_mining/announcements/data/27_04_2022/ann27.04.2022-11-40-02.json’

     0K                                                       100% 10.5M=0s

2022-04-27 11:40:03 (10.5 MB/s) - ‘/root/process_mining/announcements/data/27_04_2022/ann27.04.2022-11-40-02.json’ saved [60/60]

--2022-04-27 11:50:01--  https://files.cloudgdansk.pl/d/otwarte-dane/ztm/bsk.json
Resolving files.cloudgdansk.pl (files.cloudgdansk.pl)... 153.19.238.147
Connecting to files.cloudgdansk.pl (files.cloudgdansk.pl)|153.19.238.147|:443... connected.
HTTP request sent, awaiting response... 200 OK
Length: 60 [text/plain]
Saving to: ‘/root/process_mining/announcements/data/27_04_2022/ann27.04.2022-11-50-01.json’

     0K                                                       100% 12.1M=0s

2022-04-27 11:50:02 (12.1 MB/s) - ‘/root/process_mining/announcements/data/27_04_2022/ann27.04.2022-11-50-01.json’ saved [60/60]

--2022-04-27 12:00:01--  https://files.cloudgdansk.pl/d/otwarte-dane/ztm/bsk.json
Resolving files.cloudgdansk.pl (files.cloudgdansk.pl)... 153.19.238.147
Connecting to files.cloudgdansk.pl (files.cloudgdansk.pl)|153.19.238.147|:443... connected.
HTTP request sent, awaiting response... 200 OK
Length: 60 [text/plain]
Saving to: ‘/root/process_mining/announcements/data/27_04_2022/ann27.04.2022-12-00-01.json’

     0K                                                       100% 11.9M=0s

2022-04-27 12:00:01 (11.9 MB/s) - ‘/root/process_mining/announcements/data/27_04_2022/ann27.04.2022-12-00-01.json’ saved [60/60]

--2022-04-27 12:10:01--  https://files.cloudgdansk.pl/d/otwarte-dane/ztm/bsk.json
Resolving files.cloudgdansk.pl (files.cloudgdansk.pl)... 153.19.238.147
Connecting to files.cloudgdansk.pl (files.cloudgdansk.pl)|153.19.238.147|:443... connected.
HTTP request sent, awaiting response... 200 OK
Length: 60 [text/plain]
Saving to: ‘/root/process_mining/announcements/data/27_04_2022/ann27.04.2022-12-10-01.json’

     0K                                                       100% 12.2M=0s

2022-04-27 12:10:01 (12.2 MB/s) - ‘/root/process_mining/announcements/data/27_04_2022/ann27.04.2022-12-10-01.json’ saved [60/60]

--2022-04-27 12:20:01--  https://files.cloudgdansk.pl/d/otwarte-dane/ztm/bsk.json
Resolving files.cloudgdansk.pl (files.cloudgdansk.pl)... 153.19.238.147
Connecting to files.cloudgdansk.pl (files.cloudgdansk.pl)|153.19.238.147|:443... connected.
HTTP request sent, awaiting response... 200 OK
Length: 60 [text/plain]
Saving to: ‘/root/process_mining/announcements/data/27_04_2022/ann27.04.2022-12-20-01.json’

     0K                                                       100% 11.4M=0s

2022-04-27 12:20:02 (11.4 MB/s) - ‘/root/process_mining/announcements/data/27_04_2022/ann27.04.2022-12-20-01.json’ saved [60/60]

--2022-04-27 12:30:01--  https://files.cloudgdansk.pl/d/otwarte-dane/ztm/bsk.json
Resolving files.cloudgdansk.pl (files.cloudgdansk.pl)... 153.19.238.147
Connecting to files.cloudgdansk.pl (files.cloudgdansk.pl)|153.19.238.147|:443... connected.
HTTP request sent, awaiting response... 200 OK
Length: 60 [text/plain]
Saving to: ‘/root/process_mining/announcements/data/27_04_2022/ann27.04.2022-12-30-01.json’

     0K                                                       100% 11.5M=0s

2022-04-27 12:30:01 (11.5 MB/s) - ‘/root/process_mining/announcements/data/27_04_2022/ann27.04.2022-12-30-01.json’ saved [60/60]

--2022-04-27 12:40:01--  https://files.cloudgdansk.pl/d/otwarte-dane/ztm/bsk.json
Resolving files.cloudgdansk.pl (files.cloudgdansk.pl)... 153.19.238.147
Connecting to files.cloudgdansk.pl (files.cloudgdansk.pl)|153.19.238.147|:443... connected.
HTTP request sent, awaiting response... 200 OK
Length: 60 [text/plain]
Saving to: ‘/root/process_mining/announcements/data/27_04_2022/ann27.04.2022-12-40-01.json’

     0K                                                       100% 13.1M=0s

2022-04-27 12:40:02 (13.1 MB/s) - ‘/root/process_mining/announcements/data/27_04_2022/ann27.04.2022-12-40-01.json’ saved [60/60]

--2022-04-27 12:50:01--  https://files.cloudgdansk.pl/d/otwarte-dane/ztm/bsk.json
Resolving files.cloudgdansk.pl (files.cloudgdansk.pl)... 153.19.238.147
Connecting to files.cloudgdansk.pl (files.cloudgdansk.pl)|153.19.238.147|:443... connected.
HTTP request sent, awaiting response... 200 OK
Length: 60 [text/plain]
Saving to: ‘/root/process_mining/announcements/data/27_04_2022/ann27.04.2022-12-50-01.json’

     0K                                                       100% 11.5M=0s

2022-04-27 12:50:02 (11.5 MB/s) - ‘/root/process_mining/announcements/data/27_04_2022/ann27.04.2022-12-50-01.json’ saved [60/60]

--2022-04-27 13:00:01--  https://files.cloudgdansk.pl/d/otwarte-dane/ztm/bsk.json
Resolving files.cloudgdansk.pl (files.cloudgdansk.pl)... 153.19.238.147
Connecting to files.cloudgdansk.pl (files.cloudgdansk.pl)|153.19.238.147|:443... connected.
HTTP request sent, awaiting response... 200 OK
Length: 60 [text/plain]
Saving to: ‘/root/process_mining/announcements/data/27_04_2022/ann27.04.2022-13-00-01.json’

     0K                                                       100% 12.1M=0s

2022-04-27 13:00:02 (12.1 MB/s) - ‘/root/process_mining/announcements/data/27_04_2022/ann27.04.2022-13-00-01.json’ saved [60/60]

--2022-04-27 13:10:01--  https://files.cloudgdansk.pl/d/otwarte-dane/ztm/bsk.json
Resolving files.cloudgdansk.pl (files.cloudgdansk.pl)... 153.19.238.147
Connecting to files.cloudgdansk.pl (files.cloudgdansk.pl)|153.19.238.147|:443... connected.
HTTP request sent, awaiting response... 200 OK
Length: 60 [text/plain]
Saving to: ‘/root/process_mining/announcements/data/27_04_2022/ann27.04.2022-13-10-01.json’

     0K                                                       100% 11.6M=0s

2022-04-27 13:10:01 (11.6 MB/s) - ‘/root/process_mining/announcements/data/27_04_2022/ann27.04.2022-13-10-01.json’ saved [60/60]

--2022-04-27 13:20:01--  https://files.cloudgdansk.pl/d/otwarte-dane/ztm/bsk.json
Resolving files.cloudgdansk.pl (files.cloudgdansk.pl)... 153.19.238.147
Connecting to files.cloudgdansk.pl (files.cloudgdansk.pl)|153.19.238.147|:443... connected.
HTTP request sent, awaiting response... 200 OK
Length: 60 [text/plain]
Saving to: ‘/root/process_mining/announcements/data/27_04_2022/ann27.04.2022-13-20-01.json’

     0K                                                       100% 12.3M=0s

2022-04-27 13:20:01 (12.3 MB/s) - ‘/root/process_mining/announcements/data/27_04_2022/ann27.04.2022-13-20-01.json’ saved [60/60]

--2022-04-27 13:30:01--  https://files.cloudgdansk.pl/d/otwarte-dane/ztm/bsk.json
Resolving files.cloudgdansk.pl (files.cloudgdansk.pl)... 153.19.238.147
Connecting to files.cloudgdansk.pl (files.cloudgdansk.pl)|153.19.238.147|:443... connected.
HTTP request sent, awaiting response... 200 OK
Length: 60 [text/plain]
Saving to: ‘/root/process_mining/announcements/data/27_04_2022/ann27.04.2022-13-30-01.json’

     0K                                                       100% 9.58M=0s

2022-04-27 13:30:02 (9.58 MB/s) - ‘/root/process_mining/announcements/data/27_04_2022/ann27.04.2022-13-30-01.json’ saved [60/60]

--2022-04-27 13:40:01--  https://files.cloudgdansk.pl/d/otwarte-dane/ztm/bsk.json
Resolving files.cloudgdansk.pl (files.cloudgdansk.pl)... 153.19.238.147
Connecting to files.cloudgdansk.pl (files.cloudgdansk.pl)|153.19.238.147|:443... connected.
HTTP request sent, awaiting response... 200 OK
Length: 60 [text/plain]
Saving to: ‘/root/process_mining/announcements/data/27_04_2022/ann27.04.2022-13-40-01.json’

     0K                                                       100% 11.0M=0s

2022-04-27 13:40:02 (11.0 MB/s) - ‘/root/process_mining/announcements/data/27_04_2022/ann27.04.2022-13-40-01.json’ saved [60/60]

--2022-04-27 13:50:01--  https://files.cloudgdansk.pl/d/otwarte-dane/ztm/bsk.json
Resolving files.cloudgdansk.pl (files.cloudgdansk.pl)... 153.19.238.147
Connecting to files.cloudgdansk.pl (files.cloudgdansk.pl)|153.19.238.147|:443... connected.
HTTP request sent, awaiting response... 200 OK
Length: 60 [text/plain]
Saving to: ‘/root/process_mining/announcements/data/27_04_2022/ann27.04.2022-13-50-01.json’

     0K                                                       100% 12.5M=0s

2022-04-27 13:50:02 (12.5 MB/s) - ‘/root/process_mining/announcements/data/27_04_2022/ann27.04.2022-13-50-01.json’ saved [60/60]

--2022-04-27 14:00:01--  https://files.cloudgdansk.pl/d/otwarte-dane/ztm/bsk.json
Resolving files.cloudgdansk.pl (files.cloudgdansk.pl)... 153.19.238.147
Connecting to files.cloudgdansk.pl (files.cloudgdansk.pl)|153.19.238.147|:443... connected.
HTTP request sent, awaiting response... 200 OK
Length: 60 [text/plain]
Saving to: ‘/root/process_mining/announcements/data/27_04_2022/ann27.04.2022-14-00-01.json’

     0K                                                       100% 9.95M=0s

2022-04-27 14:00:01 (9.95 MB/s) - ‘/root/process_mining/announcements/data/27_04_2022/ann27.04.2022-14-00-01.json’ saved [60/60]

--2022-04-27 14:10:01--  https://files.cloudgdansk.pl/d/otwarte-dane/ztm/bsk.json
Resolving files.cloudgdansk.pl (files.cloudgdansk.pl)... 153.19.238.147
Connecting to files.cloudgdansk.pl (files.cloudgdansk.pl)|153.19.238.147|:443... connected.
HTTP request sent, awaiting response... 200 OK
Length: 60 [text/plain]
Saving to: ‘/root/process_mining/announcements/data/27_04_2022/ann27.04.2022-14-10-01.json’

     0K                                                       100% 11.4M=0s

2022-04-27 14:10:02 (11.4 MB/s) - ‘/root/process_mining/announcements/data/27_04_2022/ann27.04.2022-14-10-01.json’ saved [60/60]

--2022-04-27 14:20:01--  https://files.cloudgdansk.pl/d/otwarte-dane/ztm/bsk.json
Resolving files.cloudgdansk.pl (files.cloudgdansk.pl)... 153.19.238.147
Connecting to files.cloudgdansk.pl (files.cloudgdansk.pl)|153.19.238.147|:443... connected.
HTTP request sent, awaiting response... 200 OK
Length: 518 [application/json]
Saving to: ‘/root/process_mining/announcements/data/27_04_2022/ann27.04.2022-14-20-01.json’

     0K                                                       100% 99.8M=0s

2022-04-27 14:20:02 (99.8 MB/s) - ‘/root/process_mining/announcements/data/27_04_2022/ann27.04.2022-14-20-01.json’ saved [518/518]

--2022-04-27 14:30:01--  https://files.cloudgdansk.pl/d/otwarte-dane/ztm/bsk.json
Resolving files.cloudgdansk.pl (files.cloudgdansk.pl)... 153.19.238.147
Connecting to files.cloudgdansk.pl (files.cloudgdansk.pl)|153.19.238.147|:443... connected.
HTTP request sent, awaiting response... 200 OK
Length: 518 [application/json]
Saving to: ‘/root/process_mining/announcements/data/27_04_2022/ann27.04.2022-14-30-01.json’

     0K                                                       100% 94.9M=0s

2022-04-27 14:30:02 (94.9 MB/s) - ‘/root/process_mining/announcements/data/27_04_2022/ann27.04.2022-14-30-01.json’ saved [518/518]

--2022-04-27 14:40:01--  https://files.cloudgdansk.pl/d/otwarte-dane/ztm/bsk.json
Resolving files.cloudgdansk.pl (files.cloudgdansk.pl)... 153.19.238.147
Connecting to files.cloudgdansk.pl (files.cloudgdansk.pl)|153.19.238.147|:443... connected.
HTTP request sent, awaiting response... 200 OK
Length: 60 [text/plain]
Saving to: ‘/root/process_mining/announcements/data/27_04_2022/ann27.04.2022-14-40-01.json’

     0K                                                       100% 12.1M=0s

2022-04-27 14:40:10 (12.1 MB/s) - ‘/root/process_mining/announcements/data/27_04_2022/ann27.04.2022-14-40-01.json’ saved [60/60]

--2022-04-27 14:50:01--  https://files.cloudgdansk.pl/d/otwarte-dane/ztm/bsk.json
Resolving files.cloudgdansk.pl (files.cloudgdansk.pl)... 153.19.238.147
Connecting to files.cloudgdansk.pl (files.cloudgdansk.pl)|153.19.238.147|:443... connected.
HTTP request sent, awaiting response... 200 OK
Length: 60 [text/plain]
Saving to: ‘/root/process_mining/announcements/data/27_04_2022/ann27.04.2022-14-50-01.json’

     0K                                                       100% 12.3M=0s

2022-04-27 14:50:01 (12.3 MB/s) - ‘/root/process_mining/announcements/data/27_04_2022/ann27.04.2022-14-50-01.json’ saved [60/60]

--2022-04-27 15:00:01--  https://files.cloudgdansk.pl/d/otwarte-dane/ztm/bsk.json
Resolving files.cloudgdansk.pl (files.cloudgdansk.pl)... 153.19.238.147
Connecting to files.cloudgdansk.pl (files.cloudgdansk.pl)|153.19.238.147|:443... connected.
HTTP request sent, awaiting response... 200 OK
Length: 60 [text/plain]
Saving to: ‘/root/process_mining/announcements/data/27_04_2022/ann27.04.2022-15-00-01.json’

     0K                                                       100% 12.1M=0s

2022-04-27 15:00:01 (12.1 MB/s) - ‘/root/process_mining/announcements/data/27_04_2022/ann27.04.2022-15-00-01.json’ saved [60/60]

--2022-04-27 15:10:01--  https://files.cloudgdansk.pl/d/otwarte-dane/ztm/bsk.json
Resolving files.cloudgdansk.pl (files.cloudgdansk.pl)... 153.19.238.147
Connecting to files.cloudgdansk.pl (files.cloudgdansk.pl)|153.19.238.147|:443... connected.
HTTP request sent, awaiting response... 200 OK
Length: 60 [text/plain]
Saving to: ‘/root/process_mining/announcements/data/27_04_2022/ann27.04.2022-15-10-01.json’

     0K                                                       100% 11.3M=0s

2022-04-27 15:10:01 (11.3 MB/s) - ‘/root/process_mining/announcements/data/27_04_2022/ann27.04.2022-15-10-01.json’ saved [60/60]

--2022-04-27 15:20:01--  https://files.cloudgdansk.pl/d/otwarte-dane/ztm/bsk.json
Resolving files.cloudgdansk.pl (files.cloudgdansk.pl)... 153.19.238.147
Connecting to files.cloudgdansk.pl (files.cloudgdansk.pl)|153.19.238.147|:443... connected.
HTTP request sent, awaiting response... 200 OK
Length: 60 [text/plain]
Saving to: ‘/root/process_mining/announcements/data/27_04_2022/ann27.04.2022-15-20-01.json’

     0K                                                       100% 11.6M=0s

2022-04-27 15:20:02 (11.6 MB/s) - ‘/root/process_mining/announcements/data/27_04_2022/ann27.04.2022-15-20-01.json’ saved [60/60]

--2022-04-27 15:30:02--  https://files.cloudgdansk.pl/d/otwarte-dane/ztm/bsk.json
Resolving files.cloudgdansk.pl (files.cloudgdansk.pl)... 153.19.238.147
Connecting to files.cloudgdansk.pl (files.cloudgdansk.pl)|153.19.238.147|:443... connected.
HTTP request sent, awaiting response... 200 OK
Length: 529 [application/json]
Saving to: ‘/root/process_mining/announcements/data/27_04_2022/ann27.04.2022-15-30-02.json’

     0K                                                       100% 20.9M=0s

2022-04-27 15:30:02 (20.9 MB/s) - ‘/root/process_mining/announcements/data/27_04_2022/ann27.04.2022-15-30-02.json’ saved [529/529]

--2022-04-27 15:40:01--  https://files.cloudgdansk.pl/d/otwarte-dane/ztm/bsk.json
Resolving files.cloudgdansk.pl (files.cloudgdansk.pl)... 153.19.238.147
Connecting to files.cloudgdansk.pl (files.cloudgdansk.pl)|153.19.238.147|:443... connected.
HTTP request sent, awaiting response... 200 OK
Length: 529 [application/json]
Saving to: ‘/root/process_mining/announcements/data/27_04_2022/ann27.04.2022-15-40-01.json’

     0K                                                       100%  108M=0s

2022-04-27 15:40:02 (108 MB/s) - ‘/root/process_mining/announcements/data/27_04_2022/ann27.04.2022-15-40-01.json’ saved [529/529]

--2022-04-27 15:50:01--  https://files.cloudgdansk.pl/d/otwarte-dane/ztm/bsk.json
Resolving files.cloudgdansk.pl (files.cloudgdansk.pl)... 153.19.238.147
Connecting to files.cloudgdansk.pl (files.cloudgdansk.pl)|153.19.238.147|:443... connected.
HTTP request sent, awaiting response... 200 OK
Length: 60 [text/plain]
Saving to: ‘/root/process_mining/announcements/data/27_04_2022/ann27.04.2022-15-50-01.json’

     0K                                                       100% 9.34M=0s

2022-04-27 15:50:02 (9.34 MB/s) - ‘/root/process_mining/announcements/data/27_04_2022/ann27.04.2022-15-50-01.json’ saved [60/60]

--2022-04-27 16:00:01--  https://files.cloudgdansk.pl/d/otwarte-dane/ztm/bsk.json
Resolving files.cloudgdansk.pl (files.cloudgdansk.pl)... 153.19.238.147
Connecting to files.cloudgdansk.pl (files.cloudgdansk.pl)|153.19.238.147|:443... connected.
HTTP request sent, awaiting response... 200 OK
Length: 60 [text/plain]
Saving to: ‘/root/process_mining/announcements/data/27_04_2022/ann27.04.2022-16-00-01.json’

     0K                                                       100% 11.3M=0s

2022-04-27 16:00:02 (11.3 MB/s) - ‘/root/process_mining/announcements/data/27_04_2022/ann27.04.2022-16-00-01.json’ saved [60/60]

--2022-04-27 16:10:01--  https://files.cloudgdansk.pl/d/otwarte-dane/ztm/bsk.json
Resolving files.cloudgdansk.pl (files.cloudgdansk.pl)... 153.19.238.147
Connecting to files.cloudgdansk.pl (files.cloudgdansk.pl)|153.19.238.147|:443... connected.
HTTP request sent, awaiting response... 200 OK
Length: 60 [text/plain]
Saving to: ‘/root/process_mining/announcements/data/27_04_2022/ann27.04.2022-16-10-01.json’

     0K                                                       100% 9.83M=0s

2022-04-27 16:10:01 (9.83 MB/s) - ‘/root/process_mining/announcements/data/27_04_2022/ann27.04.2022-16-10-01.json’ saved [60/60]

--2022-04-27 16:20:01--  https://files.cloudgdansk.pl/d/otwarte-dane/ztm/bsk.json
Resolving files.cloudgdansk.pl (files.cloudgdansk.pl)... 153.19.238.147
Connecting to files.cloudgdansk.pl (files.cloudgdansk.pl)|153.19.238.147|:443... connected.
HTTP request sent, awaiting response... 200 OK
Length: 60 [text/plain]
Saving to: ‘/root/process_mining/announcements/data/27_04_2022/ann27.04.2022-16-20-01.json’

     0K                                                       100% 12.0M=0s

2022-04-27 16:20:02 (12.0 MB/s) - ‘/root/process_mining/announcements/data/27_04_2022/ann27.04.2022-16-20-01.json’ saved [60/60]

--2022-04-27 16:30:01--  https://files.cloudgdansk.pl/d/otwarte-dane/ztm/bsk.json
Resolving files.cloudgdansk.pl (files.cloudgdansk.pl)... 153.19.238.147
Connecting to files.cloudgdansk.pl (files.cloudgdansk.pl)|153.19.238.147|:443... connected.
HTTP request sent, awaiting response... 200 OK
Length: 60 [text/plain]
Saving to: ‘/root/process_mining/announcements/data/27_04_2022/ann27.04.2022-16-30-01.json’

     0K                                                       100% 11.9M=0s

2022-04-27 16:30:01 (11.9 MB/s) - ‘/root/process_mining/announcements/data/27_04_2022/ann27.04.2022-16-30-01.json’ saved [60/60]

--2022-04-27 16:40:01--  https://files.cloudgdansk.pl/d/otwarte-dane/ztm/bsk.json
Resolving files.cloudgdansk.pl (files.cloudgdansk.pl)... 153.19.238.147
Connecting to files.cloudgdansk.pl (files.cloudgdansk.pl)|153.19.238.147|:443... connected.
HTTP request sent, awaiting response... 200 OK
Length: 60 [text/plain]
Saving to: ‘/root/process_mining/announcements/data/27_04_2022/ann27.04.2022-16-40-01.json’

     0K                                                       100% 11.9M=0s

2022-04-27 16:40:02 (11.9 MB/s) - ‘/root/process_mining/announcements/data/27_04_2022/ann27.04.2022-16-40-01.json’ saved [60/60]

--2022-04-27 16:50:01--  https://files.cloudgdansk.pl/d/otwarte-dane/ztm/bsk.json
Resolving files.cloudgdansk.pl (files.cloudgdansk.pl)... 153.19.238.147
Connecting to files.cloudgdansk.pl (files.cloudgdansk.pl)|153.19.238.147|:443... connected.
HTTP request sent, awaiting response... 200 OK
Length: 60 [text/plain]
Saving to: ‘/root/process_mining/announcements/data/27_04_2022/ann27.04.2022-16-50-01.json’

     0K                                                       100% 12.5M=0s

2022-04-27 16:50:02 (12.5 MB/s) - ‘/root/process_mining/announcements/data/27_04_2022/ann27.04.2022-16-50-01.json’ saved [60/60]

--2022-04-27 17:00:01--  https://files.cloudgdansk.pl/d/otwarte-dane/ztm/bsk.json
Resolving files.cloudgdansk.pl (files.cloudgdansk.pl)... 153.19.238.147
Connecting to files.cloudgdansk.pl (files.cloudgdansk.pl)|153.19.238.147|:443... connected.
HTTP request sent, awaiting response... 200 OK
Length: 60 [text/plain]
Saving to: ‘/root/process_mining/announcements/data/27_04_2022/ann27.04.2022-17-00-01.json’

     0K                                                       100% 12.3M=0s

2022-04-27 17:00:01 (12.3 MB/s) - ‘/root/process_mining/announcements/data/27_04_2022/ann27.04.2022-17-00-01.json’ saved [60/60]

--2022-04-27 17:10:01--  https://files.cloudgdansk.pl/d/otwarte-dane/ztm/bsk.json
Resolving files.cloudgdansk.pl (files.cloudgdansk.pl)... 153.19.238.147
Connecting to files.cloudgdansk.pl (files.cloudgdansk.pl)|153.19.238.147|:443... connected.
HTTP request sent, awaiting response... 200 OK
Length: 60 [text/plain]
Saving to: ‘/root/process_mining/announcements/data/27_04_2022/ann27.04.2022-17-10-01.json’

     0K                                                       100% 12.2M=0s

2022-04-27 17:10:01 (12.2 MB/s) - ‘/root/process_mining/announcements/data/27_04_2022/ann27.04.2022-17-10-01.json’ saved [60/60]

--2022-04-27 17:20:01--  https://files.cloudgdansk.pl/d/otwarte-dane/ztm/bsk.json
Resolving files.cloudgdansk.pl (files.cloudgdansk.pl)... 153.19.238.147
Connecting to files.cloudgdansk.pl (files.cloudgdansk.pl)|153.19.238.147|:443... connected.
HTTP request sent, awaiting response... 200 OK
Length: 60 [text/plain]
Saving to: ‘/root/process_mining/announcements/data/27_04_2022/ann27.04.2022-17-20-01.json’

     0K                                                       100% 10.0M=0s

2022-04-27 17:20:02 (10.0 MB/s) - ‘/root/process_mining/announcements/data/27_04_2022/ann27.04.2022-17-20-01.json’ saved [60/60]

--2022-04-27 17:30:01--  https://files.cloudgdansk.pl/d/otwarte-dane/ztm/bsk.json
Resolving files.cloudgdansk.pl (files.cloudgdansk.pl)... 153.19.238.147
Connecting to files.cloudgdansk.pl (files.cloudgdansk.pl)|153.19.238.147|:443... connected.
HTTP request sent, awaiting response... 200 OK
Length: 510 [application/json]
Saving to: ‘/root/process_mining/announcements/data/27_04_2022/ann27.04.2022-17-30-01.json’

     0K                                                       100% 99.4M=0s

2022-04-27 17:30:02 (99.4 MB/s) - ‘/root/process_mining/announcements/data/27_04_2022/ann27.04.2022-17-30-01.json’ saved [510/510]

--2022-04-27 17:40:01--  https://files.cloudgdansk.pl/d/otwarte-dane/ztm/bsk.json
Resolving files.cloudgdansk.pl (files.cloudgdansk.pl)... 153.19.238.147
Connecting to files.cloudgdansk.pl (files.cloudgdansk.pl)|153.19.238.147|:443... connected.
HTTP request sent, awaiting response... 200 OK
Length: 510 [application/json]
Saving to: ‘/root/process_mining/announcements/data/27_04_2022/ann27.04.2022-17-40-01.json’

     0K                                                       100% 99.4M=0s

2022-04-27 17:40:01 (99.4 MB/s) - ‘/root/process_mining/announcements/data/27_04_2022/ann27.04.2022-17-40-01.json’ saved [510/510]

--2022-04-27 17:50:01--  https://files.cloudgdansk.pl/d/otwarte-dane/ztm/bsk.json
Resolving files.cloudgdansk.pl (files.cloudgdansk.pl)... 153.19.238.147
Connecting to files.cloudgdansk.pl (files.cloudgdansk.pl)|153.19.238.147|:443... connected.
HTTP request sent, awaiting response... 200 OK
Length: 510 [application/json]
Saving to: ‘/root/process_mining/announcements/data/27_04_2022/ann27.04.2022-17-50-01.json’

     0K                                                       100% 75.2M=0s

2022-04-27 17:50:02 (75.2 MB/s) - ‘/root/process_mining/announcements/data/27_04_2022/ann27.04.2022-17-50-01.json’ saved [510/510]

--2022-04-27 18:00:01--  https://files.cloudgdansk.pl/d/otwarte-dane/ztm/bsk.json
Resolving files.cloudgdansk.pl (files.cloudgdansk.pl)... 153.19.238.147
Connecting to files.cloudgdansk.pl (files.cloudgdansk.pl)|153.19.238.147|:443... connected.
HTTP request sent, awaiting response... 200 OK
Length: 60 [text/plain]
Saving to: ‘/root/process_mining/announcements/data/27_04_2022/ann27.04.2022-18-00-01.json’

     0K                                                       100% 11.6M=0s

2022-04-27 18:00:02 (11.6 MB/s) - ‘/root/process_mining/announcements/data/27_04_2022/ann27.04.2022-18-00-01.json’ saved [60/60]

--2022-04-27 18:10:01--  https://files.cloudgdansk.pl/d/otwarte-dane/ztm/bsk.json
Resolving files.cloudgdansk.pl (files.cloudgdansk.pl)... 153.19.238.147
Connecting to files.cloudgdansk.pl (files.cloudgdansk.pl)|153.19.238.147|:443... connected.
HTTP request sent, awaiting response... 200 OK
Length: 510 [application/json]
Saving to: ‘/root/process_mining/announcements/data/27_04_2022/ann27.04.2022-18-10-01.json’

     0K                                                       100%  103M=0s

2022-04-27 18:10:02 (103 MB/s) - ‘/root/process_mining/announcements/data/27_04_2022/ann27.04.2022-18-10-01.json’ saved [510/510]

--2022-04-27 18:20:01--  https://files.cloudgdansk.pl/d/otwarte-dane/ztm/bsk.json
Resolving files.cloudgdansk.pl (files.cloudgdansk.pl)... 153.19.238.147
Connecting to files.cloudgdansk.pl (files.cloudgdansk.pl)|153.19.238.147|:443... connected.
HTTP request sent, awaiting response... 200 OK
Length: 510 [application/json]
Saving to: ‘/root/process_mining/announcements/data/27_04_2022/ann27.04.2022-18-20-01.json’

     0K                                                       100% 97.6M=0s

2022-04-27 18:20:01 (97.6 MB/s) - ‘/root/process_mining/announcements/data/27_04_2022/ann27.04.2022-18-20-01.json’ saved [510/510]

--2022-04-27 18:30:01--  https://files.cloudgdansk.pl/d/otwarte-dane/ztm/bsk.json
Resolving files.cloudgdansk.pl (files.cloudgdansk.pl)... 153.19.238.147
Connecting to files.cloudgdansk.pl (files.cloudgdansk.pl)|153.19.238.147|:443... connected.
HTTP request sent, awaiting response... 200 OK
Length: 510 [application/json]
Saving to: ‘/root/process_mining/announcements/data/27_04_2022/ann27.04.2022-18-30-01.json’

     0K                                                       100% 91.2M=0s

2022-04-27 18:30:02 (91.2 MB/s) - ‘/root/process_mining/announcements/data/27_04_2022/ann27.04.2022-18-30-01.json’ saved [510/510]

--2022-04-27 18:40:01--  https://files.cloudgdansk.pl/d/otwarte-dane/ztm/bsk.json
Resolving files.cloudgdansk.pl (files.cloudgdansk.pl)... 153.19.238.147
Connecting to files.cloudgdansk.pl (files.cloudgdansk.pl)|153.19.238.147|:443... connected.
HTTP request sent, awaiting response... 200 OK
Length: 510 [application/json]
Saving to: ‘/root/process_mining/announcements/data/27_04_2022/ann27.04.2022-18-40-01.json’

     0K                                                       100%  103M=0s

2022-04-27 18:40:01 (103 MB/s) - ‘/root/process_mining/announcements/data/27_04_2022/ann27.04.2022-18-40-01.json’ saved [510/510]

--2022-04-27 18:50:01--  https://files.cloudgdansk.pl/d/otwarte-dane/ztm/bsk.json
Resolving files.cloudgdansk.pl (files.cloudgdansk.pl)... 153.19.238.147
Connecting to files.cloudgdansk.pl (files.cloudgdansk.pl)|153.19.238.147|:443... connected.
HTTP request sent, awaiting response... 200 OK
Length: 510 [application/json]
Saving to: ‘/root/process_mining/announcements/data/27_04_2022/ann27.04.2022-18-50-01.json’

     0K                                                       100%  101M=0s

2022-04-27 18:50:01 (101 MB/s) - ‘/root/process_mining/announcements/data/27_04_2022/ann27.04.2022-18-50-01.json’ saved [510/510]

--2022-04-27 19:00:01--  https://files.cloudgdansk.pl/d/otwarte-dane/ztm/bsk.json
Resolving files.cloudgdansk.pl (files.cloudgdansk.pl)... 153.19.238.147
Connecting to files.cloudgdansk.pl (files.cloudgdansk.pl)|153.19.238.147|:443... connected.
HTTP request sent, awaiting response... 200 OK
Length: 60 [text/plain]
Saving to: ‘/root/process_mining/announcements/data/27_04_2022/ann27.04.2022-19-00-01.json’

     0K                                                       100% 12.5M=0s

2022-04-27 19:00:02 (12.5 MB/s) - ‘/root/process_mining/announcements/data/27_04_2022/ann27.04.2022-19-00-01.json’ saved [60/60]

--2022-04-27 19:10:01--  https://files.cloudgdansk.pl/d/otwarte-dane/ztm/bsk.json
Resolving files.cloudgdansk.pl (files.cloudgdansk.pl)... 153.19.238.147
Connecting to files.cloudgdansk.pl (files.cloudgdansk.pl)|153.19.238.147|:443... connected.
HTTP request sent, awaiting response... 200 OK
Length: 60 [text/plain]
Saving to: ‘/root/process_mining/announcements/data/27_04_2022/ann27.04.2022-19-10-01.json’

     0K                                                       100% 12.6M=0s

2022-04-27 19:10:01 (12.6 MB/s) - ‘/root/process_mining/announcements/data/27_04_2022/ann27.04.2022-19-10-01.json’ saved [60/60]

--2022-04-27 19:20:01--  https://files.cloudgdansk.pl/d/otwarte-dane/ztm/bsk.json
Resolving files.cloudgdansk.pl (files.cloudgdansk.pl)... 153.19.238.147
Connecting to files.cloudgdansk.pl (files.cloudgdansk.pl)|153.19.238.147|:443... connected.
HTTP request sent, awaiting response... 200 OK
Length: 60 [text/plain]
Saving to: ‘/root/process_mining/announcements/data/27_04_2022/ann27.04.2022-19-20-01.json’

     0K                                                       100% 12.2M=0s

2022-04-27 19:20:01 (12.2 MB/s) - ‘/root/process_mining/announcements/data/27_04_2022/ann27.04.2022-19-20-01.json’ saved [60/60]

--2022-04-27 19:30:01--  https://files.cloudgdansk.pl/d/otwarte-dane/ztm/bsk.json
Resolving files.cloudgdansk.pl (files.cloudgdansk.pl)... 153.19.238.147
Connecting to files.cloudgdansk.pl (files.cloudgdansk.pl)|153.19.238.147|:443... connected.
HTTP request sent, awaiting response... 200 OK
Length: 60 [text/plain]
Saving to: ‘/root/process_mining/announcements/data/27_04_2022/ann27.04.2022-19-30-01.json’

     0K                                                       100% 12.1M=0s

2022-04-27 19:30:01 (12.1 MB/s) - ‘/root/process_mining/announcements/data/27_04_2022/ann27.04.2022-19-30-01.json’ saved [60/60]

--2022-04-27 19:40:01--  https://files.cloudgdansk.pl/d/otwarte-dane/ztm/bsk.json
Resolving files.cloudgdansk.pl (files.cloudgdansk.pl)... 153.19.238.147
Connecting to files.cloudgdansk.pl (files.cloudgdansk.pl)|153.19.238.147|:443... connected.
HTTP request sent, awaiting response... 200 OK
Length: 60 [text/plain]
Saving to: ‘/root/process_mining/announcements/data/27_04_2022/ann27.04.2022-19-40-01.json’

     0K                                                       100% 12.3M=0s

2022-04-27 19:40:01 (12.3 MB/s) - ‘/root/process_mining/announcements/data/27_04_2022/ann27.04.2022-19-40-01.json’ saved [60/60]

--2022-04-27 19:50:01--  https://files.cloudgdansk.pl/d/otwarte-dane/ztm/bsk.json
Resolving files.cloudgdansk.pl (files.cloudgdansk.pl)... 153.19.238.147
Connecting to files.cloudgdansk.pl (files.cloudgdansk.pl)|153.19.238.147|:443... connected.
HTTP request sent, awaiting response... 200 OK
Length: 60 [text/plain]
Saving to: ‘/root/process_mining/announcements/data/27_04_2022/ann27.04.2022-19-50-01.json’

     0K                                                       100% 11.8M=0s

2022-04-27 19:50:02 (11.8 MB/s) - ‘/root/process_mining/announcements/data/27_04_2022/ann27.04.2022-19-50-01.json’ saved [60/60]

--2022-04-27 20:00:01--  https://files.cloudgdansk.pl/d/otwarte-dane/ztm/bsk.json
Resolving files.cloudgdansk.pl (files.cloudgdansk.pl)... 153.19.238.147
Connecting to files.cloudgdansk.pl (files.cloudgdansk.pl)|153.19.238.147|:443... connected.
HTTP request sent, awaiting response... 200 OK
Length: 60 [text/plain]
Saving to: ‘/root/process_mining/announcements/data/27_04_2022/ann27.04.2022-20-00-01.json’

     0K                                                       100% 10.7M=0s

2022-04-27 20:00:02 (10.7 MB/s) - ‘/root/process_mining/announcements/data/27_04_2022/ann27.04.2022-20-00-01.json’ saved [60/60]

--2022-04-27 20:10:01--  https://files.cloudgdansk.pl/d/otwarte-dane/ztm/bsk.json
Resolving files.cloudgdansk.pl (files.cloudgdansk.pl)... 153.19.238.147
Connecting to files.cloudgdansk.pl (files.cloudgdansk.pl)|153.19.238.147|:443... connected.
HTTP request sent, awaiting response... 200 OK
Length: 60 [text/plain]
Saving to: ‘/root/process_mining/announcements/data/27_04_2022/ann27.04.2022-20-10-01.json’

     0K                                                       100% 11.7M=0s

2022-04-27 20:10:01 (11.7 MB/s) - ‘/root/process_mining/announcements/data/27_04_2022/ann27.04.2022-20-10-01.json’ saved [60/60]

--2022-04-27 20:20:01--  https://files.cloudgdansk.pl/d/otwarte-dane/ztm/bsk.json
Resolving files.cloudgdansk.pl (files.cloudgdansk.pl)... 153.19.238.147
Connecting to files.cloudgdansk.pl (files.cloudgdansk.pl)|153.19.238.147|:443... connected.
HTTP request sent, awaiting response... 200 OK
Length: 60 [text/plain]
Saving to: ‘/root/process_mining/announcements/data/27_04_2022/ann27.04.2022-20-20-01.json’

     0K                                                       100% 12.1M=0s

2022-04-27 20:20:01 (12.1 MB/s) - ‘/root/process_mining/announcements/data/27_04_2022/ann27.04.2022-20-20-01.json’ saved [60/60]

--2022-04-27 20:30:01--  https://files.cloudgdansk.pl/d/otwarte-dane/ztm/bsk.json
Resolving files.cloudgdansk.pl (files.cloudgdansk.pl)... 153.19.238.147
Connecting to files.cloudgdansk.pl (files.cloudgdansk.pl)|153.19.238.147|:443... connected.
HTTP request sent, awaiting response... 200 OK
Length: 60 [text/plain]
Saving to: ‘/root/process_mining/announcements/data/27_04_2022/ann27.04.2022-20-30-01.json’

     0K                                                       100% 9.53M=0s

2022-04-27 20:30:01 (9.53 MB/s) - ‘/root/process_mining/announcements/data/27_04_2022/ann27.04.2022-20-30-01.json’ saved [60/60]

--2022-04-27 20:40:01--  https://files.cloudgdansk.pl/d/otwarte-dane/ztm/bsk.json
Resolving files.cloudgdansk.pl (files.cloudgdansk.pl)... 153.19.238.147
Connecting to files.cloudgdansk.pl (files.cloudgdansk.pl)|153.19.238.147|:443... connected.
HTTP request sent, awaiting response... 200 OK
Length: 60 [text/plain]
Saving to: ‘/root/process_mining/announcements/data/27_04_2022/ann27.04.2022-20-40-01.json’

     0K                                                       100% 8.53M=0s

2022-04-27 20:40:01 (8.53 MB/s) - ‘/root/process_mining/announcements/data/27_04_2022/ann27.04.2022-20-40-01.json’ saved [60/60]

--2022-04-27 20:50:01--  https://files.cloudgdansk.pl/d/otwarte-dane/ztm/bsk.json
Resolving files.cloudgdansk.pl (files.cloudgdansk.pl)... 153.19.238.147
Connecting to files.cloudgdansk.pl (files.cloudgdansk.pl)|153.19.238.147|:443... connected.
HTTP request sent, awaiting response... 200 OK
Length: 60 [text/plain]
Saving to: ‘/root/process_mining/announcements/data/27_04_2022/ann27.04.2022-20-50-01.json’

     0K                                                       100% 12.4M=0s

2022-04-27 20:50:02 (12.4 MB/s) - ‘/root/process_mining/announcements/data/27_04_2022/ann27.04.2022-20-50-01.json’ saved [60/60]

--2022-04-27 21:00:01--  https://files.cloudgdansk.pl/d/otwarte-dane/ztm/bsk.json
Resolving files.cloudgdansk.pl (files.cloudgdansk.pl)... 153.19.238.147
Connecting to files.cloudgdansk.pl (files.cloudgdansk.pl)|153.19.238.147|:443... connected.
HTTP request sent, awaiting response... 200 OK
Length: 60 [text/plain]
Saving to: ‘/root/process_mining/announcements/data/27_04_2022/ann27.04.2022-21-00-01.json’

     0K                                                       100% 11.8M=0s

2022-04-27 21:00:02 (11.8 MB/s) - ‘/root/process_mining/announcements/data/27_04_2022/ann27.04.2022-21-00-01.json’ saved [60/60]

--2022-04-27 21:10:01--  https://files.cloudgdansk.pl/d/otwarte-dane/ztm/bsk.json
Resolving files.cloudgdansk.pl (files.cloudgdansk.pl)... 153.19.238.147
Connecting to files.cloudgdansk.pl (files.cloudgdansk.pl)|153.19.238.147|:443... connected.
HTTP request sent, awaiting response... 200 OK
Length: 60 [text/plain]
Saving to: ‘/root/process_mining/announcements/data/27_04_2022/ann27.04.2022-21-10-01.json’

     0K                                                       100% 12.1M=0s

2022-04-27 21:10:02 (12.1 MB/s) - ‘/root/process_mining/announcements/data/27_04_2022/ann27.04.2022-21-10-01.json’ saved [60/60]

--2022-04-27 21:20:01--  https://files.cloudgdansk.pl/d/otwarte-dane/ztm/bsk.json
Resolving files.cloudgdansk.pl (files.cloudgdansk.pl)... 153.19.238.147
Connecting to files.cloudgdansk.pl (files.cloudgdansk.pl)|153.19.238.147|:443... connected.
HTTP request sent, awaiting response... 200 OK
Length: 60 [text/plain]
Saving to: ‘/root/process_mining/announcements/data/27_04_2022/ann27.04.2022-21-20-01.json’

     0K                                                       100% 12.4M=0s

2022-04-27 21:20:01 (12.4 MB/s) - ‘/root/process_mining/announcements/data/27_04_2022/ann27.04.2022-21-20-01.json’ saved [60/60]

--2022-04-27 21:30:01--  https://files.cloudgdansk.pl/d/otwarte-dane/ztm/bsk.json
Resolving files.cloudgdansk.pl (files.cloudgdansk.pl)... 153.19.238.147
Connecting to files.cloudgdansk.pl (files.cloudgdansk.pl)|153.19.238.147|:443... connected.
HTTP request sent, awaiting response... 200 OK
Length: 60 [text/plain]
Saving to: ‘/root/process_mining/announcements/data/27_04_2022/ann27.04.2022-21-30-01.json’

     0K                                                       100% 9.36M=0s

2022-04-27 21:30:01 (9.36 MB/s) - ‘/root/process_mining/announcements/data/27_04_2022/ann27.04.2022-21-30-01.json’ saved [60/60]

--2022-04-27 21:40:01--  https://files.cloudgdansk.pl/d/otwarte-dane/ztm/bsk.json
Resolving files.cloudgdansk.pl (files.cloudgdansk.pl)... 153.19.238.147
Connecting to files.cloudgdansk.pl (files.cloudgdansk.pl)|153.19.238.147|:443... connected.
HTTP request sent, awaiting response... 200 OK
Length: 60 [text/plain]
Saving to: ‘/root/process_mining/announcements/data/27_04_2022/ann27.04.2022-21-40-01.json’

     0K                                                       100% 12.8M=0s

2022-04-27 21:40:01 (12.8 MB/s) - ‘/root/process_mining/announcements/data/27_04_2022/ann27.04.2022-21-40-01.json’ saved [60/60]

--2022-04-27 21:50:01--  https://files.cloudgdansk.pl/d/otwarte-dane/ztm/bsk.json
Resolving files.cloudgdansk.pl (files.cloudgdansk.pl)... 153.19.238.147
Connecting to files.cloudgdansk.pl (files.cloudgdansk.pl)|153.19.238.147|:443... connected.
HTTP request sent, awaiting response... 200 OK
Length: 60 [text/plain]
Saving to: ‘/root/process_mining/announcements/data/27_04_2022/ann27.04.2022-21-50-01.json’

     0K                                                       100% 10.6M=0s

2022-04-27 21:50:02 (10.6 MB/s) - ‘/root/process_mining/announcements/data/27_04_2022/ann27.04.2022-21-50-01.json’ saved [60/60]

--2022-04-27 22:00:01--  https://files.cloudgdansk.pl/d/otwarte-dane/ztm/bsk.json
Resolving files.cloudgdansk.pl (files.cloudgdansk.pl)... 153.19.238.147
Connecting to files.cloudgdansk.pl (files.cloudgdansk.pl)|153.19.238.147|:443... connected.
HTTP request sent, awaiting response... 200 OK
Length: 60 [text/plain]
Saving to: ‘/root/process_mining/announcements/data/27_04_2022/ann27.04.2022-22-00-01.json’

     0K                                                       100% 12.2M=0s

2022-04-27 22:00:01 (12.2 MB/s) - ‘/root/process_mining/announcements/data/27_04_2022/ann27.04.2022-22-00-01.json’ saved [60/60]

--2022-04-27 22:10:01--  https://files.cloudgdansk.pl/d/otwarte-dane/ztm/bsk.json
Resolving files.cloudgdansk.pl (files.cloudgdansk.pl)... 153.19.238.147
Connecting to files.cloudgdansk.pl (files.cloudgdansk.pl)|153.19.238.147|:443... connected.
HTTP request sent, awaiting response... 200 OK
Length: 60 [text/plain]
Saving to: ‘/root/process_mining/announcements/data/27_04_2022/ann27.04.2022-22-10-01.json’

     0K                                                       100% 11.7M=0s

2022-04-27 22:10:01 (11.7 MB/s) - ‘/root/process_mining/announcements/data/27_04_2022/ann27.04.2022-22-10-01.json’ saved [60/60]

--2022-04-27 22:20:01--  https://files.cloudgdansk.pl/d/otwarte-dane/ztm/bsk.json
Resolving files.cloudgdansk.pl (files.cloudgdansk.pl)... 153.19.238.147
Connecting to files.cloudgdansk.pl (files.cloudgdansk.pl)|153.19.238.147|:443... connected.
HTTP request sent, awaiting response... 200 OK
Length: 60 [text/plain]
Saving to: ‘/root/process_mining/announcements/data/27_04_2022/ann27.04.2022-22-20-01.json’

     0K                                                       100% 12.1M=0s

2022-04-27 22:20:01 (12.1 MB/s) - ‘/root/process_mining/announcements/data/27_04_2022/ann27.04.2022-22-20-01.json’ saved [60/60]

--2022-04-27 22:30:01--  https://files.cloudgdansk.pl/d/otwarte-dane/ztm/bsk.json
Resolving files.cloudgdansk.pl (files.cloudgdansk.pl)... 153.19.238.147
Connecting to files.cloudgdansk.pl (files.cloudgdansk.pl)|153.19.238.147|:443... connected.
HTTP request sent, awaiting response... 200 OK
Length: 60 [text/plain]
Saving to: ‘/root/process_mining/announcements/data/27_04_2022/ann27.04.2022-22-30-01.json’

     0K                                                       100% 12.0M=0s

2022-04-27 22:30:01 (12.0 MB/s) - ‘/root/process_mining/announcements/data/27_04_2022/ann27.04.2022-22-30-01.json’ saved [60/60]

--2022-04-27 22:40:01--  https://files.cloudgdansk.pl/d/otwarte-dane/ztm/bsk.json
Resolving files.cloudgdansk.pl (files.cloudgdansk.pl)... 153.19.238.147
Connecting to files.cloudgdansk.pl (files.cloudgdansk.pl)|153.19.238.147|:443... connected.
HTTP request sent, awaiting response... 200 OK
Length: 60 [text/plain]
Saving to: ‘/root/process_mining/announcements/data/27_04_2022/ann27.04.2022-22-40-01.json’

     0K                                                       100% 12.5M=0s

2022-04-27 22:40:02 (12.5 MB/s) - ‘/root/process_mining/announcements/data/27_04_2022/ann27.04.2022-22-40-01.json’ saved [60/60]

--2022-04-27 22:50:01--  https://files.cloudgdansk.pl/d/otwarte-dane/ztm/bsk.json
Resolving files.cloudgdansk.pl (files.cloudgdansk.pl)... 153.19.238.147
Connecting to files.cloudgdansk.pl (files.cloudgdansk.pl)|153.19.238.147|:443... connected.
HTTP request sent, awaiting response... 200 OK
Length: 60 [text/plain]
Saving to: ‘/root/process_mining/announcements/data/27_04_2022/ann27.04.2022-22-50-01.json’

     0K                                                       100% 12.1M=0s

2022-04-27 22:50:02 (12.1 MB/s) - ‘/root/process_mining/announcements/data/27_04_2022/ann27.04.2022-22-50-01.json’ saved [60/60]

--2022-04-27 23:00:01--  https://files.cloudgdansk.pl/d/otwarte-dane/ztm/bsk.json
Resolving files.cloudgdansk.pl (files.cloudgdansk.pl)... 153.19.238.147
Connecting to files.cloudgdansk.pl (files.cloudgdansk.pl)|153.19.238.147|:443... connected.
HTTP request sent, awaiting response... 200 OK
Length: 60 [text/plain]
Saving to: ‘/root/process_mining/announcements/data/27_04_2022/ann27.04.2022-23-00-01.json’

     0K                                                       100% 12.5M=0s

2022-04-27 23:00:01 (12.5 MB/s) - ‘/root/process_mining/announcements/data/27_04_2022/ann27.04.2022-23-00-01.json’ saved [60/60]

--2022-04-27 23:10:01--  https://files.cloudgdansk.pl/d/otwarte-dane/ztm/bsk.json
Resolving files.cloudgdansk.pl (files.cloudgdansk.pl)... 153.19.238.147
Connecting to files.cloudgdansk.pl (files.cloudgdansk.pl)|153.19.238.147|:443... connected.
HTTP request sent, awaiting response... 200 OK
Length: 60 [text/plain]
Saving to: ‘/root/process_mining/announcements/data/27_04_2022/ann27.04.2022-23-10-01.json’

     0K                                                       100% 12.2M=0s

2022-04-27 23:10:02 (12.2 MB/s) - ‘/root/process_mining/announcements/data/27_04_2022/ann27.04.2022-23-10-01.json’ saved [60/60]

--2022-04-27 23:20:00--  https://files.cloudgdansk.pl/d/otwarte-dane/ztm/bsk.json
Resolving files.cloudgdansk.pl (files.cloudgdansk.pl)... 153.19.238.147
Connecting to files.cloudgdansk.pl (files.cloudgdansk.pl)|153.19.238.147|:443... connected.
HTTP request sent, awaiting response... 200 OK
Length: 60 [text/plain]
Saving to: ‘/root/process_mining/announcements/data/27_04_2022/ann27.04.2022-23-20-00.json’

     0K                                                       100% 12.0M=0s

2022-04-27 23:20:00 (12.0 MB/s) - ‘/root/process_mining/announcements/data/27_04_2022/ann27.04.2022-23-20-00.json’ saved [60/60]

--2022-04-27 23:30:01--  https://files.cloudgdansk.pl/d/otwarte-dane/ztm/bsk.json
Resolving files.cloudgdansk.pl (files.cloudgdansk.pl)... 153.19.238.147
Connecting to files.cloudgdansk.pl (files.cloudgdansk.pl)|153.19.238.147|:443... connected.
HTTP request sent, awaiting response... 200 OK
Length: 60 [text/plain]
Saving to: ‘/root/process_mining/announcements/data/27_04_2022/ann27.04.2022-23-30-01.json’

     0K                                                       100% 9.32M=0s

2022-04-27 23:30:02 (9.32 MB/s) - ‘/root/process_mining/announcements/data/27_04_2022/ann27.04.2022-23-30-01.json’ saved [60/60]

--2022-04-27 23:40:01--  https://files.cloudgdansk.pl/d/otwarte-dane/ztm/bsk.json
Resolving files.cloudgdansk.pl (files.cloudgdansk.pl)... 153.19.238.147
Connecting to files.cloudgdansk.pl (files.cloudgdansk.pl)|153.19.238.147|:443... connected.
HTTP request sent, awaiting response... 200 OK
Length: 60 [text/plain]
Saving to: ‘/root/process_mining/announcements/data/27_04_2022/ann27.04.2022-23-40-01.json’

     0K                                                       100% 12.5M=0s

2022-04-27 23:40:02 (12.5 MB/s) - ‘/root/process_mining/announcements/data/27_04_2022/ann27.04.2022-23-40-01.json’ saved [60/60]

--2022-04-27 23:50:02--  https://files.cloudgdansk.pl/d/otwarte-dane/ztm/bsk.json
Resolving files.cloudgdansk.pl (files.cloudgdansk.pl)... 153.19.238.147
Connecting to files.cloudgdansk.pl (files.cloudgdansk.pl)|153.19.238.147|:443... connected.
HTTP request sent, awaiting response... 200 OK
Length: 60 [text/plain]
Saving to: ‘/root/process_mining/announcements/data/27_04_2022/ann27.04.2022-23-50-02.json’

     0K                                                       100% 11.9M=0s

2022-04-27 23:50:02 (11.9 MB/s) - ‘/root/process_mining/announcements/data/27_04_2022/ann27.04.2022-23-50-02.json’ saved [60/60]

