--2022-04-27 02:55:01--  https://ckan.multimediagdansk.pl/dataset/c24aa637-3619-4dc2-a171-a23eec8f2172/resource/3115d29d-b763-4af5-93f6-763b835967d6/download/stopsintrip.json
Resolving ckan.multimediagdansk.pl (ckan.multimediagdansk.pl)... 91.244.248.30
Connecting to ckan.multimediagdansk.pl (ckan.multimediagdansk.pl)|91.244.248.30|:443... connected.
HTTP request sent, awaiting response... 200 OK
Length: 33706293 (32M) [application/json]
Saving to: ‘/root/process_mining/trips_tracing/stopsintrip.json’

     0K .......... .......... .......... .......... ..........  0%  874K 38s
    50K .......... .......... .......... .......... ..........  0% 1.72M 28s
   100K .......... .......... .......... .......... ..........  0% 56.0M 19s
   150K .......... .......... .......... .......... ..........  0% 92.2M 14s
   200K .......... .......... .......... .......... ..........  0% 1.73M 15s
   250K .......... .......... .......... .......... ..........  0% 62.8M 13s
   300K .......... .......... .......... .......... ..........  1% 82.1M 11s
   350K .......... .......... .......... .......... ..........  1%  109M 10s
   400K .......... .......... .......... .......... ..........  1% 1.88M 10s
   450K .......... .......... .......... .......... ..........  1% 68.9M 9s
   500K .......... .......... .......... .......... ..........  1% 72.7M 8s
   550K .......... .......... .......... .......... ..........  1% 82.8M 8s
   600K .......... .......... .......... .......... ..........  1% 49.5M 7s
   650K .......... .......... .......... .......... ..........  2% 73.8M 7s
   700K .......... .......... .......... .......... ..........  2%  105M 6s
   750K .......... .......... .......... .......... ..........  2% 86.0M 6s
   800K .......... .......... .......... .......... ..........  2%  162M 6s
   850K .......... .......... .......... .......... ..........  2% 2.05M 6s
   900K .......... .......... .......... .......... ..........  2% 82.3M 6s
   950K .......... .......... .......... .......... ..........  3% 75.6M 6s
  1000K .......... .......... .......... .......... ..........  3% 64.5M 5s
  1050K .......... .......... .......... .......... ..........  3% 74.3M 5s
  1100K .......... .......... .......... .......... ..........  3% 66.3M 5s
  1150K .......... .......... .......... .......... ..........  3% 62.9M 5s
  1200K .......... .......... .......... .......... ..........  3% 97.4M 4s
  1250K .......... .......... .......... .......... ..........  3% 86.2M 4s
  1300K .......... .......... .......... .......... ..........  4% 78.9M 4s
  1350K .......... .......... .......... .......... ..........  4% 77.2M 4s
  1400K .......... .......... .......... .......... ..........  4% 87.0M 4s
  1450K .......... .......... .......... .......... ..........  4% 72.2M 4s
  1500K .......... .......... .......... .......... ..........  4% 92.0M 4s
  1550K .......... .......... .......... .......... ..........  4%  130M 4s
  1600K .......... .......... .......... .......... ..........  5%  148M 3s
  1650K .......... .......... .......... .......... ..........  5%  162M 3s
  1700K .......... .......... .......... .......... ..........  5%  131M 3s
  1750K .......... .......... .......... .......... ..........  5% 2.56M 3s
  1800K .......... .......... .......... .......... ..........  5% 93.3M 3s
  1850K .......... .......... .......... .......... ..........  5% 77.3M 3s
  1900K .......... .......... .......... .......... ..........  5% 81.6M 3s
  1950K .......... .......... .......... .......... ..........  6% 68.9M 3s
  2000K .......... .......... .......... .......... ..........  6% 65.0M 3s
  2050K .......... .......... .......... .......... ..........  6% 84.8M 3s
  2100K .......... .......... .......... .......... ..........  6% 64.4M 3s
  2150K .......... .......... .......... .......... ..........  6% 48.4M 3s
  2200K .......... .......... .......... .......... ..........  6% 91.0M 3s
  2250K .......... .......... .......... .......... ..........  6%  111M 3s
  2300K .......... .......... .......... .......... ..........  7%  147M 3s
  2350K .......... .......... .......... .......... ..........  7%  123M 3s
  2400K .......... .......... .......... .......... ..........  7%  134M 3s
  2450K .......... .......... .......... .......... ..........  7% 31.8M 3s
  2500K .......... .......... .......... .......... ..........  7% 36.2M 3s
  2550K .......... .......... .......... .......... ..........  7% 34.9M 2s
  2600K .......... .......... .......... .......... ..........  8% 32.2M 2s
  2650K .......... .......... .......... .......... ..........  8% 28.0M 2s
  2700K .......... .......... .......... .......... ..........  8% 36.8M 2s
  2750K .......... .......... .......... .......... ..........  8% 17.1M 2s
  2800K .......... .......... .......... .......... ..........  8% 35.6M 2s
  2850K .......... .......... .......... .......... ..........  8% 37.9M 2s
  2900K .......... .......... .......... .......... ..........  8% 32.9M 2s
  2950K .......... .......... .......... .......... ..........  9% 32.4M 2s
  3000K .......... .......... .......... .......... ..........  9% 24.8M 2s
  3050K .......... .......... .......... .......... ..........  9% 36.7M 2s
  3100K .......... .......... .......... .......... ..........  9% 30.7M 2s
  3150K .......... .......... .......... .......... ..........  9% 36.1M 2s
  3200K .......... .......... .......... .......... ..........  9% 29.5M 2s
  3250K .......... .......... .......... .......... .......... 10% 16.3M 2s
  3300K .......... .......... .......... .......... .......... 10% 29.3M 2s
  3350K .......... .......... .......... .......... .......... 10% 25.8M 2s
  3400K .......... .......... .......... .......... .......... 10% 35.2M 2s
  3450K .......... .......... .......... .......... .......... 10% 27.3M 2s
  3500K .......... .......... .......... .......... .......... 10% 25.6M 2s
  3550K .......... .......... .......... .......... .......... 10% 19.1M 2s
  3600K .......... .......... .......... .......... .......... 11% 32.8M 2s
  3650K .......... .......... .......... .......... .......... 11% 35.7M 2s
  3700K .......... .......... .......... .......... .......... 11% 28.9M 2s
  3750K .......... .......... .......... .......... .......... 11% 30.1M 2s
  3800K .......... .......... .......... .......... .......... 11% 29.0M 2s
  3850K .......... .......... .......... .......... .......... 11% 35.6M 2s
  3900K .......... .......... .......... .......... .......... 12% 29.4M 2s
  3950K .......... .......... .......... .......... .......... 12% 26.6M 2s
  4000K .......... .......... .......... .......... .......... 12% 14.2M 2s
  4050K .......... .......... .......... .......... .......... 12% 35.0M 2s
  4100K .......... .......... .......... .......... .......... 12% 31.1M 2s
  4150K .......... .......... .......... .......... .......... 12% 37.4M 2s
  4200K .......... .......... .......... .......... .......... 12% 33.7M 2s
  4250K .......... .......... .......... .......... .......... 13% 28.2M 2s
  4300K .......... .......... .......... .......... .......... 13% 36.1M 2s
  4350K .......... .......... .......... .......... .......... 13% 24.5M 2s
  4400K .......... .......... .......... .......... .......... 13% 24.9M 2s
  4450K .......... .......... .......... .......... .......... 13% 15.3M 2s
  4500K .......... .......... .......... .......... .......... 13% 34.6M 2s
  4550K .......... .......... .......... .......... .......... 13% 30.4M 2s
  4600K .......... .......... .......... .......... .......... 14% 36.0M 2s
  4650K .......... .......... .......... .......... .......... 14% 30.1M 2s
  4700K .......... .......... .......... .......... .......... 14% 25.8M 2s
  4750K .......... .......... .......... .......... .......... 14% 35.8M 2s
  4800K .......... .......... .......... .......... .......... 14% 30.6M 2s
  4850K .......... .......... .......... .......... .......... 14% 37.8M 2s
  4900K .......... .......... .......... .......... .......... 15% 3.87M 2s
  4950K .......... .......... .......... .......... .......... 15% 30.8M 2s
  5000K .......... .......... .......... .......... .......... 15% 36.3M 2s
  5050K .......... .......... .......... .......... .......... 15% 30.2M 2s
  5100K .......... .......... .......... .......... .......... 15% 35.3M 2s
  5150K .......... .......... .......... .......... .......... 15% 23.7M 2s
  5200K .......... .......... .......... .......... .......... 15% 32.0M 2s
  5250K .......... .......... .......... .......... .......... 16% 35.7M 2s
  5300K .......... .......... .......... .......... .......... 16% 34.8M 2s
  5350K .......... .......... .......... .......... .......... 16% 23.3M 2s
  5400K .......... .......... .......... .......... .......... 16% 34.4M 2s
  5450K .......... .......... .......... .......... .......... 16% 37.1M 2s
  5500K .......... .......... .......... .......... .......... 16% 32.5M 2s
  5550K .......... .......... .......... .......... .......... 17% 21.6M 2s
  5600K .......... .......... .......... .......... .......... 17% 37.5M 2s
  5650K .......... .......... .......... .......... .......... 17% 37.8M 2s
  5700K .......... .......... .......... .......... .......... 17% 31.1M 2s
  5750K .......... .......... .......... .......... .......... 17% 26.4M 2s
  5800K .......... .......... .......... .......... .......... 17% 36.8M 2s
  5850K .......... .......... .......... .......... .......... 17% 31.0M 2s
  5900K .......... .......... .......... .......... .......... 18% 37.0M 2s
  5950K .......... .......... .......... .......... .......... 18% 30.9M 2s
  6000K .......... .......... .......... .......... .......... 18% 25.1M 2s
  6050K .......... .......... .......... .......... .......... 18% 36.4M 1s
  6100K .......... .......... .......... .......... .......... 18% 32.4M 1s
  6150K .......... .......... .......... .......... .......... 18% 35.2M 1s
  6200K .......... .......... .......... .......... .......... 18% 33.0M 1s
  6250K .......... .......... .......... .......... .......... 19% 3.44M 2s
  6300K .......... .......... .......... .......... .......... 19% 35.0M 2s
  6350K .......... .......... .......... .......... .......... 19% 30.9M 1s
  6400K .......... .......... .......... .......... .......... 19% 34.4M 1s
  6450K .......... .......... .......... .......... .......... 19% 27.2M 1s
  6500K .......... .......... .......... .......... .......... 19% 28.4M 1s
  6550K .......... .......... .......... .......... .......... 20% 22.7M 1s
  6600K .......... .......... .......... .......... .......... 20% 35.6M 1s
  6650K .......... .......... .......... .......... .......... 20% 36.1M 1s
  6700K .......... .......... .......... .......... .......... 20% 30.5M 1s
  6750K .......... .......... .......... .......... .......... 20% 36.6M 1s
  6800K .......... .......... .......... .......... .......... 20% 22.9M 1s
  6850K .......... .......... .......... .......... .......... 20% 36.4M 1s
  6900K .......... .......... .......... .......... .......... 21% 9.80M 1s
  6950K .......... .......... .......... .......... .......... 21% 18.7M 1s
  7000K .......... .......... .......... .......... .......... 21% 38.2M 1s
  7050K .......... .......... .......... .......... .......... 21% 35.5M 1s
  7100K .......... .......... .......... .......... .......... 21% 32.0M 1s
  7150K .......... .......... .......... .......... .......... 21% 35.7M 1s
  7200K .......... .......... .......... .......... .......... 22% 22.2M 1s
  7250K .......... .......... .......... .......... .......... 22% 33.1M 1s
  7300K .......... .......... .......... .......... .......... 22% 34.5M 1s
  7350K .......... .......... .......... .......... .......... 22% 23.1M 1s
  7400K .......... .......... .......... .......... .......... 22% 37.4M 1s
  7450K .......... .......... .......... .......... .......... 22% 35.3M 1s
  7500K .......... .......... .......... .......... .......... 22% 33.1M 1s
  7550K .......... .......... .......... .......... .......... 23% 14.5M 1s
  7600K .......... .......... .......... .......... .......... 23% 31.6M 1s
  7650K .......... .......... .......... .......... .......... 23% 36.3M 1s
  7700K .......... .......... .......... .......... .......... 23% 30.4M 1s
  7750K .......... .......... .......... .......... .......... 23% 29.2M 1s
  7800K .......... .......... .......... .......... .......... 23% 35.0M 1s
  7850K .......... .......... .......... .......... .......... 24% 24.5M 1s
  7900K .......... .......... .......... .......... .......... 24% 30.8M 1s
  7950K .......... .......... .......... .......... .......... 24% 30.6M 1s
  8000K .......... .......... .......... .......... .......... 24% 16.4M 1s
  8050K .......... .......... .......... .......... .......... 24% 33.1M 1s
  8100K .......... .......... .......... .......... .......... 24% 27.4M 1s
  8150K .......... .......... .......... .......... .......... 24% 32.4M 1s
  8200K .......... .......... .......... .......... .......... 25% 34.1M 1s
  8250K .......... .......... .......... .......... .......... 25% 26.6M 1s
  8300K .......... .......... .......... .......... .......... 25% 32.6M 1s
  8350K .......... .......... .......... .......... .......... 25% 31.3M 1s
  8400K .......... .......... .......... .......... .......... 25% 17.1M 1s
  8450K .......... .......... .......... .......... .......... 25% 27.6M 1s
  8500K .......... .......... .......... .......... .......... 25% 32.9M 1s
  8550K .......... .......... .......... .......... .......... 26% 27.9M 1s
  8600K .......... .......... .......... .......... .......... 26% 23.1M 1s
  8650K .......... .......... .......... .......... .......... 26% 33.5M 1s
  8700K .......... .......... .......... .......... .......... 26% 25.4M 1s
  8750K .......... .......... .......... .......... .......... 26% 21.8M 1s
  8800K .......... .......... .......... .......... .......... 26% 21.9M 1s
  8850K .......... .......... .......... .......... .......... 27% 22.8M 1s
  8900K .......... .......... .......... .......... .......... 27% 32.4M 1s
  8950K .......... .......... .......... .......... .......... 27% 20.7M 1s
  9000K .......... .......... .......... .......... .......... 27% 22.7M 1s
  9050K .......... .......... .......... .......... .......... 27% 24.9M 1s
  9100K .......... .......... .......... .......... .......... 27% 34.9M 1s
  9150K .......... .......... .......... .......... .......... 27% 24.4M 1s
  9200K .......... .......... .......... .......... .......... 28% 25.3M 1s
  9250K .......... .......... .......... .......... .......... 28% 23.5M 1s
  9300K .......... .......... .......... .......... .......... 28% 34.3M 1s
  9350K .......... .......... .......... .......... .......... 28% 29.7M 1s
  9400K .......... .......... .......... .......... .......... 28% 33.3M 1s
  9450K .......... .......... .......... .......... .......... 28% 30.8M 1s
  9500K .......... .......... .......... .......... .......... 29% 22.9M 1s
  9550K .......... .......... .......... .......... .......... 29% 29.1M 1s
  9600K .......... .......... .......... .......... .......... 29% 34.6M 1s
  9650K .......... .......... .......... .......... .......... 29% 25.1M 1s
  9700K .......... .......... .......... .......... .......... 29% 29.2M 1s
  9750K .......... .......... .......... .......... .......... 29% 36.6M 1s
  9800K .......... .......... .......... .......... .......... 29% 33.9M 1s
  9850K .......... .......... .......... .......... .......... 30% 24.0M 1s
  9900K .......... .......... .......... .......... .......... 30% 29.1M 1s
  9950K .......... .......... .......... .......... .......... 30% 35.6M 1s
 10000K .......... .......... .......... .......... .......... 30% 33.4M 1s
 10050K .......... .......... .......... .......... .......... 30% 26.6M 1s
 10100K .......... .......... .......... .......... .......... 30% 33.5M 1s
 10150K .......... .......... .......... .......... .......... 30% 20.6M 1s
 10200K .......... .......... .......... .......... .......... 31% 28.0M 1s
 10250K .......... .......... .......... .......... .......... 31% 33.0M 1s
 10300K .......... .......... .......... .......... .......... 31% 23.6M 1s
 10350K .......... .......... .......... .......... .......... 31% 20.4M 1s
 10400K .......... .......... .......... .......... .......... 31% 24.6M 1s
 10450K .......... .......... .......... .......... .......... 31% 28.1M 1s
 10500K .......... .......... .......... .......... .......... 32% 36.2M 1s
 10550K .......... .......... .......... .......... .......... 32% 25.1M 1s
 10600K .......... .......... .......... .......... .......... 32% 27.7M 1s
 10650K .......... .......... .......... .......... .......... 32% 26.4M 1s
 10700K .......... .......... .......... .......... .......... 32% 36.1M 1s
 10750K .......... .......... .......... .......... .......... 32% 23.3M 1s
 10800K .......... .......... .......... .......... .......... 32% 36.0M 1s
 10850K .......... .......... .......... .......... .......... 33% 25.5M 1s
 10900K .......... .......... .......... .......... .......... 33% 26.2M 1s
 10950K .......... .......... .......... .......... .......... 33% 31.9M 1s
 11000K .......... .......... .......... .......... .......... 33% 22.2M 1s
 11050K .......... .......... .......... .......... .......... 33% 36.1M 1s
 11100K .......... .......... .......... .......... .......... 33% 31.9M 1s
 11150K .......... .......... .......... .......... .......... 34% 37.0M 1s
 11200K .......... .......... .......... .......... .......... 34% 32.5M 1s
 11250K .......... .......... .......... .......... .......... 34% 23.4M 1s
 11300K .......... .......... .......... .......... .......... 34% 23.4M 1s
 11350K .......... .......... .......... .......... .......... 34% 24.1M 1s
 11400K .......... .......... .......... .......... .......... 34% 36.4M 1s
 11450K .......... .......... .......... .......... .......... 34% 35.7M 1s
 11500K .......... .......... .......... .......... .......... 35% 32.4M 1s
 11550K .......... .......... .......... .......... .......... 35% 34.8M 1s
 11600K .......... .......... .......... .......... .......... 35% 20.1M 1s
 11650K .......... .......... .......... .......... .......... 35% 30.1M 1s
 11700K .......... .......... .......... .......... .......... 35% 38.0M 1s
 11750K .......... .......... .......... .......... .......... 35% 31.1M 1s
 11800K .......... .......... .......... .......... .......... 36% 34.8M 1s
 11850K .......... .......... .......... .......... .......... 36% 36.9M 1s
 11900K .......... .......... .......... .......... .......... 36% 16.1M 1s
 11950K .......... .......... .......... .......... .......... 36% 30.4M 1s
 12000K .......... .......... .......... .......... .......... 36% 27.1M 1s
 12050K .......... .......... .......... .......... .......... 36% 24.6M 1s
 12100K .......... .......... .......... .......... .......... 36% 36.2M 1s
 12150K .......... .......... .......... .......... .......... 37% 30.8M 1s
 12200K .......... .......... .......... .......... .......... 37% 36.3M 1s
 12250K .......... .......... .......... .......... .......... 37% 31.1M 1s
 12300K .......... .......... .......... .......... .......... 37% 35.3M 1s
 12350K .......... .......... .......... .......... .......... 37% 24.5M 1s
 12400K .......... .......... .......... .......... .......... 37% 24.2M 1s
 12450K .......... .......... .......... .......... .......... 37% 38.0M 1s
 12500K .......... .......... .......... .......... .......... 38% 30.8M 1s
 12550K .......... .......... .......... .......... .......... 38% 37.0M 1s
 12600K .......... .......... .......... .......... .......... 38% 3.35M 1s
 12650K .......... .......... .......... .......... .......... 38% 31.1M 1s
 12700K .......... .......... .......... .......... .......... 38% 33.4M 1s
 12750K .......... .......... .......... .......... .......... 38% 31.0M 1s
 12800K .......... .......... .......... .......... .......... 39% 35.6M 1s
 12850K .......... .......... .......... .......... .......... 39% 4.01M 1s
 12900K .......... .......... .......... .......... .......... 39% 33.4M 1s
 12950K .......... .......... .......... .......... .......... 39% 38.1M 1s
 13000K .......... .......... .......... .......... .......... 39% 37.7M 1s
 13050K .......... .......... .......... .......... .......... 39% 25.1M 1s
 13100K .......... .......... .......... .......... .......... 39% 38.0M 1s
 13150K .......... .......... .......... .......... .......... 40% 37.4M 1s
 13200K .......... .......... .......... .......... .......... 40% 33.3M 1s
 13250K .......... .......... .......... .......... .......... 40% 35.2M 1s
 13300K .......... .......... .......... .......... .......... 40% 5.90M 1s
 13350K .......... .......... .......... .......... .......... 40% 33.4M 1s
 13400K .......... .......... .......... .......... .......... 40% 38.4M 1s
 13450K .......... .......... .......... .......... .......... 41% 32.5M 1s
 13500K .......... .......... .......... .......... .......... 41% 14.9M 1s
 13550K .......... .......... .......... .......... .......... 41% 32.7M 1s
 13600K .......... .......... .......... .......... .......... 41% 28.6M 1s
 13650K .......... .......... .......... .......... .......... 41% 35.5M 1s
 13700K .......... .......... .......... .......... .......... 41% 36.5M 1s
 13750K .......... .......... .......... .......... .......... 41% 14.6M 1s
 13800K .......... .......... .......... .......... .......... 42% 34.7M 1s
 13850K .......... .......... .......... .......... .......... 42% 37.5M 1s
 13900K .......... .......... .......... .......... .......... 42% 31.0M 1s
 13950K .......... .......... .......... .......... .......... 42% 31.1M 1s
 14000K .......... .......... .......... .......... .......... 42% 32.9M 1s
 14050K .......... .......... .......... .......... .......... 42% 38.3M 1s
 14100K .......... .......... .......... .......... .......... 42% 38.2M 1s
 14150K .......... .......... .......... .......... .......... 43% 23.6M 1s
 14200K .......... .......... .......... .......... .......... 43% 33.8M 1s
 14250K .......... .......... .......... .......... .......... 43% 32.0M 1s
 14300K .......... .......... .......... .......... .......... 43% 36.0M 1s
 14350K .......... .......... .......... .......... .......... 43% 34.0M 1s
 14400K .......... .......... .......... .......... .......... 43% 25.4M 1s
 14450K .......... .......... .......... .......... .......... 44% 37.1M 1s
 14500K .......... .......... .......... .......... .......... 44% 31.5M 1s
 14550K .......... .......... .......... .......... .......... 44% 36.5M 1s
 14600K .......... .......... .......... .......... .......... 44% 27.2M 1s
 14650K .......... .......... .......... .......... .......... 44% 31.0M 1s
 14700K .......... .......... .......... .......... .......... 44% 31.2M 1s
 14750K .......... .......... .......... .......... .......... 44% 28.8M 1s
 14800K .......... .......... .......... .......... .......... 45% 21.2M 1s
 14850K .......... .......... .......... .......... .......... 45% 51.9M 1s
 14900K .......... .......... .......... .......... .......... 45% 29.6M 1s
 14950K .......... .......... .......... .......... .......... 45% 35.8M 1s
 15000K .......... .......... .......... .......... .......... 45% 36.4M 1s
 15050K .......... .......... .......... .......... .......... 45% 22.4M 1s
 15100K .......... .......... .......... .......... .......... 46% 36.2M 1s
 15150K .......... .......... .......... .......... .......... 46% 36.6M 1s
 15200K .......... .......... .......... .......... .......... 46% 30.3M 1s
 15250K .......... .......... .......... .......... .......... 46% 27.3M 1s
 15300K .......... .......... .......... .......... .......... 46% 35.2M 1s
 15350K .......... .......... .......... .......... .......... 46% 30.3M 1s
 15400K .......... .......... .......... .......... .......... 46% 35.4M 1s
 15450K .......... .......... .......... .......... .......... 47% 30.4M 1s
 15500K .......... .......... .......... .......... .......... 47% 25.4M 1s
 15550K .......... .......... .......... .......... .......... 47% 35.8M 1s
 15600K .......... .......... .......... .......... .......... 47% 31.2M 1s
 15650K .......... .......... .......... .......... .......... 47% 33.5M 1s
 15700K .......... .......... .......... .......... .......... 47% 27.6M 1s
 15750K .......... .......... .......... .......... .......... 48% 29.9M 1s
 15800K .......... .......... .......... .......... .......... 48% 33.6M 1s
 15850K .......... .......... .......... .......... .......... 48% 35.0M 1s
 15900K .......... .......... .......... .......... .......... 48% 29.9M 1s
 15950K .......... .......... .......... .......... .......... 48% 26.6M 1s
 16000K .......... .......... .......... .......... .......... 48% 30.7M 1s
 16050K .......... .......... .......... .......... .......... 48% 34.8M 1s
 16100K .......... .......... .......... .......... .......... 49% 35.6M 1s
 16150K .......... .......... .......... .......... .......... 49% 23.6M 1s
 16200K .......... .......... .......... .......... .......... 49% 33.4M 1s
 16250K .......... .......... .......... .......... .......... 49% 35.3M 1s
 16300K .......... .......... .......... .......... .......... 49% 30.6M 1s
 16350K .......... .......... .......... .......... .......... 49% 36.0M 1s
 16400K .......... .......... .......... .......... .......... 49% 24.5M 1s
 16450K .......... .......... .......... .......... .......... 50% 36.1M 1s
 16500K .......... .......... .......... .......... .......... 50% 35.5M 1s
 16550K .......... .......... .......... .......... .......... 50% 30.1M 1s
 16600K .......... .......... .......... .......... .......... 50% 28.2M 1s
 16650K .......... .......... .......... .......... .......... 50% 29.6M 1s
 16700K .......... .......... .......... .......... .......... 50% 36.2M 1s
 16750K .......... .......... .......... .......... .......... 51% 27.7M 1s
 16800K .......... .......... .......... .......... .......... 51% 28.6M 1s
 16850K .......... .......... .......... .......... .......... 51% 34.6M 1s
 16900K .......... .......... .......... .......... .......... 51% 30.6M 1s
 16950K .......... .......... .......... .......... .......... 51% 35.7M 1s
 17000K .......... .......... .......... .......... .......... 51% 35.5M 1s
 17050K .......... .......... .......... .......... .......... 51% 15.5M 1s
 17100K .......... .......... .......... .......... .......... 52% 91.1M 1s
 17150K .......... .......... .......... .......... .......... 52% 36.0M 1s
 17200K .......... .......... .......... .......... .......... 52% 28.5M 1s
 17250K .......... .......... .......... .......... .......... 52% 30.7M 1s
 17300K .......... .......... .......... .......... .......... 52% 31.5M 1s
 17350K .......... .......... .......... .......... .......... 52% 34.1M 1s
 17400K .......... .......... .......... .......... .......... 53% 37.0M 1s
 17450K .......... .......... .......... .......... .......... 53% 29.0M 1s
 17500K .......... .......... .......... .......... .......... 53% 35.3M 1s
 17550K .......... .......... .......... .......... .......... 53% 28.3M 1s
 17600K .......... .......... .......... .......... .......... 53% 35.4M 1s
 17650K .......... .......... .......... .......... .......... 53% 33.5M 1s
 17700K .......... .......... .......... .......... .......... 53% 31.3M 1s
 17750K .......... .......... .......... .......... .......... 54% 34.6M 1s
 17800K .......... .......... .......... .......... .......... 54% 31.3M 1s
 17850K .......... .......... .......... .......... .......... 54% 35.2M 1s
 17900K .......... .......... .......... .......... .......... 54% 35.3M 1s
 17950K .......... .......... .......... .......... .......... 54% 31.1M 1s
 18000K .......... .......... .......... .......... .......... 54% 33.6M 1s
 18050K .......... .......... .......... .......... .......... 54% 32.1M 1s
 18100K .......... .......... .......... .......... .......... 55% 33.7M 1s
 18150K .......... .......... .......... .......... .......... 55% 35.5M 1s
 18200K .......... .......... .......... .......... .......... 55% 26.7M 1s
 18250K .......... .......... .......... .......... .......... 55% 35.0M 1s
 18300K .......... .......... .......... .......... .......... 55% 30.4M 1s
 18350K .......... .......... .......... .......... .......... 55% 34.6M 1s
 18400K .......... .......... .......... .......... .......... 56% 34.6M 1s
 18450K .......... .......... .......... .......... .......... 56% 29.5M 1s
 18500K .......... .......... .......... .......... .......... 56% 36.6M 1s
 18550K .......... .......... .......... .......... .......... 56% 29.2M 1s
 18600K .......... .......... .......... .......... .......... 56% 36.8M 1s
 18650K .......... .......... .......... .......... .......... 56% 34.8M 1s
 18700K .......... .......... .......... .......... .......... 56% 30.6M 1s
 18750K .......... .......... .......... .......... .......... 57% 33.8M 1s
 18800K .......... .......... .......... .......... .......... 57% 30.4M 1s
 18850K .......... .......... .......... .......... .......... 57% 36.2M 1s
 18900K .......... .......... .......... .......... .......... 57% 34.8M 1s
 18950K .......... .......... .......... .......... .......... 57% 29.9M 1s
 19000K .......... .......... .......... .......... .......... 57% 35.8M 1s
 19050K .......... .......... .......... .......... .......... 58% 30.7M 1s
 19100K .......... .......... .......... .......... .......... 58% 34.0M 1s
 19150K .......... .......... .......... .......... .......... 58% 32.6M 1s
 19200K .......... .......... .......... .......... .......... 58% 28.3M 1s
 19250K .......... .......... .......... .......... .......... 58% 35.5M 1s
 19300K .......... .......... .......... .......... .......... 58% 28.4M 1s
 19350K .......... .......... .......... .......... .......... 58% 28.0M 1s
 19400K .......... .......... .......... .......... .......... 59% 34.7M 1s
 19450K .......... .......... .......... .......... .......... 59% 27.4M 1s
 19500K .......... .......... .......... .......... .......... 59% 32.5M 1s
 19550K .......... .......... .......... .......... .......... 59% 27.0M 1s
 19600K .......... .......... .......... .......... .......... 59% 31.4M 1s
 19650K .......... .......... .......... .......... .......... 59% 32.0M 1s
 19700K .......... .......... .......... .......... .......... 60% 26.0M 1s
 19750K .......... .......... .......... .......... .......... 60% 31.4M 1s
 19800K .......... .......... .......... .......... .......... 60% 22.5M 1s
 19850K .......... .......... .......... .......... .......... 60% 42.9M 1s
 19900K .......... .......... .......... .......... .......... 60% 30.8M 1s
 19950K .......... .......... .......... .......... .......... 60% 25.9M 1s
 20000K .......... .......... .......... .......... .......... 60% 31.6M 1s
 20050K .......... .......... .......... .......... .......... 61% 26.9M 1s
 20100K .......... .......... .......... .......... .......... 61% 19.6M 1s
 20150K .......... .......... .......... .......... .......... 61% 31.5M 1s
 20200K .......... .......... .......... .......... .......... 61% 29.0M 1s
 20250K .......... .......... .......... .......... .......... 61% 29.1M 1s
 20300K .......... .......... .......... .......... .......... 61%  796K 1s
 20350K .......... .......... .......... .......... .......... 61%  119M 1s
 20400K .......... .......... .......... .......... .......... 62%  134M 1s
 20450K .......... .......... .......... .......... .......... 62%  159M 1s
 20500K .......... .......... .......... .......... .......... 62%  137M 1s
 20550K .......... .......... .......... .......... .......... 62%  129M 1s
 20600K .......... .......... .......... .......... .......... 62%  135M 1s
 20650K .......... .......... .......... .......... .......... 62%  143M 1s
 20700K .......... .......... .......... .......... .......... 63% 5.94M 1s
 20750K .......... .......... .......... .......... .......... 63% 1.07M 1s
 20800K .......... .......... .......... .......... .......... 63%  141M 1s
 20850K .......... .......... .......... .......... .......... 63% 51.7M 1s
 20900K .......... .......... .......... .......... .......... 63%  105M 1s
 20950K .......... .......... .......... .......... .......... 63%  142M 1s
 21000K .......... .......... .......... .......... .......... 63%  145M 1s
 21050K .......... .......... .......... .......... .......... 64%  132M 1s
 21100K .......... .......... .......... .......... .......... 64% 1.37M 1s
 21150K .......... .......... .......... .......... .......... 64%  130M 1s
 21200K .......... .......... .......... .......... .......... 64%  141M 1s
 21250K .......... .......... .......... .......... .......... 64%  110M 1s
 21300K .......... .......... .......... .......... .......... 64%  125M 1s
 21350K .......... .......... .......... .......... .......... 65%  130M 1s
 21400K .......... .......... .......... .......... .......... 65%  152M 1s
 21450K .......... .......... .......... .......... .......... 65% 86.3M 1s
 21500K .......... .......... .......... .......... .......... 65%  109M 1s
 21550K .......... .......... .......... .......... .......... 65%  141M 1s
 21600K .......... .......... .......... .......... .......... 65%  110M 1s
 21650K .......... .......... .......... .......... .......... 65%  142M 1s
 21700K .......... .......... .......... .......... .......... 66%  140M 1s
 21750K .......... .......... .......... .......... .......... 66%  117M 1s
 21800K .......... .......... .......... .......... .......... 66%  113M 1s
 21850K .......... .......... .......... .......... .......... 66%  138M 1s
 21900K .......... .......... .......... .......... .......... 66%  142M 1s
 21950K .......... .......... .......... .......... .......... 66%  110M 1s
 22000K .......... .......... .......... .......... .......... 66%  148M 1s
 22050K .......... .......... .......... .......... .......... 67%  133M 0s
 22100K .......... .......... .......... .......... .......... 67% 92.8M 0s
 22150K .......... .......... .......... .......... .......... 67%  129M 0s
 22200K .......... .......... .......... .......... .......... 67% 9.03M 0s
 22250K .......... .......... .......... .......... .......... 67% 9.31M 0s
 22300K .......... .......... .......... .......... .......... 67% 36.1M 0s
 22350K .......... .......... .......... .......... .......... 68% 11.2M 0s
 22400K .......... .......... .......... .......... .......... 68%  140M 0s
 22450K .......... .......... .......... .......... .......... 68%  141M 0s
 22500K .......... .......... .......... .......... .......... 68%  133M 0s
 22550K .......... .......... .......... .......... .......... 68%  114M 0s
 22600K .......... .......... .......... .......... .......... 68% 1.75M 0s
 22650K .......... .......... .......... .......... .......... 68% 27.6M 0s
 22700K .......... .......... .......... .......... .......... 69% 1.47M 0s
 22750K .......... .......... .......... .......... .......... 69%  144M 0s
 22800K .......... .......... .......... .......... .......... 69%  127M 0s
 22850K .......... .......... .......... .......... .......... 69%  146M 0s
 22900K .......... .......... .......... .......... .......... 69%  136M 0s
 22950K .......... .......... .......... .......... .......... 69%  148M 0s
 23000K .......... .......... .......... .......... .......... 70% 3.04M 0s
 23050K .......... .......... .......... .......... .......... 70%  135M 0s
 23100K .......... .......... .......... .......... .......... 70%  130M 0s
 23150K .......... .......... .......... .......... .......... 70%  123M 0s
 23200K .......... .......... .......... .......... .......... 70%  149M 0s
 23250K .......... .......... .......... .......... .......... 70%  126M 0s
 23300K .......... .......... .......... .......... .......... 70%  117M 0s
 23350K .......... .......... .......... .......... .......... 71% 10.8M 0s
 23400K .......... .......... .......... .......... .......... 71% 14.5M 0s
 23450K .......... .......... .......... .......... .......... 71% 1.45M 0s
 23500K .......... .......... .......... .......... .......... 71%  141M 0s
 23550K .......... .......... .......... .......... .......... 71%  131M 0s
 23600K .......... .......... .......... .......... .......... 71%  151M 0s
 23650K .......... .......... .......... .......... .......... 72%  117M 0s
 23700K .......... .......... .......... .......... .......... 72%  162M 0s
 23750K .......... .......... .......... .......... .......... 72% 2.38M 0s
 23800K .......... .......... .......... .......... .......... 72%  159M 0s
 23850K .......... .......... .......... .......... .......... 72% 96.0M 0s
 23900K .......... .......... .......... .......... .......... 72%  151M 0s
 23950K .......... .......... .......... .......... .......... 72%  126M 0s
 24000K .......... .......... .......... .......... .......... 73% 98.3M 0s
 24050K .......... .......... .......... .......... .......... 73%  147M 0s
 24100K .......... .......... .......... .......... .......... 73%  141M 0s
 24150K .......... .......... .......... .......... .......... 73% 1.47M 0s
 24200K .......... .......... .......... .......... .......... 73%  155M 0s
 24250K .......... .......... .......... .......... .......... 73%  112M 0s
 24300K .......... .......... .......... .......... .......... 73%  134M 0s
 24350K .......... .......... .......... .......... .......... 74%  132M 0s
 24400K .......... .......... .......... .......... .......... 74%  132M 0s
 24450K .......... .......... .......... .......... .......... 74% 2.31M 0s
 24500K .......... .......... .......... .......... .......... 74%  127M 0s
 24550K .......... .......... .......... .......... .......... 74%  140M 0s
 24600K .......... .......... .......... .......... .......... 74%  137M 0s
 24650K .......... .......... .......... .......... .......... 75%  130M 0s
 24700K .......... .......... .......... .......... .......... 75%  152M 0s
 24750K .......... .......... .......... .......... .......... 75%  117M 0s
 24800K .......... .......... .......... .......... .......... 75% 1.74M 0s
 24850K .......... .......... .......... .......... .......... 75%  143M 0s
 24900K .......... .......... .......... .......... .......... 75%  150M 0s
 24950K .......... .......... .......... .......... .......... 75%  139M 0s
 25000K .......... .......... .......... .......... .......... 76% 2.56M 0s
 25050K .......... .......... .......... .......... .......... 76%  117M 0s
 25100K .......... .......... .......... .......... .......... 76%  151M 0s
 25150K .......... .......... .......... .......... .......... 76% 7.00M 0s
 25200K .......... .......... .......... .......... .......... 76%  149M 0s
 25250K .......... .......... .......... .......... .......... 76%  144M 0s
 25300K .......... .......... .......... .......... .......... 77%  139M 0s
 25350K .......... .......... .......... .......... .......... 77%  142M 0s
 25400K .......... .......... .......... .......... .......... 77%  141M 0s
 25450K .......... .......... .......... .......... .......... 77%  152M 0s
 25500K .......... .......... .......... .......... .......... 77%  142M 0s
 25550K .......... .......... .......... .......... .......... 77%  135M 0s
 25600K .......... .......... .......... .......... .......... 77%  163M 0s
 25650K .......... .......... .......... .......... .......... 78%  164M 0s
 25700K .......... .......... .......... .......... .......... 78%  119M 0s
 25750K .......... .......... .......... .......... .......... 78% 31.9M 0s
 25800K .......... .......... .......... .......... .......... 78% 5.73M 0s
 25850K .......... .......... .......... .......... .......... 78% 18.6M 0s
 25900K .......... .......... .......... .......... .......... 78% 18.2M 0s
 25950K .......... .......... .......... .......... .......... 78% 8.91M 0s
 26000K .......... .......... .......... .......... .......... 79% 13.2M 0s
 26050K .......... .......... .......... .......... .......... 79% 12.0M 0s
 26100K .......... .......... .......... .......... .......... 79% 6.81M 0s
 26150K .......... .......... .......... .......... .......... 79% 11.5M 0s
 26200K .......... .......... .......... .......... .......... 79% 12.5M 0s
 26250K .......... .......... .......... .......... .......... 79% 10.1M 0s
 26300K .......... .......... .......... .......... .......... 80% 19.3M 0s
 26350K .......... .......... .......... .......... .......... 80% 14.6M 0s
 26400K .......... .......... .......... .......... .......... 80% 6.43M 0s
 26450K .......... .......... .......... .......... .......... 80% 7.79M 0s
 26500K .......... .......... .......... .......... .......... 80% 18.1M 0s
 26550K .......... .......... .......... .......... .......... 80% 8.75M 0s
 26600K .......... .......... .......... .......... .......... 80% 16.2M 0s
 26650K .......... .......... .......... .......... .......... 81% 23.0M 0s
 26700K .......... .......... .......... .......... .......... 81% 6.66M 0s
 26750K .......... .......... .......... .......... .......... 81% 6.37M 0s
 26800K .......... .......... .......... .......... .......... 81% 30.9M 0s
 26850K .......... .......... .......... .......... .......... 81% 18.3M 0s
 26900K .......... .......... .......... .......... .......... 81% 7.79M 0s
 26950K .......... .......... .......... .......... .......... 82% 16.0M 0s
 27000K .......... .......... .......... .......... .......... 82% 8.34M 0s
 27050K .......... .......... .......... .......... .......... 82% 7.07M 0s
 27100K .......... .......... .......... .......... .......... 82% 12.3M 0s
 27150K .......... .......... .......... .......... .......... 82% 20.6M 0s
 27200K .......... .......... .......... .......... .......... 82% 8.00M 0s
 27250K .......... .......... .......... .......... .......... 82% 15.8M 0s
 27300K .......... .......... .......... .......... .......... 83% 8.16M 0s
 27350K .......... .......... .......... .......... .......... 83% 13.8M 0s
 27400K .......... .......... .......... .......... .......... 83% 6.89M 0s
 27450K .......... .......... .......... .......... .......... 83% 29.3M 0s
 27500K .......... .......... .......... .......... .......... 83% 9.17M 0s
 27550K .......... .......... .......... .......... .......... 83% 15.0M 0s
 27600K .......... .......... .......... .......... .......... 84% 21.3M 0s
 27650K .......... .......... .......... .......... .......... 84% 5.63M 0s
 27700K .......... .......... .......... .......... .......... 84% 6.79M 0s
 27750K .......... .......... .......... .......... .......... 84% 65.0M 0s
 27800K .......... .......... .......... .......... .......... 84% 11.2M 0s
 27850K .......... .......... .......... .......... .......... 84% 11.1M 0s
 27900K .......... .......... .......... .......... .......... 84% 16.2M 0s
 27950K .......... .......... .......... .......... .......... 85% 8.20M 0s
 28000K .......... .......... .......... .......... .......... 85% 5.36M 0s
 28050K .......... .......... .......... .......... .......... 85% 31.3M 0s
 28100K .......... .......... .......... .......... .......... 85% 17.2M 0s
 28150K .......... .......... .......... .......... .......... 85% 9.19M 0s
 28200K .......... .......... .......... .......... .......... 85% 13.5M 0s
 28250K .......... .......... .......... .......... .......... 85% 7.94M 0s
 28300K .......... .......... .......... .......... .......... 86% 9.98M 0s
 28350K .......... .......... .......... .......... .......... 86% 9.03M 0s
 28400K .......... .......... .......... .......... .......... 86% 23.3M 0s
 28450K .......... .......... .......... .......... .......... 86% 12.3M 0s
 28500K .......... .......... .......... .......... .......... 86% 10.5M 0s
 28550K .......... .......... .......... .......... .......... 86% 17.5M 0s
 28600K .......... .......... .......... .......... .......... 87% 9.82M 0s
 28650K .......... .......... .......... .......... .......... 87% 5.28M 0s
 28700K .......... .......... .......... .......... .......... 87% 17.9M 0s
 28750K .......... .......... .......... .......... .......... 87% 18.6M 0s
 28800K .......... .......... .......... .......... .......... 87% 8.24M 0s
 28850K .......... .......... .......... .......... .......... 87% 26.3M 0s
 28900K .......... .......... .......... .......... .......... 87% 10.6M 0s
 28950K .......... .......... .......... .......... .......... 88% 4.99M 0s
 29000K .......... .......... .......... .......... .......... 88% 22.7M 0s
 29050K .......... .......... .......... .......... .......... 88% 17.9M 0s
 29100K .......... .......... .......... .......... .......... 88% 11.3M 0s
 29150K .......... .......... .......... .......... .......... 88% 11.2M 0s
 29200K .......... .......... .......... .......... .......... 88% 26.9M 0s
 29250K .......... .......... .......... .......... .......... 89% 5.11M 0s
 29300K .......... .......... .......... .......... .......... 89% 10.5M 0s
 29350K .......... .......... .......... .......... .......... 89% 17.6M 0s
 29400K .......... .......... .......... .......... .......... 89% 12.0M 0s
 29450K .......... .......... .......... .......... .......... 89% 10.6M 0s
 29500K .......... .......... .......... .......... .......... 89% 18.4M 0s
 29550K .......... .......... .......... .......... .......... 89% 13.4M 0s
 29600K .......... .......... .......... .......... .......... 90% 5.56M 0s
 29650K .......... .......... .......... .......... .......... 90% 10.3M 0s
 29700K .......... .......... .......... .......... .......... 90% 16.5M 0s
 29750K .......... .......... .......... .......... .......... 90% 8.74M 0s
 29800K .......... .......... .......... .......... .......... 90% 25.8M 0s
 29850K .......... .......... .......... .......... .......... 90% 16.0M 0s
 29900K .......... .......... .......... .......... .......... 90% 4.78M 0s
 29950K .......... .......... .......... .......... .......... 91% 15.0M 0s
 30000K .......... .......... .......... .......... .......... 91% 26.9M 0s
 30050K .......... .......... .......... .......... .......... 91% 9.32M 0s
 30100K .......... .......... .......... .......... .......... 91% 11.9M 0s
 30150K .......... .......... .......... .......... .......... 91% 12.9M 0s
 30200K .......... .......... .......... .......... .......... 91% 6.25M 0s
 30250K .......... .......... .......... .......... .......... 92% 17.4M 0s
 30300K .......... .......... .......... .......... .......... 92% 11.0M 0s
 30350K .......... .......... .......... .......... .......... 92% 14.7M 0s
 30400K .......... .......... .......... .......... .......... 92% 7.36M 0s
 30450K .......... .......... .......... .......... .......... 92% 27.3M 0s
 30500K .......... .......... .......... .......... .......... 92% 13.7M 0s
 30550K .......... .......... .......... .......... .......... 92% 5.37M 0s
 30600K .......... .......... .......... .......... .......... 93% 16.0M 0s
 30650K .......... .......... .......... .......... .......... 93% 17.4M 0s
 30700K .......... .......... .......... .......... .......... 93% 5.75M 0s
 30750K .......... .......... .......... .......... .......... 93% 72.3M 0s
 30800K .......... .......... .......... .......... .......... 93% 18.3M 0s
 30850K .......... .......... .......... .......... .......... 93% 4.48M 0s
 30900K .......... .......... .......... .......... .......... 94% 19.0M 0s
 30950K .......... .......... .......... .......... .......... 94% 29.9M 0s
 31000K .......... .......... .......... .......... .......... 94% 11.3M 0s
 31050K .......... .......... .......... .......... .......... 94% 7.75M 0s
 31100K .......... .......... .......... .......... .......... 94% 37.0M 0s
 31150K .......... .......... .......... .......... .......... 94% 4.07M 0s
 31200K .......... .......... .......... .......... .......... 94% 47.2M 0s
 31250K .......... .......... .......... .......... .......... 95% 19.7M 0s
 31300K .......... .......... .......... .......... .......... 95% 18.7M 0s
 31350K .......... .......... .......... .......... .......... 95% 5.53M 0s
 31400K .......... .......... .......... .......... .......... 95% 53.5M 0s
 31450K .......... .......... .......... .......... .......... 95% 3.80M 0s
 31500K .......... .......... .......... .......... .......... 95% 72.0M 0s
 31550K .......... .......... .......... .......... .......... 96%  102M 0s
 31600K .......... .......... .......... .......... .......... 96% 10.3M 0s
 31650K .......... .......... .......... .......... .......... 96% 15.9M 0s
 31700K .......... .......... .......... .......... .......... 96% 7.42M 0s
 31750K .......... .......... .......... .......... .......... 96% 20.6M 0s
 31800K .......... .......... .......... .......... .......... 96% 4.38M 0s
 31850K .......... .......... .......... .......... .......... 96% 72.3M 0s
 31900K .......... .......... .......... .......... .......... 97% 25.8M 0s
 31950K .......... .......... .......... .......... .......... 97% 11.4M 0s
 32000K .......... .......... .......... .......... .......... 97% 6.67M 0s
 32050K .......... .......... .......... .......... .......... 97% 16.3M 0s
 32100K .......... .......... .......... .......... .......... 97% 4.42M 0s
 32150K .......... .......... .......... .......... .......... 97% 54.7M 0s
 32200K .......... .......... .......... .......... .......... 97% 27.9M 0s
 32250K .......... .......... .......... .......... .......... 98% 17.1M 0s
 32300K .......... .......... .......... .......... .......... 98% 14.1M 0s
 32350K .......... .......... .......... .......... .......... 98% 8.33M 0s
 32400K .......... .......... .......... .......... .......... 98% 3.61M 0s
 32450K .......... .......... .......... .......... .......... 98% 79.0M 0s
 32500K .......... .......... .......... .......... .......... 98% 79.2M 0s
 32550K .......... .......... .......... .......... .......... 99% 10.8M 0s
 32600K .......... .......... .......... .......... .......... 99% 37.8M 0s
 32650K .......... .......... .......... .......... .......... 99% 6.10M 0s
 32700K .......... .......... .......... .......... .......... 99% 17.3M 0s
 32750K .......... .......... .......... .......... .......... 99% 4.35M 0s
 32800K .......... .......... .......... .......... .......... 99% 85.7M 0s
 32850K .......... .......... .......... .......... .......... 99% 10.3M 0s
 32900K .......... ......                                     100%  131M=1.9s

2022-04-27 02:55:04 (16.5 MB/s) - ‘/root/process_mining/trips_tracing/stopsintrip.json’ saved [33706293/33706293]

--2022-04-27 02:55:04--  https://ckan.multimediagdansk.pl/dataset/c24aa637-3619-4dc2-a171-a23eec8f2172/resource/4c4025f0-01bf-41f7-a39f-d156d201b82b/download/stops.json
Resolving ckan.multimediagdansk.pl (ckan.multimediagdansk.pl)... 91.244.248.30
Connecting to ckan.multimediagdansk.pl (ckan.multimediagdansk.pl)|91.244.248.30|:443... connected.
HTTP request sent, awaiting response... 200 OK
Length: 9542690 (9.1M) [application/json]
Saving to: ‘/root/process_mining/trips_tracing/stops.json’

     0K .......... .......... .......... .......... ..........  0%  885K 10s
    50K .......... .......... .......... .......... ..........  1% 1.75M 8s
   100K .......... .......... .......... .......... ..........  1% 58.8M 5s
   150K .......... .......... .......... .......... ..........  2% 81.4M 4s
   200K .......... .......... .......... .......... ..........  2% 1.78M 4s
   250K .......... .......... .......... .......... ..........  3% 72.5M 3s
   300K .......... .......... .......... .......... ..........  3% 85.6M 3s
   350K .......... .......... .......... .......... ..........  4%  103M 3s
   400K .......... .......... .......... .......... ..........  4% 1.88M 3s
   450K .......... .......... .......... .......... ..........  5% 52.2M 3s
   500K .......... .......... .......... .......... ..........  5% 68.4M 2s
   550K .......... .......... .......... .......... ..........  6% 59.0M 2s
   600K .......... .......... .......... .......... ..........  6% 58.2M 2s
   650K .......... .......... .......... .......... ..........  7% 93.5M 2s
   700K .......... .......... .......... .......... ..........  8%  137M 2s
   750K .......... .......... .......... .......... ..........  8%  145M 2s
   800K .......... .......... .......... .......... ..........  9%  164M 1s
   850K .......... .......... .......... .......... ..........  9% 2.04M 2s
   900K .......... .......... .......... .......... .......... 10% 63.8M 2s
   950K .......... .......... .......... .......... .......... 10% 69.4M 1s
  1000K .......... .......... .......... .......... .......... 11% 59.5M 1s
  1050K .......... .......... .......... .......... .......... 11% 70.0M 1s
  1100K .......... .......... .......... .......... .......... 12% 60.4M 1s
  1150K .......... .......... .......... .......... .......... 12% 70.8M 1s
  1200K .......... .......... .......... .......... .......... 13% 68.4M 1s
  1250K .......... .......... .......... .......... .......... 13% 70.2M 1s
  1300K .......... .......... .......... .......... .......... 14%  113M 1s
  1350K .......... .......... .......... .......... .......... 15% 95.1M 1s
  1400K .......... .......... .......... .......... .......... 15%  109M 1s
  1450K .......... .......... .......... .......... .......... 16% 67.1M 1s
  1500K .......... .......... .......... .......... .......... 16%  132M 1s
  1550K .......... .......... .......... .......... .......... 17%  161M 1s
  1600K .......... .......... .......... .......... .......... 17%  135M 1s
  1650K .......... .......... .......... .......... .......... 18%  155M 1s
  1700K .......... .......... .......... .......... .......... 18% 2.64M 1s
  1750K .......... .......... .......... .......... .......... 19% 79.8M 1s
  1800K .......... .......... .......... .......... .......... 19% 80.2M 1s
  1850K .......... .......... .......... .......... .......... 20% 64.0M 1s
  1900K .......... .......... .......... .......... .......... 20% 72.0M 1s
  1950K .......... .......... .......... .......... .......... 21% 73.3M 1s
  2000K .......... .......... .......... .......... .......... 21% 82.8M 1s
  2050K .......... .......... .......... .......... .......... 22% 88.4M 1s
  2100K .......... .......... .......... .......... .......... 23% 70.4M 1s
  2150K .......... .......... .......... .......... .......... 23% 88.5M 1s
  2200K .......... .......... .......... .......... .......... 24% 71.8M 1s
  2250K .......... .......... .......... .......... .......... 24% 86.0M 1s
  2300K .......... .......... .......... .......... .......... 25% 87.3M 1s
  2350K .......... .......... .......... .......... .......... 25% 51.0M 1s
  2400K .......... .......... .......... .......... .......... 26% 96.6M 1s
  2450K .......... .......... .......... .......... .......... 26% 90.0M 1s
  2500K .......... .......... .......... .......... .......... 27%  104M 1s
  2550K .......... .......... .......... .......... .......... 27% 92.5M 1s
  2600K .......... .......... .......... .......... .......... 28% 78.6M 1s
  2650K .......... .......... .......... .......... .......... 28% 73.1M 1s
  2700K .......... .......... .......... .......... .......... 29% 81.2M 1s
  2750K .......... .......... .......... .......... .......... 30% 78.5M 0s
  2800K .......... .......... .......... .......... .......... 30%  116M 0s
  2850K .......... .......... .......... .......... .......... 31%  160M 0s
  2900K .......... .......... .......... .......... .......... 31%  143M 0s
  2950K .......... .......... .......... .......... .......... 32%  123M 0s
  3000K .......... .......... .......... .......... .......... 32%  142M 0s
  3050K .......... .......... .......... .......... .......... 33%  124M 0s
  3100K .......... .......... .......... .......... .......... 33%  112M 0s
  3150K .......... .......... .......... .......... .......... 34% 69.1M 0s
  3200K .......... .......... .......... .......... .......... 34% 34.4M 0s
  3250K .......... .......... .......... .......... .......... 35% 36.0M 0s
  3300K .......... .......... .......... .......... .......... 35% 28.8M 0s
  3350K .......... .......... .......... .......... .......... 36% 15.3M 0s
  3400K .......... .......... .......... .......... .......... 37% 20.6M 0s
  3450K .......... .......... .......... .......... .......... 37% 21.7M 0s
  3500K .......... .......... .......... .......... .......... 38%  106M 0s
  3550K .......... .......... .......... .......... .......... 38% 19.9M 0s
  3600K .......... .......... .......... .......... .......... 39% 23.8M 0s
  3650K .......... .......... .......... .......... .......... 39% 15.0M 0s
  3700K .......... .......... .......... .......... .......... 40% 23.1M 0s
  3750K .......... .......... .......... .......... .......... 40% 24.5M 0s
  3800K .......... .......... .......... .......... .......... 41% 28.9M 0s
  3850K .......... .......... .......... .......... .......... 41% 31.9M 0s
  3900K .......... .......... .......... .......... .......... 42% 32.4M 0s
  3950K .......... .......... .......... .......... .......... 42% 28.9M 0s
  4000K .......... .......... .......... .......... .......... 43% 20.3M 0s
  4050K .......... .......... .......... .......... .......... 43% 19.6M 0s
  4100K .......... .......... .......... .......... .......... 44% 34.8M 0s
  4150K .......... .......... .......... .......... .......... 45% 23.4M 0s
  4200K .......... .......... .......... .......... .......... 45% 36.7M 0s
  4250K .......... .......... .......... .......... .......... 46% 26.9M 0s
  4300K .......... .......... .......... .......... .......... 46% 31.3M 0s
  4350K .......... .......... .......... .......... .......... 47% 10.7M 0s
  4400K .......... .......... .......... .......... .......... 47% 21.4M 0s
  4450K .......... .......... .......... .......... .......... 48% 22.3M 0s
  4500K .......... .......... .......... .......... .......... 48% 26.1M 0s
  4550K .......... .......... .......... .......... .......... 49% 27.8M 0s
  4600K .......... .......... .......... .......... .......... 49% 19.0M 0s
  4650K .......... .......... .......... .......... .......... 50% 56.4M 0s
  4700K .......... .......... .......... .......... .......... 50% 17.7M 0s
  4750K .......... .......... .......... .......... .......... 51% 29.8M 0s
  4800K .......... .......... .......... .......... .......... 52% 35.9M 0s
  4850K .......... .......... .......... .......... .......... 52% 33.4M 0s
  4900K .......... .......... .......... .......... .......... 53% 30.7M 0s
  4950K .......... .......... .......... .......... .......... 53% 22.0M 0s
  5000K .......... .......... .......... .......... .......... 54% 35.9M 0s
  5050K .......... .......... .......... .......... .......... 54% 28.4M 0s
  5100K .......... .......... .......... .......... .......... 55% 30.0M 0s
  5150K .......... .......... .......... .......... .......... 55% 25.9M 0s
  5200K .......... .......... .......... .......... .......... 56% 28.7M 0s
  5250K .......... .......... .......... .......... .......... 56% 37.2M 0s
  5300K .......... .......... .......... .......... .......... 57% 27.8M 0s
  5350K .......... .......... .......... .......... .......... 57% 23.8M 0s
  5400K .......... .......... .......... .......... .......... 58% 38.1M 0s
  5450K .......... .......... .......... .......... .......... 59% 32.3M 0s
  5500K .......... .......... .......... .......... .......... 59% 36.1M 0s
  5550K .......... .......... .......... .......... .......... 60% 37.6M 0s
  5600K .......... .......... .......... .......... .......... 60% 24.9M 0s
  5650K .......... .......... .......... .......... .......... 61% 29.3M 0s
  5700K .......... .......... .......... .......... .......... 61% 37.9M 0s
  5750K .......... .......... .......... .......... .......... 62% 25.4M 0s
  5800K .......... .......... .......... .......... .......... 62% 26.4M 0s
  5850K .......... .......... .......... .......... .......... 63% 29.8M 0s
  5900K .......... .......... .......... .......... .......... 63% 38.2M 0s
  5950K .......... .......... .......... .......... .......... 64% 26.2M 0s
  6000K .......... .......... .......... .......... .......... 64% 30.4M 0s
  6050K .......... .......... .......... .......... .......... 65% 33.3M 0s
  6100K .......... .......... .......... .......... .......... 65% 27.6M 0s
  6150K .......... .......... .......... .......... .......... 66% 31.9M 0s
  6200K .......... .......... .......... .......... .......... 67% 27.8M 0s
  6250K .......... .......... .......... .......... .......... 67% 20.5M 0s
  6300K .......... .......... .......... .......... .......... 68% 36.2M 0s
  6350K .......... .......... .......... .......... .......... 68% 32.8M 0s
  6400K .......... .......... .......... .......... .......... 69% 38.0M 0s
  6450K .......... .......... .......... .......... .......... 69% 31.4M 0s
  6500K .......... .......... .......... .......... .......... 70% 19.5M 0s
  6550K .......... .......... .......... .......... .......... 70% 28.4M 0s
  6600K .......... .......... .......... .......... .......... 71% 36.9M 0s
  6650K .......... .......... .......... .......... .......... 71% 23.0M 0s
  6700K .......... .......... .......... .......... .......... 72% 26.2M 0s
  6750K .......... .......... .......... .......... .......... 72% 16.8M 0s
  6800K .......... .......... .......... .......... .......... 73% 26.0M 0s
  6850K .......... .......... .......... .......... .......... 74% 36.7M 0s
  6900K .......... .......... .......... .......... .......... 74% 22.3M 0s
  6950K .......... .......... .......... .......... .......... 75% 23.4M 0s
  7000K .......... .......... .......... .......... .......... 75% 37.7M 0s
  7050K .......... .......... .......... .......... .......... 76% 30.0M 0s
  7100K .......... .......... .......... .......... .......... 76% 25.7M 0s
  7150K .......... .......... .......... .......... .......... 77% 30.4M 0s
  7200K .......... .......... .......... .......... .......... 77% 6.65M 0s
  7250K .......... .......... .......... .......... .......... 78% 33.0M 0s
  7300K .......... .......... .......... .......... .......... 78% 26.7M 0s
  7350K .......... .......... .......... .......... .......... 79% 26.3M 0s
  7400K .......... .......... .......... .......... .......... 79% 33.5M 0s
  7450K .......... .......... .......... .......... .......... 80% 23.6M 0s
  7500K .......... .......... .......... .......... .......... 81% 33.3M 0s
  7550K .......... .......... .......... .......... .......... 81% 29.4M 0s
  7600K .......... .......... .......... .......... .......... 82% 24.7M 0s
  7650K .......... .......... .......... .......... .......... 82% 35.8M 0s
  7700K .......... .......... .......... .......... .......... 83% 31.3M 0s
  7750K .......... .......... .......... .......... .......... 83% 35.9M 0s
  7800K .......... .......... .......... .......... .......... 84% 36.1M 0s
  7850K .......... .......... .......... .......... .......... 84% 10.4M 0s
  7900K .......... .......... .......... .......... .......... 85% 41.3M 0s
  7950K .......... .......... .......... .......... .......... 85% 35.8M 0s
  8000K .......... .......... .......... .......... .......... 86% 28.8M 0s
  8050K .......... .......... .......... .......... .......... 86% 24.8M 0s
  8100K .......... .......... .......... .......... .......... 87% 30.6M 0s
  8150K .......... .......... .......... .......... .......... 87% 23.7M 0s
  8200K .......... .......... .......... .......... .......... 88% 37.2M 0s
  8250K .......... .......... .......... .......... .......... 89% 21.7M 0s
  8300K .......... .......... .......... .......... .......... 89% 31.8M 0s
  8350K .......... .......... .......... .......... .......... 90% 27.5M 0s
  8400K .......... .......... .......... .......... .......... 90% 31.5M 0s
  8450K .......... .......... .......... .......... .......... 91% 37.1M 0s
  8500K .......... .......... .......... .......... .......... 91% 23.2M 0s
  8550K .......... .......... .......... .......... .......... 92% 25.4M 0s
  8600K .......... .......... .......... .......... .......... 92% 26.6M 0s
  8650K .......... .......... .......... .......... .......... 93% 36.4M 0s
  8700K .......... .......... .......... .......... .......... 93% 26.4M 0s
  8750K .......... .......... .......... .......... .......... 94% 19.9M 0s
  8800K .......... .......... .......... .......... .......... 94% 37.4M 0s
  8850K .......... .......... .......... .......... .......... 95% 27.7M 0s
  8900K .......... .......... .......... .......... .......... 96% 37.0M 0s
  8950K .......... .......... .......... .......... .......... 96% 26.6M 0s
  9000K .......... .......... .......... .......... .......... 97% 29.9M 0s
  9050K .......... .......... .......... .......... .......... 97% 38.7M 0s
  9100K .......... .......... .......... .......... .......... 98% 34.7M 0s
  9150K .......... .......... .......... .......... .......... 98% 27.1M 0s
  9200K .......... .......... .......... .......... .......... 99% 17.2M 0s
  9250K .......... .......... .......... .......... .......... 99% 30.0M 0s
  9300K .......... .........                                  100% 46.0M=0.4s

2022-04-27 02:55:04 (20.7 MB/s) - ‘/root/process_mining/trips_tracing/stops.json’ saved [9542690/9542690]

--2022-04-27 02:55:04--  https://files.cloudgdansk.pl/d/otwarte-dane/ztm/baza-pojazdow.json?v=2
Resolving files.cloudgdansk.pl (files.cloudgdansk.pl)... 153.19.238.147
Connecting to files.cloudgdansk.pl (files.cloudgdansk.pl)|153.19.238.147|:443... connected.
HTTP request sent, awaiting response... 200 OK
Length: 279155 (273K) [application/json]
Saving to: ‘/root/process_mining/trips_tracing/baza-pojazdow.json’

     0K .......... .......... .......... .......... .......... 18% 1.69M 0s
    50K .......... .......... .......... .......... .......... 36% 1.70M 0s
   100K .......... .......... .......... .......... .......... 55%  119M 0s
   150K .......... .......... .......... .......... .......... 73% 1.73M 0s
   200K .......... .......... .......... .......... .......... 91%  142M 0s
   250K .......... .......... ..                              100%  169M=0.09s

2022-04-27 02:55:05 (3.08 MB/s) - ‘/root/process_mining/trips_tracing/baza-pojazdow.json’ saved [279155/279155]

