--2022-04-28 00:00:01--  https://files.cloudgdansk.pl/d/otwarte-dane/ztm/bsk.json
Resolving files.cloudgdansk.pl (files.cloudgdansk.pl)... 153.19.238.147
Connecting to files.cloudgdansk.pl (files.cloudgdansk.pl)|153.19.238.147|:443... connected.
HTTP request sent, awaiting response... 200 OK
Length: 60 [text/plain]
Saving to: ‘/root/process_mining/announcements/data/28_04_2022/ann28.04.2022-00-00-01.json’

     0K                                                       100% 11.2M=0s

2022-04-28 00:00:02 (11.2 MB/s) - ‘/root/process_mining/announcements/data/28_04_2022/ann28.04.2022-00-00-01.json’ saved [60/60]

--2022-04-28 00:10:01--  https://files.cloudgdansk.pl/d/otwarte-dane/ztm/bsk.json
Resolving files.cloudgdansk.pl (files.cloudgdansk.pl)... 153.19.238.147
Connecting to files.cloudgdansk.pl (files.cloudgdansk.pl)|153.19.238.147|:443... connected.
HTTP request sent, awaiting response... 200 OK
Length: 60 [text/plain]
Saving to: ‘/root/process_mining/announcements/data/28_04_2022/ann28.04.2022-00-10-01.json’

     0K                                                       100% 12.1M=0s

2022-04-28 00:10:02 (12.1 MB/s) - ‘/root/process_mining/announcements/data/28_04_2022/ann28.04.2022-00-10-01.json’ saved [60/60]

--2022-04-28 00:20:01--  https://files.cloudgdansk.pl/d/otwarte-dane/ztm/bsk.json
Resolving files.cloudgdansk.pl (files.cloudgdansk.pl)... 153.19.238.147
Connecting to files.cloudgdansk.pl (files.cloudgdansk.pl)|153.19.238.147|:443... connected.
HTTP request sent, awaiting response... 200 OK
Length: 60 [text/plain]
Saving to: ‘/root/process_mining/announcements/data/28_04_2022/ann28.04.2022-00-20-01.json’

     0K                                                       100% 12.5M=0s

2022-04-28 00:20:01 (12.5 MB/s) - ‘/root/process_mining/announcements/data/28_04_2022/ann28.04.2022-00-20-01.json’ saved [60/60]

--2022-04-28 00:30:01--  https://files.cloudgdansk.pl/d/otwarte-dane/ztm/bsk.json
Resolving files.cloudgdansk.pl (files.cloudgdansk.pl)... 153.19.238.147
Connecting to files.cloudgdansk.pl (files.cloudgdansk.pl)|153.19.238.147|:443... connected.
HTTP request sent, awaiting response... 200 OK
Length: 60 [text/plain]
Saving to: ‘/root/process_mining/announcements/data/28_04_2022/ann28.04.2022-00-30-01.json’

     0K                                                       100% 12.1M=0s

2022-04-28 00:30:01 (12.1 MB/s) - ‘/root/process_mining/announcements/data/28_04_2022/ann28.04.2022-00-30-01.json’ saved [60/60]

--2022-04-28 00:40:01--  https://files.cloudgdansk.pl/d/otwarte-dane/ztm/bsk.json
Resolving files.cloudgdansk.pl (files.cloudgdansk.pl)... 153.19.238.147
Connecting to files.cloudgdansk.pl (files.cloudgdansk.pl)|153.19.238.147|:443... connected.
HTTP request sent, awaiting response... 200 OK
Length: 60 [text/plain]
Saving to: ‘/root/process_mining/announcements/data/28_04_2022/ann28.04.2022-00-40-01.json’

     0K                                                       100% 11.0M=0s

2022-04-28 00:40:01 (11.0 MB/s) - ‘/root/process_mining/announcements/data/28_04_2022/ann28.04.2022-00-40-01.json’ saved [60/60]

--2022-04-28 00:50:01--  https://files.cloudgdansk.pl/d/otwarte-dane/ztm/bsk.json
Resolving files.cloudgdansk.pl (files.cloudgdansk.pl)... 153.19.238.147
Connecting to files.cloudgdansk.pl (files.cloudgdansk.pl)|153.19.238.147|:443... connected.
HTTP request sent, awaiting response... 200 OK
Length: 60 [text/plain]
Saving to: ‘/root/process_mining/announcements/data/28_04_2022/ann28.04.2022-00-50-01.json’

     0K                                                       100% 11.8M=0s

2022-04-28 00:50:01 (11.8 MB/s) - ‘/root/process_mining/announcements/data/28_04_2022/ann28.04.2022-00-50-01.json’ saved [60/60]

--2022-04-28 01:00:01--  https://files.cloudgdansk.pl/d/otwarte-dane/ztm/bsk.json
Resolving files.cloudgdansk.pl (files.cloudgdansk.pl)... 153.19.238.147
Connecting to files.cloudgdansk.pl (files.cloudgdansk.pl)|153.19.238.147|:443... connected.
HTTP request sent, awaiting response... 200 OK
Length: 60 [text/plain]
Saving to: ‘/root/process_mining/announcements/data/28_04_2022/ann28.04.2022-01-00-01.json’

     0K                                                       100% 11.7M=0s

2022-04-28 01:00:02 (11.7 MB/s) - ‘/root/process_mining/announcements/data/28_04_2022/ann28.04.2022-01-00-01.json’ saved [60/60]

--2022-04-28 01:10:01--  https://files.cloudgdansk.pl/d/otwarte-dane/ztm/bsk.json
Resolving files.cloudgdansk.pl (files.cloudgdansk.pl)... 153.19.238.147
Connecting to files.cloudgdansk.pl (files.cloudgdansk.pl)|153.19.238.147|:443... connected.
HTTP request sent, awaiting response... 200 OK
Length: 60 [text/plain]
Saving to: ‘/root/process_mining/announcements/data/28_04_2022/ann28.04.2022-01-10-01.json’

     0K                                                       100% 11.1M=0s

2022-04-28 01:10:01 (11.1 MB/s) - ‘/root/process_mining/announcements/data/28_04_2022/ann28.04.2022-01-10-01.json’ saved [60/60]

--2022-04-28 01:20:00--  https://files.cloudgdansk.pl/d/otwarte-dane/ztm/bsk.json
Resolving files.cloudgdansk.pl (files.cloudgdansk.pl)... 153.19.238.147
Connecting to files.cloudgdansk.pl (files.cloudgdansk.pl)|153.19.238.147|:443... connected.
HTTP request sent, awaiting response... 200 OK
Length: 60 [text/plain]
Saving to: ‘/root/process_mining/announcements/data/28_04_2022/ann28.04.2022-01-20-00.json’

     0K                                                       100% 12.2M=0s

2022-04-28 01:20:00 (12.2 MB/s) - ‘/root/process_mining/announcements/data/28_04_2022/ann28.04.2022-01-20-00.json’ saved [60/60]

--2022-04-28 01:30:01--  https://files.cloudgdansk.pl/d/otwarte-dane/ztm/bsk.json
Resolving files.cloudgdansk.pl (files.cloudgdansk.pl)... 153.19.238.147
Connecting to files.cloudgdansk.pl (files.cloudgdansk.pl)|153.19.238.147|:443... connected.
HTTP request sent, awaiting response... 200 OK
Length: 60 [text/plain]
Saving to: ‘/root/process_mining/announcements/data/28_04_2022/ann28.04.2022-01-30-01.json’

     0K                                                       100% 10.1M=0s

2022-04-28 01:30:02 (10.1 MB/s) - ‘/root/process_mining/announcements/data/28_04_2022/ann28.04.2022-01-30-01.json’ saved [60/60]

--2022-04-28 01:40:01--  https://files.cloudgdansk.pl/d/otwarte-dane/ztm/bsk.json
Resolving files.cloudgdansk.pl (files.cloudgdansk.pl)... 153.19.238.147
Connecting to files.cloudgdansk.pl (files.cloudgdansk.pl)|153.19.238.147|:443... connected.
HTTP request sent, awaiting response... 200 OK
Length: 60 [text/plain]
Saving to: ‘/root/process_mining/announcements/data/28_04_2022/ann28.04.2022-01-40-01.json’

     0K                                                       100% 11.8M=0s

2022-04-28 01:40:02 (11.8 MB/s) - ‘/root/process_mining/announcements/data/28_04_2022/ann28.04.2022-01-40-01.json’ saved [60/60]

--2022-04-28 01:50:01--  https://files.cloudgdansk.pl/d/otwarte-dane/ztm/bsk.json
Resolving files.cloudgdansk.pl (files.cloudgdansk.pl)... 153.19.238.147
Connecting to files.cloudgdansk.pl (files.cloudgdansk.pl)|153.19.238.147|:443... connected.
HTTP request sent, awaiting response... 200 OK
Length: 60 [text/plain]
Saving to: ‘/root/process_mining/announcements/data/28_04_2022/ann28.04.2022-01-50-01.json’

     0K                                                       100% 10.8M=0s

2022-04-28 01:50:01 (10.8 MB/s) - ‘/root/process_mining/announcements/data/28_04_2022/ann28.04.2022-01-50-01.json’ saved [60/60]

--2022-04-28 02:00:01--  https://files.cloudgdansk.pl/d/otwarte-dane/ztm/bsk.json
Resolving files.cloudgdansk.pl (files.cloudgdansk.pl)... 153.19.238.147
Connecting to files.cloudgdansk.pl (files.cloudgdansk.pl)|153.19.238.147|:443... connected.
HTTP request sent, awaiting response... 200 OK
Length: 60 [text/plain]
Saving to: ‘/root/process_mining/announcements/data/28_04_2022/ann28.04.2022-02-00-01.json’

     0K                                                       100% 8.83M=0s

2022-04-28 02:00:01 (8.83 MB/s) - ‘/root/process_mining/announcements/data/28_04_2022/ann28.04.2022-02-00-01.json’ saved [60/60]

--2022-04-28 02:10:01--  https://files.cloudgdansk.pl/d/otwarte-dane/ztm/bsk.json
Resolving files.cloudgdansk.pl (files.cloudgdansk.pl)... 153.19.238.147
Connecting to files.cloudgdansk.pl (files.cloudgdansk.pl)|153.19.238.147|:443... connected.
HTTP request sent, awaiting response... 200 OK
Length: 60 [text/plain]
Saving to: ‘/root/process_mining/announcements/data/28_04_2022/ann28.04.2022-02-10-01.json’

     0K                                                       100% 12.2M=0s

2022-04-28 02:10:01 (12.2 MB/s) - ‘/root/process_mining/announcements/data/28_04_2022/ann28.04.2022-02-10-01.json’ saved [60/60]

--2022-04-28 02:20:01--  https://files.cloudgdansk.pl/d/otwarte-dane/ztm/bsk.json
Resolving files.cloudgdansk.pl (files.cloudgdansk.pl)... 153.19.238.147
Connecting to files.cloudgdansk.pl (files.cloudgdansk.pl)|153.19.238.147|:443... connected.
HTTP request sent, awaiting response... 200 OK
Length: 60 [text/plain]
Saving to: ‘/root/process_mining/announcements/data/28_04_2022/ann28.04.2022-02-20-01.json’

     0K                                                       100% 11.3M=0s

2022-04-28 02:20:02 (11.3 MB/s) - ‘/root/process_mining/announcements/data/28_04_2022/ann28.04.2022-02-20-01.json’ saved [60/60]

--2022-04-28 02:30:01--  https://files.cloudgdansk.pl/d/otwarte-dane/ztm/bsk.json
Resolving files.cloudgdansk.pl (files.cloudgdansk.pl)... 153.19.238.147
Connecting to files.cloudgdansk.pl (files.cloudgdansk.pl)|153.19.238.147|:443... connected.
HTTP request sent, awaiting response... 200 OK
Length: 60 [text/plain]
Saving to: ‘/root/process_mining/announcements/data/28_04_2022/ann28.04.2022-02-30-01.json’

     0K                                                       100% 11.3M=0s

2022-04-28 02:30:01 (11.3 MB/s) - ‘/root/process_mining/announcements/data/28_04_2022/ann28.04.2022-02-30-01.json’ saved [60/60]

--2022-04-28 02:40:01--  https://files.cloudgdansk.pl/d/otwarte-dane/ztm/bsk.json
Resolving files.cloudgdansk.pl (files.cloudgdansk.pl)... 153.19.238.147
Connecting to files.cloudgdansk.pl (files.cloudgdansk.pl)|153.19.238.147|:443... connected.
HTTP request sent, awaiting response... 200 OK
Length: 60 [text/plain]
Saving to: ‘/root/process_mining/announcements/data/28_04_2022/ann28.04.2022-02-40-01.json’

     0K                                                       100% 11.1M=0s

2022-04-28 02:40:01 (11.1 MB/s) - ‘/root/process_mining/announcements/data/28_04_2022/ann28.04.2022-02-40-01.json’ saved [60/60]

--2022-04-28 02:50:01--  https://files.cloudgdansk.pl/d/otwarte-dane/ztm/bsk.json
Resolving files.cloudgdansk.pl (files.cloudgdansk.pl)... 153.19.238.147
Connecting to files.cloudgdansk.pl (files.cloudgdansk.pl)|153.19.238.147|:443... connected.
HTTP request sent, awaiting response... 200 OK
Length: 60 [text/plain]
Saving to: ‘/root/process_mining/announcements/data/28_04_2022/ann28.04.2022-02-50-01.json’

     0K                                                       100% 12.4M=0s

2022-04-28 02:50:01 (12.4 MB/s) - ‘/root/process_mining/announcements/data/28_04_2022/ann28.04.2022-02-50-01.json’ saved [60/60]

--2022-04-28 03:00:01--  https://files.cloudgdansk.pl/d/otwarte-dane/ztm/bsk.json
Resolving files.cloudgdansk.pl (files.cloudgdansk.pl)... 153.19.238.147
Connecting to files.cloudgdansk.pl (files.cloudgdansk.pl)|153.19.238.147|:443... connected.
HTTP request sent, awaiting response... 200 OK
Length: 60 [text/plain]
Saving to: ‘/root/process_mining/announcements/data/28_04_2022/ann28.04.2022-03-00-01.json’

     0K                                                       100% 11.7M=0s

2022-04-28 03:00:01 (11.7 MB/s) - ‘/root/process_mining/announcements/data/28_04_2022/ann28.04.2022-03-00-01.json’ saved [60/60]

--2022-04-28 03:10:01--  https://files.cloudgdansk.pl/d/otwarte-dane/ztm/bsk.json
Resolving files.cloudgdansk.pl (files.cloudgdansk.pl)... 153.19.238.147
Connecting to files.cloudgdansk.pl (files.cloudgdansk.pl)|153.19.238.147|:443... connected.
HTTP request sent, awaiting response... 200 OK
Length: 60 [text/plain]
Saving to: ‘/root/process_mining/announcements/data/28_04_2022/ann28.04.2022-03-10-01.json’

     0K                                                       100% 12.4M=0s

2022-04-28 03:10:01 (12.4 MB/s) - ‘/root/process_mining/announcements/data/28_04_2022/ann28.04.2022-03-10-01.json’ saved [60/60]

--2022-04-28 03:20:01--  https://files.cloudgdansk.pl/d/otwarte-dane/ztm/bsk.json
Resolving files.cloudgdansk.pl (files.cloudgdansk.pl)... 153.19.238.147
Connecting to files.cloudgdansk.pl (files.cloudgdansk.pl)|153.19.238.147|:443... connected.
HTTP request sent, awaiting response... 200 OK
Length: 60 [text/plain]
Saving to: ‘/root/process_mining/announcements/data/28_04_2022/ann28.04.2022-03-20-01.json’

     0K                                                       100% 12.7M=0s

2022-04-28 03:20:02 (12.7 MB/s) - ‘/root/process_mining/announcements/data/28_04_2022/ann28.04.2022-03-20-01.json’ saved [60/60]

--2022-04-28 03:30:01--  https://files.cloudgdansk.pl/d/otwarte-dane/ztm/bsk.json
Resolving files.cloudgdansk.pl (files.cloudgdansk.pl)... 153.19.238.147
Connecting to files.cloudgdansk.pl (files.cloudgdansk.pl)|153.19.238.147|:443... connected.
HTTP request sent, awaiting response... 200 OK
Length: 60 [text/plain]
Saving to: ‘/root/process_mining/announcements/data/28_04_2022/ann28.04.2022-03-30-01.json’

     0K                                                       100% 12.5M=0s

2022-04-28 03:30:01 (12.5 MB/s) - ‘/root/process_mining/announcements/data/28_04_2022/ann28.04.2022-03-30-01.json’ saved [60/60]

--2022-04-28 03:40:01--  https://files.cloudgdansk.pl/d/otwarte-dane/ztm/bsk.json
Resolving files.cloudgdansk.pl (files.cloudgdansk.pl)... 153.19.238.147
Connecting to files.cloudgdansk.pl (files.cloudgdansk.pl)|153.19.238.147|:443... connected.
HTTP request sent, awaiting response... 200 OK
Length: 60 [text/plain]
Saving to: ‘/root/process_mining/announcements/data/28_04_2022/ann28.04.2022-03-40-01.json’

     0K                                                       100% 12.4M=0s

2022-04-28 03:40:01 (12.4 MB/s) - ‘/root/process_mining/announcements/data/28_04_2022/ann28.04.2022-03-40-01.json’ saved [60/60]

--2022-04-28 03:50:01--  https://files.cloudgdansk.pl/d/otwarte-dane/ztm/bsk.json
Resolving files.cloudgdansk.pl (files.cloudgdansk.pl)... 153.19.238.147
Connecting to files.cloudgdansk.pl (files.cloudgdansk.pl)|153.19.238.147|:443... connected.
HTTP request sent, awaiting response... 200 OK
Length: 60 [text/plain]
Saving to: ‘/root/process_mining/announcements/data/28_04_2022/ann28.04.2022-03-50-01.json’

     0K                                                       100% 13.0M=0s

2022-04-28 03:50:02 (13.0 MB/s) - ‘/root/process_mining/announcements/data/28_04_2022/ann28.04.2022-03-50-01.json’ saved [60/60]

--2022-04-28 04:00:01--  https://files.cloudgdansk.pl/d/otwarte-dane/ztm/bsk.json
Resolving files.cloudgdansk.pl (files.cloudgdansk.pl)... 153.19.238.147
Connecting to files.cloudgdansk.pl (files.cloudgdansk.pl)|153.19.238.147|:443... connected.
HTTP request sent, awaiting response... 200 OK
Length: 60 [text/plain]
Saving to: ‘/root/process_mining/announcements/data/28_04_2022/ann28.04.2022-04-00-01.json’

     0K                                                       100% 12.7M=0s

2022-04-28 04:00:02 (12.7 MB/s) - ‘/root/process_mining/announcements/data/28_04_2022/ann28.04.2022-04-00-01.json’ saved [60/60]

--2022-04-28 04:10:01--  https://files.cloudgdansk.pl/d/otwarte-dane/ztm/bsk.json
Resolving files.cloudgdansk.pl (files.cloudgdansk.pl)... 153.19.238.147
Connecting to files.cloudgdansk.pl (files.cloudgdansk.pl)|153.19.238.147|:443... connected.
HTTP request sent, awaiting response... 200 OK
Length: 60 [text/plain]
Saving to: ‘/root/process_mining/announcements/data/28_04_2022/ann28.04.2022-04-10-01.json’

     0K                                                       100% 13.0M=0s

2022-04-28 04:10:01 (13.0 MB/s) - ‘/root/process_mining/announcements/data/28_04_2022/ann28.04.2022-04-10-01.json’ saved [60/60]

--2022-04-28 04:20:00--  https://files.cloudgdansk.pl/d/otwarte-dane/ztm/bsk.json
Resolving files.cloudgdansk.pl (files.cloudgdansk.pl)... 153.19.238.147
Connecting to files.cloudgdansk.pl (files.cloudgdansk.pl)|153.19.238.147|:443... connected.
HTTP request sent, awaiting response... 200 OK
Length: 60 [text/plain]
Saving to: ‘/root/process_mining/announcements/data/28_04_2022/ann28.04.2022-04-20-00.json’

     0K                                                       100% 12.2M=0s

2022-04-28 04:20:00 (12.2 MB/s) - ‘/root/process_mining/announcements/data/28_04_2022/ann28.04.2022-04-20-00.json’ saved [60/60]

--2022-04-28 04:30:01--  https://files.cloudgdansk.pl/d/otwarte-dane/ztm/bsk.json
Resolving files.cloudgdansk.pl (files.cloudgdansk.pl)... 153.19.238.147
Connecting to files.cloudgdansk.pl (files.cloudgdansk.pl)|153.19.238.147|:443... connected.
HTTP request sent, awaiting response... 200 OK
Length: 60 [text/plain]
Saving to: ‘/root/process_mining/announcements/data/28_04_2022/ann28.04.2022-04-30-01.json’

     0K                                                       100% 12.7M=0s

2022-04-28 04:30:02 (12.7 MB/s) - ‘/root/process_mining/announcements/data/28_04_2022/ann28.04.2022-04-30-01.json’ saved [60/60]

--2022-04-28 04:40:01--  https://files.cloudgdansk.pl/d/otwarte-dane/ztm/bsk.json
Resolving files.cloudgdansk.pl (files.cloudgdansk.pl)... 153.19.238.147
Connecting to files.cloudgdansk.pl (files.cloudgdansk.pl)|153.19.238.147|:443... connected.
HTTP request sent, awaiting response... 200 OK
Length: 60 [text/plain]
Saving to: ‘/root/process_mining/announcements/data/28_04_2022/ann28.04.2022-04-40-01.json’

     0K                                                       100% 11.6M=0s

2022-04-28 04:40:02 (11.6 MB/s) - ‘/root/process_mining/announcements/data/28_04_2022/ann28.04.2022-04-40-01.json’ saved [60/60]

--2022-04-28 04:50:02--  https://files.cloudgdansk.pl/d/otwarte-dane/ztm/bsk.json
Resolving files.cloudgdansk.pl (files.cloudgdansk.pl)... 153.19.238.147
Connecting to files.cloudgdansk.pl (files.cloudgdansk.pl)|153.19.238.147|:443... connected.
HTTP request sent, awaiting response... 200 OK
Length: 60 [text/plain]
Saving to: ‘/root/process_mining/announcements/data/28_04_2022/ann28.04.2022-04-50-02.json’

     0K                                                       100% 12.4M=0s

2022-04-28 04:50:02 (12.4 MB/s) - ‘/root/process_mining/announcements/data/28_04_2022/ann28.04.2022-04-50-02.json’ saved [60/60]

--2022-04-28 05:00:01--  https://files.cloudgdansk.pl/d/otwarte-dane/ztm/bsk.json
Resolving files.cloudgdansk.pl (files.cloudgdansk.pl)... 153.19.238.147
Connecting to files.cloudgdansk.pl (files.cloudgdansk.pl)|153.19.238.147|:443... connected.
HTTP request sent, awaiting response... 200 OK
Length: 60 [text/plain]
Saving to: ‘/root/process_mining/announcements/data/28_04_2022/ann28.04.2022-05-00-01.json’

     0K                                                       100% 10.3M=0s

2022-04-28 05:00:01 (10.3 MB/s) - ‘/root/process_mining/announcements/data/28_04_2022/ann28.04.2022-05-00-01.json’ saved [60/60]

--2022-04-28 05:10:02--  https://files.cloudgdansk.pl/d/otwarte-dane/ztm/bsk.json
Resolving files.cloudgdansk.pl (files.cloudgdansk.pl)... 153.19.238.147
Connecting to files.cloudgdansk.pl (files.cloudgdansk.pl)|153.19.238.147|:443... connected.
HTTP request sent, awaiting response... 200 OK
Length: 60 [text/plain]
Saving to: ‘/root/process_mining/announcements/data/28_04_2022/ann28.04.2022-05-10-02.json’

     0K                                                       100% 10.1M=0s

2022-04-28 05:10:02 (10.1 MB/s) - ‘/root/process_mining/announcements/data/28_04_2022/ann28.04.2022-05-10-02.json’ saved [60/60]

--2022-04-28 05:20:01--  https://files.cloudgdansk.pl/d/otwarte-dane/ztm/bsk.json
Resolving files.cloudgdansk.pl (files.cloudgdansk.pl)... 153.19.238.147
Connecting to files.cloudgdansk.pl (files.cloudgdansk.pl)|153.19.238.147|:443... connected.
HTTP request sent, awaiting response... 200 OK
Length: 60 [text/plain]
Saving to: ‘/root/process_mining/announcements/data/28_04_2022/ann28.04.2022-05-20-01.json’

     0K                                                       100% 12.4M=0s

2022-04-28 05:20:01 (12.4 MB/s) - ‘/root/process_mining/announcements/data/28_04_2022/ann28.04.2022-05-20-01.json’ saved [60/60]

--2022-04-28 05:30:01--  https://files.cloudgdansk.pl/d/otwarte-dane/ztm/bsk.json
Resolving files.cloudgdansk.pl (files.cloudgdansk.pl)... 153.19.238.147
Connecting to files.cloudgdansk.pl (files.cloudgdansk.pl)|153.19.238.147|:443... connected.
HTTP request sent, awaiting response... 200 OK
Length: 60 [text/plain]
Saving to: ‘/root/process_mining/announcements/data/28_04_2022/ann28.04.2022-05-30-01.json’

     0K                                                       100% 12.4M=0s

2022-04-28 05:30:02 (12.4 MB/s) - ‘/root/process_mining/announcements/data/28_04_2022/ann28.04.2022-05-30-01.json’ saved [60/60]

--2022-04-28 05:40:01--  https://files.cloudgdansk.pl/d/otwarte-dane/ztm/bsk.json
Resolving files.cloudgdansk.pl (files.cloudgdansk.pl)... 153.19.238.147
Connecting to files.cloudgdansk.pl (files.cloudgdansk.pl)|153.19.238.147|:443... connected.
HTTP request sent, awaiting response... 200 OK
Length: 60 [text/plain]
Saving to: ‘/root/process_mining/announcements/data/28_04_2022/ann28.04.2022-05-40-01.json’

     0K                                                       100% 12.3M=0s

2022-04-28 05:40:01 (12.3 MB/s) - ‘/root/process_mining/announcements/data/28_04_2022/ann28.04.2022-05-40-01.json’ saved [60/60]

--2022-04-28 05:50:01--  https://files.cloudgdansk.pl/d/otwarte-dane/ztm/bsk.json
Resolving files.cloudgdansk.pl (files.cloudgdansk.pl)... 153.19.238.147
Connecting to files.cloudgdansk.pl (files.cloudgdansk.pl)|153.19.238.147|:443... connected.
HTTP request sent, awaiting response... 200 OK
Length: 60 [text/plain]
Saving to: ‘/root/process_mining/announcements/data/28_04_2022/ann28.04.2022-05-50-01.json’

     0K                                                       100% 11.0M=0s

2022-04-28 05:50:01 (11.0 MB/s) - ‘/root/process_mining/announcements/data/28_04_2022/ann28.04.2022-05-50-01.json’ saved [60/60]

--2022-04-28 06:00:01--  https://files.cloudgdansk.pl/d/otwarte-dane/ztm/bsk.json
Resolving files.cloudgdansk.pl (files.cloudgdansk.pl)... 153.19.238.147
Connecting to files.cloudgdansk.pl (files.cloudgdansk.pl)|153.19.238.147|:443... connected.
HTTP request sent, awaiting response... 200 OK
Length: 60 [text/plain]
Saving to: ‘/root/process_mining/announcements/data/28_04_2022/ann28.04.2022-06-00-01.json’

     0K                                                       100% 12.1M=0s

2022-04-28 06:00:02 (12.1 MB/s) - ‘/root/process_mining/announcements/data/28_04_2022/ann28.04.2022-06-00-01.json’ saved [60/60]

--2022-04-28 06:10:01--  https://files.cloudgdansk.pl/d/otwarte-dane/ztm/bsk.json
Resolving files.cloudgdansk.pl (files.cloudgdansk.pl)... 153.19.238.147
Connecting to files.cloudgdansk.pl (files.cloudgdansk.pl)|153.19.238.147|:443... connected.
HTTP request sent, awaiting response... 200 OK
Length: 60 [text/plain]
Saving to: ‘/root/process_mining/announcements/data/28_04_2022/ann28.04.2022-06-10-01.json’

     0K                                                       100% 11.9M=0s

2022-04-28 06:10:02 (11.9 MB/s) - ‘/root/process_mining/announcements/data/28_04_2022/ann28.04.2022-06-10-01.json’ saved [60/60]

--2022-04-28 06:20:01--  https://files.cloudgdansk.pl/d/otwarte-dane/ztm/bsk.json
Resolving files.cloudgdansk.pl (files.cloudgdansk.pl)... 153.19.238.147
Connecting to files.cloudgdansk.pl (files.cloudgdansk.pl)|153.19.238.147|:443... connected.
HTTP request sent, awaiting response... 200 OK
Length: 60 [text/plain]
Saving to: ‘/root/process_mining/announcements/data/28_04_2022/ann28.04.2022-06-20-01.json’

     0K                                                       100% 10.3M=0s

2022-04-28 06:20:01 (10.3 MB/s) - ‘/root/process_mining/announcements/data/28_04_2022/ann28.04.2022-06-20-01.json’ saved [60/60]

--2022-04-28 06:30:01--  https://files.cloudgdansk.pl/d/otwarte-dane/ztm/bsk.json
Resolving files.cloudgdansk.pl (files.cloudgdansk.pl)... 153.19.238.147
Connecting to files.cloudgdansk.pl (files.cloudgdansk.pl)|153.19.238.147|:443... connected.
HTTP request sent, awaiting response... 200 OK
Length: 60 [text/plain]
Saving to: ‘/root/process_mining/announcements/data/28_04_2022/ann28.04.2022-06-30-01.json’

     0K                                                       100% 12.1M=0s

2022-04-28 06:30:02 (12.1 MB/s) - ‘/root/process_mining/announcements/data/28_04_2022/ann28.04.2022-06-30-01.json’ saved [60/60]

--2022-04-28 06:40:01--  https://files.cloudgdansk.pl/d/otwarte-dane/ztm/bsk.json
Resolving files.cloudgdansk.pl (files.cloudgdansk.pl)... 153.19.238.147
Connecting to files.cloudgdansk.pl (files.cloudgdansk.pl)|153.19.238.147|:443... connected.
HTTP request sent, awaiting response... 200 OK
Length: 60 [text/plain]
Saving to: ‘/root/process_mining/announcements/data/28_04_2022/ann28.04.2022-06-40-01.json’

     0K                                                       100% 12.9M=0s

2022-04-28 06:40:01 (12.9 MB/s) - ‘/root/process_mining/announcements/data/28_04_2022/ann28.04.2022-06-40-01.json’ saved [60/60]

--2022-04-28 06:50:01--  https://files.cloudgdansk.pl/d/otwarte-dane/ztm/bsk.json
Resolving files.cloudgdansk.pl (files.cloudgdansk.pl)... 153.19.238.147
Connecting to files.cloudgdansk.pl (files.cloudgdansk.pl)|153.19.238.147|:443... connected.
HTTP request sent, awaiting response... 200 OK
Length: 60 [text/plain]
Saving to: ‘/root/process_mining/announcements/data/28_04_2022/ann28.04.2022-06-50-01.json’

     0K                                                       100% 12.0M=0s

2022-04-28 06:50:02 (12.0 MB/s) - ‘/root/process_mining/announcements/data/28_04_2022/ann28.04.2022-06-50-01.json’ saved [60/60]

--2022-04-28 07:00:01--  https://files.cloudgdansk.pl/d/otwarte-dane/ztm/bsk.json
Resolving files.cloudgdansk.pl (files.cloudgdansk.pl)... 153.19.238.147
Connecting to files.cloudgdansk.pl (files.cloudgdansk.pl)|153.19.238.147|:443... connected.
HTTP request sent, awaiting response... 200 OK
Length: 60 [text/plain]
Saving to: ‘/root/process_mining/announcements/data/28_04_2022/ann28.04.2022-07-00-01.json’

     0K                                                       100% 12.0M=0s

2022-04-28 07:00:01 (12.0 MB/s) - ‘/root/process_mining/announcements/data/28_04_2022/ann28.04.2022-07-00-01.json’ saved [60/60]

--2022-04-28 07:10:01--  https://files.cloudgdansk.pl/d/otwarte-dane/ztm/bsk.json
Resolving files.cloudgdansk.pl (files.cloudgdansk.pl)... 153.19.238.147
Connecting to files.cloudgdansk.pl (files.cloudgdansk.pl)|153.19.238.147|:443... connected.
HTTP request sent, awaiting response... 200 OK
Length: 60 [text/plain]
Saving to: ‘/root/process_mining/announcements/data/28_04_2022/ann28.04.2022-07-10-01.json’

     0K                                                       100% 12.1M=0s

2022-04-28 07:10:02 (12.1 MB/s) - ‘/root/process_mining/announcements/data/28_04_2022/ann28.04.2022-07-10-01.json’ saved [60/60]

--2022-04-28 07:20:00--  https://files.cloudgdansk.pl/d/otwarte-dane/ztm/bsk.json
Resolving files.cloudgdansk.pl (files.cloudgdansk.pl)... 153.19.238.147
Connecting to files.cloudgdansk.pl (files.cloudgdansk.pl)|153.19.238.147|:443... connected.
HTTP request sent, awaiting response... 200 OK
Length: 60 [text/plain]
Saving to: ‘/root/process_mining/announcements/data/28_04_2022/ann28.04.2022-07-20-00.json’

     0K                                                       100% 12.2M=0s

2022-04-28 07:20:00 (12.2 MB/s) - ‘/root/process_mining/announcements/data/28_04_2022/ann28.04.2022-07-20-00.json’ saved [60/60]

--2022-04-28 07:30:01--  https://files.cloudgdansk.pl/d/otwarte-dane/ztm/bsk.json
Resolving files.cloudgdansk.pl (files.cloudgdansk.pl)... 153.19.238.147
Connecting to files.cloudgdansk.pl (files.cloudgdansk.pl)|153.19.238.147|:443... connected.
HTTP request sent, awaiting response... 200 OK
Length: 60 [text/plain]
Saving to: ‘/root/process_mining/announcements/data/28_04_2022/ann28.04.2022-07-30-01.json’

     0K                                                       100% 11.9M=0s

2022-04-28 07:30:02 (11.9 MB/s) - ‘/root/process_mining/announcements/data/28_04_2022/ann28.04.2022-07-30-01.json’ saved [60/60]

--2022-04-28 07:40:00--  https://files.cloudgdansk.pl/d/otwarte-dane/ztm/bsk.json
Resolving files.cloudgdansk.pl (files.cloudgdansk.pl)... 153.19.238.147
Connecting to files.cloudgdansk.pl (files.cloudgdansk.pl)|153.19.238.147|:443... connected.
HTTP request sent, awaiting response... 200 OK
Length: 60 [text/plain]
Saving to: ‘/root/process_mining/announcements/data/28_04_2022/ann28.04.2022-07-40-00.json’

     0K                                                       100% 12.1M=0s

2022-04-28 07:40:00 (12.1 MB/s) - ‘/root/process_mining/announcements/data/28_04_2022/ann28.04.2022-07-40-00.json’ saved [60/60]

--2022-04-28 07:50:01--  https://files.cloudgdansk.pl/d/otwarte-dane/ztm/bsk.json
Resolving files.cloudgdansk.pl (files.cloudgdansk.pl)... 153.19.238.147
Connecting to files.cloudgdansk.pl (files.cloudgdansk.pl)|153.19.238.147|:443... connected.
HTTP request sent, awaiting response... 200 OK
Length: 60 [text/plain]
Saving to: ‘/root/process_mining/announcements/data/28_04_2022/ann28.04.2022-07-50-01.json’

     0K                                                       100% 10.8M=0s

2022-04-28 07:50:02 (10.8 MB/s) - ‘/root/process_mining/announcements/data/28_04_2022/ann28.04.2022-07-50-01.json’ saved [60/60]

--2022-04-28 08:00:01--  https://files.cloudgdansk.pl/d/otwarte-dane/ztm/bsk.json
Resolving files.cloudgdansk.pl (files.cloudgdansk.pl)... 153.19.238.147
Connecting to files.cloudgdansk.pl (files.cloudgdansk.pl)|153.19.238.147|:443... connected.
HTTP request sent, awaiting response... 200 OK
Length: 60 [text/plain]
Saving to: ‘/root/process_mining/announcements/data/28_04_2022/ann28.04.2022-08-00-01.json’

     0K                                                       100% 11.8M=0s

2022-04-28 08:00:02 (11.8 MB/s) - ‘/root/process_mining/announcements/data/28_04_2022/ann28.04.2022-08-00-01.json’ saved [60/60]

--2022-04-28 08:10:01--  https://files.cloudgdansk.pl/d/otwarte-dane/ztm/bsk.json
Resolving files.cloudgdansk.pl (files.cloudgdansk.pl)... 153.19.238.147
Connecting to files.cloudgdansk.pl (files.cloudgdansk.pl)|153.19.238.147|:443... connected.
HTTP request sent, awaiting response... 200 OK
Length: 60 [text/plain]
Saving to: ‘/root/process_mining/announcements/data/28_04_2022/ann28.04.2022-08-10-01.json’

     0K                                                       100% 12.3M=0s

2022-04-28 08:10:01 (12.3 MB/s) - ‘/root/process_mining/announcements/data/28_04_2022/ann28.04.2022-08-10-01.json’ saved [60/60]

--2022-04-28 08:20:01--  https://files.cloudgdansk.pl/d/otwarte-dane/ztm/bsk.json
Resolving files.cloudgdansk.pl (files.cloudgdansk.pl)... 153.19.238.147
Connecting to files.cloudgdansk.pl (files.cloudgdansk.pl)|153.19.238.147|:443... connected.
HTTP request sent, awaiting response... 200 OK
Length: 60 [text/plain]
Saving to: ‘/root/process_mining/announcements/data/28_04_2022/ann28.04.2022-08-20-01.json’

     0K                                                       100% 10.3M=0s

2022-04-28 08:20:02 (10.3 MB/s) - ‘/root/process_mining/announcements/data/28_04_2022/ann28.04.2022-08-20-01.json’ saved [60/60]

--2022-04-28 08:30:01--  https://files.cloudgdansk.pl/d/otwarte-dane/ztm/bsk.json
Resolving files.cloudgdansk.pl (files.cloudgdansk.pl)... 153.19.238.147
Connecting to files.cloudgdansk.pl (files.cloudgdansk.pl)|153.19.238.147|:443... connected.
HTTP request sent, awaiting response... 200 OK
Length: 60 [text/plain]
Saving to: ‘/root/process_mining/announcements/data/28_04_2022/ann28.04.2022-08-30-01.json’

     0K                                                       100% 12.6M=0s

2022-04-28 08:30:02 (12.6 MB/s) - ‘/root/process_mining/announcements/data/28_04_2022/ann28.04.2022-08-30-01.json’ saved [60/60]

--2022-04-28 08:40:01--  https://files.cloudgdansk.pl/d/otwarte-dane/ztm/bsk.json
Resolving files.cloudgdansk.pl (files.cloudgdansk.pl)... 153.19.238.147
Connecting to files.cloudgdansk.pl (files.cloudgdansk.pl)|153.19.238.147|:443... connected.
HTTP request sent, awaiting response... 200 OK
Length: 60 [text/plain]
Saving to: ‘/root/process_mining/announcements/data/28_04_2022/ann28.04.2022-08-40-01.json’

     0K                                                       100% 11.1M=0s

2022-04-28 08:40:01 (11.1 MB/s) - ‘/root/process_mining/announcements/data/28_04_2022/ann28.04.2022-08-40-01.json’ saved [60/60]

--2022-04-28 08:50:00--  https://files.cloudgdansk.pl/d/otwarte-dane/ztm/bsk.json
Resolving files.cloudgdansk.pl (files.cloudgdansk.pl)... 153.19.238.147
Connecting to files.cloudgdansk.pl (files.cloudgdansk.pl)|153.19.238.147|:443... connected.
HTTP request sent, awaiting response... 200 OK
Length: 60 [text/plain]
Saving to: ‘/root/process_mining/announcements/data/28_04_2022/ann28.04.2022-08-50-00.json’

     0K                                                       100% 10.0M=0s

2022-04-28 08:50:00 (10.0 MB/s) - ‘/root/process_mining/announcements/data/28_04_2022/ann28.04.2022-08-50-00.json’ saved [60/60]

--2022-04-28 09:00:01--  https://files.cloudgdansk.pl/d/otwarte-dane/ztm/bsk.json
Resolving files.cloudgdansk.pl (files.cloudgdansk.pl)... 153.19.238.147
Connecting to files.cloudgdansk.pl (files.cloudgdansk.pl)|153.19.238.147|:443... connected.
HTTP request sent, awaiting response... 200 OK
Length: 60 [text/plain]
Saving to: ‘/root/process_mining/announcements/data/28_04_2022/ann28.04.2022-09-00-01.json’

     0K                                                       100% 12.2M=0s

2022-04-28 09:00:02 (12.2 MB/s) - ‘/root/process_mining/announcements/data/28_04_2022/ann28.04.2022-09-00-01.json’ saved [60/60]

--2022-04-28 09:10:00--  https://files.cloudgdansk.pl/d/otwarte-dane/ztm/bsk.json
Resolving files.cloudgdansk.pl (files.cloudgdansk.pl)... 153.19.238.147
Connecting to files.cloudgdansk.pl (files.cloudgdansk.pl)|153.19.238.147|:443... connected.
HTTP request sent, awaiting response... 200 OK
Length: 60 [text/plain]
Saving to: ‘/root/process_mining/announcements/data/28_04_2022/ann28.04.2022-09-10-00.json’

     0K                                                       100% 12.7M=0s

2022-04-28 09:10:00 (12.7 MB/s) - ‘/root/process_mining/announcements/data/28_04_2022/ann28.04.2022-09-10-00.json’ saved [60/60]

--2022-04-28 09:20:00--  https://files.cloudgdansk.pl/d/otwarte-dane/ztm/bsk.json
Resolving files.cloudgdansk.pl (files.cloudgdansk.pl)... 153.19.238.147
Connecting to files.cloudgdansk.pl (files.cloudgdansk.pl)|153.19.238.147|:443... connected.
HTTP request sent, awaiting response... 200 OK
Length: 60 [text/plain]
Saving to: ‘/root/process_mining/announcements/data/28_04_2022/ann28.04.2022-09-20-00.json’

     0K                                                       100% 12.5M=0s

2022-04-28 09:20:01 (12.5 MB/s) - ‘/root/process_mining/announcements/data/28_04_2022/ann28.04.2022-09-20-00.json’ saved [60/60]

--2022-04-28 09:30:01--  https://files.cloudgdansk.pl/d/otwarte-dane/ztm/bsk.json
Resolving files.cloudgdansk.pl (files.cloudgdansk.pl)... 153.19.238.147
Connecting to files.cloudgdansk.pl (files.cloudgdansk.pl)|153.19.238.147|:443... connected.
HTTP request sent, awaiting response... 200 OK
Length: 60 [text/plain]
Saving to: ‘/root/process_mining/announcements/data/28_04_2022/ann28.04.2022-09-30-01.json’

     0K                                                       100% 11.0M=0s

2022-04-28 09:30:01 (11.0 MB/s) - ‘/root/process_mining/announcements/data/28_04_2022/ann28.04.2022-09-30-01.json’ saved [60/60]

--2022-04-28 09:40:01--  https://files.cloudgdansk.pl/d/otwarte-dane/ztm/bsk.json
Resolving files.cloudgdansk.pl (files.cloudgdansk.pl)... 153.19.238.147
Connecting to files.cloudgdansk.pl (files.cloudgdansk.pl)|153.19.238.147|:443... connected.
HTTP request sent, awaiting response... 200 OK
Length: 60 [text/plain]
Saving to: ‘/root/process_mining/announcements/data/28_04_2022/ann28.04.2022-09-40-01.json’

     0K                                                       100% 12.0M=0s

2022-04-28 09:40:02 (12.0 MB/s) - ‘/root/process_mining/announcements/data/28_04_2022/ann28.04.2022-09-40-01.json’ saved [60/60]

--2022-04-28 09:50:01--  https://files.cloudgdansk.pl/d/otwarte-dane/ztm/bsk.json
Resolving files.cloudgdansk.pl (files.cloudgdansk.pl)... 153.19.238.147
Connecting to files.cloudgdansk.pl (files.cloudgdansk.pl)|153.19.238.147|:443... connected.
HTTP request sent, awaiting response... 200 OK
Length: 60 [text/plain]
Saving to: ‘/root/process_mining/announcements/data/28_04_2022/ann28.04.2022-09-50-01.json’

     0K                                                       100% 12.8M=0s

2022-04-28 09:50:02 (12.8 MB/s) - ‘/root/process_mining/announcements/data/28_04_2022/ann28.04.2022-09-50-01.json’ saved [60/60]

--2022-04-28 10:00:01--  https://files.cloudgdansk.pl/d/otwarte-dane/ztm/bsk.json
Resolving files.cloudgdansk.pl (files.cloudgdansk.pl)... 153.19.238.147
Connecting to files.cloudgdansk.pl (files.cloudgdansk.pl)|153.19.238.147|:443... connected.
HTTP request sent, awaiting response... 200 OK
Length: 60 [text/plain]
Saving to: ‘/root/process_mining/announcements/data/28_04_2022/ann28.04.2022-10-00-01.json’

     0K                                                       100% 11.7M=0s

2022-04-28 10:00:01 (11.7 MB/s) - ‘/root/process_mining/announcements/data/28_04_2022/ann28.04.2022-10-00-01.json’ saved [60/60]

--2022-04-28 10:10:01--  https://files.cloudgdansk.pl/d/otwarte-dane/ztm/bsk.json
Resolving files.cloudgdansk.pl (files.cloudgdansk.pl)... 153.19.238.147
Connecting to files.cloudgdansk.pl (files.cloudgdansk.pl)|153.19.238.147|:443... connected.
HTTP request sent, awaiting response... 200 OK
Length: 415 [application/json]
Saving to: ‘/root/process_mining/announcements/data/28_04_2022/ann28.04.2022-10-10-01.json’

     0K                                                       100% 83.0M=0s

2022-04-28 10:10:02 (83.0 MB/s) - ‘/root/process_mining/announcements/data/28_04_2022/ann28.04.2022-10-10-01.json’ saved [415/415]

--2022-04-28 10:20:01--  https://files.cloudgdansk.pl/d/otwarte-dane/ztm/bsk.json
Resolving files.cloudgdansk.pl (files.cloudgdansk.pl)... 153.19.238.147
Connecting to files.cloudgdansk.pl (files.cloudgdansk.pl)|153.19.238.147|:443... connected.
HTTP request sent, awaiting response... 200 OK
Length: 415 [application/json]
Saving to: ‘/root/process_mining/announcements/data/28_04_2022/ann28.04.2022-10-20-01.json’

     0K                                                       100% 85.8M=0s

2022-04-28 10:20:01 (85.8 MB/s) - ‘/root/process_mining/announcements/data/28_04_2022/ann28.04.2022-10-20-01.json’ saved [415/415]

--2022-04-28 10:30:00--  https://files.cloudgdansk.pl/d/otwarte-dane/ztm/bsk.json
Resolving files.cloudgdansk.pl (files.cloudgdansk.pl)... 153.19.238.147
Connecting to files.cloudgdansk.pl (files.cloudgdansk.pl)|153.19.238.147|:443... connected.
HTTP request sent, awaiting response... 200 OK
Length: 415 [application/json]
Saving to: ‘/root/process_mining/announcements/data/28_04_2022/ann28.04.2022-10-30-00.json’

     0K                                                       100% 81.5M=0s

2022-04-28 10:30:00 (81.5 MB/s) - ‘/root/process_mining/announcements/data/28_04_2022/ann28.04.2022-10-30-00.json’ saved [415/415]

--2022-04-28 10:40:00--  https://files.cloudgdansk.pl/d/otwarte-dane/ztm/bsk.json
Resolving files.cloudgdansk.pl (files.cloudgdansk.pl)... 153.19.238.147
Connecting to files.cloudgdansk.pl (files.cloudgdansk.pl)|153.19.238.147|:443... connected.
HTTP request sent, awaiting response... 200 OK
Length: 415 [application/json]
Saving to: ‘/root/process_mining/announcements/data/28_04_2022/ann28.04.2022-10-40-00.json’

     0K                                                       100% 70.4M=0s

2022-04-28 10:40:00 (70.4 MB/s) - ‘/root/process_mining/announcements/data/28_04_2022/ann28.04.2022-10-40-00.json’ saved [415/415]

--2022-04-28 10:50:00--  https://files.cloudgdansk.pl/d/otwarte-dane/ztm/bsk.json
Resolving files.cloudgdansk.pl (files.cloudgdansk.pl)... 153.19.238.147
Connecting to files.cloudgdansk.pl (files.cloudgdansk.pl)|153.19.238.147|:443... connected.
HTTP request sent, awaiting response... 200 OK
Length: 415 [application/json]
Saving to: ‘/root/process_mining/announcements/data/28_04_2022/ann28.04.2022-10-50-00.json’

     0K                                                       100% 79.3M=0s

2022-04-28 10:50:00 (79.3 MB/s) - ‘/root/process_mining/announcements/data/28_04_2022/ann28.04.2022-10-50-00.json’ saved [415/415]

--2022-04-28 11:00:00--  https://files.cloudgdansk.pl/d/otwarte-dane/ztm/bsk.json
Resolving files.cloudgdansk.pl (files.cloudgdansk.pl)... 153.19.238.147
Connecting to files.cloudgdansk.pl (files.cloudgdansk.pl)|153.19.238.147|:443... connected.
HTTP request sent, awaiting response... 200 OK
Length: 415 [application/json]
Saving to: ‘/root/process_mining/announcements/data/28_04_2022/ann28.04.2022-11-00-00.json’

     0K                                                       100% 81.0M=0s

2022-04-28 11:00:00 (81.0 MB/s) - ‘/root/process_mining/announcements/data/28_04_2022/ann28.04.2022-11-00-00.json’ saved [415/415]

--2022-04-28 11:10:00--  https://files.cloudgdansk.pl/d/otwarte-dane/ztm/bsk.json
Resolving files.cloudgdansk.pl (files.cloudgdansk.pl)... 153.19.238.147
Connecting to files.cloudgdansk.pl (files.cloudgdansk.pl)|153.19.238.147|:443... connected.
HTTP request sent, awaiting response... 200 OK
Length: 415 [application/json]
Saving to: ‘/root/process_mining/announcements/data/28_04_2022/ann28.04.2022-11-10-00.json’

     0K                                                       100% 83.2M=0s

2022-04-28 11:10:00 (83.2 MB/s) - ‘/root/process_mining/announcements/data/28_04_2022/ann28.04.2022-11-10-00.json’ saved [415/415]

--2022-04-28 11:20:01--  https://files.cloudgdansk.pl/d/otwarte-dane/ztm/bsk.json
Resolving files.cloudgdansk.pl (files.cloudgdansk.pl)... 153.19.238.147
Connecting to files.cloudgdansk.pl (files.cloudgdansk.pl)|153.19.238.147|:443... connected.
HTTP request sent, awaiting response... 200 OK
Length: 415 [application/json]
Saving to: ‘/root/process_mining/announcements/data/28_04_2022/ann28.04.2022-11-20-01.json’

     0K                                                       100% 85.3M=0s

2022-04-28 11:20:01 (85.3 MB/s) - ‘/root/process_mining/announcements/data/28_04_2022/ann28.04.2022-11-20-01.json’ saved [415/415]

--2022-04-28 11:30:01--  https://files.cloudgdansk.pl/d/otwarte-dane/ztm/bsk.json
Resolving files.cloudgdansk.pl (files.cloudgdansk.pl)... 153.19.238.147
Connecting to files.cloudgdansk.pl (files.cloudgdansk.pl)|153.19.238.147|:443... connected.
HTTP request sent, awaiting response... 200 OK
Length: 415 [application/json]
Saving to: ‘/root/process_mining/announcements/data/28_04_2022/ann28.04.2022-11-30-01.json’

     0K                                                       100% 88.2M=0s

2022-04-28 11:30:01 (88.2 MB/s) - ‘/root/process_mining/announcements/data/28_04_2022/ann28.04.2022-11-30-01.json’ saved [415/415]

--2022-04-28 11:40:01--  https://files.cloudgdansk.pl/d/otwarte-dane/ztm/bsk.json
Resolving files.cloudgdansk.pl (files.cloudgdansk.pl)... 153.19.238.147
Connecting to files.cloudgdansk.pl (files.cloudgdansk.pl)|153.19.238.147|:443... connected.
HTTP request sent, awaiting response... 200 OK
Length: 415 [application/json]
Saving to: ‘/root/process_mining/announcements/data/28_04_2022/ann28.04.2022-11-40-01.json’

     0K                                                       100% 86.8M=0s

2022-04-28 11:40:01 (86.8 MB/s) - ‘/root/process_mining/announcements/data/28_04_2022/ann28.04.2022-11-40-01.json’ saved [415/415]

--2022-04-28 11:50:01--  https://files.cloudgdansk.pl/d/otwarte-dane/ztm/bsk.json
Resolving files.cloudgdansk.pl (files.cloudgdansk.pl)... 153.19.238.147
Connecting to files.cloudgdansk.pl (files.cloudgdansk.pl)|153.19.238.147|:443... connected.
HTTP request sent, awaiting response... 200 OK
Length: 415 [application/json]
Saving to: ‘/root/process_mining/announcements/data/28_04_2022/ann28.04.2022-11-50-01.json’

     0K                                                       100% 82.4M=0s

2022-04-28 11:50:02 (82.4 MB/s) - ‘/root/process_mining/announcements/data/28_04_2022/ann28.04.2022-11-50-01.json’ saved [415/415]

--2022-04-28 12:00:01--  https://files.cloudgdansk.pl/d/otwarte-dane/ztm/bsk.json
Resolving files.cloudgdansk.pl (files.cloudgdansk.pl)... 153.19.238.147
Connecting to files.cloudgdansk.pl (files.cloudgdansk.pl)|153.19.238.147|:443... connected.
HTTP request sent, awaiting response... 200 OK
Length: 528 [application/json]
Saving to: ‘/root/process_mining/announcements/data/28_04_2022/ann28.04.2022-12-00-01.json’

     0K                                                       100%  101M=0s

2022-04-28 12:00:01 (101 MB/s) - ‘/root/process_mining/announcements/data/28_04_2022/ann28.04.2022-12-00-01.json’ saved [528/528]

--2022-04-28 12:10:01--  https://files.cloudgdansk.pl/d/otwarte-dane/ztm/bsk.json
Resolving files.cloudgdansk.pl (files.cloudgdansk.pl)... 153.19.238.147
Connecting to files.cloudgdansk.pl (files.cloudgdansk.pl)|153.19.238.147|:443... connected.
HTTP request sent, awaiting response... 200 OK
Length: 528 [application/json]
Saving to: ‘/root/process_mining/announcements/data/28_04_2022/ann28.04.2022-12-10-01.json’

     0K                                                       100%  107M=0s

2022-04-28 12:10:02 (107 MB/s) - ‘/root/process_mining/announcements/data/28_04_2022/ann28.04.2022-12-10-01.json’ saved [528/528]

--2022-04-28 12:20:01--  https://files.cloudgdansk.pl/d/otwarte-dane/ztm/bsk.json
Resolving files.cloudgdansk.pl (files.cloudgdansk.pl)... 153.19.238.147
Connecting to files.cloudgdansk.pl (files.cloudgdansk.pl)|153.19.238.147|:443... connected.
HTTP request sent, awaiting response... 200 OK
Length: 528 [application/json]
Saving to: ‘/root/process_mining/announcements/data/28_04_2022/ann28.04.2022-12-20-01.json’

     0K                                                       100%  106M=0s

2022-04-28 12:20:01 (106 MB/s) - ‘/root/process_mining/announcements/data/28_04_2022/ann28.04.2022-12-20-01.json’ saved [528/528]

--2022-04-28 12:30:01--  https://files.cloudgdansk.pl/d/otwarte-dane/ztm/bsk.json
Resolving files.cloudgdansk.pl (files.cloudgdansk.pl)... 153.19.238.147
Connecting to files.cloudgdansk.pl (files.cloudgdansk.pl)|153.19.238.147|:443... connected.
HTTP request sent, awaiting response... 200 OK
Length: 528 [application/json]
Saving to: ‘/root/process_mining/announcements/data/28_04_2022/ann28.04.2022-12-30-01.json’

     0K                                                       100%  100M=0s

2022-04-28 12:30:01 (100 MB/s) - ‘/root/process_mining/announcements/data/28_04_2022/ann28.04.2022-12-30-01.json’ saved [528/528]

--2022-04-28 12:40:02--  https://files.cloudgdansk.pl/d/otwarte-dane/ztm/bsk.json
Resolving files.cloudgdansk.pl (files.cloudgdansk.pl)... 153.19.238.147
Connecting to files.cloudgdansk.pl (files.cloudgdansk.pl)|153.19.238.147|:443... connected.
HTTP request sent, awaiting response... 200 OK
Length: 528 [application/json]
Saving to: ‘/root/process_mining/announcements/data/28_04_2022/ann28.04.2022-12-40-02.json’

     0K                                                       100% 93.3M=0s

2022-04-28 12:40:02 (93.3 MB/s) - ‘/root/process_mining/announcements/data/28_04_2022/ann28.04.2022-12-40-02.json’ saved [528/528]

--2022-04-28 12:50:01--  https://files.cloudgdansk.pl/d/otwarte-dane/ztm/bsk.json
Resolving files.cloudgdansk.pl (files.cloudgdansk.pl)... 153.19.238.147
Connecting to files.cloudgdansk.pl (files.cloudgdansk.pl)|153.19.238.147|:443... connected.
HTTP request sent, awaiting response... 200 OK
Length: 60 [text/plain]
Saving to: ‘/root/process_mining/announcements/data/28_04_2022/ann28.04.2022-12-50-01.json’

     0K                                                       100% 12.1M=0s

2022-04-28 12:50:01 (12.1 MB/s) - ‘/root/process_mining/announcements/data/28_04_2022/ann28.04.2022-12-50-01.json’ saved [60/60]

--2022-04-28 13:00:01--  https://files.cloudgdansk.pl/d/otwarte-dane/ztm/bsk.json
Resolving files.cloudgdansk.pl (files.cloudgdansk.pl)... 153.19.238.147
Connecting to files.cloudgdansk.pl (files.cloudgdansk.pl)|153.19.238.147|:443... connected.
HTTP request sent, awaiting response... 200 OK
Length: 60 [text/plain]
Saving to: ‘/root/process_mining/announcements/data/28_04_2022/ann28.04.2022-13-00-01.json’

     0K                                                       100% 12.7M=0s

2022-04-28 13:00:01 (12.7 MB/s) - ‘/root/process_mining/announcements/data/28_04_2022/ann28.04.2022-13-00-01.json’ saved [60/60]

--2022-04-28 13:10:01--  https://files.cloudgdansk.pl/d/otwarte-dane/ztm/bsk.json
Resolving files.cloudgdansk.pl (files.cloudgdansk.pl)... 153.19.238.147
Connecting to files.cloudgdansk.pl (files.cloudgdansk.pl)|153.19.238.147|:443... connected.
HTTP request sent, awaiting response... 200 OK
Length: 60 [text/plain]
Saving to: ‘/root/process_mining/announcements/data/28_04_2022/ann28.04.2022-13-10-01.json’

     0K                                                       100% 12.3M=0s

2022-04-28 13:10:02 (12.3 MB/s) - ‘/root/process_mining/announcements/data/28_04_2022/ann28.04.2022-13-10-01.json’ saved [60/60]

--2022-04-28 13:20:01--  https://files.cloudgdansk.pl/d/otwarte-dane/ztm/bsk.json
Resolving files.cloudgdansk.pl (files.cloudgdansk.pl)... 153.19.238.147
Connecting to files.cloudgdansk.pl (files.cloudgdansk.pl)|153.19.238.147|:443... connected.
HTTP request sent, awaiting response... 200 OK
Length: 60 [text/plain]
Saving to: ‘/root/process_mining/announcements/data/28_04_2022/ann28.04.2022-13-20-01.json’

     0K                                                       100% 9.23M=0s

2022-04-28 13:20:01 (9.23 MB/s) - ‘/root/process_mining/announcements/data/28_04_2022/ann28.04.2022-13-20-01.json’ saved [60/60]

--2022-04-28 13:30:01--  https://files.cloudgdansk.pl/d/otwarte-dane/ztm/bsk.json
Resolving files.cloudgdansk.pl (files.cloudgdansk.pl)... 153.19.238.147
Connecting to files.cloudgdansk.pl (files.cloudgdansk.pl)|153.19.238.147|:443... connected.
HTTP request sent, awaiting response... 200 OK
Length: 60 [text/plain]
Saving to: ‘/root/process_mining/announcements/data/28_04_2022/ann28.04.2022-13-30-01.json’

     0K                                                       100% 13.1M=0s

2022-04-28 13:30:01 (13.1 MB/s) - ‘/root/process_mining/announcements/data/28_04_2022/ann28.04.2022-13-30-01.json’ saved [60/60]

--2022-04-28 13:40:01--  https://files.cloudgdansk.pl/d/otwarte-dane/ztm/bsk.json
Resolving files.cloudgdansk.pl (files.cloudgdansk.pl)... 153.19.238.147
Connecting to files.cloudgdansk.pl (files.cloudgdansk.pl)|153.19.238.147|:443... connected.
HTTP request sent, awaiting response... 200 OK
Length: 60 [text/plain]
Saving to: ‘/root/process_mining/announcements/data/28_04_2022/ann28.04.2022-13-40-01.json’

     0K                                                       100% 12.2M=0s

2022-04-28 13:40:01 (12.2 MB/s) - ‘/root/process_mining/announcements/data/28_04_2022/ann28.04.2022-13-40-01.json’ saved [60/60]

--2022-04-28 13:50:01--  https://files.cloudgdansk.pl/d/otwarte-dane/ztm/bsk.json
Resolving files.cloudgdansk.pl (files.cloudgdansk.pl)... 153.19.238.147
Connecting to files.cloudgdansk.pl (files.cloudgdansk.pl)|153.19.238.147|:443... connected.
HTTP request sent, awaiting response... 200 OK
Length: 60 [text/plain]
Saving to: ‘/root/process_mining/announcements/data/28_04_2022/ann28.04.2022-13-50-01.json’

     0K                                                       100% 11.7M=0s

2022-04-28 13:50:01 (11.7 MB/s) - ‘/root/process_mining/announcements/data/28_04_2022/ann28.04.2022-13-50-01.json’ saved [60/60]

--2022-04-28 14:00:01--  https://files.cloudgdansk.pl/d/otwarte-dane/ztm/bsk.json
Resolving files.cloudgdansk.pl (files.cloudgdansk.pl)... 153.19.238.147
Connecting to files.cloudgdansk.pl (files.cloudgdansk.pl)|153.19.238.147|:443... connected.
HTTP request sent, awaiting response... 200 OK
Length: 60 [text/plain]
Saving to: ‘/root/process_mining/announcements/data/28_04_2022/ann28.04.2022-14-00-01.json’

     0K                                                       100% 12.1M=0s

2022-04-28 14:00:01 (12.1 MB/s) - ‘/root/process_mining/announcements/data/28_04_2022/ann28.04.2022-14-00-01.json’ saved [60/60]

--2022-04-28 14:10:01--  https://files.cloudgdansk.pl/d/otwarte-dane/ztm/bsk.json
Resolving files.cloudgdansk.pl (files.cloudgdansk.pl)... 153.19.238.147
Connecting to files.cloudgdansk.pl (files.cloudgdansk.pl)|153.19.238.147|:443... connected.
HTTP request sent, awaiting response... 200 OK
Length: 60 [text/plain]
Saving to: ‘/root/process_mining/announcements/data/28_04_2022/ann28.04.2022-14-10-01.json’

     0K                                                       100% 12.2M=0s

2022-04-28 14:10:01 (12.2 MB/s) - ‘/root/process_mining/announcements/data/28_04_2022/ann28.04.2022-14-10-01.json’ saved [60/60]

--2022-04-28 14:20:01--  https://files.cloudgdansk.pl/d/otwarte-dane/ztm/bsk.json
Resolving files.cloudgdansk.pl (files.cloudgdansk.pl)... 153.19.238.147
Connecting to files.cloudgdansk.pl (files.cloudgdansk.pl)|153.19.238.147|:443... connected.
HTTP request sent, awaiting response... 200 OK
Length: 60 [text/plain]
Saving to: ‘/root/process_mining/announcements/data/28_04_2022/ann28.04.2022-14-20-01.json’

     0K                                                       100% 12.4M=0s

2022-04-28 14:20:01 (12.4 MB/s) - ‘/root/process_mining/announcements/data/28_04_2022/ann28.04.2022-14-20-01.json’ saved [60/60]

--2022-04-28 14:30:01--  https://files.cloudgdansk.pl/d/otwarte-dane/ztm/bsk.json
Resolving files.cloudgdansk.pl (files.cloudgdansk.pl)... 153.19.238.147
Connecting to files.cloudgdansk.pl (files.cloudgdansk.pl)|153.19.238.147|:443... connected.
HTTP request sent, awaiting response... 200 OK
Length: 60 [text/plain]
Saving to: ‘/root/process_mining/announcements/data/28_04_2022/ann28.04.2022-14-30-01.json’

     0K                                                       100% 12.3M=0s

2022-04-28 14:30:01 (12.3 MB/s) - ‘/root/process_mining/announcements/data/28_04_2022/ann28.04.2022-14-30-01.json’ saved [60/60]

--2022-04-28 14:40:01--  https://files.cloudgdansk.pl/d/otwarte-dane/ztm/bsk.json
Resolving files.cloudgdansk.pl (files.cloudgdansk.pl)... 153.19.238.147
Connecting to files.cloudgdansk.pl (files.cloudgdansk.pl)|153.19.238.147|:443... connected.
HTTP request sent, awaiting response... 200 OK
Length: 60 [text/plain]
Saving to: ‘/root/process_mining/announcements/data/28_04_2022/ann28.04.2022-14-40-01.json’

     0K                                                       100% 12.1M=0s

2022-04-28 14:40:01 (12.1 MB/s) - ‘/root/process_mining/announcements/data/28_04_2022/ann28.04.2022-14-40-01.json’ saved [60/60]

--2022-04-28 14:50:01--  https://files.cloudgdansk.pl/d/otwarte-dane/ztm/bsk.json
Resolving files.cloudgdansk.pl (files.cloudgdansk.pl)... 153.19.238.147
Connecting to files.cloudgdansk.pl (files.cloudgdansk.pl)|153.19.238.147|:443... connected.
HTTP request sent, awaiting response... 200 OK
Length: 60 [text/plain]
Saving to: ‘/root/process_mining/announcements/data/28_04_2022/ann28.04.2022-14-50-01.json’

     0K                                                       100% 13.1M=0s

2022-04-28 14:50:02 (13.1 MB/s) - ‘/root/process_mining/announcements/data/28_04_2022/ann28.04.2022-14-50-01.json’ saved [60/60]

--2022-04-28 15:00:01--  https://files.cloudgdansk.pl/d/otwarte-dane/ztm/bsk.json
Resolving files.cloudgdansk.pl (files.cloudgdansk.pl)... 153.19.238.147
Connecting to files.cloudgdansk.pl (files.cloudgdansk.pl)|153.19.238.147|:443... connected.
HTTP request sent, awaiting response... 200 OK
Length: 60 [text/plain]
Saving to: ‘/root/process_mining/announcements/data/28_04_2022/ann28.04.2022-15-00-01.json’

     0K                                                       100% 12.4M=0s

2022-04-28 15:00:02 (12.4 MB/s) - ‘/root/process_mining/announcements/data/28_04_2022/ann28.04.2022-15-00-01.json’ saved [60/60]

--2022-04-28 15:10:01--  https://files.cloudgdansk.pl/d/otwarte-dane/ztm/bsk.json
Resolving files.cloudgdansk.pl (files.cloudgdansk.pl)... 153.19.238.147
Connecting to files.cloudgdansk.pl (files.cloudgdansk.pl)|153.19.238.147|:443... connected.
HTTP request sent, awaiting response... 200 OK
Length: 60 [text/plain]
Saving to: ‘/root/process_mining/announcements/data/28_04_2022/ann28.04.2022-15-10-01.json’

     0K                                                       100% 12.6M=0s

2022-04-28 15:10:01 (12.6 MB/s) - ‘/root/process_mining/announcements/data/28_04_2022/ann28.04.2022-15-10-01.json’ saved [60/60]

--2022-04-28 15:20:01--  https://files.cloudgdansk.pl/d/otwarte-dane/ztm/bsk.json
Resolving files.cloudgdansk.pl (files.cloudgdansk.pl)... 153.19.238.147
Connecting to files.cloudgdansk.pl (files.cloudgdansk.pl)|153.19.238.147|:443... connected.
HTTP request sent, awaiting response... 200 OK
Length: 60 [text/plain]
Saving to: ‘/root/process_mining/announcements/data/28_04_2022/ann28.04.2022-15-20-01.json’

     0K                                                       100% 11.3M=0s

2022-04-28 15:20:01 (11.3 MB/s) - ‘/root/process_mining/announcements/data/28_04_2022/ann28.04.2022-15-20-01.json’ saved [60/60]

--2022-04-28 15:30:01--  https://files.cloudgdansk.pl/d/otwarte-dane/ztm/bsk.json
Resolving files.cloudgdansk.pl (files.cloudgdansk.pl)... 153.19.238.147
Connecting to files.cloudgdansk.pl (files.cloudgdansk.pl)|153.19.238.147|:443... connected.
HTTP request sent, awaiting response... 200 OK
Length: 60 [text/plain]
Saving to: ‘/root/process_mining/announcements/data/28_04_2022/ann28.04.2022-15-30-01.json’

     0K                                                       100% 11.9M=0s

2022-04-28 15:30:02 (11.9 MB/s) - ‘/root/process_mining/announcements/data/28_04_2022/ann28.04.2022-15-30-01.json’ saved [60/60]

--2022-04-28 15:40:01--  https://files.cloudgdansk.pl/d/otwarte-dane/ztm/bsk.json
Resolving files.cloudgdansk.pl (files.cloudgdansk.pl)... 153.19.238.147
Connecting to files.cloudgdansk.pl (files.cloudgdansk.pl)|153.19.238.147|:443... connected.
HTTP request sent, awaiting response... 200 OK
Length: 60 [text/plain]
Saving to: ‘/root/process_mining/announcements/data/28_04_2022/ann28.04.2022-15-40-01.json’

     0K                                                       100% 10.2M=0s

2022-04-28 15:40:02 (10.2 MB/s) - ‘/root/process_mining/announcements/data/28_04_2022/ann28.04.2022-15-40-01.json’ saved [60/60]

--2022-04-28 15:50:01--  https://files.cloudgdansk.pl/d/otwarte-dane/ztm/bsk.json
Resolving files.cloudgdansk.pl (files.cloudgdansk.pl)... 153.19.238.147
Connecting to files.cloudgdansk.pl (files.cloudgdansk.pl)|153.19.238.147|:443... connected.
HTTP request sent, awaiting response... 200 OK
Length: 60 [text/plain]
Saving to: ‘/root/process_mining/announcements/data/28_04_2022/ann28.04.2022-15-50-01.json’

     0K                                                       100% 12.4M=0s

2022-04-28 15:50:02 (12.4 MB/s) - ‘/root/process_mining/announcements/data/28_04_2022/ann28.04.2022-15-50-01.json’ saved [60/60]

--2022-04-28 16:00:01--  https://files.cloudgdansk.pl/d/otwarte-dane/ztm/bsk.json
Resolving files.cloudgdansk.pl (files.cloudgdansk.pl)... 153.19.238.147
Connecting to files.cloudgdansk.pl (files.cloudgdansk.pl)|153.19.238.147|:443... connected.
HTTP request sent, awaiting response... 200 OK
Length: 60 [text/plain]
Saving to: ‘/root/process_mining/announcements/data/28_04_2022/ann28.04.2022-16-00-01.json’

     0K                                                       100% 8.43M=0s

2022-04-28 16:00:01 (8.43 MB/s) - ‘/root/process_mining/announcements/data/28_04_2022/ann28.04.2022-16-00-01.json’ saved [60/60]

--2022-04-28 16:10:02--  https://files.cloudgdansk.pl/d/otwarte-dane/ztm/bsk.json
Resolving files.cloudgdansk.pl (files.cloudgdansk.pl)... 153.19.238.147
Connecting to files.cloudgdansk.pl (files.cloudgdansk.pl)|153.19.238.147|:443... connected.
HTTP request sent, awaiting response... 200 OK
Length: 60 [text/plain]
Saving to: ‘/root/process_mining/announcements/data/28_04_2022/ann28.04.2022-16-10-01.json’

     0K                                                       100% 12.6M=0s

2022-04-28 16:10:02 (12.6 MB/s) - ‘/root/process_mining/announcements/data/28_04_2022/ann28.04.2022-16-10-01.json’ saved [60/60]

--2022-04-28 16:20:01--  https://files.cloudgdansk.pl/d/otwarte-dane/ztm/bsk.json
Resolving files.cloudgdansk.pl (files.cloudgdansk.pl)... 153.19.238.147
Connecting to files.cloudgdansk.pl (files.cloudgdansk.pl)|153.19.238.147|:443... connected.
HTTP request sent, awaiting response... 200 OK
Length: 60 [text/plain]
Saving to: ‘/root/process_mining/announcements/data/28_04_2022/ann28.04.2022-16-20-01.json’

     0K                                                       100% 9.26M=0s

2022-04-28 16:20:01 (9.26 MB/s) - ‘/root/process_mining/announcements/data/28_04_2022/ann28.04.2022-16-20-01.json’ saved [60/60]

--2022-04-28 16:30:01--  https://files.cloudgdansk.pl/d/otwarte-dane/ztm/bsk.json
Resolving files.cloudgdansk.pl (files.cloudgdansk.pl)... 153.19.238.147
Connecting to files.cloudgdansk.pl (files.cloudgdansk.pl)|153.19.238.147|:443... connected.
HTTP request sent, awaiting response... 200 OK
Length: 759 [application/json]
Saving to: ‘/root/process_mining/announcements/data/28_04_2022/ann28.04.2022-16-30-01.json’

     0K                                                       100%  151M=0s

2022-04-28 16:30:02 (151 MB/s) - ‘/root/process_mining/announcements/data/28_04_2022/ann28.04.2022-16-30-01.json’ saved [759/759]

--2022-04-28 16:40:01--  https://files.cloudgdansk.pl/d/otwarte-dane/ztm/bsk.json
Resolving files.cloudgdansk.pl (files.cloudgdansk.pl)... 153.19.238.147
Connecting to files.cloudgdansk.pl (files.cloudgdansk.pl)|153.19.238.147|:443... connected.
HTTP request sent, awaiting response... 200 OK
Length: 759 [application/json]
Saving to: ‘/root/process_mining/announcements/data/28_04_2022/ann28.04.2022-16-40-01.json’

     0K                                                       100%  143M=0s

2022-04-28 16:40:01 (143 MB/s) - ‘/root/process_mining/announcements/data/28_04_2022/ann28.04.2022-16-40-01.json’ saved [759/759]

--2022-04-28 16:50:01--  https://files.cloudgdansk.pl/d/otwarte-dane/ztm/bsk.json
Resolving files.cloudgdansk.pl (files.cloudgdansk.pl)... 153.19.238.147
Connecting to files.cloudgdansk.pl (files.cloudgdansk.pl)|153.19.238.147|:443... connected.
HTTP request sent, awaiting response... 200 OK
Length: 759 [application/json]
Saving to: ‘/root/process_mining/announcements/data/28_04_2022/ann28.04.2022-16-50-01.json’

     0K                                                       100%  147M=0s

2022-04-28 16:50:02 (147 MB/s) - ‘/root/process_mining/announcements/data/28_04_2022/ann28.04.2022-16-50-01.json’ saved [759/759]

--2022-04-28 17:00:01--  https://files.cloudgdansk.pl/d/otwarte-dane/ztm/bsk.json
Resolving files.cloudgdansk.pl (files.cloudgdansk.pl)... 153.19.238.147
Connecting to files.cloudgdansk.pl (files.cloudgdansk.pl)|153.19.238.147|:443... connected.
HTTP request sent, awaiting response... 200 OK
Length: 759 [application/json]
Saving to: ‘/root/process_mining/announcements/data/28_04_2022/ann28.04.2022-17-00-01.json’

     0K                                                       100%  151M=0s

2022-04-28 17:00:02 (151 MB/s) - ‘/root/process_mining/announcements/data/28_04_2022/ann28.04.2022-17-00-01.json’ saved [759/759]

--2022-04-28 17:10:01--  https://files.cloudgdansk.pl/d/otwarte-dane/ztm/bsk.json
Resolving files.cloudgdansk.pl (files.cloudgdansk.pl)... 153.19.238.147
Connecting to files.cloudgdansk.pl (files.cloudgdansk.pl)|153.19.238.147|:443... connected.
HTTP request sent, awaiting response... 200 OK
Length: 759 [application/json]
Saving to: ‘/root/process_mining/announcements/data/28_04_2022/ann28.04.2022-17-10-01.json’

     0K                                                       100%  125M=0s

2022-04-28 17:10:02 (125 MB/s) - ‘/root/process_mining/announcements/data/28_04_2022/ann28.04.2022-17-10-01.json’ saved [759/759]

--2022-04-28 17:20:01--  https://files.cloudgdansk.pl/d/otwarte-dane/ztm/bsk.json
Resolving files.cloudgdansk.pl (files.cloudgdansk.pl)... 153.19.238.147
Connecting to files.cloudgdansk.pl (files.cloudgdansk.pl)|153.19.238.147|:443... connected.
HTTP request sent, awaiting response... 200 OK
Length: 759 [application/json]
Saving to: ‘/root/process_mining/announcements/data/28_04_2022/ann28.04.2022-17-20-01.json’

     0K                                                       100%  147M=0s

2022-04-28 17:20:01 (147 MB/s) - ‘/root/process_mining/announcements/data/28_04_2022/ann28.04.2022-17-20-01.json’ saved [759/759]

--2022-04-28 17:30:01--  https://files.cloudgdansk.pl/d/otwarte-dane/ztm/bsk.json
Resolving files.cloudgdansk.pl (files.cloudgdansk.pl)... 153.19.238.147
Connecting to files.cloudgdansk.pl (files.cloudgdansk.pl)|153.19.238.147|:443... connected.
HTTP request sent, awaiting response... 200 OK
Length: 759 [application/json]
Saving to: ‘/root/process_mining/announcements/data/28_04_2022/ann28.04.2022-17-30-01.json’

     0K                                                       100%  153M=0s

2022-04-28 17:30:01 (153 MB/s) - ‘/root/process_mining/announcements/data/28_04_2022/ann28.04.2022-17-30-01.json’ saved [759/759]

--2022-04-28 17:40:01--  https://files.cloudgdansk.pl/d/otwarte-dane/ztm/bsk.json
Resolving files.cloudgdansk.pl (files.cloudgdansk.pl)... 153.19.238.147
Connecting to files.cloudgdansk.pl (files.cloudgdansk.pl)|153.19.238.147|:443... connected.
HTTP request sent, awaiting response... 200 OK
Length: 759 [application/json]
Saving to: ‘/root/process_mining/announcements/data/28_04_2022/ann28.04.2022-17-40-01.json’

     0K                                                       100%  151M=0s

2022-04-28 17:40:02 (151 MB/s) - ‘/root/process_mining/announcements/data/28_04_2022/ann28.04.2022-17-40-01.json’ saved [759/759]

--2022-04-28 17:50:01--  https://files.cloudgdansk.pl/d/otwarte-dane/ztm/bsk.json
Resolving files.cloudgdansk.pl (files.cloudgdansk.pl)... 153.19.238.147
Connecting to files.cloudgdansk.pl (files.cloudgdansk.pl)|153.19.238.147|:443... connected.
HTTP request sent, awaiting response... 200 OK
Length: 759 [application/json]
Saving to: ‘/root/process_mining/announcements/data/28_04_2022/ann28.04.2022-17-50-01.json’

     0K                                                       100%  146M=0s

2022-04-28 17:50:01 (146 MB/s) - ‘/root/process_mining/announcements/data/28_04_2022/ann28.04.2022-17-50-01.json’ saved [759/759]

--2022-04-28 18:00:01--  https://files.cloudgdansk.pl/d/otwarte-dane/ztm/bsk.json
Resolving files.cloudgdansk.pl (files.cloudgdansk.pl)... 153.19.238.147
Connecting to files.cloudgdansk.pl (files.cloudgdansk.pl)|153.19.238.147|:443... connected.
HTTP request sent, awaiting response... 200 OK
Length: 759 [application/json]
Saving to: ‘/root/process_mining/announcements/data/28_04_2022/ann28.04.2022-18-00-01.json’

     0K                                                       100%  157M=0s

2022-04-28 18:00:01 (157 MB/s) - ‘/root/process_mining/announcements/data/28_04_2022/ann28.04.2022-18-00-01.json’ saved [759/759]

--2022-04-28 18:10:01--  https://files.cloudgdansk.pl/d/otwarte-dane/ztm/bsk.json
Resolving files.cloudgdansk.pl (files.cloudgdansk.pl)... 153.19.238.147
Connecting to files.cloudgdansk.pl (files.cloudgdansk.pl)|153.19.238.147|:443... connected.
HTTP request sent, awaiting response... 200 OK
Length: 759 [application/json]
Saving to: ‘/root/process_mining/announcements/data/28_04_2022/ann28.04.2022-18-10-01.json’

     0K                                                       100%  150M=0s

2022-04-28 18:10:01 (150 MB/s) - ‘/root/process_mining/announcements/data/28_04_2022/ann28.04.2022-18-10-01.json’ saved [759/759]

--2022-04-28 18:20:01--  https://files.cloudgdansk.pl/d/otwarte-dane/ztm/bsk.json
Resolving files.cloudgdansk.pl (files.cloudgdansk.pl)... 153.19.238.147
Connecting to files.cloudgdansk.pl (files.cloudgdansk.pl)|153.19.238.147|:443... connected.
HTTP request sent, awaiting response... 200 OK
Length: 759 [application/json]
Saving to: ‘/root/process_mining/announcements/data/28_04_2022/ann28.04.2022-18-20-01.json’

     0K                                                       100%  156M=0s

2022-04-28 18:20:02 (156 MB/s) - ‘/root/process_mining/announcements/data/28_04_2022/ann28.04.2022-18-20-01.json’ saved [759/759]

--2022-04-28 18:30:01--  https://files.cloudgdansk.pl/d/otwarte-dane/ztm/bsk.json
Resolving files.cloudgdansk.pl (files.cloudgdansk.pl)... 153.19.238.147
Connecting to files.cloudgdansk.pl (files.cloudgdansk.pl)|153.19.238.147|:443... connected.
HTTP request sent, awaiting response... 200 OK
Length: 759 [application/json]
Saving to: ‘/root/process_mining/announcements/data/28_04_2022/ann28.04.2022-18-30-01.json’

     0K                                                       100%  111M=0s

2022-04-28 18:30:01 (111 MB/s) - ‘/root/process_mining/announcements/data/28_04_2022/ann28.04.2022-18-30-01.json’ saved [759/759]

--2022-04-28 18:40:01--  https://files.cloudgdansk.pl/d/otwarte-dane/ztm/bsk.json
Resolving files.cloudgdansk.pl (files.cloudgdansk.pl)... 153.19.238.147
Connecting to files.cloudgdansk.pl (files.cloudgdansk.pl)|153.19.238.147|:443... connected.
HTTP request sent, awaiting response... 200 OK
Length: 759 [application/json]
Saving to: ‘/root/process_mining/announcements/data/28_04_2022/ann28.04.2022-18-40-01.json’

     0K                                                       100%  141M=0s

2022-04-28 18:40:02 (141 MB/s) - ‘/root/process_mining/announcements/data/28_04_2022/ann28.04.2022-18-40-01.json’ saved [759/759]

--2022-04-28 18:50:01--  https://files.cloudgdansk.pl/d/otwarte-dane/ztm/bsk.json
Resolving files.cloudgdansk.pl (files.cloudgdansk.pl)... 153.19.238.147
Connecting to files.cloudgdansk.pl (files.cloudgdansk.pl)|153.19.238.147|:443... connected.
HTTP request sent, awaiting response... 200 OK
Length: 759 [application/json]
Saving to: ‘/root/process_mining/announcements/data/28_04_2022/ann28.04.2022-18-50-01.json’

     0K                                                       100%  144M=0s

2022-04-28 18:50:02 (144 MB/s) - ‘/root/process_mining/announcements/data/28_04_2022/ann28.04.2022-18-50-01.json’ saved [759/759]

--2022-04-28 19:00:01--  https://files.cloudgdansk.pl/d/otwarte-dane/ztm/bsk.json
Resolving files.cloudgdansk.pl (files.cloudgdansk.pl)... 153.19.238.147
Connecting to files.cloudgdansk.pl (files.cloudgdansk.pl)|153.19.238.147|:443... connected.
HTTP request sent, awaiting response... 200 OK
Length: 759 [application/json]
Saving to: ‘/root/process_mining/announcements/data/28_04_2022/ann28.04.2022-19-00-01.json’

     0K                                                       100%  149M=0s

2022-04-28 19:00:02 (149 MB/s) - ‘/root/process_mining/announcements/data/28_04_2022/ann28.04.2022-19-00-01.json’ saved [759/759]

--2022-04-28 19:10:01--  https://files.cloudgdansk.pl/d/otwarte-dane/ztm/bsk.json
Resolving files.cloudgdansk.pl (files.cloudgdansk.pl)... 153.19.238.147
Connecting to files.cloudgdansk.pl (files.cloudgdansk.pl)|153.19.238.147|:443... connected.
HTTP request sent, awaiting response... 200 OK
Length: 60 [text/plain]
Saving to: ‘/root/process_mining/announcements/data/28_04_2022/ann28.04.2022-19-10-01.json’

     0K                                                       100% 9.26M=0s

2022-04-28 19:10:02 (9.26 MB/s) - ‘/root/process_mining/announcements/data/28_04_2022/ann28.04.2022-19-10-01.json’ saved [60/60]

--2022-04-28 19:20:01--  https://files.cloudgdansk.pl/d/otwarte-dane/ztm/bsk.json
Resolving files.cloudgdansk.pl (files.cloudgdansk.pl)... 153.19.238.147
Connecting to files.cloudgdansk.pl (files.cloudgdansk.pl)|153.19.238.147|:443... connected.
HTTP request sent, awaiting response... 200 OK
Length: 60 [text/plain]
Saving to: ‘/root/process_mining/announcements/data/28_04_2022/ann28.04.2022-19-20-01.json’

     0K                                                       100% 12.2M=0s

2022-04-28 19:20:01 (12.2 MB/s) - ‘/root/process_mining/announcements/data/28_04_2022/ann28.04.2022-19-20-01.json’ saved [60/60]

--2022-04-28 19:30:01--  https://files.cloudgdansk.pl/d/otwarte-dane/ztm/bsk.json
Resolving files.cloudgdansk.pl (files.cloudgdansk.pl)... 153.19.238.147
Connecting to files.cloudgdansk.pl (files.cloudgdansk.pl)|153.19.238.147|:443... connected.
HTTP request sent, awaiting response... 200 OK
Length: 60 [text/plain]
Saving to: ‘/root/process_mining/announcements/data/28_04_2022/ann28.04.2022-19-30-01.json’

     0K                                                       100% 12.2M=0s

2022-04-28 19:30:01 (12.2 MB/s) - ‘/root/process_mining/announcements/data/28_04_2022/ann28.04.2022-19-30-01.json’ saved [60/60]

--2022-04-28 19:40:01--  https://files.cloudgdansk.pl/d/otwarte-dane/ztm/bsk.json
Resolving files.cloudgdansk.pl (files.cloudgdansk.pl)... 153.19.238.147
Connecting to files.cloudgdansk.pl (files.cloudgdansk.pl)|153.19.238.147|:443... connected.
HTTP request sent, awaiting response... 200 OK
Length: 60 [text/plain]
Saving to: ‘/root/process_mining/announcements/data/28_04_2022/ann28.04.2022-19-40-01.json’

     0K                                                       100% 12.5M=0s

2022-04-28 19:40:02 (12.5 MB/s) - ‘/root/process_mining/announcements/data/28_04_2022/ann28.04.2022-19-40-01.json’ saved [60/60]

--2022-04-28 19:50:00--  https://files.cloudgdansk.pl/d/otwarte-dane/ztm/bsk.json
Resolving files.cloudgdansk.pl (files.cloudgdansk.pl)... 153.19.238.147
Connecting to files.cloudgdansk.pl (files.cloudgdansk.pl)|153.19.238.147|:443... connected.
HTTP request sent, awaiting response... 200 OK
Length: 60 [text/plain]
Saving to: ‘/root/process_mining/announcements/data/28_04_2022/ann28.04.2022-19-50-00.json’

     0K                                                       100% 11.5M=0s

2022-04-28 19:50:00 (11.5 MB/s) - ‘/root/process_mining/announcements/data/28_04_2022/ann28.04.2022-19-50-00.json’ saved [60/60]

--2022-04-28 20:00:01--  https://files.cloudgdansk.pl/d/otwarte-dane/ztm/bsk.json
Resolving files.cloudgdansk.pl (files.cloudgdansk.pl)... 153.19.238.147
Connecting to files.cloudgdansk.pl (files.cloudgdansk.pl)|153.19.238.147|:443... connected.
HTTP request sent, awaiting response... 200 OK
Length: 60 [text/plain]
Saving to: ‘/root/process_mining/announcements/data/28_04_2022/ann28.04.2022-20-00-01.json’

     0K                                                       100% 12.1M=0s

2022-04-28 20:00:02 (12.1 MB/s) - ‘/root/process_mining/announcements/data/28_04_2022/ann28.04.2022-20-00-01.json’ saved [60/60]

--2022-04-28 20:10:01--  https://files.cloudgdansk.pl/d/otwarte-dane/ztm/bsk.json
Resolving files.cloudgdansk.pl (files.cloudgdansk.pl)... 153.19.238.147
Connecting to files.cloudgdansk.pl (files.cloudgdansk.pl)|153.19.238.147|:443... connected.
HTTP request sent, awaiting response... 200 OK
Length: 60 [text/plain]
Saving to: ‘/root/process_mining/announcements/data/28_04_2022/ann28.04.2022-20-10-01.json’

     0K                                                       100% 12.2M=0s

2022-04-28 20:10:01 (12.2 MB/s) - ‘/root/process_mining/announcements/data/28_04_2022/ann28.04.2022-20-10-01.json’ saved [60/60]

--2022-04-28 20:20:01--  https://files.cloudgdansk.pl/d/otwarte-dane/ztm/bsk.json
Resolving files.cloudgdansk.pl (files.cloudgdansk.pl)... 153.19.238.147
Connecting to files.cloudgdansk.pl (files.cloudgdansk.pl)|153.19.238.147|:443... connected.
HTTP request sent, awaiting response... 200 OK
Length: 60 [text/plain]
Saving to: ‘/root/process_mining/announcements/data/28_04_2022/ann28.04.2022-20-20-01.json’

     0K                                                       100% 12.1M=0s

2022-04-28 20:20:01 (12.1 MB/s) - ‘/root/process_mining/announcements/data/28_04_2022/ann28.04.2022-20-20-01.json’ saved [60/60]

--2022-04-28 20:30:01--  https://files.cloudgdansk.pl/d/otwarte-dane/ztm/bsk.json
Resolving files.cloudgdansk.pl (files.cloudgdansk.pl)... 153.19.238.147
Connecting to files.cloudgdansk.pl (files.cloudgdansk.pl)|153.19.238.147|:443... connected.
HTTP request sent, awaiting response... 200 OK
Length: 60 [text/plain]
Saving to: ‘/root/process_mining/announcements/data/28_04_2022/ann28.04.2022-20-30-01.json’

     0K                                                       100% 11.7M=0s

2022-04-28 20:30:01 (11.7 MB/s) - ‘/root/process_mining/announcements/data/28_04_2022/ann28.04.2022-20-30-01.json’ saved [60/60]

--2022-04-28 20:40:01--  https://files.cloudgdansk.pl/d/otwarte-dane/ztm/bsk.json
Resolving files.cloudgdansk.pl (files.cloudgdansk.pl)... 153.19.238.147
Connecting to files.cloudgdansk.pl (files.cloudgdansk.pl)|153.19.238.147|:443... connected.
HTTP request sent, awaiting response... 200 OK
Length: 60 [text/plain]
Saving to: ‘/root/process_mining/announcements/data/28_04_2022/ann28.04.2022-20-40-01.json’

     0K                                                       100% 12.7M=0s

2022-04-28 20:40:03 (12.7 MB/s) - ‘/root/process_mining/announcements/data/28_04_2022/ann28.04.2022-20-40-01.json’ saved [60/60]

--2022-04-28 20:50:01--  https://files.cloudgdansk.pl/d/otwarte-dane/ztm/bsk.json
Resolving files.cloudgdansk.pl (files.cloudgdansk.pl)... 153.19.238.147
Connecting to files.cloudgdansk.pl (files.cloudgdansk.pl)|153.19.238.147|:443... connected.
HTTP request sent, awaiting response... 200 OK
Length: 60 [text/plain]
Saving to: ‘/root/process_mining/announcements/data/28_04_2022/ann28.04.2022-20-50-01.json’

     0K                                                       100% 11.4M=0s

2022-04-28 20:50:01 (11.4 MB/s) - ‘/root/process_mining/announcements/data/28_04_2022/ann28.04.2022-20-50-01.json’ saved [60/60]

--2022-04-28 21:00:01--  https://files.cloudgdansk.pl/d/otwarte-dane/ztm/bsk.json
Resolving files.cloudgdansk.pl (files.cloudgdansk.pl)... 153.19.238.147
Connecting to files.cloudgdansk.pl (files.cloudgdansk.pl)|153.19.238.147|:443... connected.
HTTP request sent, awaiting response... 200 OK
Length: 60 [text/plain]
Saving to: ‘/root/process_mining/announcements/data/28_04_2022/ann28.04.2022-21-00-01.json’

     0K                                                       100% 12.6M=0s

2022-04-28 21:00:01 (12.6 MB/s) - ‘/root/process_mining/announcements/data/28_04_2022/ann28.04.2022-21-00-01.json’ saved [60/60]

--2022-04-28 21:10:01--  https://files.cloudgdansk.pl/d/otwarte-dane/ztm/bsk.json
Resolving files.cloudgdansk.pl (files.cloudgdansk.pl)... 153.19.238.147
Connecting to files.cloudgdansk.pl (files.cloudgdansk.pl)|153.19.238.147|:443... connected.
HTTP request sent, awaiting response... 200 OK
Length: 60 [text/plain]
Saving to: ‘/root/process_mining/announcements/data/28_04_2022/ann28.04.2022-21-10-01.json’

     0K                                                       100% 9.87M=0s

2022-04-28 21:10:08 (9.87 MB/s) - ‘/root/process_mining/announcements/data/28_04_2022/ann28.04.2022-21-10-01.json’ saved [60/60]

--2022-04-28 21:20:02--  https://files.cloudgdansk.pl/d/otwarte-dane/ztm/bsk.json
Resolving files.cloudgdansk.pl (files.cloudgdansk.pl)... 153.19.238.147
Connecting to files.cloudgdansk.pl (files.cloudgdansk.pl)|153.19.238.147|:443... connected.
HTTP request sent, awaiting response... 200 OK
Length: 60 [text/plain]
Saving to: ‘/root/process_mining/announcements/data/28_04_2022/ann28.04.2022-21-20-02.json’

     0K                                                       100% 11.4M=0s

2022-04-28 21:20:02 (11.4 MB/s) - ‘/root/process_mining/announcements/data/28_04_2022/ann28.04.2022-21-20-02.json’ saved [60/60]

--2022-04-28 21:30:02--  https://files.cloudgdansk.pl/d/otwarte-dane/ztm/bsk.json
Resolving files.cloudgdansk.pl (files.cloudgdansk.pl)... 153.19.238.147
Connecting to files.cloudgdansk.pl (files.cloudgdansk.pl)|153.19.238.147|:443... connected.
HTTP request sent, awaiting response... 200 OK
Length: 60 [text/plain]
Saving to: ‘/root/process_mining/announcements/data/28_04_2022/ann28.04.2022-21-30-02.json’

     0K                                                       100% 12.6M=0s

2022-04-28 21:30:02 (12.6 MB/s) - ‘/root/process_mining/announcements/data/28_04_2022/ann28.04.2022-21-30-02.json’ saved [60/60]

--2022-04-28 21:40:01--  https://files.cloudgdansk.pl/d/otwarte-dane/ztm/bsk.json
Resolving files.cloudgdansk.pl (files.cloudgdansk.pl)... 153.19.238.147
Connecting to files.cloudgdansk.pl (files.cloudgdansk.pl)|153.19.238.147|:443... connected.
HTTP request sent, awaiting response... 200 OK
Length: 60 [text/plain]
Saving to: ‘/root/process_mining/announcements/data/28_04_2022/ann28.04.2022-21-40-01.json’

     0K                                                       100% 12.3M=0s

2022-04-28 21:40:01 (12.3 MB/s) - ‘/root/process_mining/announcements/data/28_04_2022/ann28.04.2022-21-40-01.json’ saved [60/60]

--2022-04-28 21:50:00--  https://files.cloudgdansk.pl/d/otwarte-dane/ztm/bsk.json
Resolving files.cloudgdansk.pl (files.cloudgdansk.pl)... 153.19.238.147
Connecting to files.cloudgdansk.pl (files.cloudgdansk.pl)|153.19.238.147|:443... connected.
HTTP request sent, awaiting response... 200 OK
Length: 60 [text/plain]
Saving to: ‘/root/process_mining/announcements/data/28_04_2022/ann28.04.2022-21-50-00.json’

     0K                                                       100% 12.9M=0s

2022-04-28 21:50:00 (12.9 MB/s) - ‘/root/process_mining/announcements/data/28_04_2022/ann28.04.2022-21-50-00.json’ saved [60/60]

--2022-04-28 22:00:01--  https://files.cloudgdansk.pl/d/otwarte-dane/ztm/bsk.json
Resolving files.cloudgdansk.pl (files.cloudgdansk.pl)... 153.19.238.147
Connecting to files.cloudgdansk.pl (files.cloudgdansk.pl)|153.19.238.147|:443... connected.
HTTP request sent, awaiting response... 200 OK
Length: 60 [text/plain]
Saving to: ‘/root/process_mining/announcements/data/28_04_2022/ann28.04.2022-22-00-01.json’

     0K                                                       100% 11.7M=0s

2022-04-28 22:00:02 (11.7 MB/s) - ‘/root/process_mining/announcements/data/28_04_2022/ann28.04.2022-22-00-01.json’ saved [60/60]

--2022-04-28 22:10:01--  https://files.cloudgdansk.pl/d/otwarte-dane/ztm/bsk.json
Resolving files.cloudgdansk.pl (files.cloudgdansk.pl)... 153.19.238.147
Connecting to files.cloudgdansk.pl (files.cloudgdansk.pl)|153.19.238.147|:443... connected.
HTTP request sent, awaiting response... 200 OK
Length: 60 [text/plain]
Saving to: ‘/root/process_mining/announcements/data/28_04_2022/ann28.04.2022-22-10-01.json’

     0K                                                       100% 12.1M=0s

2022-04-28 22:10:02 (12.1 MB/s) - ‘/root/process_mining/announcements/data/28_04_2022/ann28.04.2022-22-10-01.json’ saved [60/60]

--2022-04-28 22:20:01--  https://files.cloudgdansk.pl/d/otwarte-dane/ztm/bsk.json
Resolving files.cloudgdansk.pl (files.cloudgdansk.pl)... 153.19.238.147
Connecting to files.cloudgdansk.pl (files.cloudgdansk.pl)|153.19.238.147|:443... connected.
HTTP request sent, awaiting response... 200 OK
Length: 60 [text/plain]
Saving to: ‘/root/process_mining/announcements/data/28_04_2022/ann28.04.2022-22-20-01.json’

     0K                                                       100% 11.4M=0s

2022-04-28 22:20:02 (11.4 MB/s) - ‘/root/process_mining/announcements/data/28_04_2022/ann28.04.2022-22-20-01.json’ saved [60/60]

--2022-04-28 22:30:01--  https://files.cloudgdansk.pl/d/otwarte-dane/ztm/bsk.json
Resolving files.cloudgdansk.pl (files.cloudgdansk.pl)... 153.19.238.147
Connecting to files.cloudgdansk.pl (files.cloudgdansk.pl)|153.19.238.147|:443... connected.
HTTP request sent, awaiting response... 200 OK
Length: 60 [text/plain]
Saving to: ‘/root/process_mining/announcements/data/28_04_2022/ann28.04.2022-22-30-01.json’

     0K                                                       100% 12.4M=0s

2022-04-28 22:30:01 (12.4 MB/s) - ‘/root/process_mining/announcements/data/28_04_2022/ann28.04.2022-22-30-01.json’ saved [60/60]

--2022-04-28 22:40:01--  https://files.cloudgdansk.pl/d/otwarte-dane/ztm/bsk.json
Resolving files.cloudgdansk.pl (files.cloudgdansk.pl)... 153.19.238.147
Connecting to files.cloudgdansk.pl (files.cloudgdansk.pl)|153.19.238.147|:443... connected.
HTTP request sent, awaiting response... 200 OK
Length: 60 [text/plain]
Saving to: ‘/root/process_mining/announcements/data/28_04_2022/ann28.04.2022-22-40-01.json’

     0K                                                       100% 11.4M=0s

2022-04-28 22:40:02 (11.4 MB/s) - ‘/root/process_mining/announcements/data/28_04_2022/ann28.04.2022-22-40-01.json’ saved [60/60]

--2022-04-28 22:50:01--  https://files.cloudgdansk.pl/d/otwarte-dane/ztm/bsk.json
Resolving files.cloudgdansk.pl (files.cloudgdansk.pl)... 153.19.238.147
Connecting to files.cloudgdansk.pl (files.cloudgdansk.pl)|153.19.238.147|:443... connected.
HTTP request sent, awaiting response... 200 OK
Length: 60 [text/plain]
Saving to: ‘/root/process_mining/announcements/data/28_04_2022/ann28.04.2022-22-50-01.json’

     0K                                                       100% 12.2M=0s

2022-04-28 22:50:01 (12.2 MB/s) - ‘/root/process_mining/announcements/data/28_04_2022/ann28.04.2022-22-50-01.json’ saved [60/60]

--2022-04-28 23:00:02--  https://files.cloudgdansk.pl/d/otwarte-dane/ztm/bsk.json
Resolving files.cloudgdansk.pl (files.cloudgdansk.pl)... 153.19.238.147
Connecting to files.cloudgdansk.pl (files.cloudgdansk.pl)|153.19.238.147|:443... connected.
HTTP request sent, awaiting response... 200 OK
Length: 60 [text/plain]
Saving to: ‘/root/process_mining/announcements/data/28_04_2022/ann28.04.2022-23-00-02.json’

     0K                                                       100% 11.7M=0s

2022-04-28 23:00:02 (11.7 MB/s) - ‘/root/process_mining/announcements/data/28_04_2022/ann28.04.2022-23-00-02.json’ saved [60/60]

--2022-04-28 23:10:01--  https://files.cloudgdansk.pl/d/otwarte-dane/ztm/bsk.json
Resolving files.cloudgdansk.pl (files.cloudgdansk.pl)... 153.19.238.147
Connecting to files.cloudgdansk.pl (files.cloudgdansk.pl)|153.19.238.147|:443... connected.
HTTP request sent, awaiting response... 200 OK
Length: 60 [text/plain]
Saving to: ‘/root/process_mining/announcements/data/28_04_2022/ann28.04.2022-23-10-01.json’

     0K                                                       100% 11.8M=0s

2022-04-28 23:10:01 (11.8 MB/s) - ‘/root/process_mining/announcements/data/28_04_2022/ann28.04.2022-23-10-01.json’ saved [60/60]

--2022-04-28 23:20:01--  https://files.cloudgdansk.pl/d/otwarte-dane/ztm/bsk.json
Resolving files.cloudgdansk.pl (files.cloudgdansk.pl)... 153.19.238.147
Connecting to files.cloudgdansk.pl (files.cloudgdansk.pl)|153.19.238.147|:443... connected.
HTTP request sent, awaiting response... 200 OK
Length: 60 [text/plain]
Saving to: ‘/root/process_mining/announcements/data/28_04_2022/ann28.04.2022-23-20-01.json’

     0K                                                       100% 12.0M=0s

2022-04-28 23:20:02 (12.0 MB/s) - ‘/root/process_mining/announcements/data/28_04_2022/ann28.04.2022-23-20-01.json’ saved [60/60]

--2022-04-28 23:30:00--  https://files.cloudgdansk.pl/d/otwarte-dane/ztm/bsk.json
Resolving files.cloudgdansk.pl (files.cloudgdansk.pl)... 153.19.238.147
Connecting to files.cloudgdansk.pl (files.cloudgdansk.pl)|153.19.238.147|:443... connected.
HTTP request sent, awaiting response... 200 OK
Length: 60 [text/plain]
Saving to: ‘/root/process_mining/announcements/data/28_04_2022/ann28.04.2022-23-30-00.json’

     0K                                                       100% 12.9M=0s

2022-04-28 23:30:00 (12.9 MB/s) - ‘/root/process_mining/announcements/data/28_04_2022/ann28.04.2022-23-30-00.json’ saved [60/60]

--2022-04-28 23:40:01--  https://files.cloudgdansk.pl/d/otwarte-dane/ztm/bsk.json
Resolving files.cloudgdansk.pl (files.cloudgdansk.pl)... 153.19.238.147
Connecting to files.cloudgdansk.pl (files.cloudgdansk.pl)|153.19.238.147|:443... connected.
HTTP request sent, awaiting response... 200 OK
Length: 60 [text/plain]
Saving to: ‘/root/process_mining/announcements/data/28_04_2022/ann28.04.2022-23-40-01.json’

     0K                                                       100% 12.1M=0s

2022-04-28 23:40:01 (12.1 MB/s) - ‘/root/process_mining/announcements/data/28_04_2022/ann28.04.2022-23-40-01.json’ saved [60/60]

--2022-04-28 23:50:01--  https://files.cloudgdansk.pl/d/otwarte-dane/ztm/bsk.json
Resolving files.cloudgdansk.pl (files.cloudgdansk.pl)... 153.19.238.147
Connecting to files.cloudgdansk.pl (files.cloudgdansk.pl)|153.19.238.147|:443... connected.
HTTP request sent, awaiting response... 200 OK
Length: 60 [text/plain]
Saving to: ‘/root/process_mining/announcements/data/28_04_2022/ann28.04.2022-23-50-01.json’

     0K                                                       100% 12.2M=0s

2022-04-28 23:50:01 (12.2 MB/s) - ‘/root/process_mining/announcements/data/28_04_2022/ann28.04.2022-23-50-01.json’ saved [60/60]

