--2022-04-29 00:00:02--  https://files.cloudgdansk.pl/d/otwarte-dane/ztm/bsk.json
Resolving files.cloudgdansk.pl (files.cloudgdansk.pl)... 153.19.238.147
Connecting to files.cloudgdansk.pl (files.cloudgdansk.pl)|153.19.238.147|:443... connected.
HTTP request sent, awaiting response... 200 OK
Length: 60 [text/plain]
Saving to: ‘/root/process_mining/announcements/data/29_04_2022/ann29.04.2022-00-00-02.json’

     0K                                                       100% 8.65M=0s

2022-04-29 00:00:02 (8.65 MB/s) - ‘/root/process_mining/announcements/data/29_04_2022/ann29.04.2022-00-00-02.json’ saved [60/60]

--2022-04-29 00:10:01--  https://files.cloudgdansk.pl/d/otwarte-dane/ztm/bsk.json
Resolving files.cloudgdansk.pl (files.cloudgdansk.pl)... 153.19.238.147
Connecting to files.cloudgdansk.pl (files.cloudgdansk.pl)|153.19.238.147|:443... connected.
HTTP request sent, awaiting response... 200 OK
Length: 60 [text/plain]
Saving to: ‘/root/process_mining/announcements/data/29_04_2022/ann29.04.2022-00-10-01.json’

     0K                                                       100% 11.7M=0s

2022-04-29 00:10:01 (11.7 MB/s) - ‘/root/process_mining/announcements/data/29_04_2022/ann29.04.2022-00-10-01.json’ saved [60/60]

--2022-04-29 00:20:01--  https://files.cloudgdansk.pl/d/otwarte-dane/ztm/bsk.json
Resolving files.cloudgdansk.pl (files.cloudgdansk.pl)... 153.19.238.147
Connecting to files.cloudgdansk.pl (files.cloudgdansk.pl)|153.19.238.147|:443... connected.
HTTP request sent, awaiting response... 200 OK
Length: 60 [text/plain]
Saving to: ‘/root/process_mining/announcements/data/29_04_2022/ann29.04.2022-00-20-01.json’

     0K                                                       100% 12.0M=0s

2022-04-29 00:20:01 (12.0 MB/s) - ‘/root/process_mining/announcements/data/29_04_2022/ann29.04.2022-00-20-01.json’ saved [60/60]

--2022-04-29 00:30:01--  https://files.cloudgdansk.pl/d/otwarte-dane/ztm/bsk.json
Resolving files.cloudgdansk.pl (files.cloudgdansk.pl)... 153.19.238.147
Connecting to files.cloudgdansk.pl (files.cloudgdansk.pl)|153.19.238.147|:443... connected.
HTTP request sent, awaiting response... 200 OK
Length: 60 [text/plain]
Saving to: ‘/root/process_mining/announcements/data/29_04_2022/ann29.04.2022-00-30-01.json’

     0K                                                       100% 12.6M=0s

2022-04-29 00:30:02 (12.6 MB/s) - ‘/root/process_mining/announcements/data/29_04_2022/ann29.04.2022-00-30-01.json’ saved [60/60]

--2022-04-29 00:40:01--  https://files.cloudgdansk.pl/d/otwarte-dane/ztm/bsk.json
Resolving files.cloudgdansk.pl (files.cloudgdansk.pl)... 153.19.238.147
Connecting to files.cloudgdansk.pl (files.cloudgdansk.pl)|153.19.238.147|:443... connected.
HTTP request sent, awaiting response... 200 OK
Length: 60 [text/plain]
Saving to: ‘/root/process_mining/announcements/data/29_04_2022/ann29.04.2022-00-40-01.json’

     0K                                                       100% 9.15M=0s

2022-04-29 00:40:01 (9.15 MB/s) - ‘/root/process_mining/announcements/data/29_04_2022/ann29.04.2022-00-40-01.json’ saved [60/60]

--2022-04-29 00:50:00--  https://files.cloudgdansk.pl/d/otwarte-dane/ztm/bsk.json
Resolving files.cloudgdansk.pl (files.cloudgdansk.pl)... 153.19.238.147
Connecting to files.cloudgdansk.pl (files.cloudgdansk.pl)|153.19.238.147|:443... connected.
HTTP request sent, awaiting response... 200 OK
Length: 60 [text/plain]
Saving to: ‘/root/process_mining/announcements/data/29_04_2022/ann29.04.2022-00-50-00.json’

     0K                                                       100% 12.6M=0s

2022-04-29 00:50:00 (12.6 MB/s) - ‘/root/process_mining/announcements/data/29_04_2022/ann29.04.2022-00-50-00.json’ saved [60/60]

--2022-04-29 01:00:01--  https://files.cloudgdansk.pl/d/otwarte-dane/ztm/bsk.json
Resolving files.cloudgdansk.pl (files.cloudgdansk.pl)... 153.19.238.147
Connecting to files.cloudgdansk.pl (files.cloudgdansk.pl)|153.19.238.147|:443... connected.
HTTP request sent, awaiting response... 200 OK
Length: 60 [text/plain]
Saving to: ‘/root/process_mining/announcements/data/29_04_2022/ann29.04.2022-01-00-01.json’

     0K                                                       100% 12.3M=0s

2022-04-29 01:00:02 (12.3 MB/s) - ‘/root/process_mining/announcements/data/29_04_2022/ann29.04.2022-01-00-01.json’ saved [60/60]

--2022-04-29 01:10:01--  https://files.cloudgdansk.pl/d/otwarte-dane/ztm/bsk.json
Resolving files.cloudgdansk.pl (files.cloudgdansk.pl)... 153.19.238.147
Connecting to files.cloudgdansk.pl (files.cloudgdansk.pl)|153.19.238.147|:443... connected.
HTTP request sent, awaiting response... 200 OK
Length: 60 [text/plain]
Saving to: ‘/root/process_mining/announcements/data/29_04_2022/ann29.04.2022-01-10-01.json’

     0K                                                       100% 8.51M=0s

2022-04-29 01:10:01 (8.51 MB/s) - ‘/root/process_mining/announcements/data/29_04_2022/ann29.04.2022-01-10-01.json’ saved [60/60]

--2022-04-29 01:20:01--  https://files.cloudgdansk.pl/d/otwarte-dane/ztm/bsk.json
Resolving files.cloudgdansk.pl (files.cloudgdansk.pl)... 153.19.238.147
Connecting to files.cloudgdansk.pl (files.cloudgdansk.pl)|153.19.238.147|:443... connected.
HTTP request sent, awaiting response... 200 OK
Length: 60 [text/plain]
Saving to: ‘/root/process_mining/announcements/data/29_04_2022/ann29.04.2022-01-20-01.json’

     0K                                                       100% 12.8M=0s

2022-04-29 01:20:01 (12.8 MB/s) - ‘/root/process_mining/announcements/data/29_04_2022/ann29.04.2022-01-20-01.json’ saved [60/60]

--2022-04-29 01:30:00--  https://files.cloudgdansk.pl/d/otwarte-dane/ztm/bsk.json
Resolving files.cloudgdansk.pl (files.cloudgdansk.pl)... 153.19.238.147
Connecting to files.cloudgdansk.pl (files.cloudgdansk.pl)|153.19.238.147|:443... connected.
HTTP request sent, awaiting response... 200 OK
Length: 60 [text/plain]
Saving to: ‘/root/process_mining/announcements/data/29_04_2022/ann29.04.2022-01-30-00.json’

     0K                                                       100% 11.7M=0s

2022-04-29 01:30:00 (11.7 MB/s) - ‘/root/process_mining/announcements/data/29_04_2022/ann29.04.2022-01-30-00.json’ saved [60/60]

--2022-04-29 01:40:01--  https://files.cloudgdansk.pl/d/otwarte-dane/ztm/bsk.json
Resolving files.cloudgdansk.pl (files.cloudgdansk.pl)... 153.19.238.147
Connecting to files.cloudgdansk.pl (files.cloudgdansk.pl)|153.19.238.147|:443... connected.
HTTP request sent, awaiting response... 200 OK
Length: 60 [text/plain]
Saving to: ‘/root/process_mining/announcements/data/29_04_2022/ann29.04.2022-01-40-01.json’

     0K                                                       100% 12.3M=0s

2022-04-29 01:40:01 (12.3 MB/s) - ‘/root/process_mining/announcements/data/29_04_2022/ann29.04.2022-01-40-01.json’ saved [60/60]

--2022-04-29 01:50:01--  https://files.cloudgdansk.pl/d/otwarte-dane/ztm/bsk.json
Resolving files.cloudgdansk.pl (files.cloudgdansk.pl)... 153.19.238.147
Connecting to files.cloudgdansk.pl (files.cloudgdansk.pl)|153.19.238.147|:443... connected.
HTTP request sent, awaiting response... 200 OK
Length: 60 [text/plain]
Saving to: ‘/root/process_mining/announcements/data/29_04_2022/ann29.04.2022-01-50-01.json’

     0K                                                       100% 12.5M=0s

2022-04-29 01:50:02 (12.5 MB/s) - ‘/root/process_mining/announcements/data/29_04_2022/ann29.04.2022-01-50-01.json’ saved [60/60]

--2022-04-29 02:00:01--  https://files.cloudgdansk.pl/d/otwarte-dane/ztm/bsk.json
Resolving files.cloudgdansk.pl (files.cloudgdansk.pl)... 153.19.238.147
Connecting to files.cloudgdansk.pl (files.cloudgdansk.pl)|153.19.238.147|:443... connected.
HTTP request sent, awaiting response... 200 OK
Length: 60 [text/plain]
Saving to: ‘/root/process_mining/announcements/data/29_04_2022/ann29.04.2022-02-00-01.json’

     0K                                                       100% 12.1M=0s

2022-04-29 02:00:02 (12.1 MB/s) - ‘/root/process_mining/announcements/data/29_04_2022/ann29.04.2022-02-00-01.json’ saved [60/60]

--2022-04-29 02:10:01--  https://files.cloudgdansk.pl/d/otwarte-dane/ztm/bsk.json
Resolving files.cloudgdansk.pl (files.cloudgdansk.pl)... 153.19.238.147
Connecting to files.cloudgdansk.pl (files.cloudgdansk.pl)|153.19.238.147|:443... connected.
HTTP request sent, awaiting response... 200 OK
Length: 60 [text/plain]
Saving to: ‘/root/process_mining/announcements/data/29_04_2022/ann29.04.2022-02-10-01.json’

     0K                                                       100% 12.2M=0s

2022-04-29 02:10:01 (12.2 MB/s) - ‘/root/process_mining/announcements/data/29_04_2022/ann29.04.2022-02-10-01.json’ saved [60/60]

--2022-04-29 02:20:01--  https://files.cloudgdansk.pl/d/otwarte-dane/ztm/bsk.json
Resolving files.cloudgdansk.pl (files.cloudgdansk.pl)... 153.19.238.147
Connecting to files.cloudgdansk.pl (files.cloudgdansk.pl)|153.19.238.147|:443... connected.
HTTP request sent, awaiting response... 200 OK
Length: 60 [text/plain]
Saving to: ‘/root/process_mining/announcements/data/29_04_2022/ann29.04.2022-02-20-01.json’

     0K                                                       100% 11.9M=0s

2022-04-29 02:20:02 (11.9 MB/s) - ‘/root/process_mining/announcements/data/29_04_2022/ann29.04.2022-02-20-01.json’ saved [60/60]

--2022-04-29 02:30:01--  https://files.cloudgdansk.pl/d/otwarte-dane/ztm/bsk.json
Resolving files.cloudgdansk.pl (files.cloudgdansk.pl)... 153.19.238.147
Connecting to files.cloudgdansk.pl (files.cloudgdansk.pl)|153.19.238.147|:443... connected.
HTTP request sent, awaiting response... 200 OK
Length: 60 [text/plain]
Saving to: ‘/root/process_mining/announcements/data/29_04_2022/ann29.04.2022-02-30-01.json’

     0K                                                       100% 11.3M=0s

2022-04-29 02:30:01 (11.3 MB/s) - ‘/root/process_mining/announcements/data/29_04_2022/ann29.04.2022-02-30-01.json’ saved [60/60]

--2022-04-29 02:40:01--  https://files.cloudgdansk.pl/d/otwarte-dane/ztm/bsk.json
Resolving files.cloudgdansk.pl (files.cloudgdansk.pl)... 153.19.238.147
Connecting to files.cloudgdansk.pl (files.cloudgdansk.pl)|153.19.238.147|:443... connected.
HTTP request sent, awaiting response... 200 OK
Length: 60 [text/plain]
Saving to: ‘/root/process_mining/announcements/data/29_04_2022/ann29.04.2022-02-40-01.json’

     0K                                                       100% 11.4M=0s

2022-04-29 02:40:02 (11.4 MB/s) - ‘/root/process_mining/announcements/data/29_04_2022/ann29.04.2022-02-40-01.json’ saved [60/60]

--2022-04-29 02:50:01--  https://files.cloudgdansk.pl/d/otwarte-dane/ztm/bsk.json
Resolving files.cloudgdansk.pl (files.cloudgdansk.pl)... 153.19.238.147
Connecting to files.cloudgdansk.pl (files.cloudgdansk.pl)|153.19.238.147|:443... connected.
HTTP request sent, awaiting response... 200 OK
Length: 60 [text/plain]
Saving to: ‘/root/process_mining/announcements/data/29_04_2022/ann29.04.2022-02-50-01.json’

     0K                                                       100% 11.0M=0s

2022-04-29 02:50:01 (11.0 MB/s) - ‘/root/process_mining/announcements/data/29_04_2022/ann29.04.2022-02-50-01.json’ saved [60/60]

--2022-04-29 03:00:01--  https://files.cloudgdansk.pl/d/otwarte-dane/ztm/bsk.json
Resolving files.cloudgdansk.pl (files.cloudgdansk.pl)... 153.19.238.147
Connecting to files.cloudgdansk.pl (files.cloudgdansk.pl)|153.19.238.147|:443... connected.
HTTP request sent, awaiting response... 200 OK
Length: 60 [text/plain]
Saving to: ‘/root/process_mining/announcements/data/29_04_2022/ann29.04.2022-03-00-01.json’

     0K                                                       100% 13.5M=0s

2022-04-29 03:00:01 (13.5 MB/s) - ‘/root/process_mining/announcements/data/29_04_2022/ann29.04.2022-03-00-01.json’ saved [60/60]

--2022-04-29 03:10:01--  https://files.cloudgdansk.pl/d/otwarte-dane/ztm/bsk.json
Resolving files.cloudgdansk.pl (files.cloudgdansk.pl)... 153.19.238.147
Connecting to files.cloudgdansk.pl (files.cloudgdansk.pl)|153.19.238.147|:443... connected.
HTTP request sent, awaiting response... 200 OK
Length: 60 [text/plain]
Saving to: ‘/root/process_mining/announcements/data/29_04_2022/ann29.04.2022-03-10-01.json’

     0K                                                       100% 12.4M=0s

2022-04-29 03:10:02 (12.4 MB/s) - ‘/root/process_mining/announcements/data/29_04_2022/ann29.04.2022-03-10-01.json’ saved [60/60]

--2022-04-29 03:20:01--  https://files.cloudgdansk.pl/d/otwarte-dane/ztm/bsk.json
Resolving files.cloudgdansk.pl (files.cloudgdansk.pl)... 153.19.238.147
Connecting to files.cloudgdansk.pl (files.cloudgdansk.pl)|153.19.238.147|:443... connected.
HTTP request sent, awaiting response... 200 OK
Length: 60 [text/plain]
Saving to: ‘/root/process_mining/announcements/data/29_04_2022/ann29.04.2022-03-20-01.json’

     0K                                                       100% 12.3M=0s

2022-04-29 03:20:02 (12.3 MB/s) - ‘/root/process_mining/announcements/data/29_04_2022/ann29.04.2022-03-20-01.json’ saved [60/60]

--2022-04-29 03:30:01--  https://files.cloudgdansk.pl/d/otwarte-dane/ztm/bsk.json
Resolving files.cloudgdansk.pl (files.cloudgdansk.pl)... 153.19.238.147
Connecting to files.cloudgdansk.pl (files.cloudgdansk.pl)|153.19.238.147|:443... connected.
HTTP request sent, awaiting response... 200 OK
Length: 60 [text/plain]
Saving to: ‘/root/process_mining/announcements/data/29_04_2022/ann29.04.2022-03-30-01.json’

     0K                                                       100% 7.83M=0s

2022-04-29 03:30:01 (7.83 MB/s) - ‘/root/process_mining/announcements/data/29_04_2022/ann29.04.2022-03-30-01.json’ saved [60/60]

--2022-04-29 03:40:01--  https://files.cloudgdansk.pl/d/otwarte-dane/ztm/bsk.json
Resolving files.cloudgdansk.pl (files.cloudgdansk.pl)... 153.19.238.147
Connecting to files.cloudgdansk.pl (files.cloudgdansk.pl)|153.19.238.147|:443... connected.
HTTP request sent, awaiting response... 200 OK
Length: 60 [text/plain]
Saving to: ‘/root/process_mining/announcements/data/29_04_2022/ann29.04.2022-03-40-01.json’

     0K                                                       100% 11.6M=0s

2022-04-29 03:40:01 (11.6 MB/s) - ‘/root/process_mining/announcements/data/29_04_2022/ann29.04.2022-03-40-01.json’ saved [60/60]

--2022-04-29 03:50:01--  https://files.cloudgdansk.pl/d/otwarte-dane/ztm/bsk.json
Resolving files.cloudgdansk.pl (files.cloudgdansk.pl)... 153.19.238.147
Connecting to files.cloudgdansk.pl (files.cloudgdansk.pl)|153.19.238.147|:443... connected.
HTTP request sent, awaiting response... 200 OK
Length: 60 [text/plain]
Saving to: ‘/root/process_mining/announcements/data/29_04_2022/ann29.04.2022-03-50-01.json’

     0K                                                       100% 11.6M=0s

2022-04-29 03:50:01 (11.6 MB/s) - ‘/root/process_mining/announcements/data/29_04_2022/ann29.04.2022-03-50-01.json’ saved [60/60]

--2022-04-29 04:00:01--  https://files.cloudgdansk.pl/d/otwarte-dane/ztm/bsk.json
Resolving files.cloudgdansk.pl (files.cloudgdansk.pl)... 153.19.238.147
Connecting to files.cloudgdansk.pl (files.cloudgdansk.pl)|153.19.238.147|:443... connected.
HTTP request sent, awaiting response... 200 OK
Length: 60 [text/plain]
Saving to: ‘/root/process_mining/announcements/data/29_04_2022/ann29.04.2022-04-00-01.json’

     0K                                                       100% 11.8M=0s

2022-04-29 04:00:01 (11.8 MB/s) - ‘/root/process_mining/announcements/data/29_04_2022/ann29.04.2022-04-00-01.json’ saved [60/60]

--2022-04-29 04:10:01--  https://files.cloudgdansk.pl/d/otwarte-dane/ztm/bsk.json
Resolving files.cloudgdansk.pl (files.cloudgdansk.pl)... 153.19.238.147
Connecting to files.cloudgdansk.pl (files.cloudgdansk.pl)|153.19.238.147|:443... connected.
HTTP request sent, awaiting response... 200 OK
Length: 60 [text/plain]
Saving to: ‘/root/process_mining/announcements/data/29_04_2022/ann29.04.2022-04-10-01.json’

     0K                                                       100% 12.0M=0s

2022-04-29 04:10:02 (12.0 MB/s) - ‘/root/process_mining/announcements/data/29_04_2022/ann29.04.2022-04-10-01.json’ saved [60/60]

--2022-04-29 04:20:01--  https://files.cloudgdansk.pl/d/otwarte-dane/ztm/bsk.json
Resolving files.cloudgdansk.pl (files.cloudgdansk.pl)... 153.19.238.147
Connecting to files.cloudgdansk.pl (files.cloudgdansk.pl)|153.19.238.147|:443... connected.
HTTP request sent, awaiting response... 200 OK
Length: 60 [text/plain]
Saving to: ‘/root/process_mining/announcements/data/29_04_2022/ann29.04.2022-04-20-01.json’

     0K                                                       100% 11.6M=0s

2022-04-29 04:20:01 (11.6 MB/s) - ‘/root/process_mining/announcements/data/29_04_2022/ann29.04.2022-04-20-01.json’ saved [60/60]

--2022-04-29 04:30:01--  https://files.cloudgdansk.pl/d/otwarte-dane/ztm/bsk.json
Resolving files.cloudgdansk.pl (files.cloudgdansk.pl)... 153.19.238.147
Connecting to files.cloudgdansk.pl (files.cloudgdansk.pl)|153.19.238.147|:443... connected.
HTTP request sent, awaiting response... 200 OK
Length: 60 [text/plain]
Saving to: ‘/root/process_mining/announcements/data/29_04_2022/ann29.04.2022-04-30-01.json’

     0K                                                       100% 12.6M=0s

2022-04-29 04:30:02 (12.6 MB/s) - ‘/root/process_mining/announcements/data/29_04_2022/ann29.04.2022-04-30-01.json’ saved [60/60]

--2022-04-29 04:40:01--  https://files.cloudgdansk.pl/d/otwarte-dane/ztm/bsk.json
Resolving files.cloudgdansk.pl (files.cloudgdansk.pl)... 153.19.238.147
Connecting to files.cloudgdansk.pl (files.cloudgdansk.pl)|153.19.238.147|:443... connected.
HTTP request sent, awaiting response... 200 OK
Length: 60 [text/plain]
Saving to: ‘/root/process_mining/announcements/data/29_04_2022/ann29.04.2022-04-40-01.json’

     0K                                                       100% 11.5M=0s

2022-04-29 04:40:02 (11.5 MB/s) - ‘/root/process_mining/announcements/data/29_04_2022/ann29.04.2022-04-40-01.json’ saved [60/60]

--2022-04-29 04:50:01--  https://files.cloudgdansk.pl/d/otwarte-dane/ztm/bsk.json
Resolving files.cloudgdansk.pl (files.cloudgdansk.pl)... 153.19.238.147
Connecting to files.cloudgdansk.pl (files.cloudgdansk.pl)|153.19.238.147|:443... connected.
HTTP request sent, awaiting response... 200 OK
Length: 60 [text/plain]
Saving to: ‘/root/process_mining/announcements/data/29_04_2022/ann29.04.2022-04-50-01.json’

     0K                                                       100% 11.5M=0s

2022-04-29 04:50:01 (11.5 MB/s) - ‘/root/process_mining/announcements/data/29_04_2022/ann29.04.2022-04-50-01.json’ saved [60/60]

--2022-04-29 05:00:01--  https://files.cloudgdansk.pl/d/otwarte-dane/ztm/bsk.json
Resolving files.cloudgdansk.pl (files.cloudgdansk.pl)... 153.19.238.147
Connecting to files.cloudgdansk.pl (files.cloudgdansk.pl)|153.19.238.147|:443... connected.
HTTP request sent, awaiting response... 200 OK
Length: 60 [text/plain]
Saving to: ‘/root/process_mining/announcements/data/29_04_2022/ann29.04.2022-05-00-01.json’

     0K                                                       100% 11.6M=0s

2022-04-29 05:00:01 (11.6 MB/s) - ‘/root/process_mining/announcements/data/29_04_2022/ann29.04.2022-05-00-01.json’ saved [60/60]

--2022-04-29 05:10:01--  https://files.cloudgdansk.pl/d/otwarte-dane/ztm/bsk.json
Resolving files.cloudgdansk.pl (files.cloudgdansk.pl)... 153.19.238.147
Connecting to files.cloudgdansk.pl (files.cloudgdansk.pl)|153.19.238.147|:443... connected.
HTTP request sent, awaiting response... 200 OK
Length: 60 [text/plain]
Saving to: ‘/root/process_mining/announcements/data/29_04_2022/ann29.04.2022-05-10-01.json’

     0K                                                       100% 12.7M=0s

2022-04-29 05:10:02 (12.7 MB/s) - ‘/root/process_mining/announcements/data/29_04_2022/ann29.04.2022-05-10-01.json’ saved [60/60]

--2022-04-29 05:20:01--  https://files.cloudgdansk.pl/d/otwarte-dane/ztm/bsk.json
Resolving files.cloudgdansk.pl (files.cloudgdansk.pl)... 153.19.238.147
Connecting to files.cloudgdansk.pl (files.cloudgdansk.pl)|153.19.238.147|:443... connected.
HTTP request sent, awaiting response... 200 OK
Length: 60 [text/plain]
Saving to: ‘/root/process_mining/announcements/data/29_04_2022/ann29.04.2022-05-20-01.json’

     0K                                                       100% 11.8M=0s

2022-04-29 05:20:02 (11.8 MB/s) - ‘/root/process_mining/announcements/data/29_04_2022/ann29.04.2022-05-20-01.json’ saved [60/60]

--2022-04-29 05:30:01--  https://files.cloudgdansk.pl/d/otwarte-dane/ztm/bsk.json
Resolving files.cloudgdansk.pl (files.cloudgdansk.pl)... 153.19.238.147
Connecting to files.cloudgdansk.pl (files.cloudgdansk.pl)|153.19.238.147|:443... connected.
HTTP request sent, awaiting response... 200 OK
Length: 60 [text/plain]
Saving to: ‘/root/process_mining/announcements/data/29_04_2022/ann29.04.2022-05-30-01.json’

     0K                                                       100% 11.6M=0s

2022-04-29 05:30:02 (11.6 MB/s) - ‘/root/process_mining/announcements/data/29_04_2022/ann29.04.2022-05-30-01.json’ saved [60/60]

--2022-04-29 05:40:01--  https://files.cloudgdansk.pl/d/otwarte-dane/ztm/bsk.json
Resolving files.cloudgdansk.pl (files.cloudgdansk.pl)... 153.19.238.147
Connecting to files.cloudgdansk.pl (files.cloudgdansk.pl)|153.19.238.147|:443... connected.
HTTP request sent, awaiting response... 200 OK
Length: 60 [text/plain]
Saving to: ‘/root/process_mining/announcements/data/29_04_2022/ann29.04.2022-05-40-01.json’

     0K                                                       100% 10.7M=0s

2022-04-29 05:40:02 (10.7 MB/s) - ‘/root/process_mining/announcements/data/29_04_2022/ann29.04.2022-05-40-01.json’ saved [60/60]

--2022-04-29 05:50:01--  https://files.cloudgdansk.pl/d/otwarte-dane/ztm/bsk.json
Resolving files.cloudgdansk.pl (files.cloudgdansk.pl)... 153.19.238.147
Connecting to files.cloudgdansk.pl (files.cloudgdansk.pl)|153.19.238.147|:443... connected.
HTTP request sent, awaiting response... 200 OK
Length: 60 [text/plain]
Saving to: ‘/root/process_mining/announcements/data/29_04_2022/ann29.04.2022-05-50-01.json’

     0K                                                       100% 12.5M=0s

2022-04-29 05:50:02 (12.5 MB/s) - ‘/root/process_mining/announcements/data/29_04_2022/ann29.04.2022-05-50-01.json’ saved [60/60]

--2022-04-29 06:00:00--  https://files.cloudgdansk.pl/d/otwarte-dane/ztm/bsk.json
Resolving files.cloudgdansk.pl (files.cloudgdansk.pl)... 153.19.238.147
Connecting to files.cloudgdansk.pl (files.cloudgdansk.pl)|153.19.238.147|:443... connected.
HTTP request sent, awaiting response... 200 OK
Length: 60 [text/plain]
Saving to: ‘/root/process_mining/announcements/data/29_04_2022/ann29.04.2022-06-00-00.json’

     0K                                                       100% 11.8M=0s

2022-04-29 06:00:00 (11.8 MB/s) - ‘/root/process_mining/announcements/data/29_04_2022/ann29.04.2022-06-00-00.json’ saved [60/60]

--2022-04-29 06:10:01--  https://files.cloudgdansk.pl/d/otwarte-dane/ztm/bsk.json
Resolving files.cloudgdansk.pl (files.cloudgdansk.pl)... 153.19.238.147
Connecting to files.cloudgdansk.pl (files.cloudgdansk.pl)|153.19.238.147|:443... connected.
HTTP request sent, awaiting response... 200 OK
Length: 60 [text/plain]
Saving to: ‘/root/process_mining/announcements/data/29_04_2022/ann29.04.2022-06-10-01.json’

     0K                                                       100% 11.9M=0s

2022-04-29 06:10:02 (11.9 MB/s) - ‘/root/process_mining/announcements/data/29_04_2022/ann29.04.2022-06-10-01.json’ saved [60/60]

--2022-04-29 06:20:00--  https://files.cloudgdansk.pl/d/otwarte-dane/ztm/bsk.json
Resolving files.cloudgdansk.pl (files.cloudgdansk.pl)... 153.19.238.147
Connecting to files.cloudgdansk.pl (files.cloudgdansk.pl)|153.19.238.147|:443... connected.
HTTP request sent, awaiting response... 200 OK
Length: 60 [text/plain]
Saving to: ‘/root/process_mining/announcements/data/29_04_2022/ann29.04.2022-06-20-00.json’

     0K                                                       100% 11.4M=0s

2022-04-29 06:20:00 (11.4 MB/s) - ‘/root/process_mining/announcements/data/29_04_2022/ann29.04.2022-06-20-00.json’ saved [60/60]

--2022-04-29 06:30:01--  https://files.cloudgdansk.pl/d/otwarte-dane/ztm/bsk.json
Resolving files.cloudgdansk.pl (files.cloudgdansk.pl)... 153.19.238.147
Connecting to files.cloudgdansk.pl (files.cloudgdansk.pl)|153.19.238.147|:443... connected.
HTTP request sent, awaiting response... 200 OK
Length: 60 [text/plain]
Saving to: ‘/root/process_mining/announcements/data/29_04_2022/ann29.04.2022-06-30-01.json’

     0K                                                       100% 13.1M=0s

2022-04-29 06:30:02 (13.1 MB/s) - ‘/root/process_mining/announcements/data/29_04_2022/ann29.04.2022-06-30-01.json’ saved [60/60]

--2022-04-29 06:40:01--  https://files.cloudgdansk.pl/d/otwarte-dane/ztm/bsk.json
Resolving files.cloudgdansk.pl (files.cloudgdansk.pl)... 153.19.238.147
Connecting to files.cloudgdansk.pl (files.cloudgdansk.pl)|153.19.238.147|:443... connected.
HTTP request sent, awaiting response... 200 OK
Length: 60 [text/plain]
Saving to: ‘/root/process_mining/announcements/data/29_04_2022/ann29.04.2022-06-40-01.json’

     0K                                                       100% 11.2M=0s

2022-04-29 06:40:01 (11.2 MB/s) - ‘/root/process_mining/announcements/data/29_04_2022/ann29.04.2022-06-40-01.json’ saved [60/60]

--2022-04-29 06:50:01--  https://files.cloudgdansk.pl/d/otwarte-dane/ztm/bsk.json
Resolving files.cloudgdansk.pl (files.cloudgdansk.pl)... 153.19.238.147
Connecting to files.cloudgdansk.pl (files.cloudgdansk.pl)|153.19.238.147|:443... connected.
HTTP request sent, awaiting response... 200 OK
Length: 60 [text/plain]
Saving to: ‘/root/process_mining/announcements/data/29_04_2022/ann29.04.2022-06-50-01.json’

     0K                                                       100% 12.5M=0s

2022-04-29 06:50:01 (12.5 MB/s) - ‘/root/process_mining/announcements/data/29_04_2022/ann29.04.2022-06-50-01.json’ saved [60/60]

--2022-04-29 07:00:01--  https://files.cloudgdansk.pl/d/otwarte-dane/ztm/bsk.json
Resolving files.cloudgdansk.pl (files.cloudgdansk.pl)... 153.19.238.147
Connecting to files.cloudgdansk.pl (files.cloudgdansk.pl)|153.19.238.147|:443... connected.
HTTP request sent, awaiting response... 200 OK
Length: 60 [text/plain]
Saving to: ‘/root/process_mining/announcements/data/29_04_2022/ann29.04.2022-07-00-01.json’

     0K                                                       100% 11.4M=0s

2022-04-29 07:00:01 (11.4 MB/s) - ‘/root/process_mining/announcements/data/29_04_2022/ann29.04.2022-07-00-01.json’ saved [60/60]

--2022-04-29 07:10:00--  https://files.cloudgdansk.pl/d/otwarte-dane/ztm/bsk.json
Resolving files.cloudgdansk.pl (files.cloudgdansk.pl)... 153.19.238.147
Connecting to files.cloudgdansk.pl (files.cloudgdansk.pl)|153.19.238.147|:443... connected.
HTTP request sent, awaiting response... 200 OK
Length: 60 [text/plain]
Saving to: ‘/root/process_mining/announcements/data/29_04_2022/ann29.04.2022-07-10-00.json’

     0K                                                       100% 11.6M=0s

2022-04-29 07:10:00 (11.6 MB/s) - ‘/root/process_mining/announcements/data/29_04_2022/ann29.04.2022-07-10-00.json’ saved [60/60]

--2022-04-29 07:20:01--  https://files.cloudgdansk.pl/d/otwarte-dane/ztm/bsk.json
Resolving files.cloudgdansk.pl (files.cloudgdansk.pl)... 153.19.238.147
Connecting to files.cloudgdansk.pl (files.cloudgdansk.pl)|153.19.238.147|:443... connected.
HTTP request sent, awaiting response... 200 OK
Length: 60 [text/plain]
Saving to: ‘/root/process_mining/announcements/data/29_04_2022/ann29.04.2022-07-20-01.json’

     0K                                                       100% 13.0M=0s

2022-04-29 07:20:02 (13.0 MB/s) - ‘/root/process_mining/announcements/data/29_04_2022/ann29.04.2022-07-20-01.json’ saved [60/60]

--2022-04-29 07:30:00--  https://files.cloudgdansk.pl/d/otwarte-dane/ztm/bsk.json
Resolving files.cloudgdansk.pl (files.cloudgdansk.pl)... 153.19.238.147
Connecting to files.cloudgdansk.pl (files.cloudgdansk.pl)|153.19.238.147|:443... connected.
HTTP request sent, awaiting response... 200 OK
Length: 60 [text/plain]
Saving to: ‘/root/process_mining/announcements/data/29_04_2022/ann29.04.2022-07-30-00.json’

     0K                                                       100% 11.7M=0s

2022-04-29 07:30:00 (11.7 MB/s) - ‘/root/process_mining/announcements/data/29_04_2022/ann29.04.2022-07-30-00.json’ saved [60/60]

--2022-04-29 07:40:01--  https://files.cloudgdansk.pl/d/otwarte-dane/ztm/bsk.json
Resolving files.cloudgdansk.pl (files.cloudgdansk.pl)... 153.19.238.147
Connecting to files.cloudgdansk.pl (files.cloudgdansk.pl)|153.19.238.147|:443... connected.
HTTP request sent, awaiting response... 200 OK
Length: 60 [text/plain]
Saving to: ‘/root/process_mining/announcements/data/29_04_2022/ann29.04.2022-07-40-01.json’

     0K                                                       100% 12.1M=0s

2022-04-29 07:40:02 (12.1 MB/s) - ‘/root/process_mining/announcements/data/29_04_2022/ann29.04.2022-07-40-01.json’ saved [60/60]

--2022-04-29 07:50:01--  https://files.cloudgdansk.pl/d/otwarte-dane/ztm/bsk.json
Resolving files.cloudgdansk.pl (files.cloudgdansk.pl)... 153.19.238.147
Connecting to files.cloudgdansk.pl (files.cloudgdansk.pl)|153.19.238.147|:443... connected.
HTTP request sent, awaiting response... 200 OK
Length: 60 [text/plain]
Saving to: ‘/root/process_mining/announcements/data/29_04_2022/ann29.04.2022-07-50-01.json’

     0K                                                       100% 10.8M=0s

2022-04-29 07:50:01 (10.8 MB/s) - ‘/root/process_mining/announcements/data/29_04_2022/ann29.04.2022-07-50-01.json’ saved [60/60]

--2022-04-29 08:00:01--  https://files.cloudgdansk.pl/d/otwarte-dane/ztm/bsk.json
Resolving files.cloudgdansk.pl (files.cloudgdansk.pl)... 153.19.238.147
Connecting to files.cloudgdansk.pl (files.cloudgdansk.pl)|153.19.238.147|:443... connected.
HTTP request sent, awaiting response... 200 OK
Length: 60 [text/plain]
Saving to: ‘/root/process_mining/announcements/data/29_04_2022/ann29.04.2022-08-00-01.json’

     0K                                                       100% 12.2M=0s

2022-04-29 08:00:02 (12.2 MB/s) - ‘/root/process_mining/announcements/data/29_04_2022/ann29.04.2022-08-00-01.json’ saved [60/60]

--2022-04-29 08:10:00--  https://files.cloudgdansk.pl/d/otwarte-dane/ztm/bsk.json
Resolving files.cloudgdansk.pl (files.cloudgdansk.pl)... 153.19.238.147
Connecting to files.cloudgdansk.pl (files.cloudgdansk.pl)|153.19.238.147|:443... connected.
HTTP request sent, awaiting response... 200 OK
Length: 60 [text/plain]
Saving to: ‘/root/process_mining/announcements/data/29_04_2022/ann29.04.2022-08-10-00.json’

     0K                                                       100% 12.3M=0s

2022-04-29 08:10:00 (12.3 MB/s) - ‘/root/process_mining/announcements/data/29_04_2022/ann29.04.2022-08-10-00.json’ saved [60/60]

--2022-04-29 08:20:01--  https://files.cloudgdansk.pl/d/otwarte-dane/ztm/bsk.json
Resolving files.cloudgdansk.pl (files.cloudgdansk.pl)... 153.19.238.147
Connecting to files.cloudgdansk.pl (files.cloudgdansk.pl)|153.19.238.147|:443... connected.
HTTP request sent, awaiting response... 200 OK
Length: 60 [text/plain]
Saving to: ‘/root/process_mining/announcements/data/29_04_2022/ann29.04.2022-08-20-01.json’

     0K                                                       100% 12.5M=0s

2022-04-29 08:20:02 (12.5 MB/s) - ‘/root/process_mining/announcements/data/29_04_2022/ann29.04.2022-08-20-01.json’ saved [60/60]

--2022-04-29 08:30:01--  https://files.cloudgdansk.pl/d/otwarte-dane/ztm/bsk.json
Resolving files.cloudgdansk.pl (files.cloudgdansk.pl)... 153.19.238.147
Connecting to files.cloudgdansk.pl (files.cloudgdansk.pl)|153.19.238.147|:443... connected.
HTTP request sent, awaiting response... 200 OK
Length: 60 [text/plain]
Saving to: ‘/root/process_mining/announcements/data/29_04_2022/ann29.04.2022-08-30-01.json’

     0K                                                       100% 12.1M=0s

2022-04-29 08:30:02 (12.1 MB/s) - ‘/root/process_mining/announcements/data/29_04_2022/ann29.04.2022-08-30-01.json’ saved [60/60]

--2022-04-29 08:40:01--  https://files.cloudgdansk.pl/d/otwarte-dane/ztm/bsk.json
Resolving files.cloudgdansk.pl (files.cloudgdansk.pl)... 153.19.238.147
Connecting to files.cloudgdansk.pl (files.cloudgdansk.pl)|153.19.238.147|:443... connected.
HTTP request sent, awaiting response... 200 OK
Length: 60 [text/plain]
Saving to: ‘/root/process_mining/announcements/data/29_04_2022/ann29.04.2022-08-40-01.json’

     0K                                                       100% 12.4M=0s

2022-04-29 08:40:02 (12.4 MB/s) - ‘/root/process_mining/announcements/data/29_04_2022/ann29.04.2022-08-40-01.json’ saved [60/60]

--2022-04-29 08:50:01--  https://files.cloudgdansk.pl/d/otwarte-dane/ztm/bsk.json
Resolving files.cloudgdansk.pl (files.cloudgdansk.pl)... 153.19.238.147
Connecting to files.cloudgdansk.pl (files.cloudgdansk.pl)|153.19.238.147|:443... connected.
HTTP request sent, awaiting response... 200 OK
Length: 60 [text/plain]
Saving to: ‘/root/process_mining/announcements/data/29_04_2022/ann29.04.2022-08-50-01.json’

     0K                                                       100% 12.2M=0s

2022-04-29 08:50:02 (12.2 MB/s) - ‘/root/process_mining/announcements/data/29_04_2022/ann29.04.2022-08-50-01.json’ saved [60/60]

--2022-04-29 09:00:00--  https://files.cloudgdansk.pl/d/otwarte-dane/ztm/bsk.json
Resolving files.cloudgdansk.pl (files.cloudgdansk.pl)... 153.19.238.147
Connecting to files.cloudgdansk.pl (files.cloudgdansk.pl)|153.19.238.147|:443... connected.
HTTP request sent, awaiting response... 200 OK
Length: 60 [text/plain]
Saving to: ‘/root/process_mining/announcements/data/29_04_2022/ann29.04.2022-09-00-00.json’

     0K                                                       100% 11.3M=0s

2022-04-29 09:00:01 (11.3 MB/s) - ‘/root/process_mining/announcements/data/29_04_2022/ann29.04.2022-09-00-00.json’ saved [60/60]

--2022-04-29 09:10:01--  https://files.cloudgdansk.pl/d/otwarte-dane/ztm/bsk.json
Resolving files.cloudgdansk.pl (files.cloudgdansk.pl)... 153.19.238.147
Connecting to files.cloudgdansk.pl (files.cloudgdansk.pl)|153.19.238.147|:443... connected.
HTTP request sent, awaiting response... 200 OK
Length: 60 [text/plain]
Saving to: ‘/root/process_mining/announcements/data/29_04_2022/ann29.04.2022-09-10-01.json’

     0K                                                       100% 12.0M=0s

2022-04-29 09:10:03 (12.0 MB/s) - ‘/root/process_mining/announcements/data/29_04_2022/ann29.04.2022-09-10-01.json’ saved [60/60]

--2022-04-29 09:20:01--  https://files.cloudgdansk.pl/d/otwarte-dane/ztm/bsk.json
Resolving files.cloudgdansk.pl (files.cloudgdansk.pl)... 153.19.238.147
Connecting to files.cloudgdansk.pl (files.cloudgdansk.pl)|153.19.238.147|:443... connected.
HTTP request sent, awaiting response... 200 OK
Length: 60 [text/plain]
Saving to: ‘/root/process_mining/announcements/data/29_04_2022/ann29.04.2022-09-20-01.json’

     0K                                                       100% 12.5M=0s

2022-04-29 09:20:02 (12.5 MB/s) - ‘/root/process_mining/announcements/data/29_04_2022/ann29.04.2022-09-20-01.json’ saved [60/60]

--2022-04-29 09:30:01--  https://files.cloudgdansk.pl/d/otwarte-dane/ztm/bsk.json
Resolving files.cloudgdansk.pl (files.cloudgdansk.pl)... 153.19.238.147
Connecting to files.cloudgdansk.pl (files.cloudgdansk.pl)|153.19.238.147|:443... connected.
HTTP request sent, awaiting response... 200 OK
Length: 60 [text/plain]
Saving to: ‘/root/process_mining/announcements/data/29_04_2022/ann29.04.2022-09-30-01.json’

     0K                                                       100% 12.4M=0s

2022-04-29 09:30:02 (12.4 MB/s) - ‘/root/process_mining/announcements/data/29_04_2022/ann29.04.2022-09-30-01.json’ saved [60/60]

--2022-04-29 09:40:01--  https://files.cloudgdansk.pl/d/otwarte-dane/ztm/bsk.json
Resolving files.cloudgdansk.pl (files.cloudgdansk.pl)... 153.19.238.147
Connecting to files.cloudgdansk.pl (files.cloudgdansk.pl)|153.19.238.147|:443... connected.
HTTP request sent, awaiting response... 200 OK
Length: 60 [text/plain]
Saving to: ‘/root/process_mining/announcements/data/29_04_2022/ann29.04.2022-09-40-01.json’

     0K                                                       100% 11.5M=0s

2022-04-29 09:40:02 (11.5 MB/s) - ‘/root/process_mining/announcements/data/29_04_2022/ann29.04.2022-09-40-01.json’ saved [60/60]

--2022-04-29 09:50:01--  https://files.cloudgdansk.pl/d/otwarte-dane/ztm/bsk.json
Resolving files.cloudgdansk.pl (files.cloudgdansk.pl)... 153.19.238.147
Connecting to files.cloudgdansk.pl (files.cloudgdansk.pl)|153.19.238.147|:443... connected.
HTTP request sent, awaiting response... 200 OK
Length: 60 [text/plain]
Saving to: ‘/root/process_mining/announcements/data/29_04_2022/ann29.04.2022-09-50-01.json’

     0K                                                       100% 12.0M=0s

2022-04-29 09:50:02 (12.0 MB/s) - ‘/root/process_mining/announcements/data/29_04_2022/ann29.04.2022-09-50-01.json’ saved [60/60]

--2022-04-29 10:00:01--  https://files.cloudgdansk.pl/d/otwarte-dane/ztm/bsk.json
Resolving files.cloudgdansk.pl (files.cloudgdansk.pl)... 153.19.238.147
Connecting to files.cloudgdansk.pl (files.cloudgdansk.pl)|153.19.238.147|:443... connected.
HTTP request sent, awaiting response... 200 OK
Length: 60 [text/plain]
Saving to: ‘/root/process_mining/announcements/data/29_04_2022/ann29.04.2022-10-00-01.json’

     0K                                                       100% 13.0M=0s

2022-04-29 10:00:02 (13.0 MB/s) - ‘/root/process_mining/announcements/data/29_04_2022/ann29.04.2022-10-00-01.json’ saved [60/60]

--2022-04-29 10:10:01--  https://files.cloudgdansk.pl/d/otwarte-dane/ztm/bsk.json
Resolving files.cloudgdansk.pl (files.cloudgdansk.pl)... 153.19.238.147
Connecting to files.cloudgdansk.pl (files.cloudgdansk.pl)|153.19.238.147|:443... connected.
HTTP request sent, awaiting response... 200 OK
Length: 60 [text/plain]
Saving to: ‘/root/process_mining/announcements/data/29_04_2022/ann29.04.2022-10-10-01.json’

     0K                                                       100% 12.0M=0s

2022-04-29 10:10:01 (12.0 MB/s) - ‘/root/process_mining/announcements/data/29_04_2022/ann29.04.2022-10-10-01.json’ saved [60/60]

--2022-04-29 10:20:01--  https://files.cloudgdansk.pl/d/otwarte-dane/ztm/bsk.json
Resolving files.cloudgdansk.pl (files.cloudgdansk.pl)... 153.19.238.147
Connecting to files.cloudgdansk.pl (files.cloudgdansk.pl)|153.19.238.147|:443... connected.
HTTP request sent, awaiting response... 200 OK
Length: 60 [text/plain]
Saving to: ‘/root/process_mining/announcements/data/29_04_2022/ann29.04.2022-10-20-01.json’

     0K                                                       100% 11.9M=0s

2022-04-29 10:20:02 (11.9 MB/s) - ‘/root/process_mining/announcements/data/29_04_2022/ann29.04.2022-10-20-01.json’ saved [60/60]

--2022-04-29 10:30:00--  https://files.cloudgdansk.pl/d/otwarte-dane/ztm/bsk.json
Resolving files.cloudgdansk.pl (files.cloudgdansk.pl)... 153.19.238.147
Connecting to files.cloudgdansk.pl (files.cloudgdansk.pl)|153.19.238.147|:443... connected.
HTTP request sent, awaiting response... 200 OK
Length: 60 [text/plain]
Saving to: ‘/root/process_mining/announcements/data/29_04_2022/ann29.04.2022-10-30-00.json’

     0K                                                       100% 10.9M=0s

2022-04-29 10:30:01 (10.9 MB/s) - ‘/root/process_mining/announcements/data/29_04_2022/ann29.04.2022-10-30-00.json’ saved [60/60]

--2022-04-29 10:40:01--  https://files.cloudgdansk.pl/d/otwarte-dane/ztm/bsk.json
Resolving files.cloudgdansk.pl (files.cloudgdansk.pl)... 153.19.238.147
Connecting to files.cloudgdansk.pl (files.cloudgdansk.pl)|153.19.238.147|:443... connected.
HTTP request sent, awaiting response... 200 OK
Length: 60 [text/plain]
Saving to: ‘/root/process_mining/announcements/data/29_04_2022/ann29.04.2022-10-40-01.json’

     0K                                                       100% 12.1M=0s

2022-04-29 10:40:01 (12.1 MB/s) - ‘/root/process_mining/announcements/data/29_04_2022/ann29.04.2022-10-40-01.json’ saved [60/60]

--2022-04-29 10:50:01--  https://files.cloudgdansk.pl/d/otwarte-dane/ztm/bsk.json
Resolving files.cloudgdansk.pl (files.cloudgdansk.pl)... 153.19.238.147
Connecting to files.cloudgdansk.pl (files.cloudgdansk.pl)|153.19.238.147|:443... connected.
HTTP request sent, awaiting response... 200 OK
Length: 60 [text/plain]
Saving to: ‘/root/process_mining/announcements/data/29_04_2022/ann29.04.2022-10-50-01.json’

     0K                                                       100% 12.0M=0s

2022-04-29 10:50:02 (12.0 MB/s) - ‘/root/process_mining/announcements/data/29_04_2022/ann29.04.2022-10-50-01.json’ saved [60/60]

--2022-04-29 11:00:01--  https://files.cloudgdansk.pl/d/otwarte-dane/ztm/bsk.json
Resolving files.cloudgdansk.pl (files.cloudgdansk.pl)... 153.19.238.147
Connecting to files.cloudgdansk.pl (files.cloudgdansk.pl)|153.19.238.147|:443... connected.
HTTP request sent, awaiting response... 200 OK
Length: 60 [text/plain]
Saving to: ‘/root/process_mining/announcements/data/29_04_2022/ann29.04.2022-11-00-01.json’

     0K                                                       100% 12.4M=0s

2022-04-29 11:00:02 (12.4 MB/s) - ‘/root/process_mining/announcements/data/29_04_2022/ann29.04.2022-11-00-01.json’ saved [60/60]

--2022-04-29 11:10:01--  https://files.cloudgdansk.pl/d/otwarte-dane/ztm/bsk.json
Resolving files.cloudgdansk.pl (files.cloudgdansk.pl)... 153.19.238.147
Connecting to files.cloudgdansk.pl (files.cloudgdansk.pl)|153.19.238.147|:443... connected.
HTTP request sent, awaiting response... 200 OK
Length: 60 [text/plain]
Saving to: ‘/root/process_mining/announcements/data/29_04_2022/ann29.04.2022-11-10-01.json’

     0K                                                       100% 12.1M=0s

2022-04-29 11:10:01 (12.1 MB/s) - ‘/root/process_mining/announcements/data/29_04_2022/ann29.04.2022-11-10-01.json’ saved [60/60]

--2022-04-29 11:20:01--  https://files.cloudgdansk.pl/d/otwarte-dane/ztm/bsk.json
Resolving files.cloudgdansk.pl (files.cloudgdansk.pl)... 153.19.238.147
Connecting to files.cloudgdansk.pl (files.cloudgdansk.pl)|153.19.238.147|:443... connected.
HTTP request sent, awaiting response... 200 OK
Length: 60 [text/plain]
Saving to: ‘/root/process_mining/announcements/data/29_04_2022/ann29.04.2022-11-20-01.json’

     0K                                                       100% 12.5M=0s

2022-04-29 11:20:02 (12.5 MB/s) - ‘/root/process_mining/announcements/data/29_04_2022/ann29.04.2022-11-20-01.json’ saved [60/60]

--2022-04-29 11:30:01--  https://files.cloudgdansk.pl/d/otwarte-dane/ztm/bsk.json
Resolving files.cloudgdansk.pl (files.cloudgdansk.pl)... 153.19.238.147
Connecting to files.cloudgdansk.pl (files.cloudgdansk.pl)|153.19.238.147|:443... connected.
HTTP request sent, awaiting response... 200 OK
Length: 60 [text/plain]
Saving to: ‘/root/process_mining/announcements/data/29_04_2022/ann29.04.2022-11-30-01.json’

     0K                                                       100% 10.0M=0s

2022-04-29 11:30:02 (10.0 MB/s) - ‘/root/process_mining/announcements/data/29_04_2022/ann29.04.2022-11-30-01.json’ saved [60/60]

--2022-04-29 11:40:01--  https://files.cloudgdansk.pl/d/otwarte-dane/ztm/bsk.json
Resolving files.cloudgdansk.pl (files.cloudgdansk.pl)... 153.19.238.147
Connecting to files.cloudgdansk.pl (files.cloudgdansk.pl)|153.19.238.147|:443... connected.
HTTP request sent, awaiting response... 200 OK
Length: 60 [text/plain]
Saving to: ‘/root/process_mining/announcements/data/29_04_2022/ann29.04.2022-11-40-01.json’

     0K                                                       100% 12.2M=0s

2022-04-29 11:40:01 (12.2 MB/s) - ‘/root/process_mining/announcements/data/29_04_2022/ann29.04.2022-11-40-01.json’ saved [60/60]

--2022-04-29 11:50:01--  https://files.cloudgdansk.pl/d/otwarte-dane/ztm/bsk.json
Resolving files.cloudgdansk.pl (files.cloudgdansk.pl)... 153.19.238.147
Connecting to files.cloudgdansk.pl (files.cloudgdansk.pl)|153.19.238.147|:443... connected.
HTTP request sent, awaiting response... 200 OK
Length: 60 [text/plain]
Saving to: ‘/root/process_mining/announcements/data/29_04_2022/ann29.04.2022-11-50-01.json’

     0K                                                       100% 11.5M=0s

2022-04-29 11:50:01 (11.5 MB/s) - ‘/root/process_mining/announcements/data/29_04_2022/ann29.04.2022-11-50-01.json’ saved [60/60]

--2022-04-29 12:00:01--  https://files.cloudgdansk.pl/d/otwarte-dane/ztm/bsk.json
Resolving files.cloudgdansk.pl (files.cloudgdansk.pl)... 153.19.238.147
Connecting to files.cloudgdansk.pl (files.cloudgdansk.pl)|153.19.238.147|:443... connected.
HTTP request sent, awaiting response... 200 OK
Length: 60 [text/plain]
Saving to: ‘/root/process_mining/announcements/data/29_04_2022/ann29.04.2022-12-00-01.json’

     0K                                                       100% 10.9M=0s

2022-04-29 12:00:02 (10.9 MB/s) - ‘/root/process_mining/announcements/data/29_04_2022/ann29.04.2022-12-00-01.json’ saved [60/60]

--2022-04-29 12:10:01--  https://files.cloudgdansk.pl/d/otwarte-dane/ztm/bsk.json
Resolving files.cloudgdansk.pl (files.cloudgdansk.pl)... 153.19.238.147
Connecting to files.cloudgdansk.pl (files.cloudgdansk.pl)|153.19.238.147|:443... connected.
HTTP request sent, awaiting response... 200 OK
Length: 60 [text/plain]
Saving to: ‘/root/process_mining/announcements/data/29_04_2022/ann29.04.2022-12-10-01.json’

     0K                                                       100% 12.3M=0s

2022-04-29 12:10:02 (12.3 MB/s) - ‘/root/process_mining/announcements/data/29_04_2022/ann29.04.2022-12-10-01.json’ saved [60/60]

--2022-04-29 12:20:01--  https://files.cloudgdansk.pl/d/otwarte-dane/ztm/bsk.json
Resolving files.cloudgdansk.pl (files.cloudgdansk.pl)... 153.19.238.147
Connecting to files.cloudgdansk.pl (files.cloudgdansk.pl)|153.19.238.147|:443... connected.
HTTP request sent, awaiting response... 200 OK
Length: 60 [text/plain]
Saving to: ‘/root/process_mining/announcements/data/29_04_2022/ann29.04.2022-12-20-01.json’

     0K                                                       100% 11.3M=0s

2022-04-29 12:20:02 (11.3 MB/s) - ‘/root/process_mining/announcements/data/29_04_2022/ann29.04.2022-12-20-01.json’ saved [60/60]

--2022-04-29 12:30:01--  https://files.cloudgdansk.pl/d/otwarte-dane/ztm/bsk.json
Resolving files.cloudgdansk.pl (files.cloudgdansk.pl)... 153.19.238.147
Connecting to files.cloudgdansk.pl (files.cloudgdansk.pl)|153.19.238.147|:443... connected.
HTTP request sent, awaiting response... 200 OK
Length: 60 [text/plain]
Saving to: ‘/root/process_mining/announcements/data/29_04_2022/ann29.04.2022-12-30-01.json’

     0K                                                       100% 11.7M=0s

2022-04-29 12:30:01 (11.7 MB/s) - ‘/root/process_mining/announcements/data/29_04_2022/ann29.04.2022-12-30-01.json’ saved [60/60]

--2022-04-29 12:40:01--  https://files.cloudgdansk.pl/d/otwarte-dane/ztm/bsk.json
Resolving files.cloudgdansk.pl (files.cloudgdansk.pl)... 153.19.238.147
Connecting to files.cloudgdansk.pl (files.cloudgdansk.pl)|153.19.238.147|:443... connected.
HTTP request sent, awaiting response... 200 OK
Length: 60 [text/plain]
Saving to: ‘/root/process_mining/announcements/data/29_04_2022/ann29.04.2022-12-40-01.json’

     0K                                                       100% 10.6M=0s

2022-04-29 12:40:01 (10.6 MB/s) - ‘/root/process_mining/announcements/data/29_04_2022/ann29.04.2022-12-40-01.json’ saved [60/60]

--2022-04-29 12:50:01--  https://files.cloudgdansk.pl/d/otwarte-dane/ztm/bsk.json
Resolving files.cloudgdansk.pl (files.cloudgdansk.pl)... 153.19.238.147
Connecting to files.cloudgdansk.pl (files.cloudgdansk.pl)|153.19.238.147|:443... connected.
HTTP request sent, awaiting response... 200 OK
Length: 60 [text/plain]
Saving to: ‘/root/process_mining/announcements/data/29_04_2022/ann29.04.2022-12-50-01.json’

     0K                                                       100% 10.8M=0s

2022-04-29 12:50:01 (10.8 MB/s) - ‘/root/process_mining/announcements/data/29_04_2022/ann29.04.2022-12-50-01.json’ saved [60/60]

--2022-04-29 13:00:01--  https://files.cloudgdansk.pl/d/otwarte-dane/ztm/bsk.json
Resolving files.cloudgdansk.pl (files.cloudgdansk.pl)... 153.19.238.147
Connecting to files.cloudgdansk.pl (files.cloudgdansk.pl)|153.19.238.147|:443... connected.
HTTP request sent, awaiting response... 200 OK
Length: 60 [text/plain]
Saving to: ‘/root/process_mining/announcements/data/29_04_2022/ann29.04.2022-13-00-01.json’

     0K                                                       100% 13.0M=0s

2022-04-29 13:00:01 (13.0 MB/s) - ‘/root/process_mining/announcements/data/29_04_2022/ann29.04.2022-13-00-01.json’ saved [60/60]

--2022-04-29 13:10:01--  https://files.cloudgdansk.pl/d/otwarte-dane/ztm/bsk.json
Resolving files.cloudgdansk.pl (files.cloudgdansk.pl)... 153.19.238.147
Connecting to files.cloudgdansk.pl (files.cloudgdansk.pl)|153.19.238.147|:443... connected.
HTTP request sent, awaiting response... 200 OK
Length: 60 [text/plain]
Saving to: ‘/root/process_mining/announcements/data/29_04_2022/ann29.04.2022-13-10-01.json’

     0K                                                       100% 11.9M=0s

2022-04-29 13:10:01 (11.9 MB/s) - ‘/root/process_mining/announcements/data/29_04_2022/ann29.04.2022-13-10-01.json’ saved [60/60]

--2022-04-29 13:20:01--  https://files.cloudgdansk.pl/d/otwarte-dane/ztm/bsk.json
Resolving files.cloudgdansk.pl (files.cloudgdansk.pl)... 153.19.238.147
Connecting to files.cloudgdansk.pl (files.cloudgdansk.pl)|153.19.238.147|:443... connected.
HTTP request sent, awaiting response... 200 OK
Length: 60 [text/plain]
Saving to: ‘/root/process_mining/announcements/data/29_04_2022/ann29.04.2022-13-20-01.json’

     0K                                                       100% 12.0M=0s

2022-04-29 13:20:02 (12.0 MB/s) - ‘/root/process_mining/announcements/data/29_04_2022/ann29.04.2022-13-20-01.json’ saved [60/60]

--2022-04-29 13:30:01--  https://files.cloudgdansk.pl/d/otwarte-dane/ztm/bsk.json
Resolving files.cloudgdansk.pl (files.cloudgdansk.pl)... 153.19.238.147
Connecting to files.cloudgdansk.pl (files.cloudgdansk.pl)|153.19.238.147|:443... connected.
HTTP request sent, awaiting response... 200 OK
Length: 60 [text/plain]
Saving to: ‘/root/process_mining/announcements/data/29_04_2022/ann29.04.2022-13-30-01.json’

     0K                                                       100% 12.2M=0s

2022-04-29 13:30:01 (12.2 MB/s) - ‘/root/process_mining/announcements/data/29_04_2022/ann29.04.2022-13-30-01.json’ saved [60/60]

--2022-04-29 13:40:01--  https://files.cloudgdansk.pl/d/otwarte-dane/ztm/bsk.json
Resolving files.cloudgdansk.pl (files.cloudgdansk.pl)... 153.19.238.147
Connecting to files.cloudgdansk.pl (files.cloudgdansk.pl)|153.19.238.147|:443... connected.
HTTP request sent, awaiting response... 200 OK
Length: 60 [text/plain]
Saving to: ‘/root/process_mining/announcements/data/29_04_2022/ann29.04.2022-13-40-01.json’

     0K                                                       100% 9.69M=0s

2022-04-29 13:40:01 (9.69 MB/s) - ‘/root/process_mining/announcements/data/29_04_2022/ann29.04.2022-13-40-01.json’ saved [60/60]

--2022-04-29 13:50:01--  https://files.cloudgdansk.pl/d/otwarte-dane/ztm/bsk.json
Resolving files.cloudgdansk.pl (files.cloudgdansk.pl)... 153.19.238.147
Connecting to files.cloudgdansk.pl (files.cloudgdansk.pl)|153.19.238.147|:443... connected.
HTTP request sent, awaiting response... 200 OK
Length: 60 [text/plain]
Saving to: ‘/root/process_mining/announcements/data/29_04_2022/ann29.04.2022-13-50-01.json’

     0K                                                       100% 11.4M=0s

2022-04-29 13:50:02 (11.4 MB/s) - ‘/root/process_mining/announcements/data/29_04_2022/ann29.04.2022-13-50-01.json’ saved [60/60]

--2022-04-29 14:00:02--  https://files.cloudgdansk.pl/d/otwarte-dane/ztm/bsk.json
Resolving files.cloudgdansk.pl (files.cloudgdansk.pl)... 153.19.238.147
Connecting to files.cloudgdansk.pl (files.cloudgdansk.pl)|153.19.238.147|:443... connected.
HTTP request sent, awaiting response... 200 OK
Length: 60 [text/plain]
Saving to: ‘/root/process_mining/announcements/data/29_04_2022/ann29.04.2022-14-00-02.json’

     0K                                                       100% 10.6M=0s

2022-04-29 14:00:02 (10.6 MB/s) - ‘/root/process_mining/announcements/data/29_04_2022/ann29.04.2022-14-00-02.json’ saved [60/60]

--2022-04-29 14:10:01--  https://files.cloudgdansk.pl/d/otwarte-dane/ztm/bsk.json
Resolving files.cloudgdansk.pl (files.cloudgdansk.pl)... 153.19.238.147
Connecting to files.cloudgdansk.pl (files.cloudgdansk.pl)|153.19.238.147|:443... connected.
HTTP request sent, awaiting response... 200 OK
Length: 60 [text/plain]
Saving to: ‘/root/process_mining/announcements/data/29_04_2022/ann29.04.2022-14-10-01.json’

     0K                                                       100% 10.9M=0s

2022-04-29 14:10:02 (10.9 MB/s) - ‘/root/process_mining/announcements/data/29_04_2022/ann29.04.2022-14-10-01.json’ saved [60/60]

--2022-04-29 14:20:01--  https://files.cloudgdansk.pl/d/otwarte-dane/ztm/bsk.json
Resolving files.cloudgdansk.pl (files.cloudgdansk.pl)... 153.19.238.147
Connecting to files.cloudgdansk.pl (files.cloudgdansk.pl)|153.19.238.147|:443... connected.
HTTP request sent, awaiting response... 200 OK
Length: 60 [text/plain]
Saving to: ‘/root/process_mining/announcements/data/29_04_2022/ann29.04.2022-14-20-01.json’

     0K                                                       100% 11.1M=0s

2022-04-29 14:20:02 (11.1 MB/s) - ‘/root/process_mining/announcements/data/29_04_2022/ann29.04.2022-14-20-01.json’ saved [60/60]

--2022-04-29 14:30:00--  https://files.cloudgdansk.pl/d/otwarte-dane/ztm/bsk.json
Resolving files.cloudgdansk.pl (files.cloudgdansk.pl)... 153.19.238.147
Connecting to files.cloudgdansk.pl (files.cloudgdansk.pl)|153.19.238.147|:443... connected.
HTTP request sent, awaiting response... 200 OK
Length: 60 [text/plain]
Saving to: ‘/root/process_mining/announcements/data/29_04_2022/ann29.04.2022-14-30-00.json’

     0K                                                       100% 12.5M=0s

2022-04-29 14:30:00 (12.5 MB/s) - ‘/root/process_mining/announcements/data/29_04_2022/ann29.04.2022-14-30-00.json’ saved [60/60]

--2022-04-29 14:40:01--  https://files.cloudgdansk.pl/d/otwarte-dane/ztm/bsk.json
Resolving files.cloudgdansk.pl (files.cloudgdansk.pl)... 153.19.238.147
Connecting to files.cloudgdansk.pl (files.cloudgdansk.pl)|153.19.238.147|:443... connected.
HTTP request sent, awaiting response... 200 OK
Length: 60 [text/plain]
Saving to: ‘/root/process_mining/announcements/data/29_04_2022/ann29.04.2022-14-40-01.json’

     0K                                                       100% 12.4M=0s

2022-04-29 14:40:01 (12.4 MB/s) - ‘/root/process_mining/announcements/data/29_04_2022/ann29.04.2022-14-40-01.json’ saved [60/60]

--2022-04-29 14:50:01--  https://files.cloudgdansk.pl/d/otwarte-dane/ztm/bsk.json
Resolving files.cloudgdansk.pl (files.cloudgdansk.pl)... 153.19.238.147
Connecting to files.cloudgdansk.pl (files.cloudgdansk.pl)|153.19.238.147|:443... connected.
HTTP request sent, awaiting response... 200 OK
Length: 60 [text/plain]
Saving to: ‘/root/process_mining/announcements/data/29_04_2022/ann29.04.2022-14-50-01.json’

     0K                                                       100% 12.5M=0s

2022-04-29 14:50:02 (12.5 MB/s) - ‘/root/process_mining/announcements/data/29_04_2022/ann29.04.2022-14-50-01.json’ saved [60/60]

--2022-04-29 15:00:01--  https://files.cloudgdansk.pl/d/otwarte-dane/ztm/bsk.json
Resolving files.cloudgdansk.pl (files.cloudgdansk.pl)... 153.19.238.147
Connecting to files.cloudgdansk.pl (files.cloudgdansk.pl)|153.19.238.147|:443... connected.
HTTP request sent, awaiting response... 200 OK
Length: 60 [text/plain]
Saving to: ‘/root/process_mining/announcements/data/29_04_2022/ann29.04.2022-15-00-01.json’

     0K                                                       100% 11.6M=0s

2022-04-29 15:00:01 (11.6 MB/s) - ‘/root/process_mining/announcements/data/29_04_2022/ann29.04.2022-15-00-01.json’ saved [60/60]

--2022-04-29 15:10:00--  https://files.cloudgdansk.pl/d/otwarte-dane/ztm/bsk.json
Resolving files.cloudgdansk.pl (files.cloudgdansk.pl)... 153.19.238.147
Connecting to files.cloudgdansk.pl (files.cloudgdansk.pl)|153.19.238.147|:443... connected.
HTTP request sent, awaiting response... 200 OK
Length: 60 [text/plain]
Saving to: ‘/root/process_mining/announcements/data/29_04_2022/ann29.04.2022-15-10-00.json’

     0K                                                       100% 11.5M=0s

2022-04-29 15:10:00 (11.5 MB/s) - ‘/root/process_mining/announcements/data/29_04_2022/ann29.04.2022-15-10-00.json’ saved [60/60]

--2022-04-29 15:20:01--  https://files.cloudgdansk.pl/d/otwarte-dane/ztm/bsk.json
Resolving files.cloudgdansk.pl (files.cloudgdansk.pl)... 153.19.238.147
Connecting to files.cloudgdansk.pl (files.cloudgdansk.pl)|153.19.238.147|:443... connected.
HTTP request sent, awaiting response... 200 OK
Length: 60 [text/plain]
Saving to: ‘/root/process_mining/announcements/data/29_04_2022/ann29.04.2022-15-20-01.json’

     0K                                                       100% 11.7M=0s

2022-04-29 15:20:02 (11.7 MB/s) - ‘/root/process_mining/announcements/data/29_04_2022/ann29.04.2022-15-20-01.json’ saved [60/60]

--2022-04-29 15:30:00--  https://files.cloudgdansk.pl/d/otwarte-dane/ztm/bsk.json
Resolving files.cloudgdansk.pl (files.cloudgdansk.pl)... 153.19.238.147
Connecting to files.cloudgdansk.pl (files.cloudgdansk.pl)|153.19.238.147|:443... connected.
HTTP request sent, awaiting response... 200 OK
Length: 60 [text/plain]
Saving to: ‘/root/process_mining/announcements/data/29_04_2022/ann29.04.2022-15-30-00.json’

     0K                                                       100% 12.4M=0s

2022-04-29 15:30:01 (12.4 MB/s) - ‘/root/process_mining/announcements/data/29_04_2022/ann29.04.2022-15-30-00.json’ saved [60/60]

--2022-04-29 15:40:01--  https://files.cloudgdansk.pl/d/otwarte-dane/ztm/bsk.json
Resolving files.cloudgdansk.pl (files.cloudgdansk.pl)... 153.19.238.147
Connecting to files.cloudgdansk.pl (files.cloudgdansk.pl)|153.19.238.147|:443... connected.
HTTP request sent, awaiting response... 200 OK
Length: 60 [text/plain]
Saving to: ‘/root/process_mining/announcements/data/29_04_2022/ann29.04.2022-15-40-01.json’

     0K                                                       100% 12.9M=0s

2022-04-29 15:40:01 (12.9 MB/s) - ‘/root/process_mining/announcements/data/29_04_2022/ann29.04.2022-15-40-01.json’ saved [60/60]

--2022-04-29 15:50:02--  https://files.cloudgdansk.pl/d/otwarte-dane/ztm/bsk.json
Resolving files.cloudgdansk.pl (files.cloudgdansk.pl)... 153.19.238.147
Connecting to files.cloudgdansk.pl (files.cloudgdansk.pl)|153.19.238.147|:443... connected.
HTTP request sent, awaiting response... 200 OK
Length: 60 [text/plain]
Saving to: ‘/root/process_mining/announcements/data/29_04_2022/ann29.04.2022-15-50-02.json’

     0K                                                       100% 12.3M=0s

2022-04-29 15:50:02 (12.3 MB/s) - ‘/root/process_mining/announcements/data/29_04_2022/ann29.04.2022-15-50-02.json’ saved [60/60]

--2022-04-29 16:00:01--  https://files.cloudgdansk.pl/d/otwarte-dane/ztm/bsk.json
Resolving files.cloudgdansk.pl (files.cloudgdansk.pl)... 153.19.238.147
Connecting to files.cloudgdansk.pl (files.cloudgdansk.pl)|153.19.238.147|:443... connected.
HTTP request sent, awaiting response... 200 OK
Length: 60 [text/plain]
Saving to: ‘/root/process_mining/announcements/data/29_04_2022/ann29.04.2022-16-00-01.json’

     0K                                                       100% 12.1M=0s

2022-04-29 16:00:01 (12.1 MB/s) - ‘/root/process_mining/announcements/data/29_04_2022/ann29.04.2022-16-00-01.json’ saved [60/60]

--2022-04-29 16:10:01--  https://files.cloudgdansk.pl/d/otwarte-dane/ztm/bsk.json
Resolving files.cloudgdansk.pl (files.cloudgdansk.pl)... 153.19.238.147
Connecting to files.cloudgdansk.pl (files.cloudgdansk.pl)|153.19.238.147|:443... connected.
HTTP request sent, awaiting response... 200 OK
Length: 60 [text/plain]
Saving to: ‘/root/process_mining/announcements/data/29_04_2022/ann29.04.2022-16-10-01.json’

     0K                                                       100% 11.7M=0s

2022-04-29 16:10:02 (11.7 MB/s) - ‘/root/process_mining/announcements/data/29_04_2022/ann29.04.2022-16-10-01.json’ saved [60/60]

--2022-04-29 16:20:01--  https://files.cloudgdansk.pl/d/otwarte-dane/ztm/bsk.json
Resolving files.cloudgdansk.pl (files.cloudgdansk.pl)... 153.19.238.147
Connecting to files.cloudgdansk.pl (files.cloudgdansk.pl)|153.19.238.147|:443... connected.
HTTP request sent, awaiting response... 200 OK
Length: 60 [text/plain]
Saving to: ‘/root/process_mining/announcements/data/29_04_2022/ann29.04.2022-16-20-01.json’

     0K                                                       100% 13.1M=0s

2022-04-29 16:20:02 (13.1 MB/s) - ‘/root/process_mining/announcements/data/29_04_2022/ann29.04.2022-16-20-01.json’ saved [60/60]

--2022-04-29 16:30:01--  https://files.cloudgdansk.pl/d/otwarte-dane/ztm/bsk.json
Resolving files.cloudgdansk.pl (files.cloudgdansk.pl)... 153.19.238.147
Connecting to files.cloudgdansk.pl (files.cloudgdansk.pl)|153.19.238.147|:443... connected.
HTTP request sent, awaiting response... 200 OK
Length: 60 [text/plain]
Saving to: ‘/root/process_mining/announcements/data/29_04_2022/ann29.04.2022-16-30-01.json’

     0K                                                       100% 12.9M=0s

2022-04-29 16:30:02 (12.9 MB/s) - ‘/root/process_mining/announcements/data/29_04_2022/ann29.04.2022-16-30-01.json’ saved [60/60]

--2022-04-29 16:40:01--  https://files.cloudgdansk.pl/d/otwarte-dane/ztm/bsk.json
Resolving files.cloudgdansk.pl (files.cloudgdansk.pl)... 153.19.238.147
Connecting to files.cloudgdansk.pl (files.cloudgdansk.pl)|153.19.238.147|:443... connected.
HTTP request sent, awaiting response... 200 OK
Length: 60 [text/plain]
Saving to: ‘/root/process_mining/announcements/data/29_04_2022/ann29.04.2022-16-40-01.json’

     0K                                                       100% 11.3M=0s

2022-04-29 16:40:01 (11.3 MB/s) - ‘/root/process_mining/announcements/data/29_04_2022/ann29.04.2022-16-40-01.json’ saved [60/60]

--2022-04-29 16:50:02--  https://files.cloudgdansk.pl/d/otwarte-dane/ztm/bsk.json
Resolving files.cloudgdansk.pl (files.cloudgdansk.pl)... 153.19.238.147
Connecting to files.cloudgdansk.pl (files.cloudgdansk.pl)|153.19.238.147|:443... connected.
HTTP request sent, awaiting response... 200 OK
Length: 60 [text/plain]
Saving to: ‘/root/process_mining/announcements/data/29_04_2022/ann29.04.2022-16-50-02.json’

     0K                                                       100% 12.6M=0s

2022-04-29 16:50:02 (12.6 MB/s) - ‘/root/process_mining/announcements/data/29_04_2022/ann29.04.2022-16-50-02.json’ saved [60/60]

--2022-04-29 17:00:01--  https://files.cloudgdansk.pl/d/otwarte-dane/ztm/bsk.json
Resolving files.cloudgdansk.pl (files.cloudgdansk.pl)... 153.19.238.147
Connecting to files.cloudgdansk.pl (files.cloudgdansk.pl)|153.19.238.147|:443... connected.
HTTP request sent, awaiting response... 200 OK
Length: 60 [text/plain]
Saving to: ‘/root/process_mining/announcements/data/29_04_2022/ann29.04.2022-17-00-01.json’

     0K                                                       100% 12.1M=0s

2022-04-29 17:00:02 (12.1 MB/s) - ‘/root/process_mining/announcements/data/29_04_2022/ann29.04.2022-17-00-01.json’ saved [60/60]

--2022-04-29 17:10:01--  https://files.cloudgdansk.pl/d/otwarte-dane/ztm/bsk.json
Resolving files.cloudgdansk.pl (files.cloudgdansk.pl)... 153.19.238.147
Connecting to files.cloudgdansk.pl (files.cloudgdansk.pl)|153.19.238.147|:443... connected.
HTTP request sent, awaiting response... 200 OK
Length: 60 [text/plain]
Saving to: ‘/root/process_mining/announcements/data/29_04_2022/ann29.04.2022-17-10-01.json’

     0K                                                       100% 11.2M=0s

2022-04-29 17:10:01 (11.2 MB/s) - ‘/root/process_mining/announcements/data/29_04_2022/ann29.04.2022-17-10-01.json’ saved [60/60]

--2022-04-29 17:20:00--  https://files.cloudgdansk.pl/d/otwarte-dane/ztm/bsk.json
Resolving files.cloudgdansk.pl (files.cloudgdansk.pl)... 153.19.238.147
Connecting to files.cloudgdansk.pl (files.cloudgdansk.pl)|153.19.238.147|:443... connected.
HTTP request sent, awaiting response... 200 OK
Length: 60 [text/plain]
Saving to: ‘/root/process_mining/announcements/data/29_04_2022/ann29.04.2022-17-20-00.json’

     0K                                                       100% 12.5M=0s

2022-04-29 17:20:00 (12.5 MB/s) - ‘/root/process_mining/announcements/data/29_04_2022/ann29.04.2022-17-20-00.json’ saved [60/60]

--2022-04-29 17:30:01--  https://files.cloudgdansk.pl/d/otwarte-dane/ztm/bsk.json
Resolving files.cloudgdansk.pl (files.cloudgdansk.pl)... 153.19.238.147
Connecting to files.cloudgdansk.pl (files.cloudgdansk.pl)|153.19.238.147|:443... connected.
HTTP request sent, awaiting response... 200 OK
Length: 60 [text/plain]
Saving to: ‘/root/process_mining/announcements/data/29_04_2022/ann29.04.2022-17-30-01.json’

     0K                                                       100% 12.1M=0s

2022-04-29 17:30:01 (12.1 MB/s) - ‘/root/process_mining/announcements/data/29_04_2022/ann29.04.2022-17-30-01.json’ saved [60/60]

--2022-04-29 17:40:01--  https://files.cloudgdansk.pl/d/otwarte-dane/ztm/bsk.json
Resolving files.cloudgdansk.pl (files.cloudgdansk.pl)... 153.19.238.147
Connecting to files.cloudgdansk.pl (files.cloudgdansk.pl)|153.19.238.147|:443... connected.
HTTP request sent, awaiting response... 200 OK
Length: 60 [text/plain]
Saving to: ‘/root/process_mining/announcements/data/29_04_2022/ann29.04.2022-17-40-01.json’

     0K                                                       100% 12.0M=0s

2022-04-29 17:40:01 (12.0 MB/s) - ‘/root/process_mining/announcements/data/29_04_2022/ann29.04.2022-17-40-01.json’ saved [60/60]

--2022-04-29 17:50:00--  https://files.cloudgdansk.pl/d/otwarte-dane/ztm/bsk.json
Resolving files.cloudgdansk.pl (files.cloudgdansk.pl)... 153.19.238.147
Connecting to files.cloudgdansk.pl (files.cloudgdansk.pl)|153.19.238.147|:443... connected.
HTTP request sent, awaiting response... 200 OK
Length: 60 [text/plain]
Saving to: ‘/root/process_mining/announcements/data/29_04_2022/ann29.04.2022-17-50-00.json’

     0K                                                       100% 12.0M=0s

2022-04-29 17:50:01 (12.0 MB/s) - ‘/root/process_mining/announcements/data/29_04_2022/ann29.04.2022-17-50-00.json’ saved [60/60]

--2022-04-29 18:00:01--  https://files.cloudgdansk.pl/d/otwarte-dane/ztm/bsk.json
Resolving files.cloudgdansk.pl (files.cloudgdansk.pl)... 153.19.238.147
Connecting to files.cloudgdansk.pl (files.cloudgdansk.pl)|153.19.238.147|:443... connected.
HTTP request sent, awaiting response... 200 OK
Length: 60 [text/plain]
Saving to: ‘/root/process_mining/announcements/data/29_04_2022/ann29.04.2022-18-00-01.json’

     0K                                                       100% 10.8M=0s

2022-04-29 18:00:01 (10.8 MB/s) - ‘/root/process_mining/announcements/data/29_04_2022/ann29.04.2022-18-00-01.json’ saved [60/60]

--2022-04-29 18:10:01--  https://files.cloudgdansk.pl/d/otwarte-dane/ztm/bsk.json
Resolving files.cloudgdansk.pl (files.cloudgdansk.pl)... 153.19.238.147
Connecting to files.cloudgdansk.pl (files.cloudgdansk.pl)|153.19.238.147|:443... connected.
HTTP request sent, awaiting response... 200 OK
Length: 60 [text/plain]
Saving to: ‘/root/process_mining/announcements/data/29_04_2022/ann29.04.2022-18-10-01.json’

     0K                                                       100% 12.6M=0s

2022-04-29 18:10:02 (12.6 MB/s) - ‘/root/process_mining/announcements/data/29_04_2022/ann29.04.2022-18-10-01.json’ saved [60/60]

--2022-04-29 18:20:02--  https://files.cloudgdansk.pl/d/otwarte-dane/ztm/bsk.json
Resolving files.cloudgdansk.pl (files.cloudgdansk.pl)... 153.19.238.147
Connecting to files.cloudgdansk.pl (files.cloudgdansk.pl)|153.19.238.147|:443... connected.
HTTP request sent, awaiting response... 200 OK
Length: 510 [application/json]
Saving to: ‘/root/process_mining/announcements/data/29_04_2022/ann29.04.2022-18-20-02.json’

     0K                                                       100% 97.4M=0s

2022-04-29 18:20:02 (97.4 MB/s) - ‘/root/process_mining/announcements/data/29_04_2022/ann29.04.2022-18-20-02.json’ saved [510/510]

--2022-04-29 18:30:01--  https://files.cloudgdansk.pl/d/otwarte-dane/ztm/bsk.json
Resolving files.cloudgdansk.pl (files.cloudgdansk.pl)... 153.19.238.147
Connecting to files.cloudgdansk.pl (files.cloudgdansk.pl)|153.19.238.147|:443... connected.
HTTP request sent, awaiting response... 200 OK
Length: 510 [application/json]
Saving to: ‘/root/process_mining/announcements/data/29_04_2022/ann29.04.2022-18-30-01.json’

     0K                                                       100% 99.3M=0s

2022-04-29 18:30:02 (99.3 MB/s) - ‘/root/process_mining/announcements/data/29_04_2022/ann29.04.2022-18-30-01.json’ saved [510/510]

--2022-04-29 18:40:01--  https://files.cloudgdansk.pl/d/otwarte-dane/ztm/bsk.json
Resolving files.cloudgdansk.pl (files.cloudgdansk.pl)... 153.19.238.147
Connecting to files.cloudgdansk.pl (files.cloudgdansk.pl)|153.19.238.147|:443... connected.
HTTP request sent, awaiting response... 200 OK
Length: 510 [application/json]
Saving to: ‘/root/process_mining/announcements/data/29_04_2022/ann29.04.2022-18-40-01.json’

     0K                                                       100%  101M=0s

2022-04-29 18:40:01 (101 MB/s) - ‘/root/process_mining/announcements/data/29_04_2022/ann29.04.2022-18-40-01.json’ saved [510/510]

--2022-04-29 18:50:01--  https://files.cloudgdansk.pl/d/otwarte-dane/ztm/bsk.json
Resolving files.cloudgdansk.pl (files.cloudgdansk.pl)... 153.19.238.147
Connecting to files.cloudgdansk.pl (files.cloudgdansk.pl)|153.19.238.147|:443... connected.
HTTP request sent, awaiting response... 200 OK
Length: 510 [application/json]
Saving to: ‘/root/process_mining/announcements/data/29_04_2022/ann29.04.2022-18-50-01.json’

     0K                                                       100% 98.5M=0s

2022-04-29 18:50:02 (98.5 MB/s) - ‘/root/process_mining/announcements/data/29_04_2022/ann29.04.2022-18-50-01.json’ saved [510/510]

--2022-04-29 19:00:01--  https://files.cloudgdansk.pl/d/otwarte-dane/ztm/bsk.json
Resolving files.cloudgdansk.pl (files.cloudgdansk.pl)... 153.19.238.147
Connecting to files.cloudgdansk.pl (files.cloudgdansk.pl)|153.19.238.147|:443... connected.
HTTP request sent, awaiting response... 200 OK
Length: 510 [application/json]
Saving to: ‘/root/process_mining/announcements/data/29_04_2022/ann29.04.2022-19-00-01.json’

     0K                                                       100%  112M=0s

2022-04-29 19:00:01 (112 MB/s) - ‘/root/process_mining/announcements/data/29_04_2022/ann29.04.2022-19-00-01.json’ saved [510/510]

--2022-04-29 19:10:01--  https://files.cloudgdansk.pl/d/otwarte-dane/ztm/bsk.json
Resolving files.cloudgdansk.pl (files.cloudgdansk.pl)... 153.19.238.147
Connecting to files.cloudgdansk.pl (files.cloudgdansk.pl)|153.19.238.147|:443... connected.
HTTP request sent, awaiting response... 200 OK
Length: 510 [application/json]
Saving to: ‘/root/process_mining/announcements/data/29_04_2022/ann29.04.2022-19-10-01.json’

     0K                                                       100% 90.3M=0s

2022-04-29 19:10:02 (90.3 MB/s) - ‘/root/process_mining/announcements/data/29_04_2022/ann29.04.2022-19-10-01.json’ saved [510/510]

--2022-04-29 19:20:01--  https://files.cloudgdansk.pl/d/otwarte-dane/ztm/bsk.json
Resolving files.cloudgdansk.pl (files.cloudgdansk.pl)... 153.19.238.147
Connecting to files.cloudgdansk.pl (files.cloudgdansk.pl)|153.19.238.147|:443... connected.
HTTP request sent, awaiting response... 200 OK
Length: 724 [application/json]
Saving to: ‘/root/process_mining/announcements/data/29_04_2022/ann29.04.2022-19-20-01.json’

     0K                                                       100%  133M=0s

2022-04-29 19:20:02 (133 MB/s) - ‘/root/process_mining/announcements/data/29_04_2022/ann29.04.2022-19-20-01.json’ saved [724/724]

--2022-04-29 19:30:01--  https://files.cloudgdansk.pl/d/otwarte-dane/ztm/bsk.json
Resolving files.cloudgdansk.pl (files.cloudgdansk.pl)... 153.19.238.147
Connecting to files.cloudgdansk.pl (files.cloudgdansk.pl)|153.19.238.147|:443... connected.
HTTP request sent, awaiting response... 200 OK
Length: 60 [text/plain]
Saving to: ‘/root/process_mining/announcements/data/29_04_2022/ann29.04.2022-19-30-01.json’

     0K                                                       100% 10.8M=0s

2022-04-29 19:30:02 (10.8 MB/s) - ‘/root/process_mining/announcements/data/29_04_2022/ann29.04.2022-19-30-01.json’ saved [60/60]

--2022-04-29 19:40:01--  https://files.cloudgdansk.pl/d/otwarte-dane/ztm/bsk.json
Resolving files.cloudgdansk.pl (files.cloudgdansk.pl)... 153.19.238.147
Connecting to files.cloudgdansk.pl (files.cloudgdansk.pl)|153.19.238.147|:443... connected.
HTTP request sent, awaiting response... 200 OK
Length: 60 [text/plain]
Saving to: ‘/root/process_mining/announcements/data/29_04_2022/ann29.04.2022-19-40-01.json’

     0K                                                       100% 12.6M=0s

2022-04-29 19:40:01 (12.6 MB/s) - ‘/root/process_mining/announcements/data/29_04_2022/ann29.04.2022-19-40-01.json’ saved [60/60]

--2022-04-29 19:50:01--  https://files.cloudgdansk.pl/d/otwarte-dane/ztm/bsk.json
Resolving files.cloudgdansk.pl (files.cloudgdansk.pl)... 153.19.238.147
Connecting to files.cloudgdansk.pl (files.cloudgdansk.pl)|153.19.238.147|:443... connected.
HTTP request sent, awaiting response... 200 OK
Length: 60 [text/plain]
Saving to: ‘/root/process_mining/announcements/data/29_04_2022/ann29.04.2022-19-50-01.json’

     0K                                                       100% 12.3M=0s

2022-04-29 19:50:02 (12.3 MB/s) - ‘/root/process_mining/announcements/data/29_04_2022/ann29.04.2022-19-50-01.json’ saved [60/60]

--2022-04-29 20:00:01--  https://files.cloudgdansk.pl/d/otwarte-dane/ztm/bsk.json
Resolving files.cloudgdansk.pl (files.cloudgdansk.pl)... 153.19.238.147
Connecting to files.cloudgdansk.pl (files.cloudgdansk.pl)|153.19.238.147|:443... connected.
HTTP request sent, awaiting response... 200 OK
Length: 60 [text/plain]
Saving to: ‘/root/process_mining/announcements/data/29_04_2022/ann29.04.2022-20-00-01.json’

     0K                                                       100% 12.2M=0s

2022-04-29 20:00:01 (12.2 MB/s) - ‘/root/process_mining/announcements/data/29_04_2022/ann29.04.2022-20-00-01.json’ saved [60/60]

--2022-04-29 20:10:02--  https://files.cloudgdansk.pl/d/otwarte-dane/ztm/bsk.json
Resolving files.cloudgdansk.pl (files.cloudgdansk.pl)... 153.19.238.147
Connecting to files.cloudgdansk.pl (files.cloudgdansk.pl)|153.19.238.147|:443... connected.
HTTP request sent, awaiting response... 200 OK
Length: 60 [text/plain]
Saving to: ‘/root/process_mining/announcements/data/29_04_2022/ann29.04.2022-20-10-02.json’

     0K                                                       100% 12.6M=0s

2022-04-29 20:10:02 (12.6 MB/s) - ‘/root/process_mining/announcements/data/29_04_2022/ann29.04.2022-20-10-02.json’ saved [60/60]

--2022-04-29 20:20:01--  https://files.cloudgdansk.pl/d/otwarte-dane/ztm/bsk.json
Resolving files.cloudgdansk.pl (files.cloudgdansk.pl)... 153.19.238.147
Connecting to files.cloudgdansk.pl (files.cloudgdansk.pl)|153.19.238.147|:443... connected.
HTTP request sent, awaiting response... 200 OK
Length: 60 [text/plain]
Saving to: ‘/root/process_mining/announcements/data/29_04_2022/ann29.04.2022-20-20-01.json’

     0K                                                       100% 8.89M=0s

2022-04-29 20:20:01 (8.89 MB/s) - ‘/root/process_mining/announcements/data/29_04_2022/ann29.04.2022-20-20-01.json’ saved [60/60]

--2022-04-29 20:30:01--  https://files.cloudgdansk.pl/d/otwarte-dane/ztm/bsk.json
Resolving files.cloudgdansk.pl (files.cloudgdansk.pl)... 153.19.238.147
Connecting to files.cloudgdansk.pl (files.cloudgdansk.pl)|153.19.238.147|:443... connected.
HTTP request sent, awaiting response... 200 OK
Length: 60 [text/plain]
Saving to: ‘/root/process_mining/announcements/data/29_04_2022/ann29.04.2022-20-30-01.json’

     0K                                                       100% 12.5M=0s

2022-04-29 20:30:02 (12.5 MB/s) - ‘/root/process_mining/announcements/data/29_04_2022/ann29.04.2022-20-30-01.json’ saved [60/60]

--2022-04-29 20:40:01--  https://files.cloudgdansk.pl/d/otwarte-dane/ztm/bsk.json
Resolving files.cloudgdansk.pl (files.cloudgdansk.pl)... 153.19.238.147
Connecting to files.cloudgdansk.pl (files.cloudgdansk.pl)|153.19.238.147|:443... connected.
HTTP request sent, awaiting response... 200 OK
Length: 60 [text/plain]
Saving to: ‘/root/process_mining/announcements/data/29_04_2022/ann29.04.2022-20-40-01.json’

     0K                                                       100% 11.4M=0s

2022-04-29 20:40:02 (11.4 MB/s) - ‘/root/process_mining/announcements/data/29_04_2022/ann29.04.2022-20-40-01.json’ saved [60/60]

--2022-04-29 20:50:01--  https://files.cloudgdansk.pl/d/otwarte-dane/ztm/bsk.json
Resolving files.cloudgdansk.pl (files.cloudgdansk.pl)... 153.19.238.147
Connecting to files.cloudgdansk.pl (files.cloudgdansk.pl)|153.19.238.147|:443... connected.
HTTP request sent, awaiting response... 200 OK
Length: 60 [text/plain]
Saving to: ‘/root/process_mining/announcements/data/29_04_2022/ann29.04.2022-20-50-01.json’

     0K                                                       100% 11.4M=0s

2022-04-29 20:50:02 (11.4 MB/s) - ‘/root/process_mining/announcements/data/29_04_2022/ann29.04.2022-20-50-01.json’ saved [60/60]

--2022-04-29 21:00:01--  https://files.cloudgdansk.pl/d/otwarte-dane/ztm/bsk.json
Resolving files.cloudgdansk.pl (files.cloudgdansk.pl)... 153.19.238.147
Connecting to files.cloudgdansk.pl (files.cloudgdansk.pl)|153.19.238.147|:443... connected.
HTTP request sent, awaiting response... 200 OK
Length: 60 [text/plain]
Saving to: ‘/root/process_mining/announcements/data/29_04_2022/ann29.04.2022-21-00-01.json’

     0K                                                       100% 13.9M=0s

2022-04-29 21:00:02 (13.9 MB/s) - ‘/root/process_mining/announcements/data/29_04_2022/ann29.04.2022-21-00-01.json’ saved [60/60]

--2022-04-29 21:10:01--  https://files.cloudgdansk.pl/d/otwarte-dane/ztm/bsk.json
Resolving files.cloudgdansk.pl (files.cloudgdansk.pl)... 153.19.238.147
Connecting to files.cloudgdansk.pl (files.cloudgdansk.pl)|153.19.238.147|:443... connected.
HTTP request sent, awaiting response... 200 OK
Length: 60 [text/plain]
Saving to: ‘/root/process_mining/announcements/data/29_04_2022/ann29.04.2022-21-10-01.json’

     0K                                                       100% 12.2M=0s

2022-04-29 21:10:01 (12.2 MB/s) - ‘/root/process_mining/announcements/data/29_04_2022/ann29.04.2022-21-10-01.json’ saved [60/60]

--2022-04-29 21:20:01--  https://files.cloudgdansk.pl/d/otwarte-dane/ztm/bsk.json
Resolving files.cloudgdansk.pl (files.cloudgdansk.pl)... 153.19.238.147
Connecting to files.cloudgdansk.pl (files.cloudgdansk.pl)|153.19.238.147|:443... connected.
HTTP request sent, awaiting response... 200 OK
Length: 508 [application/json]
Saving to: ‘/root/process_mining/announcements/data/29_04_2022/ann29.04.2022-21-20-01.json’

     0K                                                       100% 97.8M=0s

2022-04-29 21:20:02 (97.8 MB/s) - ‘/root/process_mining/announcements/data/29_04_2022/ann29.04.2022-21-20-01.json’ saved [508/508]

--2022-04-29 21:30:01--  https://files.cloudgdansk.pl/d/otwarte-dane/ztm/bsk.json
Resolving files.cloudgdansk.pl (files.cloudgdansk.pl)... 153.19.238.147
Connecting to files.cloudgdansk.pl (files.cloudgdansk.pl)|153.19.238.147|:443... connected.
HTTP request sent, awaiting response... 200 OK
Length: 508 [application/json]
Saving to: ‘/root/process_mining/announcements/data/29_04_2022/ann29.04.2022-21-30-01.json’

     0K                                                       100% 97.3M=0s

2022-04-29 21:30:02 (97.3 MB/s) - ‘/root/process_mining/announcements/data/29_04_2022/ann29.04.2022-21-30-01.json’ saved [508/508]

--2022-04-29 21:40:01--  https://files.cloudgdansk.pl/d/otwarte-dane/ztm/bsk.json
Resolving files.cloudgdansk.pl (files.cloudgdansk.pl)... 153.19.238.147
Connecting to files.cloudgdansk.pl (files.cloudgdansk.pl)|153.19.238.147|:443... connected.
HTTP request sent, awaiting response... 200 OK
Length: 508 [application/json]
Saving to: ‘/root/process_mining/announcements/data/29_04_2022/ann29.04.2022-21-40-01.json’

     0K                                                       100% 96.6M=0s

2022-04-29 21:40:02 (96.6 MB/s) - ‘/root/process_mining/announcements/data/29_04_2022/ann29.04.2022-21-40-01.json’ saved [508/508]

--2022-04-29 21:50:01--  https://files.cloudgdansk.pl/d/otwarte-dane/ztm/bsk.json
Resolving files.cloudgdansk.pl (files.cloudgdansk.pl)... 153.19.238.147
Connecting to files.cloudgdansk.pl (files.cloudgdansk.pl)|153.19.238.147|:443... connected.
HTTP request sent, awaiting response... 200 OK
Length: 60 [text/plain]
Saving to: ‘/root/process_mining/announcements/data/29_04_2022/ann29.04.2022-21-50-01.json’

     0K                                                       100% 11.2M=0s

2022-04-29 21:50:01 (11.2 MB/s) - ‘/root/process_mining/announcements/data/29_04_2022/ann29.04.2022-21-50-01.json’ saved [60/60]

--2022-04-29 22:00:01--  https://files.cloudgdansk.pl/d/otwarte-dane/ztm/bsk.json
Resolving files.cloudgdansk.pl (files.cloudgdansk.pl)... 153.19.238.147
Connecting to files.cloudgdansk.pl (files.cloudgdansk.pl)|153.19.238.147|:443... connected.
HTTP request sent, awaiting response... 200 OK
Length: 60 [text/plain]
Saving to: ‘/root/process_mining/announcements/data/29_04_2022/ann29.04.2022-22-00-01.json’

     0K                                                       100% 13.3M=0s

2022-04-29 22:00:01 (13.3 MB/s) - ‘/root/process_mining/announcements/data/29_04_2022/ann29.04.2022-22-00-01.json’ saved [60/60]

--2022-04-29 22:10:01--  https://files.cloudgdansk.pl/d/otwarte-dane/ztm/bsk.json
Resolving files.cloudgdansk.pl (files.cloudgdansk.pl)... 153.19.238.147
Connecting to files.cloudgdansk.pl (files.cloudgdansk.pl)|153.19.238.147|:443... connected.
HTTP request sent, awaiting response... 200 OK
Length: 60 [text/plain]
Saving to: ‘/root/process_mining/announcements/data/29_04_2022/ann29.04.2022-22-10-01.json’

     0K                                                       100% 12.1M=0s

2022-04-29 22:10:02 (12.1 MB/s) - ‘/root/process_mining/announcements/data/29_04_2022/ann29.04.2022-22-10-01.json’ saved [60/60]

--2022-04-29 22:20:01--  https://files.cloudgdansk.pl/d/otwarte-dane/ztm/bsk.json
Resolving files.cloudgdansk.pl (files.cloudgdansk.pl)... 153.19.238.147
Connecting to files.cloudgdansk.pl (files.cloudgdansk.pl)|153.19.238.147|:443... connected.
HTTP request sent, awaiting response... 200 OK
Length: 60 [text/plain]
Saving to: ‘/root/process_mining/announcements/data/29_04_2022/ann29.04.2022-22-20-01.json’

     0K                                                       100% 11.5M=0s

2022-04-29 22:20:01 (11.5 MB/s) - ‘/root/process_mining/announcements/data/29_04_2022/ann29.04.2022-22-20-01.json’ saved [60/60]

--2022-04-29 22:30:01--  https://files.cloudgdansk.pl/d/otwarte-dane/ztm/bsk.json
Resolving files.cloudgdansk.pl (files.cloudgdansk.pl)... 153.19.238.147
Connecting to files.cloudgdansk.pl (files.cloudgdansk.pl)|153.19.238.147|:443... connected.
HTTP request sent, awaiting response... 200 OK
Length: 60 [text/plain]
Saving to: ‘/root/process_mining/announcements/data/29_04_2022/ann29.04.2022-22-30-01.json’

     0K                                                       100% 11.6M=0s

2022-04-29 22:30:02 (11.6 MB/s) - ‘/root/process_mining/announcements/data/29_04_2022/ann29.04.2022-22-30-01.json’ saved [60/60]

--2022-04-29 22:40:01--  https://files.cloudgdansk.pl/d/otwarte-dane/ztm/bsk.json
Resolving files.cloudgdansk.pl (files.cloudgdansk.pl)... 153.19.238.147
Connecting to files.cloudgdansk.pl (files.cloudgdansk.pl)|153.19.238.147|:443... connected.
HTTP request sent, awaiting response... 200 OK
Length: 60 [text/plain]
Saving to: ‘/root/process_mining/announcements/data/29_04_2022/ann29.04.2022-22-40-01.json’

     0K                                                       100% 11.8M=0s

2022-04-29 22:40:01 (11.8 MB/s) - ‘/root/process_mining/announcements/data/29_04_2022/ann29.04.2022-22-40-01.json’ saved [60/60]

--2022-04-29 22:50:01--  https://files.cloudgdansk.pl/d/otwarte-dane/ztm/bsk.json
Resolving files.cloudgdansk.pl (files.cloudgdansk.pl)... 153.19.238.147
Connecting to files.cloudgdansk.pl (files.cloudgdansk.pl)|153.19.238.147|:443... connected.
HTTP request sent, awaiting response... 200 OK
Length: 60 [text/plain]
Saving to: ‘/root/process_mining/announcements/data/29_04_2022/ann29.04.2022-22-50-01.json’

     0K                                                       100% 11.6M=0s

2022-04-29 22:50:01 (11.6 MB/s) - ‘/root/process_mining/announcements/data/29_04_2022/ann29.04.2022-22-50-01.json’ saved [60/60]

--2022-04-29 23:00:01--  https://files.cloudgdansk.pl/d/otwarte-dane/ztm/bsk.json
Resolving files.cloudgdansk.pl (files.cloudgdansk.pl)... 153.19.238.147
Connecting to files.cloudgdansk.pl (files.cloudgdansk.pl)|153.19.238.147|:443... connected.
HTTP request sent, awaiting response... 200 OK
Length: 60 [text/plain]
Saving to: ‘/root/process_mining/announcements/data/29_04_2022/ann29.04.2022-23-00-01.json’

     0K                                                       100% 11.8M=0s

2022-04-29 23:00:02 (11.8 MB/s) - ‘/root/process_mining/announcements/data/29_04_2022/ann29.04.2022-23-00-01.json’ saved [60/60]

--2022-04-29 23:10:02--  https://files.cloudgdansk.pl/d/otwarte-dane/ztm/bsk.json
Resolving files.cloudgdansk.pl (files.cloudgdansk.pl)... 153.19.238.147
Connecting to files.cloudgdansk.pl (files.cloudgdansk.pl)|153.19.238.147|:443... connected.
HTTP request sent, awaiting response... 200 OK
Length: 60 [text/plain]
Saving to: ‘/root/process_mining/announcements/data/29_04_2022/ann29.04.2022-23-10-02.json’

     0K                                                       100% 12.7M=0s

2022-04-29 23:10:02 (12.7 MB/s) - ‘/root/process_mining/announcements/data/29_04_2022/ann29.04.2022-23-10-02.json’ saved [60/60]

--2022-04-29 23:20:01--  https://files.cloudgdansk.pl/d/otwarte-dane/ztm/bsk.json
Resolving files.cloudgdansk.pl (files.cloudgdansk.pl)... 153.19.238.147
Connecting to files.cloudgdansk.pl (files.cloudgdansk.pl)|153.19.238.147|:443... connected.
HTTP request sent, awaiting response... 200 OK
Length: 60 [text/plain]
Saving to: ‘/root/process_mining/announcements/data/29_04_2022/ann29.04.2022-23-20-01.json’

     0K                                                       100% 12.2M=0s

2022-04-29 23:20:01 (12.2 MB/s) - ‘/root/process_mining/announcements/data/29_04_2022/ann29.04.2022-23-20-01.json’ saved [60/60]

--2022-04-29 23:30:01--  https://files.cloudgdansk.pl/d/otwarte-dane/ztm/bsk.json
Resolving files.cloudgdansk.pl (files.cloudgdansk.pl)... 153.19.238.147
Connecting to files.cloudgdansk.pl (files.cloudgdansk.pl)|153.19.238.147|:443... connected.
HTTP request sent, awaiting response... 200 OK
Length: 60 [text/plain]
Saving to: ‘/root/process_mining/announcements/data/29_04_2022/ann29.04.2022-23-30-01.json’

     0K                                                       100% 12.1M=0s

2022-04-29 23:30:01 (12.1 MB/s) - ‘/root/process_mining/announcements/data/29_04_2022/ann29.04.2022-23-30-01.json’ saved [60/60]

--2022-04-29 23:40:01--  https://files.cloudgdansk.pl/d/otwarte-dane/ztm/bsk.json
Resolving files.cloudgdansk.pl (files.cloudgdansk.pl)... 153.19.238.147
Connecting to files.cloudgdansk.pl (files.cloudgdansk.pl)|153.19.238.147|:443... connected.
HTTP request sent, awaiting response... 200 OK
Length: 60 [text/plain]
Saving to: ‘/root/process_mining/announcements/data/29_04_2022/ann29.04.2022-23-40-01.json’

     0K                                                       100% 11.4M=0s

2022-04-29 23:40:02 (11.4 MB/s) - ‘/root/process_mining/announcements/data/29_04_2022/ann29.04.2022-23-40-01.json’ saved [60/60]

--2022-04-29 23:50:01--  https://files.cloudgdansk.pl/d/otwarte-dane/ztm/bsk.json
Resolving files.cloudgdansk.pl (files.cloudgdansk.pl)... 153.19.238.147
Connecting to files.cloudgdansk.pl (files.cloudgdansk.pl)|153.19.238.147|:443... connected.
HTTP request sent, awaiting response... 200 OK
Length: 60 [text/plain]
Saving to: ‘/root/process_mining/announcements/data/29_04_2022/ann29.04.2022-23-50-01.json’

     0K                                                       100% 12.4M=0s

2022-04-29 23:50:01 (12.4 MB/s) - ‘/root/process_mining/announcements/data/29_04_2022/ann29.04.2022-23-50-01.json’ saved [60/60]

