--2022-04-30 00:00:01--  https://files.cloudgdansk.pl/d/otwarte-dane/ztm/bsk.json
Resolving files.cloudgdansk.pl (files.cloudgdansk.pl)... 153.19.238.147
Connecting to files.cloudgdansk.pl (files.cloudgdansk.pl)|153.19.238.147|:443... connected.
HTTP request sent, awaiting response... 200 OK
Length: 60 [text/plain]
Saving to: ‘/root/process_mining/announcements/data/30_04_2022/ann30.04.2022-00-00-01.json’

     0K                                                       100% 12.7M=0s

2022-04-30 00:00:02 (12.7 MB/s) - ‘/root/process_mining/announcements/data/30_04_2022/ann30.04.2022-00-00-01.json’ saved [60/60]

--2022-04-30 00:10:01--  https://files.cloudgdansk.pl/d/otwarte-dane/ztm/bsk.json
Resolving files.cloudgdansk.pl (files.cloudgdansk.pl)... 153.19.238.147
Connecting to files.cloudgdansk.pl (files.cloudgdansk.pl)|153.19.238.147|:443... connected.
HTTP request sent, awaiting response... 200 OK
Length: 60 [text/plain]
Saving to: ‘/root/process_mining/announcements/data/30_04_2022/ann30.04.2022-00-10-01.json’

     0K                                                       100% 12.1M=0s

2022-04-30 00:10:01 (12.1 MB/s) - ‘/root/process_mining/announcements/data/30_04_2022/ann30.04.2022-00-10-01.json’ saved [60/60]

--2022-04-30 00:20:01--  https://files.cloudgdansk.pl/d/otwarte-dane/ztm/bsk.json
Resolving files.cloudgdansk.pl (files.cloudgdansk.pl)... 153.19.238.147
Connecting to files.cloudgdansk.pl (files.cloudgdansk.pl)|153.19.238.147|:443... connected.
HTTP request sent, awaiting response... 200 OK
Length: 60 [text/plain]
Saving to: ‘/root/process_mining/announcements/data/30_04_2022/ann30.04.2022-00-20-01.json’

     0K                                                       100% 11.3M=0s

2022-04-30 00:20:01 (11.3 MB/s) - ‘/root/process_mining/announcements/data/30_04_2022/ann30.04.2022-00-20-01.json’ saved [60/60]

--2022-04-30 00:30:01--  https://files.cloudgdansk.pl/d/otwarte-dane/ztm/bsk.json
Resolving files.cloudgdansk.pl (files.cloudgdansk.pl)... 153.19.238.147
Connecting to files.cloudgdansk.pl (files.cloudgdansk.pl)|153.19.238.147|:443... connected.
HTTP request sent, awaiting response... 200 OK
Length: 60 [text/plain]
Saving to: ‘/root/process_mining/announcements/data/30_04_2022/ann30.04.2022-00-30-01.json’

     0K                                                       100% 11.4M=0s

2022-04-30 00:30:02 (11.4 MB/s) - ‘/root/process_mining/announcements/data/30_04_2022/ann30.04.2022-00-30-01.json’ saved [60/60]

--2022-04-30 00:40:01--  https://files.cloudgdansk.pl/d/otwarte-dane/ztm/bsk.json
Resolving files.cloudgdansk.pl (files.cloudgdansk.pl)... 153.19.238.147
Connecting to files.cloudgdansk.pl (files.cloudgdansk.pl)|153.19.238.147|:443... connected.
HTTP request sent, awaiting response... 200 OK
Length: 60 [text/plain]
Saving to: ‘/root/process_mining/announcements/data/30_04_2022/ann30.04.2022-00-40-01.json’

     0K                                                       100% 11.4M=0s

2022-04-30 00:40:01 (11.4 MB/s) - ‘/root/process_mining/announcements/data/30_04_2022/ann30.04.2022-00-40-01.json’ saved [60/60]

--2022-04-30 00:50:01--  https://files.cloudgdansk.pl/d/otwarte-dane/ztm/bsk.json
Resolving files.cloudgdansk.pl (files.cloudgdansk.pl)... 153.19.238.147
Connecting to files.cloudgdansk.pl (files.cloudgdansk.pl)|153.19.238.147|:443... connected.
HTTP request sent, awaiting response... 200 OK
Length: 60 [text/plain]
Saving to: ‘/root/process_mining/announcements/data/30_04_2022/ann30.04.2022-00-50-01.json’

     0K                                                       100% 12.4M=0s

2022-04-30 00:50:01 (12.4 MB/s) - ‘/root/process_mining/announcements/data/30_04_2022/ann30.04.2022-00-50-01.json’ saved [60/60]

--2022-04-30 01:00:01--  https://files.cloudgdansk.pl/d/otwarte-dane/ztm/bsk.json
Resolving files.cloudgdansk.pl (files.cloudgdansk.pl)... 153.19.238.147
Connecting to files.cloudgdansk.pl (files.cloudgdansk.pl)|153.19.238.147|:443... connected.
HTTP request sent, awaiting response... 200 OK
Length: 60 [text/plain]
Saving to: ‘/root/process_mining/announcements/data/30_04_2022/ann30.04.2022-01-00-01.json’

     0K                                                       100% 10.0M=0s

2022-04-30 01:00:02 (10.0 MB/s) - ‘/root/process_mining/announcements/data/30_04_2022/ann30.04.2022-01-00-01.json’ saved [60/60]

--2022-04-30 01:10:01--  https://files.cloudgdansk.pl/d/otwarte-dane/ztm/bsk.json
Resolving files.cloudgdansk.pl (files.cloudgdansk.pl)... 153.19.238.147
Connecting to files.cloudgdansk.pl (files.cloudgdansk.pl)|153.19.238.147|:443... connected.
HTTP request sent, awaiting response... 200 OK
Length: 60 [text/plain]
Saving to: ‘/root/process_mining/announcements/data/30_04_2022/ann30.04.2022-01-10-01.json’

     0K                                                       100% 11.8M=0s

2022-04-30 01:10:02 (11.8 MB/s) - ‘/root/process_mining/announcements/data/30_04_2022/ann30.04.2022-01-10-01.json’ saved [60/60]

--2022-04-30 01:20:01--  https://files.cloudgdansk.pl/d/otwarte-dane/ztm/bsk.json
Resolving files.cloudgdansk.pl (files.cloudgdansk.pl)... 153.19.238.147
Connecting to files.cloudgdansk.pl (files.cloudgdansk.pl)|153.19.238.147|:443... connected.
HTTP request sent, awaiting response... 200 OK
Length: 60 [text/plain]
Saving to: ‘/root/process_mining/announcements/data/30_04_2022/ann30.04.2022-01-20-01.json’

     0K                                                       100% 12.2M=0s

2022-04-30 01:20:01 (12.2 MB/s) - ‘/root/process_mining/announcements/data/30_04_2022/ann30.04.2022-01-20-01.json’ saved [60/60]

--2022-04-30 01:30:01--  https://files.cloudgdansk.pl/d/otwarte-dane/ztm/bsk.json
Resolving files.cloudgdansk.pl (files.cloudgdansk.pl)... 153.19.238.147
Connecting to files.cloudgdansk.pl (files.cloudgdansk.pl)|153.19.238.147|:443... connected.
HTTP request sent, awaiting response... 200 OK
Length: 60 [text/plain]
Saving to: ‘/root/process_mining/announcements/data/30_04_2022/ann30.04.2022-01-30-01.json’

     0K                                                       100% 12.4M=0s

2022-04-30 01:30:01 (12.4 MB/s) - ‘/root/process_mining/announcements/data/30_04_2022/ann30.04.2022-01-30-01.json’ saved [60/60]

--2022-04-30 01:40:01--  https://files.cloudgdansk.pl/d/otwarte-dane/ztm/bsk.json
Resolving files.cloudgdansk.pl (files.cloudgdansk.pl)... 153.19.238.147
Connecting to files.cloudgdansk.pl (files.cloudgdansk.pl)|153.19.238.147|:443... connected.
HTTP request sent, awaiting response... 200 OK
Length: 60 [text/plain]
Saving to: ‘/root/process_mining/announcements/data/30_04_2022/ann30.04.2022-01-40-01.json’

     0K                                                       100% 11.9M=0s

2022-04-30 01:40:01 (11.9 MB/s) - ‘/root/process_mining/announcements/data/30_04_2022/ann30.04.2022-01-40-01.json’ saved [60/60]

--2022-04-30 01:50:01--  https://files.cloudgdansk.pl/d/otwarte-dane/ztm/bsk.json
Resolving files.cloudgdansk.pl (files.cloudgdansk.pl)... 153.19.238.147
Connecting to files.cloudgdansk.pl (files.cloudgdansk.pl)|153.19.238.147|:443... connected.
HTTP request sent, awaiting response... 200 OK
Length: 60 [text/plain]
Saving to: ‘/root/process_mining/announcements/data/30_04_2022/ann30.04.2022-01-50-01.json’

     0K                                                       100% 11.1M=0s

2022-04-30 01:50:02 (11.1 MB/s) - ‘/root/process_mining/announcements/data/30_04_2022/ann30.04.2022-01-50-01.json’ saved [60/60]

--2022-04-30 02:00:01--  https://files.cloudgdansk.pl/d/otwarte-dane/ztm/bsk.json
Resolving files.cloudgdansk.pl (files.cloudgdansk.pl)... 153.19.238.147
Connecting to files.cloudgdansk.pl (files.cloudgdansk.pl)|153.19.238.147|:443... connected.
HTTP request sent, awaiting response... 200 OK
Length: 60 [text/plain]
Saving to: ‘/root/process_mining/announcements/data/30_04_2022/ann30.04.2022-02-00-01.json’

     0K                                                       100% 12.8M=0s

2022-04-30 02:00:02 (12.8 MB/s) - ‘/root/process_mining/announcements/data/30_04_2022/ann30.04.2022-02-00-01.json’ saved [60/60]

--2022-04-30 02:10:01--  https://files.cloudgdansk.pl/d/otwarte-dane/ztm/bsk.json
Resolving files.cloudgdansk.pl (files.cloudgdansk.pl)... 153.19.238.147
Connecting to files.cloudgdansk.pl (files.cloudgdansk.pl)|153.19.238.147|:443... connected.
HTTP request sent, awaiting response... 200 OK
Length: 60 [text/plain]
Saving to: ‘/root/process_mining/announcements/data/30_04_2022/ann30.04.2022-02-10-01.json’

     0K                                                       100% 11.7M=0s

2022-04-30 02:10:01 (11.7 MB/s) - ‘/root/process_mining/announcements/data/30_04_2022/ann30.04.2022-02-10-01.json’ saved [60/60]

--2022-04-30 02:20:01--  https://files.cloudgdansk.pl/d/otwarte-dane/ztm/bsk.json
Resolving files.cloudgdansk.pl (files.cloudgdansk.pl)... 153.19.238.147
Connecting to files.cloudgdansk.pl (files.cloudgdansk.pl)|153.19.238.147|:443... connected.
HTTP request sent, awaiting response... 200 OK
Length: 60 [text/plain]
Saving to: ‘/root/process_mining/announcements/data/30_04_2022/ann30.04.2022-02-20-01.json’

     0K                                                       100% 11.5M=0s

2022-04-30 02:20:02 (11.5 MB/s) - ‘/root/process_mining/announcements/data/30_04_2022/ann30.04.2022-02-20-01.json’ saved [60/60]

--2022-04-30 02:30:01--  https://files.cloudgdansk.pl/d/otwarte-dane/ztm/bsk.json
Resolving files.cloudgdansk.pl (files.cloudgdansk.pl)... 153.19.238.147
Connecting to files.cloudgdansk.pl (files.cloudgdansk.pl)|153.19.238.147|:443... connected.
HTTP request sent, awaiting response... 200 OK
Length: 60 [text/plain]
Saving to: ‘/root/process_mining/announcements/data/30_04_2022/ann30.04.2022-02-30-01.json’

     0K                                                       100% 11.9M=0s

2022-04-30 02:30:01 (11.9 MB/s) - ‘/root/process_mining/announcements/data/30_04_2022/ann30.04.2022-02-30-01.json’ saved [60/60]

--2022-04-30 02:40:01--  https://files.cloudgdansk.pl/d/otwarte-dane/ztm/bsk.json
Resolving files.cloudgdansk.pl (files.cloudgdansk.pl)... 153.19.238.147
Connecting to files.cloudgdansk.pl (files.cloudgdansk.pl)|153.19.238.147|:443... connected.
HTTP request sent, awaiting response... 200 OK
Length: 60 [text/plain]
Saving to: ‘/root/process_mining/announcements/data/30_04_2022/ann30.04.2022-02-40-01.json’

     0K                                                       100% 11.4M=0s

2022-04-30 02:40:02 (11.4 MB/s) - ‘/root/process_mining/announcements/data/30_04_2022/ann30.04.2022-02-40-01.json’ saved [60/60]

--2022-04-30 02:50:01--  https://files.cloudgdansk.pl/d/otwarte-dane/ztm/bsk.json
Resolving files.cloudgdansk.pl (files.cloudgdansk.pl)... 153.19.238.147
Connecting to files.cloudgdansk.pl (files.cloudgdansk.pl)|153.19.238.147|:443... connected.
HTTP request sent, awaiting response... 200 OK
Length: 60 [text/plain]
Saving to: ‘/root/process_mining/announcements/data/30_04_2022/ann30.04.2022-02-50-01.json’

     0K                                                       100% 11.4M=0s

2022-04-30 02:50:01 (11.4 MB/s) - ‘/root/process_mining/announcements/data/30_04_2022/ann30.04.2022-02-50-01.json’ saved [60/60]

--2022-04-30 03:00:02--  https://files.cloudgdansk.pl/d/otwarte-dane/ztm/bsk.json
Resolving files.cloudgdansk.pl (files.cloudgdansk.pl)... 153.19.238.147
Connecting to files.cloudgdansk.pl (files.cloudgdansk.pl)|153.19.238.147|:443... connected.
HTTP request sent, awaiting response... 200 OK
Length: 60 [text/plain]
Saving to: ‘/root/process_mining/announcements/data/30_04_2022/ann30.04.2022-03-00-02.json’

     0K                                                       100% 12.5M=0s

2022-04-30 03:00:02 (12.5 MB/s) - ‘/root/process_mining/announcements/data/30_04_2022/ann30.04.2022-03-00-02.json’ saved [60/60]

--2022-04-30 03:10:01--  https://files.cloudgdansk.pl/d/otwarte-dane/ztm/bsk.json
Resolving files.cloudgdansk.pl (files.cloudgdansk.pl)... 153.19.238.147
Connecting to files.cloudgdansk.pl (files.cloudgdansk.pl)|153.19.238.147|:443... connected.
HTTP request sent, awaiting response... 200 OK
Length: 60 [text/plain]
Saving to: ‘/root/process_mining/announcements/data/30_04_2022/ann30.04.2022-03-10-01.json’

     0K                                                       100% 9.32M=0s

2022-04-30 03:10:02 (9.32 MB/s) - ‘/root/process_mining/announcements/data/30_04_2022/ann30.04.2022-03-10-01.json’ saved [60/60]

--2022-04-30 03:20:01--  https://files.cloudgdansk.pl/d/otwarte-dane/ztm/bsk.json
Resolving files.cloudgdansk.pl (files.cloudgdansk.pl)... 153.19.238.147
Connecting to files.cloudgdansk.pl (files.cloudgdansk.pl)|153.19.238.147|:443... connected.
HTTP request sent, awaiting response... 200 OK
Length: 60 [text/plain]
Saving to: ‘/root/process_mining/announcements/data/30_04_2022/ann30.04.2022-03-20-01.json’

     0K                                                       100% 11.8M=0s

2022-04-30 03:20:02 (11.8 MB/s) - ‘/root/process_mining/announcements/data/30_04_2022/ann30.04.2022-03-20-01.json’ saved [60/60]

--2022-04-30 03:30:01--  https://files.cloudgdansk.pl/d/otwarte-dane/ztm/bsk.json
Resolving files.cloudgdansk.pl (files.cloudgdansk.pl)... 153.19.238.147
Connecting to files.cloudgdansk.pl (files.cloudgdansk.pl)|153.19.238.147|:443... connected.
HTTP request sent, awaiting response... 200 OK
Length: 60 [text/plain]
Saving to: ‘/root/process_mining/announcements/data/30_04_2022/ann30.04.2022-03-30-01.json’

     0K                                                       100% 12.0M=0s

2022-04-30 03:30:01 (12.0 MB/s) - ‘/root/process_mining/announcements/data/30_04_2022/ann30.04.2022-03-30-01.json’ saved [60/60]

--2022-04-30 03:40:01--  https://files.cloudgdansk.pl/d/otwarte-dane/ztm/bsk.json
Resolving files.cloudgdansk.pl (files.cloudgdansk.pl)... 153.19.238.147
Connecting to files.cloudgdansk.pl (files.cloudgdansk.pl)|153.19.238.147|:443... connected.
HTTP request sent, awaiting response... 200 OK
Length: 60 [text/plain]
Saving to: ‘/root/process_mining/announcements/data/30_04_2022/ann30.04.2022-03-40-01.json’

     0K                                                       100% 11.5M=0s

2022-04-30 03:40:02 (11.5 MB/s) - ‘/root/process_mining/announcements/data/30_04_2022/ann30.04.2022-03-40-01.json’ saved [60/60]

--2022-04-30 03:50:01--  https://files.cloudgdansk.pl/d/otwarte-dane/ztm/bsk.json
Resolving files.cloudgdansk.pl (files.cloudgdansk.pl)... 153.19.238.147
Connecting to files.cloudgdansk.pl (files.cloudgdansk.pl)|153.19.238.147|:443... connected.
HTTP request sent, awaiting response... 200 OK
Length: 60 [text/plain]
Saving to: ‘/root/process_mining/announcements/data/30_04_2022/ann30.04.2022-03-50-01.json’

     0K                                                       100% 11.9M=0s

2022-04-30 03:50:02 (11.9 MB/s) - ‘/root/process_mining/announcements/data/30_04_2022/ann30.04.2022-03-50-01.json’ saved [60/60]

--2022-04-30 04:00:01--  https://files.cloudgdansk.pl/d/otwarte-dane/ztm/bsk.json
Resolving files.cloudgdansk.pl (files.cloudgdansk.pl)... 153.19.238.147
Connecting to files.cloudgdansk.pl (files.cloudgdansk.pl)|153.19.238.147|:443... connected.
HTTP request sent, awaiting response... 200 OK
Length: 60 [text/plain]
Saving to: ‘/root/process_mining/announcements/data/30_04_2022/ann30.04.2022-04-00-01.json’

     0K                                                       100% 11.4M=0s

2022-04-30 04:00:01 (11.4 MB/s) - ‘/root/process_mining/announcements/data/30_04_2022/ann30.04.2022-04-00-01.json’ saved [60/60]

--2022-04-30 04:10:01--  https://files.cloudgdansk.pl/d/otwarte-dane/ztm/bsk.json
Resolving files.cloudgdansk.pl (files.cloudgdansk.pl)... 153.19.238.147
Connecting to files.cloudgdansk.pl (files.cloudgdansk.pl)|153.19.238.147|:443... connected.
HTTP request sent, awaiting response... 200 OK
Length: 60 [text/plain]
Saving to: ‘/root/process_mining/announcements/data/30_04_2022/ann30.04.2022-04-10-01.json’

     0K                                                       100% 12.4M=0s

2022-04-30 04:10:02 (12.4 MB/s) - ‘/root/process_mining/announcements/data/30_04_2022/ann30.04.2022-04-10-01.json’ saved [60/60]

--2022-04-30 04:20:01--  https://files.cloudgdansk.pl/d/otwarte-dane/ztm/bsk.json
Resolving files.cloudgdansk.pl (files.cloudgdansk.pl)... 153.19.238.147
Connecting to files.cloudgdansk.pl (files.cloudgdansk.pl)|153.19.238.147|:443... connected.
HTTP request sent, awaiting response... 200 OK
Length: 60 [text/plain]
Saving to: ‘/root/process_mining/announcements/data/30_04_2022/ann30.04.2022-04-20-01.json’

     0K                                                       100% 11.9M=0s

2022-04-30 04:20:01 (11.9 MB/s) - ‘/root/process_mining/announcements/data/30_04_2022/ann30.04.2022-04-20-01.json’ saved [60/60]

--2022-04-30 04:30:01--  https://files.cloudgdansk.pl/d/otwarte-dane/ztm/bsk.json
Resolving files.cloudgdansk.pl (files.cloudgdansk.pl)... 153.19.238.147
Connecting to files.cloudgdansk.pl (files.cloudgdansk.pl)|153.19.238.147|:443... connected.
HTTP request sent, awaiting response... 200 OK
Length: 60 [text/plain]
Saving to: ‘/root/process_mining/announcements/data/30_04_2022/ann30.04.2022-04-30-01.json’

     0K                                                       100% 12.1M=0s

2022-04-30 04:30:02 (12.1 MB/s) - ‘/root/process_mining/announcements/data/30_04_2022/ann30.04.2022-04-30-01.json’ saved [60/60]

--2022-04-30 04:40:01--  https://files.cloudgdansk.pl/d/otwarte-dane/ztm/bsk.json
Resolving files.cloudgdansk.pl (files.cloudgdansk.pl)... 153.19.238.147
Connecting to files.cloudgdansk.pl (files.cloudgdansk.pl)|153.19.238.147|:443... connected.
HTTP request sent, awaiting response... 200 OK
Length: 60 [text/plain]
Saving to: ‘/root/process_mining/announcements/data/30_04_2022/ann30.04.2022-04-40-01.json’

     0K                                                       100% 11.6M=0s

2022-04-30 04:40:02 (11.6 MB/s) - ‘/root/process_mining/announcements/data/30_04_2022/ann30.04.2022-04-40-01.json’ saved [60/60]

--2022-04-30 04:50:01--  https://files.cloudgdansk.pl/d/otwarte-dane/ztm/bsk.json
Resolving files.cloudgdansk.pl (files.cloudgdansk.pl)... 153.19.238.147
Connecting to files.cloudgdansk.pl (files.cloudgdansk.pl)|153.19.238.147|:443... connected.
HTTP request sent, awaiting response... 200 OK
Length: 60 [text/plain]
Saving to: ‘/root/process_mining/announcements/data/30_04_2022/ann30.04.2022-04-50-01.json’

     0K                                                       100% 12.5M=0s

2022-04-30 04:50:02 (12.5 MB/s) - ‘/root/process_mining/announcements/data/30_04_2022/ann30.04.2022-04-50-01.json’ saved [60/60]

--2022-04-30 05:00:01--  https://files.cloudgdansk.pl/d/otwarte-dane/ztm/bsk.json
Resolving files.cloudgdansk.pl (files.cloudgdansk.pl)... 153.19.238.147
Connecting to files.cloudgdansk.pl (files.cloudgdansk.pl)|153.19.238.147|:443... connected.
HTTP request sent, awaiting response... 200 OK
Length: 60 [text/plain]
Saving to: ‘/root/process_mining/announcements/data/30_04_2022/ann30.04.2022-05-00-01.json’

     0K                                                       100% 10.9M=0s

2022-04-30 05:00:01 (10.9 MB/s) - ‘/root/process_mining/announcements/data/30_04_2022/ann30.04.2022-05-00-01.json’ saved [60/60]

--2022-04-30 05:10:01--  https://files.cloudgdansk.pl/d/otwarte-dane/ztm/bsk.json
Resolving files.cloudgdansk.pl (files.cloudgdansk.pl)... 153.19.238.147
Connecting to files.cloudgdansk.pl (files.cloudgdansk.pl)|153.19.238.147|:443... connected.
HTTP request sent, awaiting response... 200 OK
Length: 60 [text/plain]
Saving to: ‘/root/process_mining/announcements/data/30_04_2022/ann30.04.2022-05-10-01.json’

     0K                                                       100% 9.31M=0s

2022-04-30 05:10:01 (9.31 MB/s) - ‘/root/process_mining/announcements/data/30_04_2022/ann30.04.2022-05-10-01.json’ saved [60/60]

--2022-04-30 05:20:01--  https://files.cloudgdansk.pl/d/otwarte-dane/ztm/bsk.json
Resolving files.cloudgdansk.pl (files.cloudgdansk.pl)... 153.19.238.147
Connecting to files.cloudgdansk.pl (files.cloudgdansk.pl)|153.19.238.147|:443... connected.
HTTP request sent, awaiting response... 200 OK
Length: 60 [text/plain]
Saving to: ‘/root/process_mining/announcements/data/30_04_2022/ann30.04.2022-05-20-01.json’

     0K                                                       100% 9.49M=0s

2022-04-30 05:20:01 (9.49 MB/s) - ‘/root/process_mining/announcements/data/30_04_2022/ann30.04.2022-05-20-01.json’ saved [60/60]

--2022-04-30 05:30:01--  https://files.cloudgdansk.pl/d/otwarte-dane/ztm/bsk.json
Resolving files.cloudgdansk.pl (files.cloudgdansk.pl)... 153.19.238.147
Connecting to files.cloudgdansk.pl (files.cloudgdansk.pl)|153.19.238.147|:443... connected.
HTTP request sent, awaiting response... 200 OK
Length: 60 [text/plain]
Saving to: ‘/root/process_mining/announcements/data/30_04_2022/ann30.04.2022-05-30-01.json’

     0K                                                       100% 12.5M=0s

2022-04-30 05:30:01 (12.5 MB/s) - ‘/root/process_mining/announcements/data/30_04_2022/ann30.04.2022-05-30-01.json’ saved [60/60]

--2022-04-30 05:40:01--  https://files.cloudgdansk.pl/d/otwarte-dane/ztm/bsk.json
Resolving files.cloudgdansk.pl (files.cloudgdansk.pl)... 153.19.238.147
Connecting to files.cloudgdansk.pl (files.cloudgdansk.pl)|153.19.238.147|:443... connected.
HTTP request sent, awaiting response... 200 OK
Length: 60 [text/plain]
Saving to: ‘/root/process_mining/announcements/data/30_04_2022/ann30.04.2022-05-40-01.json’

     0K                                                       100% 11.7M=0s

2022-04-30 05:40:01 (11.7 MB/s) - ‘/root/process_mining/announcements/data/30_04_2022/ann30.04.2022-05-40-01.json’ saved [60/60]

--2022-04-30 05:50:01--  https://files.cloudgdansk.pl/d/otwarte-dane/ztm/bsk.json
Resolving files.cloudgdansk.pl (files.cloudgdansk.pl)... 153.19.238.147
Connecting to files.cloudgdansk.pl (files.cloudgdansk.pl)|153.19.238.147|:443... connected.
HTTP request sent, awaiting response... 200 OK
Length: 60 [text/plain]
Saving to: ‘/root/process_mining/announcements/data/30_04_2022/ann30.04.2022-05-50-01.json’

     0K                                                       100% 11.9M=0s

2022-04-30 05:50:01 (11.9 MB/s) - ‘/root/process_mining/announcements/data/30_04_2022/ann30.04.2022-05-50-01.json’ saved [60/60]

--2022-04-30 06:00:01--  https://files.cloudgdansk.pl/d/otwarte-dane/ztm/bsk.json
Resolving files.cloudgdansk.pl (files.cloudgdansk.pl)... 153.19.238.147
Connecting to files.cloudgdansk.pl (files.cloudgdansk.pl)|153.19.238.147|:443... connected.
HTTP request sent, awaiting response... 200 OK
Length: 60 [text/plain]
Saving to: ‘/root/process_mining/announcements/data/30_04_2022/ann30.04.2022-06-00-01.json’

     0K                                                       100% 12.2M=0s

2022-04-30 06:00:01 (12.2 MB/s) - ‘/root/process_mining/announcements/data/30_04_2022/ann30.04.2022-06-00-01.json’ saved [60/60]

--2022-04-30 06:10:01--  https://files.cloudgdansk.pl/d/otwarte-dane/ztm/bsk.json
Resolving files.cloudgdansk.pl (files.cloudgdansk.pl)... 153.19.238.147
Connecting to files.cloudgdansk.pl (files.cloudgdansk.pl)|153.19.238.147|:443... connected.
HTTP request sent, awaiting response... 200 OK
Length: 60 [text/plain]
Saving to: ‘/root/process_mining/announcements/data/30_04_2022/ann30.04.2022-06-10-01.json’

     0K                                                       100% 12.2M=0s

2022-04-30 06:10:01 (12.2 MB/s) - ‘/root/process_mining/announcements/data/30_04_2022/ann30.04.2022-06-10-01.json’ saved [60/60]

--2022-04-30 06:20:01--  https://files.cloudgdansk.pl/d/otwarte-dane/ztm/bsk.json
Resolving files.cloudgdansk.pl (files.cloudgdansk.pl)... 153.19.238.147
Connecting to files.cloudgdansk.pl (files.cloudgdansk.pl)|153.19.238.147|:443... connected.
HTTP request sent, awaiting response... 200 OK
Length: 60 [text/plain]
Saving to: ‘/root/process_mining/announcements/data/30_04_2022/ann30.04.2022-06-20-01.json’

     0K                                                       100% 11.0M=0s

2022-04-30 06:20:02 (11.0 MB/s) - ‘/root/process_mining/announcements/data/30_04_2022/ann30.04.2022-06-20-01.json’ saved [60/60]

--2022-04-30 06:30:01--  https://files.cloudgdansk.pl/d/otwarte-dane/ztm/bsk.json
Resolving files.cloudgdansk.pl (files.cloudgdansk.pl)... 153.19.238.147
Connecting to files.cloudgdansk.pl (files.cloudgdansk.pl)|153.19.238.147|:443... connected.
HTTP request sent, awaiting response... 200 OK
Length: 60 [text/plain]
Saving to: ‘/root/process_mining/announcements/data/30_04_2022/ann30.04.2022-06-30-01.json’

     0K                                                       100% 12.2M=0s

2022-04-30 06:30:01 (12.2 MB/s) - ‘/root/process_mining/announcements/data/30_04_2022/ann30.04.2022-06-30-01.json’ saved [60/60]

--2022-04-30 06:40:01--  https://files.cloudgdansk.pl/d/otwarte-dane/ztm/bsk.json
Resolving files.cloudgdansk.pl (files.cloudgdansk.pl)... 153.19.238.147
Connecting to files.cloudgdansk.pl (files.cloudgdansk.pl)|153.19.238.147|:443... connected.
HTTP request sent, awaiting response... 200 OK
Length: 60 [text/plain]
Saving to: ‘/root/process_mining/announcements/data/30_04_2022/ann30.04.2022-06-40-01.json’

     0K                                                       100% 12.0M=0s

2022-04-30 06:40:02 (12.0 MB/s) - ‘/root/process_mining/announcements/data/30_04_2022/ann30.04.2022-06-40-01.json’ saved [60/60]

--2022-04-30 06:50:01--  https://files.cloudgdansk.pl/d/otwarte-dane/ztm/bsk.json
Resolving files.cloudgdansk.pl (files.cloudgdansk.pl)... 153.19.238.147
Connecting to files.cloudgdansk.pl (files.cloudgdansk.pl)|153.19.238.147|:443... connected.
HTTP request sent, awaiting response... 200 OK
Length: 60 [text/plain]
Saving to: ‘/root/process_mining/announcements/data/30_04_2022/ann30.04.2022-06-50-01.json’

     0K                                                       100% 11.5M=0s

2022-04-30 06:50:02 (11.5 MB/s) - ‘/root/process_mining/announcements/data/30_04_2022/ann30.04.2022-06-50-01.json’ saved [60/60]

--2022-04-30 07:00:01--  https://files.cloudgdansk.pl/d/otwarte-dane/ztm/bsk.json
Resolving files.cloudgdansk.pl (files.cloudgdansk.pl)... 153.19.238.147
Connecting to files.cloudgdansk.pl (files.cloudgdansk.pl)|153.19.238.147|:443... connected.
HTTP request sent, awaiting response... 200 OK
Length: 60 [text/plain]
Saving to: ‘/root/process_mining/announcements/data/30_04_2022/ann30.04.2022-07-00-01.json’

     0K                                                       100% 12.2M=0s

2022-04-30 07:00:02 (12.2 MB/s) - ‘/root/process_mining/announcements/data/30_04_2022/ann30.04.2022-07-00-01.json’ saved [60/60]

--2022-04-30 07:10:01--  https://files.cloudgdansk.pl/d/otwarte-dane/ztm/bsk.json
Resolving files.cloudgdansk.pl (files.cloudgdansk.pl)... 153.19.238.147
Connecting to files.cloudgdansk.pl (files.cloudgdansk.pl)|153.19.238.147|:443... connected.
HTTP request sent, awaiting response... 200 OK
Length: 60 [text/plain]
Saving to: ‘/root/process_mining/announcements/data/30_04_2022/ann30.04.2022-07-10-01.json’

     0K                                                       100% 11.9M=0s

2022-04-30 07:10:02 (11.9 MB/s) - ‘/root/process_mining/announcements/data/30_04_2022/ann30.04.2022-07-10-01.json’ saved [60/60]

--2022-04-30 07:20:01--  https://files.cloudgdansk.pl/d/otwarte-dane/ztm/bsk.json
Resolving files.cloudgdansk.pl (files.cloudgdansk.pl)... 153.19.238.147
Connecting to files.cloudgdansk.pl (files.cloudgdansk.pl)|153.19.238.147|:443... connected.
HTTP request sent, awaiting response... 200 OK
Length: 60 [text/plain]
Saving to: ‘/root/process_mining/announcements/data/30_04_2022/ann30.04.2022-07-20-01.json’

     0K                                                       100% 11.7M=0s

2022-04-30 07:20:01 (11.7 MB/s) - ‘/root/process_mining/announcements/data/30_04_2022/ann30.04.2022-07-20-01.json’ saved [60/60]

--2022-04-30 07:30:01--  https://files.cloudgdansk.pl/d/otwarte-dane/ztm/bsk.json
Resolving files.cloudgdansk.pl (files.cloudgdansk.pl)... 153.19.238.147
Connecting to files.cloudgdansk.pl (files.cloudgdansk.pl)|153.19.238.147|:443... connected.
HTTP request sent, awaiting response... 200 OK
Length: 60 [text/plain]
Saving to: ‘/root/process_mining/announcements/data/30_04_2022/ann30.04.2022-07-30-01.json’

     0K                                                       100% 11.8M=0s

2022-04-30 07:30:01 (11.8 MB/s) - ‘/root/process_mining/announcements/data/30_04_2022/ann30.04.2022-07-30-01.json’ saved [60/60]

--2022-04-30 07:40:01--  https://files.cloudgdansk.pl/d/otwarte-dane/ztm/bsk.json
Resolving files.cloudgdansk.pl (files.cloudgdansk.pl)... 153.19.238.147
Connecting to files.cloudgdansk.pl (files.cloudgdansk.pl)|153.19.238.147|:443... connected.
HTTP request sent, awaiting response... 200 OK
Length: 60 [text/plain]
Saving to: ‘/root/process_mining/announcements/data/30_04_2022/ann30.04.2022-07-40-01.json’

     0K                                                       100% 3.77M=0s

2022-04-30 07:40:01 (3.77 MB/s) - ‘/root/process_mining/announcements/data/30_04_2022/ann30.04.2022-07-40-01.json’ saved [60/60]

--2022-04-30 07:50:01--  https://files.cloudgdansk.pl/d/otwarte-dane/ztm/bsk.json
Resolving files.cloudgdansk.pl (files.cloudgdansk.pl)... 153.19.238.147
Connecting to files.cloudgdansk.pl (files.cloudgdansk.pl)|153.19.238.147|:443... connected.
HTTP request sent, awaiting response... 200 OK
Length: 489 [application/json]
Saving to: ‘/root/process_mining/announcements/data/30_04_2022/ann30.04.2022-07-50-01.json’

     0K                                                       100% 28.7M=0s

2022-04-30 07:50:01 (28.7 MB/s) - ‘/root/process_mining/announcements/data/30_04_2022/ann30.04.2022-07-50-01.json’ saved [489/489]

--2022-04-30 08:00:01--  https://files.cloudgdansk.pl/d/otwarte-dane/ztm/bsk.json
Resolving files.cloudgdansk.pl (files.cloudgdansk.pl)... 153.19.238.147
Connecting to files.cloudgdansk.pl (files.cloudgdansk.pl)|153.19.238.147|:443... connected.
HTTP request sent, awaiting response... 200 OK
Length: 489 [application/json]
Saving to: ‘/root/process_mining/announcements/data/30_04_2022/ann30.04.2022-08-00-01.json’

     0K                                                       100% 94.4M=0s

2022-04-30 08:00:02 (94.4 MB/s) - ‘/root/process_mining/announcements/data/30_04_2022/ann30.04.2022-08-00-01.json’ saved [489/489]

--2022-04-30 08:10:01--  https://files.cloudgdansk.pl/d/otwarte-dane/ztm/bsk.json
Resolving files.cloudgdansk.pl (files.cloudgdansk.pl)... 153.19.238.147
Connecting to files.cloudgdansk.pl (files.cloudgdansk.pl)|153.19.238.147|:443... connected.
HTTP request sent, awaiting response... 200 OK
Length: 489 [application/json]
Saving to: ‘/root/process_mining/announcements/data/30_04_2022/ann30.04.2022-08-10-01.json’

     0K                                                       100% 98.7M=0s

2022-04-30 08:10:02 (98.7 MB/s) - ‘/root/process_mining/announcements/data/30_04_2022/ann30.04.2022-08-10-01.json’ saved [489/489]

--2022-04-30 08:20:01--  https://files.cloudgdansk.pl/d/otwarte-dane/ztm/bsk.json
Resolving files.cloudgdansk.pl (files.cloudgdansk.pl)... 153.19.238.147
Connecting to files.cloudgdansk.pl (files.cloudgdansk.pl)|153.19.238.147|:443... connected.
HTTP request sent, awaiting response... 200 OK
Length: 489 [application/json]
Saving to: ‘/root/process_mining/announcements/data/30_04_2022/ann30.04.2022-08-20-01.json’

     0K                                                       100% 90.4M=0s

2022-04-30 08:20:01 (90.4 MB/s) - ‘/root/process_mining/announcements/data/30_04_2022/ann30.04.2022-08-20-01.json’ saved [489/489]

--2022-04-30 08:30:01--  https://files.cloudgdansk.pl/d/otwarte-dane/ztm/bsk.json
Resolving files.cloudgdansk.pl (files.cloudgdansk.pl)... 153.19.238.147
Connecting to files.cloudgdansk.pl (files.cloudgdansk.pl)|153.19.238.147|:443... connected.
HTTP request sent, awaiting response... 200 OK
Length: 489 [application/json]
Saving to: ‘/root/process_mining/announcements/data/30_04_2022/ann30.04.2022-08-30-01.json’

     0K                                                       100% 95.4M=0s

2022-04-30 08:30:01 (95.4 MB/s) - ‘/root/process_mining/announcements/data/30_04_2022/ann30.04.2022-08-30-01.json’ saved [489/489]

--2022-04-30 08:40:01--  https://files.cloudgdansk.pl/d/otwarte-dane/ztm/bsk.json
Resolving files.cloudgdansk.pl (files.cloudgdansk.pl)... 153.19.238.147
Connecting to files.cloudgdansk.pl (files.cloudgdansk.pl)|153.19.238.147|:443... connected.
HTTP request sent, awaiting response... 200 OK
Length: 489 [application/json]
Saving to: ‘/root/process_mining/announcements/data/30_04_2022/ann30.04.2022-08-40-01.json’

     0K                                                       100% 25.2M=0s

2022-04-30 08:40:01 (25.2 MB/s) - ‘/root/process_mining/announcements/data/30_04_2022/ann30.04.2022-08-40-01.json’ saved [489/489]

--2022-04-30 08:50:01--  https://files.cloudgdansk.pl/d/otwarte-dane/ztm/bsk.json
Resolving files.cloudgdansk.pl (files.cloudgdansk.pl)... 153.19.238.147
Connecting to files.cloudgdansk.pl (files.cloudgdansk.pl)|153.19.238.147|:443... connected.
HTTP request sent, awaiting response... 200 OK
Length: 489 [application/json]
Saving to: ‘/root/process_mining/announcements/data/30_04_2022/ann30.04.2022-08-50-01.json’

     0K                                                       100% 90.0M=0s

2022-04-30 08:50:03 (90.0 MB/s) - ‘/root/process_mining/announcements/data/30_04_2022/ann30.04.2022-08-50-01.json’ saved [489/489]

--2022-04-30 09:00:01--  https://files.cloudgdansk.pl/d/otwarte-dane/ztm/bsk.json
Resolving files.cloudgdansk.pl (files.cloudgdansk.pl)... 153.19.238.147
Connecting to files.cloudgdansk.pl (files.cloudgdansk.pl)|153.19.238.147|:443... connected.
HTTP request sent, awaiting response... 200 OK
Length: 489 [application/json]
Saving to: ‘/root/process_mining/announcements/data/30_04_2022/ann30.04.2022-09-00-01.json’

     0K                                                       100% 86.3M=0s

2022-04-30 09:00:02 (86.3 MB/s) - ‘/root/process_mining/announcements/data/30_04_2022/ann30.04.2022-09-00-01.json’ saved [489/489]

--2022-04-30 09:10:01--  https://files.cloudgdansk.pl/d/otwarte-dane/ztm/bsk.json
Resolving files.cloudgdansk.pl (files.cloudgdansk.pl)... 153.19.238.147
Connecting to files.cloudgdansk.pl (files.cloudgdansk.pl)|153.19.238.147|:443... connected.
HTTP request sent, awaiting response... 200 OK
Length: 489 [application/json]
Saving to: ‘/root/process_mining/announcements/data/30_04_2022/ann30.04.2022-09-10-01.json’

     0K                                                       100% 63.2M=0s

2022-04-30 09:10:02 (63.2 MB/s) - ‘/root/process_mining/announcements/data/30_04_2022/ann30.04.2022-09-10-01.json’ saved [489/489]

--2022-04-30 09:20:01--  https://files.cloudgdansk.pl/d/otwarte-dane/ztm/bsk.json
Resolving files.cloudgdansk.pl (files.cloudgdansk.pl)... 153.19.238.147
Connecting to files.cloudgdansk.pl (files.cloudgdansk.pl)|153.19.238.147|:443... connected.
HTTP request sent, awaiting response... 200 OK
Length: 489 [application/json]
Saving to: ‘/root/process_mining/announcements/data/30_04_2022/ann30.04.2022-09-20-01.json’

     0K                                                       100%  100M=0s

2022-04-30 09:20:02 (100 MB/s) - ‘/root/process_mining/announcements/data/30_04_2022/ann30.04.2022-09-20-01.json’ saved [489/489]

--2022-04-30 09:30:01--  https://files.cloudgdansk.pl/d/otwarte-dane/ztm/bsk.json
Resolving files.cloudgdansk.pl (files.cloudgdansk.pl)... 153.19.238.147
Connecting to files.cloudgdansk.pl (files.cloudgdansk.pl)|153.19.238.147|:443... connected.
HTTP request sent, awaiting response... 200 OK
Length: 489 [application/json]
Saving to: ‘/root/process_mining/announcements/data/30_04_2022/ann30.04.2022-09-30-01.json’

     0K                                                       100% 95.9M=0s

2022-04-30 09:30:02 (95.9 MB/s) - ‘/root/process_mining/announcements/data/30_04_2022/ann30.04.2022-09-30-01.json’ saved [489/489]

--2022-04-30 09:40:01--  https://files.cloudgdansk.pl/d/otwarte-dane/ztm/bsk.json
Resolving files.cloudgdansk.pl (files.cloudgdansk.pl)... 153.19.238.147
Connecting to files.cloudgdansk.pl (files.cloudgdansk.pl)|153.19.238.147|:443... connected.
HTTP request sent, awaiting response... 200 OK
Length: 60 [text/plain]
Saving to: ‘/root/process_mining/announcements/data/30_04_2022/ann30.04.2022-09-40-01.json’

     0K                                                       100% 11.8M=0s

2022-04-30 09:40:01 (11.8 MB/s) - ‘/root/process_mining/announcements/data/30_04_2022/ann30.04.2022-09-40-01.json’ saved [60/60]

--2022-04-30 09:50:01--  https://files.cloudgdansk.pl/d/otwarte-dane/ztm/bsk.json
Resolving files.cloudgdansk.pl (files.cloudgdansk.pl)... 153.19.238.147
Connecting to files.cloudgdansk.pl (files.cloudgdansk.pl)|153.19.238.147|:443... connected.
HTTP request sent, awaiting response... 200 OK
Length: 60 [text/plain]
Saving to: ‘/root/process_mining/announcements/data/30_04_2022/ann30.04.2022-09-50-01.json’

     0K                                                       100% 12.0M=0s

2022-04-30 09:50:01 (12.0 MB/s) - ‘/root/process_mining/announcements/data/30_04_2022/ann30.04.2022-09-50-01.json’ saved [60/60]

--2022-04-30 10:00:01--  https://files.cloudgdansk.pl/d/otwarte-dane/ztm/bsk.json
Resolving files.cloudgdansk.pl (files.cloudgdansk.pl)... 153.19.238.147
Connecting to files.cloudgdansk.pl (files.cloudgdansk.pl)|153.19.238.147|:443... connected.
HTTP request sent, awaiting response... 200 OK
Length: 60 [text/plain]
Saving to: ‘/root/process_mining/announcements/data/30_04_2022/ann30.04.2022-10-00-01.json’

     0K                                                       100% 11.7M=0s

2022-04-30 10:00:02 (11.7 MB/s) - ‘/root/process_mining/announcements/data/30_04_2022/ann30.04.2022-10-00-01.json’ saved [60/60]

--2022-04-30 10:10:01--  https://files.cloudgdansk.pl/d/otwarte-dane/ztm/bsk.json
Resolving files.cloudgdansk.pl (files.cloudgdansk.pl)... 153.19.238.147
Connecting to files.cloudgdansk.pl (files.cloudgdansk.pl)|153.19.238.147|:443... connected.
HTTP request sent, awaiting response... 200 OK
Length: 60 [text/plain]
Saving to: ‘/root/process_mining/announcements/data/30_04_2022/ann30.04.2022-10-10-01.json’

     0K                                                       100% 4.25M=0s

2022-04-30 10:10:01 (4.25 MB/s) - ‘/root/process_mining/announcements/data/30_04_2022/ann30.04.2022-10-10-01.json’ saved [60/60]

--2022-04-30 10:20:01--  https://files.cloudgdansk.pl/d/otwarte-dane/ztm/bsk.json
Resolving files.cloudgdansk.pl (files.cloudgdansk.pl)... 153.19.238.147
Connecting to files.cloudgdansk.pl (files.cloudgdansk.pl)|153.19.238.147|:443... connected.
HTTP request sent, awaiting response... 200 OK
Length: 60 [text/plain]
Saving to: ‘/root/process_mining/announcements/data/30_04_2022/ann30.04.2022-10-20-01.json’

     0K                                                       100% 12.0M=0s

2022-04-30 10:20:01 (12.0 MB/s) - ‘/root/process_mining/announcements/data/30_04_2022/ann30.04.2022-10-20-01.json’ saved [60/60]

--2022-04-30 10:30:02--  https://files.cloudgdansk.pl/d/otwarte-dane/ztm/bsk.json
Resolving files.cloudgdansk.pl (files.cloudgdansk.pl)... 153.19.238.147
Connecting to files.cloudgdansk.pl (files.cloudgdansk.pl)|153.19.238.147|:443... connected.
HTTP request sent, awaiting response... 200 OK
Length: 60 [text/plain]
Saving to: ‘/root/process_mining/announcements/data/30_04_2022/ann30.04.2022-10-30-02.json’

     0K                                                       100% 12.2M=0s

2022-04-30 10:30:02 (12.2 MB/s) - ‘/root/process_mining/announcements/data/30_04_2022/ann30.04.2022-10-30-02.json’ saved [60/60]

--2022-04-30 10:40:01--  https://files.cloudgdansk.pl/d/otwarte-dane/ztm/bsk.json
Resolving files.cloudgdansk.pl (files.cloudgdansk.pl)... 153.19.238.147
Connecting to files.cloudgdansk.pl (files.cloudgdansk.pl)|153.19.238.147|:443... connected.
HTTP request sent, awaiting response... 200 OK
Length: 60 [text/plain]
Saving to: ‘/root/process_mining/announcements/data/30_04_2022/ann30.04.2022-10-40-01.json’

     0K                                                       100% 11.9M=0s

2022-04-30 10:40:01 (11.9 MB/s) - ‘/root/process_mining/announcements/data/30_04_2022/ann30.04.2022-10-40-01.json’ saved [60/60]

--2022-04-30 10:50:01--  https://files.cloudgdansk.pl/d/otwarte-dane/ztm/bsk.json
Resolving files.cloudgdansk.pl (files.cloudgdansk.pl)... 153.19.238.147
Connecting to files.cloudgdansk.pl (files.cloudgdansk.pl)|153.19.238.147|:443... connected.
HTTP request sent, awaiting response... 200 OK
Length: 60 [text/plain]
Saving to: ‘/root/process_mining/announcements/data/30_04_2022/ann30.04.2022-10-50-01.json’

     0K                                                       100% 12.9M=0s

2022-04-30 10:50:01 (12.9 MB/s) - ‘/root/process_mining/announcements/data/30_04_2022/ann30.04.2022-10-50-01.json’ saved [60/60]

--2022-04-30 11:00:01--  https://files.cloudgdansk.pl/d/otwarte-dane/ztm/bsk.json
Resolving files.cloudgdansk.pl (files.cloudgdansk.pl)... 153.19.238.147
Connecting to files.cloudgdansk.pl (files.cloudgdansk.pl)|153.19.238.147|:443... connected.
HTTP request sent, awaiting response... 200 OK
Length: 60 [text/plain]
Saving to: ‘/root/process_mining/announcements/data/30_04_2022/ann30.04.2022-11-00-01.json’

     0K                                                       100% 11.5M=0s

2022-04-30 11:00:02 (11.5 MB/s) - ‘/root/process_mining/announcements/data/30_04_2022/ann30.04.2022-11-00-01.json’ saved [60/60]

--2022-04-30 11:10:01--  https://files.cloudgdansk.pl/d/otwarte-dane/ztm/bsk.json
Resolving files.cloudgdansk.pl (files.cloudgdansk.pl)... 153.19.238.147
Connecting to files.cloudgdansk.pl (files.cloudgdansk.pl)|153.19.238.147|:443... connected.
HTTP request sent, awaiting response... 200 OK
Length: 60 [text/plain]
Saving to: ‘/root/process_mining/announcements/data/30_04_2022/ann30.04.2022-11-10-01.json’

     0K                                                       100% 12.2M=0s

2022-04-30 11:10:01 (12.2 MB/s) - ‘/root/process_mining/announcements/data/30_04_2022/ann30.04.2022-11-10-01.json’ saved [60/60]

--2022-04-30 11:20:01--  https://files.cloudgdansk.pl/d/otwarte-dane/ztm/bsk.json
Resolving files.cloudgdansk.pl (files.cloudgdansk.pl)... 153.19.238.147
Connecting to files.cloudgdansk.pl (files.cloudgdansk.pl)|153.19.238.147|:443... connected.
HTTP request sent, awaiting response... 200 OK
Length: 60 [text/plain]
Saving to: ‘/root/process_mining/announcements/data/30_04_2022/ann30.04.2022-11-20-01.json’

     0K                                                       100% 11.9M=0s

2022-04-30 11:20:01 (11.9 MB/s) - ‘/root/process_mining/announcements/data/30_04_2022/ann30.04.2022-11-20-01.json’ saved [60/60]

--2022-04-30 11:30:01--  https://files.cloudgdansk.pl/d/otwarte-dane/ztm/bsk.json
Resolving files.cloudgdansk.pl (files.cloudgdansk.pl)... 153.19.238.147
Connecting to files.cloudgdansk.pl (files.cloudgdansk.pl)|153.19.238.147|:443... connected.
HTTP request sent, awaiting response... 200 OK
Length: 60 [text/plain]
Saving to: ‘/root/process_mining/announcements/data/30_04_2022/ann30.04.2022-11-30-01.json’

     0K                                                       100% 13.0M=0s

2022-04-30 11:30:01 (13.0 MB/s) - ‘/root/process_mining/announcements/data/30_04_2022/ann30.04.2022-11-30-01.json’ saved [60/60]

--2022-04-30 11:40:01--  https://files.cloudgdansk.pl/d/otwarte-dane/ztm/bsk.json
Resolving files.cloudgdansk.pl (files.cloudgdansk.pl)... 153.19.238.147
Connecting to files.cloudgdansk.pl (files.cloudgdansk.pl)|153.19.238.147|:443... connected.
HTTP request sent, awaiting response... 200 OK
Length: 60 [text/plain]
Saving to: ‘/root/process_mining/announcements/data/30_04_2022/ann30.04.2022-11-40-01.json’

     0K                                                       100% 11.6M=0s

2022-04-30 11:40:01 (11.6 MB/s) - ‘/root/process_mining/announcements/data/30_04_2022/ann30.04.2022-11-40-01.json’ saved [60/60]

--2022-04-30 11:50:01--  https://files.cloudgdansk.pl/d/otwarte-dane/ztm/bsk.json
Resolving files.cloudgdansk.pl (files.cloudgdansk.pl)... 153.19.238.147
Connecting to files.cloudgdansk.pl (files.cloudgdansk.pl)|153.19.238.147|:443... connected.
HTTP request sent, awaiting response... 200 OK
Length: 60 [text/plain]
Saving to: ‘/root/process_mining/announcements/data/30_04_2022/ann30.04.2022-11-50-01.json’

     0K                                                       100% 9.82M=0s

2022-04-30 11:50:01 (9.82 MB/s) - ‘/root/process_mining/announcements/data/30_04_2022/ann30.04.2022-11-50-01.json’ saved [60/60]

--2022-04-30 12:00:01--  https://files.cloudgdansk.pl/d/otwarte-dane/ztm/bsk.json
Resolving files.cloudgdansk.pl (files.cloudgdansk.pl)... 153.19.238.147
Connecting to files.cloudgdansk.pl (files.cloudgdansk.pl)|153.19.238.147|:443... connected.
HTTP request sent, awaiting response... 200 OK
Length: 60 [text/plain]
Saving to: ‘/root/process_mining/announcements/data/30_04_2022/ann30.04.2022-12-00-01.json’

     0K                                                       100% 12.2M=0s

2022-04-30 12:00:01 (12.2 MB/s) - ‘/root/process_mining/announcements/data/30_04_2022/ann30.04.2022-12-00-01.json’ saved [60/60]

--2022-04-30 12:10:01--  https://files.cloudgdansk.pl/d/otwarte-dane/ztm/bsk.json
Resolving files.cloudgdansk.pl (files.cloudgdansk.pl)... 153.19.238.147
Connecting to files.cloudgdansk.pl (files.cloudgdansk.pl)|153.19.238.147|:443... connected.
HTTP request sent, awaiting response... 200 OK
Length: 60 [text/plain]
Saving to: ‘/root/process_mining/announcements/data/30_04_2022/ann30.04.2022-12-10-01.json’

     0K                                                       100% 11.3M=0s

2022-04-30 12:10:01 (11.3 MB/s) - ‘/root/process_mining/announcements/data/30_04_2022/ann30.04.2022-12-10-01.json’ saved [60/60]

--2022-04-30 12:20:01--  https://files.cloudgdansk.pl/d/otwarte-dane/ztm/bsk.json
Resolving files.cloudgdansk.pl (files.cloudgdansk.pl)... 153.19.238.147
Connecting to files.cloudgdansk.pl (files.cloudgdansk.pl)|153.19.238.147|:443... connected.
HTTP request sent, awaiting response... 200 OK
Length: 60 [text/plain]
Saving to: ‘/root/process_mining/announcements/data/30_04_2022/ann30.04.2022-12-20-01.json’

     0K                                                       100% 12.1M=0s

2022-04-30 12:20:02 (12.1 MB/s) - ‘/root/process_mining/announcements/data/30_04_2022/ann30.04.2022-12-20-01.json’ saved [60/60]

--2022-04-30 12:30:01--  https://files.cloudgdansk.pl/d/otwarte-dane/ztm/bsk.json
Resolving files.cloudgdansk.pl (files.cloudgdansk.pl)... 153.19.238.147
Connecting to files.cloudgdansk.pl (files.cloudgdansk.pl)|153.19.238.147|:443... connected.
HTTP request sent, awaiting response... 200 OK
Length: 60 [text/plain]
Saving to: ‘/root/process_mining/announcements/data/30_04_2022/ann30.04.2022-12-30-01.json’

     0K                                                       100% 11.6M=0s

2022-04-30 12:30:01 (11.6 MB/s) - ‘/root/process_mining/announcements/data/30_04_2022/ann30.04.2022-12-30-01.json’ saved [60/60]

--2022-04-30 12:40:01--  https://files.cloudgdansk.pl/d/otwarte-dane/ztm/bsk.json
Resolving files.cloudgdansk.pl (files.cloudgdansk.pl)... 153.19.238.147
Connecting to files.cloudgdansk.pl (files.cloudgdansk.pl)|153.19.238.147|:443... connected.
HTTP request sent, awaiting response... 200 OK
Length: 60 [text/plain]
Saving to: ‘/root/process_mining/announcements/data/30_04_2022/ann30.04.2022-12-40-01.json’

     0K                                                       100% 11.0M=0s

2022-04-30 12:40:02 (11.0 MB/s) - ‘/root/process_mining/announcements/data/30_04_2022/ann30.04.2022-12-40-01.json’ saved [60/60]

--2022-04-30 12:50:01--  https://files.cloudgdansk.pl/d/otwarte-dane/ztm/bsk.json
Resolving files.cloudgdansk.pl (files.cloudgdansk.pl)... 153.19.238.147
Connecting to files.cloudgdansk.pl (files.cloudgdansk.pl)|153.19.238.147|:443... connected.
HTTP request sent, awaiting response... 200 OK
Length: 60 [text/plain]
Saving to: ‘/root/process_mining/announcements/data/30_04_2022/ann30.04.2022-12-50-01.json’

     0K                                                       100% 11.8M=0s

2022-04-30 12:50:01 (11.8 MB/s) - ‘/root/process_mining/announcements/data/30_04_2022/ann30.04.2022-12-50-01.json’ saved [60/60]

--2022-04-30 13:00:01--  https://files.cloudgdansk.pl/d/otwarte-dane/ztm/bsk.json
Resolving files.cloudgdansk.pl (files.cloudgdansk.pl)... 153.19.238.147
Connecting to files.cloudgdansk.pl (files.cloudgdansk.pl)|153.19.238.147|:443... connected.
HTTP request sent, awaiting response... 200 OK
Length: 60 [text/plain]
Saving to: ‘/root/process_mining/announcements/data/30_04_2022/ann30.04.2022-13-00-01.json’

     0K                                                       100% 10.1M=0s

2022-04-30 13:00:01 (10.1 MB/s) - ‘/root/process_mining/announcements/data/30_04_2022/ann30.04.2022-13-00-01.json’ saved [60/60]

--2022-04-30 13:10:01--  https://files.cloudgdansk.pl/d/otwarte-dane/ztm/bsk.json
Resolving files.cloudgdansk.pl (files.cloudgdansk.pl)... 153.19.238.147
Connecting to files.cloudgdansk.pl (files.cloudgdansk.pl)|153.19.238.147|:443... connected.
HTTP request sent, awaiting response... 200 OK
Length: 60 [text/plain]
Saving to: ‘/root/process_mining/announcements/data/30_04_2022/ann30.04.2022-13-10-01.json’

     0K                                                       100% 11.5M=0s

2022-04-30 13:10:01 (11.5 MB/s) - ‘/root/process_mining/announcements/data/30_04_2022/ann30.04.2022-13-10-01.json’ saved [60/60]

--2022-04-30 13:20:01--  https://files.cloudgdansk.pl/d/otwarte-dane/ztm/bsk.json
Resolving files.cloudgdansk.pl (files.cloudgdansk.pl)... 153.19.238.147
Connecting to files.cloudgdansk.pl (files.cloudgdansk.pl)|153.19.238.147|:443... connected.
HTTP request sent, awaiting response... 200 OK
Length: 60 [text/plain]
Saving to: ‘/root/process_mining/announcements/data/30_04_2022/ann30.04.2022-13-20-01.json’

     0K                                                       100% 11.8M=0s

2022-04-30 13:20:02 (11.8 MB/s) - ‘/root/process_mining/announcements/data/30_04_2022/ann30.04.2022-13-20-01.json’ saved [60/60]

--2022-04-30 13:30:01--  https://files.cloudgdansk.pl/d/otwarte-dane/ztm/bsk.json
Resolving files.cloudgdansk.pl (files.cloudgdansk.pl)... 153.19.238.147
Connecting to files.cloudgdansk.pl (files.cloudgdansk.pl)|153.19.238.147|:443... connected.
HTTP request sent, awaiting response... 200 OK
Length: 60 [text/plain]
Saving to: ‘/root/process_mining/announcements/data/30_04_2022/ann30.04.2022-13-30-01.json’

     0K                                                       100% 12.2M=0s

2022-04-30 13:30:01 (12.2 MB/s) - ‘/root/process_mining/announcements/data/30_04_2022/ann30.04.2022-13-30-01.json’ saved [60/60]

--2022-04-30 13:40:01--  https://files.cloudgdansk.pl/d/otwarte-dane/ztm/bsk.json
Resolving files.cloudgdansk.pl (files.cloudgdansk.pl)... 153.19.238.147
Connecting to files.cloudgdansk.pl (files.cloudgdansk.pl)|153.19.238.147|:443... connected.
HTTP request sent, awaiting response... 200 OK
Length: 60 [text/plain]
Saving to: ‘/root/process_mining/announcements/data/30_04_2022/ann30.04.2022-13-40-01.json’

     0K                                                       100% 12.2M=0s

2022-04-30 13:40:02 (12.2 MB/s) - ‘/root/process_mining/announcements/data/30_04_2022/ann30.04.2022-13-40-01.json’ saved [60/60]

--2022-04-30 13:50:01--  https://files.cloudgdansk.pl/d/otwarte-dane/ztm/bsk.json
Resolving files.cloudgdansk.pl (files.cloudgdansk.pl)... 153.19.238.147
Connecting to files.cloudgdansk.pl (files.cloudgdansk.pl)|153.19.238.147|:443... connected.
HTTP request sent, awaiting response... 200 OK
Length: 60 [text/plain]
Saving to: ‘/root/process_mining/announcements/data/30_04_2022/ann30.04.2022-13-50-01.json’

     0K                                                       100% 11.2M=0s

2022-04-30 13:50:01 (11.2 MB/s) - ‘/root/process_mining/announcements/data/30_04_2022/ann30.04.2022-13-50-01.json’ saved [60/60]

--2022-04-30 14:00:01--  https://files.cloudgdansk.pl/d/otwarte-dane/ztm/bsk.json
Resolving files.cloudgdansk.pl (files.cloudgdansk.pl)... 153.19.238.147
Connecting to files.cloudgdansk.pl (files.cloudgdansk.pl)|153.19.238.147|:443... connected.
HTTP request sent, awaiting response... 200 OK
Length: 60 [text/plain]
Saving to: ‘/root/process_mining/announcements/data/30_04_2022/ann30.04.2022-14-00-01.json’

     0K                                                       100% 12.5M=0s

2022-04-30 14:00:02 (12.5 MB/s) - ‘/root/process_mining/announcements/data/30_04_2022/ann30.04.2022-14-00-01.json’ saved [60/60]

--2022-04-30 14:10:01--  https://files.cloudgdansk.pl/d/otwarte-dane/ztm/bsk.json
Resolving files.cloudgdansk.pl (files.cloudgdansk.pl)... 153.19.238.147
Connecting to files.cloudgdansk.pl (files.cloudgdansk.pl)|153.19.238.147|:443... connected.
HTTP request sent, awaiting response... 200 OK
Length: 60 [text/plain]
Saving to: ‘/root/process_mining/announcements/data/30_04_2022/ann30.04.2022-14-10-01.json’

     0K                                                       100% 12.1M=0s

2022-04-30 14:10:02 (12.1 MB/s) - ‘/root/process_mining/announcements/data/30_04_2022/ann30.04.2022-14-10-01.json’ saved [60/60]

--2022-04-30 14:20:01--  https://files.cloudgdansk.pl/d/otwarte-dane/ztm/bsk.json
Resolving files.cloudgdansk.pl (files.cloudgdansk.pl)... 153.19.238.147
Connecting to files.cloudgdansk.pl (files.cloudgdansk.pl)|153.19.238.147|:443... connected.
HTTP request sent, awaiting response... 200 OK
Length: 60 [text/plain]
Saving to: ‘/root/process_mining/announcements/data/30_04_2022/ann30.04.2022-14-20-01.json’

     0K                                                       100% 11.3M=0s

2022-04-30 14:20:01 (11.3 MB/s) - ‘/root/process_mining/announcements/data/30_04_2022/ann30.04.2022-14-20-01.json’ saved [60/60]

--2022-04-30 14:30:02--  https://files.cloudgdansk.pl/d/otwarte-dane/ztm/bsk.json
Resolving files.cloudgdansk.pl (files.cloudgdansk.pl)... 153.19.238.147
Connecting to files.cloudgdansk.pl (files.cloudgdansk.pl)|153.19.238.147|:443... connected.
HTTP request sent, awaiting response... 200 OK
Length: 60 [text/plain]
Saving to: ‘/root/process_mining/announcements/data/30_04_2022/ann30.04.2022-14-30-01.json’

     0K                                                       100% 12.1M=0s

2022-04-30 14:30:02 (12.1 MB/s) - ‘/root/process_mining/announcements/data/30_04_2022/ann30.04.2022-14-30-01.json’ saved [60/60]

--2022-04-30 14:40:02--  https://files.cloudgdansk.pl/d/otwarte-dane/ztm/bsk.json
Resolving files.cloudgdansk.pl (files.cloudgdansk.pl)... 153.19.238.147
Connecting to files.cloudgdansk.pl (files.cloudgdansk.pl)|153.19.238.147|:443... connected.
HTTP request sent, awaiting response... 200 OK
Length: 60 [text/plain]
Saving to: ‘/root/process_mining/announcements/data/30_04_2022/ann30.04.2022-14-40-02.json’

     0K                                                       100% 12.6M=0s

2022-04-30 14:40:02 (12.6 MB/s) - ‘/root/process_mining/announcements/data/30_04_2022/ann30.04.2022-14-40-02.json’ saved [60/60]

--2022-04-30 14:50:02--  https://files.cloudgdansk.pl/d/otwarte-dane/ztm/bsk.json
Resolving files.cloudgdansk.pl (files.cloudgdansk.pl)... 153.19.238.147
Connecting to files.cloudgdansk.pl (files.cloudgdansk.pl)|153.19.238.147|:443... connected.
HTTP request sent, awaiting response... 200 OK
Length: 60 [text/plain]
Saving to: ‘/root/process_mining/announcements/data/30_04_2022/ann30.04.2022-14-50-02.json’

     0K                                                       100% 11.9M=0s

2022-04-30 14:50:02 (11.9 MB/s) - ‘/root/process_mining/announcements/data/30_04_2022/ann30.04.2022-14-50-02.json’ saved [60/60]

--2022-04-30 15:00:01--  https://files.cloudgdansk.pl/d/otwarte-dane/ztm/bsk.json
Resolving files.cloudgdansk.pl (files.cloudgdansk.pl)... 153.19.238.147
Connecting to files.cloudgdansk.pl (files.cloudgdansk.pl)|153.19.238.147|:443... connected.
HTTP request sent, awaiting response... 200 OK
Length: 60 [text/plain]
Saving to: ‘/root/process_mining/announcements/data/30_04_2022/ann30.04.2022-15-00-01.json’

     0K                                                       100% 11.5M=0s

2022-04-30 15:00:01 (11.5 MB/s) - ‘/root/process_mining/announcements/data/30_04_2022/ann30.04.2022-15-00-01.json’ saved [60/60]

--2022-04-30 15:10:01--  https://files.cloudgdansk.pl/d/otwarte-dane/ztm/bsk.json
Resolving files.cloudgdansk.pl (files.cloudgdansk.pl)... 153.19.238.147
Connecting to files.cloudgdansk.pl (files.cloudgdansk.pl)|153.19.238.147|:443... connected.
HTTP request sent, awaiting response... 200 OK
Length: 60 [text/plain]
Saving to: ‘/root/process_mining/announcements/data/30_04_2022/ann30.04.2022-15-10-01.json’

     0K                                                       100% 11.9M=0s

2022-04-30 15:10:01 (11.9 MB/s) - ‘/root/process_mining/announcements/data/30_04_2022/ann30.04.2022-15-10-01.json’ saved [60/60]

--2022-04-30 15:20:01--  https://files.cloudgdansk.pl/d/otwarte-dane/ztm/bsk.json
Resolving files.cloudgdansk.pl (files.cloudgdansk.pl)... 153.19.238.147
Connecting to files.cloudgdansk.pl (files.cloudgdansk.pl)|153.19.238.147|:443... connected.
HTTP request sent, awaiting response... 200 OK
Length: 60 [text/plain]
Saving to: ‘/root/process_mining/announcements/data/30_04_2022/ann30.04.2022-15-20-01.json’

     0K                                                       100% 12.3M=0s

2022-04-30 15:20:02 (12.3 MB/s) - ‘/root/process_mining/announcements/data/30_04_2022/ann30.04.2022-15-20-01.json’ saved [60/60]

--2022-04-30 15:30:01--  https://files.cloudgdansk.pl/d/otwarte-dane/ztm/bsk.json
Resolving files.cloudgdansk.pl (files.cloudgdansk.pl)... 153.19.238.147
Connecting to files.cloudgdansk.pl (files.cloudgdansk.pl)|153.19.238.147|:443... connected.
HTTP request sent, awaiting response... 200 OK
Length: 483 [application/json]
Saving to: ‘/root/process_mining/announcements/data/30_04_2022/ann30.04.2022-15-30-01.json’

     0K                                                       100% 96.1M=0s

2022-04-30 15:30:01 (96.1 MB/s) - ‘/root/process_mining/announcements/data/30_04_2022/ann30.04.2022-15-30-01.json’ saved [483/483]

--2022-04-30 15:40:01--  https://files.cloudgdansk.pl/d/otwarte-dane/ztm/bsk.json
Resolving files.cloudgdansk.pl (files.cloudgdansk.pl)... 153.19.238.147
Connecting to files.cloudgdansk.pl (files.cloudgdansk.pl)|153.19.238.147|:443... connected.
HTTP request sent, awaiting response... 200 OK
Length: 483 [application/json]
Saving to: ‘/root/process_mining/announcements/data/30_04_2022/ann30.04.2022-15-40-01.json’

     0K                                                       100% 91.4M=0s

2022-04-30 15:40:01 (91.4 MB/s) - ‘/root/process_mining/announcements/data/30_04_2022/ann30.04.2022-15-40-01.json’ saved [483/483]

--2022-04-30 15:50:01--  https://files.cloudgdansk.pl/d/otwarte-dane/ztm/bsk.json
Resolving files.cloudgdansk.pl (files.cloudgdansk.pl)... 153.19.238.147
Connecting to files.cloudgdansk.pl (files.cloudgdansk.pl)|153.19.238.147|:443... connected.
HTTP request sent, awaiting response... 200 OK
Length: 483 [application/json]
Saving to: ‘/root/process_mining/announcements/data/30_04_2022/ann30.04.2022-15-50-01.json’

     0K                                                       100% 91.0M=0s

2022-04-30 15:50:01 (91.0 MB/s) - ‘/root/process_mining/announcements/data/30_04_2022/ann30.04.2022-15-50-01.json’ saved [483/483]

--2022-04-30 16:00:01--  https://files.cloudgdansk.pl/d/otwarte-dane/ztm/bsk.json
Resolving files.cloudgdansk.pl (files.cloudgdansk.pl)... 153.19.238.147
Connecting to files.cloudgdansk.pl (files.cloudgdansk.pl)|153.19.238.147|:443... connected.
HTTP request sent, awaiting response... 200 OK
Length: 483 [application/json]
Saving to: ‘/root/process_mining/announcements/data/30_04_2022/ann30.04.2022-16-00-01.json’

     0K                                                       100% 88.4M=0s

2022-04-30 16:00:01 (88.4 MB/s) - ‘/root/process_mining/announcements/data/30_04_2022/ann30.04.2022-16-00-01.json’ saved [483/483]

--2022-04-30 16:10:01--  https://files.cloudgdansk.pl/d/otwarte-dane/ztm/bsk.json
Resolving files.cloudgdansk.pl (files.cloudgdansk.pl)... 153.19.238.147
Connecting to files.cloudgdansk.pl (files.cloudgdansk.pl)|153.19.238.147|:443... connected.
HTTP request sent, awaiting response... 200 OK
Length: 483 [application/json]
Saving to: ‘/root/process_mining/announcements/data/30_04_2022/ann30.04.2022-16-10-01.json’

     0K                                                       100% 91.1M=0s

2022-04-30 16:10:01 (91.1 MB/s) - ‘/root/process_mining/announcements/data/30_04_2022/ann30.04.2022-16-10-01.json’ saved [483/483]

--2022-04-30 16:20:01--  https://files.cloudgdansk.pl/d/otwarte-dane/ztm/bsk.json
Resolving files.cloudgdansk.pl (files.cloudgdansk.pl)... 153.19.238.147
Connecting to files.cloudgdansk.pl (files.cloudgdansk.pl)|153.19.238.147|:443... connected.
HTTP request sent, awaiting response... 200 OK
Length: 483 [application/json]
Saving to: ‘/root/process_mining/announcements/data/30_04_2022/ann30.04.2022-16-20-01.json’

     0K                                                       100%  100M=0s

2022-04-30 16:20:02 (100 MB/s) - ‘/root/process_mining/announcements/data/30_04_2022/ann30.04.2022-16-20-01.json’ saved [483/483]

--2022-04-30 16:30:01--  https://files.cloudgdansk.pl/d/otwarte-dane/ztm/bsk.json
Resolving files.cloudgdansk.pl (files.cloudgdansk.pl)... 153.19.238.147
Connecting to files.cloudgdansk.pl (files.cloudgdansk.pl)|153.19.238.147|:443... connected.
HTTP request sent, awaiting response... 200 OK
Length: 483 [application/json]
Saving to: ‘/root/process_mining/announcements/data/30_04_2022/ann30.04.2022-16-30-01.json’

     0K                                                       100% 94.8M=0s

2022-04-30 16:30:01 (94.8 MB/s) - ‘/root/process_mining/announcements/data/30_04_2022/ann30.04.2022-16-30-01.json’ saved [483/483]

--2022-04-30 16:40:01--  https://files.cloudgdansk.pl/d/otwarte-dane/ztm/bsk.json
Resolving files.cloudgdansk.pl (files.cloudgdansk.pl)... 153.19.238.147
Connecting to files.cloudgdansk.pl (files.cloudgdansk.pl)|153.19.238.147|:443... connected.
HTTP request sent, awaiting response... 200 OK
Length: 483 [application/json]
Saving to: ‘/root/process_mining/announcements/data/30_04_2022/ann30.04.2022-16-40-01.json’

     0K                                                       100% 94.0M=0s

2022-04-30 16:40:02 (94.0 MB/s) - ‘/root/process_mining/announcements/data/30_04_2022/ann30.04.2022-16-40-01.json’ saved [483/483]

--2022-04-30 16:50:01--  https://files.cloudgdansk.pl/d/otwarte-dane/ztm/bsk.json
Resolving files.cloudgdansk.pl (files.cloudgdansk.pl)... 153.19.238.147
Connecting to files.cloudgdansk.pl (files.cloudgdansk.pl)|153.19.238.147|:443... connected.
HTTP request sent, awaiting response... 200 OK
Length: 60 [text/plain]
Saving to: ‘/root/process_mining/announcements/data/30_04_2022/ann30.04.2022-16-50-01.json’

     0K                                                       100% 12.2M=0s

2022-04-30 16:50:01 (12.2 MB/s) - ‘/root/process_mining/announcements/data/30_04_2022/ann30.04.2022-16-50-01.json’ saved [60/60]

--2022-04-30 17:00:02--  https://files.cloudgdansk.pl/d/otwarte-dane/ztm/bsk.json
Resolving files.cloudgdansk.pl (files.cloudgdansk.pl)... 153.19.238.147
Connecting to files.cloudgdansk.pl (files.cloudgdansk.pl)|153.19.238.147|:443... connected.
HTTP request sent, awaiting response... 200 OK
Length: 60 [text/plain]
Saving to: ‘/root/process_mining/announcements/data/30_04_2022/ann30.04.2022-17-00-02.json’

     0K                                                       100% 11.3M=0s

2022-04-30 17:00:02 (11.3 MB/s) - ‘/root/process_mining/announcements/data/30_04_2022/ann30.04.2022-17-00-02.json’ saved [60/60]

--2022-04-30 17:10:01--  https://files.cloudgdansk.pl/d/otwarte-dane/ztm/bsk.json
Resolving files.cloudgdansk.pl (files.cloudgdansk.pl)... 153.19.238.147
Connecting to files.cloudgdansk.pl (files.cloudgdansk.pl)|153.19.238.147|:443... connected.
HTTP request sent, awaiting response... 200 OK
Length: 60 [text/plain]
Saving to: ‘/root/process_mining/announcements/data/30_04_2022/ann30.04.2022-17-10-01.json’

     0K                                                       100% 12.1M=0s

2022-04-30 17:10:01 (12.1 MB/s) - ‘/root/process_mining/announcements/data/30_04_2022/ann30.04.2022-17-10-01.json’ saved [60/60]

--2022-04-30 17:20:01--  https://files.cloudgdansk.pl/d/otwarte-dane/ztm/bsk.json
Resolving files.cloudgdansk.pl (files.cloudgdansk.pl)... 153.19.238.147
Connecting to files.cloudgdansk.pl (files.cloudgdansk.pl)|153.19.238.147|:443... connected.
HTTP request sent, awaiting response... 200 OK
Length: 60 [text/plain]
Saving to: ‘/root/process_mining/announcements/data/30_04_2022/ann30.04.2022-17-20-01.json’

     0K                                                       100% 11.2M=0s

2022-04-30 17:20:01 (11.2 MB/s) - ‘/root/process_mining/announcements/data/30_04_2022/ann30.04.2022-17-20-01.json’ saved [60/60]

--2022-04-30 17:30:01--  https://files.cloudgdansk.pl/d/otwarte-dane/ztm/bsk.json
Resolving files.cloudgdansk.pl (files.cloudgdansk.pl)... 153.19.238.147
Connecting to files.cloudgdansk.pl (files.cloudgdansk.pl)|153.19.238.147|:443... connected.
HTTP request sent, awaiting response... 200 OK
Length: 60 [text/plain]
Saving to: ‘/root/process_mining/announcements/data/30_04_2022/ann30.04.2022-17-30-01.json’

     0K                                                       100% 11.6M=0s

2022-04-30 17:30:02 (11.6 MB/s) - ‘/root/process_mining/announcements/data/30_04_2022/ann30.04.2022-17-30-01.json’ saved [60/60]

--2022-04-30 17:40:01--  https://files.cloudgdansk.pl/d/otwarte-dane/ztm/bsk.json
Resolving files.cloudgdansk.pl (files.cloudgdansk.pl)... 153.19.238.147
Connecting to files.cloudgdansk.pl (files.cloudgdansk.pl)|153.19.238.147|:443... connected.
HTTP request sent, awaiting response... 200 OK
Length: 60 [text/plain]
Saving to: ‘/root/process_mining/announcements/data/30_04_2022/ann30.04.2022-17-40-01.json’

     0K                                                       100% 12.2M=0s

2022-04-30 17:40:02 (12.2 MB/s) - ‘/root/process_mining/announcements/data/30_04_2022/ann30.04.2022-17-40-01.json’ saved [60/60]

--2022-04-30 17:50:01--  https://files.cloudgdansk.pl/d/otwarte-dane/ztm/bsk.json
Resolving files.cloudgdansk.pl (files.cloudgdansk.pl)... 153.19.238.147
Connecting to files.cloudgdansk.pl (files.cloudgdansk.pl)|153.19.238.147|:443... connected.
HTTP request sent, awaiting response... 200 OK
Length: 60 [text/plain]
Saving to: ‘/root/process_mining/announcements/data/30_04_2022/ann30.04.2022-17-50-01.json’

     0K                                                       100% 11.5M=0s

2022-04-30 17:50:01 (11.5 MB/s) - ‘/root/process_mining/announcements/data/30_04_2022/ann30.04.2022-17-50-01.json’ saved [60/60]

--2022-04-30 18:00:01--  https://files.cloudgdansk.pl/d/otwarte-dane/ztm/bsk.json
Resolving files.cloudgdansk.pl (files.cloudgdansk.pl)... 153.19.238.147
Connecting to files.cloudgdansk.pl (files.cloudgdansk.pl)|153.19.238.147|:443... connected.
HTTP request sent, awaiting response... 200 OK
Length: 60 [text/plain]
Saving to: ‘/root/process_mining/announcements/data/30_04_2022/ann30.04.2022-18-00-01.json’

     0K                                                       100% 12.7M=0s

2022-04-30 18:00:02 (12.7 MB/s) - ‘/root/process_mining/announcements/data/30_04_2022/ann30.04.2022-18-00-01.json’ saved [60/60]

--2022-04-30 18:10:01--  https://files.cloudgdansk.pl/d/otwarte-dane/ztm/bsk.json
Resolving files.cloudgdansk.pl (files.cloudgdansk.pl)... 153.19.238.147
Connecting to files.cloudgdansk.pl (files.cloudgdansk.pl)|153.19.238.147|:443... connected.
HTTP request sent, awaiting response... 200 OK
Length: 60 [text/plain]
Saving to: ‘/root/process_mining/announcements/data/30_04_2022/ann30.04.2022-18-10-01.json’

     0K                                                       100% 10.1M=0s

2022-04-30 18:10:02 (10.1 MB/s) - ‘/root/process_mining/announcements/data/30_04_2022/ann30.04.2022-18-10-01.json’ saved [60/60]

--2022-04-30 18:20:01--  https://files.cloudgdansk.pl/d/otwarte-dane/ztm/bsk.json
Resolving files.cloudgdansk.pl (files.cloudgdansk.pl)... 153.19.238.147
Connecting to files.cloudgdansk.pl (files.cloudgdansk.pl)|153.19.238.147|:443... connected.
HTTP request sent, awaiting response... 200 OK
Length: 60 [text/plain]
Saving to: ‘/root/process_mining/announcements/data/30_04_2022/ann30.04.2022-18-20-01.json’

     0K                                                       100% 12.0M=0s

2022-04-30 18:20:02 (12.0 MB/s) - ‘/root/process_mining/announcements/data/30_04_2022/ann30.04.2022-18-20-01.json’ saved [60/60]

--2022-04-30 18:30:01--  https://files.cloudgdansk.pl/d/otwarte-dane/ztm/bsk.json
Resolving files.cloudgdansk.pl (files.cloudgdansk.pl)... 153.19.238.147
Connecting to files.cloudgdansk.pl (files.cloudgdansk.pl)|153.19.238.147|:443... connected.
HTTP request sent, awaiting response... 200 OK
Length: 60 [text/plain]
Saving to: ‘/root/process_mining/announcements/data/30_04_2022/ann30.04.2022-18-30-01.json’

     0K                                                       100% 12.0M=0s

2022-04-30 18:30:01 (12.0 MB/s) - ‘/root/process_mining/announcements/data/30_04_2022/ann30.04.2022-18-30-01.json’ saved [60/60]

--2022-04-30 18:40:01--  https://files.cloudgdansk.pl/d/otwarte-dane/ztm/bsk.json
Resolving files.cloudgdansk.pl (files.cloudgdansk.pl)... 153.19.238.147
Connecting to files.cloudgdansk.pl (files.cloudgdansk.pl)|153.19.238.147|:443... connected.
HTTP request sent, awaiting response... 200 OK
Length: 60 [text/plain]
Saving to: ‘/root/process_mining/announcements/data/30_04_2022/ann30.04.2022-18-40-01.json’

     0K                                                       100% 12.2M=0s

2022-04-30 18:40:01 (12.2 MB/s) - ‘/root/process_mining/announcements/data/30_04_2022/ann30.04.2022-18-40-01.json’ saved [60/60]

--2022-04-30 18:50:01--  https://files.cloudgdansk.pl/d/otwarte-dane/ztm/bsk.json
Resolving files.cloudgdansk.pl (files.cloudgdansk.pl)... 153.19.238.147
Connecting to files.cloudgdansk.pl (files.cloudgdansk.pl)|153.19.238.147|:443... connected.
HTTP request sent, awaiting response... 200 OK
Length: 60 [text/plain]
Saving to: ‘/root/process_mining/announcements/data/30_04_2022/ann30.04.2022-18-50-01.json’

     0K                                                       100% 12.0M=0s

2022-04-30 18:50:02 (12.0 MB/s) - ‘/root/process_mining/announcements/data/30_04_2022/ann30.04.2022-18-50-01.json’ saved [60/60]

--2022-04-30 19:00:01--  https://files.cloudgdansk.pl/d/otwarte-dane/ztm/bsk.json
Resolving files.cloudgdansk.pl (files.cloudgdansk.pl)... 153.19.238.147
Connecting to files.cloudgdansk.pl (files.cloudgdansk.pl)|153.19.238.147|:443... connected.
HTTP request sent, awaiting response... 200 OK
Length: 60 [text/plain]
Saving to: ‘/root/process_mining/announcements/data/30_04_2022/ann30.04.2022-19-00-01.json’

     0K                                                       100% 11.9M=0s

2022-04-30 19:00:01 (11.9 MB/s) - ‘/root/process_mining/announcements/data/30_04_2022/ann30.04.2022-19-00-01.json’ saved [60/60]

--2022-04-30 19:10:01--  https://files.cloudgdansk.pl/d/otwarte-dane/ztm/bsk.json
Resolving files.cloudgdansk.pl (files.cloudgdansk.pl)... 153.19.238.147
Connecting to files.cloudgdansk.pl (files.cloudgdansk.pl)|153.19.238.147|:443... connected.
HTTP request sent, awaiting response... 200 OK
Length: 60 [text/plain]
Saving to: ‘/root/process_mining/announcements/data/30_04_2022/ann30.04.2022-19-10-01.json’

     0K                                                       100% 12.3M=0s

2022-04-30 19:10:02 (12.3 MB/s) - ‘/root/process_mining/announcements/data/30_04_2022/ann30.04.2022-19-10-01.json’ saved [60/60]

--2022-04-30 19:20:01--  https://files.cloudgdansk.pl/d/otwarte-dane/ztm/bsk.json
Resolving files.cloudgdansk.pl (files.cloudgdansk.pl)... 153.19.238.147
Connecting to files.cloudgdansk.pl (files.cloudgdansk.pl)|153.19.238.147|:443... connected.
HTTP request sent, awaiting response... 200 OK
Length: 60 [text/plain]
Saving to: ‘/root/process_mining/announcements/data/30_04_2022/ann30.04.2022-19-20-01.json’

     0K                                                       100% 11.5M=0s

2022-04-30 19:20:01 (11.5 MB/s) - ‘/root/process_mining/announcements/data/30_04_2022/ann30.04.2022-19-20-01.json’ saved [60/60]

--2022-04-30 19:30:01--  https://files.cloudgdansk.pl/d/otwarte-dane/ztm/bsk.json
Resolving files.cloudgdansk.pl (files.cloudgdansk.pl)... 153.19.238.147
Connecting to files.cloudgdansk.pl (files.cloudgdansk.pl)|153.19.238.147|:443... connected.
HTTP request sent, awaiting response... 200 OK
Length: 60 [text/plain]
Saving to: ‘/root/process_mining/announcements/data/30_04_2022/ann30.04.2022-19-30-01.json’

     0K                                                       100% 12.1M=0s

2022-04-30 19:30:01 (12.1 MB/s) - ‘/root/process_mining/announcements/data/30_04_2022/ann30.04.2022-19-30-01.json’ saved [60/60]

--2022-04-30 19:40:01--  https://files.cloudgdansk.pl/d/otwarte-dane/ztm/bsk.json
Resolving files.cloudgdansk.pl (files.cloudgdansk.pl)... 153.19.238.147
Connecting to files.cloudgdansk.pl (files.cloudgdansk.pl)|153.19.238.147|:443... connected.
HTTP request sent, awaiting response... 200 OK
Length: 60 [text/plain]
Saving to: ‘/root/process_mining/announcements/data/30_04_2022/ann30.04.2022-19-40-01.json’

     0K                                                       100% 11.7M=0s

2022-04-30 19:40:02 (11.7 MB/s) - ‘/root/process_mining/announcements/data/30_04_2022/ann30.04.2022-19-40-01.json’ saved [60/60]

--2022-04-30 19:50:01--  https://files.cloudgdansk.pl/d/otwarte-dane/ztm/bsk.json
Resolving files.cloudgdansk.pl (files.cloudgdansk.pl)... 153.19.238.147
Connecting to files.cloudgdansk.pl (files.cloudgdansk.pl)|153.19.238.147|:443... connected.
HTTP request sent, awaiting response... 200 OK
Length: 60 [text/plain]
Saving to: ‘/root/process_mining/announcements/data/30_04_2022/ann30.04.2022-19-50-01.json’

     0K                                                       100% 12.1M=0s

2022-04-30 19:50:01 (12.1 MB/s) - ‘/root/process_mining/announcements/data/30_04_2022/ann30.04.2022-19-50-01.json’ saved [60/60]

--2022-04-30 20:00:01--  https://files.cloudgdansk.pl/d/otwarte-dane/ztm/bsk.json
Resolving files.cloudgdansk.pl (files.cloudgdansk.pl)... 153.19.238.147
Connecting to files.cloudgdansk.pl (files.cloudgdansk.pl)|153.19.238.147|:443... connected.
HTTP request sent, awaiting response... 200 OK
Length: 60 [text/plain]
Saving to: ‘/root/process_mining/announcements/data/30_04_2022/ann30.04.2022-20-00-01.json’

     0K                                                       100% 11.5M=0s

2022-04-30 20:00:01 (11.5 MB/s) - ‘/root/process_mining/announcements/data/30_04_2022/ann30.04.2022-20-00-01.json’ saved [60/60]

--2022-04-30 20:10:01--  https://files.cloudgdansk.pl/d/otwarte-dane/ztm/bsk.json
Resolving files.cloudgdansk.pl (files.cloudgdansk.pl)... 153.19.238.147
Connecting to files.cloudgdansk.pl (files.cloudgdansk.pl)|153.19.238.147|:443... connected.
HTTP request sent, awaiting response... 200 OK
Length: 60 [text/plain]
Saving to: ‘/root/process_mining/announcements/data/30_04_2022/ann30.04.2022-20-10-01.json’

     0K                                                       100% 12.1M=0s

2022-04-30 20:10:02 (12.1 MB/s) - ‘/root/process_mining/announcements/data/30_04_2022/ann30.04.2022-20-10-01.json’ saved [60/60]

--2022-04-30 20:20:01--  https://files.cloudgdansk.pl/d/otwarte-dane/ztm/bsk.json
Resolving files.cloudgdansk.pl (files.cloudgdansk.pl)... 153.19.238.147
Connecting to files.cloudgdansk.pl (files.cloudgdansk.pl)|153.19.238.147|:443... connected.
HTTP request sent, awaiting response... 200 OK
Length: 60 [text/plain]
Saving to: ‘/root/process_mining/announcements/data/30_04_2022/ann30.04.2022-20-20-01.json’

     0K                                                       100% 11.9M=0s

2022-04-30 20:20:01 (11.9 MB/s) - ‘/root/process_mining/announcements/data/30_04_2022/ann30.04.2022-20-20-01.json’ saved [60/60]

--2022-04-30 20:30:01--  https://files.cloudgdansk.pl/d/otwarte-dane/ztm/bsk.json
Resolving files.cloudgdansk.pl (files.cloudgdansk.pl)... 153.19.238.147
Connecting to files.cloudgdansk.pl (files.cloudgdansk.pl)|153.19.238.147|:443... connected.
HTTP request sent, awaiting response... 200 OK
Length: 60 [text/plain]
Saving to: ‘/root/process_mining/announcements/data/30_04_2022/ann30.04.2022-20-30-01.json’

     0K                                                       100% 13.3M=0s

2022-04-30 20:30:02 (13.3 MB/s) - ‘/root/process_mining/announcements/data/30_04_2022/ann30.04.2022-20-30-01.json’ saved [60/60]

--2022-04-30 20:40:01--  https://files.cloudgdansk.pl/d/otwarte-dane/ztm/bsk.json
Resolving files.cloudgdansk.pl (files.cloudgdansk.pl)... 153.19.238.147
Connecting to files.cloudgdansk.pl (files.cloudgdansk.pl)|153.19.238.147|:443... connected.
HTTP request sent, awaiting response... 200 OK
Length: 60 [text/plain]
Saving to: ‘/root/process_mining/announcements/data/30_04_2022/ann30.04.2022-20-40-01.json’

     0K                                                       100% 11.7M=0s

2022-04-30 20:40:02 (11.7 MB/s) - ‘/root/process_mining/announcements/data/30_04_2022/ann30.04.2022-20-40-01.json’ saved [60/60]

--2022-04-30 20:50:01--  https://files.cloudgdansk.pl/d/otwarte-dane/ztm/bsk.json
Resolving files.cloudgdansk.pl (files.cloudgdansk.pl)... 153.19.238.147
Connecting to files.cloudgdansk.pl (files.cloudgdansk.pl)|153.19.238.147|:443... connected.
HTTP request sent, awaiting response... 200 OK
Length: 60 [text/plain]
Saving to: ‘/root/process_mining/announcements/data/30_04_2022/ann30.04.2022-20-50-01.json’

     0K                                                       100% 11.6M=0s

2022-04-30 20:50:01 (11.6 MB/s) - ‘/root/process_mining/announcements/data/30_04_2022/ann30.04.2022-20-50-01.json’ saved [60/60]

--2022-04-30 21:00:01--  https://files.cloudgdansk.pl/d/otwarte-dane/ztm/bsk.json
Resolving files.cloudgdansk.pl (files.cloudgdansk.pl)... 153.19.238.147
Connecting to files.cloudgdansk.pl (files.cloudgdansk.pl)|153.19.238.147|:443... connected.
HTTP request sent, awaiting response... 200 OK
Length: 60 [text/plain]
Saving to: ‘/root/process_mining/announcements/data/30_04_2022/ann30.04.2022-21-00-01.json’

     0K                                                       100% 12.1M=0s

2022-04-30 21:00:02 (12.1 MB/s) - ‘/root/process_mining/announcements/data/30_04_2022/ann30.04.2022-21-00-01.json’ saved [60/60]

--2022-04-30 21:10:01--  https://files.cloudgdansk.pl/d/otwarte-dane/ztm/bsk.json
Resolving files.cloudgdansk.pl (files.cloudgdansk.pl)... 153.19.238.147
Connecting to files.cloudgdansk.pl (files.cloudgdansk.pl)|153.19.238.147|:443... connected.
HTTP request sent, awaiting response... 200 OK
Length: 60 [text/plain]
Saving to: ‘/root/process_mining/announcements/data/30_04_2022/ann30.04.2022-21-10-01.json’

     0K                                                       100% 11.7M=0s

2022-04-30 21:10:01 (11.7 MB/s) - ‘/root/process_mining/announcements/data/30_04_2022/ann30.04.2022-21-10-01.json’ saved [60/60]

--2022-04-30 21:20:01--  https://files.cloudgdansk.pl/d/otwarte-dane/ztm/bsk.json
Resolving files.cloudgdansk.pl (files.cloudgdansk.pl)... 153.19.238.147
Connecting to files.cloudgdansk.pl (files.cloudgdansk.pl)|153.19.238.147|:443... connected.
HTTP request sent, awaiting response... 200 OK
Length: 60 [text/plain]
Saving to: ‘/root/process_mining/announcements/data/30_04_2022/ann30.04.2022-21-20-01.json’

     0K                                                       100% 9.35M=0s

2022-04-30 21:20:02 (9.35 MB/s) - ‘/root/process_mining/announcements/data/30_04_2022/ann30.04.2022-21-20-01.json’ saved [60/60]

--2022-04-30 21:30:01--  https://files.cloudgdansk.pl/d/otwarte-dane/ztm/bsk.json
Resolving files.cloudgdansk.pl (files.cloudgdansk.pl)... 153.19.238.147
Connecting to files.cloudgdansk.pl (files.cloudgdansk.pl)|153.19.238.147|:443... connected.
HTTP request sent, awaiting response... 200 OK
Length: 60 [text/plain]
Saving to: ‘/root/process_mining/announcements/data/30_04_2022/ann30.04.2022-21-30-01.json’

     0K                                                       100% 12.2M=0s

2022-04-30 21:30:02 (12.2 MB/s) - ‘/root/process_mining/announcements/data/30_04_2022/ann30.04.2022-21-30-01.json’ saved [60/60]

--2022-04-30 21:40:01--  https://files.cloudgdansk.pl/d/otwarte-dane/ztm/bsk.json
Resolving files.cloudgdansk.pl (files.cloudgdansk.pl)... 153.19.238.147
Connecting to files.cloudgdansk.pl (files.cloudgdansk.pl)|153.19.238.147|:443... connected.
HTTP request sent, awaiting response... 200 OK
Length: 60 [text/plain]
Saving to: ‘/root/process_mining/announcements/data/30_04_2022/ann30.04.2022-21-40-01.json’

     0K                                                       100% 11.7M=0s

2022-04-30 21:40:02 (11.7 MB/s) - ‘/root/process_mining/announcements/data/30_04_2022/ann30.04.2022-21-40-01.json’ saved [60/60]

--2022-04-30 21:50:01--  https://files.cloudgdansk.pl/d/otwarte-dane/ztm/bsk.json
Resolving files.cloudgdansk.pl (files.cloudgdansk.pl)... 153.19.238.147
Connecting to files.cloudgdansk.pl (files.cloudgdansk.pl)|153.19.238.147|:443... connected.
HTTP request sent, awaiting response... 200 OK
Length: 60 [text/plain]
Saving to: ‘/root/process_mining/announcements/data/30_04_2022/ann30.04.2022-21-50-01.json’

     0K                                                       100% 10.2M=0s

2022-04-30 21:50:02 (10.2 MB/s) - ‘/root/process_mining/announcements/data/30_04_2022/ann30.04.2022-21-50-01.json’ saved [60/60]

--2022-04-30 22:00:01--  https://files.cloudgdansk.pl/d/otwarte-dane/ztm/bsk.json
Resolving files.cloudgdansk.pl (files.cloudgdansk.pl)... 153.19.238.147
Connecting to files.cloudgdansk.pl (files.cloudgdansk.pl)|153.19.238.147|:443... connected.
HTTP request sent, awaiting response... 200 OK
Length: 60 [text/plain]
Saving to: ‘/root/process_mining/announcements/data/30_04_2022/ann30.04.2022-22-00-01.json’

     0K                                                       100% 11.4M=0s

2022-04-30 22:00:01 (11.4 MB/s) - ‘/root/process_mining/announcements/data/30_04_2022/ann30.04.2022-22-00-01.json’ saved [60/60]

--2022-04-30 22:10:01--  https://files.cloudgdansk.pl/d/otwarte-dane/ztm/bsk.json
Resolving files.cloudgdansk.pl (files.cloudgdansk.pl)... 153.19.238.147
Connecting to files.cloudgdansk.pl (files.cloudgdansk.pl)|153.19.238.147|:443... connected.
HTTP request sent, awaiting response... 200 OK
Length: 60 [text/plain]
Saving to: ‘/root/process_mining/announcements/data/30_04_2022/ann30.04.2022-22-10-01.json’

     0K                                                       100% 12.1M=0s

2022-04-30 22:10:02 (12.1 MB/s) - ‘/root/process_mining/announcements/data/30_04_2022/ann30.04.2022-22-10-01.json’ saved [60/60]

--2022-04-30 22:20:01--  https://files.cloudgdansk.pl/d/otwarte-dane/ztm/bsk.json
Resolving files.cloudgdansk.pl (files.cloudgdansk.pl)... 153.19.238.147
Connecting to files.cloudgdansk.pl (files.cloudgdansk.pl)|153.19.238.147|:443... connected.
HTTP request sent, awaiting response... 200 OK
Length: 60 [text/plain]
Saving to: ‘/root/process_mining/announcements/data/30_04_2022/ann30.04.2022-22-20-01.json’

     0K                                                       100% 12.5M=0s

2022-04-30 22:20:02 (12.5 MB/s) - ‘/root/process_mining/announcements/data/30_04_2022/ann30.04.2022-22-20-01.json’ saved [60/60]

--2022-04-30 22:30:01--  https://files.cloudgdansk.pl/d/otwarte-dane/ztm/bsk.json
Resolving files.cloudgdansk.pl (files.cloudgdansk.pl)... 153.19.238.147
Connecting to files.cloudgdansk.pl (files.cloudgdansk.pl)|153.19.238.147|:443... connected.
HTTP request sent, awaiting response... 200 OK
Length: 60 [text/plain]
Saving to: ‘/root/process_mining/announcements/data/30_04_2022/ann30.04.2022-22-30-01.json’

     0K                                                       100% 12.2M=0s

2022-04-30 22:30:02 (12.2 MB/s) - ‘/root/process_mining/announcements/data/30_04_2022/ann30.04.2022-22-30-01.json’ saved [60/60]

--2022-04-30 22:40:01--  https://files.cloudgdansk.pl/d/otwarte-dane/ztm/bsk.json
Resolving files.cloudgdansk.pl (files.cloudgdansk.pl)... 153.19.238.147
Connecting to files.cloudgdansk.pl (files.cloudgdansk.pl)|153.19.238.147|:443... connected.
HTTP request sent, awaiting response... 200 OK
Length: 60 [text/plain]
Saving to: ‘/root/process_mining/announcements/data/30_04_2022/ann30.04.2022-22-40-01.json’

     0K                                                       100% 11.9M=0s

2022-04-30 22:40:01 (11.9 MB/s) - ‘/root/process_mining/announcements/data/30_04_2022/ann30.04.2022-22-40-01.json’ saved [60/60]

--2022-04-30 22:50:01--  https://files.cloudgdansk.pl/d/otwarte-dane/ztm/bsk.json
Resolving files.cloudgdansk.pl (files.cloudgdansk.pl)... 153.19.238.147
Connecting to files.cloudgdansk.pl (files.cloudgdansk.pl)|153.19.238.147|:443... connected.
HTTP request sent, awaiting response... 200 OK
Length: 60 [text/plain]
Saving to: ‘/root/process_mining/announcements/data/30_04_2022/ann30.04.2022-22-50-01.json’

     0K                                                       100% 10.9M=0s

2022-04-30 22:50:02 (10.9 MB/s) - ‘/root/process_mining/announcements/data/30_04_2022/ann30.04.2022-22-50-01.json’ saved [60/60]

--2022-04-30 23:00:01--  https://files.cloudgdansk.pl/d/otwarte-dane/ztm/bsk.json
Resolving files.cloudgdansk.pl (files.cloudgdansk.pl)... 153.19.238.147
Connecting to files.cloudgdansk.pl (files.cloudgdansk.pl)|153.19.238.147|:443... connected.
HTTP request sent, awaiting response... 200 OK
Length: 60 [text/plain]
Saving to: ‘/root/process_mining/announcements/data/30_04_2022/ann30.04.2022-23-00-01.json’

     0K                                                       100% 8.78M=0s

2022-04-30 23:00:01 (8.78 MB/s) - ‘/root/process_mining/announcements/data/30_04_2022/ann30.04.2022-23-00-01.json’ saved [60/60]

--2022-04-30 23:10:02--  https://files.cloudgdansk.pl/d/otwarte-dane/ztm/bsk.json
Resolving files.cloudgdansk.pl (files.cloudgdansk.pl)... 153.19.238.147
Connecting to files.cloudgdansk.pl (files.cloudgdansk.pl)|153.19.238.147|:443... connected.
HTTP request sent, awaiting response... 200 OK
Length: 60 [text/plain]
Saving to: ‘/root/process_mining/announcements/data/30_04_2022/ann30.04.2022-23-10-02.json’

     0K                                                       100% 12.3M=0s

2022-04-30 23:10:02 (12.3 MB/s) - ‘/root/process_mining/announcements/data/30_04_2022/ann30.04.2022-23-10-02.json’ saved [60/60]

--2022-04-30 23:20:01--  https://files.cloudgdansk.pl/d/otwarte-dane/ztm/bsk.json
Resolving files.cloudgdansk.pl (files.cloudgdansk.pl)... 153.19.238.147
Connecting to files.cloudgdansk.pl (files.cloudgdansk.pl)|153.19.238.147|:443... connected.
HTTP request sent, awaiting response... 200 OK
Length: 60 [text/plain]
Saving to: ‘/root/process_mining/announcements/data/30_04_2022/ann30.04.2022-23-20-01.json’

     0K                                                       100% 10.9M=0s

2022-04-30 23:20:02 (10.9 MB/s) - ‘/root/process_mining/announcements/data/30_04_2022/ann30.04.2022-23-20-01.json’ saved [60/60]

--2022-04-30 23:30:01--  https://files.cloudgdansk.pl/d/otwarte-dane/ztm/bsk.json
Resolving files.cloudgdansk.pl (files.cloudgdansk.pl)... 153.19.238.147
Connecting to files.cloudgdansk.pl (files.cloudgdansk.pl)|153.19.238.147|:443... connected.
HTTP request sent, awaiting response... 200 OK
Length: 60 [text/plain]
Saving to: ‘/root/process_mining/announcements/data/30_04_2022/ann30.04.2022-23-30-01.json’

     0K                                                       100% 12.9M=0s

2022-04-30 23:30:01 (12.9 MB/s) - ‘/root/process_mining/announcements/data/30_04_2022/ann30.04.2022-23-30-01.json’ saved [60/60]

--2022-04-30 23:40:01--  https://files.cloudgdansk.pl/d/otwarte-dane/ztm/bsk.json
Resolving files.cloudgdansk.pl (files.cloudgdansk.pl)... 153.19.238.147
Connecting to files.cloudgdansk.pl (files.cloudgdansk.pl)|153.19.238.147|:443... connected.
HTTP request sent, awaiting response... 200 OK
Length: 60 [text/plain]
Saving to: ‘/root/process_mining/announcements/data/30_04_2022/ann30.04.2022-23-40-01.json’

     0K                                                       100% 9.31M=0s

2022-04-30 23:40:02 (9.31 MB/s) - ‘/root/process_mining/announcements/data/30_04_2022/ann30.04.2022-23-40-01.json’ saved [60/60]

--2022-04-30 23:50:01--  https://files.cloudgdansk.pl/d/otwarte-dane/ztm/bsk.json
Resolving files.cloudgdansk.pl (files.cloudgdansk.pl)... 153.19.238.147
Connecting to files.cloudgdansk.pl (files.cloudgdansk.pl)|153.19.238.147|:443... connected.
HTTP request sent, awaiting response... 200 OK
Length: 60 [text/plain]
Saving to: ‘/root/process_mining/announcements/data/30_04_2022/ann30.04.2022-23-50-01.json’

     0K                                                       100% 8.74M=0s

2022-04-30 23:50:01 (8.74 MB/s) - ‘/root/process_mining/announcements/data/30_04_2022/ann30.04.2022-23-50-01.json’ saved [60/60]

