--2022-04-30 02:55:01--  https://ckan.multimediagdansk.pl/dataset/c24aa637-3619-4dc2-a171-a23eec8f2172/resource/3115d29d-b763-4af5-93f6-763b835967d6/download/stopsintrip.json
Resolving ckan.multimediagdansk.pl (ckan.multimediagdansk.pl)... 91.244.248.30
Connecting to ckan.multimediagdansk.pl (ckan.multimediagdansk.pl)|91.244.248.30|:443... connected.
HTTP request sent, awaiting response... 200 OK
Length: 47443849 (45M) [application/json]
Saving to: ‘/root/process_mining/trips_tracing/stopsintrip.json’

     0K .......... .......... .......... .......... ..........  0%  886K 52s
    50K .......... .......... .......... .......... ..........  0% 1.74M 39s
   100K .......... .......... .......... .......... ..........  0% 19.0M 27s
   150K .......... .......... .......... .......... ..........  0%  105M 20s
   200K .......... .......... .......... .......... ..........  0% 1.76M 21s
   250K .......... .......... .......... .......... ..........  0% 80.4M 18s
   300K .......... .......... .......... .......... ..........  0% 76.6M 15s
   350K .......... .......... .......... .......... ..........  0% 76.3M 13s
   400K .......... .......... .......... .......... ..........  0% 1.94M 15s
   450K .......... .......... .......... .......... ..........  1% 35.8M 13s
   500K .......... .......... .......... .......... ..........  1% 64.7M 12s
   550K .......... .......... .......... .......... ..........  1% 62.1M 11s
   600K .......... .......... .......... .......... ..........  1% 71.1M 10s
   650K .......... .......... .......... .......... ..........  1% 76.6M 10s
   700K .......... .......... .......... .......... ..........  1% 66.8M 9s
   750K .......... .......... .......... .......... ..........  1%  144M 8s
   800K .......... .......... .......... .......... ..........  1%  152M 8s
   850K .......... .......... .......... .......... ..........  1% 2.15M 9s
   900K .......... .......... .......... .......... ..........  2% 49.2M 8s
   950K .......... .......... .......... .......... ..........  2% 67.3M 8s
  1000K .......... .......... .......... .......... ..........  2% 64.9M 7s
  1050K .......... .......... .......... .......... ..........  2% 1.64M 8s
  1100K .......... .......... .......... .......... ..........  2% 76.7M 8s
  1150K .......... .......... .......... .......... ..........  2% 44.0M 8s
  1200K .......... .......... .......... .......... ..........  2% 87.7M 7s
  1250K .......... .......... .......... .......... ..........  2%  125M 7s
  1300K .......... .......... .......... .......... ..........  2% 99.5M 7s
  1350K .......... .......... .......... .......... ..........  3%  116M 7s
  1400K .......... .......... .......... .......... ..........  3%  157M 6s
  1450K .......... .......... .......... .......... ..........  3%  109M 6s
  1500K .......... .......... .......... .......... ..........  3%  106M 6s
  1550K .......... .......... .......... .......... ..........  3%  104M 6s
  1600K .......... .......... .......... .......... ..........  3%  109M 6s
  1650K .......... .......... .......... .......... ..........  3%  157M 5s
  1700K .......... .......... .......... .......... ..........  3% 2.68M 6s
  1750K .......... .......... .......... .......... ..........  3%  139M 6s
  1800K .......... .......... .......... .......... ..........  3%  137M 5s
  1850K .......... .......... .......... .......... ..........  4%  152M 5s
  1900K .......... .......... .......... .......... ..........  4% 87.3M 5s
  1950K .......... .......... .......... .......... ..........  4% 84.6M 5s
  2000K .......... .......... .......... .......... ..........  4% 91.8M 5s
  2050K .......... .......... .......... .......... ..........  4% 77.1M 5s
  2100K .......... .......... .......... .......... ..........  4% 99.9M 5s
  2150K .......... .......... .......... .......... ..........  4% 78.2M 5s
  2200K .......... .......... .......... .......... ..........  4% 82.2M 5s
  2250K .......... .......... .......... .......... ..........  4% 87.0M 4s
  2300K .......... .......... .......... .......... ..........  5%  104M 4s
  2350K .......... .......... .......... .......... ..........  5%  147M 4s
  2400K .......... .......... .......... .......... ..........  5%  159M 4s
  2450K .......... .......... .......... .......... ..........  5% 85.5M 4s
  2500K .......... .......... .......... .......... ..........  5%  127M 4s
  2550K .......... .......... .......... .......... ..........  5% 96.3M 4s
  2600K .......... .......... .......... .......... ..........  5%  151M 4s
  2650K .......... .......... .......... .......... ..........  5%  112M 4s
  2700K .......... .......... .......... .......... ..........  5% 94.0M 4s
  2750K .......... .......... .......... .......... ..........  6%  122M 4s
  2800K .......... .......... .......... .......... ..........  6% 94.9M 4s
  2850K .......... .......... .......... .......... ..........  6%  153M 4s
  2900K .......... .......... .......... .......... ..........  6%  162M 4s
  2950K .......... .......... .......... .......... ..........  6%  139M 3s
  3000K .......... .......... .......... .......... ..........  6%  154M 3s
  3050K .......... .......... .......... .......... ..........  6%  140M 3s
  3100K .......... .......... .......... .......... ..........  6% 3.08M 3s
  3150K .......... .......... .......... .......... ..........  6% 23.7M 3s
  3200K .......... .......... .......... .......... ..........  7% 70.9M 3s
  3250K .......... .......... .......... .......... ..........  7% 78.9M 3s
  3300K .......... .......... .......... .......... ..........  7% 84.8M 3s
  3350K .......... .......... .......... .......... ..........  7% 90.6M 3s
  3400K .......... .......... .......... .......... ..........  7% 94.7M 3s
  3450K .......... .......... .......... .......... ..........  7% 83.7M 3s
  3500K .......... .......... .......... .......... ..........  7% 65.6M 3s
  3550K .......... .......... .......... .......... ..........  7% 91.0M 3s
  3600K .......... .......... .......... .......... ..........  7%  108M 3s
  3650K .......... .......... .......... .......... ..........  7% 62.9M 3s
  3700K .......... .......... .......... .......... ..........  8% 53.5M 3s
  3750K .......... .......... .......... .......... ..........  8% 55.4M 3s
  3800K .......... .......... .......... .......... ..........  8% 58.2M 3s
  3850K .......... .......... .......... .......... ..........  8% 73.9M 3s
  3900K .......... .......... .......... .......... ..........  8% 2.62M 3s
  3950K .......... .......... .......... .......... ..........  8% 39.0M 3s
  4000K .......... .......... .......... .......... ..........  8% 95.8M 3s
  4050K .......... .......... .......... .......... ..........  8% 81.3M 3s
  4100K .......... .......... .......... .......... ..........  8% 97.5M 3s
  4150K .......... .......... .......... .......... ..........  9% 87.7M 3s
  4200K .......... .......... .......... .......... ..........  9% 76.3M 3s
  4250K .......... .......... .......... .......... ..........  9% 95.4M 3s
  4300K .......... .......... .......... .......... ..........  9% 72.4M 3s
  4350K .......... .......... .......... .......... ..........  9% 99.1M 3s
  4400K .......... .......... .......... .......... ..........  9% 72.6M 3s
  4450K .......... .......... .......... .......... ..........  9% 54.1M 3s
  4500K .......... .......... .......... .......... ..........  9% 48.1M 3s
  4550K .......... .......... .......... .......... ..........  9% 59.4M 3s
  4600K .......... .......... .......... .......... .......... 10% 97.5M 3s
  4650K .......... .......... .......... .......... .......... 10% 27.0M 3s
  4700K .......... .......... .......... .......... .......... 10% 2.68M 3s
  4750K .......... .......... .......... .......... .......... 10% 97.6M 3s
  4800K .......... .......... .......... .......... .......... 10% 84.6M 3s
  4850K .......... .......... .......... .......... .......... 10% 94.9M 3s
  4900K .......... .......... .......... .......... .......... 10% 99.3M 3s
  4950K .......... .......... .......... .......... .......... 10% 64.5M 3s
  5000K .......... .......... .......... .......... .......... 10% 89.1M 3s
  5050K .......... .......... .......... .......... .......... 11% 80.3M 3s
  5100K .......... .......... .......... .......... .......... 11%  102M 3s
  5150K .......... .......... .......... .......... .......... 11% 85.0M 3s
  5200K .......... .......... .......... .......... .......... 11% 55.4M 3s
  5250K .......... .......... .......... .......... .......... 11% 52.8M 2s
  5300K .......... .......... .......... .......... .......... 11% 81.4M 2s
  5350K .......... .......... .......... .......... .......... 11% 49.9M 2s
  5400K .......... .......... .......... .......... .......... 11% 32.7M 2s
  5450K .......... .......... .......... .......... .......... 11% 2.74M 3s
  5500K .......... .......... .......... .......... .......... 11% 49.0M 3s
  5550K .......... .......... .......... .......... .......... 12% 72.5M 3s
  5600K .......... .......... .......... .......... .......... 12% 84.8M 2s
  5650K .......... .......... .......... .......... .......... 12% 83.4M 2s
  5700K .......... .......... .......... .......... .......... 12% 78.3M 2s
  5750K .......... .......... .......... .......... .......... 12% 90.2M 2s
  5800K .......... .......... .......... .......... .......... 12% 67.7M 2s
  5850K .......... .......... .......... .......... .......... 12% 96.8M 2s
  5900K .......... .......... .......... .......... .......... 12% 98.3M 2s
  5950K .......... .......... .......... .......... .......... 12% 76.5M 2s
  6000K .......... .......... .......... .......... .......... 13% 52.7M 2s
  6050K .......... .......... .......... .......... .......... 13% 85.8M 2s
  6100K .......... .......... .......... .......... .......... 13% 48.3M 2s
  6150K .......... .......... .......... .......... .......... 13% 42.6M 2s
  6200K .......... .......... .......... .......... .......... 13% 24.8M 2s
  6250K .......... .......... .......... .......... .......... 13% 3.00M 2s
  6300K .......... .......... .......... .......... .......... 13% 28.3M 2s
  6350K .......... .......... .......... .......... .......... 13% 88.1M 2s
  6400K .......... .......... .......... .......... .......... 13% 96.7M 2s
  6450K .......... .......... .......... .......... .......... 14% 84.4M 2s
  6500K .......... .......... .......... .......... .......... 14% 93.7M 2s
  6550K .......... .......... .......... .......... .......... 14% 61.7M 2s
  6600K .......... .......... .......... .......... .......... 14% 80.3M 2s
  6650K .......... .......... .......... .......... .......... 14% 88.5M 2s
  6700K .......... .......... .......... .......... .......... 14% 85.0M 2s
  6750K .......... .......... .......... .......... .......... 14%  105M 2s
  6800K .......... .......... .......... .......... .......... 14% 48.5M 2s
  6850K .......... .......... .......... .......... .......... 14% 52.4M 2s
  6900K .......... .......... .......... .......... .......... 15% 48.7M 2s
  6950K .......... .......... .......... .......... .......... 15% 26.2M 2s
  7000K .......... .......... .......... .......... .......... 15%  101M 2s
  7050K .......... .......... .......... .......... .......... 15% 2.78M 2s
  7100K .......... .......... .......... .......... .......... 15% 67.2M 2s
  7150K .......... .......... .......... .......... .......... 15% 80.7M 2s
  7200K .......... .......... .......... .......... .......... 15% 80.9M 2s
  7250K .......... .......... .......... .......... .......... 15%  113M 2s
  7300K .......... .......... .......... .......... .......... 15% 62.4M 2s
  7350K .......... .......... .......... .......... .......... 15% 72.1M 2s
  7400K .......... .......... .......... .......... .......... 16% 95.6M 2s
  7450K .......... .......... .......... .......... .......... 16% 68.9M 2s
  7500K .......... .......... .......... .......... .......... 16%  130M 2s
  7550K .......... .......... .......... .......... .......... 16% 54.3M 2s
  7600K .......... .......... .......... .......... .......... 16% 51.3M 2s
  7650K .......... .......... .......... .......... .......... 16% 52.2M 2s
  7700K .......... .......... .......... .......... .......... 16% 28.0M 2s
  7750K .......... .......... .......... .......... .......... 16% 93.3M 2s
  7800K .......... .......... .......... .......... .......... 16% 14.2M 2s
  7850K .......... .......... .......... .......... .......... 17% 3.26M 2s
  7900K .......... .......... .......... .......... .......... 17% 76.2M 2s
  7950K .......... .......... .......... .......... .......... 17% 80.2M 2s
  8000K .......... .......... .......... .......... .......... 17%  104M 2s
  8050K .......... .......... .......... .......... .......... 17% 59.6M 2s
  8100K .......... .......... .......... .......... .......... 17% 95.3M 2s
  8150K .......... .......... .......... .......... .......... 17% 89.1M 2s
  8200K .......... .......... .......... .......... .......... 17% 82.0M 2s
  8250K .......... .......... .......... .......... .......... 17% 92.7M 2s
  8300K .......... .......... .......... .......... .......... 18% 61.6M 2s
  8350K .......... .......... .......... .......... .......... 18% 51.6M 2s
  8400K .......... .......... .......... .......... .......... 18% 54.6M 2s
  8450K .......... .......... .......... .......... .......... 18% 30.6M 2s
  8500K .......... .......... .......... .......... .......... 18% 94.8M 2s
  8550K .......... .......... .......... .......... .......... 18% 24.6M 2s
  8600K .......... .......... .......... .......... .......... 18% 26.4M 2s
  8650K .......... .......... .......... .......... .......... 18% 3.16M 2s
  8700K .......... .......... .......... .......... .......... 18% 77.3M 2s
  8750K .......... .......... .......... .......... .......... 18% 97.0M 2s
  8800K .......... .......... .......... .......... .......... 19% 62.4M 2s
  8850K .......... .......... .......... .......... .......... 19% 93.3M 2s
  8900K .......... .......... .......... .......... .......... 19% 89.6M 2s
  8950K .......... .......... .......... .......... .......... 19% 83.3M 2s
  9000K .......... .......... .......... .......... .......... 19% 93.5M 2s
  9050K .......... .......... .......... .......... .......... 19% 53.7M 2s
  9100K .......... .......... .......... .......... .......... 19% 70.4M 2s
  9150K .......... .......... .......... .......... .......... 19% 47.7M 2s
  9200K .......... .......... .......... .......... .......... 19% 79.1M 2s
  9250K .......... .......... .......... .......... .......... 20% 38.3M 2s
  9300K .......... .......... .......... .......... .......... 20% 24.5M 2s
  9350K .......... .......... .......... .......... .......... 20% 26.2M 2s
  9400K .......... .......... .......... .......... .......... 20% 27.1M 2s
  9450K .......... .......... .......... .......... .......... 20% 3.50M 2s
  9500K .......... .......... .......... .......... .......... 20% 55.1M 2s
  9550K .......... .......... .......... .......... .......... 20% 51.4M 2s
  9600K .......... .......... .......... .......... .......... 20%  107M 2s
  9650K .......... .......... .......... .......... .......... 20% 70.1M 2s
  9700K .......... .......... .......... .......... .......... 21% 81.8M 2s
  9750K .......... .......... .......... .......... .......... 21% 89.0M 2s
  9800K .......... .......... .......... .......... .......... 21% 64.0M 2s
  9850K .......... .......... .......... .......... .......... 21% 73.9M 2s
  9900K .......... .......... .......... .......... .......... 21% 46.1M 2s
  9950K .......... .......... .......... .......... .......... 21% 85.4M 2s
 10000K .......... .......... .......... .......... .......... 21% 94.5M 2s
 10050K .......... .......... .......... .......... .......... 21% 39.5M 2s
 10100K .......... .......... .......... .......... .......... 21% 25.4M 2s
 10150K .......... .......... .......... .......... .......... 22% 33.8M 2s
 10200K .......... .......... .......... .......... .......... 22% 52.2M 2s
 10250K .......... .......... .......... .......... .......... 22% 3.18M 2s
 10300K .......... .......... .......... .......... .......... 22% 46.1M 2s
 10350K .......... .......... .......... .......... .......... 22% 66.8M 2s
 10400K .......... .......... .......... .......... .......... 22% 91.1M 2s
 10450K .......... .......... .......... .......... .......... 22% 73.5M 2s
 10500K .......... .......... .......... .......... .......... 22% 73.3M 2s
 10550K .......... .......... .......... .......... .......... 22% 84.8M 2s
 10600K .......... .......... .......... .......... .......... 22% 57.8M 2s
 10650K .......... .......... .......... .......... .......... 23% 83.9M 2s
 10700K .......... .......... .......... .......... .......... 23% 79.8M 2s
 10750K .......... .......... .......... .......... .......... 23% 48.9M 2s
 10800K .......... .......... .......... .......... .......... 23% 47.8M 2s
 10850K .......... .......... .......... .......... .......... 23% 41.0M 2s
 10900K .......... .......... .......... .......... .......... 23% 53.9M 2s
 10950K .......... .......... .......... .......... .......... 23% 25.3M 2s
 11000K .......... .......... .......... .......... .......... 23% 27.3M 2s
 11050K .......... .......... .......... .......... .......... 23% 8.93M 2s
 11100K .......... .......... .......... .......... .......... 24% 4.88M 2s
 11150K .......... .......... .......... .......... .......... 24%  103M 2s
 11200K .......... .......... .......... .......... .......... 24% 49.2M 2s
 11250K .......... .......... .......... .......... .......... 24% 72.4M 2s
 11300K .......... .......... .......... .......... .......... 24% 74.6M 2s
 11350K .......... .......... .......... .......... .......... 24% 88.4M 2s
 11400K .......... .......... .......... .......... .......... 24%  114M 2s
 11450K .......... .......... .......... .......... .......... 24% 62.0M 2s
 11500K .......... .......... .......... .......... .......... 24% 64.0M 2s
 11550K .......... .......... .......... .......... .......... 25% 49.2M 2s
 11600K .......... .......... .......... .......... .......... 25% 55.0M 2s
 11650K .......... .......... .......... .......... .......... 25% 99.3M 2s
 11700K .......... .......... .......... .......... .......... 25% 29.3M 2s
 11750K .......... .......... .......... .......... .......... 25% 25.3M 2s
 11800K .......... .......... .......... .......... .......... 25% 17.7M 2s
 11850K .......... .......... .......... .......... .......... 25% 8.01M 2s
 11900K .......... .......... .......... .......... .......... 25% 5.99M 2s
 11950K .......... .......... .......... .......... .......... 25% 48.4M 2s
 12000K .......... .......... .......... .......... .......... 26% 66.8M 2s
 12050K .......... .......... .......... .......... .......... 26% 75.6M 2s
 12100K .......... .......... .......... .......... .......... 26% 95.2M 2s
 12150K .......... .......... .......... .......... .......... 26% 80.8M 2s
 12200K .......... .......... .......... .......... .......... 26% 84.6M 2s
 12250K .......... .......... .......... .......... .......... 26% 74.5M 2s
 12300K .......... .......... .......... .......... .......... 26% 66.8M 2s
 12350K .......... .......... .......... .......... .......... 26% 51.2M 2s
 12400K .......... .......... .......... .......... .......... 26% 85.3M 2s
 12450K .......... .......... .......... .......... .......... 26% 46.9M 2s
 12500K .......... .......... .......... .......... .......... 27% 35.8M 2s
 12550K .......... .......... .......... .......... .......... 27% 23.8M 2s
 12600K .......... .......... .......... .......... .......... 27% 59.7M 2s
 12650K .......... .......... .......... .......... .......... 27% 20.1M 2s
 12700K .......... .......... .......... .......... .......... 27% 3.53M 2s
 12750K .......... .......... .......... .......... .......... 27% 64.3M 2s
 12800K .......... .......... .......... .......... .......... 27% 54.0M 2s
 12850K .......... .......... .......... .......... .......... 27% 92.9M 2s
 12900K .......... .......... .......... .......... .......... 27% 95.4M 2s
 12950K .......... .......... .......... .......... .......... 28% 69.3M 2s
 13000K .......... .......... .......... .......... .......... 28% 91.6M 2s
 13050K .......... .......... .......... .......... .......... 28% 74.3M 2s
 13100K .......... .......... .......... .......... .......... 28% 94.2M 2s
 13150K .......... .......... .......... .......... .......... 28% 76.5M 2s
 13200K .......... .......... .......... .......... .......... 28% 50.5M 2s
 13250K .......... .......... .......... .......... .......... 28% 36.9M 2s
 13300K .......... .......... .......... .......... .......... 28% 49.6M 2s
 13350K .......... .......... .......... .......... .......... 28% 37.7M 2s
 13400K .......... .......... .......... .......... .......... 29% 31.6M 1s
 13450K .......... .......... .......... .......... .......... 29% 18.8M 1s
 13500K .......... .......... .......... .......... .......... 29% 5.71M 2s
 13550K .......... .......... .......... .......... .......... 29% 7.63M 2s
 13600K .......... .......... .......... .......... .......... 29% 99.5M 2s
 13650K .......... .......... .......... .......... .......... 29% 75.5M 2s
 13700K .......... .......... .......... .......... .......... 29% 77.0M 1s
 13750K .......... .......... .......... .......... .......... 29% 89.2M 1s
 13800K .......... .......... .......... .......... .......... 29% 75.1M 1s
 13850K .......... .......... .......... .......... .......... 30%  107M 1s
 13900K .......... .......... .......... .......... .......... 30% 83.6M 1s
 13950K .......... .......... .......... .......... .......... 30% 63.4M 1s
 14000K .......... .......... .......... .......... .......... 30% 55.2M 1s
 14050K .......... .......... .......... .......... .......... 30% 38.0M 1s
 14100K .......... .......... .......... .......... .......... 30% 88.5M 1s
 14150K .......... .......... .......... .......... .......... 30% 31.9M 1s
 14200K .......... .......... .......... .......... .......... 30% 27.6M 1s
 14250K .......... .......... .......... .......... .......... 30% 17.9M 1s
 14300K .......... .......... .......... .......... .......... 30% 24.1M 1s
 14350K .......... .......... .......... .......... .......... 31% 4.19M 1s
 14400K .......... .......... .......... .......... .......... 31% 30.1M 1s
 14450K .......... .......... .......... .......... .......... 31% 62.8M 1s
 14500K .......... .......... .......... .......... .......... 31% 80.6M 1s
 14550K .......... .......... .......... .......... .......... 31% 45.4M 1s
 14600K .......... .......... .......... .......... .......... 31% 91.2M 1s
 14650K .......... .......... .......... .......... .......... 31% 96.4M 1s
 14700K .......... .......... .......... .......... .......... 31% 74.5M 1s
 14750K .......... .......... .......... .......... .......... 31% 70.8M 1s
 14800K .......... .......... .......... .......... .......... 32% 72.3M 1s
 14850K .......... .......... .......... .......... .......... 32% 92.6M 1s
 14900K .......... .......... .......... .......... .......... 32% 50.9M 1s
 14950K .......... .......... .......... .......... .......... 32% 27.0M 1s
 15000K .......... .......... .......... .......... .......... 32% 32.3M 1s
 15050K .......... .......... .......... .......... .......... 32% 34.7M 1s
 15100K .......... .......... .......... .......... .......... 32% 14.9M 1s
 15150K .......... .......... .......... .......... .......... 32% 6.25M 1s
 15200K .......... .......... .......... .......... .......... 32% 8.87M 1s
 15250K .......... .......... .......... .......... .......... 33% 51.6M 1s
 15300K .......... .......... .......... .......... .......... 33% 90.3M 1s
 15350K .......... .......... .......... .......... .......... 33% 37.1M 1s
 15400K .......... .......... .......... .......... .......... 33% 89.1M 1s
 15450K .......... .......... .......... .......... .......... 33% 84.5M 1s
 15500K .......... .......... .......... .......... .......... 33% 64.9M 1s
 15550K .......... .......... .......... .......... .......... 33% 85.9M 1s
 15600K .......... .......... .......... .......... .......... 33% 92.3M 1s
 15650K .......... .......... .......... .......... .......... 33% 47.2M 1s
 15700K .......... .......... .......... .......... .......... 33% 92.0M 1s
 15750K .......... .......... .......... .......... .......... 34% 30.7M 1s
 15800K .......... .......... .......... .......... .......... 34% 91.1M 1s
 15850K .......... .......... .......... .......... .......... 34% 32.5M 1s
 15900K .......... .......... .......... .......... .......... 34% 8.56M 1s
 15950K .......... .......... .......... .......... .......... 34% 12.4M 1s
 16000K .......... .......... .......... .......... .......... 34% 7.25M 1s
 16050K .......... .......... .......... .......... .......... 34% 31.5M 1s
 16100K .......... .......... .......... .......... .......... 34% 24.9M 1s
 16150K .......... .......... .......... .......... .......... 34% 75.4M 1s
 16200K .......... .......... .......... .......... .......... 35% 86.6M 1s
 16250K .......... .......... .......... .......... .......... 35% 70.8M 1s
 16300K .......... .......... .......... .......... .......... 35% 72.0M 1s
 16350K .......... .......... .......... .......... .......... 35% 86.8M 1s
 16400K .......... .......... .......... .......... .......... 35% 93.2M 1s
 16450K .......... .......... .......... .......... .......... 35% 61.7M 1s
 16500K .......... .......... .......... .......... .......... 35% 93.4M 1s
 16550K .......... .......... .......... .......... .......... 35% 70.1M 1s
 16600K .......... .......... .......... .......... .......... 35% 35.8M 1s
 16650K .......... .......... .......... .......... .......... 36% 31.9M 1s
 16700K .......... .......... .......... .......... .......... 36% 12.3M 1s
 16750K .......... .......... .......... .......... .......... 36% 25.6M 1s
 16800K .......... .......... .......... .......... .......... 36% 5.39M 1s
 16850K .......... .......... .......... .......... .......... 36% 11.6M 1s
 16900K .......... .......... .......... .......... .......... 36% 64.6M 1s
 16950K .......... .......... .......... .......... .......... 36% 69.9M 1s
 17000K .......... .......... .......... .......... .......... 36% 97.8M 1s
 17050K .......... .......... .......... .......... .......... 36% 86.4M 1s
 17100K .......... .......... .......... .......... .......... 37% 81.0M 1s
 17150K .......... .......... .......... .......... .......... 37% 87.1M 1s
 17200K .......... .......... .......... .......... .......... 37% 45.3M 1s
 17250K .......... .......... .......... .......... .......... 37% 88.5M 1s
 17300K .......... .......... .......... .......... .......... 37% 85.5M 1s
 17350K .......... .......... .......... .......... .......... 37% 88.7M 1s
 17400K .......... .......... .......... .......... .......... 37% 33.9M 1s
 17450K .......... .......... .......... .......... .......... 37% 27.9M 1s
 17500K .......... .......... .......... .......... .......... 37%  142M 1s
 17550K .......... .......... .......... .......... .......... 37% 9.87M 1s
 17600K .......... .......... .......... .......... .......... 38% 8.58M 1s
 17650K .......... .......... .......... .......... .......... 38% 8.97M 1s
 17700K .......... .......... .......... .......... .......... 38% 15.2M 1s
 17750K .......... .......... .......... .......... .......... 38%  100M 1s
 17800K .......... .......... .......... .......... .......... 38% 60.5M 1s
 17850K .......... .......... .......... .......... .......... 38% 67.6M 1s
 17900K .......... .......... .......... .......... .......... 38% 89.9M 1s
 17950K .......... .......... .......... .......... .......... 38% 67.9M 1s
 18000K .......... .......... .......... .......... .......... 38%  112M 1s
 18050K .......... .......... .......... .......... .......... 39% 59.9M 1s
 18100K .......... .......... .......... .......... .......... 39% 83.6M 1s
 18150K .......... .......... .......... .......... .......... 39% 31.2M 1s
 18200K .......... .......... .......... .......... .......... 39% 73.3M 1s
 18250K .......... .......... .......... .......... .......... 39% 85.6M 1s
 18300K .......... .......... .......... .......... .......... 39% 48.0M 1s
 18350K .......... .......... .......... .......... .......... 39% 14.9M 1s
 18400K .......... .......... .......... .......... .......... 39% 14.1M 1s
 18450K .......... .......... .......... .......... .......... 39% 8.38M 1s
 18500K .......... .......... .......... .......... .......... 40% 8.63M 1s
 18550K .......... .......... .......... .......... .......... 40% 27.8M 1s
 18600K .......... .......... .......... .......... .......... 40% 50.5M 1s
 18650K .......... .......... .......... .......... .......... 40% 88.8M 1s
 18700K .......... .......... .......... .......... .......... 40% 71.9M 1s
 18750K .......... .......... .......... .......... .......... 40% 90.6M 1s
 18800K .......... .......... .......... .......... .......... 40% 78.0M 1s
 18850K .......... .......... .......... .......... .......... 40% 67.9M 1s
 18900K .......... .......... .......... .......... .......... 40% 29.1M 1s
 18950K .......... .......... .......... .......... .......... 41% 72.4M 1s
 19000K .......... .......... .......... .......... .......... 41% 79.6M 1s
 19050K .......... .......... .......... .......... .......... 41% 88.9M 1s
 19100K .......... .......... .......... .......... .......... 41% 65.2M 1s
 19150K .......... .......... .......... .......... .......... 41% 35.0M 1s
 19200K .......... .......... .......... .......... .......... 41% 13.4M 1s
 19250K .......... .......... .......... .......... .......... 41% 14.1M 1s
 19300K .......... .......... .......... .......... .......... 41% 8.19M 1s
 19350K .......... .......... .......... .......... .......... 41% 9.58M 1s
 19400K .......... .......... .......... .......... .......... 41% 33.2M 1s
 19450K .......... .......... .......... .......... .......... 42% 65.9M 1s
 19500K .......... .......... .......... .......... .......... 42%  113M 1s
 19550K .......... .......... .......... .......... .......... 42% 65.8M 1s
 19600K .......... .......... .......... .......... .......... 42% 48.5M 1s
 19650K .......... .......... .......... .......... .......... 42% 80.8M 1s
 19700K .......... .......... .......... .......... .......... 42% 90.7M 1s
 19750K .......... .......... .......... .......... .......... 42% 37.8M 1s
 19800K .......... .......... .......... .......... .......... 42% 69.2M 1s
 19850K .......... .......... .......... .......... .......... 42% 95.1M 1s
 19900K .......... .......... .......... .......... .......... 43% 49.6M 1s
 19950K .......... .......... .......... .......... .......... 43% 80.3M 1s
 20000K .......... .......... .......... .......... .......... 43% 14.9M 1s
 20050K .......... .......... .......... .......... .......... 43% 12.6M 1s
 20100K .......... .......... .......... .......... .......... 43% 21.6M 1s
 20150K .......... .......... .......... .......... .......... 43% 6.95M 1s
 20200K .......... .......... .......... .......... .......... 43% 13.4M 1s
 20250K .......... .......... .......... .......... .......... 43% 43.6M 1s
 20300K .......... .......... .......... .......... .......... 43% 79.5M 1s
 20350K .......... .......... .......... .......... .......... 44% 86.4M 1s
 20400K .......... .......... .......... .......... .......... 44%  137M 1s
 20450K .......... .......... .......... .......... .......... 44% 47.5M 1s
 20500K .......... .......... .......... .......... .......... 44% 81.8M 1s
 20550K .......... .......... .......... .......... .......... 44% 40.2M 1s
 20600K .......... .......... .......... .......... .......... 44% 68.1M 1s
 20650K .......... .......... .......... .......... .......... 44%  101M 1s
 20700K .......... .......... .......... .......... .......... 44% 71.8M 1s
 20750K .......... .......... .......... .......... .......... 44% 49.6M 1s
 20800K .......... .......... .......... .......... .......... 45% 46.0M 1s
 20850K .......... .......... .......... .......... .......... 45% 12.2M 1s
 20900K .......... .......... .......... .......... .......... 45%  458K 1s
 20950K .......... .......... .......... .......... .......... 45%  116M 1s
 21000K .......... .......... .......... .......... .......... 45%  115M 1s
 21050K .......... .......... .......... .......... .......... 45%  130M 1s
 21100K .......... .......... .......... .......... .......... 45%  149M 1s
 21150K .......... .......... .......... .......... .......... 45%  113M 1s
 21200K .......... .......... .......... .......... .......... 45% 1.57M 1s
 21250K .......... .......... .......... .......... .......... 45%  161M 1s
 21300K .......... .......... .......... .......... .......... 46%  129M 1s
 21350K .......... .......... .......... .......... .......... 46%  162M 1s
 21400K .......... .......... .......... .......... .......... 46%  163M 1s
 21450K .......... .......... .......... .......... .......... 46%  122M 1s
 21500K .......... .......... .......... .......... .......... 46%  142M 1s
 21550K .......... .......... .......... .......... .......... 46%  108M 1s
 21600K .......... .......... .......... .......... .......... 46%  149M 1s
 21650K .......... .......... .......... .......... .......... 46%  157M 1s
 21700K .......... .......... .......... .......... .......... 46%  139M 1s
 21750K .......... .......... .......... .......... .......... 47% 71.6M 1s
 21800K .......... .......... .......... .......... .......... 47%  120M 1s
 21850K .......... .......... .......... .......... .......... 47%  158M 1s
 21900K .......... .......... .......... .......... .......... 47%  156M 1s
 21950K .......... .......... .......... .......... .......... 47%  140M 1s
 22000K .......... .......... .......... .......... .......... 47%  118M 1s
 22050K .......... .......... .......... .......... .......... 47%  137M 1s
 22100K .......... .......... .......... .......... .......... 47%  137M 1s
 22150K .......... .......... .......... .......... .......... 47%  129M 1s
 22200K .......... .......... .......... .......... .......... 48%  993K 1s
 22250K .......... .......... .......... .......... .......... 48%  146M 1s
 22300K .......... .......... .......... .......... .......... 48%  131M 1s
 22350K .......... .......... .......... .......... .......... 48%  154M 1s
 22400K .......... .......... .......... .......... .......... 48%  157M 1s
 22450K .......... .......... .......... .......... .......... 48%  138M 1s
 22500K .......... .......... .......... .......... .......... 48%  140M 1s
 22550K .......... .......... .......... .......... .......... 48%  139M 1s
 22600K .......... .......... .......... .......... .......... 48%  152M 1s
 22650K .......... .......... .......... .......... .......... 48%  112M 1s
 22700K .......... .......... .......... .......... .......... 49%  139M 1s
 22750K .......... .......... .......... .......... .......... 49%  154M 1s
 22800K .......... .......... .......... .......... .......... 49%  136M 1s
 22850K .......... .......... .......... .......... .......... 49%  134M 1s
 22900K .......... .......... .......... .......... .......... 49% 2.26M 1s
 22950K .......... .......... .......... .......... .......... 49%  124M 1s
 23000K .......... .......... .......... .......... .......... 49%  160M 1s
 23050K .......... .......... .......... .......... .......... 49%  114M 1s
 23100K .......... .......... .......... .......... .......... 49%  161M 1s
 23150K .......... .......... .......... .......... .......... 50%  162M 1s
 23200K .......... .......... .......... .......... .......... 50% 2.01M 1s
 23250K .......... .......... .......... .......... .......... 50%  144M 1s
 23300K .......... .......... .......... .......... .......... 50%  133M 1s
 23350K .......... .......... .......... .......... .......... 50%  152M 1s
 23400K .......... .......... .......... .......... .......... 50%  162M 1s
 23450K .......... .......... .......... .......... .......... 50%  134M 1s
 23500K .......... .......... .......... .......... .......... 50%  144M 1s
 23550K .......... .......... .......... .......... .......... 50% 1.78M 1s
 23600K .......... .......... .......... .......... .......... 51%  158M 1s
 23650K .......... .......... .......... .......... .......... 51%  159M 1s
 23700K .......... .......... .......... .......... .......... 51%  133M 1s
 23750K .......... .......... .......... .......... .......... 51%  149M 1s
 23800K .......... .......... .......... .......... .......... 51%  136M 1s
 23850K .......... .......... .......... .......... .......... 51%  118M 1s
 23900K .......... .......... .......... .......... .......... 51%  163M 1s
 23950K .......... .......... .......... .......... .......... 51%  104M 1s
 24000K .......... .......... .......... .......... .......... 51%  148M 1s
 24050K .......... .......... .......... .......... .......... 52%  139M 1s
 24100K .......... .......... .......... .......... .......... 52%  164M 1s
 24150K .......... .......... .......... .......... .......... 52%  133M 1s
 24200K .......... .......... .......... .......... .......... 52% 10.5M 1s
 24250K .......... .......... .......... .......... .......... 52% 10.8M 1s
 24300K .......... .......... .......... .......... .......... 52% 6.04M 1s
 24350K .......... .......... .......... .......... .......... 52% 12.0M 1s
 24400K .......... .......... .......... .......... .......... 52% 20.7M 1s
 24450K .......... .......... .......... .......... .......... 52% 11.3M 1s
 24500K .......... .......... .......... .......... .......... 52% 7.69M 1s
 24550K .......... .......... .......... .......... .......... 53% 7.12M 1s
 24600K .......... .......... .......... .......... .......... 53% 11.1M 1s
 24650K .......... .......... .......... .......... .......... 53% 11.6M 1s
 24700K .......... .......... .......... .......... .......... 53% 20.0M 1s
 24750K .......... .......... .......... .......... .......... 53% 9.29M 1s
 24800K .......... .......... .......... .......... .......... 53% 6.79M 1s
 24850K .......... .......... .......... .......... .......... 53% 7.22M 1s
 24900K .......... .......... .......... .......... .......... 53% 19.2M 1s
 24950K .......... .......... .......... .......... .......... 53% 8.55M 1s
 25000K .......... .......... .......... .......... .......... 54% 30.4M 1s
 25050K .......... .......... .......... .......... .......... 54% 8.21M 1s
 25100K .......... .......... .......... .......... .......... 54% 8.26M 1s
 25150K .......... .......... .......... .......... .......... 54% 6.57M 1s
 25200K .......... .......... .......... .......... .......... 54% 9.28M 1s
 25250K .......... .......... .......... .......... .......... 54% 18.6M 1s
 25300K .......... .......... .......... .......... .......... 54% 12.8M 1s
 25350K .......... .......... .......... .......... .......... 54% 15.6M 1s
 25400K .......... .......... .......... .......... .......... 54% 7.92M 1s
 25450K .......... .......... .......... .......... .......... 55% 5.51M 1s
 25500K .......... .......... .......... .......... .......... 55% 10.1M 1s
 25550K .......... .......... .......... .......... .......... 55% 26.3M 1s
 25600K .......... .......... .......... .......... .......... 55% 14.7M 1s
 25650K .......... .......... .......... .......... .......... 55% 6.95M 1s
 25700K .......... .......... .......... .......... .......... 55% 17.3M 1s
 25750K .......... .......... .......... .......... .......... 55% 5.77M 1s
 25800K .......... .......... .......... .......... .......... 55% 10.4M 1s
 25850K .......... .......... .......... .......... .......... 55% 23.8M 1s
 25900K .......... .......... .......... .......... .......... 56% 15.9M 1s
 25950K .......... .......... .......... .......... .......... 56% 5.38M 1s
 26000K .......... .......... .......... .......... .......... 56% 47.2M 1s
 26050K .......... .......... .......... .......... .......... 56% 5.61M 1s
 26100K .......... .......... .......... .......... .......... 56% 11.3M 1s
 26150K .......... .......... .......... .......... .......... 56% 22.0M 1s
 26200K .......... .......... .......... .......... .......... 56% 5.12M 1s
 26250K .......... .......... .......... .......... .......... 56% 21.3M 1s
 26300K .......... .......... .......... .......... .......... 56% 39.3M 1s
 26350K .......... .......... .......... .......... .......... 56% 5.55M 1s
 26400K .......... .......... .......... .......... .......... 57% 11.3M 1s
 26450K .......... .......... .......... .......... .......... 57% 21.3M 1s
 26500K .......... .......... .......... .......... .......... 57% 8.57M 1s
 26550K .......... .......... .......... .......... .......... 57% 7.66M 1s
 26600K .......... .......... .......... .......... .......... 57% 18.1M 1s
 26650K .......... .......... .......... .......... .......... 57% 7.07M 1s
 26700K .......... .......... .......... .......... .......... 57% 8.96M 1s
 26750K .......... .......... .......... .......... .......... 57% 48.9M 1s
 26800K .......... .......... .......... .......... .......... 57% 5.25M 1s
 26850K .......... .......... .......... .......... .......... 58% 15.2M 1s
 26900K .......... .......... .......... .......... .......... 58% 23.6M 1s
 26950K .......... .......... .......... .......... .......... 58% 6.63M 1s
 27000K .......... .......... .......... .......... .......... 58% 9.35M 1s
 27050K .......... .......... .......... .......... .......... 58% 29.9M 1s
 27100K .......... .......... .......... .......... .......... 58% 6.92M 1s
 27150K .......... .......... .......... .......... .......... 58% 9.80M 1s
 27200K .......... .......... .......... .......... .......... 58% 11.8M 1s
 27250K .......... .......... .......... .......... .......... 58% 8.97M 1s
 27300K .......... .......... .......... .......... .......... 59% 8.29M 1s
 27350K .......... .......... .......... .......... .......... 59% 55.1M 1s
 27400K .......... .......... .......... .......... .......... 59% 7.03M 1s
 27450K .......... .......... .......... .......... .......... 59% 9.34M 1s
 27500K .......... .......... .......... .......... .......... 59% 27.8M 1s
 27550K .......... .......... .......... .......... .......... 59% 5.37M 1s
 27600K .......... .......... .......... .......... .......... 59% 11.2M 1s
 27650K .......... .......... .......... .......... .......... 59% 61.9M 1s
 27700K .......... .......... .......... .......... .......... 59% 5.34M 1s
 27750K .......... .......... .......... .......... .......... 60% 16.5M 1s
 27800K .......... .......... .......... .......... .......... 60% 11.9M 1s
 27850K .......... .......... .......... .......... .......... 60% 7.05M 1s
 27900K .......... .......... .......... .......... .......... 60% 11.2M 1s
 27950K .......... .......... .......... .......... .......... 60% 18.5M 1s
 28000K .......... .......... .......... .......... .......... 60% 6.77M 1s
 28050K .......... .......... .......... .......... .......... 60% 16.2M 1s
 28100K .......... .......... .......... .......... .......... 60% 12.2M 1s
 28150K .......... .......... .......... .......... .......... 60% 6.93M 1s
 28200K .......... .......... .......... .......... .......... 60% 10.8M 1s
 28250K .......... .......... .......... .......... .......... 61% 19.7M 1s
 28300K .......... .......... .......... .......... .......... 61% 6.57M 1s
 28350K .......... .......... .......... .......... .......... 61% 18.0M 1s
 28400K .......... .......... .......... .......... .......... 61% 8.35M 1s
 28450K .......... .......... .......... .......... .......... 61% 7.03M 1s
 28500K .......... .......... .......... .......... .......... 61% 16.4M 1s
 28550K .......... .......... .......... .......... .......... 61% 12.0M 1s
 28600K .......... .......... .......... .......... .......... 61% 8.54M 1s
 28650K .......... .......... .......... .......... .......... 61% 18.5M 1s
 28700K .......... .......... .......... .......... .......... 62% 8.88M 1s
 28750K .......... .......... .......... .......... .......... 62% 6.83M 1s
 28800K .......... .......... .......... .......... .......... 62% 14.5M 1s
 28850K .......... .......... .......... .......... .......... 62% 13.0M 1s
 28900K .......... .......... .......... .......... .......... 62% 8.47M 1s
 28950K .......... .......... .......... .......... .......... 62% 15.3M 1s
 29000K .......... .......... .......... .......... .......... 62% 9.98M 1s
 29050K .......... .......... .......... .......... .......... 62% 4.88M 1s
 29100K .......... .......... .......... .......... .......... 62% 64.5M 1s
 29150K .......... .......... .......... .......... .......... 63% 13.7M 1s
 29200K .......... .......... .......... .......... .......... 63% 7.05M 1s
 29250K .......... .......... .......... .......... .......... 63% 24.4M 1s
 29300K .......... .......... .......... .......... .......... 63% 7.04M 1s
 29350K .......... .......... .......... .......... .......... 63% 6.17M 1s
 29400K .......... .......... .......... .......... .......... 63% 24.1M 1s
 29450K .......... .......... .......... .......... .......... 63% 20.1M 1s
 29500K .......... .......... .......... .......... .......... 63% 8.54M 1s
 29550K .......... .......... .......... .......... .......... 63% 9.30M 1s
 29600K .......... .......... .......... .......... .......... 63% 10.4M 1s
 29650K .......... .......... .......... .......... .......... 64% 6.14M 1s
 29700K .......... .......... .......... .......... .......... 64% 24.7M 1s
 29750K .......... .......... .......... .......... .......... 64% 9.58M 1s
 29800K .......... .......... .......... .......... .......... 64% 10.9M 1s
 29850K .......... .......... .......... .......... .......... 64% 12.5M 1s
 29900K .......... .......... .......... .......... .......... 64% 10.2M 1s
 29950K .......... .......... .......... .......... .......... 64% 9.44M 1s
 30000K .......... .......... .......... .......... .......... 64% 9.94M 1s
 30050K .......... .......... .......... .......... .......... 64% 9.48M 1s
 30100K .......... .......... .......... .......... .......... 65% 17.4M 1s
 30150K .......... .......... .......... .......... .......... 65% 9.22M 1s
 30200K .......... .......... .......... .......... .......... 65% 9.79M 1s
 30250K .......... .......... .......... .......... .......... 65% 7.97M 1s
 30300K .......... .......... .......... .......... .......... 65% 12.9M 1s
 30350K .......... .......... .......... .......... .......... 65% 11.1M 1s
 30400K .......... .......... .......... .......... .......... 65% 10.1M 1s
 30450K .......... .......... .......... .......... .......... 65% 11.4M 1s
 30500K .......... .......... .......... .......... .......... 65% 10.1M 1s
 30550K .......... .......... .......... .......... .......... 66% 7.83M 1s
 30600K .......... .......... .......... .......... .......... 66% 14.1M 1s
 30650K .......... .......... .......... .......... .......... 66% 11.1M 1s
 30700K .......... .......... .......... .......... .......... 66% 10.0M 1s
 30750K .......... .......... .......... .......... .......... 66% 11.5M 1s
 30800K .......... .......... .......... .......... .......... 66% 9.51M 1s
 30850K .......... .......... .......... .......... .......... 66% 8.04M 1s
 30900K .......... .......... .......... .......... .......... 66% 13.8M 1s
 30950K .......... .......... .......... .......... .......... 66% 11.2M 1s
 31000K .......... .......... .......... .......... .......... 67% 10.1M 1s
 31050K .......... .......... .......... .......... .......... 67% 11.2M 1s
 31100K .......... .......... .......... .......... .......... 67% 9.61M 1s
 31150K .......... .......... .......... .......... .......... 67% 7.95M 1s
 31200K .......... .......... .......... .......... .......... 67% 10.9M 1s
 31250K .......... .......... .......... .......... .......... 67% 15.1M 1s
 31300K .......... .......... .......... .......... .......... 67% 9.89M 1s
 31350K .......... .......... .......... .......... .......... 67% 10.8M 1s
 31400K .......... .......... .......... .......... .......... 67% 10.2M 1s
 31450K .......... .......... .......... .......... .......... 67% 7.95M 1s
 31500K .......... .......... .......... .......... .......... 68% 10.8M 1s
 31550K .......... .......... .......... .......... .......... 68% 14.4M 1s
 31600K .......... .......... .......... .......... .......... 68% 9.94M 1s
 31650K .......... .......... .......... .......... .......... 68% 16.3M 1s
 31700K .......... .......... .......... .......... .......... 68% 7.55M 1s
 31750K .......... .......... .......... .......... .......... 68% 8.65M 1s
 31800K .......... .......... .......... .......... .......... 68% 13.9M 1s
 31850K .......... .......... .......... .......... .......... 68% 11.0M 1s
 31900K .......... .......... .......... .......... .......... 68% 9.57M 1s
 31950K .......... .......... .......... .......... .......... 69% 11.4M 1s
 32000K .......... .......... .......... .......... .......... 69% 9.95M 1s
 32050K .......... .......... .......... .......... .......... 69% 8.32M 1s
 32100K .......... .......... .......... .......... .......... 69% 13.7M 1s
 32150K .......... .......... .......... .......... .......... 69% 13.5M 1s
 32200K .......... .......... .......... .......... .......... 69% 8.10M 1s
 32250K .......... .......... .......... .......... .......... 69% 11.3M 1s
 32300K .......... .......... .......... .......... .......... 69% 10.1M 1s
 32350K .......... .......... .......... .......... .......... 69% 13.5M 1s
 32400K .......... .......... .......... .......... .......... 70% 16.8M 1s
 32450K .......... .......... .......... .......... .......... 70% 7.71M 1s
 32500K .......... .......... .......... .......... .......... 70% 9.44M 1s
 32550K .......... .......... .......... .......... .......... 70% 12.0M 1s
 32600K .......... .......... .......... .......... .......... 70% 8.02M 1s
 32650K .......... .......... .......... .......... .......... 70% 14.0M 1s
 32700K .......... .......... .......... .......... .......... 70% 12.1M 1s
 32750K .......... .......... .......... .......... .......... 70% 9.17M 1s
 32800K .......... .......... .......... .......... .......... 70% 9.17M 1s
 32850K .......... .......... .......... .......... .......... 71% 12.5M 1s
 32900K .......... .......... .......... .......... .......... 71% 10.1M 1s
 32950K .......... .......... .......... .......... .......... 71% 10.1M 1s
 33000K .......... .......... .......... .......... .......... 71% 16.2M 1s
 33050K .......... .......... .......... .......... .......... 71% 7.79M 1s
 33100K .......... .......... .......... .......... .......... 71% 32.6M 1s
 33150K .......... .......... .......... .......... .......... 71% 7.47M 1s
 33200K .......... .......... .......... .......... .......... 71% 7.94M 1s
 33250K .......... .......... .......... .......... .......... 71% 17.5M 1s
 33300K .......... .......... .......... .......... .......... 71% 9.79M 1s
 33350K .......... .......... .......... .......... .......... 72% 14.9M 1s
 33400K .......... .......... .......... .......... .......... 72% 8.44M 1s
 33450K .......... .......... .......... .......... .......... 72% 9.56M 1s
 33500K .......... .......... .......... .......... .......... 72% 8.08M 1s
 33550K .......... .......... .......... .......... .......... 72% 16.6M 1s
 33600K .......... .......... .......... .......... .......... 72% 9.62M 1s
 33650K .......... .......... .......... .......... .......... 72% 14.7M 1s
 33700K .......... .......... .......... .......... .......... 72% 11.6M 1s
 33750K .......... .......... .......... .......... .......... 72% 11.8M 1s
 33800K .......... .......... .......... .......... .......... 73% 5.80M 1s
 33850K .......... .......... .......... .......... .......... 73% 80.2M 1s
 33900K .......... .......... .......... .......... .......... 73% 6.65M 1s
 33950K .......... .......... .......... .......... .......... 73% 13.9M 1s
 34000K .......... .......... .......... .......... .......... 73% 15.6M 1s
 34050K .......... .......... .......... .......... .......... 73% 9.35M 1s
 34100K .......... .......... .......... .......... .......... 73% 11.7M 1s
 34150K .......... .......... .......... .......... .......... 73% 10.7M 1s
 34200K .......... .......... .......... .......... .......... 73% 8.65M 1s
 34250K .......... .......... .......... .......... .......... 74% 9.71M 1s
 34300K .......... .......... .......... .......... .......... 74% 14.1M 1s
 34350K .......... .......... .......... .......... .......... 74% 9.42M 1s
 34400K .......... .......... .......... .......... .......... 74% 12.0M 1s
 34450K .......... .......... .......... .......... .......... 74% 7.83M 1s
 34500K .......... .......... .......... .......... .......... 74% 21.3M 1s
 34550K .......... .......... .......... .......... .......... 74% 8.68M 1s
 34600K .......... .......... .......... .......... .......... 74% 13.7M 1s
 34650K .......... .......... .......... .......... .......... 74% 11.1M 1s
 34700K .......... .......... .......... .......... .......... 75% 8.14M 1s
 34750K .......... .......... .......... .......... .......... 75% 10.6M 1s
 34800K .......... .......... .......... .......... .......... 75% 11.4M 1s
 34850K .......... .......... .......... .......... .......... 75% 13.1M 1s
 34900K .......... .......... .......... .......... .......... 75% 10.6M 1s
 34950K .......... .......... .......... .......... .......... 75% 9.89M 1s
 35000K .......... .......... .......... .......... .......... 75% 11.8M 1s
 35050K .......... .......... .......... .......... .......... 75% 11.3M 1s
 35100K .......... .......... .......... .......... .......... 75% 7.03M 1s
 35150K .......... .......... .......... .......... .......... 75% 16.9M 1s
 35200K .......... .......... .......... .......... .......... 76% 9.57M 1s
 35250K .......... .......... .......... .......... .......... 76% 10.9M 1s
 35300K .......... .......... .......... .......... .......... 76% 11.2M 1s
 35350K .......... .......... .......... .......... .......... 76% 11.5M 1s
 35400K .......... .......... .......... .......... .......... 76% 11.9M 1s
 35450K .......... .......... .......... .......... .......... 76% 12.5M 1s
 35500K .......... .......... .......... .......... .......... 76% 11.7M 1s
 35550K .......... .......... .......... .......... .......... 76% 6.62M 1s
 35600K .......... .......... .......... .......... .......... 76% 26.1M 1s
 35650K .......... .......... .......... .......... .......... 77% 7.54M 1s
 35700K .......... .......... .......... .......... .......... 77% 11.2M 1s
 35750K .......... .......... .......... .......... .......... 77% 12.6M 1s
 35800K .......... .......... .......... .......... .......... 77% 19.0M 1s
 35850K .......... .......... .......... .......... .......... 77% 8.04M 1s
 35900K .......... .......... .......... .......... .......... 77% 10.2M 1s
 35950K .......... .......... .......... .......... .......... 77% 11.4M 1s
 36000K .......... .......... .......... .......... .......... 77% 13.3M 1s
 36050K .......... .......... .......... .......... .......... 77% 8.61M 1s
 36100K .......... .......... .......... .......... .......... 78% 13.4M 1s
 36150K .......... .......... .......... .......... .......... 78% 10.7M 1s
 36200K .......... .......... .......... .......... .......... 78% 8.08M 1s
 36250K .......... .......... .......... .......... .......... 78% 12.2M 1s
 36300K .......... .......... .......... .......... .......... 78% 15.0M 1s
 36350K .......... .......... .......... .......... .......... 78% 9.78M 1s
 36400K .......... .......... .......... .......... .......... 78% 9.92M 1s
 36450K .......... .......... .......... .......... .......... 78% 19.2M 1s
 36500K .......... .......... .......... .......... .......... 78% 8.85M 1s
 36550K .......... .......... .......... .......... .......... 78% 9.51M 1s
 36600K .......... .......... .......... .......... .......... 79% 9.70M 1s
 36650K .......... .......... .......... .......... .......... 79% 10.3M 1s
 36700K .......... .......... .......... .......... .......... 79% 15.2M 1s
 36750K .......... .......... .......... .......... .......... 79% 7.32M 1s
 36800K .......... .......... .......... .......... .......... 79% 28.3M 1s
 36850K .......... .......... .......... .......... .......... 79% 9.61M 1s
 36900K .......... .......... .......... .......... .......... 79% 8.49M 1s
 36950K .......... .......... .......... .......... .......... 79% 19.5M 1s
 37000K .......... .......... .......... .......... .......... 79% 9.42M 1s
 37050K .......... .......... .......... .......... .......... 80% 9.22M 1s
 37100K .......... .......... .......... .......... .......... 80% 16.3M 1s
 37150K .......... .......... .......... .......... .......... 80% 8.04M 1s
 37200K .......... .......... .......... .......... .......... 80% 12.8M 1s
 37250K .......... .......... .......... .......... .......... 80% 12.3M 1s
 37300K .......... .......... .......... .......... .......... 80% 8.19M 1s
 37350K .......... .......... .......... .......... .......... 80% 14.1M 1s
 37400K .......... .......... .......... .......... .......... 80% 7.55M 1s
 37450K .......... .......... .......... .......... .......... 80% 34.2M 1s
 37500K .......... .......... .......... .......... .......... 81% 12.6M 1s
 37550K .......... .......... .......... .......... .......... 81% 6.94M 1s
 37600K .......... .......... .......... .......... .......... 81% 12.2M 1s
 37650K .......... .......... .......... .......... .......... 81% 14.0M 1s
 37700K .......... .......... .......... .......... .......... 81% 7.51M 1s
 37750K .......... .......... .......... .......... .......... 81% 23.3M 1s
 37800K .......... .......... .......... .......... .......... 81% 9.90M 1s
 37850K .......... .......... .......... .......... .......... 81% 8.84M 1s
 37900K .......... .......... .......... .......... .......... 81% 19.8M 1s
 37950K .......... .......... .......... .......... .......... 82% 7.72M 1s
 38000K .......... .......... .......... .......... .......... 82% 11.6M 1s
 38050K .......... .......... .......... .......... .......... 82% 8.20M 1s
 38100K .......... .......... .......... .......... .......... 82% 16.7M 1s
 38150K .......... .......... .......... .......... .......... 82% 12.9M 1s
 38200K .......... .......... .......... .......... .......... 82% 9.24M 1s
 38250K .......... .......... .......... .......... .......... 82% 12.6M 1s
 38300K .......... .......... .......... .......... .......... 82% 7.90M 1s
 38350K .......... .......... .......... .......... .......... 82% 15.9M 1s
 38400K .......... .......... .......... .......... .......... 82% 9.99M 1s
 38450K .......... .......... .......... .......... .......... 83% 17.2M 1s
 38500K .......... .......... .......... .......... .......... 83% 7.12M 1s
 38550K .......... .......... .......... .......... .......... 83% 14.2M 1s
 38600K .......... .......... .......... .......... .......... 83% 10.1M 0s
 38650K .......... .......... .......... .......... .......... 83% 11.9M 0s
 38700K .......... .......... .......... .......... .......... 83% 8.29M 0s
 38750K .......... .......... .......... .......... .......... 83% 15.6M 0s
 38800K .......... .......... .......... .......... .......... 83% 7.12M 0s
 38850K .......... .......... .......... .......... .......... 83% 14.8M 0s
 38900K .......... .......... .......... .......... .......... 84% 13.9M 0s
 38950K .......... .......... .......... .......... .......... 84% 9.32M 0s
 39000K .......... .......... .......... .......... .......... 84% 13.9M 0s
 39050K .......... .......... .......... .......... .......... 84% 11.0M 0s
 39100K .......... .......... .......... .......... .......... 84% 15.0M 0s
 39150K .......... .......... .......... .......... .......... 84% 7.12M 0s
 39200K .......... .......... .......... .......... .......... 84% 10.0M 0s
 39250K .......... .......... .......... .......... .......... 84% 13.7M 0s
 39300K .......... .......... .......... .......... .......... 84% 14.4M 0s
 39350K .......... .......... .......... .......... .......... 85% 7.99M 0s
 39400K .......... .......... .......... .......... .......... 85% 14.4M 0s
 39450K .......... .......... .......... .......... .......... 85% 87.1M 0s
 39500K .......... .......... .......... .......... .......... 85% 4.56M 0s
 39550K .......... .......... .......... .......... .......... 85% 23.2M 0s
 39600K .......... .......... .......... .......... .......... 85% 9.62M 0s
 39650K .......... .......... .......... .......... .......... 85% 10.2M 0s
 39700K .......... .......... .......... .......... .......... 85% 16.2M 0s
 39750K .......... .......... .......... .......... .......... 85% 5.52M 0s
 39800K .......... .......... .......... .......... .......... 86% 32.5M 0s
 39850K .......... .......... .......... .......... .......... 86% 14.0M 0s
 39900K .......... .......... .......... .......... .......... 86% 9.55M 0s
 39950K .......... .......... .......... .......... .......... 86% 12.2M 0s
 40000K .......... .......... .......... .......... .......... 86% 10.9M 0s
 40050K .......... .......... .......... .......... .......... 86% 5.12M 0s
 40100K .......... .......... .......... .......... .......... 86% 89.5M 0s
 40150K .......... .......... .......... .......... .......... 86% 11.0M 0s
 40200K .......... .......... .......... .......... .......... 86% 13.9M 0s
 40250K .......... .......... .......... .......... .......... 86% 10.2M 0s
 40300K .......... .......... .......... .......... .......... 87% 14.2M 0s
 40350K .......... .......... .......... .......... .......... 87% 12.8M 0s
 40400K .......... .......... .......... .......... .......... 87% 6.07M 0s
 40450K .......... .......... .......... .......... .......... 87% 15.6M 0s
 40500K .......... .......... .......... .......... .......... 87% 15.3M 0s
 40550K .......... .......... .......... .......... .......... 87% 10.5M 0s
 40600K .......... .......... .......... .......... .......... 87% 12.0M 0s
 40650K .......... .......... .......... .......... .......... 87% 10.3M 0s
 40700K .......... .......... .......... .......... .......... 87% 11.8M 0s
 40750K .......... .......... .......... .......... .......... 88% 9.26M 0s
 40800K .......... .......... .......... .......... .......... 88% 9.58M 0s
 40850K .......... .......... .......... .......... .......... 88% 12.8M 0s
 40900K .......... .......... .......... .......... .......... 88% 15.8M 0s
 40950K .......... .......... .......... .......... .......... 88% 10.1M 0s
 41000K .......... .......... .......... .......... .......... 88% 12.0M 0s
 41050K .......... .......... .......... .......... .......... 88% 7.68M 0s
 41100K .......... .......... .......... .......... .......... 88% 17.3M 0s
 41150K .......... .......... .......... .......... .......... 88% 14.6M 0s
 41200K .......... .......... .......... .......... .......... 89% 7.62M 0s
 41250K .......... .......... .......... .......... .......... 89% 12.4M 0s
 41300K .......... .......... .......... .......... .......... 89% 9.20M 0s
 41350K .......... .......... .......... .......... .......... 89% 5.93M 0s
 41400K .......... .......... .......... .......... .......... 89%  142M 0s
 41450K .......... .......... .......... .......... .......... 89% 13.0M 0s
 41500K .......... .......... .......... .......... .......... 89% 13.0M 0s
 41550K .......... .......... .......... .......... .......... 89% 7.54M 0s
 41600K .......... .......... .......... .......... .......... 89% 14.6M 0s
 41650K .......... .......... .......... .......... .......... 90% 12.1M 0s
 41700K .......... .......... .......... .......... .......... 90% 7.35M 0s
 41750K .......... .......... .......... .......... .......... 90% 61.2M 0s
 41800K .......... .......... .......... .......... .......... 90% 9.00M 0s
 41850K .......... .......... .......... .......... .......... 90% 17.9M 0s
 41900K .......... .......... .......... .......... .......... 90% 9.13M 0s
 41950K .......... .......... .......... .......... .......... 90% 8.50M 0s
 42000K .......... .......... .......... .......... .......... 90% 6.16M 0s
 42050K .......... .......... .......... .......... .......... 90% 42.9M 0s
 42100K .......... .......... .......... .......... .......... 90% 17.9M 0s
 42150K .......... .......... .......... .......... .......... 91% 10.7M 0s
 42200K .......... .......... .......... .......... .......... 91% 11.2M 0s
 42250K .......... .......... .......... .......... .......... 91% 11.6M 0s
 42300K .......... .......... .......... .......... .......... 91% 13.7M 0s
 42350K .......... .......... .......... .......... .......... 91% 6.09M 0s
 42400K .......... .......... .......... .......... .......... 91% 48.7M 0s
 42450K .......... .......... .......... .......... .......... 91% 10.8M 0s
 42500K .......... .......... .......... .......... .......... 91% 9.61M 0s
 42550K .......... .......... .......... .......... .......... 91% 13.2M 0s
 42600K .......... .......... .......... .......... .......... 92% 8.65M 0s
 42650K .......... .......... .......... .......... .......... 92% 19.3M 0s
 42700K .......... .......... .......... .......... .......... 92% 7.46M 0s
 42750K .......... .......... .......... .......... .......... 92% 18.9M 0s
 42800K .......... .......... .......... .......... .......... 92% 10.7M 0s
 42850K .......... .......... .......... .......... .......... 92% 7.98M 0s
 42900K .......... .......... .......... .......... .......... 92% 21.1M 0s
 42950K .......... .......... .......... .......... .......... 92% 8.08M 0s
 43000K .......... .......... .......... .......... .......... 92% 8.48M 0s
 43050K .......... .......... .......... .......... .......... 93% 22.5M 0s
 43100K .......... .......... .......... .......... .......... 93% 14.3M 0s
 43150K .......... .......... .......... .......... .......... 93% 10.6M 0s
 43200K .......... .......... .......... .......... .......... 93% 7.79M 0s
 43250K .......... .......... .......... .......... .......... 93% 26.4M 0s
 43300K .......... .......... .......... .......... .......... 93% 5.39M 0s
 43350K .......... .......... .......... .......... .......... 93% 16.4M 0s
 43400K .......... .......... .......... .......... .......... 93% 14.9M 0s
 43450K .......... .......... .......... .......... .......... 93% 15.0M 0s
 43500K .......... .......... .......... .......... .......... 93% 8.70M 0s
 43550K .......... .......... .......... .......... .......... 94% 20.9M 0s
 43600K .......... .......... .......... .......... .......... 94% 8.57M 0s
 43650K .......... .......... .......... .......... .......... 94% 8.72M 0s
 43700K .......... .......... .......... .......... .......... 94% 18.8M 0s
 43750K .......... .......... .......... .......... .......... 94% 14.7M 0s
 43800K .......... .......... .......... .......... .......... 94% 10.7M 0s
 43850K .......... .......... .......... .......... .......... 94% 7.99M 0s
 43900K .......... .......... .......... .......... .......... 94% 23.0M 0s
 43950K .......... .......... .......... .......... .......... 94% 11.6M 0s
 44000K .......... .......... .......... .......... .......... 95% 8.58M 0s
 44050K .......... .......... .......... .......... .......... 95% 9.60M 0s
 44100K .......... .......... .......... .......... .......... 95% 14.2M 0s
 44150K .......... .......... .......... .......... .......... 95% 26.0M 0s
 44200K .......... .......... .......... .......... .......... 95% 6.34M 0s
 44250K .......... .......... .......... .......... .......... 95% 12.3M 0s
 44300K .......... .......... .......... .......... .......... 95% 9.07M 0s
 44350K .......... .......... .......... .......... .......... 95% 18.3M 0s
 44400K .......... .......... .......... .......... .......... 95% 7.66M 0s
 44450K .......... .......... .......... .......... .......... 96% 8.47M 0s
 44500K .......... .......... .......... .......... .......... 96% 96.5M 0s
 44550K .......... .......... .......... .......... .......... 96% 12.8M 0s
 44600K .......... .......... .......... .......... .......... 96% 11.5M 0s
 44650K .......... .......... .......... .......... .......... 96% 9.12M 0s
 44700K .......... .......... .......... .......... .......... 96% 12.9M 0s
 44750K .......... .......... .......... .......... .......... 96% 9.91M 0s
 44800K .......... .......... .......... .......... .......... 96% 8.52M 0s
 44850K .......... .......... .......... .......... .......... 96% 12.3M 0s
 44900K .......... .......... .......... .......... .......... 97% 12.1M 0s
 44950K .......... .......... .......... .......... .......... 97% 8.57M 0s
 45000K .......... .......... .......... .......... .......... 97% 96.2M 0s
 45050K .......... .......... .......... .......... .......... 97% 9.51M 0s
 45100K .......... .......... .......... .......... .......... 97% 5.60M 0s
 45150K .......... .......... .......... .......... .......... 97% 25.3M 0s
 45200K .......... .......... .......... .......... .......... 97% 18.5M 0s
 45250K .......... .......... .......... .......... .......... 97% 13.3M 0s
 45300K .......... .......... .......... .......... .......... 97% 8.54M 0s
 45350K .......... .......... .......... .......... .......... 97% 14.1M 0s
 45400K .......... .......... .......... .......... .......... 98% 7.49M 0s
 45450K .......... .......... .......... .......... .......... 98% 10.4M 0s
 45500K .......... .......... .......... .......... .......... 98% 13.1M 0s
 45550K .......... .......... .......... .......... .......... 98% 12.6M 0s
 45600K .......... .......... .......... .......... .......... 98% 8.62M 0s
 45650K .......... .......... .......... .......... .......... 98% 23.4M 0s
 45700K .......... .......... .......... .......... .......... 98% 14.5M 0s
 45750K .......... .......... .......... .......... .......... 98% 9.24M 0s
 45800K .......... .......... .......... .......... .......... 98% 8.98M 0s
 45850K .......... .......... .......... .......... .......... 99% 7.78M 0s
 45900K .......... .......... .......... .......... .......... 99% 87.7M 0s
 45950K .......... .......... .......... .......... .......... 99% 6.85M 0s
 46000K .......... .......... .......... .......... .......... 99% 26.9M 0s
 46050K .......... .......... .......... .......... .......... 99% 22.0M 0s
 46100K .......... .......... .......... .......... .......... 99% 5.44M 0s
 46150K .......... .......... .......... .......... .......... 99% 13.0M 0s
 46200K .......... .......... .......... .......... .......... 99% 12.1M 0s
 46250K .......... .......... .......... .......... .......... 99% 9.34M 0s
 46300K .......... .......... .......... .                    100% 63.9M=3.2s

2022-04-30 02:55:05 (14.2 MB/s) - ‘/root/process_mining/trips_tracing/stopsintrip.json’ saved [47443849/47443849]

--2022-04-30 02:55:05--  https://ckan.multimediagdansk.pl/dataset/c24aa637-3619-4dc2-a171-a23eec8f2172/resource/4c4025f0-01bf-41f7-a39f-d156d201b82b/download/stops.json
Resolving ckan.multimediagdansk.pl (ckan.multimediagdansk.pl)... 91.244.248.30
Connecting to ckan.multimediagdansk.pl (ckan.multimediagdansk.pl)|91.244.248.30|:443... connected.
HTTP request sent, awaiting response... 200 OK
Length: 14685752 (14M) [application/json]
Saving to: ‘/root/process_mining/trips_tracing/stops.json’

     0K .......... .......... .......... .......... ..........  0%  876K 16s
    50K .......... .......... .......... .......... ..........  0% 1.72M 12s
   100K .......... .......... .......... .......... ..........  1% 59.4M 8s
   150K .......... .......... .......... .......... ..........  1% 84.6M 6s
   200K .......... .......... .......... .......... ..........  1% 1.74M 6s
   250K .......... .......... .......... .......... ..........  2% 74.7M 5s
   300K .......... .......... .......... .......... ..........  2% 82.2M 5s
   350K .......... .......... .......... .......... ..........  2%  102M 4s
   400K .......... .......... .......... .......... ..........  3% 1.86M 4s
   450K .......... .......... .......... .......... ..........  3% 62.9M 4s
   500K .......... .......... .......... .......... ..........  3% 70.5M 4s
   550K .......... .......... .......... .......... ..........  4% 65.5M 3s
   600K .......... .......... .......... .......... ..........  4% 82.8M 3s
   650K .......... .......... .......... .......... ..........  4% 80.9M 3s
   700K .......... .......... .......... .......... ..........  5% 68.4M 3s
   750K .......... .......... .......... .......... ..........  5%  106M 2s
   800K .......... .......... .......... .......... ..........  5%  159M 2s
   850K .......... .......... .......... .......... ..........  6% 2.02M 3s
   900K .......... .......... .......... .......... ..........  6% 59.2M 2s
   950K .......... .......... .......... .......... ..........  6% 64.1M 2s
  1000K .......... .......... .......... .......... ..........  7% 69.3M 2s
  1050K .......... .......... .......... .......... ..........  7%  128M 2s
  1100K .......... .......... .......... .......... ..........  8% 79.4M 2s
  1150K .......... .......... .......... .......... ..........  8% 95.9M 2s
  1200K .......... .......... .......... .......... ..........  8% 58.3M 2s
  1250K .......... .......... .......... .......... ..........  9%  109M 2s
  1300K .......... .......... .......... .......... ..........  9%  123M 2s
  1350K .......... .......... .......... .......... ..........  9%  100M 2s
  1400K .......... .......... .......... .......... .......... 10% 78.1M 2s
  1450K .......... .......... .......... .......... .......... 10% 72.9M 2s
  1500K .......... .......... .......... .......... .......... 10% 80.3M 1s
  1550K .......... .......... .......... .......... .......... 11% 96.5M 1s
  1600K .......... .......... .......... .......... .......... 11%  135M 1s
  1650K .......... .......... .......... .......... .......... 11%  161M 1s
  1700K .......... .......... .......... .......... .......... 12%  141M 1s
  1750K .......... .......... .......... .......... .......... 12% 2.50M 1s
  1800K .......... .......... .......... .......... .......... 12% 88.7M 1s
  1850K .......... .......... .......... .......... .......... 13% 66.4M 1s
  1900K .......... .......... .......... .......... .......... 13% 69.6M 1s
  1950K .......... .......... .......... .......... .......... 13% 63.9M 1s
  2000K .......... .......... .......... .......... .......... 14% 72.4M 1s
  2050K .......... .......... .......... .......... .......... 14% 87.9M 1s
  2100K .......... .......... .......... .......... .......... 14% 73.0M 1s
  2150K .......... .......... .......... .......... .......... 15% 81.3M 1s
  2200K .......... .......... .......... .......... .......... 15% 77.1M 1s
  2250K .......... .......... .......... .......... .......... 16% 82.8M 1s
  2300K .......... .......... .......... .......... .......... 16% 96.7M 1s
  2350K .......... .......... .......... .......... .......... 16% 90.7M 1s
  2400K .......... .......... .......... .......... .......... 17%  114M 1s
  2450K .......... .......... .......... .......... .......... 17% 89.4M 1s
  2500K .......... .......... .......... .......... .......... 17%  120M 1s
  2550K .......... .......... .......... .......... .......... 18%  107M 1s
  2600K .......... .......... .......... .......... .......... 18%  105M 1s
  2650K .......... .......... .......... .......... .......... 18% 73.2M 1s
  2700K .......... .......... .......... .......... .......... 19% 72.1M 1s
  2750K .......... .......... .......... .......... .......... 19% 81.9M 1s
  2800K .......... .......... .......... .......... .......... 19% 87.0M 1s
  2850K .......... .......... .......... .......... .......... 20% 72.3M 1s
  2900K .......... .......... .......... .......... .......... 20% 96.4M 1s
  2950K .......... .......... .......... .......... .......... 20%  112M 1s
  3000K .......... .......... .......... .......... .......... 21%  139M 1s
  3050K .......... .......... .......... .......... .......... 21%  138M 1s
  3100K .......... .......... .......... .......... .......... 21%  113M 1s
  3150K .......... .......... .......... .......... .......... 22%  148M 1s
  3200K .......... .......... .......... .......... .......... 22%  110M 1s
  3250K .......... .......... .......... .......... .......... 23%  124M 1s
  3300K .......... .......... .......... .......... .......... 23% 33.3M 1s
  3350K .......... .......... .......... .......... .......... 23% 31.5M 1s
  3400K .......... .......... .......... .......... .......... 24% 15.7M 1s
  3450K .......... .......... .......... .......... .......... 24% 8.20M 1s
  3500K .......... .......... .......... .......... .......... 24% 81.6M 1s
  3550K .......... .......... .......... .......... .......... 25% 78.9M 1s
  3600K .......... .......... .......... .......... .......... 25% 81.4M 1s
  3650K .......... .......... .......... .......... .......... 25%  136M 1s
  3700K .......... .......... .......... .......... .......... 26% 35.9M 1s
  3750K .......... .......... .......... .......... .......... 26% 18.0M 1s
  3800K .......... .......... .......... .......... .......... 26% 21.4M 1s
  3850K .......... .......... .......... .......... .......... 27% 17.8M 1s
  3900K .......... .......... .......... .......... .......... 27% 23.5M 1s
  3950K .......... .......... .......... .......... .......... 27% 22.8M 1s
  4000K .......... .......... .......... .......... .......... 28% 26.9M 1s
  4050K .......... .......... .......... .......... .......... 28% 17.0M 1s
  4100K .......... .......... .......... .......... .......... 28% 82.0M 1s
  4150K .......... .......... .......... .......... .......... 29% 40.0M 1s
  4200K .......... .......... .......... .......... .......... 29% 26.2M 1s
  4250K .......... .......... .......... .......... .......... 29% 34.5M 1s
  4300K .......... .......... .......... .......... .......... 30% 38.0M 1s
  4350K .......... .......... .......... .......... .......... 30% 31.6M 1s
  4400K .......... .......... .......... .......... .......... 31% 21.9M 1s
  4450K .......... .......... .......... .......... .......... 31% 27.9M 1s
  4500K .......... .......... .......... .......... .......... 31% 27.4M 1s
  4550K .......... .......... .......... .......... .......... 32% 28.7M 1s
  4600K .......... .......... .......... .......... .......... 32% 27.9M 1s
  4650K .......... .......... .......... .......... .......... 32% 27.4M 1s
  4700K .......... .......... .......... .......... .......... 33% 25.7M 1s
  4750K .......... .......... .......... .......... .......... 33% 26.8M 1s
  4800K .......... .......... .......... .......... .......... 33% 36.8M 1s
  4850K .......... .......... .......... .......... .......... 34% 25.3M 1s
  4900K .......... .......... .......... .......... .......... 34% 32.6M 1s
  4950K .......... .......... .......... .......... .......... 34% 25.0M 1s
  5000K .......... .......... .......... .......... .......... 35% 29.1M 1s
  5050K .......... .......... .......... .......... .......... 35% 29.9M 1s
  5100K .......... .......... .......... .......... .......... 35% 24.4M 1s
  5150K .......... .......... .......... .......... .......... 36% 25.2M 1s
  5200K .......... .......... .......... .......... .......... 36% 1.51M 1s
  5250K .......... .......... .......... .......... .......... 36%  117M 1s
  5300K .......... .......... .......... .......... .......... 37%  155M 1s
  5350K .......... .......... .......... .......... .......... 37%  139M 1s
  5400K .......... .......... .......... .......... .......... 38%  162M 1s
  5450K .......... .......... .......... .......... .......... 38%  113M 1s
  5500K .......... .......... .......... .......... .......... 38% 81.1M 1s
  5550K .......... .......... .......... .......... .......... 39%  148M 1s
  5600K .......... .......... .......... .......... .......... 39% 98.2M 0s
  5650K .......... .......... .......... .......... .......... 39%  162M 0s
  5700K .......... .......... .......... .......... .......... 40%  127M 0s
  5750K .......... .......... .......... .......... .......... 40%  106M 0s
  5800K .......... .......... .......... .......... .......... 40%  156M 0s
  5850K .......... .......... .......... .......... .......... 41%  138M 0s
  5900K .......... .......... .......... .......... .......... 41%  108M 0s
  5950K .......... .......... .......... .......... .......... 41%  132M 0s
  6000K .......... .......... .......... .......... .......... 42%  158M 0s
  6050K .......... .......... .......... .......... .......... 42%  103M 0s
  6100K .......... .......... .......... .......... .......... 42%  122M 0s
  6150K .......... .......... .......... .......... .......... 43%  155M 0s
  6200K .......... .......... .......... .......... .......... 43% 97.1M 0s
  6250K .......... .......... .......... .......... .......... 43%  157M 0s
  6300K .......... .......... .......... .......... .......... 44% 88.9M 0s
  6350K .......... .......... .......... .......... .......... 44% 37.7M 0s
  6400K .......... .......... .......... .......... .......... 44% 44.0M 0s
  6450K .......... .......... .......... .......... .......... 45% 23.1M 0s
  6500K .......... .......... .......... .......... .......... 45% 24.4M 0s
  6550K .......... .......... .......... .......... .......... 46% 40.7M 0s
  6600K .......... .......... .......... .......... .......... 46% 34.9M 0s
  6650K .......... .......... .......... .......... .......... 46% 26.5M 0s
  6700K .......... .......... .......... .......... .......... 47% 37.1M 0s
  6750K .......... .......... .......... .......... .......... 47% 25.0M 0s
  6800K .......... .......... .......... .......... .......... 47% 42.3M 0s
  6850K .......... .......... .......... .......... .......... 48% 24.2M 0s
  6900K .......... .......... .......... .......... .......... 48% 38.9M 0s
  6950K .......... .......... .......... .......... .......... 48% 48.4M 0s
  7000K .......... .......... .......... .......... .......... 49% 54.8M 0s
  7050K .......... .......... .......... .......... .......... 49% 64.8M 0s
  7100K .......... .......... .......... .......... .......... 49% 69.7M 0s
  7150K .......... .......... .......... .......... .......... 50% 1.61M 0s
  7200K .......... .......... .......... .......... .......... 50% 90.6M 0s
  7250K .......... .......... .......... .......... .......... 50%  133M 0s
  7300K .......... .......... .......... .......... .......... 51%  104M 0s
  7350K .......... .......... .......... .......... .......... 51%  108M 0s
  7400K .......... .......... .......... .......... .......... 51%  118M 0s
  7450K .......... .......... .......... .......... .......... 52%  123M 0s
  7500K .......... .......... .......... .......... .......... 52%  119M 0s
  7550K .......... .......... .......... .......... .......... 52%  134M 0s
  7600K .......... .......... .......... .......... .......... 53%  121M 0s
  7650K .......... .......... .......... .......... .......... 53%  121M 0s
  7700K .......... .......... .......... .......... .......... 54%  127M 0s
  7750K .......... .......... .......... .......... .......... 54%  113M 0s
  7800K .......... .......... .......... .......... .......... 54%  137M 0s
  7850K .......... .......... .......... .......... .......... 55%  126M 0s
  7900K .......... .......... .......... .......... .......... 55%  117M 0s
  7950K .......... .......... .......... .......... .......... 55%  124M 0s
  8000K .......... .......... .......... .......... .......... 56%  149M 0s
  8050K .......... .......... .......... .......... .......... 56% 95.6M 0s
  8100K .......... .......... .......... .......... .......... 56%  130M 0s
  8150K .......... .......... .......... .......... .......... 57%  162M 0s
  8200K .......... .......... .......... .......... .......... 57% 92.0M 0s
  8250K .......... .......... .......... .......... .......... 57%  146M 0s
  8300K .......... .......... .......... .......... .......... 58%  166M 0s
  8350K .......... .......... .......... .......... .......... 58% 94.8M 0s
  8400K .......... .......... .......... .......... .......... 58%  162M 0s
  8450K .......... .......... .......... .......... .......... 59%  142M 0s
  8500K .......... .......... .......... .......... .......... 59%  103M 0s
  8550K .......... .......... .......... .......... .......... 59% 56.8M 0s
  8600K .......... .......... .......... .......... .......... 60% 25.0M 0s
  8650K .......... .......... .......... .......... .......... 60% 42.4M 0s
  8700K .......... .......... .......... .......... .......... 61% 38.1M 0s
  8750K .......... .......... .......... .......... .......... 61% 39.5M 0s
  8800K .......... .......... .......... .......... .......... 61% 44.4M 0s
  8850K .......... .......... .......... .......... .......... 62% 26.9M 0s
  8900K .......... .......... .......... .......... .......... 62% 40.7M 0s
  8950K .......... .......... .......... .......... .......... 62% 38.0M 0s
  9000K .......... .......... .......... .......... .......... 63% 41.4M 0s
  9050K .......... .......... .......... .......... .......... 63% 42.2M 0s
  9100K .......... .......... .......... .......... .......... 63% 24.4M 0s
  9150K .......... .......... .......... .......... .......... 64% 41.1M 0s
  9200K .......... .......... .......... .......... .......... 64% 34.2M 0s
  9250K .......... .......... .......... .......... .......... 64% 36.1M 0s
  9300K .......... .......... .......... .......... .......... 65% 37.0M 0s
  9350K .......... .......... .......... .......... .......... 65% 28.3M 0s
  9400K .......... .......... .......... .......... .......... 65% 41.8M 0s
  9450K .......... .......... .......... .......... .......... 66% 30.2M 0s
  9500K .......... .......... .......... .......... .......... 66% 35.8M 0s
  9550K .......... .......... .......... .......... .......... 66% 35.8M 0s
  9600K .......... .......... .......... .......... .......... 67% 30.5M 0s
  9650K .......... .......... .......... .......... .......... 67% 34.9M 0s
  9700K .......... .......... .......... .......... .......... 67% 32.2M 0s
  9750K .......... .......... .......... .......... .......... 68% 34.2M 0s
  9800K .......... .......... .......... .......... .......... 68% 35.7M 0s
  9850K .......... .......... .......... .......... .......... 69% 31.0M 0s
  9900K .......... .......... .......... .......... .......... 69% 36.7M 0s
  9950K .......... .......... .......... .......... .......... 69% 27.5M 0s
 10000K .......... .......... .......... .......... .......... 70% 41.5M 0s
 10050K .......... .......... .......... .......... .......... 70% 37.4M 0s
 10100K .......... .......... .......... .......... .......... 70% 30.2M 0s
 10150K .......... .......... .......... .......... .......... 71% 34.6M 0s
 10200K .......... .......... .......... .......... .......... 71% 31.0M 0s
 10250K .......... .......... .......... .......... .......... 71% 35.4M 0s
 10300K .......... .......... .......... .......... .......... 72% 35.2M 0s
 10350K .......... .......... .......... .......... .......... 72% 31.1M 0s
 10400K .......... .......... .......... .......... .......... 72% 36.4M 0s
 10450K .......... .......... .......... .......... .......... 73% 30.9M 0s
 10500K .......... .......... .......... .......... .......... 73% 36.3M 0s
 10550K .......... .......... .......... .......... .......... 73% 33.3M 0s
 10600K .......... .......... .......... .......... .......... 74% 31.0M 0s
 10650K .......... .......... .......... .......... .......... 74% 35.2M 0s
 10700K .......... .......... .......... .......... .......... 74% 30.9M 0s
 10750K .......... .......... .......... .......... .......... 75% 35.2M 0s
 10800K .......... .......... .......... .......... .......... 75% 36.8M 0s
 10850K .......... .......... .......... .......... .......... 76% 30.1M 0s
 10900K .......... .......... .......... .......... .......... 76% 36.4M 0s
 10950K .......... .......... .......... .......... .......... 76% 30.2M 0s
 11000K .......... .......... .......... .......... .......... 77% 37.3M 0s
 11050K .......... .......... .......... .......... .......... 77% 33.0M 0s
 11100K .......... .......... .......... .......... .......... 77% 34.1M 0s
 11150K .......... .......... .......... .......... .......... 78% 36.8M 0s
 11200K .......... .......... .......... .......... .......... 78% 31.2M 0s
 11250K .......... .......... .......... .......... .......... 78% 35.7M 0s
 11300K .......... .......... .......... .......... .......... 79% 36.0M 0s
 11350K .......... .......... .......... .......... .......... 79% 30.2M 0s
 11400K .......... .......... .......... .......... .......... 79% 34.5M 0s
 11450K .......... .......... .......... .......... .......... 80% 31.7M 0s
 11500K .......... .......... .......... .......... .......... 80% 35.9M 0s
 11550K .......... .......... .......... .......... .......... 80% 35.2M 0s
 11600K .......... .......... .......... .......... .......... 81% 31.0M 0s
 11650K .......... .......... .......... .......... .......... 81% 34.4M 0s
 11700K .......... .......... .......... .......... .......... 81% 31.2M 0s
 11750K .......... .......... .......... .......... .......... 82% 36.0M 0s
 11800K .......... .......... .......... .......... .......... 82% 35.1M 0s
 11850K .......... .......... .......... .......... .......... 82% 30.0M 0s
 11900K .......... .......... .......... .......... .......... 83% 36.5M 0s
 11950K .......... .......... .......... .......... .......... 83% 30.1M 0s
 12000K .......... .......... .......... .......... .......... 84% 36.4M 0s
 12050K .......... .......... .......... .......... .......... 84% 36.6M 0s
 12100K .......... .......... .......... .......... .......... 84% 31.2M 0s
 12150K .......... .......... .......... .......... .......... 85% 35.0M 0s
 12200K .......... .......... .......... .......... .......... 85% 29.3M 0s
 12250K .......... .......... .......... .......... .......... 85% 35.1M 0s
 12300K .......... .......... .......... .......... .......... 86% 34.8M 0s
 12350K .......... .......... .......... .......... .......... 86% 31.2M 0s
 12400K .......... .......... .......... .......... .......... 86% 36.3M 0s
 12450K .......... .......... .......... .......... .......... 87% 26.9M 0s
 12500K .......... .......... .......... .......... .......... 87% 41.9M 0s
 12550K .......... .......... .......... .......... .......... 87% 36.9M 0s
 12600K .......... .......... .......... .......... .......... 88% 29.4M 0s
 12650K .......... .......... .......... .......... .......... 88% 36.4M 0s
 12700K .......... .......... .......... .......... .......... 88% 29.6M 0s
 12750K .......... .......... .......... .......... .......... 89% 35.4M 0s
 12800K .......... .......... .......... .......... .......... 89% 36.2M 0s
 12850K .......... .......... .......... .......... .......... 89% 29.6M 0s
 12900K .......... .......... .......... .......... .......... 90% 36.0M 0s
 12950K .......... .......... .......... .......... .......... 90% 30.7M 0s
 13000K .......... .......... .......... .......... .......... 90% 35.7M 0s
 13050K .......... .......... .......... .......... .......... 91% 33.6M 0s
 13100K .......... .......... .......... .......... .......... 91% 31.7M 0s
 13150K .......... .......... .......... .......... .......... 92% 35.2M 0s
 13200K .......... .......... .......... .......... .......... 92% 27.8M 0s
 13250K .......... .......... .......... .......... .......... 92% 39.7M 0s
 13300K .......... .......... .......... .......... .......... 93% 35.7M 0s
 13350K .......... .......... .......... .......... .......... 93% 29.8M 0s
 13400K .......... .......... .......... .......... .......... 93% 35.4M 0s
 13450K .......... .......... .......... .......... .......... 94% 29.7M 0s
 13500K .......... .......... .......... .......... .......... 94% 32.9M 0s
 13550K .......... .......... .......... .......... .......... 94% 42.0M 0s
 13600K .......... .......... .......... .......... .......... 95% 30.7M 0s
 13650K .......... .......... .......... .......... .......... 95% 35.7M 0s
 13700K .......... .......... .......... .......... .......... 95% 30.2M 0s
 13750K .......... .......... .......... .......... .......... 96% 36.2M 0s
 13800K .......... .......... .......... .......... .......... 96% 31.1M 0s
 13850K .......... .......... .......... .......... .......... 96% 34.0M 0s
 13900K .......... .......... .......... .......... .......... 97% 33.9M 0s
 13950K .......... .......... .......... .......... .......... 97% 32.2M 0s
 14000K .......... .......... .......... .......... .......... 97% 34.1M 0s
 14050K .......... .......... .......... .......... .......... 98% 35.9M 0s
 14100K .......... .......... .......... .......... .......... 98% 30.1M 0s
 14150K .......... .......... .......... .......... .......... 99% 36.4M 0s
 14200K .......... .......... .......... .......... .......... 99% 30.1M 0s
 14250K .......... .......... .......... .......... .......... 99% 36.8M 0s
 14300K .......... .......... .......... .......... .         100% 35.4M=0.6s

2022-04-30 02:55:06 (25.1 MB/s) - ‘/root/process_mining/trips_tracing/stops.json’ saved [14685752/14685752]

--2022-04-30 02:55:06--  https://files.cloudgdansk.pl/d/otwarte-dane/ztm/baza-pojazdow.json?v=2
Resolving files.cloudgdansk.pl (files.cloudgdansk.pl)... 153.19.238.147
Connecting to files.cloudgdansk.pl (files.cloudgdansk.pl)|153.19.238.147|:443... connected.
HTTP request sent, awaiting response... 200 OK
Length: 282839 (276K) [application/json]
Saving to: ‘/root/process_mining/trips_tracing/baza-pojazdow.json’

     0K .......... .......... .......... .......... .......... 18% 1.71M 0s
    50K .......... .......... .......... .......... .......... 36% 1.72M 0s
   100K .......... .......... .......... .......... .......... 54%  117M 0s
   150K .......... .......... .......... .......... .......... 72% 1.74M 0s
   200K .......... .......... .......... .......... .......... 90%  132M 0s
   250K .......... .......... ......                          100%  203M=0.09s

2022-04-30 02:55:06 (3.14 MB/s) - ‘/root/process_mining/trips_tracing/baza-pojazdow.json’ saved [282839/282839]

